[2025-04-13T13:08:21.236-0400] {processor.py:161} INFO - Started process (PID=34615) to work on /opt/anaconda3/lib/python3.12/site-packages/airflow/example_dags/example_params_trigger_ui.py
[2025-04-13T13:08:21.236-0400] {processor.py:830} INFO - Processing file /opt/anaconda3/lib/python3.12/site-packages/airflow/example_dags/example_params_trigger_ui.py for tasks to queue
[2025-04-13T13:08:21.236-0400] {logging_mixin.py:188} INFO - [2025-04-13T13:08:21.236-0400] {dagbag.py:540} INFO - Filling up the DagBag from /opt/anaconda3/lib/python3.12/site-packages/airflow/example_dags/example_params_trigger_ui.py
[2025-04-13T13:08:21.253-0400] {processor.py:840} INFO - DAG(s) 'example_params_trigger_ui' retrieved from /opt/anaconda3/lib/python3.12/site-packages/airflow/example_dags/example_params_trigger_ui.py
[2025-04-13T13:08:21.325-0400] {logging_mixin.py:188} INFO - [2025-04-13T13:08:21.325-0400] {override.py:1930} INFO - Created Permission View: can edit on DAG:example_params_trigger_ui
[2025-04-13T13:08:21.327-0400] {logging_mixin.py:188} INFO - [2025-04-13T13:08:21.327-0400] {override.py:1930} INFO - Created Permission View: can delete on DAG:example_params_trigger_ui
[2025-04-13T13:08:21.329-0400] {logging_mixin.py:188} INFO - [2025-04-13T13:08:21.329-0400] {override.py:1930} INFO - Created Permission View: can read on DAG:example_params_trigger_ui
[2025-04-13T13:08:21.329-0400] {logging_mixin.py:188} INFO - [2025-04-13T13:08:21.329-0400] {dag.py:3096} INFO - Sync 1 DAGs
[2025-04-13T13:08:21.332-0400] {logging_mixin.py:188} INFO - [2025-04-13T13:08:21.332-0400] {dag.py:3118} INFO - Creating ORM DAG for example_params_trigger_ui
[2025-04-13T13:08:21.332-0400] {logging_mixin.py:188} INFO - [2025-04-13T13:08:21.332-0400] {dag.py:3954} INFO - Setting next_dagrun for example_params_trigger_ui to None, run_after=None
[2025-04-13T13:08:21.338-0400] {processor.py:183} INFO - Processing /opt/anaconda3/lib/python3.12/site-packages/airflow/example_dags/example_params_trigger_ui.py took 0.104 seconds
[2025-04-13T13:15:53.374-0400] {processor.py:161} INFO - Started process (PID=37457) to work on /opt/anaconda3/lib/python3.12/site-packages/airflow/example_dags/example_params_trigger_ui.py
[2025-04-13T13:15:53.375-0400] {processor.py:830} INFO - Processing file /opt/anaconda3/lib/python3.12/site-packages/airflow/example_dags/example_params_trigger_ui.py for tasks to queue
[2025-04-13T13:15:53.375-0400] {logging_mixin.py:188} INFO - [2025-04-13T13:15:53.375-0400] {dagbag.py:540} INFO - Filling up the DagBag from /opt/anaconda3/lib/python3.12/site-packages/airflow/example_dags/example_params_trigger_ui.py
[2025-04-13T13:15:53.391-0400] {processor.py:840} INFO - DAG(s) 'example_params_trigger_ui' retrieved from /opt/anaconda3/lib/python3.12/site-packages/airflow/example_dags/example_params_trigger_ui.py
[2025-04-13T13:15:53.434-0400] {logging_mixin.py:188} INFO - [2025-04-13T13:15:53.434-0400] {dag.py:3096} INFO - Sync 1 DAGs
[2025-04-13T13:15:53.437-0400] {logging_mixin.py:188} INFO - [2025-04-13T13:15:53.437-0400] {dag.py:3954} INFO - Setting next_dagrun for example_params_trigger_ui to None, run_after=None
[2025-04-13T13:15:53.443-0400] {processor.py:183} INFO - Processing /opt/anaconda3/lib/python3.12/site-packages/airflow/example_dags/example_params_trigger_ui.py took 0.069 seconds
[2025-04-13T13:19:35.169-0400] {processor.py:161} INFO - Started process (PID=38949) to work on /opt/anaconda3/lib/python3.12/site-packages/airflow/example_dags/example_params_trigger_ui.py
[2025-04-13T13:19:35.170-0400] {processor.py:830} INFO - Processing file /opt/anaconda3/lib/python3.12/site-packages/airflow/example_dags/example_params_trigger_ui.py for tasks to queue
[2025-04-13T13:19:35.170-0400] {logging_mixin.py:188} INFO - [2025-04-13T13:19:35.170-0400] {dagbag.py:540} INFO - Filling up the DagBag from /opt/anaconda3/lib/python3.12/site-packages/airflow/example_dags/example_params_trigger_ui.py
[2025-04-13T13:19:35.186-0400] {processor.py:840} INFO - DAG(s) 'example_params_trigger_ui' retrieved from /opt/anaconda3/lib/python3.12/site-packages/airflow/example_dags/example_params_trigger_ui.py
[2025-04-13T13:19:35.256-0400] {logging_mixin.py:188} INFO - [2025-04-13T13:19:35.256-0400] {dag.py:3096} INFO - Sync 1 DAGs
[2025-04-13T13:19:35.258-0400] {logging_mixin.py:188} INFO - [2025-04-13T13:19:35.258-0400] {dag.py:3954} INFO - Setting next_dagrun for example_params_trigger_ui to None, run_after=None
[2025-04-13T13:19:35.265-0400] {processor.py:183} INFO - Processing /opt/anaconda3/lib/python3.12/site-packages/airflow/example_dags/example_params_trigger_ui.py took 0.096 seconds
[2025-04-13T13:24:03.375-0400] {processor.py:161} INFO - Started process (PID=40843) to work on /opt/anaconda3/lib/python3.12/site-packages/airflow/example_dags/example_params_trigger_ui.py
[2025-04-13T13:24:03.376-0400] {processor.py:830} INFO - Processing file /opt/anaconda3/lib/python3.12/site-packages/airflow/example_dags/example_params_trigger_ui.py for tasks to queue
[2025-04-13T13:24:03.376-0400] {logging_mixin.py:188} INFO - [2025-04-13T13:24:03.376-0400] {dagbag.py:540} INFO - Filling up the DagBag from /opt/anaconda3/lib/python3.12/site-packages/airflow/example_dags/example_params_trigger_ui.py
[2025-04-13T13:24:03.392-0400] {processor.py:840} INFO - DAG(s) 'example_params_trigger_ui' retrieved from /opt/anaconda3/lib/python3.12/site-packages/airflow/example_dags/example_params_trigger_ui.py
[2025-04-13T13:24:03.463-0400] {logging_mixin.py:188} INFO - [2025-04-13T13:24:03.463-0400] {dag.py:3096} INFO - Sync 1 DAGs
[2025-04-13T13:24:03.466-0400] {logging_mixin.py:188} INFO - [2025-04-13T13:24:03.466-0400] {dag.py:3954} INFO - Setting next_dagrun for example_params_trigger_ui to None, run_after=None
[2025-04-13T13:24:03.472-0400] {processor.py:183} INFO - Processing /opt/anaconda3/lib/python3.12/site-packages/airflow/example_dags/example_params_trigger_ui.py took 0.098 seconds
[2025-04-13T13:25:40.204-0400] {processor.py:161} INFO - Started process (PID=41505) to work on /opt/anaconda3/lib/python3.12/site-packages/airflow/example_dags/example_params_trigger_ui.py
[2025-04-13T13:25:40.205-0400] {processor.py:830} INFO - Processing file /opt/anaconda3/lib/python3.12/site-packages/airflow/example_dags/example_params_trigger_ui.py for tasks to queue
[2025-04-13T13:25:40.206-0400] {logging_mixin.py:188} INFO - [2025-04-13T13:25:40.206-0400] {dagbag.py:540} INFO - Filling up the DagBag from /opt/anaconda3/lib/python3.12/site-packages/airflow/example_dags/example_params_trigger_ui.py
[2025-04-13T13:25:40.221-0400] {processor.py:840} INFO - DAG(s) 'example_params_trigger_ui' retrieved from /opt/anaconda3/lib/python3.12/site-packages/airflow/example_dags/example_params_trigger_ui.py
[2025-04-13T13:25:40.264-0400] {logging_mixin.py:188} INFO - [2025-04-13T13:25:40.264-0400] {dag.py:3096} INFO - Sync 1 DAGs
[2025-04-13T13:25:40.267-0400] {logging_mixin.py:188} INFO - [2025-04-13T13:25:40.267-0400] {dag.py:3954} INFO - Setting next_dagrun for example_params_trigger_ui to None, run_after=None
[2025-04-13T13:25:40.273-0400] {processor.py:183} INFO - Processing /opt/anaconda3/lib/python3.12/site-packages/airflow/example_dags/example_params_trigger_ui.py took 0.069 seconds
[2025-04-13T13:27:46.117-0400] {processor.py:161} INFO - Started process (PID=42349) to work on /opt/anaconda3/lib/python3.12/site-packages/airflow/example_dags/example_params_trigger_ui.py
[2025-04-13T13:27:46.118-0400] {processor.py:830} INFO - Processing file /opt/anaconda3/lib/python3.12/site-packages/airflow/example_dags/example_params_trigger_ui.py for tasks to queue
[2025-04-13T13:27:46.118-0400] {logging_mixin.py:188} INFO - [2025-04-13T13:27:46.118-0400] {dagbag.py:540} INFO - Filling up the DagBag from /opt/anaconda3/lib/python3.12/site-packages/airflow/example_dags/example_params_trigger_ui.py
[2025-04-13T13:27:46.134-0400] {processor.py:840} INFO - DAG(s) 'example_params_trigger_ui' retrieved from /opt/anaconda3/lib/python3.12/site-packages/airflow/example_dags/example_params_trigger_ui.py
[2025-04-13T13:27:46.177-0400] {logging_mixin.py:188} INFO - [2025-04-13T13:27:46.177-0400] {dag.py:3096} INFO - Sync 1 DAGs
[2025-04-13T13:27:46.180-0400] {logging_mixin.py:188} INFO - [2025-04-13T13:27:46.180-0400] {dag.py:3954} INFO - Setting next_dagrun for example_params_trigger_ui to None, run_after=None
[2025-04-13T13:27:46.185-0400] {processor.py:183} INFO - Processing /opt/anaconda3/lib/python3.12/site-packages/airflow/example_dags/example_params_trigger_ui.py took 0.069 seconds
[2025-04-13T13:29:59.191-0400] {processor.py:161} INFO - Started process (PID=43221) to work on /opt/anaconda3/lib/python3.12/site-packages/airflow/example_dags/example_params_trigger_ui.py
[2025-04-13T13:29:59.191-0400] {processor.py:830} INFO - Processing file /opt/anaconda3/lib/python3.12/site-packages/airflow/example_dags/example_params_trigger_ui.py for tasks to queue
[2025-04-13T13:29:59.192-0400] {logging_mixin.py:188} INFO - [2025-04-13T13:29:59.191-0400] {dagbag.py:540} INFO - Filling up the DagBag from /opt/anaconda3/lib/python3.12/site-packages/airflow/example_dags/example_params_trigger_ui.py
[2025-04-13T13:29:59.208-0400] {processor.py:840} INFO - DAG(s) 'example_params_trigger_ui' retrieved from /opt/anaconda3/lib/python3.12/site-packages/airflow/example_dags/example_params_trigger_ui.py
[2025-04-13T13:29:59.253-0400] {logging_mixin.py:188} INFO - [2025-04-13T13:29:59.253-0400] {dag.py:3096} INFO - Sync 1 DAGs
[2025-04-13T13:29:59.256-0400] {logging_mixin.py:188} INFO - [2025-04-13T13:29:59.256-0400] {dag.py:3954} INFO - Setting next_dagrun for example_params_trigger_ui to None, run_after=None
[2025-04-13T13:29:59.262-0400] {processor.py:183} INFO - Processing /opt/anaconda3/lib/python3.12/site-packages/airflow/example_dags/example_params_trigger_ui.py took 0.072 seconds
[2025-04-13T13:32:18.785-0400] {processor.py:161} INFO - Started process (PID=44128) to work on /opt/anaconda3/lib/python3.12/site-packages/airflow/example_dags/example_params_trigger_ui.py
[2025-04-13T13:32:18.786-0400] {processor.py:830} INFO - Processing file /opt/anaconda3/lib/python3.12/site-packages/airflow/example_dags/example_params_trigger_ui.py for tasks to queue
[2025-04-13T13:32:18.787-0400] {logging_mixin.py:188} INFO - [2025-04-13T13:32:18.787-0400] {dagbag.py:540} INFO - Filling up the DagBag from /opt/anaconda3/lib/python3.12/site-packages/airflow/example_dags/example_params_trigger_ui.py
[2025-04-13T13:32:18.803-0400] {processor.py:840} INFO - DAG(s) 'example_params_trigger_ui' retrieved from /opt/anaconda3/lib/python3.12/site-packages/airflow/example_dags/example_params_trigger_ui.py
[2025-04-13T13:32:18.847-0400] {logging_mixin.py:188} INFO - [2025-04-13T13:32:18.846-0400] {dag.py:3096} INFO - Sync 1 DAGs
[2025-04-13T13:32:18.849-0400] {logging_mixin.py:188} INFO - [2025-04-13T13:32:18.849-0400] {dag.py:3954} INFO - Setting next_dagrun for example_params_trigger_ui to None, run_after=None
[2025-04-13T13:32:18.856-0400] {processor.py:183} INFO - Processing /opt/anaconda3/lib/python3.12/site-packages/airflow/example_dags/example_params_trigger_ui.py took 0.071 seconds
[2025-04-13T13:35:30.050-0400] {processor.py:161} INFO - Started process (PID=44821) to work on /opt/anaconda3/lib/python3.12/site-packages/airflow/example_dags/example_params_trigger_ui.py
[2025-04-13T13:35:30.050-0400] {processor.py:830} INFO - Processing file /opt/anaconda3/lib/python3.12/site-packages/airflow/example_dags/example_params_trigger_ui.py for tasks to queue
[2025-04-13T13:35:30.050-0400] {logging_mixin.py:188} INFO - [2025-04-13T13:35:30.050-0400] {dagbag.py:540} INFO - Filling up the DagBag from /opt/anaconda3/lib/python3.12/site-packages/airflow/example_dags/example_params_trigger_ui.py
[2025-04-13T13:35:30.067-0400] {processor.py:840} INFO - DAG(s) 'example_params_trigger_ui' retrieved from /opt/anaconda3/lib/python3.12/site-packages/airflow/example_dags/example_params_trigger_ui.py
[2025-04-13T13:35:30.111-0400] {logging_mixin.py:188} INFO - [2025-04-13T13:35:30.111-0400] {dag.py:3096} INFO - Sync 1 DAGs
[2025-04-13T13:35:30.114-0400] {logging_mixin.py:188} INFO - [2025-04-13T13:35:30.114-0400] {dag.py:3954} INFO - Setting next_dagrun for example_params_trigger_ui to None, run_after=None
[2025-04-13T13:35:30.120-0400] {processor.py:183} INFO - Processing /opt/anaconda3/lib/python3.12/site-packages/airflow/example_dags/example_params_trigger_ui.py took 0.072 seconds
[2025-04-13T13:38:04.465-0400] {processor.py:161} INFO - Started process (PID=45873) to work on /opt/anaconda3/lib/python3.12/site-packages/airflow/example_dags/example_params_trigger_ui.py
[2025-04-13T13:38:04.465-0400] {processor.py:830} INFO - Processing file /opt/anaconda3/lib/python3.12/site-packages/airflow/example_dags/example_params_trigger_ui.py for tasks to queue
[2025-04-13T13:38:04.466-0400] {logging_mixin.py:188} INFO - [2025-04-13T13:38:04.465-0400] {dagbag.py:540} INFO - Filling up the DagBag from /opt/anaconda3/lib/python3.12/site-packages/airflow/example_dags/example_params_trigger_ui.py
[2025-04-13T13:38:04.481-0400] {processor.py:840} INFO - DAG(s) 'example_params_trigger_ui' retrieved from /opt/anaconda3/lib/python3.12/site-packages/airflow/example_dags/example_params_trigger_ui.py
[2025-04-13T13:38:04.524-0400] {logging_mixin.py:188} INFO - [2025-04-13T13:38:04.524-0400] {dag.py:3096} INFO - Sync 1 DAGs
[2025-04-13T13:38:04.527-0400] {logging_mixin.py:188} INFO - [2025-04-13T13:38:04.527-0400] {dag.py:3954} INFO - Setting next_dagrun for example_params_trigger_ui to None, run_after=None
[2025-04-13T13:38:04.533-0400] {processor.py:183} INFO - Processing /opt/anaconda3/lib/python3.12/site-packages/airflow/example_dags/example_params_trigger_ui.py took 0.069 seconds
[2025-04-13T13:40:19.424-0400] {processor.py:161} INFO - Started process (PID=46780) to work on /opt/anaconda3/lib/python3.12/site-packages/airflow/example_dags/example_params_trigger_ui.py
[2025-04-13T13:40:19.425-0400] {processor.py:830} INFO - Processing file /opt/anaconda3/lib/python3.12/site-packages/airflow/example_dags/example_params_trigger_ui.py for tasks to queue
[2025-04-13T13:40:19.425-0400] {logging_mixin.py:188} INFO - [2025-04-13T13:40:19.425-0400] {dagbag.py:540} INFO - Filling up the DagBag from /opt/anaconda3/lib/python3.12/site-packages/airflow/example_dags/example_params_trigger_ui.py
[2025-04-13T13:40:19.441-0400] {processor.py:840} INFO - DAG(s) 'example_params_trigger_ui' retrieved from /opt/anaconda3/lib/python3.12/site-packages/airflow/example_dags/example_params_trigger_ui.py
[2025-04-13T13:40:19.483-0400] {logging_mixin.py:188} INFO - [2025-04-13T13:40:19.483-0400] {dag.py:3096} INFO - Sync 1 DAGs
[2025-04-13T13:40:19.486-0400] {logging_mixin.py:188} INFO - [2025-04-13T13:40:19.486-0400] {dag.py:3954} INFO - Setting next_dagrun for example_params_trigger_ui to None, run_after=None
[2025-04-13T13:40:19.492-0400] {processor.py:183} INFO - Processing /opt/anaconda3/lib/python3.12/site-packages/airflow/example_dags/example_params_trigger_ui.py took 0.069 seconds
[2025-04-13T13:42:29.502-0400] {processor.py:161} INFO - Started process (PID=47672) to work on /opt/anaconda3/lib/python3.12/site-packages/airflow/example_dags/example_params_trigger_ui.py
[2025-04-13T13:42:29.503-0400] {processor.py:830} INFO - Processing file /opt/anaconda3/lib/python3.12/site-packages/airflow/example_dags/example_params_trigger_ui.py for tasks to queue
[2025-04-13T13:42:29.503-0400] {logging_mixin.py:188} INFO - [2025-04-13T13:42:29.503-0400] {dagbag.py:540} INFO - Filling up the DagBag from /opt/anaconda3/lib/python3.12/site-packages/airflow/example_dags/example_params_trigger_ui.py
[2025-04-13T13:42:29.519-0400] {processor.py:840} INFO - DAG(s) 'example_params_trigger_ui' retrieved from /opt/anaconda3/lib/python3.12/site-packages/airflow/example_dags/example_params_trigger_ui.py
[2025-04-13T13:42:29.562-0400] {logging_mixin.py:188} INFO - [2025-04-13T13:42:29.562-0400] {dag.py:3096} INFO - Sync 1 DAGs
[2025-04-13T13:42:29.565-0400] {logging_mixin.py:188} INFO - [2025-04-13T13:42:29.565-0400] {dag.py:3954} INFO - Setting next_dagrun for example_params_trigger_ui to None, run_after=None
[2025-04-13T13:42:29.571-0400] {processor.py:183} INFO - Processing /opt/anaconda3/lib/python3.12/site-packages/airflow/example_dags/example_params_trigger_ui.py took 0.070 seconds
[2025-04-13T13:44:41.413-0400] {processor.py:161} INFO - Started process (PID=48579) to work on /opt/anaconda3/lib/python3.12/site-packages/airflow/example_dags/example_params_trigger_ui.py
[2025-04-13T13:44:41.414-0400] {processor.py:830} INFO - Processing file /opt/anaconda3/lib/python3.12/site-packages/airflow/example_dags/example_params_trigger_ui.py for tasks to queue
[2025-04-13T13:44:41.414-0400] {logging_mixin.py:188} INFO - [2025-04-13T13:44:41.414-0400] {dagbag.py:540} INFO - Filling up the DagBag from /opt/anaconda3/lib/python3.12/site-packages/airflow/example_dags/example_params_trigger_ui.py
[2025-04-13T13:44:41.430-0400] {processor.py:840} INFO - DAG(s) 'example_params_trigger_ui' retrieved from /opt/anaconda3/lib/python3.12/site-packages/airflow/example_dags/example_params_trigger_ui.py
[2025-04-13T13:44:41.473-0400] {logging_mixin.py:188} INFO - [2025-04-13T13:44:41.473-0400] {dag.py:3096} INFO - Sync 1 DAGs
[2025-04-13T13:44:41.476-0400] {logging_mixin.py:188} INFO - [2025-04-13T13:44:41.476-0400] {dag.py:3954} INFO - Setting next_dagrun for example_params_trigger_ui to None, run_after=None
[2025-04-13T13:44:41.482-0400] {processor.py:183} INFO - Processing /opt/anaconda3/lib/python3.12/site-packages/airflow/example_dags/example_params_trigger_ui.py took 0.070 seconds
[2025-04-13T13:47:03.316-0400] {processor.py:161} INFO - Started process (PID=49505) to work on /opt/anaconda3/lib/python3.12/site-packages/airflow/example_dags/example_params_trigger_ui.py
[2025-04-13T13:47:03.317-0400] {processor.py:830} INFO - Processing file /opt/anaconda3/lib/python3.12/site-packages/airflow/example_dags/example_params_trigger_ui.py for tasks to queue
[2025-04-13T13:47:03.317-0400] {logging_mixin.py:188} INFO - [2025-04-13T13:47:03.317-0400] {dagbag.py:540} INFO - Filling up the DagBag from /opt/anaconda3/lib/python3.12/site-packages/airflow/example_dags/example_params_trigger_ui.py
[2025-04-13T13:47:03.333-0400] {processor.py:840} INFO - DAG(s) 'example_params_trigger_ui' retrieved from /opt/anaconda3/lib/python3.12/site-packages/airflow/example_dags/example_params_trigger_ui.py
[2025-04-13T13:47:03.376-0400] {logging_mixin.py:188} INFO - [2025-04-13T13:47:03.376-0400] {dag.py:3096} INFO - Sync 1 DAGs
[2025-04-13T13:47:03.379-0400] {logging_mixin.py:188} INFO - [2025-04-13T13:47:03.379-0400] {dag.py:3954} INFO - Setting next_dagrun for example_params_trigger_ui to None, run_after=None
[2025-04-13T13:47:03.384-0400] {processor.py:183} INFO - Processing /opt/anaconda3/lib/python3.12/site-packages/airflow/example_dags/example_params_trigger_ui.py took 0.069 seconds
[2025-04-13T13:49:23.313-0400] {processor.py:161} INFO - Started process (PID=50425) to work on /opt/anaconda3/lib/python3.12/site-packages/airflow/example_dags/example_params_trigger_ui.py
[2025-04-13T13:49:23.314-0400] {processor.py:830} INFO - Processing file /opt/anaconda3/lib/python3.12/site-packages/airflow/example_dags/example_params_trigger_ui.py for tasks to queue
[2025-04-13T13:49:23.314-0400] {logging_mixin.py:188} INFO - [2025-04-13T13:49:23.314-0400] {dagbag.py:540} INFO - Filling up the DagBag from /opt/anaconda3/lib/python3.12/site-packages/airflow/example_dags/example_params_trigger_ui.py
[2025-04-13T13:49:23.331-0400] {processor.py:840} INFO - DAG(s) 'example_params_trigger_ui' retrieved from /opt/anaconda3/lib/python3.12/site-packages/airflow/example_dags/example_params_trigger_ui.py
[2025-04-13T13:49:23.375-0400] {logging_mixin.py:188} INFO - [2025-04-13T13:49:23.375-0400] {dag.py:3096} INFO - Sync 1 DAGs
[2025-04-13T13:49:23.378-0400] {logging_mixin.py:188} INFO - [2025-04-13T13:49:23.378-0400] {dag.py:3954} INFO - Setting next_dagrun for example_params_trigger_ui to None, run_after=None
[2025-04-13T13:49:23.384-0400] {processor.py:183} INFO - Processing /opt/anaconda3/lib/python3.12/site-packages/airflow/example_dags/example_params_trigger_ui.py took 0.072 seconds
[2025-04-13T13:51:41.366-0400] {processor.py:161} INFO - Started process (PID=51364) to work on /opt/anaconda3/lib/python3.12/site-packages/airflow/example_dags/example_params_trigger_ui.py
[2025-04-13T13:51:41.367-0400] {processor.py:830} INFO - Processing file /opt/anaconda3/lib/python3.12/site-packages/airflow/example_dags/example_params_trigger_ui.py for tasks to queue
[2025-04-13T13:51:41.367-0400] {logging_mixin.py:188} INFO - [2025-04-13T13:51:41.367-0400] {dagbag.py:540} INFO - Filling up the DagBag from /opt/anaconda3/lib/python3.12/site-packages/airflow/example_dags/example_params_trigger_ui.py
[2025-04-13T13:51:41.383-0400] {processor.py:840} INFO - DAG(s) 'example_params_trigger_ui' retrieved from /opt/anaconda3/lib/python3.12/site-packages/airflow/example_dags/example_params_trigger_ui.py
[2025-04-13T13:51:41.428-0400] {logging_mixin.py:188} INFO - [2025-04-13T13:51:41.428-0400] {dag.py:3096} INFO - Sync 1 DAGs
[2025-04-13T13:51:41.431-0400] {logging_mixin.py:188} INFO - [2025-04-13T13:51:41.431-0400] {dag.py:3954} INFO - Setting next_dagrun for example_params_trigger_ui to None, run_after=None
[2025-04-13T13:51:41.438-0400] {processor.py:183} INFO - Processing /opt/anaconda3/lib/python3.12/site-packages/airflow/example_dags/example_params_trigger_ui.py took 0.073 seconds
[2025-04-13T13:54:03.257-0400] {processor.py:161} INFO - Started process (PID=52319) to work on /opt/anaconda3/lib/python3.12/site-packages/airflow/example_dags/example_params_trigger_ui.py
[2025-04-13T13:54:03.258-0400] {processor.py:830} INFO - Processing file /opt/anaconda3/lib/python3.12/site-packages/airflow/example_dags/example_params_trigger_ui.py for tasks to queue
[2025-04-13T13:54:03.259-0400] {logging_mixin.py:188} INFO - [2025-04-13T13:54:03.259-0400] {dagbag.py:540} INFO - Filling up the DagBag from /opt/anaconda3/lib/python3.12/site-packages/airflow/example_dags/example_params_trigger_ui.py
[2025-04-13T13:54:03.274-0400] {processor.py:840} INFO - DAG(s) 'example_params_trigger_ui' retrieved from /opt/anaconda3/lib/python3.12/site-packages/airflow/example_dags/example_params_trigger_ui.py
[2025-04-13T13:54:03.319-0400] {logging_mixin.py:188} INFO - [2025-04-13T13:54:03.319-0400] {dag.py:3096} INFO - Sync 1 DAGs
[2025-04-13T13:54:03.322-0400] {logging_mixin.py:188} INFO - [2025-04-13T13:54:03.322-0400] {dag.py:3954} INFO - Setting next_dagrun for example_params_trigger_ui to None, run_after=None
[2025-04-13T13:54:03.328-0400] {processor.py:183} INFO - Processing /opt/anaconda3/lib/python3.12/site-packages/airflow/example_dags/example_params_trigger_ui.py took 0.071 seconds
[2025-04-13T13:56:17.463-0400] {processor.py:161} INFO - Started process (PID=53212) to work on /opt/anaconda3/lib/python3.12/site-packages/airflow/example_dags/example_params_trigger_ui.py
[2025-04-13T13:56:17.464-0400] {processor.py:830} INFO - Processing file /opt/anaconda3/lib/python3.12/site-packages/airflow/example_dags/example_params_trigger_ui.py for tasks to queue
[2025-04-13T13:56:17.464-0400] {logging_mixin.py:188} INFO - [2025-04-13T13:56:17.464-0400] {dagbag.py:540} INFO - Filling up the DagBag from /opt/anaconda3/lib/python3.12/site-packages/airflow/example_dags/example_params_trigger_ui.py
[2025-04-13T13:56:17.480-0400] {processor.py:840} INFO - DAG(s) 'example_params_trigger_ui' retrieved from /opt/anaconda3/lib/python3.12/site-packages/airflow/example_dags/example_params_trigger_ui.py
[2025-04-13T13:56:17.523-0400] {logging_mixin.py:188} INFO - [2025-04-13T13:56:17.523-0400] {dag.py:3096} INFO - Sync 1 DAGs
[2025-04-13T13:56:17.526-0400] {logging_mixin.py:188} INFO - [2025-04-13T13:56:17.526-0400] {dag.py:3954} INFO - Setting next_dagrun for example_params_trigger_ui to None, run_after=None
[2025-04-13T13:56:17.531-0400] {processor.py:183} INFO - Processing /opt/anaconda3/lib/python3.12/site-packages/airflow/example_dags/example_params_trigger_ui.py took 0.069 seconds
[2025-04-13T13:58:33.509-0400] {processor.py:161} INFO - Started process (PID=54150) to work on /opt/anaconda3/lib/python3.12/site-packages/airflow/example_dags/example_params_trigger_ui.py
[2025-04-13T13:58:33.511-0400] {processor.py:830} INFO - Processing file /opt/anaconda3/lib/python3.12/site-packages/airflow/example_dags/example_params_trigger_ui.py for tasks to queue
[2025-04-13T13:58:33.511-0400] {logging_mixin.py:188} INFO - [2025-04-13T13:58:33.511-0400] {dagbag.py:540} INFO - Filling up the DagBag from /opt/anaconda3/lib/python3.12/site-packages/airflow/example_dags/example_params_trigger_ui.py
[2025-04-13T13:58:33.527-0400] {processor.py:840} INFO - DAG(s) 'example_params_trigger_ui' retrieved from /opt/anaconda3/lib/python3.12/site-packages/airflow/example_dags/example_params_trigger_ui.py
[2025-04-13T13:58:33.571-0400] {logging_mixin.py:188} INFO - [2025-04-13T13:58:33.570-0400] {dag.py:3096} INFO - Sync 1 DAGs
[2025-04-13T13:58:33.573-0400] {logging_mixin.py:188} INFO - [2025-04-13T13:58:33.573-0400] {dag.py:3954} INFO - Setting next_dagrun for example_params_trigger_ui to None, run_after=None
[2025-04-13T13:58:33.579-0400] {processor.py:183} INFO - Processing /opt/anaconda3/lib/python3.12/site-packages/airflow/example_dags/example_params_trigger_ui.py took 0.071 seconds
[2025-04-13T14:00:48.572-0400] {processor.py:161} INFO - Started process (PID=55109) to work on /opt/anaconda3/lib/python3.12/site-packages/airflow/example_dags/example_params_trigger_ui.py
[2025-04-13T14:00:48.574-0400] {processor.py:830} INFO - Processing file /opt/anaconda3/lib/python3.12/site-packages/airflow/example_dags/example_params_trigger_ui.py for tasks to queue
[2025-04-13T14:00:48.574-0400] {logging_mixin.py:188} INFO - [2025-04-13T14:00:48.574-0400] {dagbag.py:540} INFO - Filling up the DagBag from /opt/anaconda3/lib/python3.12/site-packages/airflow/example_dags/example_params_trigger_ui.py
[2025-04-13T14:00:48.590-0400] {processor.py:840} INFO - DAG(s) 'example_params_trigger_ui' retrieved from /opt/anaconda3/lib/python3.12/site-packages/airflow/example_dags/example_params_trigger_ui.py
[2025-04-13T14:00:48.634-0400] {logging_mixin.py:188} INFO - [2025-04-13T14:00:48.634-0400] {dag.py:3096} INFO - Sync 1 DAGs
[2025-04-13T14:00:48.637-0400] {logging_mixin.py:188} INFO - [2025-04-13T14:00:48.637-0400] {dag.py:3954} INFO - Setting next_dagrun for example_params_trigger_ui to None, run_after=None
[2025-04-13T14:00:48.642-0400] {processor.py:183} INFO - Processing /opt/anaconda3/lib/python3.12/site-packages/airflow/example_dags/example_params_trigger_ui.py took 0.071 seconds
