[2025-04-13T13:06:19.768-0400] {processor.py:161} INFO - Started process (PID=33781) to work on /opt/anaconda3/lib/python3.12/site-packages/airflow/example_dags/example_python_operator.py
[2025-04-13T13:06:19.768-0400] {processor.py:830} INFO - Processing file /opt/anaconda3/lib/python3.12/site-packages/airflow/example_dags/example_python_operator.py for tasks to queue
[2025-04-13T13:06:19.768-0400] {logging_mixin.py:188} INFO - [2025-04-13T13:06:19.768-0400] {dagbag.py:540} INFO - Filling up the DagBag from /opt/anaconda3/lib/python3.12/site-packages/airflow/example_dags/example_python_operator.py
[2025-04-13T13:06:19.781-0400] {processor.py:840} INFO - DAG(s) 'example_python_operator' retrieved from /opt/anaconda3/lib/python3.12/site-packages/airflow/example_dags/example_python_operator.py
[2025-04-13T13:06:19.848-0400] {logging_mixin.py:188} INFO - [2025-04-13T13:06:19.848-0400] {override.py:1930} INFO - Created Permission View: can edit on DAG:example_python_operator
[2025-04-13T13:06:19.850-0400] {logging_mixin.py:188} INFO - [2025-04-13T13:06:19.850-0400] {override.py:1930} INFO - Created Permission View: can delete on DAG:example_python_operator
[2025-04-13T13:06:19.852-0400] {logging_mixin.py:188} INFO - [2025-04-13T13:06:19.852-0400] {override.py:1930} INFO - Created Permission View: can read on DAG:example_python_operator
[2025-04-13T13:06:19.852-0400] {logging_mixin.py:188} INFO - [2025-04-13T13:06:19.852-0400] {dag.py:3096} INFO - Sync 1 DAGs
[2025-04-13T13:06:19.855-0400] {logging_mixin.py:188} INFO - [2025-04-13T13:06:19.855-0400] {dag.py:3118} INFO - Creating ORM DAG for example_python_operator
[2025-04-13T13:06:19.855-0400] {logging_mixin.py:188} INFO - [2025-04-13T13:06:19.855-0400] {dag.py:3954} INFO - Setting next_dagrun for example_python_operator to None, run_after=None
[2025-04-13T13:06:19.861-0400] {processor.py:183} INFO - Processing /opt/anaconda3/lib/python3.12/site-packages/airflow/example_dags/example_python_operator.py took 0.094 seconds
[2025-04-13T13:08:14.189-0400] {processor.py:161} INFO - Started process (PID=34565) to work on /opt/anaconda3/lib/python3.12/site-packages/airflow/example_dags/example_python_operator.py
[2025-04-13T13:08:14.190-0400] {processor.py:830} INFO - Processing file /opt/anaconda3/lib/python3.12/site-packages/airflow/example_dags/example_python_operator.py for tasks to queue
[2025-04-13T13:08:14.190-0400] {logging_mixin.py:188} INFO - [2025-04-13T13:08:14.190-0400] {dagbag.py:540} INFO - Filling up the DagBag from /opt/anaconda3/lib/python3.12/site-packages/airflow/example_dags/example_python_operator.py
[2025-04-13T13:08:14.201-0400] {processor.py:840} INFO - DAG(s) 'example_python_operator' retrieved from /opt/anaconda3/lib/python3.12/site-packages/airflow/example_dags/example_python_operator.py
[2025-04-13T13:08:14.263-0400] {logging_mixin.py:188} INFO - [2025-04-13T13:08:14.263-0400] {dag.py:3096} INFO - Sync 1 DAGs
[2025-04-13T13:08:14.266-0400] {logging_mixin.py:188} INFO - [2025-04-13T13:08:14.266-0400] {dag.py:3954} INFO - Setting next_dagrun for example_python_operator to None, run_after=None
[2025-04-13T13:08:14.272-0400] {processor.py:183} INFO - Processing /opt/anaconda3/lib/python3.12/site-packages/airflow/example_dags/example_python_operator.py took 0.084 seconds
[2025-04-13T13:15:46.137-0400] {processor.py:161} INFO - Started process (PID=37394) to work on /opt/anaconda3/lib/python3.12/site-packages/airflow/example_dags/example_python_operator.py
[2025-04-13T13:15:46.138-0400] {processor.py:830} INFO - Processing file /opt/anaconda3/lib/python3.12/site-packages/airflow/example_dags/example_python_operator.py for tasks to queue
[2025-04-13T13:15:46.139-0400] {logging_mixin.py:188} INFO - [2025-04-13T13:15:46.138-0400] {dagbag.py:540} INFO - Filling up the DagBag from /opt/anaconda3/lib/python3.12/site-packages/airflow/example_dags/example_python_operator.py
[2025-04-13T13:15:46.150-0400] {processor.py:840} INFO - DAG(s) 'example_python_operator' retrieved from /opt/anaconda3/lib/python3.12/site-packages/airflow/example_dags/example_python_operator.py
[2025-04-13T13:15:46.225-0400] {logging_mixin.py:188} INFO - [2025-04-13T13:15:46.225-0400] {dag.py:3096} INFO - Sync 1 DAGs
[2025-04-13T13:15:46.227-0400] {logging_mixin.py:188} INFO - [2025-04-13T13:15:46.227-0400] {dag.py:3954} INFO - Setting next_dagrun for example_python_operator to None, run_after=None
[2025-04-13T13:15:46.233-0400] {processor.py:183} INFO - Processing /opt/anaconda3/lib/python3.12/site-packages/airflow/example_dags/example_python_operator.py took 0.097 seconds
[2025-04-13T13:19:27.436-0400] {processor.py:161} INFO - Started process (PID=38885) to work on /opt/anaconda3/lib/python3.12/site-packages/airflow/example_dags/example_python_operator.py
[2025-04-13T13:19:27.437-0400] {processor.py:830} INFO - Processing file /opt/anaconda3/lib/python3.12/site-packages/airflow/example_dags/example_python_operator.py for tasks to queue
[2025-04-13T13:19:27.438-0400] {logging_mixin.py:188} INFO - [2025-04-13T13:19:27.438-0400] {dagbag.py:540} INFO - Filling up the DagBag from /opt/anaconda3/lib/python3.12/site-packages/airflow/example_dags/example_python_operator.py
[2025-04-13T13:19:27.450-0400] {processor.py:840} INFO - DAG(s) 'example_python_operator' retrieved from /opt/anaconda3/lib/python3.12/site-packages/airflow/example_dags/example_python_operator.py
[2025-04-13T13:19:27.520-0400] {logging_mixin.py:188} INFO - [2025-04-13T13:19:27.520-0400] {dag.py:3096} INFO - Sync 1 DAGs
[2025-04-13T13:19:27.523-0400] {logging_mixin.py:188} INFO - [2025-04-13T13:19:27.523-0400] {dag.py:3954} INFO - Setting next_dagrun for example_python_operator to None, run_after=None
[2025-04-13T13:19:27.529-0400] {processor.py:183} INFO - Processing /opt/anaconda3/lib/python3.12/site-packages/airflow/example_dags/example_python_operator.py took 0.094 seconds
[2025-04-13T13:23:55.354-0400] {processor.py:161} INFO - Started process (PID=40790) to work on /opt/anaconda3/lib/python3.12/site-packages/airflow/example_dags/example_python_operator.py
[2025-04-13T13:23:55.355-0400] {processor.py:830} INFO - Processing file /opt/anaconda3/lib/python3.12/site-packages/airflow/example_dags/example_python_operator.py for tasks to queue
[2025-04-13T13:23:55.355-0400] {logging_mixin.py:188} INFO - [2025-04-13T13:23:55.355-0400] {dagbag.py:540} INFO - Filling up the DagBag from /opt/anaconda3/lib/python3.12/site-packages/airflow/example_dags/example_python_operator.py
[2025-04-13T13:23:55.367-0400] {processor.py:840} INFO - DAG(s) 'example_python_operator' retrieved from /opt/anaconda3/lib/python3.12/site-packages/airflow/example_dags/example_python_operator.py
[2025-04-13T13:23:55.433-0400] {logging_mixin.py:188} INFO - [2025-04-13T13:23:55.433-0400] {dag.py:3096} INFO - Sync 1 DAGs
[2025-04-13T13:23:55.436-0400] {logging_mixin.py:188} INFO - [2025-04-13T13:23:55.436-0400] {dag.py:3954} INFO - Setting next_dagrun for example_python_operator to None, run_after=None
[2025-04-13T13:23:55.442-0400] {processor.py:183} INFO - Processing /opt/anaconda3/lib/python3.12/site-packages/airflow/example_dags/example_python_operator.py took 0.088 seconds
[2025-04-13T13:25:34.248-0400] {processor.py:161} INFO - Started process (PID=41463) to work on /opt/anaconda3/lib/python3.12/site-packages/airflow/example_dags/example_python_operator.py
[2025-04-13T13:25:34.249-0400] {processor.py:830} INFO - Processing file /opt/anaconda3/lib/python3.12/site-packages/airflow/example_dags/example_python_operator.py for tasks to queue
[2025-04-13T13:25:34.249-0400] {logging_mixin.py:188} INFO - [2025-04-13T13:25:34.249-0400] {dagbag.py:540} INFO - Filling up the DagBag from /opt/anaconda3/lib/python3.12/site-packages/airflow/example_dags/example_python_operator.py
[2025-04-13T13:25:34.260-0400] {processor.py:840} INFO - DAG(s) 'example_python_operator' retrieved from /opt/anaconda3/lib/python3.12/site-packages/airflow/example_dags/example_python_operator.py
[2025-04-13T13:25:34.337-0400] {logging_mixin.py:188} INFO - [2025-04-13T13:25:34.337-0400] {dag.py:3096} INFO - Sync 1 DAGs
[2025-04-13T13:25:34.340-0400] {logging_mixin.py:188} INFO - [2025-04-13T13:25:34.340-0400] {dag.py:3954} INFO - Setting next_dagrun for example_python_operator to None, run_after=None
[2025-04-13T13:25:34.346-0400] {processor.py:183} INFO - Processing /opt/anaconda3/lib/python3.12/site-packages/airflow/example_dags/example_python_operator.py took 0.099 seconds
[2025-04-13T13:27:38.190-0400] {processor.py:161} INFO - Started process (PID=42294) to work on /opt/anaconda3/lib/python3.12/site-packages/airflow/example_dags/example_python_operator.py
[2025-04-13T13:27:38.191-0400] {processor.py:830} INFO - Processing file /opt/anaconda3/lib/python3.12/site-packages/airflow/example_dags/example_python_operator.py for tasks to queue
[2025-04-13T13:27:38.192-0400] {logging_mixin.py:188} INFO - [2025-04-13T13:27:38.192-0400] {dagbag.py:540} INFO - Filling up the DagBag from /opt/anaconda3/lib/python3.12/site-packages/airflow/example_dags/example_python_operator.py
[2025-04-13T13:27:38.203-0400] {processor.py:840} INFO - DAG(s) 'example_python_operator' retrieved from /opt/anaconda3/lib/python3.12/site-packages/airflow/example_dags/example_python_operator.py
[2025-04-13T13:27:38.279-0400] {logging_mixin.py:188} INFO - [2025-04-13T13:27:38.279-0400] {dag.py:3096} INFO - Sync 1 DAGs
[2025-04-13T13:27:38.282-0400] {logging_mixin.py:188} INFO - [2025-04-13T13:27:38.282-0400] {dag.py:3954} INFO - Setting next_dagrun for example_python_operator to None, run_after=None
[2025-04-13T13:27:38.288-0400] {processor.py:183} INFO - Processing /opt/anaconda3/lib/python3.12/site-packages/airflow/example_dags/example_python_operator.py took 0.098 seconds
[2025-04-13T13:29:51.192-0400] {processor.py:161} INFO - Started process (PID=43159) to work on /opt/anaconda3/lib/python3.12/site-packages/airflow/example_dags/example_python_operator.py
[2025-04-13T13:29:51.193-0400] {processor.py:830} INFO - Processing file /opt/anaconda3/lib/python3.12/site-packages/airflow/example_dags/example_python_operator.py for tasks to queue
[2025-04-13T13:29:51.193-0400] {logging_mixin.py:188} INFO - [2025-04-13T13:29:51.193-0400] {dagbag.py:540} INFO - Filling up the DagBag from /opt/anaconda3/lib/python3.12/site-packages/airflow/example_dags/example_python_operator.py
[2025-04-13T13:29:51.205-0400] {processor.py:840} INFO - DAG(s) 'example_python_operator' retrieved from /opt/anaconda3/lib/python3.12/site-packages/airflow/example_dags/example_python_operator.py
[2025-04-13T13:29:51.273-0400] {logging_mixin.py:188} INFO - [2025-04-13T13:29:51.272-0400] {dag.py:3096} INFO - Sync 1 DAGs
[2025-04-13T13:29:51.275-0400] {logging_mixin.py:188} INFO - [2025-04-13T13:29:51.275-0400] {dag.py:3954} INFO - Setting next_dagrun for example_python_operator to None, run_after=None
[2025-04-13T13:29:51.281-0400] {processor.py:183} INFO - Processing /opt/anaconda3/lib/python3.12/site-packages/airflow/example_dags/example_python_operator.py took 0.091 seconds
[2025-04-13T13:32:11.591-0400] {processor.py:161} INFO - Started process (PID=44073) to work on /opt/anaconda3/lib/python3.12/site-packages/airflow/example_dags/example_python_operator.py
[2025-04-13T13:32:11.592-0400] {processor.py:830} INFO - Processing file /opt/anaconda3/lib/python3.12/site-packages/airflow/example_dags/example_python_operator.py for tasks to queue
[2025-04-13T13:32:11.592-0400] {logging_mixin.py:188} INFO - [2025-04-13T13:32:11.592-0400] {dagbag.py:540} INFO - Filling up the DagBag from /opt/anaconda3/lib/python3.12/site-packages/airflow/example_dags/example_python_operator.py
[2025-04-13T13:32:11.604-0400] {processor.py:840} INFO - DAG(s) 'example_python_operator' retrieved from /opt/anaconda3/lib/python3.12/site-packages/airflow/example_dags/example_python_operator.py
[2025-04-13T13:32:11.680-0400] {logging_mixin.py:188} INFO - [2025-04-13T13:32:11.680-0400] {dag.py:3096} INFO - Sync 1 DAGs
[2025-04-13T13:32:11.683-0400] {logging_mixin.py:188} INFO - [2025-04-13T13:32:11.683-0400] {dag.py:3954} INFO - Setting next_dagrun for example_python_operator to None, run_after=None
[2025-04-13T13:32:11.689-0400] {processor.py:183} INFO - Processing /opt/anaconda3/lib/python3.12/site-packages/airflow/example_dags/example_python_operator.py took 0.100 seconds
[2025-04-13T13:33:49.412-0400] {processor.py:161} INFO - Started process (PID=44731) to work on /opt/anaconda3/lib/python3.12/site-packages/airflow/example_dags/example_python_operator.py
[2025-04-13T13:33:49.413-0400] {processor.py:830} INFO - Processing file /opt/anaconda3/lib/python3.12/site-packages/airflow/example_dags/example_python_operator.py for tasks to queue
[2025-04-13T13:33:49.414-0400] {logging_mixin.py:188} INFO - [2025-04-13T13:33:49.414-0400] {dagbag.py:540} INFO - Filling up the DagBag from /opt/anaconda3/lib/python3.12/site-packages/airflow/example_dags/example_python_operator.py
[2025-04-13T13:33:49.425-0400] {processor.py:840} INFO - DAG(s) 'example_python_operator' retrieved from /opt/anaconda3/lib/python3.12/site-packages/airflow/example_dags/example_python_operator.py
[2025-04-13T13:33:49.503-0400] {logging_mixin.py:188} INFO - [2025-04-13T13:33:49.502-0400] {dag.py:3096} INFO - Sync 1 DAGs
[2025-04-13T13:33:49.505-0400] {logging_mixin.py:188} INFO - [2025-04-13T13:33:49.505-0400] {dag.py:3954} INFO - Setting next_dagrun for example_python_operator to None, run_after=None
[2025-04-13T13:33:49.511-0400] {processor.py:183} INFO - Processing /opt/anaconda3/lib/python3.12/site-packages/airflow/example_dags/example_python_operator.py took 0.100 seconds
[2025-04-13T13:36:33.862-0400] {processor.py:161} INFO - Started process (PID=45267) to work on /opt/anaconda3/lib/python3.12/site-packages/airflow/example_dags/example_python_operator.py
[2025-04-13T13:36:33.863-0400] {processor.py:830} INFO - Processing file /opt/anaconda3/lib/python3.12/site-packages/airflow/example_dags/example_python_operator.py for tasks to queue
[2025-04-13T13:36:33.863-0400] {logging_mixin.py:188} INFO - [2025-04-13T13:36:33.863-0400] {dagbag.py:540} INFO - Filling up the DagBag from /opt/anaconda3/lib/python3.12/site-packages/airflow/example_dags/example_python_operator.py
[2025-04-13T13:36:33.875-0400] {processor.py:840} INFO - DAG(s) 'example_python_operator' retrieved from /opt/anaconda3/lib/python3.12/site-packages/airflow/example_dags/example_python_operator.py
[2025-04-13T13:36:33.949-0400] {logging_mixin.py:188} INFO - [2025-04-13T13:36:33.948-0400] {dag.py:3096} INFO - Sync 1 DAGs
[2025-04-13T13:36:33.951-0400] {logging_mixin.py:188} INFO - [2025-04-13T13:36:33.951-0400] {dag.py:3954} INFO - Setting next_dagrun for example_python_operator to None, run_after=None
[2025-04-13T13:36:33.957-0400] {processor.py:183} INFO - Processing /opt/anaconda3/lib/python3.12/site-packages/airflow/example_dags/example_python_operator.py took 0.096 seconds
[2025-04-13T13:37:59.420-0400] {processor.py:161} INFO - Started process (PID=45843) to work on /opt/anaconda3/lib/python3.12/site-packages/airflow/example_dags/example_python_operator.py
[2025-04-13T13:37:59.421-0400] {processor.py:830} INFO - Processing file /opt/anaconda3/lib/python3.12/site-packages/airflow/example_dags/example_python_operator.py for tasks to queue
[2025-04-13T13:37:59.421-0400] {logging_mixin.py:188} INFO - [2025-04-13T13:37:59.421-0400] {dagbag.py:540} INFO - Filling up the DagBag from /opt/anaconda3/lib/python3.12/site-packages/airflow/example_dags/example_python_operator.py
[2025-04-13T13:37:59.433-0400] {processor.py:840} INFO - DAG(s) 'example_python_operator' retrieved from /opt/anaconda3/lib/python3.12/site-packages/airflow/example_dags/example_python_operator.py
[2025-04-13T13:37:59.507-0400] {logging_mixin.py:188} INFO - [2025-04-13T13:37:59.507-0400] {dag.py:3096} INFO - Sync 1 DAGs
[2025-04-13T13:37:59.510-0400] {logging_mixin.py:188} INFO - [2025-04-13T13:37:59.510-0400] {dag.py:3954} INFO - Setting next_dagrun for example_python_operator to None, run_after=None
[2025-04-13T13:37:59.516-0400] {processor.py:183} INFO - Processing /opt/anaconda3/lib/python3.12/site-packages/airflow/example_dags/example_python_operator.py took 0.097 seconds
[2025-04-13T13:40:13.507-0400] {processor.py:161} INFO - Started process (PID=46750) to work on /opt/anaconda3/lib/python3.12/site-packages/airflow/example_dags/example_python_operator.py
[2025-04-13T13:40:13.509-0400] {processor.py:830} INFO - Processing file /opt/anaconda3/lib/python3.12/site-packages/airflow/example_dags/example_python_operator.py for tasks to queue
[2025-04-13T13:40:13.509-0400] {logging_mixin.py:188} INFO - [2025-04-13T13:40:13.509-0400] {dagbag.py:540} INFO - Filling up the DagBag from /opt/anaconda3/lib/python3.12/site-packages/airflow/example_dags/example_python_operator.py
[2025-04-13T13:40:13.521-0400] {processor.py:840} INFO - DAG(s) 'example_python_operator' retrieved from /opt/anaconda3/lib/python3.12/site-packages/airflow/example_dags/example_python_operator.py
[2025-04-13T13:40:13.595-0400] {logging_mixin.py:188} INFO - [2025-04-13T13:40:13.595-0400] {dag.py:3096} INFO - Sync 1 DAGs
[2025-04-13T13:40:13.598-0400] {logging_mixin.py:188} INFO - [2025-04-13T13:40:13.597-0400] {dag.py:3954} INFO - Setting next_dagrun for example_python_operator to None, run_after=None
[2025-04-13T13:40:13.603-0400] {processor.py:183} INFO - Processing /opt/anaconda3/lib/python3.12/site-packages/airflow/example_dags/example_python_operator.py took 0.097 seconds
[2025-04-13T13:42:23.595-0400] {processor.py:161} INFO - Started process (PID=47632) to work on /opt/anaconda3/lib/python3.12/site-packages/airflow/example_dags/example_python_operator.py
[2025-04-13T13:42:23.596-0400] {processor.py:830} INFO - Processing file /opt/anaconda3/lib/python3.12/site-packages/airflow/example_dags/example_python_operator.py for tasks to queue
[2025-04-13T13:42:23.597-0400] {logging_mixin.py:188} INFO - [2025-04-13T13:42:23.597-0400] {dagbag.py:540} INFO - Filling up the DagBag from /opt/anaconda3/lib/python3.12/site-packages/airflow/example_dags/example_python_operator.py
[2025-04-13T13:42:23.608-0400] {processor.py:840} INFO - DAG(s) 'example_python_operator' retrieved from /opt/anaconda3/lib/python3.12/site-packages/airflow/example_dags/example_python_operator.py
[2025-04-13T13:42:23.689-0400] {logging_mixin.py:188} INFO - [2025-04-13T13:42:23.689-0400] {dag.py:3096} INFO - Sync 1 DAGs
[2025-04-13T13:42:23.692-0400] {logging_mixin.py:188} INFO - [2025-04-13T13:42:23.692-0400] {dag.py:3954} INFO - Setting next_dagrun for example_python_operator to None, run_after=None
[2025-04-13T13:42:23.697-0400] {processor.py:183} INFO - Processing /opt/anaconda3/lib/python3.12/site-packages/airflow/example_dags/example_python_operator.py took 0.103 seconds
[2025-04-13T13:44:35.463-0400] {processor.py:161} INFO - Started process (PID=48537) to work on /opt/anaconda3/lib/python3.12/site-packages/airflow/example_dags/example_python_operator.py
[2025-04-13T13:44:35.463-0400] {processor.py:830} INFO - Processing file /opt/anaconda3/lib/python3.12/site-packages/airflow/example_dags/example_python_operator.py for tasks to queue
[2025-04-13T13:44:35.463-0400] {logging_mixin.py:188} INFO - [2025-04-13T13:44:35.463-0400] {dagbag.py:540} INFO - Filling up the DagBag from /opt/anaconda3/lib/python3.12/site-packages/airflow/example_dags/example_python_operator.py
[2025-04-13T13:44:35.476-0400] {processor.py:840} INFO - DAG(s) 'example_python_operator' retrieved from /opt/anaconda3/lib/python3.12/site-packages/airflow/example_dags/example_python_operator.py
[2025-04-13T13:44:35.552-0400] {logging_mixin.py:188} INFO - [2025-04-13T13:44:35.552-0400] {dag.py:3096} INFO - Sync 1 DAGs
[2025-04-13T13:44:35.555-0400] {logging_mixin.py:188} INFO - [2025-04-13T13:44:35.555-0400] {dag.py:3954} INFO - Setting next_dagrun for example_python_operator to None, run_after=None
[2025-04-13T13:44:35.561-0400] {processor.py:183} INFO - Processing /opt/anaconda3/lib/python3.12/site-packages/airflow/example_dags/example_python_operator.py took 0.099 seconds
[2025-04-13T13:46:56.119-0400] {processor.py:161} INFO - Started process (PID=49461) to work on /opt/anaconda3/lib/python3.12/site-packages/airflow/example_dags/example_python_operator.py
[2025-04-13T13:46:56.120-0400] {processor.py:830} INFO - Processing file /opt/anaconda3/lib/python3.12/site-packages/airflow/example_dags/example_python_operator.py for tasks to queue
[2025-04-13T13:46:56.120-0400] {logging_mixin.py:188} INFO - [2025-04-13T13:46:56.120-0400] {dagbag.py:540} INFO - Filling up the DagBag from /opt/anaconda3/lib/python3.12/site-packages/airflow/example_dags/example_python_operator.py
[2025-04-13T13:46:56.131-0400] {processor.py:840} INFO - DAG(s) 'example_python_operator' retrieved from /opt/anaconda3/lib/python3.12/site-packages/airflow/example_dags/example_python_operator.py
[2025-04-13T13:46:56.207-0400] {logging_mixin.py:188} INFO - [2025-04-13T13:46:56.206-0400] {dag.py:3096} INFO - Sync 1 DAGs
[2025-04-13T13:46:56.209-0400] {logging_mixin.py:188} INFO - [2025-04-13T13:46:56.209-0400] {dag.py:3954} INFO - Setting next_dagrun for example_python_operator to None, run_after=None
[2025-04-13T13:46:56.215-0400] {processor.py:183} INFO - Processing /opt/anaconda3/lib/python3.12/site-packages/airflow/example_dags/example_python_operator.py took 0.096 seconds
[2025-04-13T13:49:15.926-0400] {processor.py:161} INFO - Started process (PID=50382) to work on /opt/anaconda3/lib/python3.12/site-packages/airflow/example_dags/example_python_operator.py
[2025-04-13T13:49:15.926-0400] {processor.py:830} INFO - Processing file /opt/anaconda3/lib/python3.12/site-packages/airflow/example_dags/example_python_operator.py for tasks to queue
[2025-04-13T13:49:15.927-0400] {logging_mixin.py:188} INFO - [2025-04-13T13:49:15.927-0400] {dagbag.py:540} INFO - Filling up the DagBag from /opt/anaconda3/lib/python3.12/site-packages/airflow/example_dags/example_python_operator.py
[2025-04-13T13:49:15.939-0400] {processor.py:840} INFO - DAG(s) 'example_python_operator' retrieved from /opt/anaconda3/lib/python3.12/site-packages/airflow/example_dags/example_python_operator.py
[2025-04-13T13:49:16.018-0400] {logging_mixin.py:188} INFO - [2025-04-13T13:49:16.018-0400] {dag.py:3096} INFO - Sync 1 DAGs
[2025-04-13T13:49:16.021-0400] {logging_mixin.py:188} INFO - [2025-04-13T13:49:16.021-0400] {dag.py:3954} INFO - Setting next_dagrun for example_python_operator to None, run_after=None
[2025-04-13T13:49:16.027-0400] {processor.py:183} INFO - Processing /opt/anaconda3/lib/python3.12/site-packages/airflow/example_dags/example_python_operator.py took 0.102 seconds
[2025-04-13T13:51:33.534-0400] {processor.py:161} INFO - Started process (PID=51310) to work on /opt/anaconda3/lib/python3.12/site-packages/airflow/example_dags/example_python_operator.py
[2025-04-13T13:51:33.534-0400] {processor.py:830} INFO - Processing file /opt/anaconda3/lib/python3.12/site-packages/airflow/example_dags/example_python_operator.py for tasks to queue
[2025-04-13T13:51:33.535-0400] {logging_mixin.py:188} INFO - [2025-04-13T13:51:33.535-0400] {dagbag.py:540} INFO - Filling up the DagBag from /opt/anaconda3/lib/python3.12/site-packages/airflow/example_dags/example_python_operator.py
[2025-04-13T13:51:33.546-0400] {processor.py:840} INFO - DAG(s) 'example_python_operator' retrieved from /opt/anaconda3/lib/python3.12/site-packages/airflow/example_dags/example_python_operator.py
[2025-04-13T13:51:33.623-0400] {logging_mixin.py:188} INFO - [2025-04-13T13:51:33.623-0400] {dag.py:3096} INFO - Sync 1 DAGs
[2025-04-13T13:51:33.626-0400] {logging_mixin.py:188} INFO - [2025-04-13T13:51:33.625-0400] {dag.py:3954} INFO - Setting next_dagrun for example_python_operator to None, run_after=None
[2025-04-13T13:51:33.631-0400] {processor.py:183} INFO - Processing /opt/anaconda3/lib/python3.12/site-packages/airflow/example_dags/example_python_operator.py took 0.098 seconds
[2025-04-13T13:53:55.326-0400] {processor.py:161} INFO - Started process (PID=52265) to work on /opt/anaconda3/lib/python3.12/site-packages/airflow/example_dags/example_python_operator.py
[2025-04-13T13:53:55.326-0400] {processor.py:830} INFO - Processing file /opt/anaconda3/lib/python3.12/site-packages/airflow/example_dags/example_python_operator.py for tasks to queue
[2025-04-13T13:53:55.327-0400] {logging_mixin.py:188} INFO - [2025-04-13T13:53:55.327-0400] {dagbag.py:540} INFO - Filling up the DagBag from /opt/anaconda3/lib/python3.12/site-packages/airflow/example_dags/example_python_operator.py
[2025-04-13T13:53:55.338-0400] {processor.py:840} INFO - DAG(s) 'example_python_operator' retrieved from /opt/anaconda3/lib/python3.12/site-packages/airflow/example_dags/example_python_operator.py
[2025-04-13T13:53:55.413-0400] {logging_mixin.py:188} INFO - [2025-04-13T13:53:55.412-0400] {dag.py:3096} INFO - Sync 1 DAGs
[2025-04-13T13:53:55.415-0400] {logging_mixin.py:188} INFO - [2025-04-13T13:53:55.415-0400] {dag.py:3954} INFO - Setting next_dagrun for example_python_operator to None, run_after=None
[2025-04-13T13:53:55.421-0400] {processor.py:183} INFO - Processing /opt/anaconda3/lib/python3.12/site-packages/airflow/example_dags/example_python_operator.py took 0.096 seconds
[2025-04-13T13:56:10.518-0400] {processor.py:161} INFO - Started process (PID=53168) to work on /opt/anaconda3/lib/python3.12/site-packages/airflow/example_dags/example_python_operator.py
[2025-04-13T13:56:10.519-0400] {processor.py:830} INFO - Processing file /opt/anaconda3/lib/python3.12/site-packages/airflow/example_dags/example_python_operator.py for tasks to queue
[2025-04-13T13:56:10.519-0400] {logging_mixin.py:188} INFO - [2025-04-13T13:56:10.519-0400] {dagbag.py:540} INFO - Filling up the DagBag from /opt/anaconda3/lib/python3.12/site-packages/airflow/example_dags/example_python_operator.py
[2025-04-13T13:56:10.532-0400] {processor.py:840} INFO - DAG(s) 'example_python_operator' retrieved from /opt/anaconda3/lib/python3.12/site-packages/airflow/example_dags/example_python_operator.py
[2025-04-13T13:56:10.606-0400] {logging_mixin.py:188} INFO - [2025-04-13T13:56:10.606-0400] {dag.py:3096} INFO - Sync 1 DAGs
[2025-04-13T13:56:10.609-0400] {logging_mixin.py:188} INFO - [2025-04-13T13:56:10.609-0400] {dag.py:3954} INFO - Setting next_dagrun for example_python_operator to None, run_after=None
[2025-04-13T13:56:10.615-0400] {processor.py:183} INFO - Processing /opt/anaconda3/lib/python3.12/site-packages/airflow/example_dags/example_python_operator.py took 0.098 seconds
[2025-04-13T13:58:25.746-0400] {processor.py:161} INFO - Started process (PID=54097) to work on /opt/anaconda3/lib/python3.12/site-packages/airflow/example_dags/example_python_operator.py
[2025-04-13T13:58:25.746-0400] {processor.py:830} INFO - Processing file /opt/anaconda3/lib/python3.12/site-packages/airflow/example_dags/example_python_operator.py for tasks to queue
[2025-04-13T13:58:25.747-0400] {logging_mixin.py:188} INFO - [2025-04-13T13:58:25.747-0400] {dagbag.py:540} INFO - Filling up the DagBag from /opt/anaconda3/lib/python3.12/site-packages/airflow/example_dags/example_python_operator.py
[2025-04-13T13:58:25.759-0400] {processor.py:840} INFO - DAG(s) 'example_python_operator' retrieved from /opt/anaconda3/lib/python3.12/site-packages/airflow/example_dags/example_python_operator.py
[2025-04-13T13:58:25.843-0400] {logging_mixin.py:188} INFO - [2025-04-13T13:58:25.843-0400] {dag.py:3096} INFO - Sync 1 DAGs
[2025-04-13T13:58:25.846-0400] {logging_mixin.py:188} INFO - [2025-04-13T13:58:25.846-0400] {dag.py:3954} INFO - Setting next_dagrun for example_python_operator to None, run_after=None
[2025-04-13T13:58:25.852-0400] {processor.py:183} INFO - Processing /opt/anaconda3/lib/python3.12/site-packages/airflow/example_dags/example_python_operator.py took 0.107 seconds
[2025-04-13T14:00:40.527-0400] {processor.py:161} INFO - Started process (PID=55057) to work on /opt/anaconda3/lib/python3.12/site-packages/airflow/example_dags/example_python_operator.py
[2025-04-13T14:00:40.527-0400] {processor.py:830} INFO - Processing file /opt/anaconda3/lib/python3.12/site-packages/airflow/example_dags/example_python_operator.py for tasks to queue
[2025-04-13T14:00:40.528-0400] {logging_mixin.py:188} INFO - [2025-04-13T14:00:40.528-0400] {dagbag.py:540} INFO - Filling up the DagBag from /opt/anaconda3/lib/python3.12/site-packages/airflow/example_dags/example_python_operator.py
[2025-04-13T14:00:40.542-0400] {processor.py:840} INFO - DAG(s) 'example_python_operator' retrieved from /opt/anaconda3/lib/python3.12/site-packages/airflow/example_dags/example_python_operator.py
[2025-04-13T14:00:40.625-0400] {logging_mixin.py:188} INFO - [2025-04-13T14:00:40.624-0400] {dag.py:3096} INFO - Sync 1 DAGs
[2025-04-13T14:00:40.627-0400] {logging_mixin.py:188} INFO - [2025-04-13T14:00:40.627-0400] {dag.py:3954} INFO - Setting next_dagrun for example_python_operator to None, run_after=None
[2025-04-13T14:00:40.633-0400] {processor.py:183} INFO - Processing /opt/anaconda3/lib/python3.12/site-packages/airflow/example_dags/example_python_operator.py took 0.107 seconds
