[2025-04-13T13:08:40.357-0400] {processor.py:161} INFO - Started process (PID=34744) to work on /opt/anaconda3/lib/python3.12/site-packages/airflow/example_dags/example_datasets.py
[2025-04-13T13:08:40.358-0400] {processor.py:830} INFO - Processing file /opt/anaconda3/lib/python3.12/site-packages/airflow/example_dags/example_datasets.py for tasks to queue
[2025-04-13T13:08:40.358-0400] {logging_mixin.py:188} INFO - [2025-04-13T13:08:40.358-0400] {dagbag.py:540} INFO - Filling up the DagBag from /opt/anaconda3/lib/python3.12/site-packages/airflow/example_dags/example_datasets.py
[2025-04-13T13:08:40.474-0400] {processor.py:840} INFO - DAG(s) 'dataset_produces_2', 'dataset_consumes_unknown_never_scheduled', 'conditional_dataset_and_time_based_timetable', 'dataset_produces_1', 'consume_1_or_2_with_dataset_expressions', 'dataset_consumes_1', 'dataset_consumes_1_never_scheduled', 'consume_1_or_both_2_and_3_with_dataset_expressions', 'consume_1_and_2_with_dataset_expressions', 'dataset_consumes_1_and_2' retrieved from /opt/anaconda3/lib/python3.12/site-packages/airflow/example_dags/example_datasets.py
[2025-04-13T13:08:40.527-0400] {logging_mixin.py:188} INFO - [2025-04-13T13:08:40.526-0400] {override.py:1930} INFO - Created Permission View: can edit on DAG:dataset_produces_2
[2025-04-13T13:08:40.529-0400] {logging_mixin.py:188} INFO - [2025-04-13T13:08:40.529-0400] {override.py:1930} INFO - Created Permission View: can read on DAG:dataset_produces_2
[2025-04-13T13:08:40.530-0400] {logging_mixin.py:188} INFO - [2025-04-13T13:08:40.530-0400] {override.py:1930} INFO - Created Permission View: can delete on DAG:dataset_produces_2
[2025-04-13T13:08:40.533-0400] {logging_mixin.py:188} INFO - [2025-04-13T13:08:40.533-0400] {override.py:1930} INFO - Created Permission View: can edit on DAG:dataset_consumes_unknown_never_scheduled
[2025-04-13T13:08:40.535-0400] {logging_mixin.py:188} INFO - [2025-04-13T13:08:40.535-0400] {override.py:1930} INFO - Created Permission View: can read on DAG:dataset_consumes_unknown_never_scheduled
[2025-04-13T13:08:40.536-0400] {logging_mixin.py:188} INFO - [2025-04-13T13:08:40.536-0400] {override.py:1930} INFO - Created Permission View: can delete on DAG:dataset_consumes_unknown_never_scheduled
[2025-04-13T13:08:40.539-0400] {logging_mixin.py:188} INFO - [2025-04-13T13:08:40.539-0400] {override.py:1930} INFO - Created Permission View: can edit on DAG:conditional_dataset_and_time_based_timetable
[2025-04-13T13:08:40.541-0400] {logging_mixin.py:188} INFO - [2025-04-13T13:08:40.541-0400] {override.py:1930} INFO - Created Permission View: can read on DAG:conditional_dataset_and_time_based_timetable
[2025-04-13T13:08:40.542-0400] {logging_mixin.py:188} INFO - [2025-04-13T13:08:40.542-0400] {override.py:1930} INFO - Created Permission View: can delete on DAG:conditional_dataset_and_time_based_timetable
[2025-04-13T13:08:40.545-0400] {logging_mixin.py:188} INFO - [2025-04-13T13:08:40.545-0400] {override.py:1930} INFO - Created Permission View: can edit on DAG:dataset_produces_1
[2025-04-13T13:08:40.546-0400] {logging_mixin.py:188} INFO - [2025-04-13T13:08:40.546-0400] {override.py:1930} INFO - Created Permission View: can read on DAG:dataset_produces_1
[2025-04-13T13:08:40.548-0400] {logging_mixin.py:188} INFO - [2025-04-13T13:08:40.548-0400] {override.py:1930} INFO - Created Permission View: can delete on DAG:dataset_produces_1
[2025-04-13T13:08:40.550-0400] {logging_mixin.py:188} INFO - [2025-04-13T13:08:40.550-0400] {override.py:1930} INFO - Created Permission View: can edit on DAG:consume_1_or_2_with_dataset_expressions
[2025-04-13T13:08:40.552-0400] {logging_mixin.py:188} INFO - [2025-04-13T13:08:40.552-0400] {override.py:1930} INFO - Created Permission View: can read on DAG:consume_1_or_2_with_dataset_expressions
[2025-04-13T13:08:40.553-0400] {logging_mixin.py:188} INFO - [2025-04-13T13:08:40.553-0400] {override.py:1930} INFO - Created Permission View: can delete on DAG:consume_1_or_2_with_dataset_expressions
[2025-04-13T13:08:40.556-0400] {logging_mixin.py:188} INFO - [2025-04-13T13:08:40.556-0400] {override.py:1930} INFO - Created Permission View: can edit on DAG:dataset_consumes_1
[2025-04-13T13:08:40.557-0400] {logging_mixin.py:188} INFO - [2025-04-13T13:08:40.557-0400] {override.py:1930} INFO - Created Permission View: can read on DAG:dataset_consumes_1
[2025-04-13T13:08:40.558-0400] {logging_mixin.py:188} INFO - [2025-04-13T13:08:40.558-0400] {override.py:1930} INFO - Created Permission View: can delete on DAG:dataset_consumes_1
[2025-04-13T13:08:40.561-0400] {logging_mixin.py:188} INFO - [2025-04-13T13:08:40.561-0400] {override.py:1930} INFO - Created Permission View: can edit on DAG:dataset_consumes_1_never_scheduled
[2025-04-13T13:08:40.562-0400] {logging_mixin.py:188} INFO - [2025-04-13T13:08:40.562-0400] {override.py:1930} INFO - Created Permission View: can read on DAG:dataset_consumes_1_never_scheduled
[2025-04-13T13:08:40.564-0400] {logging_mixin.py:188} INFO - [2025-04-13T13:08:40.564-0400] {override.py:1930} INFO - Created Permission View: can delete on DAG:dataset_consumes_1_never_scheduled
[2025-04-13T13:08:40.566-0400] {logging_mixin.py:188} INFO - [2025-04-13T13:08:40.566-0400] {override.py:1930} INFO - Created Permission View: can edit on DAG:consume_1_or_both_2_and_3_with_dataset_expressions
[2025-04-13T13:08:40.568-0400] {logging_mixin.py:188} INFO - [2025-04-13T13:08:40.568-0400] {override.py:1930} INFO - Created Permission View: can read on DAG:consume_1_or_both_2_and_3_with_dataset_expressions
[2025-04-13T13:08:40.569-0400] {logging_mixin.py:188} INFO - [2025-04-13T13:08:40.569-0400] {override.py:1930} INFO - Created Permission View: can delete on DAG:consume_1_or_both_2_and_3_with_dataset_expressions
[2025-04-13T13:08:40.572-0400] {logging_mixin.py:188} INFO - [2025-04-13T13:08:40.572-0400] {override.py:1930} INFO - Created Permission View: can edit on DAG:consume_1_and_2_with_dataset_expressions
[2025-04-13T13:08:40.573-0400] {logging_mixin.py:188} INFO - [2025-04-13T13:08:40.573-0400] {override.py:1930} INFO - Created Permission View: can read on DAG:consume_1_and_2_with_dataset_expressions
[2025-04-13T13:08:40.574-0400] {logging_mixin.py:188} INFO - [2025-04-13T13:08:40.574-0400] {override.py:1930} INFO - Created Permission View: can delete on DAG:consume_1_and_2_with_dataset_expressions
[2025-04-13T13:08:40.577-0400] {logging_mixin.py:188} INFO - [2025-04-13T13:08:40.577-0400] {override.py:1930} INFO - Created Permission View: can edit on DAG:dataset_consumes_1_and_2
[2025-04-13T13:08:40.578-0400] {logging_mixin.py:188} INFO - [2025-04-13T13:08:40.578-0400] {override.py:1930} INFO - Created Permission View: can read on DAG:dataset_consumes_1_and_2
[2025-04-13T13:08:40.580-0400] {logging_mixin.py:188} INFO - [2025-04-13T13:08:40.580-0400] {override.py:1930} INFO - Created Permission View: can delete on DAG:dataset_consumes_1_and_2
[2025-04-13T13:08:40.580-0400] {logging_mixin.py:188} INFO - [2025-04-13T13:08:40.580-0400] {dag.py:3096} INFO - Sync 10 DAGs
[2025-04-13T13:08:40.583-0400] {logging_mixin.py:188} INFO - [2025-04-13T13:08:40.583-0400] {dag.py:3118} INFO - Creating ORM DAG for dataset_produces_2
[2025-04-13T13:08:40.583-0400] {logging_mixin.py:188} INFO - [2025-04-13T13:08:40.583-0400] {dag.py:3118} INFO - Creating ORM DAG for consume_1_or_2_with_dataset_expressions
[2025-04-13T13:08:40.583-0400] {logging_mixin.py:188} INFO - [2025-04-13T13:08:40.583-0400] {dag.py:3118} INFO - Creating ORM DAG for conditional_dataset_and_time_based_timetable
[2025-04-13T13:08:40.583-0400] {logging_mixin.py:188} INFO - [2025-04-13T13:08:40.583-0400] {dag.py:3118} INFO - Creating ORM DAG for consume_1_and_2_with_dataset_expressions
[2025-04-13T13:08:40.583-0400] {logging_mixin.py:188} INFO - [2025-04-13T13:08:40.583-0400] {dag.py:3118} INFO - Creating ORM DAG for dataset_consumes_unknown_never_scheduled
[2025-04-13T13:08:40.584-0400] {logging_mixin.py:188} INFO - [2025-04-13T13:08:40.584-0400] {dag.py:3118} INFO - Creating ORM DAG for dataset_produces_1
[2025-04-13T13:08:40.584-0400] {logging_mixin.py:188} INFO - [2025-04-13T13:08:40.584-0400] {dag.py:3118} INFO - Creating ORM DAG for dataset_consumes_1_and_2
[2025-04-13T13:08:40.584-0400] {logging_mixin.py:188} INFO - [2025-04-13T13:08:40.584-0400] {dag.py:3118} INFO - Creating ORM DAG for consume_1_or_both_2_and_3_with_dataset_expressions
[2025-04-13T13:08:40.584-0400] {logging_mixin.py:188} INFO - [2025-04-13T13:08:40.584-0400] {dag.py:3118} INFO - Creating ORM DAG for dataset_consumes_1_never_scheduled
[2025-04-13T13:08:40.584-0400] {logging_mixin.py:188} INFO - [2025-04-13T13:08:40.584-0400] {dag.py:3118} INFO - Creating ORM DAG for dataset_consumes_1
[2025-04-13T13:08:40.587-0400] {logging_mixin.py:188} INFO - [2025-04-13T13:08:40.587-0400] {dag.py:3954} INFO - Setting next_dagrun for conditional_dataset_and_time_based_timetable to 2025-04-09 01:00:00+00:00, run_after=2025-04-09 01:00:00+00:00
[2025-04-13T13:08:40.587-0400] {logging_mixin.py:188} INFO - [2025-04-13T13:08:40.587-0400] {dag.py:3954} INFO - Setting next_dagrun for consume_1_and_2_with_dataset_expressions to None, run_after=None
[2025-04-13T13:08:40.587-0400] {logging_mixin.py:188} INFO - [2025-04-13T13:08:40.587-0400] {dag.py:3954} INFO - Setting next_dagrun for consume_1_or_2_with_dataset_expressions to None, run_after=None
[2025-04-13T13:08:40.587-0400] {logging_mixin.py:188} INFO - [2025-04-13T13:08:40.587-0400] {dag.py:3954} INFO - Setting next_dagrun for consume_1_or_both_2_and_3_with_dataset_expressions to None, run_after=None
[2025-04-13T13:08:40.587-0400] {logging_mixin.py:188} INFO - [2025-04-13T13:08:40.587-0400] {dag.py:3954} INFO - Setting next_dagrun for dataset_consumes_1 to None, run_after=None
[2025-04-13T13:08:40.587-0400] {logging_mixin.py:188} INFO - [2025-04-13T13:08:40.587-0400] {dag.py:3954} INFO - Setting next_dagrun for dataset_consumes_1_and_2 to None, run_after=None
[2025-04-13T13:08:40.587-0400] {logging_mixin.py:188} INFO - [2025-04-13T13:08:40.587-0400] {dag.py:3954} INFO - Setting next_dagrun for dataset_consumes_1_never_scheduled to None, run_after=None
[2025-04-13T13:08:40.588-0400] {logging_mixin.py:188} INFO - [2025-04-13T13:08:40.587-0400] {dag.py:3954} INFO - Setting next_dagrun for dataset_consumes_unknown_never_scheduled to None, run_after=None
[2025-04-13T13:08:40.588-0400] {logging_mixin.py:188} INFO - [2025-04-13T13:08:40.588-0400] {dag.py:3954} INFO - Setting next_dagrun for dataset_produces_1 to 2025-04-12 00:00:00+00:00, run_after=2025-04-13 00:00:00+00:00
[2025-04-13T13:08:40.588-0400] {logging_mixin.py:188} INFO - [2025-04-13T13:08:40.588-0400] {dag.py:3954} INFO - Setting next_dagrun for dataset_produces_2 to None, run_after=None
[2025-04-13T13:08:40.599-0400] {processor.py:183} INFO - Processing /opt/anaconda3/lib/python3.12/site-packages/airflow/example_dags/example_datasets.py took 0.242 seconds
[2025-04-13T13:16:13.320-0400] {processor.py:161} INFO - Started process (PID=37592) to work on /opt/anaconda3/lib/python3.12/site-packages/airflow/example_dags/example_datasets.py
[2025-04-13T13:16:13.321-0400] {processor.py:830} INFO - Processing file /opt/anaconda3/lib/python3.12/site-packages/airflow/example_dags/example_datasets.py for tasks to queue
[2025-04-13T13:16:13.322-0400] {logging_mixin.py:188} INFO - [2025-04-13T13:16:13.321-0400] {dagbag.py:540} INFO - Filling up the DagBag from /opt/anaconda3/lib/python3.12/site-packages/airflow/example_dags/example_datasets.py
[2025-04-13T13:16:13.430-0400] {processor.py:840} INFO - DAG(s) 'consume_1_or_2_with_dataset_expressions', 'dataset_consumes_1_never_scheduled', 'consume_1_or_both_2_and_3_with_dataset_expressions', 'dataset_consumes_1', 'dataset_produces_2', 'dataset_consumes_unknown_never_scheduled', 'conditional_dataset_and_time_based_timetable', 'dataset_consumes_1_and_2', 'consume_1_and_2_with_dataset_expressions', 'dataset_produces_1' retrieved from /opt/anaconda3/lib/python3.12/site-packages/airflow/example_dags/example_datasets.py
[2025-04-13T13:16:13.462-0400] {logging_mixin.py:188} INFO - [2025-04-13T13:16:13.462-0400] {dag.py:3096} INFO - Sync 10 DAGs
[2025-04-13T13:16:13.467-0400] {logging_mixin.py:188} INFO - [2025-04-13T13:16:13.467-0400] {dag.py:3954} INFO - Setting next_dagrun for conditional_dataset_and_time_based_timetable to 2025-04-09 01:00:00+00:00, run_after=2025-04-09 01:00:00+00:00
[2025-04-13T13:16:13.468-0400] {logging_mixin.py:188} INFO - [2025-04-13T13:16:13.468-0400] {dag.py:3954} INFO - Setting next_dagrun for consume_1_and_2_with_dataset_expressions to None, run_after=None
[2025-04-13T13:16:13.469-0400] {logging_mixin.py:188} INFO - [2025-04-13T13:16:13.468-0400] {dag.py:3954} INFO - Setting next_dagrun for consume_1_or_2_with_dataset_expressions to None, run_after=None
[2025-04-13T13:16:13.469-0400] {logging_mixin.py:188} INFO - [2025-04-13T13:16:13.469-0400] {dag.py:3954} INFO - Setting next_dagrun for consume_1_or_both_2_and_3_with_dataset_expressions to None, run_after=None
[2025-04-13T13:16:13.469-0400] {logging_mixin.py:188} INFO - [2025-04-13T13:16:13.469-0400] {dag.py:3954} INFO - Setting next_dagrun for dataset_consumes_1 to None, run_after=None
[2025-04-13T13:16:13.469-0400] {logging_mixin.py:188} INFO - [2025-04-13T13:16:13.469-0400] {dag.py:3954} INFO - Setting next_dagrun for dataset_consumes_1_and_2 to None, run_after=None
[2025-04-13T13:16:13.469-0400] {logging_mixin.py:188} INFO - [2025-04-13T13:16:13.469-0400] {dag.py:3954} INFO - Setting next_dagrun for dataset_consumes_1_never_scheduled to None, run_after=None
[2025-04-13T13:16:13.470-0400] {logging_mixin.py:188} INFO - [2025-04-13T13:16:13.470-0400] {dag.py:3954} INFO - Setting next_dagrun for dataset_consumes_unknown_never_scheduled to None, run_after=None
[2025-04-13T13:16:13.470-0400] {logging_mixin.py:188} INFO - [2025-04-13T13:16:13.470-0400] {dag.py:3954} INFO - Setting next_dagrun for dataset_produces_1 to 2025-04-12 00:00:00+00:00, run_after=2025-04-13 00:00:00+00:00
[2025-04-13T13:16:13.470-0400] {logging_mixin.py:188} INFO - [2025-04-13T13:16:13.470-0400] {dag.py:3954} INFO - Setting next_dagrun for dataset_produces_2 to None, run_after=None
[2025-04-13T13:16:13.478-0400] {processor.py:183} INFO - Processing /opt/anaconda3/lib/python3.12/site-packages/airflow/example_dags/example_datasets.py took 0.159 seconds
[2025-04-13T13:19:53.352-0400] {processor.py:161} INFO - Started process (PID=39108) to work on /opt/anaconda3/lib/python3.12/site-packages/airflow/example_dags/example_datasets.py
[2025-04-13T13:19:53.353-0400] {processor.py:830} INFO - Processing file /opt/anaconda3/lib/python3.12/site-packages/airflow/example_dags/example_datasets.py for tasks to queue
[2025-04-13T13:19:53.354-0400] {logging_mixin.py:188} INFO - [2025-04-13T13:19:53.354-0400] {dagbag.py:540} INFO - Filling up the DagBag from /opt/anaconda3/lib/python3.12/site-packages/airflow/example_dags/example_datasets.py
[2025-04-13T13:19:53.443-0400] {processor.py:840} INFO - DAG(s) 'consume_1_or_both_2_and_3_with_dataset_expressions', 'dataset_consumes_1', 'dataset_produces_1', 'dataset_consumes_unknown_never_scheduled', 'dataset_produces_2', 'consume_1_and_2_with_dataset_expressions', 'consume_1_or_2_with_dataset_expressions', 'conditional_dataset_and_time_based_timetable', 'dataset_consumes_1_never_scheduled', 'dataset_consumes_1_and_2' retrieved from /opt/anaconda3/lib/python3.12/site-packages/airflow/example_dags/example_datasets.py
[2025-04-13T13:19:53.515-0400] {logging_mixin.py:188} INFO - [2025-04-13T13:19:53.515-0400] {dag.py:3096} INFO - Sync 10 DAGs
[2025-04-13T13:19:53.521-0400] {logging_mixin.py:188} INFO - [2025-04-13T13:19:53.521-0400] {dag.py:3954} INFO - Setting next_dagrun for conditional_dataset_and_time_based_timetable to 2025-04-09 01:00:00+00:00, run_after=2025-04-09 01:00:00+00:00
[2025-04-13T13:19:53.523-0400] {logging_mixin.py:188} INFO - [2025-04-13T13:19:53.523-0400] {dag.py:3954} INFO - Setting next_dagrun for consume_1_and_2_with_dataset_expressions to None, run_after=None
[2025-04-13T13:19:53.523-0400] {logging_mixin.py:188} INFO - [2025-04-13T13:19:53.523-0400] {dag.py:3954} INFO - Setting next_dagrun for consume_1_or_2_with_dataset_expressions to None, run_after=None
[2025-04-13T13:19:53.523-0400] {logging_mixin.py:188} INFO - [2025-04-13T13:19:53.523-0400] {dag.py:3954} INFO - Setting next_dagrun for consume_1_or_both_2_and_3_with_dataset_expressions to None, run_after=None
[2025-04-13T13:19:53.524-0400] {logging_mixin.py:188} INFO - [2025-04-13T13:19:53.524-0400] {dag.py:3954} INFO - Setting next_dagrun for dataset_consumes_1 to None, run_after=None
[2025-04-13T13:19:53.524-0400] {logging_mixin.py:188} INFO - [2025-04-13T13:19:53.524-0400] {dag.py:3954} INFO - Setting next_dagrun for dataset_consumes_1_and_2 to None, run_after=None
[2025-04-13T13:19:53.524-0400] {logging_mixin.py:188} INFO - [2025-04-13T13:19:53.524-0400] {dag.py:3954} INFO - Setting next_dagrun for dataset_consumes_1_never_scheduled to None, run_after=None
[2025-04-13T13:19:53.524-0400] {logging_mixin.py:188} INFO - [2025-04-13T13:19:53.524-0400] {dag.py:3954} INFO - Setting next_dagrun for dataset_consumes_unknown_never_scheduled to None, run_after=None
[2025-04-13T13:19:53.525-0400] {logging_mixin.py:188} INFO - [2025-04-13T13:19:53.525-0400] {dag.py:3954} INFO - Setting next_dagrun for dataset_produces_1 to 2025-04-12 00:00:00+00:00, run_after=2025-04-13 00:00:00+00:00
[2025-04-13T13:19:53.525-0400] {logging_mixin.py:188} INFO - [2025-04-13T13:19:53.525-0400] {dag.py:3954} INFO - Setting next_dagrun for dataset_produces_2 to None, run_after=None
[2025-04-13T13:19:53.534-0400] {processor.py:183} INFO - Processing /opt/anaconda3/lib/python3.12/site-packages/airflow/example_dags/example_datasets.py took 0.182 seconds
[2025-04-13T13:24:23.297-0400] {processor.py:161} INFO - Started process (PID=40971) to work on /opt/anaconda3/lib/python3.12/site-packages/airflow/example_dags/example_datasets.py
[2025-04-13T13:24:23.298-0400] {processor.py:830} INFO - Processing file /opt/anaconda3/lib/python3.12/site-packages/airflow/example_dags/example_datasets.py for tasks to queue
[2025-04-13T13:24:23.298-0400] {logging_mixin.py:188} INFO - [2025-04-13T13:24:23.298-0400] {dagbag.py:540} INFO - Filling up the DagBag from /opt/anaconda3/lib/python3.12/site-packages/airflow/example_dags/example_datasets.py
[2025-04-13T13:24:23.419-0400] {processor.py:840} INFO - DAG(s) 'consume_1_or_2_with_dataset_expressions', 'dataset_produces_1', 'dataset_consumes_1_never_scheduled', 'dataset_consumes_1', 'dataset_produces_2', 'consume_1_and_2_with_dataset_expressions', 'dataset_consumes_1_and_2', 'consume_1_or_both_2_and_3_with_dataset_expressions', 'conditional_dataset_and_time_based_timetable', 'dataset_consumes_unknown_never_scheduled' retrieved from /opt/anaconda3/lib/python3.12/site-packages/airflow/example_dags/example_datasets.py
[2025-04-13T13:24:23.487-0400] {logging_mixin.py:188} INFO - [2025-04-13T13:24:23.486-0400] {dag.py:3096} INFO - Sync 10 DAGs
[2025-04-13T13:24:23.492-0400] {logging_mixin.py:188} INFO - [2025-04-13T13:24:23.492-0400] {dag.py:3954} INFO - Setting next_dagrun for conditional_dataset_and_time_based_timetable to 2025-04-09 01:00:00+00:00, run_after=2025-04-09 01:00:00+00:00
[2025-04-13T13:24:23.493-0400] {logging_mixin.py:188} INFO - [2025-04-13T13:24:23.493-0400] {dag.py:3954} INFO - Setting next_dagrun for consume_1_and_2_with_dataset_expressions to None, run_after=None
[2025-04-13T13:24:23.493-0400] {logging_mixin.py:188} INFO - [2025-04-13T13:24:23.493-0400] {dag.py:3954} INFO - Setting next_dagrun for consume_1_or_2_with_dataset_expressions to None, run_after=None
[2025-04-13T13:24:23.494-0400] {logging_mixin.py:188} INFO - [2025-04-13T13:24:23.494-0400] {dag.py:3954} INFO - Setting next_dagrun for consume_1_or_both_2_and_3_with_dataset_expressions to None, run_after=None
[2025-04-13T13:24:23.494-0400] {logging_mixin.py:188} INFO - [2025-04-13T13:24:23.494-0400] {dag.py:3954} INFO - Setting next_dagrun for dataset_consumes_1 to None, run_after=None
[2025-04-13T13:24:23.494-0400] {logging_mixin.py:188} INFO - [2025-04-13T13:24:23.494-0400] {dag.py:3954} INFO - Setting next_dagrun for dataset_consumes_1_and_2 to None, run_after=None
[2025-04-13T13:24:23.494-0400] {logging_mixin.py:188} INFO - [2025-04-13T13:24:23.494-0400] {dag.py:3954} INFO - Setting next_dagrun for dataset_consumes_1_never_scheduled to None, run_after=None
[2025-04-13T13:24:23.495-0400] {logging_mixin.py:188} INFO - [2025-04-13T13:24:23.494-0400] {dag.py:3954} INFO - Setting next_dagrun for dataset_consumes_unknown_never_scheduled to None, run_after=None
[2025-04-13T13:24:23.495-0400] {logging_mixin.py:188} INFO - [2025-04-13T13:24:23.495-0400] {dag.py:3954} INFO - Setting next_dagrun for dataset_produces_1 to 2025-04-12 00:00:00+00:00, run_after=2025-04-13 00:00:00+00:00
[2025-04-13T13:24:23.495-0400] {logging_mixin.py:188} INFO - [2025-04-13T13:24:23.495-0400] {dag.py:3954} INFO - Setting next_dagrun for dataset_produces_2 to None, run_after=None
[2025-04-13T13:24:23.504-0400] {processor.py:183} INFO - Processing /opt/anaconda3/lib/python3.12/site-packages/airflow/example_dags/example_datasets.py took 0.208 seconds
[2025-04-13T13:26:33.561-0400] {processor.py:161} INFO - Started process (PID=41860) to work on /opt/anaconda3/lib/python3.12/site-packages/airflow/example_dags/example_datasets.py
[2025-04-13T13:26:33.562-0400] {processor.py:830} INFO - Processing file /opt/anaconda3/lib/python3.12/site-packages/airflow/example_dags/example_datasets.py for tasks to queue
[2025-04-13T13:26:33.562-0400] {logging_mixin.py:188} INFO - [2025-04-13T13:26:33.562-0400] {dagbag.py:540} INFO - Filling up the DagBag from /opt/anaconda3/lib/python3.12/site-packages/airflow/example_dags/example_datasets.py
[2025-04-13T13:26:33.682-0400] {processor.py:840} INFO - DAG(s) 'consume_1_and_2_with_dataset_expressions', 'dataset_consumes_1_never_scheduled', 'dataset_produces_2', 'consume_1_or_both_2_and_3_with_dataset_expressions', 'dataset_consumes_1', 'dataset_produces_1', 'conditional_dataset_and_time_based_timetable', 'consume_1_or_2_with_dataset_expressions', 'dataset_consumes_1_and_2', 'dataset_consumes_unknown_never_scheduled' retrieved from /opt/anaconda3/lib/python3.12/site-packages/airflow/example_dags/example_datasets.py
[2025-04-13T13:26:33.714-0400] {logging_mixin.py:188} INFO - [2025-04-13T13:26:33.714-0400] {dag.py:3096} INFO - Sync 10 DAGs
[2025-04-13T13:26:33.720-0400] {logging_mixin.py:188} INFO - [2025-04-13T13:26:33.719-0400] {dag.py:3954} INFO - Setting next_dagrun for conditional_dataset_and_time_based_timetable to 2025-04-09 01:00:00+00:00, run_after=2025-04-09 01:00:00+00:00
[2025-04-13T13:26:33.720-0400] {logging_mixin.py:188} INFO - [2025-04-13T13:26:33.720-0400] {dag.py:3954} INFO - Setting next_dagrun for consume_1_and_2_with_dataset_expressions to None, run_after=None
[2025-04-13T13:26:33.721-0400] {logging_mixin.py:188} INFO - [2025-04-13T13:26:33.721-0400] {dag.py:3954} INFO - Setting next_dagrun for consume_1_or_2_with_dataset_expressions to None, run_after=None
[2025-04-13T13:26:33.721-0400] {logging_mixin.py:188} INFO - [2025-04-13T13:26:33.721-0400] {dag.py:3954} INFO - Setting next_dagrun for consume_1_or_both_2_and_3_with_dataset_expressions to None, run_after=None
[2025-04-13T13:26:33.721-0400] {logging_mixin.py:188} INFO - [2025-04-13T13:26:33.721-0400] {dag.py:3954} INFO - Setting next_dagrun for dataset_consumes_1 to None, run_after=None
[2025-04-13T13:26:33.721-0400] {logging_mixin.py:188} INFO - [2025-04-13T13:26:33.721-0400] {dag.py:3954} INFO - Setting next_dagrun for dataset_consumes_1_and_2 to None, run_after=None
[2025-04-13T13:26:33.722-0400] {logging_mixin.py:188} INFO - [2025-04-13T13:26:33.722-0400] {dag.py:3954} INFO - Setting next_dagrun for dataset_consumes_1_never_scheduled to None, run_after=None
[2025-04-13T13:26:33.722-0400] {logging_mixin.py:188} INFO - [2025-04-13T13:26:33.722-0400] {dag.py:3954} INFO - Setting next_dagrun for dataset_consumes_unknown_never_scheduled to None, run_after=None
[2025-04-13T13:26:33.722-0400] {logging_mixin.py:188} INFO - [2025-04-13T13:26:33.722-0400] {dag.py:3954} INFO - Setting next_dagrun for dataset_produces_1 to 2025-04-12 00:00:00+00:00, run_after=2025-04-13 00:00:00+00:00
[2025-04-13T13:26:33.722-0400] {logging_mixin.py:188} INFO - [2025-04-13T13:26:33.722-0400] {dag.py:3954} INFO - Setting next_dagrun for dataset_produces_2 to None, run_after=None
[2025-04-13T13:26:33.730-0400] {processor.py:183} INFO - Processing /opt/anaconda3/lib/python3.12/site-packages/airflow/example_dags/example_datasets.py took 0.170 seconds
[2025-04-13T13:28:42.868-0400] {processor.py:161} INFO - Started process (PID=42711) to work on /opt/anaconda3/lib/python3.12/site-packages/airflow/example_dags/example_datasets.py
[2025-04-13T13:28:42.869-0400] {processor.py:830} INFO - Processing file /opt/anaconda3/lib/python3.12/site-packages/airflow/example_dags/example_datasets.py for tasks to queue
[2025-04-13T13:28:42.869-0400] {logging_mixin.py:188} INFO - [2025-04-13T13:28:42.869-0400] {dagbag.py:540} INFO - Filling up the DagBag from /opt/anaconda3/lib/python3.12/site-packages/airflow/example_dags/example_datasets.py
[2025-04-13T13:28:42.985-0400] {processor.py:840} INFO - DAG(s) 'conditional_dataset_and_time_based_timetable', 'consume_1_and_2_with_dataset_expressions', 'dataset_consumes_unknown_never_scheduled', 'dataset_consumes_1_and_2', 'dataset_consumes_1', 'dataset_produces_2', 'dataset_produces_1', 'consume_1_or_both_2_and_3_with_dataset_expressions', 'dataset_consumes_1_never_scheduled', 'consume_1_or_2_with_dataset_expressions' retrieved from /opt/anaconda3/lib/python3.12/site-packages/airflow/example_dags/example_datasets.py
[2025-04-13T13:28:43.017-0400] {logging_mixin.py:188} INFO - [2025-04-13T13:28:43.017-0400] {dag.py:3096} INFO - Sync 10 DAGs
[2025-04-13T13:28:43.022-0400] {logging_mixin.py:188} INFO - [2025-04-13T13:28:43.022-0400] {dag.py:3954} INFO - Setting next_dagrun for conditional_dataset_and_time_based_timetable to 2025-04-09 01:00:00+00:00, run_after=2025-04-09 01:00:00+00:00
[2025-04-13T13:28:43.023-0400] {logging_mixin.py:188} INFO - [2025-04-13T13:28:43.023-0400] {dag.py:3954} INFO - Setting next_dagrun for consume_1_and_2_with_dataset_expressions to None, run_after=None
[2025-04-13T13:28:43.024-0400] {logging_mixin.py:188} INFO - [2025-04-13T13:28:43.024-0400] {dag.py:3954} INFO - Setting next_dagrun for consume_1_or_2_with_dataset_expressions to None, run_after=None
[2025-04-13T13:28:43.024-0400] {logging_mixin.py:188} INFO - [2025-04-13T13:28:43.024-0400] {dag.py:3954} INFO - Setting next_dagrun for consume_1_or_both_2_and_3_with_dataset_expressions to None, run_after=None
[2025-04-13T13:28:43.024-0400] {logging_mixin.py:188} INFO - [2025-04-13T13:28:43.024-0400] {dag.py:3954} INFO - Setting next_dagrun for dataset_consumes_1 to None, run_after=None
[2025-04-13T13:28:43.024-0400] {logging_mixin.py:188} INFO - [2025-04-13T13:28:43.024-0400] {dag.py:3954} INFO - Setting next_dagrun for dataset_consumes_1_and_2 to None, run_after=None
[2025-04-13T13:28:43.024-0400] {logging_mixin.py:188} INFO - [2025-04-13T13:28:43.024-0400] {dag.py:3954} INFO - Setting next_dagrun for dataset_consumes_1_never_scheduled to None, run_after=None
[2025-04-13T13:28:43.025-0400] {logging_mixin.py:188} INFO - [2025-04-13T13:28:43.025-0400] {dag.py:3954} INFO - Setting next_dagrun for dataset_consumes_unknown_never_scheduled to None, run_after=None
[2025-04-13T13:28:43.025-0400] {logging_mixin.py:188} INFO - [2025-04-13T13:28:43.025-0400] {dag.py:3954} INFO - Setting next_dagrun for dataset_produces_1 to 2025-04-12 00:00:00+00:00, run_after=2025-04-13 00:00:00+00:00
[2025-04-13T13:28:43.025-0400] {logging_mixin.py:188} INFO - [2025-04-13T13:28:43.025-0400] {dag.py:3954} INFO - Setting next_dagrun for dataset_produces_2 to None, run_after=None
[2025-04-13T13:28:43.033-0400] {processor.py:183} INFO - Processing /opt/anaconda3/lib/python3.12/site-packages/airflow/example_dags/example_datasets.py took 0.166 seconds
[2025-04-13T13:32:38.036-0400] {processor.py:161} INFO - Started process (PID=44252) to work on /opt/anaconda3/lib/python3.12/site-packages/airflow/example_dags/example_datasets.py
[2025-04-13T13:32:38.037-0400] {processor.py:830} INFO - Processing file /opt/anaconda3/lib/python3.12/site-packages/airflow/example_dags/example_datasets.py for tasks to queue
[2025-04-13T13:32:38.037-0400] {logging_mixin.py:188} INFO - [2025-04-13T13:32:38.037-0400] {dagbag.py:540} INFO - Filling up the DagBag from /opt/anaconda3/lib/python3.12/site-packages/airflow/example_dags/example_datasets.py
[2025-04-13T13:32:38.154-0400] {processor.py:840} INFO - DAG(s) 'dataset_produces_1', 'consume_1_or_2_with_dataset_expressions', 'consume_1_and_2_with_dataset_expressions', 'conditional_dataset_and_time_based_timetable', 'dataset_consumes_unknown_never_scheduled', 'dataset_produces_2', 'consume_1_or_both_2_and_3_with_dataset_expressions', 'dataset_consumes_1_and_2', 'dataset_consumes_1_never_scheduled', 'dataset_consumes_1' retrieved from /opt/anaconda3/lib/python3.12/site-packages/airflow/example_dags/example_datasets.py
[2025-04-13T13:32:38.186-0400] {logging_mixin.py:188} INFO - [2025-04-13T13:32:38.186-0400] {dag.py:3096} INFO - Sync 10 DAGs
[2025-04-13T13:32:38.192-0400] {logging_mixin.py:188} INFO - [2025-04-13T13:32:38.192-0400] {dag.py:3954} INFO - Setting next_dagrun for conditional_dataset_and_time_based_timetable to 2025-04-09 01:00:00+00:00, run_after=2025-04-09 01:00:00+00:00
[2025-04-13T13:32:38.193-0400] {logging_mixin.py:188} INFO - [2025-04-13T13:32:38.193-0400] {dag.py:3954} INFO - Setting next_dagrun for consume_1_and_2_with_dataset_expressions to None, run_after=None
[2025-04-13T13:32:38.194-0400] {logging_mixin.py:188} INFO - [2025-04-13T13:32:38.194-0400] {dag.py:3954} INFO - Setting next_dagrun for consume_1_or_2_with_dataset_expressions to None, run_after=None
[2025-04-13T13:32:38.194-0400] {logging_mixin.py:188} INFO - [2025-04-13T13:32:38.194-0400] {dag.py:3954} INFO - Setting next_dagrun for consume_1_or_both_2_and_3_with_dataset_expressions to None, run_after=None
[2025-04-13T13:32:38.194-0400] {logging_mixin.py:188} INFO - [2025-04-13T13:32:38.194-0400] {dag.py:3954} INFO - Setting next_dagrun for dataset_consumes_1 to None, run_after=None
[2025-04-13T13:32:38.194-0400] {logging_mixin.py:188} INFO - [2025-04-13T13:32:38.194-0400] {dag.py:3954} INFO - Setting next_dagrun for dataset_consumes_1_and_2 to None, run_after=None
[2025-04-13T13:32:38.194-0400] {logging_mixin.py:188} INFO - [2025-04-13T13:32:38.194-0400] {dag.py:3954} INFO - Setting next_dagrun for dataset_consumes_1_never_scheduled to None, run_after=None
[2025-04-13T13:32:38.195-0400] {logging_mixin.py:188} INFO - [2025-04-13T13:32:38.195-0400] {dag.py:3954} INFO - Setting next_dagrun for dataset_consumes_unknown_never_scheduled to None, run_after=None
[2025-04-13T13:32:38.195-0400] {logging_mixin.py:188} INFO - [2025-04-13T13:32:38.195-0400] {dag.py:3954} INFO - Setting next_dagrun for dataset_produces_1 to 2025-04-12 00:00:00+00:00, run_after=2025-04-13 00:00:00+00:00
[2025-04-13T13:32:38.195-0400] {logging_mixin.py:188} INFO - [2025-04-13T13:32:38.195-0400] {dag.py:3954} INFO - Setting next_dagrun for dataset_produces_2 to None, run_after=None
[2025-04-13T13:32:38.203-0400] {processor.py:183} INFO - Processing /opt/anaconda3/lib/python3.12/site-packages/airflow/example_dags/example_datasets.py took 0.168 seconds
[2025-04-13T13:36:45.921-0400] {processor.py:161} INFO - Started process (PID=45350) to work on /opt/anaconda3/lib/python3.12/site-packages/airflow/example_dags/example_datasets.py
[2025-04-13T13:36:45.922-0400] {processor.py:830} INFO - Processing file /opt/anaconda3/lib/python3.12/site-packages/airflow/example_dags/example_datasets.py for tasks to queue
[2025-04-13T13:36:45.922-0400] {logging_mixin.py:188} INFO - [2025-04-13T13:36:45.922-0400] {dagbag.py:540} INFO - Filling up the DagBag from /opt/anaconda3/lib/python3.12/site-packages/airflow/example_dags/example_datasets.py
[2025-04-13T13:36:46.053-0400] {processor.py:840} INFO - DAG(s) 'consume_1_or_2_with_dataset_expressions', 'dataset_consumes_1', 'dataset_consumes_1_and_2', 'dataset_consumes_unknown_never_scheduled', 'consume_1_and_2_with_dataset_expressions', 'consume_1_or_both_2_and_3_with_dataset_expressions', 'dataset_consumes_1_never_scheduled', 'conditional_dataset_and_time_based_timetable', 'dataset_produces_2', 'dataset_produces_1' retrieved from /opt/anaconda3/lib/python3.12/site-packages/airflow/example_dags/example_datasets.py
[2025-04-13T13:36:46.087-0400] {logging_mixin.py:188} INFO - [2025-04-13T13:36:46.087-0400] {dag.py:3096} INFO - Sync 10 DAGs
[2025-04-13T13:36:46.093-0400] {logging_mixin.py:188} INFO - [2025-04-13T13:36:46.093-0400] {dag.py:3954} INFO - Setting next_dagrun for conditional_dataset_and_time_based_timetable to 2025-04-09 01:00:00+00:00, run_after=2025-04-09 01:00:00+00:00
[2025-04-13T13:36:46.094-0400] {logging_mixin.py:188} INFO - [2025-04-13T13:36:46.094-0400] {dag.py:3954} INFO - Setting next_dagrun for consume_1_and_2_with_dataset_expressions to None, run_after=None
[2025-04-13T13:36:46.094-0400] {logging_mixin.py:188} INFO - [2025-04-13T13:36:46.094-0400] {dag.py:3954} INFO - Setting next_dagrun for consume_1_or_2_with_dataset_expressions to None, run_after=None
[2025-04-13T13:36:46.095-0400] {logging_mixin.py:188} INFO - [2025-04-13T13:36:46.095-0400] {dag.py:3954} INFO - Setting next_dagrun for consume_1_or_both_2_and_3_with_dataset_expressions to None, run_after=None
[2025-04-13T13:36:46.095-0400] {logging_mixin.py:188} INFO - [2025-04-13T13:36:46.095-0400] {dag.py:3954} INFO - Setting next_dagrun for dataset_consumes_1 to None, run_after=None
[2025-04-13T13:36:46.095-0400] {logging_mixin.py:188} INFO - [2025-04-13T13:36:46.095-0400] {dag.py:3954} INFO - Setting next_dagrun for dataset_consumes_1_and_2 to None, run_after=None
[2025-04-13T13:36:46.095-0400] {logging_mixin.py:188} INFO - [2025-04-13T13:36:46.095-0400] {dag.py:3954} INFO - Setting next_dagrun for dataset_consumes_1_never_scheduled to None, run_after=None
[2025-04-13T13:36:46.096-0400] {logging_mixin.py:188} INFO - [2025-04-13T13:36:46.096-0400] {dag.py:3954} INFO - Setting next_dagrun for dataset_consumes_unknown_never_scheduled to None, run_after=None
[2025-04-13T13:36:46.096-0400] {logging_mixin.py:188} INFO - [2025-04-13T13:36:46.096-0400] {dag.py:3954} INFO - Setting next_dagrun for dataset_produces_1 to 2025-04-12 00:00:00+00:00, run_after=2025-04-13 00:00:00+00:00
[2025-04-13T13:36:46.096-0400] {logging_mixin.py:188} INFO - [2025-04-13T13:36:46.096-0400] {dag.py:3954} INFO - Setting next_dagrun for dataset_produces_2 to None, run_after=None
[2025-04-13T13:36:46.104-0400] {processor.py:183} INFO - Processing /opt/anaconda3/lib/python3.12/site-packages/airflow/example_dags/example_datasets.py took 0.184 seconds
[2025-04-13T13:39:02.961-0400] {processor.py:161} INFO - Started process (PID=46257) to work on /opt/anaconda3/lib/python3.12/site-packages/airflow/example_dags/example_datasets.py
[2025-04-13T13:39:02.962-0400] {processor.py:830} INFO - Processing file /opt/anaconda3/lib/python3.12/site-packages/airflow/example_dags/example_datasets.py for tasks to queue
[2025-04-13T13:39:02.963-0400] {logging_mixin.py:188} INFO - [2025-04-13T13:39:02.963-0400] {dagbag.py:540} INFO - Filling up the DagBag from /opt/anaconda3/lib/python3.12/site-packages/airflow/example_dags/example_datasets.py
[2025-04-13T13:39:03.077-0400] {processor.py:840} INFO - DAG(s) 'dataset_consumes_1', 'consume_1_or_both_2_and_3_with_dataset_expressions', 'dataset_consumes_1_never_scheduled', 'dataset_consumes_1_and_2', 'consume_1_and_2_with_dataset_expressions', 'dataset_consumes_unknown_never_scheduled', 'dataset_produces_2', 'consume_1_or_2_with_dataset_expressions', 'conditional_dataset_and_time_based_timetable', 'dataset_produces_1' retrieved from /opt/anaconda3/lib/python3.12/site-packages/airflow/example_dags/example_datasets.py
[2025-04-13T13:39:03.109-0400] {logging_mixin.py:188} INFO - [2025-04-13T13:39:03.108-0400] {dag.py:3096} INFO - Sync 10 DAGs
[2025-04-13T13:39:03.114-0400] {logging_mixin.py:188} INFO - [2025-04-13T13:39:03.114-0400] {dag.py:3954} INFO - Setting next_dagrun for conditional_dataset_and_time_based_timetable to 2025-04-09 01:00:00+00:00, run_after=2025-04-09 01:00:00+00:00
[2025-04-13T13:39:03.115-0400] {logging_mixin.py:188} INFO - [2025-04-13T13:39:03.115-0400] {dag.py:3954} INFO - Setting next_dagrun for consume_1_and_2_with_dataset_expressions to None, run_after=None
[2025-04-13T13:39:03.116-0400] {logging_mixin.py:188} INFO - [2025-04-13T13:39:03.115-0400] {dag.py:3954} INFO - Setting next_dagrun for consume_1_or_2_with_dataset_expressions to None, run_after=None
[2025-04-13T13:39:03.116-0400] {logging_mixin.py:188} INFO - [2025-04-13T13:39:03.116-0400] {dag.py:3954} INFO - Setting next_dagrun for consume_1_or_both_2_and_3_with_dataset_expressions to None, run_after=None
[2025-04-13T13:39:03.116-0400] {logging_mixin.py:188} INFO - [2025-04-13T13:39:03.116-0400] {dag.py:3954} INFO - Setting next_dagrun for dataset_consumes_1 to None, run_after=None
[2025-04-13T13:39:03.116-0400] {logging_mixin.py:188} INFO - [2025-04-13T13:39:03.116-0400] {dag.py:3954} INFO - Setting next_dagrun for dataset_consumes_1_and_2 to None, run_after=None
[2025-04-13T13:39:03.116-0400] {logging_mixin.py:188} INFO - [2025-04-13T13:39:03.116-0400] {dag.py:3954} INFO - Setting next_dagrun for dataset_consumes_1_never_scheduled to None, run_after=None
[2025-04-13T13:39:03.117-0400] {logging_mixin.py:188} INFO - [2025-04-13T13:39:03.117-0400] {dag.py:3954} INFO - Setting next_dagrun for dataset_consumes_unknown_never_scheduled to None, run_after=None
[2025-04-13T13:39:03.117-0400] {logging_mixin.py:188} INFO - [2025-04-13T13:39:03.117-0400] {dag.py:3954} INFO - Setting next_dagrun for dataset_produces_1 to 2025-04-12 00:00:00+00:00, run_after=2025-04-13 00:00:00+00:00
[2025-04-13T13:39:03.117-0400] {logging_mixin.py:188} INFO - [2025-04-13T13:39:03.117-0400] {dag.py:3954} INFO - Setting next_dagrun for dataset_produces_2 to None, run_after=None
[2025-04-13T13:39:03.125-0400] {processor.py:183} INFO - Processing /opt/anaconda3/lib/python3.12/site-packages/airflow/example_dags/example_datasets.py took 0.165 seconds
[2025-04-13T13:41:14.203-0400] {processor.py:161} INFO - Started process (PID=47160) to work on /opt/anaconda3/lib/python3.12/site-packages/airflow/example_dags/example_datasets.py
[2025-04-13T13:41:14.204-0400] {processor.py:830} INFO - Processing file /opt/anaconda3/lib/python3.12/site-packages/airflow/example_dags/example_datasets.py for tasks to queue
[2025-04-13T13:41:14.204-0400] {logging_mixin.py:188} INFO - [2025-04-13T13:41:14.204-0400] {dagbag.py:540} INFO - Filling up the DagBag from /opt/anaconda3/lib/python3.12/site-packages/airflow/example_dags/example_datasets.py
[2025-04-13T13:41:14.325-0400] {processor.py:840} INFO - DAG(s) 'dataset_produces_2', 'dataset_consumes_1', 'dataset_consumes_1_and_2', 'dataset_consumes_1_never_scheduled', 'conditional_dataset_and_time_based_timetable', 'dataset_produces_1', 'consume_1_or_2_with_dataset_expressions', 'dataset_consumes_unknown_never_scheduled', 'consume_1_and_2_with_dataset_expressions', 'consume_1_or_both_2_and_3_with_dataset_expressions' retrieved from /opt/anaconda3/lib/python3.12/site-packages/airflow/example_dags/example_datasets.py
[2025-04-13T13:41:14.356-0400] {logging_mixin.py:188} INFO - [2025-04-13T13:41:14.356-0400] {dag.py:3096} INFO - Sync 10 DAGs
[2025-04-13T13:41:14.362-0400] {logging_mixin.py:188} INFO - [2025-04-13T13:41:14.362-0400] {dag.py:3954} INFO - Setting next_dagrun for conditional_dataset_and_time_based_timetable to 2025-04-09 01:00:00+00:00, run_after=2025-04-09 01:00:00+00:00
[2025-04-13T13:41:14.363-0400] {logging_mixin.py:188} INFO - [2025-04-13T13:41:14.363-0400] {dag.py:3954} INFO - Setting next_dagrun for consume_1_and_2_with_dataset_expressions to None, run_after=None
[2025-04-13T13:41:14.363-0400] {logging_mixin.py:188} INFO - [2025-04-13T13:41:14.363-0400] {dag.py:3954} INFO - Setting next_dagrun for consume_1_or_2_with_dataset_expressions to None, run_after=None
[2025-04-13T13:41:14.364-0400] {logging_mixin.py:188} INFO - [2025-04-13T13:41:14.364-0400] {dag.py:3954} INFO - Setting next_dagrun for consume_1_or_both_2_and_3_with_dataset_expressions to None, run_after=None
[2025-04-13T13:41:14.364-0400] {logging_mixin.py:188} INFO - [2025-04-13T13:41:14.364-0400] {dag.py:3954} INFO - Setting next_dagrun for dataset_consumes_1 to None, run_after=None
[2025-04-13T13:41:14.364-0400] {logging_mixin.py:188} INFO - [2025-04-13T13:41:14.364-0400] {dag.py:3954} INFO - Setting next_dagrun for dataset_consumes_1_and_2 to None, run_after=None
[2025-04-13T13:41:14.364-0400] {logging_mixin.py:188} INFO - [2025-04-13T13:41:14.364-0400] {dag.py:3954} INFO - Setting next_dagrun for dataset_consumes_1_never_scheduled to None, run_after=None
[2025-04-13T13:41:14.364-0400] {logging_mixin.py:188} INFO - [2025-04-13T13:41:14.364-0400] {dag.py:3954} INFO - Setting next_dagrun for dataset_consumes_unknown_never_scheduled to None, run_after=None
[2025-04-13T13:41:14.365-0400] {logging_mixin.py:188} INFO - [2025-04-13T13:41:14.365-0400] {dag.py:3954} INFO - Setting next_dagrun for dataset_produces_1 to 2025-04-12 00:00:00+00:00, run_after=2025-04-13 00:00:00+00:00
[2025-04-13T13:41:14.365-0400] {logging_mixin.py:188} INFO - [2025-04-13T13:41:14.365-0400] {dag.py:3954} INFO - Setting next_dagrun for dataset_produces_2 to None, run_after=None
[2025-04-13T13:41:14.373-0400] {processor.py:183} INFO - Processing /opt/anaconda3/lib/python3.12/site-packages/airflow/example_dags/example_datasets.py took 0.170 seconds
[2025-04-13T13:43:27.291-0400] {processor.py:161} INFO - Started process (PID=48067) to work on /opt/anaconda3/lib/python3.12/site-packages/airflow/example_dags/example_datasets.py
[2025-04-13T13:43:27.292-0400] {processor.py:830} INFO - Processing file /opt/anaconda3/lib/python3.12/site-packages/airflow/example_dags/example_datasets.py for tasks to queue
[2025-04-13T13:43:27.292-0400] {logging_mixin.py:188} INFO - [2025-04-13T13:43:27.292-0400] {dagbag.py:540} INFO - Filling up the DagBag from /opt/anaconda3/lib/python3.12/site-packages/airflow/example_dags/example_datasets.py
[2025-04-13T13:43:27.402-0400] {processor.py:840} INFO - DAG(s) 'dataset_consumes_1_never_scheduled', 'dataset_consumes_1_and_2', 'consume_1_or_2_with_dataset_expressions', 'conditional_dataset_and_time_based_timetable', 'dataset_produces_1', 'dataset_consumes_unknown_never_scheduled', 'consume_1_or_both_2_and_3_with_dataset_expressions', 'consume_1_and_2_with_dataset_expressions', 'dataset_produces_2', 'dataset_consumes_1' retrieved from /opt/anaconda3/lib/python3.12/site-packages/airflow/example_dags/example_datasets.py
[2025-04-13T13:43:27.434-0400] {logging_mixin.py:188} INFO - [2025-04-13T13:43:27.434-0400] {dag.py:3096} INFO - Sync 10 DAGs
[2025-04-13T13:43:27.440-0400] {logging_mixin.py:188} INFO - [2025-04-13T13:43:27.440-0400] {dag.py:3954} INFO - Setting next_dagrun for conditional_dataset_and_time_based_timetable to 2025-04-09 01:00:00+00:00, run_after=2025-04-09 01:00:00+00:00
[2025-04-13T13:43:27.441-0400] {logging_mixin.py:188} INFO - [2025-04-13T13:43:27.441-0400] {dag.py:3954} INFO - Setting next_dagrun for consume_1_and_2_with_dataset_expressions to None, run_after=None
[2025-04-13T13:43:27.441-0400] {logging_mixin.py:188} INFO - [2025-04-13T13:43:27.441-0400] {dag.py:3954} INFO - Setting next_dagrun for consume_1_or_2_with_dataset_expressions to None, run_after=None
[2025-04-13T13:43:27.441-0400] {logging_mixin.py:188} INFO - [2025-04-13T13:43:27.441-0400] {dag.py:3954} INFO - Setting next_dagrun for consume_1_or_both_2_and_3_with_dataset_expressions to None, run_after=None
[2025-04-13T13:43:27.441-0400] {logging_mixin.py:188} INFO - [2025-04-13T13:43:27.441-0400] {dag.py:3954} INFO - Setting next_dagrun for dataset_consumes_1 to None, run_after=None
[2025-04-13T13:43:27.442-0400] {logging_mixin.py:188} INFO - [2025-04-13T13:43:27.442-0400] {dag.py:3954} INFO - Setting next_dagrun for dataset_consumes_1_and_2 to None, run_after=None
[2025-04-13T13:43:27.442-0400] {logging_mixin.py:188} INFO - [2025-04-13T13:43:27.442-0400] {dag.py:3954} INFO - Setting next_dagrun for dataset_consumes_1_never_scheduled to None, run_after=None
[2025-04-13T13:43:27.442-0400] {logging_mixin.py:188} INFO - [2025-04-13T13:43:27.442-0400] {dag.py:3954} INFO - Setting next_dagrun for dataset_consumes_unknown_never_scheduled to None, run_after=None
[2025-04-13T13:43:27.443-0400] {logging_mixin.py:188} INFO - [2025-04-13T13:43:27.443-0400] {dag.py:3954} INFO - Setting next_dagrun for dataset_produces_1 to 2025-04-12 00:00:00+00:00, run_after=2025-04-13 00:00:00+00:00
[2025-04-13T13:43:27.443-0400] {logging_mixin.py:188} INFO - [2025-04-13T13:43:27.443-0400] {dag.py:3954} INFO - Setting next_dagrun for dataset_produces_2 to None, run_after=None
[2025-04-13T13:43:27.451-0400] {processor.py:183} INFO - Processing /opt/anaconda3/lib/python3.12/site-packages/airflow/example_dags/example_datasets.py took 0.161 seconds
[2025-04-13T13:45:40.817-0400] {processor.py:161} INFO - Started process (PID=48968) to work on /opt/anaconda3/lib/python3.12/site-packages/airflow/example_dags/example_datasets.py
[2025-04-13T13:45:40.818-0400] {processor.py:830} INFO - Processing file /opt/anaconda3/lib/python3.12/site-packages/airflow/example_dags/example_datasets.py for tasks to queue
[2025-04-13T13:45:40.818-0400] {logging_mixin.py:188} INFO - [2025-04-13T13:45:40.818-0400] {dagbag.py:540} INFO - Filling up the DagBag from /opt/anaconda3/lib/python3.12/site-packages/airflow/example_dags/example_datasets.py
[2025-04-13T13:45:40.937-0400] {processor.py:840} INFO - DAG(s) 'dataset_produces_2', 'dataset_consumes_unknown_never_scheduled', 'dataset_produces_1', 'dataset_consumes_1_never_scheduled', 'consume_1_or_2_with_dataset_expressions', 'consume_1_or_both_2_and_3_with_dataset_expressions', 'conditional_dataset_and_time_based_timetable', 'consume_1_and_2_with_dataset_expressions', 'dataset_consumes_1', 'dataset_consumes_1_and_2' retrieved from /opt/anaconda3/lib/python3.12/site-packages/airflow/example_dags/example_datasets.py
[2025-04-13T13:45:40.969-0400] {logging_mixin.py:188} INFO - [2025-04-13T13:45:40.969-0400] {dag.py:3096} INFO - Sync 10 DAGs
[2025-04-13T13:45:40.974-0400] {logging_mixin.py:188} INFO - [2025-04-13T13:45:40.974-0400] {dag.py:3954} INFO - Setting next_dagrun for conditional_dataset_and_time_based_timetable to 2025-04-09 01:00:00+00:00, run_after=2025-04-09 01:00:00+00:00
[2025-04-13T13:45:40.975-0400] {logging_mixin.py:188} INFO - [2025-04-13T13:45:40.975-0400] {dag.py:3954} INFO - Setting next_dagrun for consume_1_and_2_with_dataset_expressions to None, run_after=None
[2025-04-13T13:45:40.976-0400] {logging_mixin.py:188} INFO - [2025-04-13T13:45:40.976-0400] {dag.py:3954} INFO - Setting next_dagrun for consume_1_or_2_with_dataset_expressions to None, run_after=None
[2025-04-13T13:45:40.976-0400] {logging_mixin.py:188} INFO - [2025-04-13T13:45:40.976-0400] {dag.py:3954} INFO - Setting next_dagrun for consume_1_or_both_2_and_3_with_dataset_expressions to None, run_after=None
[2025-04-13T13:45:40.976-0400] {logging_mixin.py:188} INFO - [2025-04-13T13:45:40.976-0400] {dag.py:3954} INFO - Setting next_dagrun for dataset_consumes_1 to None, run_after=None
[2025-04-13T13:45:40.976-0400] {logging_mixin.py:188} INFO - [2025-04-13T13:45:40.976-0400] {dag.py:3954} INFO - Setting next_dagrun for dataset_consumes_1_and_2 to None, run_after=None
[2025-04-13T13:45:40.977-0400] {logging_mixin.py:188} INFO - [2025-04-13T13:45:40.976-0400] {dag.py:3954} INFO - Setting next_dagrun for dataset_consumes_1_never_scheduled to None, run_after=None
[2025-04-13T13:45:40.977-0400] {logging_mixin.py:188} INFO - [2025-04-13T13:45:40.977-0400] {dag.py:3954} INFO - Setting next_dagrun for dataset_consumes_unknown_never_scheduled to None, run_after=None
[2025-04-13T13:45:40.977-0400] {logging_mixin.py:188} INFO - [2025-04-13T13:45:40.977-0400] {dag.py:3954} INFO - Setting next_dagrun for dataset_produces_1 to 2025-04-12 00:00:00+00:00, run_after=2025-04-13 00:00:00+00:00
[2025-04-13T13:45:40.977-0400] {logging_mixin.py:188} INFO - [2025-04-13T13:45:40.977-0400] {dag.py:3954} INFO - Setting next_dagrun for dataset_produces_2 to None, run_after=None
[2025-04-13T13:45:40.985-0400] {processor.py:183} INFO - Processing /opt/anaconda3/lib/python3.12/site-packages/airflow/example_dags/example_datasets.py took 0.169 seconds
[2025-04-13T13:48:05.891-0400] {processor.py:161} INFO - Started process (PID=49930) to work on /opt/anaconda3/lib/python3.12/site-packages/airflow/example_dags/example_datasets.py
[2025-04-13T13:48:05.893-0400] {processor.py:830} INFO - Processing file /opt/anaconda3/lib/python3.12/site-packages/airflow/example_dags/example_datasets.py for tasks to queue
[2025-04-13T13:48:05.894-0400] {logging_mixin.py:188} INFO - [2025-04-13T13:48:05.894-0400] {dagbag.py:540} INFO - Filling up the DagBag from /opt/anaconda3/lib/python3.12/site-packages/airflow/example_dags/example_datasets.py
[2025-04-13T13:48:06.026-0400] {processor.py:840} INFO - DAG(s) 'consume_1_and_2_with_dataset_expressions', 'dataset_consumes_unknown_never_scheduled', 'dataset_produces_1', 'consume_1_or_both_2_and_3_with_dataset_expressions', 'dataset_consumes_1_and_2', 'conditional_dataset_and_time_based_timetable', 'dataset_consumes_1_never_scheduled', 'dataset_produces_2', 'dataset_consumes_1', 'consume_1_or_2_with_dataset_expressions' retrieved from /opt/anaconda3/lib/python3.12/site-packages/airflow/example_dags/example_datasets.py
[2025-04-13T13:48:06.059-0400] {logging_mixin.py:188} INFO - [2025-04-13T13:48:06.059-0400] {dag.py:3096} INFO - Sync 10 DAGs
[2025-04-13T13:48:06.064-0400] {logging_mixin.py:188} INFO - [2025-04-13T13:48:06.064-0400] {dag.py:3954} INFO - Setting next_dagrun for conditional_dataset_and_time_based_timetable to 2025-04-09 01:00:00+00:00, run_after=2025-04-09 01:00:00+00:00
[2025-04-13T13:48:06.066-0400] {logging_mixin.py:188} INFO - [2025-04-13T13:48:06.065-0400] {dag.py:3954} INFO - Setting next_dagrun for consume_1_and_2_with_dataset_expressions to None, run_after=None
[2025-04-13T13:48:06.066-0400] {logging_mixin.py:188} INFO - [2025-04-13T13:48:06.066-0400] {dag.py:3954} INFO - Setting next_dagrun for consume_1_or_2_with_dataset_expressions to None, run_after=None
[2025-04-13T13:48:06.066-0400] {logging_mixin.py:188} INFO - [2025-04-13T13:48:06.066-0400] {dag.py:3954} INFO - Setting next_dagrun for consume_1_or_both_2_and_3_with_dataset_expressions to None, run_after=None
[2025-04-13T13:48:06.066-0400] {logging_mixin.py:188} INFO - [2025-04-13T13:48:06.066-0400] {dag.py:3954} INFO - Setting next_dagrun for dataset_consumes_1 to None, run_after=None
[2025-04-13T13:48:06.066-0400] {logging_mixin.py:188} INFO - [2025-04-13T13:48:06.066-0400] {dag.py:3954} INFO - Setting next_dagrun for dataset_consumes_1_and_2 to None, run_after=None
[2025-04-13T13:48:06.067-0400] {logging_mixin.py:188} INFO - [2025-04-13T13:48:06.067-0400] {dag.py:3954} INFO - Setting next_dagrun for dataset_consumes_1_never_scheduled to None, run_after=None
[2025-04-13T13:48:06.067-0400] {logging_mixin.py:188} INFO - [2025-04-13T13:48:06.067-0400] {dag.py:3954} INFO - Setting next_dagrun for dataset_consumes_unknown_never_scheduled to None, run_after=None
[2025-04-13T13:48:06.067-0400] {logging_mixin.py:188} INFO - [2025-04-13T13:48:06.067-0400] {dag.py:3954} INFO - Setting next_dagrun for dataset_produces_1 to 2025-04-12 00:00:00+00:00, run_after=2025-04-13 00:00:00+00:00
[2025-04-13T13:48:06.068-0400] {logging_mixin.py:188} INFO - [2025-04-13T13:48:06.068-0400] {dag.py:3954} INFO - Setting next_dagrun for dataset_produces_2 to None, run_after=None
[2025-04-13T13:48:06.076-0400] {processor.py:183} INFO - Processing /opt/anaconda3/lib/python3.12/site-packages/airflow/example_dags/example_datasets.py took 0.186 seconds
[2025-04-13T13:50:25.583-0400] {processor.py:161} INFO - Started process (PID=50837) to work on /opt/anaconda3/lib/python3.12/site-packages/airflow/example_dags/example_datasets.py
[2025-04-13T13:50:25.584-0400] {processor.py:830} INFO - Processing file /opt/anaconda3/lib/python3.12/site-packages/airflow/example_dags/example_datasets.py for tasks to queue
[2025-04-13T13:50:25.585-0400] {logging_mixin.py:188} INFO - [2025-04-13T13:50:25.585-0400] {dagbag.py:540} INFO - Filling up the DagBag from /opt/anaconda3/lib/python3.12/site-packages/airflow/example_dags/example_datasets.py
[2025-04-13T13:50:25.710-0400] {processor.py:840} INFO - DAG(s) 'dataset_consumes_1_and_2', 'consume_1_or_both_2_and_3_with_dataset_expressions', 'consume_1_or_2_with_dataset_expressions', 'conditional_dataset_and_time_based_timetable', 'dataset_produces_1', 'dataset_consumes_1_never_scheduled', 'dataset_consumes_1', 'consume_1_and_2_with_dataset_expressions', 'dataset_produces_2', 'dataset_consumes_unknown_never_scheduled' retrieved from /opt/anaconda3/lib/python3.12/site-packages/airflow/example_dags/example_datasets.py
[2025-04-13T13:50:25.742-0400] {logging_mixin.py:188} INFO - [2025-04-13T13:50:25.742-0400] {dag.py:3096} INFO - Sync 10 DAGs
[2025-04-13T13:50:25.748-0400] {logging_mixin.py:188} INFO - [2025-04-13T13:50:25.747-0400] {dag.py:3954} INFO - Setting next_dagrun for conditional_dataset_and_time_based_timetable to 2025-04-09 01:00:00+00:00, run_after=2025-04-09 01:00:00+00:00
[2025-04-13T13:50:25.748-0400] {logging_mixin.py:188} INFO - [2025-04-13T13:50:25.748-0400] {dag.py:3954} INFO - Setting next_dagrun for consume_1_and_2_with_dataset_expressions to None, run_after=None
[2025-04-13T13:50:25.749-0400] {logging_mixin.py:188} INFO - [2025-04-13T13:50:25.749-0400] {dag.py:3954} INFO - Setting next_dagrun for consume_1_or_2_with_dataset_expressions to None, run_after=None
[2025-04-13T13:50:25.749-0400] {logging_mixin.py:188} INFO - [2025-04-13T13:50:25.749-0400] {dag.py:3954} INFO - Setting next_dagrun for consume_1_or_both_2_and_3_with_dataset_expressions to None, run_after=None
[2025-04-13T13:50:25.749-0400] {logging_mixin.py:188} INFO - [2025-04-13T13:50:25.749-0400] {dag.py:3954} INFO - Setting next_dagrun for dataset_consumes_1 to None, run_after=None
[2025-04-13T13:50:25.749-0400] {logging_mixin.py:188} INFO - [2025-04-13T13:50:25.749-0400] {dag.py:3954} INFO - Setting next_dagrun for dataset_consumes_1_and_2 to None, run_after=None
[2025-04-13T13:50:25.750-0400] {logging_mixin.py:188} INFO - [2025-04-13T13:50:25.750-0400] {dag.py:3954} INFO - Setting next_dagrun for dataset_consumes_1_never_scheduled to None, run_after=None
[2025-04-13T13:50:25.750-0400] {logging_mixin.py:188} INFO - [2025-04-13T13:50:25.750-0400] {dag.py:3954} INFO - Setting next_dagrun for dataset_consumes_unknown_never_scheduled to None, run_after=None
[2025-04-13T13:50:25.750-0400] {logging_mixin.py:188} INFO - [2025-04-13T13:50:25.750-0400] {dag.py:3954} INFO - Setting next_dagrun for dataset_produces_1 to 2025-04-12 00:00:00+00:00, run_after=2025-04-13 00:00:00+00:00
[2025-04-13T13:50:25.751-0400] {logging_mixin.py:188} INFO - [2025-04-13T13:50:25.750-0400] {dag.py:3954} INFO - Setting next_dagrun for dataset_produces_2 to None, run_after=None
[2025-04-13T13:50:25.758-0400] {processor.py:183} INFO - Processing /opt/anaconda3/lib/python3.12/site-packages/airflow/example_dags/example_datasets.py took 0.176 seconds
[2025-04-13T13:52:41.387-0400] {processor.py:161} INFO - Started process (PID=51770) to work on /opt/anaconda3/lib/python3.12/site-packages/airflow/example_dags/example_datasets.py
[2025-04-13T13:52:41.389-0400] {processor.py:830} INFO - Processing file /opt/anaconda3/lib/python3.12/site-packages/airflow/example_dags/example_datasets.py for tasks to queue
[2025-04-13T13:52:41.389-0400] {logging_mixin.py:188} INFO - [2025-04-13T13:52:41.389-0400] {dagbag.py:540} INFO - Filling up the DagBag from /opt/anaconda3/lib/python3.12/site-packages/airflow/example_dags/example_datasets.py
[2025-04-13T13:52:41.510-0400] {processor.py:840} INFO - DAG(s) 'consume_1_or_2_with_dataset_expressions', 'consume_1_or_both_2_and_3_with_dataset_expressions', 'dataset_consumes_1', 'dataset_consumes_1_never_scheduled', 'dataset_consumes_1_and_2', 'consume_1_and_2_with_dataset_expressions', 'dataset_produces_1', 'dataset_produces_2', 'dataset_consumes_unknown_never_scheduled', 'conditional_dataset_and_time_based_timetable' retrieved from /opt/anaconda3/lib/python3.12/site-packages/airflow/example_dags/example_datasets.py
[2025-04-13T13:52:41.543-0400] {logging_mixin.py:188} INFO - [2025-04-13T13:52:41.543-0400] {dag.py:3096} INFO - Sync 10 DAGs
[2025-04-13T13:52:41.549-0400] {logging_mixin.py:188} INFO - [2025-04-13T13:52:41.549-0400] {dag.py:3954} INFO - Setting next_dagrun for conditional_dataset_and_time_based_timetable to 2025-04-09 01:00:00+00:00, run_after=2025-04-09 01:00:00+00:00
[2025-04-13T13:52:41.550-0400] {logging_mixin.py:188} INFO - [2025-04-13T13:52:41.550-0400] {dag.py:3954} INFO - Setting next_dagrun for consume_1_and_2_with_dataset_expressions to None, run_after=None
[2025-04-13T13:52:41.550-0400] {logging_mixin.py:188} INFO - [2025-04-13T13:52:41.550-0400] {dag.py:3954} INFO - Setting next_dagrun for consume_1_or_2_with_dataset_expressions to None, run_after=None
[2025-04-13T13:52:41.550-0400] {logging_mixin.py:188} INFO - [2025-04-13T13:52:41.550-0400] {dag.py:3954} INFO - Setting next_dagrun for consume_1_or_both_2_and_3_with_dataset_expressions to None, run_after=None
[2025-04-13T13:52:41.551-0400] {logging_mixin.py:188} INFO - [2025-04-13T13:52:41.551-0400] {dag.py:3954} INFO - Setting next_dagrun for dataset_consumes_1 to None, run_after=None
[2025-04-13T13:52:41.551-0400] {logging_mixin.py:188} INFO - [2025-04-13T13:52:41.551-0400] {dag.py:3954} INFO - Setting next_dagrun for dataset_consumes_1_and_2 to None, run_after=None
[2025-04-13T13:52:41.551-0400] {logging_mixin.py:188} INFO - [2025-04-13T13:52:41.551-0400] {dag.py:3954} INFO - Setting next_dagrun for dataset_consumes_1_never_scheduled to None, run_after=None
[2025-04-13T13:52:41.551-0400] {logging_mixin.py:188} INFO - [2025-04-13T13:52:41.551-0400] {dag.py:3954} INFO - Setting next_dagrun for dataset_consumes_unknown_never_scheduled to None, run_after=None
[2025-04-13T13:52:41.552-0400] {logging_mixin.py:188} INFO - [2025-04-13T13:52:41.552-0400] {dag.py:3954} INFO - Setting next_dagrun for dataset_produces_1 to 2025-04-12 00:00:00+00:00, run_after=2025-04-13 00:00:00+00:00
[2025-04-13T13:52:41.552-0400] {logging_mixin.py:188} INFO - [2025-04-13T13:52:41.552-0400] {dag.py:3954} INFO - Setting next_dagrun for dataset_produces_2 to None, run_after=None
[2025-04-13T13:52:41.560-0400] {processor.py:183} INFO - Processing /opt/anaconda3/lib/python3.12/site-packages/airflow/example_dags/example_datasets.py took 0.173 seconds
[2025-04-13T13:55:00.528-0400] {processor.py:161} INFO - Started process (PID=52694) to work on /opt/anaconda3/lib/python3.12/site-packages/airflow/example_dags/example_datasets.py
[2025-04-13T13:55:00.529-0400] {processor.py:830} INFO - Processing file /opt/anaconda3/lib/python3.12/site-packages/airflow/example_dags/example_datasets.py for tasks to queue
[2025-04-13T13:55:00.529-0400] {logging_mixin.py:188} INFO - [2025-04-13T13:55:00.529-0400] {dagbag.py:540} INFO - Filling up the DagBag from /opt/anaconda3/lib/python3.12/site-packages/airflow/example_dags/example_datasets.py
[2025-04-13T13:55:00.639-0400] {processor.py:840} INFO - DAG(s) 'dataset_consumes_unknown_never_scheduled', 'dataset_consumes_1_and_2', 'dataset_consumes_1_never_scheduled', 'dataset_produces_2', 'consume_1_or_2_with_dataset_expressions', 'dataset_consumes_1', 'consume_1_or_both_2_and_3_with_dataset_expressions', 'consume_1_and_2_with_dataset_expressions', 'conditional_dataset_and_time_based_timetable', 'dataset_produces_1' retrieved from /opt/anaconda3/lib/python3.12/site-packages/airflow/example_dags/example_datasets.py
[2025-04-13T13:55:00.671-0400] {logging_mixin.py:188} INFO - [2025-04-13T13:55:00.671-0400] {dag.py:3096} INFO - Sync 10 DAGs
[2025-04-13T13:55:00.676-0400] {logging_mixin.py:188} INFO - [2025-04-13T13:55:00.676-0400] {dag.py:3954} INFO - Setting next_dagrun for conditional_dataset_and_time_based_timetable to 2025-04-09 01:00:00+00:00, run_after=2025-04-09 01:00:00+00:00
[2025-04-13T13:55:00.677-0400] {logging_mixin.py:188} INFO - [2025-04-13T13:55:00.677-0400] {dag.py:3954} INFO - Setting next_dagrun for consume_1_and_2_with_dataset_expressions to None, run_after=None
[2025-04-13T13:55:00.678-0400] {logging_mixin.py:188} INFO - [2025-04-13T13:55:00.678-0400] {dag.py:3954} INFO - Setting next_dagrun for consume_1_or_2_with_dataset_expressions to None, run_after=None
[2025-04-13T13:55:00.678-0400] {logging_mixin.py:188} INFO - [2025-04-13T13:55:00.678-0400] {dag.py:3954} INFO - Setting next_dagrun for consume_1_or_both_2_and_3_with_dataset_expressions to None, run_after=None
[2025-04-13T13:55:00.678-0400] {logging_mixin.py:188} INFO - [2025-04-13T13:55:00.678-0400] {dag.py:3954} INFO - Setting next_dagrun for dataset_consumes_1 to None, run_after=None
[2025-04-13T13:55:00.678-0400] {logging_mixin.py:188} INFO - [2025-04-13T13:55:00.678-0400] {dag.py:3954} INFO - Setting next_dagrun for dataset_consumes_1_and_2 to None, run_after=None
[2025-04-13T13:55:00.679-0400] {logging_mixin.py:188} INFO - [2025-04-13T13:55:00.678-0400] {dag.py:3954} INFO - Setting next_dagrun for dataset_consumes_1_never_scheduled to None, run_after=None
[2025-04-13T13:55:00.679-0400] {logging_mixin.py:188} INFO - [2025-04-13T13:55:00.679-0400] {dag.py:3954} INFO - Setting next_dagrun for dataset_consumes_unknown_never_scheduled to None, run_after=None
[2025-04-13T13:55:00.679-0400] {logging_mixin.py:188} INFO - [2025-04-13T13:55:00.679-0400] {dag.py:3954} INFO - Setting next_dagrun for dataset_produces_1 to 2025-04-12 00:00:00+00:00, run_after=2025-04-13 00:00:00+00:00
[2025-04-13T13:55:00.679-0400] {logging_mixin.py:188} INFO - [2025-04-13T13:55:00.679-0400] {dag.py:3954} INFO - Setting next_dagrun for dataset_produces_2 to None, run_after=None
[2025-04-13T13:55:00.687-0400] {processor.py:183} INFO - Processing /opt/anaconda3/lib/python3.12/site-packages/airflow/example_dags/example_datasets.py took 0.160 seconds
[2025-04-13T13:57:18.789-0400] {processor.py:161} INFO - Started process (PID=53650) to work on /opt/anaconda3/lib/python3.12/site-packages/airflow/example_dags/example_datasets.py
[2025-04-13T13:57:18.791-0400] {processor.py:830} INFO - Processing file /opt/anaconda3/lib/python3.12/site-packages/airflow/example_dags/example_datasets.py for tasks to queue
[2025-04-13T13:57:18.791-0400] {logging_mixin.py:188} INFO - [2025-04-13T13:57:18.791-0400] {dagbag.py:540} INFO - Filling up the DagBag from /opt/anaconda3/lib/python3.12/site-packages/airflow/example_dags/example_datasets.py
[2025-04-13T13:57:18.910-0400] {processor.py:840} INFO - DAG(s) 'dataset_produces_2', 'consume_1_or_2_with_dataset_expressions', 'dataset_consumes_unknown_never_scheduled', 'dataset_produces_1', 'consume_1_or_both_2_and_3_with_dataset_expressions', 'consume_1_and_2_with_dataset_expressions', 'dataset_consumes_1_never_scheduled', 'dataset_consumes_1', 'conditional_dataset_and_time_based_timetable', 'dataset_consumes_1_and_2' retrieved from /opt/anaconda3/lib/python3.12/site-packages/airflow/example_dags/example_datasets.py
[2025-04-13T13:57:18.941-0400] {logging_mixin.py:188} INFO - [2025-04-13T13:57:18.941-0400] {dag.py:3096} INFO - Sync 10 DAGs
[2025-04-13T13:57:18.947-0400] {logging_mixin.py:188} INFO - [2025-04-13T13:57:18.947-0400] {dag.py:3954} INFO - Setting next_dagrun for conditional_dataset_and_time_based_timetable to 2025-04-09 01:00:00+00:00, run_after=2025-04-09 01:00:00+00:00
[2025-04-13T13:57:18.948-0400] {logging_mixin.py:188} INFO - [2025-04-13T13:57:18.948-0400] {dag.py:3954} INFO - Setting next_dagrun for consume_1_and_2_with_dataset_expressions to None, run_after=None
[2025-04-13T13:57:18.948-0400] {logging_mixin.py:188} INFO - [2025-04-13T13:57:18.948-0400] {dag.py:3954} INFO - Setting next_dagrun for consume_1_or_2_with_dataset_expressions to None, run_after=None
[2025-04-13T13:57:18.948-0400] {logging_mixin.py:188} INFO - [2025-04-13T13:57:18.948-0400] {dag.py:3954} INFO - Setting next_dagrun for consume_1_or_both_2_and_3_with_dataset_expressions to None, run_after=None
[2025-04-13T13:57:18.948-0400] {logging_mixin.py:188} INFO - [2025-04-13T13:57:18.948-0400] {dag.py:3954} INFO - Setting next_dagrun for dataset_consumes_1 to None, run_after=None
[2025-04-13T13:57:18.949-0400] {logging_mixin.py:188} INFO - [2025-04-13T13:57:18.949-0400] {dag.py:3954} INFO - Setting next_dagrun for dataset_consumes_1_and_2 to None, run_after=None
[2025-04-13T13:57:18.949-0400] {logging_mixin.py:188} INFO - [2025-04-13T13:57:18.949-0400] {dag.py:3954} INFO - Setting next_dagrun for dataset_consumes_1_never_scheduled to None, run_after=None
[2025-04-13T13:57:18.949-0400] {logging_mixin.py:188} INFO - [2025-04-13T13:57:18.949-0400] {dag.py:3954} INFO - Setting next_dagrun for dataset_consumes_unknown_never_scheduled to None, run_after=None
[2025-04-13T13:57:18.950-0400] {logging_mixin.py:188} INFO - [2025-04-13T13:57:18.949-0400] {dag.py:3954} INFO - Setting next_dagrun for dataset_produces_1 to 2025-04-12 00:00:00+00:00, run_after=2025-04-13 00:00:00+00:00
[2025-04-13T13:57:18.950-0400] {logging_mixin.py:188} INFO - [2025-04-13T13:57:18.950-0400] {dag.py:3954} INFO - Setting next_dagrun for dataset_produces_2 to None, run_after=None
[2025-04-13T13:57:18.957-0400] {processor.py:183} INFO - Processing /opt/anaconda3/lib/python3.12/site-packages/airflow/example_dags/example_datasets.py took 0.169 seconds
[2025-04-13T13:59:30.148-0400] {processor.py:161} INFO - Started process (PID=54582) to work on /opt/anaconda3/lib/python3.12/site-packages/airflow/example_dags/example_datasets.py
[2025-04-13T13:59:30.149-0400] {processor.py:830} INFO - Processing file /opt/anaconda3/lib/python3.12/site-packages/airflow/example_dags/example_datasets.py for tasks to queue
[2025-04-13T13:59:30.149-0400] {logging_mixin.py:188} INFO - [2025-04-13T13:59:30.149-0400] {dagbag.py:540} INFO - Filling up the DagBag from /opt/anaconda3/lib/python3.12/site-packages/airflow/example_dags/example_datasets.py
[2025-04-13T13:59:30.280-0400] {processor.py:840} INFO - DAG(s) 'dataset_consumes_1_and_2', 'dataset_consumes_1_never_scheduled', 'dataset_consumes_unknown_never_scheduled', 'dataset_consumes_1', 'conditional_dataset_and_time_based_timetable', 'consume_1_or_2_with_dataset_expressions', 'consume_1_and_2_with_dataset_expressions', 'dataset_produces_2', 'dataset_produces_1', 'consume_1_or_both_2_and_3_with_dataset_expressions' retrieved from /opt/anaconda3/lib/python3.12/site-packages/airflow/example_dags/example_datasets.py
[2025-04-13T13:59:30.313-0400] {logging_mixin.py:188} INFO - [2025-04-13T13:59:30.313-0400] {dag.py:3096} INFO - Sync 10 DAGs
[2025-04-13T13:59:30.319-0400] {logging_mixin.py:188} INFO - [2025-04-13T13:59:30.319-0400] {dag.py:3954} INFO - Setting next_dagrun for conditional_dataset_and_time_based_timetable to 2025-04-09 01:00:00+00:00, run_after=2025-04-09 01:00:00+00:00
[2025-04-13T13:59:30.320-0400] {logging_mixin.py:188} INFO - [2025-04-13T13:59:30.320-0400] {dag.py:3954} INFO - Setting next_dagrun for consume_1_and_2_with_dataset_expressions to None, run_after=None
[2025-04-13T13:59:30.320-0400] {logging_mixin.py:188} INFO - [2025-04-13T13:59:30.320-0400] {dag.py:3954} INFO - Setting next_dagrun for consume_1_or_2_with_dataset_expressions to None, run_after=None
[2025-04-13T13:59:30.320-0400] {logging_mixin.py:188} INFO - [2025-04-13T13:59:30.320-0400] {dag.py:3954} INFO - Setting next_dagrun for consume_1_or_both_2_and_3_with_dataset_expressions to None, run_after=None
[2025-04-13T13:59:30.320-0400] {logging_mixin.py:188} INFO - [2025-04-13T13:59:30.320-0400] {dag.py:3954} INFO - Setting next_dagrun for dataset_consumes_1 to None, run_after=None
[2025-04-13T13:59:30.321-0400] {logging_mixin.py:188} INFO - [2025-04-13T13:59:30.321-0400] {dag.py:3954} INFO - Setting next_dagrun for dataset_consumes_1_and_2 to None, run_after=None
[2025-04-13T13:59:30.321-0400] {logging_mixin.py:188} INFO - [2025-04-13T13:59:30.321-0400] {dag.py:3954} INFO - Setting next_dagrun for dataset_consumes_1_never_scheduled to None, run_after=None
[2025-04-13T13:59:30.321-0400] {logging_mixin.py:188} INFO - [2025-04-13T13:59:30.321-0400] {dag.py:3954} INFO - Setting next_dagrun for dataset_consumes_unknown_never_scheduled to None, run_after=None
[2025-04-13T13:59:30.322-0400] {logging_mixin.py:188} INFO - [2025-04-13T13:59:30.322-0400] {dag.py:3954} INFO - Setting next_dagrun for dataset_produces_1 to 2025-04-12 00:00:00+00:00, run_after=2025-04-13 00:00:00+00:00
[2025-04-13T13:59:30.322-0400] {logging_mixin.py:188} INFO - [2025-04-13T13:59:30.322-0400] {dag.py:3954} INFO - Setting next_dagrun for dataset_produces_2 to None, run_after=None
[2025-04-13T13:59:30.330-0400] {processor.py:183} INFO - Processing /opt/anaconda3/lib/python3.12/site-packages/airflow/example_dags/example_datasets.py took 0.183 seconds
[2025-04-13T14:01:49.895-0400] {processor.py:161} INFO - Started process (PID=55518) to work on /opt/anaconda3/lib/python3.12/site-packages/airflow/example_dags/example_datasets.py
[2025-04-13T14:01:49.896-0400] {processor.py:830} INFO - Processing file /opt/anaconda3/lib/python3.12/site-packages/airflow/example_dags/example_datasets.py for tasks to queue
[2025-04-13T14:01:49.896-0400] {logging_mixin.py:188} INFO - [2025-04-13T14:01:49.896-0400] {dagbag.py:540} INFO - Filling up the DagBag from /opt/anaconda3/lib/python3.12/site-packages/airflow/example_dags/example_datasets.py
[2025-04-13T14:01:50.015-0400] {processor.py:840} INFO - DAG(s) 'dataset_consumes_1_never_scheduled', 'dataset_produces_2', 'dataset_consumes_1', 'consume_1_or_2_with_dataset_expressions', 'consume_1_and_2_with_dataset_expressions', 'dataset_produces_1', 'conditional_dataset_and_time_based_timetable', 'dataset_consumes_1_and_2', 'dataset_consumes_unknown_never_scheduled', 'consume_1_or_both_2_and_3_with_dataset_expressions' retrieved from /opt/anaconda3/lib/python3.12/site-packages/airflow/example_dags/example_datasets.py
[2025-04-13T14:01:50.047-0400] {logging_mixin.py:188} INFO - [2025-04-13T14:01:50.047-0400] {dag.py:3096} INFO - Sync 10 DAGs
[2025-04-13T14:01:50.053-0400] {logging_mixin.py:188} INFO - [2025-04-13T14:01:50.053-0400] {dag.py:3954} INFO - Setting next_dagrun for conditional_dataset_and_time_based_timetable to 2025-04-09 01:00:00+00:00, run_after=2025-04-09 01:00:00+00:00
[2025-04-13T14:01:50.054-0400] {logging_mixin.py:188} INFO - [2025-04-13T14:01:50.053-0400] {dag.py:3954} INFO - Setting next_dagrun for consume_1_and_2_with_dataset_expressions to None, run_after=None
[2025-04-13T14:01:50.054-0400] {logging_mixin.py:188} INFO - [2025-04-13T14:01:50.054-0400] {dag.py:3954} INFO - Setting next_dagrun for consume_1_or_2_with_dataset_expressions to None, run_after=None
[2025-04-13T14:01:50.054-0400] {logging_mixin.py:188} INFO - [2025-04-13T14:01:50.054-0400] {dag.py:3954} INFO - Setting next_dagrun for consume_1_or_both_2_and_3_with_dataset_expressions to None, run_after=None
[2025-04-13T14:01:50.054-0400] {logging_mixin.py:188} INFO - [2025-04-13T14:01:50.054-0400] {dag.py:3954} INFO - Setting next_dagrun for dataset_consumes_1 to None, run_after=None
[2025-04-13T14:01:50.054-0400] {logging_mixin.py:188} INFO - [2025-04-13T14:01:50.054-0400] {dag.py:3954} INFO - Setting next_dagrun for dataset_consumes_1_and_2 to None, run_after=None
[2025-04-13T14:01:50.055-0400] {logging_mixin.py:188} INFO - [2025-04-13T14:01:50.055-0400] {dag.py:3954} INFO - Setting next_dagrun for dataset_consumes_1_never_scheduled to None, run_after=None
[2025-04-13T14:01:50.055-0400] {logging_mixin.py:188} INFO - [2025-04-13T14:01:50.055-0400] {dag.py:3954} INFO - Setting next_dagrun for dataset_consumes_unknown_never_scheduled to None, run_after=None
[2025-04-13T14:01:50.055-0400] {logging_mixin.py:188} INFO - [2025-04-13T14:01:50.055-0400] {dag.py:3954} INFO - Setting next_dagrun for dataset_produces_1 to 2025-04-12 00:00:00+00:00, run_after=2025-04-13 00:00:00+00:00
[2025-04-13T14:01:50.056-0400] {logging_mixin.py:188} INFO - [2025-04-13T14:01:50.056-0400] {dag.py:3954} INFO - Setting next_dagrun for dataset_produces_2 to None, run_after=None
[2025-04-13T14:01:50.063-0400] {processor.py:183} INFO - Processing /opt/anaconda3/lib/python3.12/site-packages/airflow/example_dags/example_datasets.py took 0.169 seconds
