[2025-04-13T13:06:17.722-0400] {processor.py:161} INFO - Started process (PID=33768) to work on /opt/anaconda3/lib/python3.12/site-packages/airflow/example_dags/example_sensor_decorator.py
[2025-04-13T13:06:17.722-0400] {processor.py:830} INFO - Processing file /opt/anaconda3/lib/python3.12/site-packages/airflow/example_dags/example_sensor_decorator.py for tasks to queue
[2025-04-13T13:06:17.722-0400] {logging_mixin.py:188} INFO - [2025-04-13T13:06:17.722-0400] {dagbag.py:540} INFO - Filling up the DagBag from /opt/anaconda3/lib/python3.12/site-packages/airflow/example_dags/example_sensor_decorator.py
[2025-04-13T13:06:17.737-0400] {processor.py:840} INFO - DAG(s) 'example_sensor_decorator' retrieved from /opt/anaconda3/lib/python3.12/site-packages/airflow/example_dags/example_sensor_decorator.py
[2025-04-13T13:06:17.814-0400] {logging_mixin.py:188} INFO - [2025-04-13T13:06:17.814-0400] {override.py:1930} INFO - Created Permission View: can delete on DAG:example_sensor_decorator
[2025-04-13T13:06:17.817-0400] {logging_mixin.py:188} INFO - [2025-04-13T13:06:17.817-0400] {override.py:1930} INFO - Created Permission View: can edit on DAG:example_sensor_decorator
[2025-04-13T13:06:17.818-0400] {logging_mixin.py:188} INFO - [2025-04-13T13:06:17.818-0400] {override.py:1930} INFO - Created Permission View: can read on DAG:example_sensor_decorator
[2025-04-13T13:06:17.819-0400] {logging_mixin.py:188} INFO - [2025-04-13T13:06:17.819-0400] {dag.py:3096} INFO - Sync 1 DAGs
[2025-04-13T13:06:17.822-0400] {logging_mixin.py:188} INFO - [2025-04-13T13:06:17.822-0400] {dag.py:3118} INFO - Creating ORM DAG for example_sensor_decorator
[2025-04-13T13:06:17.822-0400] {logging_mixin.py:188} INFO - [2025-04-13T13:06:17.822-0400] {dag.py:3954} INFO - Setting next_dagrun for example_sensor_decorator to None, run_after=None
[2025-04-13T13:06:17.827-0400] {processor.py:183} INFO - Processing /opt/anaconda3/lib/python3.12/site-packages/airflow/example_dags/example_sensor_decorator.py took 0.106 seconds
[2025-04-13T13:08:12.134-0400] {processor.py:161} INFO - Started process (PID=34552) to work on /opt/anaconda3/lib/python3.12/site-packages/airflow/example_dags/example_sensor_decorator.py
[2025-04-13T13:08:12.135-0400] {processor.py:830} INFO - Processing file /opt/anaconda3/lib/python3.12/site-packages/airflow/example_dags/example_sensor_decorator.py for tasks to queue
[2025-04-13T13:08:12.135-0400] {logging_mixin.py:188} INFO - [2025-04-13T13:08:12.135-0400] {dagbag.py:540} INFO - Filling up the DagBag from /opt/anaconda3/lib/python3.12/site-packages/airflow/example_dags/example_sensor_decorator.py
[2025-04-13T13:08:12.149-0400] {processor.py:840} INFO - DAG(s) 'example_sensor_decorator' retrieved from /opt/anaconda3/lib/python3.12/site-packages/airflow/example_dags/example_sensor_decorator.py
[2025-04-13T13:08:12.197-0400] {logging_mixin.py:188} INFO - [2025-04-13T13:08:12.197-0400] {dag.py:3096} INFO - Sync 1 DAGs
[2025-04-13T13:08:12.200-0400] {logging_mixin.py:188} INFO - [2025-04-13T13:08:12.200-0400] {dag.py:3954} INFO - Setting next_dagrun for example_sensor_decorator to None, run_after=None
[2025-04-13T13:08:12.214-0400] {processor.py:183} INFO - Processing /opt/anaconda3/lib/python3.12/site-packages/airflow/example_dags/example_sensor_decorator.py took 0.081 seconds
[2025-04-13T13:09:51.937-0400] {processor.py:161} INFO - Started process (PID=35238) to work on /opt/anaconda3/lib/python3.12/site-packages/airflow/example_dags/example_sensor_decorator.py
[2025-04-13T13:09:51.938-0400] {processor.py:830} INFO - Processing file /opt/anaconda3/lib/python3.12/site-packages/airflow/example_dags/example_sensor_decorator.py for tasks to queue
[2025-04-13T13:09:51.938-0400] {logging_mixin.py:188} INFO - [2025-04-13T13:09:51.938-0400] {dagbag.py:540} INFO - Filling up the DagBag from /opt/anaconda3/lib/python3.12/site-packages/airflow/example_dags/example_sensor_decorator.py
[2025-04-13T13:09:51.954-0400] {processor.py:840} INFO - DAG(s) 'example_sensor_decorator' retrieved from /opt/anaconda3/lib/python3.12/site-packages/airflow/example_dags/example_sensor_decorator.py
[2025-04-13T13:09:52.004-0400] {logging_mixin.py:188} INFO - [2025-04-13T13:09:52.004-0400] {dag.py:3096} INFO - Sync 1 DAGs
[2025-04-13T13:09:52.008-0400] {logging_mixin.py:188} INFO - [2025-04-13T13:09:52.007-0400] {dag.py:3954} INFO - Setting next_dagrun for example_sensor_decorator to None, run_after=None
[2025-04-13T13:09:52.015-0400] {processor.py:183} INFO - Processing /opt/anaconda3/lib/python3.12/site-packages/airflow/example_dags/example_sensor_decorator.py took 0.079 seconds
[2025-04-13T13:15:44.170-0400] {processor.py:161} INFO - Started process (PID=37381) to work on /opt/anaconda3/lib/python3.12/site-packages/airflow/example_dags/example_sensor_decorator.py
[2025-04-13T13:15:44.170-0400] {processor.py:830} INFO - Processing file /opt/anaconda3/lib/python3.12/site-packages/airflow/example_dags/example_sensor_decorator.py for tasks to queue
[2025-04-13T13:15:44.171-0400] {logging_mixin.py:188} INFO - [2025-04-13T13:15:44.170-0400] {dagbag.py:540} INFO - Filling up the DagBag from /opt/anaconda3/lib/python3.12/site-packages/airflow/example_dags/example_sensor_decorator.py
[2025-04-13T13:15:44.185-0400] {processor.py:840} INFO - DAG(s) 'example_sensor_decorator' retrieved from /opt/anaconda3/lib/python3.12/site-packages/airflow/example_dags/example_sensor_decorator.py
[2025-04-13T13:15:44.233-0400] {logging_mixin.py:188} INFO - [2025-04-13T13:15:44.233-0400] {dag.py:3096} INFO - Sync 1 DAGs
[2025-04-13T13:15:44.236-0400] {logging_mixin.py:188} INFO - [2025-04-13T13:15:44.236-0400] {dag.py:3954} INFO - Setting next_dagrun for example_sensor_decorator to None, run_after=None
[2025-04-13T13:15:44.242-0400] {processor.py:183} INFO - Processing /opt/anaconda3/lib/python3.12/site-packages/airflow/example_dags/example_sensor_decorator.py took 0.073 seconds
[2025-04-13T13:19:25.309-0400] {processor.py:161} INFO - Started process (PID=38869) to work on /opt/anaconda3/lib/python3.12/site-packages/airflow/example_dags/example_sensor_decorator.py
[2025-04-13T13:19:25.310-0400] {processor.py:830} INFO - Processing file /opt/anaconda3/lib/python3.12/site-packages/airflow/example_dags/example_sensor_decorator.py for tasks to queue
[2025-04-13T13:19:25.310-0400] {logging_mixin.py:188} INFO - [2025-04-13T13:19:25.310-0400] {dagbag.py:540} INFO - Filling up the DagBag from /opt/anaconda3/lib/python3.12/site-packages/airflow/example_dags/example_sensor_decorator.py
[2025-04-13T13:19:25.326-0400] {processor.py:840} INFO - DAG(s) 'example_sensor_decorator' retrieved from /opt/anaconda3/lib/python3.12/site-packages/airflow/example_dags/example_sensor_decorator.py
[2025-04-13T13:19:25.408-0400] {logging_mixin.py:188} INFO - [2025-04-13T13:19:25.408-0400] {dag.py:3096} INFO - Sync 1 DAGs
[2025-04-13T13:19:25.411-0400] {logging_mixin.py:188} INFO - [2025-04-13T13:19:25.411-0400] {dag.py:3954} INFO - Setting next_dagrun for example_sensor_decorator to None, run_after=None
[2025-04-13T13:19:25.419-0400] {processor.py:183} INFO - Processing /opt/anaconda3/lib/python3.12/site-packages/airflow/example_dags/example_sensor_decorator.py took 0.111 seconds
[2025-04-13T13:23:54.280-0400] {processor.py:161} INFO - Started process (PID=40787) to work on /opt/anaconda3/lib/python3.12/site-packages/airflow/example_dags/example_sensor_decorator.py
[2025-04-13T13:23:54.281-0400] {processor.py:830} INFO - Processing file /opt/anaconda3/lib/python3.12/site-packages/airflow/example_dags/example_sensor_decorator.py for tasks to queue
[2025-04-13T13:23:54.281-0400] {logging_mixin.py:188} INFO - [2025-04-13T13:23:54.281-0400] {dagbag.py:540} INFO - Filling up the DagBag from /opt/anaconda3/lib/python3.12/site-packages/airflow/example_dags/example_sensor_decorator.py
[2025-04-13T13:23:54.295-0400] {processor.py:840} INFO - DAG(s) 'example_sensor_decorator' retrieved from /opt/anaconda3/lib/python3.12/site-packages/airflow/example_dags/example_sensor_decorator.py
[2025-04-13T13:23:54.372-0400] {logging_mixin.py:188} INFO - [2025-04-13T13:23:54.372-0400] {dag.py:3096} INFO - Sync 1 DAGs
[2025-04-13T13:23:54.374-0400] {logging_mixin.py:188} INFO - [2025-04-13T13:23:54.374-0400] {dag.py:3954} INFO - Setting next_dagrun for example_sensor_decorator to None, run_after=None
[2025-04-13T13:23:54.381-0400] {processor.py:183} INFO - Processing /opt/anaconda3/lib/python3.12/site-packages/airflow/example_dags/example_sensor_decorator.py took 0.102 seconds
[2025-04-13T13:25:32.300-0400] {processor.py:161} INFO - Started process (PID=41449) to work on /opt/anaconda3/lib/python3.12/site-packages/airflow/example_dags/example_sensor_decorator.py
[2025-04-13T13:25:32.301-0400] {processor.py:830} INFO - Processing file /opt/anaconda3/lib/python3.12/site-packages/airflow/example_dags/example_sensor_decorator.py for tasks to queue
[2025-04-13T13:25:32.301-0400] {logging_mixin.py:188} INFO - [2025-04-13T13:25:32.301-0400] {dagbag.py:540} INFO - Filling up the DagBag from /opt/anaconda3/lib/python3.12/site-packages/airflow/example_dags/example_sensor_decorator.py
[2025-04-13T13:25:32.315-0400] {processor.py:840} INFO - DAG(s) 'example_sensor_decorator' retrieved from /opt/anaconda3/lib/python3.12/site-packages/airflow/example_dags/example_sensor_decorator.py
[2025-04-13T13:25:32.365-0400] {logging_mixin.py:188} INFO - [2025-04-13T13:25:32.365-0400] {dag.py:3096} INFO - Sync 1 DAGs
[2025-04-13T13:25:32.368-0400] {logging_mixin.py:188} INFO - [2025-04-13T13:25:32.368-0400] {dag.py:3954} INFO - Setting next_dagrun for example_sensor_decorator to None, run_after=None
[2025-04-13T13:25:32.374-0400] {processor.py:183} INFO - Processing /opt/anaconda3/lib/python3.12/site-packages/airflow/example_dags/example_sensor_decorator.py took 0.075 seconds
[2025-04-13T13:27:36.180-0400] {processor.py:161} INFO - Started process (PID=42281) to work on /opt/anaconda3/lib/python3.12/site-packages/airflow/example_dags/example_sensor_decorator.py
[2025-04-13T13:27:36.181-0400] {processor.py:830} INFO - Processing file /opt/anaconda3/lib/python3.12/site-packages/airflow/example_dags/example_sensor_decorator.py for tasks to queue
[2025-04-13T13:27:36.182-0400] {logging_mixin.py:188} INFO - [2025-04-13T13:27:36.182-0400] {dagbag.py:540} INFO - Filling up the DagBag from /opt/anaconda3/lib/python3.12/site-packages/airflow/example_dags/example_sensor_decorator.py
[2025-04-13T13:27:36.196-0400] {processor.py:840} INFO - DAG(s) 'example_sensor_decorator' retrieved from /opt/anaconda3/lib/python3.12/site-packages/airflow/example_dags/example_sensor_decorator.py
[2025-04-13T13:27:36.246-0400] {logging_mixin.py:188} INFO - [2025-04-13T13:27:36.246-0400] {dag.py:3096} INFO - Sync 1 DAGs
[2025-04-13T13:27:36.249-0400] {logging_mixin.py:188} INFO - [2025-04-13T13:27:36.249-0400] {dag.py:3954} INFO - Setting next_dagrun for example_sensor_decorator to None, run_after=None
[2025-04-13T13:27:36.255-0400] {processor.py:183} INFO - Processing /opt/anaconda3/lib/python3.12/site-packages/airflow/example_dags/example_sensor_decorator.py took 0.076 seconds
[2025-04-13T13:29:49.045-0400] {processor.py:161} INFO - Started process (PID=43146) to work on /opt/anaconda3/lib/python3.12/site-packages/airflow/example_dags/example_sensor_decorator.py
[2025-04-13T13:29:49.046-0400] {processor.py:830} INFO - Processing file /opt/anaconda3/lib/python3.12/site-packages/airflow/example_dags/example_sensor_decorator.py for tasks to queue
[2025-04-13T13:29:49.047-0400] {logging_mixin.py:188} INFO - [2025-04-13T13:29:49.047-0400] {dagbag.py:540} INFO - Filling up the DagBag from /opt/anaconda3/lib/python3.12/site-packages/airflow/example_dags/example_sensor_decorator.py
[2025-04-13T13:29:49.061-0400] {processor.py:840} INFO - DAG(s) 'example_sensor_decorator' retrieved from /opt/anaconda3/lib/python3.12/site-packages/airflow/example_dags/example_sensor_decorator.py
[2025-04-13T13:29:49.110-0400] {logging_mixin.py:188} INFO - [2025-04-13T13:29:49.110-0400] {dag.py:3096} INFO - Sync 1 DAGs
[2025-04-13T13:29:49.113-0400] {logging_mixin.py:188} INFO - [2025-04-13T13:29:49.113-0400] {dag.py:3954} INFO - Setting next_dagrun for example_sensor_decorator to None, run_after=None
[2025-04-13T13:29:49.119-0400] {processor.py:183} INFO - Processing /opt/anaconda3/lib/python3.12/site-packages/airflow/example_dags/example_sensor_decorator.py took 0.075 seconds
[2025-04-13T13:32:10.536-0400] {processor.py:161} INFO - Started process (PID=44071) to work on /opt/anaconda3/lib/python3.12/site-packages/airflow/example_dags/example_sensor_decorator.py
[2025-04-13T13:32:10.537-0400] {processor.py:830} INFO - Processing file /opt/anaconda3/lib/python3.12/site-packages/airflow/example_dags/example_sensor_decorator.py for tasks to queue
[2025-04-13T13:32:10.537-0400] {logging_mixin.py:188} INFO - [2025-04-13T13:32:10.537-0400] {dagbag.py:540} INFO - Filling up the DagBag from /opt/anaconda3/lib/python3.12/site-packages/airflow/example_dags/example_sensor_decorator.py
[2025-04-13T13:32:10.552-0400] {processor.py:840} INFO - DAG(s) 'example_sensor_decorator' retrieved from /opt/anaconda3/lib/python3.12/site-packages/airflow/example_dags/example_sensor_decorator.py
[2025-04-13T13:32:10.602-0400] {logging_mixin.py:188} INFO - [2025-04-13T13:32:10.602-0400] {dag.py:3096} INFO - Sync 1 DAGs
[2025-04-13T13:32:10.605-0400] {logging_mixin.py:188} INFO - [2025-04-13T13:32:10.605-0400] {dag.py:3954} INFO - Setting next_dagrun for example_sensor_decorator to None, run_after=None
[2025-04-13T13:32:10.611-0400] {processor.py:183} INFO - Processing /opt/anaconda3/lib/python3.12/site-packages/airflow/example_dags/example_sensor_decorator.py took 0.077 seconds
[2025-04-13T13:33:47.073-0400] {processor.py:161} INFO - Started process (PID=44703) to work on /opt/anaconda3/lib/python3.12/site-packages/airflow/example_dags/example_sensor_decorator.py
[2025-04-13T13:33:47.074-0400] {processor.py:830} INFO - Processing file /opt/anaconda3/lib/python3.12/site-packages/airflow/example_dags/example_sensor_decorator.py for tasks to queue
[2025-04-13T13:33:47.074-0400] {logging_mixin.py:188} INFO - [2025-04-13T13:33:47.074-0400] {dagbag.py:540} INFO - Filling up the DagBag from /opt/anaconda3/lib/python3.12/site-packages/airflow/example_dags/example_sensor_decorator.py
[2025-04-13T13:33:47.089-0400] {processor.py:840} INFO - DAG(s) 'example_sensor_decorator' retrieved from /opt/anaconda3/lib/python3.12/site-packages/airflow/example_dags/example_sensor_decorator.py
[2025-04-13T13:33:47.139-0400] {logging_mixin.py:188} INFO - [2025-04-13T13:33:47.139-0400] {dag.py:3096} INFO - Sync 1 DAGs
[2025-04-13T13:33:47.142-0400] {logging_mixin.py:188} INFO - [2025-04-13T13:33:47.142-0400] {dag.py:3954} INFO - Setting next_dagrun for example_sensor_decorator to None, run_after=None
[2025-04-13T13:33:47.148-0400] {processor.py:183} INFO - Processing /opt/anaconda3/lib/python3.12/site-packages/airflow/example_dags/example_sensor_decorator.py took 0.076 seconds
[2025-04-13T13:36:31.970-0400] {processor.py:161} INFO - Started process (PID=45254) to work on /opt/anaconda3/lib/python3.12/site-packages/airflow/example_dags/example_sensor_decorator.py
[2025-04-13T13:36:31.970-0400] {processor.py:830} INFO - Processing file /opt/anaconda3/lib/python3.12/site-packages/airflow/example_dags/example_sensor_decorator.py for tasks to queue
[2025-04-13T13:36:31.970-0400] {logging_mixin.py:188} INFO - [2025-04-13T13:36:31.970-0400] {dagbag.py:540} INFO - Filling up the DagBag from /opt/anaconda3/lib/python3.12/site-packages/airflow/example_dags/example_sensor_decorator.py
[2025-04-13T13:36:31.985-0400] {processor.py:840} INFO - DAG(s) 'example_sensor_decorator' retrieved from /opt/anaconda3/lib/python3.12/site-packages/airflow/example_dags/example_sensor_decorator.py
[2025-04-13T13:36:32.034-0400] {logging_mixin.py:188} INFO - [2025-04-13T13:36:32.034-0400] {dag.py:3096} INFO - Sync 1 DAGs
[2025-04-13T13:36:32.037-0400] {logging_mixin.py:188} INFO - [2025-04-13T13:36:32.037-0400] {dag.py:3954} INFO - Setting next_dagrun for example_sensor_decorator to None, run_after=None
[2025-04-13T13:36:32.043-0400] {processor.py:183} INFO - Processing /opt/anaconda3/lib/python3.12/site-packages/airflow/example_dags/example_sensor_decorator.py took 0.074 seconds
[2025-04-13T13:37:58.493-0400] {processor.py:161} INFO - Started process (PID=45830) to work on /opt/anaconda3/lib/python3.12/site-packages/airflow/example_dags/example_sensor_decorator.py
[2025-04-13T13:37:58.494-0400] {processor.py:830} INFO - Processing file /opt/anaconda3/lib/python3.12/site-packages/airflow/example_dags/example_sensor_decorator.py for tasks to queue
[2025-04-13T13:37:58.494-0400] {logging_mixin.py:188} INFO - [2025-04-13T13:37:58.494-0400] {dagbag.py:540} INFO - Filling up the DagBag from /opt/anaconda3/lib/python3.12/site-packages/airflow/example_dags/example_sensor_decorator.py
[2025-04-13T13:37:58.508-0400] {processor.py:840} INFO - DAG(s) 'example_sensor_decorator' retrieved from /opt/anaconda3/lib/python3.12/site-packages/airflow/example_dags/example_sensor_decorator.py
[2025-04-13T13:37:58.557-0400] {logging_mixin.py:188} INFO - [2025-04-13T13:37:58.557-0400] {dag.py:3096} INFO - Sync 1 DAGs
[2025-04-13T13:37:58.560-0400] {logging_mixin.py:188} INFO - [2025-04-13T13:37:58.560-0400] {dag.py:3954} INFO - Setting next_dagrun for example_sensor_decorator to None, run_after=None
[2025-04-13T13:37:58.566-0400] {processor.py:183} INFO - Processing /opt/anaconda3/lib/python3.12/site-packages/airflow/example_dags/example_sensor_decorator.py took 0.074 seconds
[2025-04-13T13:40:11.465-0400] {processor.py:161} INFO - Started process (PID=46737) to work on /opt/anaconda3/lib/python3.12/site-packages/airflow/example_dags/example_sensor_decorator.py
[2025-04-13T13:40:11.466-0400] {processor.py:830} INFO - Processing file /opt/anaconda3/lib/python3.12/site-packages/airflow/example_dags/example_sensor_decorator.py for tasks to queue
[2025-04-13T13:40:11.467-0400] {logging_mixin.py:188} INFO - [2025-04-13T13:40:11.467-0400] {dagbag.py:540} INFO - Filling up the DagBag from /opt/anaconda3/lib/python3.12/site-packages/airflow/example_dags/example_sensor_decorator.py
[2025-04-13T13:40:11.480-0400] {processor.py:840} INFO - DAG(s) 'example_sensor_decorator' retrieved from /opt/anaconda3/lib/python3.12/site-packages/airflow/example_dags/example_sensor_decorator.py
[2025-04-13T13:40:11.529-0400] {logging_mixin.py:188} INFO - [2025-04-13T13:40:11.529-0400] {dag.py:3096} INFO - Sync 1 DAGs
[2025-04-13T13:40:11.532-0400] {logging_mixin.py:188} INFO - [2025-04-13T13:40:11.532-0400] {dag.py:3954} INFO - Setting next_dagrun for example_sensor_decorator to None, run_after=None
[2025-04-13T13:40:11.537-0400] {processor.py:183} INFO - Processing /opt/anaconda3/lib/python3.12/site-packages/airflow/example_dags/example_sensor_decorator.py took 0.073 seconds
[2025-04-13T13:42:21.635-0400] {processor.py:161} INFO - Started process (PID=47618) to work on /opt/anaconda3/lib/python3.12/site-packages/airflow/example_dags/example_sensor_decorator.py
[2025-04-13T13:42:21.636-0400] {processor.py:830} INFO - Processing file /opt/anaconda3/lib/python3.12/site-packages/airflow/example_dags/example_sensor_decorator.py for tasks to queue
[2025-04-13T13:42:21.636-0400] {logging_mixin.py:188} INFO - [2025-04-13T13:42:21.636-0400] {dagbag.py:540} INFO - Filling up the DagBag from /opt/anaconda3/lib/python3.12/site-packages/airflow/example_dags/example_sensor_decorator.py
[2025-04-13T13:42:21.650-0400] {processor.py:840} INFO - DAG(s) 'example_sensor_decorator' retrieved from /opt/anaconda3/lib/python3.12/site-packages/airflow/example_dags/example_sensor_decorator.py
[2025-04-13T13:42:21.702-0400] {logging_mixin.py:188} INFO - [2025-04-13T13:42:21.702-0400] {dag.py:3096} INFO - Sync 1 DAGs
[2025-04-13T13:42:21.705-0400] {logging_mixin.py:188} INFO - [2025-04-13T13:42:21.705-0400] {dag.py:3954} INFO - Setting next_dagrun for example_sensor_decorator to None, run_after=None
[2025-04-13T13:42:21.711-0400] {processor.py:183} INFO - Processing /opt/anaconda3/lib/python3.12/site-packages/airflow/example_dags/example_sensor_decorator.py took 0.077 seconds
[2025-04-13T13:44:33.329-0400] {processor.py:161} INFO - Started process (PID=48523) to work on /opt/anaconda3/lib/python3.12/site-packages/airflow/example_dags/example_sensor_decorator.py
[2025-04-13T13:44:33.330-0400] {processor.py:830} INFO - Processing file /opt/anaconda3/lib/python3.12/site-packages/airflow/example_dags/example_sensor_decorator.py for tasks to queue
[2025-04-13T13:44:33.330-0400] {logging_mixin.py:188} INFO - [2025-04-13T13:44:33.330-0400] {dagbag.py:540} INFO - Filling up the DagBag from /opt/anaconda3/lib/python3.12/site-packages/airflow/example_dags/example_sensor_decorator.py
[2025-04-13T13:44:33.344-0400] {processor.py:840} INFO - DAG(s) 'example_sensor_decorator' retrieved from /opt/anaconda3/lib/python3.12/site-packages/airflow/example_dags/example_sensor_decorator.py
[2025-04-13T13:44:33.394-0400] {logging_mixin.py:188} INFO - [2025-04-13T13:44:33.393-0400] {dag.py:3096} INFO - Sync 1 DAGs
[2025-04-13T13:44:33.397-0400] {logging_mixin.py:188} INFO - [2025-04-13T13:44:33.397-0400] {dag.py:3954} INFO - Setting next_dagrun for example_sensor_decorator to None, run_after=None
[2025-04-13T13:44:33.403-0400] {processor.py:183} INFO - Processing /opt/anaconda3/lib/python3.12/site-packages/airflow/example_dags/example_sensor_decorator.py took 0.075 seconds
[2025-04-13T13:46:54.186-0400] {processor.py:161} INFO - Started process (PID=49448) to work on /opt/anaconda3/lib/python3.12/site-packages/airflow/example_dags/example_sensor_decorator.py
[2025-04-13T13:46:54.187-0400] {processor.py:830} INFO - Processing file /opt/anaconda3/lib/python3.12/site-packages/airflow/example_dags/example_sensor_decorator.py for tasks to queue
[2025-04-13T13:46:54.188-0400] {logging_mixin.py:188} INFO - [2025-04-13T13:46:54.188-0400] {dagbag.py:540} INFO - Filling up the DagBag from /opt/anaconda3/lib/python3.12/site-packages/airflow/example_dags/example_sensor_decorator.py
[2025-04-13T13:46:54.202-0400] {processor.py:840} INFO - DAG(s) 'example_sensor_decorator' retrieved from /opt/anaconda3/lib/python3.12/site-packages/airflow/example_dags/example_sensor_decorator.py
[2025-04-13T13:46:54.250-0400] {logging_mixin.py:188} INFO - [2025-04-13T13:46:54.250-0400] {dag.py:3096} INFO - Sync 1 DAGs
[2025-04-13T13:46:54.253-0400] {logging_mixin.py:188} INFO - [2025-04-13T13:46:54.253-0400] {dag.py:3954} INFO - Setting next_dagrun for example_sensor_decorator to None, run_after=None
[2025-04-13T13:46:54.259-0400] {processor.py:183} INFO - Processing /opt/anaconda3/lib/python3.12/site-packages/airflow/example_dags/example_sensor_decorator.py took 0.073 seconds
[2025-04-13T13:49:13.859-0400] {processor.py:161} INFO - Started process (PID=50369) to work on /opt/anaconda3/lib/python3.12/site-packages/airflow/example_dags/example_sensor_decorator.py
[2025-04-13T13:49:13.860-0400] {processor.py:830} INFO - Processing file /opt/anaconda3/lib/python3.12/site-packages/airflow/example_dags/example_sensor_decorator.py for tasks to queue
[2025-04-13T13:49:13.861-0400] {logging_mixin.py:188} INFO - [2025-04-13T13:49:13.860-0400] {dagbag.py:540} INFO - Filling up the DagBag from /opt/anaconda3/lib/python3.12/site-packages/airflow/example_dags/example_sensor_decorator.py
[2025-04-13T13:49:13.875-0400] {processor.py:840} INFO - DAG(s) 'example_sensor_decorator' retrieved from /opt/anaconda3/lib/python3.12/site-packages/airflow/example_dags/example_sensor_decorator.py
[2025-04-13T13:49:13.926-0400] {logging_mixin.py:188} INFO - [2025-04-13T13:49:13.926-0400] {dag.py:3096} INFO - Sync 1 DAGs
[2025-04-13T13:49:13.929-0400] {logging_mixin.py:188} INFO - [2025-04-13T13:49:13.929-0400] {dag.py:3954} INFO - Setting next_dagrun for example_sensor_decorator to None, run_after=None
[2025-04-13T13:49:13.935-0400] {processor.py:183} INFO - Processing /opt/anaconda3/lib/python3.12/site-packages/airflow/example_dags/example_sensor_decorator.py took 0.077 seconds
[2025-04-13T13:51:31.411-0400] {processor.py:161} INFO - Started process (PID=51296) to work on /opt/anaconda3/lib/python3.12/site-packages/airflow/example_dags/example_sensor_decorator.py
[2025-04-13T13:51:31.412-0400] {processor.py:830} INFO - Processing file /opt/anaconda3/lib/python3.12/site-packages/airflow/example_dags/example_sensor_decorator.py for tasks to queue
[2025-04-13T13:51:31.412-0400] {logging_mixin.py:188} INFO - [2025-04-13T13:51:31.412-0400] {dagbag.py:540} INFO - Filling up the DagBag from /opt/anaconda3/lib/python3.12/site-packages/airflow/example_dags/example_sensor_decorator.py
[2025-04-13T13:51:31.429-0400] {processor.py:840} INFO - DAG(s) 'example_sensor_decorator' retrieved from /opt/anaconda3/lib/python3.12/site-packages/airflow/example_dags/example_sensor_decorator.py
[2025-04-13T13:51:31.486-0400] {logging_mixin.py:188} INFO - [2025-04-13T13:51:31.486-0400] {dag.py:3096} INFO - Sync 1 DAGs
[2025-04-13T13:51:31.489-0400] {logging_mixin.py:188} INFO - [2025-04-13T13:51:31.489-0400] {dag.py:3954} INFO - Setting next_dagrun for example_sensor_decorator to None, run_after=None
[2025-04-13T13:51:31.495-0400] {processor.py:183} INFO - Processing /opt/anaconda3/lib/python3.12/site-packages/airflow/example_dags/example_sensor_decorator.py took 0.085 seconds
[2025-04-13T13:53:54.204-0400] {processor.py:161} INFO - Started process (PID=52263) to work on /opt/anaconda3/lib/python3.12/site-packages/airflow/example_dags/example_sensor_decorator.py
[2025-04-13T13:53:54.205-0400] {processor.py:830} INFO - Processing file /opt/anaconda3/lib/python3.12/site-packages/airflow/example_dags/example_sensor_decorator.py for tasks to queue
[2025-04-13T13:53:54.205-0400] {logging_mixin.py:188} INFO - [2025-04-13T13:53:54.205-0400] {dagbag.py:540} INFO - Filling up the DagBag from /opt/anaconda3/lib/python3.12/site-packages/airflow/example_dags/example_sensor_decorator.py
[2025-04-13T13:53:54.219-0400] {processor.py:840} INFO - DAG(s) 'example_sensor_decorator' retrieved from /opt/anaconda3/lib/python3.12/site-packages/airflow/example_dags/example_sensor_decorator.py
[2025-04-13T13:53:54.269-0400] {logging_mixin.py:188} INFO - [2025-04-13T13:53:54.269-0400] {dag.py:3096} INFO - Sync 1 DAGs
[2025-04-13T13:53:54.272-0400] {logging_mixin.py:188} INFO - [2025-04-13T13:53:54.272-0400] {dag.py:3954} INFO - Setting next_dagrun for example_sensor_decorator to None, run_after=None
[2025-04-13T13:53:54.278-0400] {processor.py:183} INFO - Processing /opt/anaconda3/lib/python3.12/site-packages/airflow/example_dags/example_sensor_decorator.py took 0.074 seconds
[2025-04-13T13:56:08.473-0400] {processor.py:161} INFO - Started process (PID=53154) to work on /opt/anaconda3/lib/python3.12/site-packages/airflow/example_dags/example_sensor_decorator.py
[2025-04-13T13:56:08.474-0400] {processor.py:830} INFO - Processing file /opt/anaconda3/lib/python3.12/site-packages/airflow/example_dags/example_sensor_decorator.py for tasks to queue
[2025-04-13T13:56:08.474-0400] {logging_mixin.py:188} INFO - [2025-04-13T13:56:08.474-0400] {dagbag.py:540} INFO - Filling up the DagBag from /opt/anaconda3/lib/python3.12/site-packages/airflow/example_dags/example_sensor_decorator.py
[2025-04-13T13:56:08.489-0400] {processor.py:840} INFO - DAG(s) 'example_sensor_decorator' retrieved from /opt/anaconda3/lib/python3.12/site-packages/airflow/example_dags/example_sensor_decorator.py
[2025-04-13T13:56:08.539-0400] {logging_mixin.py:188} INFO - [2025-04-13T13:56:08.539-0400] {dag.py:3096} INFO - Sync 1 DAGs
[2025-04-13T13:56:08.542-0400] {logging_mixin.py:188} INFO - [2025-04-13T13:56:08.542-0400] {dag.py:3954} INFO - Setting next_dagrun for example_sensor_decorator to None, run_after=None
[2025-04-13T13:56:08.548-0400] {processor.py:183} INFO - Processing /opt/anaconda3/lib/python3.12/site-packages/airflow/example_dags/example_sensor_decorator.py took 0.076 seconds
[2025-04-13T13:58:23.726-0400] {processor.py:161} INFO - Started process (PID=54083) to work on /opt/anaconda3/lib/python3.12/site-packages/airflow/example_dags/example_sensor_decorator.py
[2025-04-13T13:58:23.727-0400] {processor.py:830} INFO - Processing file /opt/anaconda3/lib/python3.12/site-packages/airflow/example_dags/example_sensor_decorator.py for tasks to queue
[2025-04-13T13:58:23.727-0400] {logging_mixin.py:188} INFO - [2025-04-13T13:58:23.727-0400] {dagbag.py:540} INFO - Filling up the DagBag from /opt/anaconda3/lib/python3.12/site-packages/airflow/example_dags/example_sensor_decorator.py
[2025-04-13T13:58:23.741-0400] {processor.py:840} INFO - DAG(s) 'example_sensor_decorator' retrieved from /opt/anaconda3/lib/python3.12/site-packages/airflow/example_dags/example_sensor_decorator.py
[2025-04-13T13:58:23.790-0400] {logging_mixin.py:188} INFO - [2025-04-13T13:58:23.790-0400] {dag.py:3096} INFO - Sync 1 DAGs
[2025-04-13T13:58:23.793-0400] {logging_mixin.py:188} INFO - [2025-04-13T13:58:23.793-0400] {dag.py:3954} INFO - Setting next_dagrun for example_sensor_decorator to None, run_after=None
[2025-04-13T13:58:23.799-0400] {processor.py:183} INFO - Processing /opt/anaconda3/lib/python3.12/site-packages/airflow/example_dags/example_sensor_decorator.py took 0.074 seconds
[2025-04-13T14:00:38.460-0400] {processor.py:161} INFO - Started process (PID=55042) to work on /opt/anaconda3/lib/python3.12/site-packages/airflow/example_dags/example_sensor_decorator.py
[2025-04-13T14:00:38.462-0400] {processor.py:830} INFO - Processing file /opt/anaconda3/lib/python3.12/site-packages/airflow/example_dags/example_sensor_decorator.py for tasks to queue
[2025-04-13T14:00:38.462-0400] {logging_mixin.py:188} INFO - [2025-04-13T14:00:38.462-0400] {dagbag.py:540} INFO - Filling up the DagBag from /opt/anaconda3/lib/python3.12/site-packages/airflow/example_dags/example_sensor_decorator.py
[2025-04-13T14:00:38.476-0400] {processor.py:840} INFO - DAG(s) 'example_sensor_decorator' retrieved from /opt/anaconda3/lib/python3.12/site-packages/airflow/example_dags/example_sensor_decorator.py
[2025-04-13T14:00:38.526-0400] {logging_mixin.py:188} INFO - [2025-04-13T14:00:38.526-0400] {dag.py:3096} INFO - Sync 1 DAGs
[2025-04-13T14:00:38.529-0400] {logging_mixin.py:188} INFO - [2025-04-13T14:00:38.529-0400] {dag.py:3954} INFO - Setting next_dagrun for example_sensor_decorator to None, run_after=None
[2025-04-13T14:00:38.535-0400] {processor.py:183} INFO - Processing /opt/anaconda3/lib/python3.12/site-packages/airflow/example_dags/example_sensor_decorator.py took 0.075 seconds
