[2025-04-13T13:05:57.621-0400] {processor.py:161} INFO - Started process (PID=33630) to work on /opt/anaconda3/lib/python3.12/site-packages/airflow/example_dags/example_task_group_decorator.py
[2025-04-13T13:05:57.622-0400] {processor.py:830} INFO - Processing file /opt/anaconda3/lib/python3.12/site-packages/airflow/example_dags/example_task_group_decorator.py for tasks to queue
[2025-04-13T13:05:57.622-0400] {logging_mixin.py:188} INFO - [2025-04-13T13:05:57.622-0400] {dagbag.py:540} INFO - Filling up the DagBag from /opt/anaconda3/lib/python3.12/site-packages/airflow/example_dags/example_task_group_decorator.py
[2025-04-13T13:05:57.639-0400] {processor.py:840} INFO - DAG(s) 'example_task_group_decorator' retrieved from /opt/anaconda3/lib/python3.12/site-packages/airflow/example_dags/example_task_group_decorator.py
[2025-04-13T13:05:57.705-0400] {logging_mixin.py:188} INFO - [2025-04-13T13:05:57.704-0400] {override.py:1930} INFO - Created Permission View: can delete on DAG:example_task_group_decorator
[2025-04-13T13:05:57.707-0400] {logging_mixin.py:188} INFO - [2025-04-13T13:05:57.707-0400] {override.py:1930} INFO - Created Permission View: can edit on DAG:example_task_group_decorator
[2025-04-13T13:05:57.708-0400] {logging_mixin.py:188} INFO - [2025-04-13T13:05:57.708-0400] {override.py:1930} INFO - Created Permission View: can read on DAG:example_task_group_decorator
[2025-04-13T13:05:57.708-0400] {logging_mixin.py:188} INFO - [2025-04-13T13:05:57.708-0400] {dag.py:3096} INFO - Sync 1 DAGs
[2025-04-13T13:05:57.711-0400] {logging_mixin.py:188} INFO - [2025-04-13T13:05:57.711-0400] {dag.py:3118} INFO - Creating ORM DAG for example_task_group_decorator
[2025-04-13T13:05:57.714-0400] {logging_mixin.py:188} INFO - [2025-04-13T13:05:57.714-0400] {dag.py:3954} INFO - Setting next_dagrun for example_task_group_decorator to 2025-04-12 00:00:00+00:00, run_after=2025-04-13 00:00:00+00:00
[2025-04-13T13:05:57.719-0400] {processor.py:183} INFO - Processing /opt/anaconda3/lib/python3.12/site-packages/airflow/example_dags/example_task_group_decorator.py took 0.099 seconds
[2025-04-13T13:07:52.828-0400] {processor.py:161} INFO - Started process (PID=34414) to work on /opt/anaconda3/lib/python3.12/site-packages/airflow/example_dags/example_task_group_decorator.py
[2025-04-13T13:07:52.829-0400] {processor.py:830} INFO - Processing file /opt/anaconda3/lib/python3.12/site-packages/airflow/example_dags/example_task_group_decorator.py for tasks to queue
[2025-04-13T13:07:52.829-0400] {logging_mixin.py:188} INFO - [2025-04-13T13:07:52.829-0400] {dagbag.py:540} INFO - Filling up the DagBag from /opt/anaconda3/lib/python3.12/site-packages/airflow/example_dags/example_task_group_decorator.py
[2025-04-13T13:07:52.845-0400] {processor.py:840} INFO - DAG(s) 'example_task_group_decorator' retrieved from /opt/anaconda3/lib/python3.12/site-packages/airflow/example_dags/example_task_group_decorator.py
[2025-04-13T13:07:52.884-0400] {logging_mixin.py:188} INFO - [2025-04-13T13:07:52.884-0400] {dag.py:3096} INFO - Sync 1 DAGs
[2025-04-13T13:07:52.889-0400] {logging_mixin.py:188} INFO - [2025-04-13T13:07:52.889-0400] {dag.py:3954} INFO - Setting next_dagrun for example_task_group_decorator to 2025-04-12 00:00:00+00:00, run_after=2025-04-13 00:00:00+00:00
[2025-04-13T13:07:52.895-0400] {processor.py:183} INFO - Processing /opt/anaconda3/lib/python3.12/site-packages/airflow/example_dags/example_task_group_decorator.py took 0.068 seconds
[2025-04-13T13:09:32.933-0400] {processor.py:161} INFO - Started process (PID=35105) to work on /opt/anaconda3/lib/python3.12/site-packages/airflow/example_dags/example_task_group_decorator.py
[2025-04-13T13:09:32.934-0400] {processor.py:830} INFO - Processing file /opt/anaconda3/lib/python3.12/site-packages/airflow/example_dags/example_task_group_decorator.py for tasks to queue
[2025-04-13T13:09:32.934-0400] {logging_mixin.py:188} INFO - [2025-04-13T13:09:32.934-0400] {dagbag.py:540} INFO - Filling up the DagBag from /opt/anaconda3/lib/python3.12/site-packages/airflow/example_dags/example_task_group_decorator.py
[2025-04-13T13:09:32.952-0400] {processor.py:840} INFO - DAG(s) 'example_task_group_decorator' retrieved from /opt/anaconda3/lib/python3.12/site-packages/airflow/example_dags/example_task_group_decorator.py
[2025-04-13T13:09:32.990-0400] {logging_mixin.py:188} INFO - [2025-04-13T13:09:32.990-0400] {dag.py:3096} INFO - Sync 1 DAGs
[2025-04-13T13:09:32.997-0400] {logging_mixin.py:188} INFO - [2025-04-13T13:09:32.997-0400] {dag.py:3954} INFO - Setting next_dagrun for example_task_group_decorator to 2025-04-12 00:00:00+00:00, run_after=2025-04-13 00:00:00+00:00
[2025-04-13T13:09:33.004-0400] {processor.py:183} INFO - Processing /opt/anaconda3/lib/python3.12/site-packages/airflow/example_dags/example_task_group_decorator.py took 0.072 seconds
[2025-04-13T13:15:25.340-0400] {processor.py:161} INFO - Started process (PID=37244) to work on /opt/anaconda3/lib/python3.12/site-packages/airflow/example_dags/example_task_group_decorator.py
[2025-04-13T13:15:25.341-0400] {processor.py:830} INFO - Processing file /opt/anaconda3/lib/python3.12/site-packages/airflow/example_dags/example_task_group_decorator.py for tasks to queue
[2025-04-13T13:15:25.342-0400] {logging_mixin.py:188} INFO - [2025-04-13T13:15:25.342-0400] {dagbag.py:540} INFO - Filling up the DagBag from /opt/anaconda3/lib/python3.12/site-packages/airflow/example_dags/example_task_group_decorator.py
[2025-04-13T13:15:25.358-0400] {processor.py:840} INFO - DAG(s) 'example_task_group_decorator' retrieved from /opt/anaconda3/lib/python3.12/site-packages/airflow/example_dags/example_task_group_decorator.py
[2025-04-13T13:15:25.395-0400] {logging_mixin.py:188} INFO - [2025-04-13T13:15:25.395-0400] {dag.py:3096} INFO - Sync 1 DAGs
[2025-04-13T13:15:25.400-0400] {logging_mixin.py:188} INFO - [2025-04-13T13:15:25.400-0400] {dag.py:3954} INFO - Setting next_dagrun for example_task_group_decorator to 2025-04-12 00:00:00+00:00, run_after=2025-04-13 00:00:00+00:00
[2025-04-13T13:15:25.406-0400] {processor.py:183} INFO - Processing /opt/anaconda3/lib/python3.12/site-packages/airflow/example_dags/example_task_group_decorator.py took 0.066 seconds
[2025-04-13T13:19:06.189-0400] {processor.py:161} INFO - Started process (PID=38734) to work on /opt/anaconda3/lib/python3.12/site-packages/airflow/example_dags/example_task_group_decorator.py
[2025-04-13T13:19:06.191-0400] {processor.py:830} INFO - Processing file /opt/anaconda3/lib/python3.12/site-packages/airflow/example_dags/example_task_group_decorator.py for tasks to queue
[2025-04-13T13:19:06.191-0400] {logging_mixin.py:188} INFO - [2025-04-13T13:19:06.191-0400] {dagbag.py:540} INFO - Filling up the DagBag from /opt/anaconda3/lib/python3.12/site-packages/airflow/example_dags/example_task_group_decorator.py
[2025-04-13T13:19:06.207-0400] {processor.py:840} INFO - DAG(s) 'example_task_group_decorator' retrieved from /opt/anaconda3/lib/python3.12/site-packages/airflow/example_dags/example_task_group_decorator.py
[2025-04-13T13:19:06.275-0400] {logging_mixin.py:188} INFO - [2025-04-13T13:19:06.275-0400] {dag.py:3096} INFO - Sync 1 DAGs
[2025-04-13T13:19:06.281-0400] {logging_mixin.py:188} INFO - [2025-04-13T13:19:06.281-0400] {dag.py:3954} INFO - Setting next_dagrun for example_task_group_decorator to 2025-04-12 00:00:00+00:00, run_after=2025-04-13 00:00:00+00:00
[2025-04-13T13:19:06.287-0400] {processor.py:183} INFO - Processing /opt/anaconda3/lib/python3.12/site-packages/airflow/example_dags/example_task_group_decorator.py took 0.099 seconds
[2025-04-13T13:23:34.108-0400] {processor.py:161} INFO - Started process (PID=40652) to work on /opt/anaconda3/lib/python3.12/site-packages/airflow/example_dags/example_task_group_decorator.py
[2025-04-13T13:23:34.109-0400] {processor.py:830} INFO - Processing file /opt/anaconda3/lib/python3.12/site-packages/airflow/example_dags/example_task_group_decorator.py for tasks to queue
[2025-04-13T13:23:34.109-0400] {logging_mixin.py:188} INFO - [2025-04-13T13:23:34.109-0400] {dagbag.py:540} INFO - Filling up the DagBag from /opt/anaconda3/lib/python3.12/site-packages/airflow/example_dags/example_task_group_decorator.py
[2025-04-13T13:23:34.126-0400] {processor.py:840} INFO - DAG(s) 'example_task_group_decorator' retrieved from /opt/anaconda3/lib/python3.12/site-packages/airflow/example_dags/example_task_group_decorator.py
[2025-04-13T13:23:34.191-0400] {logging_mixin.py:188} INFO - [2025-04-13T13:23:34.191-0400] {dag.py:3096} INFO - Sync 1 DAGs
[2025-04-13T13:23:34.196-0400] {logging_mixin.py:188} INFO - [2025-04-13T13:23:34.196-0400] {dag.py:3954} INFO - Setting next_dagrun for example_task_group_decorator to 2025-04-12 00:00:00+00:00, run_after=2025-04-13 00:00:00+00:00
[2025-04-13T13:23:34.203-0400] {processor.py:183} INFO - Processing /opt/anaconda3/lib/python3.12/site-packages/airflow/example_dags/example_task_group_decorator.py took 0.096 seconds
[2025-04-13T13:25:14.349-0400] {processor.py:161} INFO - Started process (PID=41327) to work on /opt/anaconda3/lib/python3.12/site-packages/airflow/example_dags/example_task_group_decorator.py
[2025-04-13T13:25:14.350-0400] {processor.py:830} INFO - Processing file /opt/anaconda3/lib/python3.12/site-packages/airflow/example_dags/example_task_group_decorator.py for tasks to queue
[2025-04-13T13:25:14.351-0400] {logging_mixin.py:188} INFO - [2025-04-13T13:25:14.351-0400] {dagbag.py:540} INFO - Filling up the DagBag from /opt/anaconda3/lib/python3.12/site-packages/airflow/example_dags/example_task_group_decorator.py
[2025-04-13T13:25:14.367-0400] {processor.py:840} INFO - DAG(s) 'example_task_group_decorator' retrieved from /opt/anaconda3/lib/python3.12/site-packages/airflow/example_dags/example_task_group_decorator.py
[2025-04-13T13:25:14.404-0400] {logging_mixin.py:188} INFO - [2025-04-13T13:25:14.404-0400] {dag.py:3096} INFO - Sync 1 DAGs
[2025-04-13T13:25:14.410-0400] {logging_mixin.py:188} INFO - [2025-04-13T13:25:14.410-0400] {dag.py:3954} INFO - Setting next_dagrun for example_task_group_decorator to 2025-04-12 00:00:00+00:00, run_after=2025-04-13 00:00:00+00:00
[2025-04-13T13:25:14.415-0400] {processor.py:183} INFO - Processing /opt/anaconda3/lib/python3.12/site-packages/airflow/example_dags/example_task_group_decorator.py took 0.067 seconds
[2025-04-13T13:26:20.782-0400] {processor.py:161} INFO - Started process (PID=41771) to work on /opt/anaconda3/lib/python3.12/site-packages/airflow/example_dags/example_task_group_decorator.py
[2025-04-13T13:26:20.783-0400] {processor.py:830} INFO - Processing file /opt/anaconda3/lib/python3.12/site-packages/airflow/example_dags/example_task_group_decorator.py for tasks to queue
[2025-04-13T13:26:20.783-0400] {logging_mixin.py:188} INFO - [2025-04-13T13:26:20.783-0400] {dagbag.py:540} INFO - Filling up the DagBag from /opt/anaconda3/lib/python3.12/site-packages/airflow/example_dags/example_task_group_decorator.py
[2025-04-13T13:26:20.800-0400] {processor.py:840} INFO - DAG(s) 'example_task_group_decorator' retrieved from /opt/anaconda3/lib/python3.12/site-packages/airflow/example_dags/example_task_group_decorator.py
[2025-04-13T13:26:20.838-0400] {logging_mixin.py:188} INFO - [2025-04-13T13:26:20.838-0400] {dag.py:3096} INFO - Sync 1 DAGs
[2025-04-13T13:26:20.843-0400] {logging_mixin.py:188} INFO - [2025-04-13T13:26:20.843-0400] {dag.py:3954} INFO - Setting next_dagrun for example_task_group_decorator to 2025-04-12 00:00:00+00:00, run_after=2025-04-13 00:00:00+00:00
[2025-04-13T13:26:20.848-0400] {processor.py:183} INFO - Processing /opt/anaconda3/lib/python3.12/site-packages/airflow/example_dags/example_task_group_decorator.py took 0.067 seconds
[2025-04-13T13:28:24.950-0400] {processor.py:161} INFO - Started process (PID=42601) to work on /opt/anaconda3/lib/python3.12/site-packages/airflow/example_dags/example_task_group_decorator.py
[2025-04-13T13:28:24.951-0400] {processor.py:830} INFO - Processing file /opt/anaconda3/lib/python3.12/site-packages/airflow/example_dags/example_task_group_decorator.py for tasks to queue
[2025-04-13T13:28:24.951-0400] {logging_mixin.py:188} INFO - [2025-04-13T13:28:24.951-0400] {dagbag.py:540} INFO - Filling up the DagBag from /opt/anaconda3/lib/python3.12/site-packages/airflow/example_dags/example_task_group_decorator.py
[2025-04-13T13:28:24.968-0400] {processor.py:840} INFO - DAG(s) 'example_task_group_decorator' retrieved from /opt/anaconda3/lib/python3.12/site-packages/airflow/example_dags/example_task_group_decorator.py
[2025-04-13T13:28:25.005-0400] {logging_mixin.py:188} INFO - [2025-04-13T13:28:25.005-0400] {dag.py:3096} INFO - Sync 1 DAGs
[2025-04-13T13:28:25.010-0400] {logging_mixin.py:188} INFO - [2025-04-13T13:28:25.010-0400] {dag.py:3954} INFO - Setting next_dagrun for example_task_group_decorator to 2025-04-12 00:00:00+00:00, run_after=2025-04-13 00:00:00+00:00
[2025-04-13T13:28:25.016-0400] {processor.py:183} INFO - Processing /opt/anaconda3/lib/python3.12/site-packages/airflow/example_dags/example_task_group_decorator.py took 0.067 seconds
[2025-04-13T13:29:33.967-0400] {processor.py:161} INFO - Started process (PID=43047) to work on /opt/anaconda3/lib/python3.12/site-packages/airflow/example_dags/example_task_group_decorator.py
[2025-04-13T13:29:33.968-0400] {processor.py:830} INFO - Processing file /opt/anaconda3/lib/python3.12/site-packages/airflow/example_dags/example_task_group_decorator.py for tasks to queue
[2025-04-13T13:29:33.968-0400] {logging_mixin.py:188} INFO - [2025-04-13T13:29:33.968-0400] {dagbag.py:540} INFO - Filling up the DagBag from /opt/anaconda3/lib/python3.12/site-packages/airflow/example_dags/example_task_group_decorator.py
[2025-04-13T13:29:33.984-0400] {processor.py:840} INFO - DAG(s) 'example_task_group_decorator' retrieved from /opt/anaconda3/lib/python3.12/site-packages/airflow/example_dags/example_task_group_decorator.py
[2025-04-13T13:29:34.022-0400] {logging_mixin.py:188} INFO - [2025-04-13T13:29:34.022-0400] {dag.py:3096} INFO - Sync 1 DAGs
[2025-04-13T13:29:34.027-0400] {logging_mixin.py:188} INFO - [2025-04-13T13:29:34.027-0400] {dag.py:3954} INFO - Setting next_dagrun for example_task_group_decorator to 2025-04-12 00:00:00+00:00, run_after=2025-04-13 00:00:00+00:00
[2025-04-13T13:29:34.033-0400] {processor.py:183} INFO - Processing /opt/anaconda3/lib/python3.12/site-packages/airflow/example_dags/example_task_group_decorator.py took 0.067 seconds
[2025-04-13T13:31:51.676-0400] {processor.py:161} INFO - Started process (PID=43948) to work on /opt/anaconda3/lib/python3.12/site-packages/airflow/example_dags/example_task_group_decorator.py
[2025-04-13T13:31:51.677-0400] {processor.py:830} INFO - Processing file /opt/anaconda3/lib/python3.12/site-packages/airflow/example_dags/example_task_group_decorator.py for tasks to queue
[2025-04-13T13:31:51.677-0400] {logging_mixin.py:188} INFO - [2025-04-13T13:31:51.677-0400] {dagbag.py:540} INFO - Filling up the DagBag from /opt/anaconda3/lib/python3.12/site-packages/airflow/example_dags/example_task_group_decorator.py
[2025-04-13T13:31:51.695-0400] {processor.py:840} INFO - DAG(s) 'example_task_group_decorator' retrieved from /opt/anaconda3/lib/python3.12/site-packages/airflow/example_dags/example_task_group_decorator.py
[2025-04-13T13:31:51.734-0400] {logging_mixin.py:188} INFO - [2025-04-13T13:31:51.734-0400] {dag.py:3096} INFO - Sync 1 DAGs
[2025-04-13T13:31:51.739-0400] {logging_mixin.py:188} INFO - [2025-04-13T13:31:51.739-0400] {dag.py:3954} INFO - Setting next_dagrun for example_task_group_decorator to 2025-04-12 00:00:00+00:00, run_after=2025-04-13 00:00:00+00:00
[2025-04-13T13:31:51.745-0400] {processor.py:183} INFO - Processing /opt/anaconda3/lib/python3.12/site-packages/airflow/example_dags/example_task_group_decorator.py took 0.070 seconds
[2025-04-13T13:33:29.076-0400] {processor.py:161} INFO - Started process (PID=44591) to work on /opt/anaconda3/lib/python3.12/site-packages/airflow/example_dags/example_task_group_decorator.py
[2025-04-13T13:33:29.077-0400] {processor.py:830} INFO - Processing file /opt/anaconda3/lib/python3.12/site-packages/airflow/example_dags/example_task_group_decorator.py for tasks to queue
[2025-04-13T13:33:29.077-0400] {logging_mixin.py:188} INFO - [2025-04-13T13:33:29.077-0400] {dagbag.py:540} INFO - Filling up the DagBag from /opt/anaconda3/lib/python3.12/site-packages/airflow/example_dags/example_task_group_decorator.py
[2025-04-13T13:33:29.094-0400] {processor.py:840} INFO - DAG(s) 'example_task_group_decorator' retrieved from /opt/anaconda3/lib/python3.12/site-packages/airflow/example_dags/example_task_group_decorator.py
[2025-04-13T13:33:29.132-0400] {logging_mixin.py:188} INFO - [2025-04-13T13:33:29.132-0400] {dag.py:3096} INFO - Sync 1 DAGs
[2025-04-13T13:33:29.138-0400] {logging_mixin.py:188} INFO - [2025-04-13T13:33:29.137-0400] {dag.py:3954} INFO - Setting next_dagrun for example_task_group_decorator to 2025-04-12 00:00:00+00:00, run_after=2025-04-13 00:00:00+00:00
[2025-04-13T13:33:29.144-0400] {processor.py:183} INFO - Processing /opt/anaconda3/lib/python3.12/site-packages/airflow/example_dags/example_task_group_decorator.py took 0.069 seconds
[2025-04-13T13:36:13.960-0400] {processor.py:161} INFO - Started process (PID=45137) to work on /opt/anaconda3/lib/python3.12/site-packages/airflow/example_dags/example_task_group_decorator.py
[2025-04-13T13:36:13.960-0400] {processor.py:830} INFO - Processing file /opt/anaconda3/lib/python3.12/site-packages/airflow/example_dags/example_task_group_decorator.py for tasks to queue
[2025-04-13T13:36:13.960-0400] {logging_mixin.py:188} INFO - [2025-04-13T13:36:13.960-0400] {dagbag.py:540} INFO - Filling up the DagBag from /opt/anaconda3/lib/python3.12/site-packages/airflow/example_dags/example_task_group_decorator.py
[2025-04-13T13:36:13.977-0400] {processor.py:840} INFO - DAG(s) 'example_task_group_decorator' retrieved from /opt/anaconda3/lib/python3.12/site-packages/airflow/example_dags/example_task_group_decorator.py
[2025-04-13T13:36:14.014-0400] {logging_mixin.py:188} INFO - [2025-04-13T13:36:14.014-0400] {dag.py:3096} INFO - Sync 1 DAGs
[2025-04-13T13:36:14.020-0400] {logging_mixin.py:188} INFO - [2025-04-13T13:36:14.019-0400] {dag.py:3954} INFO - Setting next_dagrun for example_task_group_decorator to 2025-04-12 00:00:00+00:00, run_after=2025-04-13 00:00:00+00:00
[2025-04-13T13:36:14.025-0400] {processor.py:183} INFO - Processing /opt/anaconda3/lib/python3.12/site-packages/airflow/example_dags/example_task_group_decorator.py took 0.066 seconds
[2025-04-13T13:37:38.230-0400] {processor.py:161} INFO - Started process (PID=45705) to work on /opt/anaconda3/lib/python3.12/site-packages/airflow/example_dags/example_task_group_decorator.py
[2025-04-13T13:37:38.231-0400] {processor.py:830} INFO - Processing file /opt/anaconda3/lib/python3.12/site-packages/airflow/example_dags/example_task_group_decorator.py for tasks to queue
[2025-04-13T13:37:38.231-0400] {logging_mixin.py:188} INFO - [2025-04-13T13:37:38.231-0400] {dagbag.py:540} INFO - Filling up the DagBag from /opt/anaconda3/lib/python3.12/site-packages/airflow/example_dags/example_task_group_decorator.py
[2025-04-13T13:37:38.247-0400] {processor.py:840} INFO - DAG(s) 'example_task_group_decorator' retrieved from /opt/anaconda3/lib/python3.12/site-packages/airflow/example_dags/example_task_group_decorator.py
[2025-04-13T13:37:38.285-0400] {logging_mixin.py:188} INFO - [2025-04-13T13:37:38.285-0400] {dag.py:3096} INFO - Sync 1 DAGs
[2025-04-13T13:37:38.291-0400] {logging_mixin.py:188} INFO - [2025-04-13T13:37:38.291-0400] {dag.py:3954} INFO - Setting next_dagrun for example_task_group_decorator to 2025-04-12 00:00:00+00:00, run_after=2025-04-13 00:00:00+00:00
[2025-04-13T13:37:38.296-0400] {processor.py:183} INFO - Processing /opt/anaconda3/lib/python3.12/site-packages/airflow/example_dags/example_task_group_decorator.py took 0.068 seconds
[2025-04-13T13:38:46.977-0400] {processor.py:161} INFO - Started process (PID=46159) to work on /opt/anaconda3/lib/python3.12/site-packages/airflow/example_dags/example_task_group_decorator.py
[2025-04-13T13:38:46.978-0400] {processor.py:830} INFO - Processing file /opt/anaconda3/lib/python3.12/site-packages/airflow/example_dags/example_task_group_decorator.py for tasks to queue
[2025-04-13T13:38:46.978-0400] {logging_mixin.py:188} INFO - [2025-04-13T13:38:46.978-0400] {dagbag.py:540} INFO - Filling up the DagBag from /opt/anaconda3/lib/python3.12/site-packages/airflow/example_dags/example_task_group_decorator.py
[2025-04-13T13:38:46.994-0400] {processor.py:840} INFO - DAG(s) 'example_task_group_decorator' retrieved from /opt/anaconda3/lib/python3.12/site-packages/airflow/example_dags/example_task_group_decorator.py
[2025-04-13T13:38:47.031-0400] {logging_mixin.py:188} INFO - [2025-04-13T13:38:47.031-0400] {dag.py:3096} INFO - Sync 1 DAGs
[2025-04-13T13:38:47.036-0400] {logging_mixin.py:188} INFO - [2025-04-13T13:38:47.036-0400] {dag.py:3954} INFO - Setting next_dagrun for example_task_group_decorator to 2025-04-12 00:00:00+00:00, run_after=2025-04-13 00:00:00+00:00
[2025-04-13T13:38:47.042-0400] {processor.py:183} INFO - Processing /opt/anaconda3/lib/python3.12/site-packages/airflow/example_dags/example_task_group_decorator.py took 0.066 seconds
[2025-04-13T13:39:54.348-0400] {processor.py:161} INFO - Started process (PID=46607) to work on /opt/anaconda3/lib/python3.12/site-packages/airflow/example_dags/example_task_group_decorator.py
[2025-04-13T13:39:54.349-0400] {processor.py:830} INFO - Processing file /opt/anaconda3/lib/python3.12/site-packages/airflow/example_dags/example_task_group_decorator.py for tasks to queue
[2025-04-13T13:39:54.349-0400] {logging_mixin.py:188} INFO - [2025-04-13T13:39:54.349-0400] {dagbag.py:540} INFO - Filling up the DagBag from /opt/anaconda3/lib/python3.12/site-packages/airflow/example_dags/example_task_group_decorator.py
[2025-04-13T13:39:54.366-0400] {processor.py:840} INFO - DAG(s) 'example_task_group_decorator' retrieved from /opt/anaconda3/lib/python3.12/site-packages/airflow/example_dags/example_task_group_decorator.py
[2025-04-13T13:39:54.404-0400] {logging_mixin.py:188} INFO - [2025-04-13T13:39:54.403-0400] {dag.py:3096} INFO - Sync 1 DAGs
[2025-04-13T13:39:54.409-0400] {logging_mixin.py:188} INFO - [2025-04-13T13:39:54.408-0400] {dag.py:3954} INFO - Setting next_dagrun for example_task_group_decorator to 2025-04-12 00:00:00+00:00, run_after=2025-04-13 00:00:00+00:00
[2025-04-13T13:39:54.414-0400] {processor.py:183} INFO - Processing /opt/anaconda3/lib/python3.12/site-packages/airflow/example_dags/example_task_group_decorator.py took 0.067 seconds
[2025-04-13T13:40:59.299-0400] {processor.py:161} INFO - Started process (PID=47063) to work on /opt/anaconda3/lib/python3.12/site-packages/airflow/example_dags/example_task_group_decorator.py
[2025-04-13T13:40:59.300-0400] {processor.py:830} INFO - Processing file /opt/anaconda3/lib/python3.12/site-packages/airflow/example_dags/example_task_group_decorator.py for tasks to queue
[2025-04-13T13:40:59.301-0400] {logging_mixin.py:188} INFO - [2025-04-13T13:40:59.301-0400] {dagbag.py:540} INFO - Filling up the DagBag from /opt/anaconda3/lib/python3.12/site-packages/airflow/example_dags/example_task_group_decorator.py
[2025-04-13T13:40:59.318-0400] {processor.py:840} INFO - DAG(s) 'example_task_group_decorator' retrieved from /opt/anaconda3/lib/python3.12/site-packages/airflow/example_dags/example_task_group_decorator.py
[2025-04-13T13:40:59.356-0400] {logging_mixin.py:188} INFO - [2025-04-13T13:40:59.356-0400] {dag.py:3096} INFO - Sync 1 DAGs
[2025-04-13T13:40:59.361-0400] {logging_mixin.py:188} INFO - [2025-04-13T13:40:59.361-0400] {dag.py:3954} INFO - Setting next_dagrun for example_task_group_decorator to 2025-04-12 00:00:00+00:00, run_after=2025-04-13 00:00:00+00:00
[2025-04-13T13:40:59.367-0400] {processor.py:183} INFO - Processing /opt/anaconda3/lib/python3.12/site-packages/airflow/example_dags/example_task_group_decorator.py took 0.069 seconds
[2025-04-13T13:42:03.816-0400] {processor.py:161} INFO - Started process (PID=47495) to work on /opt/anaconda3/lib/python3.12/site-packages/airflow/example_dags/example_task_group_decorator.py
[2025-04-13T13:42:03.817-0400] {processor.py:830} INFO - Processing file /opt/anaconda3/lib/python3.12/site-packages/airflow/example_dags/example_task_group_decorator.py for tasks to queue
[2025-04-13T13:42:03.817-0400] {logging_mixin.py:188} INFO - [2025-04-13T13:42:03.817-0400] {dagbag.py:540} INFO - Filling up the DagBag from /opt/anaconda3/lib/python3.12/site-packages/airflow/example_dags/example_task_group_decorator.py
[2025-04-13T13:42:03.834-0400] {processor.py:840} INFO - DAG(s) 'example_task_group_decorator' retrieved from /opt/anaconda3/lib/python3.12/site-packages/airflow/example_dags/example_task_group_decorator.py
[2025-04-13T13:42:03.871-0400] {logging_mixin.py:188} INFO - [2025-04-13T13:42:03.870-0400] {dag.py:3096} INFO - Sync 1 DAGs
[2025-04-13T13:42:03.876-0400] {logging_mixin.py:188} INFO - [2025-04-13T13:42:03.876-0400] {dag.py:3954} INFO - Setting next_dagrun for example_task_group_decorator to 2025-04-12 00:00:00+00:00, run_after=2025-04-13 00:00:00+00:00
[2025-04-13T13:42:03.882-0400] {processor.py:183} INFO - Processing /opt/anaconda3/lib/python3.12/site-packages/airflow/example_dags/example_task_group_decorator.py took 0.067 seconds
[2025-04-13T13:43:10.505-0400] {processor.py:161} INFO - Started process (PID=47958) to work on /opt/anaconda3/lib/python3.12/site-packages/airflow/example_dags/example_task_group_decorator.py
[2025-04-13T13:43:10.506-0400] {processor.py:830} INFO - Processing file /opt/anaconda3/lib/python3.12/site-packages/airflow/example_dags/example_task_group_decorator.py for tasks to queue
[2025-04-13T13:43:10.506-0400] {logging_mixin.py:188} INFO - [2025-04-13T13:43:10.506-0400] {dagbag.py:540} INFO - Filling up the DagBag from /opt/anaconda3/lib/python3.12/site-packages/airflow/example_dags/example_task_group_decorator.py
[2025-04-13T13:43:10.522-0400] {processor.py:840} INFO - DAG(s) 'example_task_group_decorator' retrieved from /opt/anaconda3/lib/python3.12/site-packages/airflow/example_dags/example_task_group_decorator.py
[2025-04-13T13:43:10.560-0400] {logging_mixin.py:188} INFO - [2025-04-13T13:43:10.559-0400] {dag.py:3096} INFO - Sync 1 DAGs
[2025-04-13T13:43:10.564-0400] {logging_mixin.py:188} INFO - [2025-04-13T13:43:10.564-0400] {dag.py:3954} INFO - Setting next_dagrun for example_task_group_decorator to 2025-04-12 00:00:00+00:00, run_after=2025-04-13 00:00:00+00:00
[2025-04-13T13:43:10.570-0400] {processor.py:183} INFO - Processing /opt/anaconda3/lib/python3.12/site-packages/airflow/example_dags/example_task_group_decorator.py took 0.066 seconds
[2025-04-13T13:44:16.583-0400] {processor.py:161} INFO - Started process (PID=48399) to work on /opt/anaconda3/lib/python3.12/site-packages/airflow/example_dags/example_task_group_decorator.py
[2025-04-13T13:44:16.583-0400] {processor.py:830} INFO - Processing file /opt/anaconda3/lib/python3.12/site-packages/airflow/example_dags/example_task_group_decorator.py for tasks to queue
[2025-04-13T13:44:16.584-0400] {logging_mixin.py:188} INFO - [2025-04-13T13:44:16.584-0400] {dagbag.py:540} INFO - Filling up the DagBag from /opt/anaconda3/lib/python3.12/site-packages/airflow/example_dags/example_task_group_decorator.py
[2025-04-13T13:44:16.601-0400] {processor.py:840} INFO - DAG(s) 'example_task_group_decorator' retrieved from /opt/anaconda3/lib/python3.12/site-packages/airflow/example_dags/example_task_group_decorator.py
[2025-04-13T13:44:16.639-0400] {logging_mixin.py:188} INFO - [2025-04-13T13:44:16.638-0400] {dag.py:3096} INFO - Sync 1 DAGs
[2025-04-13T13:44:16.644-0400] {logging_mixin.py:188} INFO - [2025-04-13T13:44:16.644-0400] {dag.py:3954} INFO - Setting next_dagrun for example_task_group_decorator to 2025-04-12 00:00:00+00:00, run_after=2025-04-13 00:00:00+00:00
[2025-04-13T13:44:16.650-0400] {processor.py:183} INFO - Processing /opt/anaconda3/lib/python3.12/site-packages/airflow/example_dags/example_task_group_decorator.py took 0.068 seconds
[2025-04-13T13:45:22.188-0400] {processor.py:161} INFO - Started process (PID=48844) to work on /opt/anaconda3/lib/python3.12/site-packages/airflow/example_dags/example_task_group_decorator.py
[2025-04-13T13:45:22.189-0400] {processor.py:830} INFO - Processing file /opt/anaconda3/lib/python3.12/site-packages/airflow/example_dags/example_task_group_decorator.py for tasks to queue
[2025-04-13T13:45:22.190-0400] {logging_mixin.py:188} INFO - [2025-04-13T13:45:22.190-0400] {dagbag.py:540} INFO - Filling up the DagBag from /opt/anaconda3/lib/python3.12/site-packages/airflow/example_dags/example_task_group_decorator.py
[2025-04-13T13:45:22.207-0400] {processor.py:840} INFO - DAG(s) 'example_task_group_decorator' retrieved from /opt/anaconda3/lib/python3.12/site-packages/airflow/example_dags/example_task_group_decorator.py
[2025-04-13T13:45:22.244-0400] {logging_mixin.py:188} INFO - [2025-04-13T13:45:22.244-0400] {dag.py:3096} INFO - Sync 1 DAGs
[2025-04-13T13:45:22.250-0400] {logging_mixin.py:188} INFO - [2025-04-13T13:45:22.250-0400] {dag.py:3954} INFO - Setting next_dagrun for example_task_group_decorator to 2025-04-12 00:00:00+00:00, run_after=2025-04-13 00:00:00+00:00
[2025-04-13T13:45:22.256-0400] {processor.py:183} INFO - Processing /opt/anaconda3/lib/python3.12/site-packages/airflow/example_dags/example_task_group_decorator.py took 0.068 seconds
[2025-04-13T13:46:34.240-0400] {processor.py:161} INFO - Started process (PID=49322) to work on /opt/anaconda3/lib/python3.12/site-packages/airflow/example_dags/example_task_group_decorator.py
[2025-04-13T13:46:34.241-0400] {processor.py:830} INFO - Processing file /opt/anaconda3/lib/python3.12/site-packages/airflow/example_dags/example_task_group_decorator.py for tasks to queue
[2025-04-13T13:46:34.242-0400] {logging_mixin.py:188} INFO - [2025-04-13T13:46:34.242-0400] {dagbag.py:540} INFO - Filling up the DagBag from /opt/anaconda3/lib/python3.12/site-packages/airflow/example_dags/example_task_group_decorator.py
[2025-04-13T13:46:34.260-0400] {processor.py:840} INFO - DAG(s) 'example_task_group_decorator' retrieved from /opt/anaconda3/lib/python3.12/site-packages/airflow/example_dags/example_task_group_decorator.py
[2025-04-13T13:46:34.299-0400] {logging_mixin.py:188} INFO - [2025-04-13T13:46:34.299-0400] {dag.py:3096} INFO - Sync 1 DAGs
[2025-04-13T13:46:34.306-0400] {logging_mixin.py:188} INFO - [2025-04-13T13:46:34.305-0400] {dag.py:3954} INFO - Setting next_dagrun for example_task_group_decorator to 2025-04-12 00:00:00+00:00, run_after=2025-04-13 00:00:00+00:00
[2025-04-13T13:46:34.312-0400] {processor.py:183} INFO - Processing /opt/anaconda3/lib/python3.12/site-packages/airflow/example_dags/example_task_group_decorator.py took 0.072 seconds
[2025-04-13T13:47:46.814-0400] {processor.py:161} INFO - Started process (PID=49802) to work on /opt/anaconda3/lib/python3.12/site-packages/airflow/example_dags/example_task_group_decorator.py
[2025-04-13T13:47:46.815-0400] {processor.py:830} INFO - Processing file /opt/anaconda3/lib/python3.12/site-packages/airflow/example_dags/example_task_group_decorator.py for tasks to queue
[2025-04-13T13:47:46.815-0400] {logging_mixin.py:188} INFO - [2025-04-13T13:47:46.815-0400] {dagbag.py:540} INFO - Filling up the DagBag from /opt/anaconda3/lib/python3.12/site-packages/airflow/example_dags/example_task_group_decorator.py
[2025-04-13T13:47:46.832-0400] {processor.py:840} INFO - DAG(s) 'example_task_group_decorator' retrieved from /opt/anaconda3/lib/python3.12/site-packages/airflow/example_dags/example_task_group_decorator.py
[2025-04-13T13:47:46.870-0400] {logging_mixin.py:188} INFO - [2025-04-13T13:47:46.870-0400] {dag.py:3096} INFO - Sync 1 DAGs
[2025-04-13T13:47:46.878-0400] {logging_mixin.py:188} INFO - [2025-04-13T13:47:46.878-0400] {dag.py:3954} INFO - Setting next_dagrun for example_task_group_decorator to 2025-04-12 00:00:00+00:00, run_after=2025-04-13 00:00:00+00:00
[2025-04-13T13:47:46.884-0400] {processor.py:183} INFO - Processing /opt/anaconda3/lib/python3.12/site-packages/airflow/example_dags/example_task_group_decorator.py took 0.071 seconds
[2025-04-13T13:48:57.133-0400] {processor.py:161} INFO - Started process (PID=50260) to work on /opt/anaconda3/lib/python3.12/site-packages/airflow/example_dags/example_task_group_decorator.py
[2025-04-13T13:48:57.133-0400] {processor.py:830} INFO - Processing file /opt/anaconda3/lib/python3.12/site-packages/airflow/example_dags/example_task_group_decorator.py for tasks to queue
[2025-04-13T13:48:57.134-0400] {logging_mixin.py:188} INFO - [2025-04-13T13:48:57.134-0400] {dagbag.py:540} INFO - Filling up the DagBag from /opt/anaconda3/lib/python3.12/site-packages/airflow/example_dags/example_task_group_decorator.py
[2025-04-13T13:48:57.151-0400] {processor.py:840} INFO - DAG(s) 'example_task_group_decorator' retrieved from /opt/anaconda3/lib/python3.12/site-packages/airflow/example_dags/example_task_group_decorator.py
[2025-04-13T13:48:57.189-0400] {logging_mixin.py:188} INFO - [2025-04-13T13:48:57.189-0400] {dag.py:3096} INFO - Sync 1 DAGs
[2025-04-13T13:48:57.194-0400] {logging_mixin.py:188} INFO - [2025-04-13T13:48:57.194-0400] {dag.py:3954} INFO - Setting next_dagrun for example_task_group_decorator to 2025-04-12 00:00:00+00:00, run_after=2025-04-13 00:00:00+00:00
[2025-04-13T13:48:57.200-0400] {processor.py:183} INFO - Processing /opt/anaconda3/lib/python3.12/site-packages/airflow/example_dags/example_task_group_decorator.py took 0.068 seconds
[2025-04-13T13:50:07.732-0400] {processor.py:161} INFO - Started process (PID=50713) to work on /opt/anaconda3/lib/python3.12/site-packages/airflow/example_dags/example_task_group_decorator.py
[2025-04-13T13:50:07.733-0400] {processor.py:830} INFO - Processing file /opt/anaconda3/lib/python3.12/site-packages/airflow/example_dags/example_task_group_decorator.py for tasks to queue
[2025-04-13T13:50:07.733-0400] {logging_mixin.py:188} INFO - [2025-04-13T13:50:07.733-0400] {dagbag.py:540} INFO - Filling up the DagBag from /opt/anaconda3/lib/python3.12/site-packages/airflow/example_dags/example_task_group_decorator.py
[2025-04-13T13:50:07.750-0400] {processor.py:840} INFO - DAG(s) 'example_task_group_decorator' retrieved from /opt/anaconda3/lib/python3.12/site-packages/airflow/example_dags/example_task_group_decorator.py
[2025-04-13T13:50:07.789-0400] {logging_mixin.py:188} INFO - [2025-04-13T13:50:07.789-0400] {dag.py:3096} INFO - Sync 1 DAGs
[2025-04-13T13:50:07.794-0400] {logging_mixin.py:188} INFO - [2025-04-13T13:50:07.794-0400] {dag.py:3954} INFO - Setting next_dagrun for example_task_group_decorator to 2025-04-12 00:00:00+00:00, run_after=2025-04-13 00:00:00+00:00
[2025-04-13T13:50:07.800-0400] {processor.py:183} INFO - Processing /opt/anaconda3/lib/python3.12/site-packages/airflow/example_dags/example_task_group_decorator.py took 0.070 seconds
[2025-04-13T13:51:17.344-0400] {processor.py:161} INFO - Started process (PID=51210) to work on /opt/anaconda3/lib/python3.12/site-packages/airflow/example_dags/example_task_group_decorator.py
[2025-04-13T13:51:17.345-0400] {processor.py:830} INFO - Processing file /opt/anaconda3/lib/python3.12/site-packages/airflow/example_dags/example_task_group_decorator.py for tasks to queue
[2025-04-13T13:51:17.345-0400] {logging_mixin.py:188} INFO - [2025-04-13T13:51:17.345-0400] {dagbag.py:540} INFO - Filling up the DagBag from /opt/anaconda3/lib/python3.12/site-packages/airflow/example_dags/example_task_group_decorator.py
[2025-04-13T13:51:17.362-0400] {processor.py:840} INFO - DAG(s) 'example_task_group_decorator' retrieved from /opt/anaconda3/lib/python3.12/site-packages/airflow/example_dags/example_task_group_decorator.py
[2025-04-13T13:51:17.399-0400] {logging_mixin.py:188} INFO - [2025-04-13T13:51:17.399-0400] {dag.py:3096} INFO - Sync 1 DAGs
[2025-04-13T13:51:17.405-0400] {logging_mixin.py:188} INFO - [2025-04-13T13:51:17.405-0400] {dag.py:3954} INFO - Setting next_dagrun for example_task_group_decorator to 2025-04-12 00:00:00+00:00, run_after=2025-04-13 00:00:00+00:00
[2025-04-13T13:51:17.411-0400] {processor.py:183} INFO - Processing /opt/anaconda3/lib/python3.12/site-packages/airflow/example_dags/example_task_group_decorator.py took 0.068 seconds
[2025-04-13T13:52:24.409-0400] {processor.py:161} INFO - Started process (PID=51659) to work on /opt/anaconda3/lib/python3.12/site-packages/airflow/example_dags/example_task_group_decorator.py
[2025-04-13T13:52:24.409-0400] {processor.py:830} INFO - Processing file /opt/anaconda3/lib/python3.12/site-packages/airflow/example_dags/example_task_group_decorator.py for tasks to queue
[2025-04-13T13:52:24.410-0400] {logging_mixin.py:188} INFO - [2025-04-13T13:52:24.410-0400] {dagbag.py:540} INFO - Filling up the DagBag from /opt/anaconda3/lib/python3.12/site-packages/airflow/example_dags/example_task_group_decorator.py
[2025-04-13T13:52:24.426-0400] {processor.py:840} INFO - DAG(s) 'example_task_group_decorator' retrieved from /opt/anaconda3/lib/python3.12/site-packages/airflow/example_dags/example_task_group_decorator.py
[2025-04-13T13:52:24.465-0400] {logging_mixin.py:188} INFO - [2025-04-13T13:52:24.464-0400] {dag.py:3096} INFO - Sync 1 DAGs
[2025-04-13T13:52:24.470-0400] {logging_mixin.py:188} INFO - [2025-04-13T13:52:24.470-0400] {dag.py:3954} INFO - Setting next_dagrun for example_task_group_decorator to 2025-04-12 00:00:00+00:00, run_after=2025-04-13 00:00:00+00:00
[2025-04-13T13:52:24.475-0400] {processor.py:183} INFO - Processing /opt/anaconda3/lib/python3.12/site-packages/airflow/example_dags/example_task_group_decorator.py took 0.068 seconds
[2025-04-13T13:53:35.333-0400] {processor.py:161} INFO - Started process (PID=52134) to work on /opt/anaconda3/lib/python3.12/site-packages/airflow/example_dags/example_task_group_decorator.py
[2025-04-13T13:53:35.334-0400] {processor.py:830} INFO - Processing file /opt/anaconda3/lib/python3.12/site-packages/airflow/example_dags/example_task_group_decorator.py for tasks to queue
[2025-04-13T13:53:35.334-0400] {logging_mixin.py:188} INFO - [2025-04-13T13:53:35.334-0400] {dagbag.py:540} INFO - Filling up the DagBag from /opt/anaconda3/lib/python3.12/site-packages/airflow/example_dags/example_task_group_decorator.py
[2025-04-13T13:53:35.351-0400] {processor.py:840} INFO - DAG(s) 'example_task_group_decorator' retrieved from /opt/anaconda3/lib/python3.12/site-packages/airflow/example_dags/example_task_group_decorator.py
[2025-04-13T13:53:35.389-0400] {logging_mixin.py:188} INFO - [2025-04-13T13:53:35.388-0400] {dag.py:3096} INFO - Sync 1 DAGs
[2025-04-13T13:53:35.394-0400] {logging_mixin.py:188} INFO - [2025-04-13T13:53:35.394-0400] {dag.py:3954} INFO - Setting next_dagrun for example_task_group_decorator to 2025-04-12 00:00:00+00:00, run_after=2025-04-13 00:00:00+00:00
[2025-04-13T13:53:35.399-0400] {processor.py:183} INFO - Processing /opt/anaconda3/lib/python3.12/site-packages/airflow/example_dags/example_task_group_decorator.py took 0.067 seconds
[2025-04-13T13:54:43.584-0400] {processor.py:161} INFO - Started process (PID=52584) to work on /opt/anaconda3/lib/python3.12/site-packages/airflow/example_dags/example_task_group_decorator.py
[2025-04-13T13:54:43.585-0400] {processor.py:830} INFO - Processing file /opt/anaconda3/lib/python3.12/site-packages/airflow/example_dags/example_task_group_decorator.py for tasks to queue
[2025-04-13T13:54:43.586-0400] {logging_mixin.py:188} INFO - [2025-04-13T13:54:43.586-0400] {dagbag.py:540} INFO - Filling up the DagBag from /opt/anaconda3/lib/python3.12/site-packages/airflow/example_dags/example_task_group_decorator.py
[2025-04-13T13:54:43.602-0400] {processor.py:840} INFO - DAG(s) 'example_task_group_decorator' retrieved from /opt/anaconda3/lib/python3.12/site-packages/airflow/example_dags/example_task_group_decorator.py
[2025-04-13T13:54:43.640-0400] {logging_mixin.py:188} INFO - [2025-04-13T13:54:43.640-0400] {dag.py:3096} INFO - Sync 1 DAGs
[2025-04-13T13:54:43.645-0400] {logging_mixin.py:188} INFO - [2025-04-13T13:54:43.645-0400] {dag.py:3954} INFO - Setting next_dagrun for example_task_group_decorator to 2025-04-12 00:00:00+00:00, run_after=2025-04-13 00:00:00+00:00
[2025-04-13T13:54:43.651-0400] {processor.py:183} INFO - Processing /opt/anaconda3/lib/python3.12/site-packages/airflow/example_dags/example_task_group_decorator.py took 0.067 seconds
[2025-04-13T13:55:50.612-0400] {processor.py:161} INFO - Started process (PID=53025) to work on /opt/anaconda3/lib/python3.12/site-packages/airflow/example_dags/example_task_group_decorator.py
[2025-04-13T13:55:50.613-0400] {processor.py:830} INFO - Processing file /opt/anaconda3/lib/python3.12/site-packages/airflow/example_dags/example_task_group_decorator.py for tasks to queue
[2025-04-13T13:55:50.613-0400] {logging_mixin.py:188} INFO - [2025-04-13T13:55:50.613-0400] {dagbag.py:540} INFO - Filling up the DagBag from /opt/anaconda3/lib/python3.12/site-packages/airflow/example_dags/example_task_group_decorator.py
[2025-04-13T13:55:50.629-0400] {processor.py:840} INFO - DAG(s) 'example_task_group_decorator' retrieved from /opt/anaconda3/lib/python3.12/site-packages/airflow/example_dags/example_task_group_decorator.py
[2025-04-13T13:55:50.666-0400] {logging_mixin.py:188} INFO - [2025-04-13T13:55:50.666-0400] {dag.py:3096} INFO - Sync 1 DAGs
[2025-04-13T13:55:50.671-0400] {logging_mixin.py:188} INFO - [2025-04-13T13:55:50.671-0400] {dag.py:3954} INFO - Setting next_dagrun for example_task_group_decorator to 2025-04-12 00:00:00+00:00, run_after=2025-04-13 00:00:00+00:00
[2025-04-13T13:55:50.677-0400] {processor.py:183} INFO - Processing /opt/anaconda3/lib/python3.12/site-packages/airflow/example_dags/example_task_group_decorator.py took 0.066 seconds
[2025-04-13T13:56:59.795-0400] {processor.py:161} INFO - Started process (PID=53521) to work on /opt/anaconda3/lib/python3.12/site-packages/airflow/example_dags/example_task_group_decorator.py
[2025-04-13T13:56:59.796-0400] {processor.py:830} INFO - Processing file /opt/anaconda3/lib/python3.12/site-packages/airflow/example_dags/example_task_group_decorator.py for tasks to queue
[2025-04-13T13:56:59.797-0400] {logging_mixin.py:188} INFO - [2025-04-13T13:56:59.797-0400] {dagbag.py:540} INFO - Filling up the DagBag from /opt/anaconda3/lib/python3.12/site-packages/airflow/example_dags/example_task_group_decorator.py
[2025-04-13T13:56:59.813-0400] {processor.py:840} INFO - DAG(s) 'example_task_group_decorator' retrieved from /opt/anaconda3/lib/python3.12/site-packages/airflow/example_dags/example_task_group_decorator.py
[2025-04-13T13:56:59.851-0400] {logging_mixin.py:188} INFO - [2025-04-13T13:56:59.851-0400] {dag.py:3096} INFO - Sync 1 DAGs
[2025-04-13T13:56:59.856-0400] {logging_mixin.py:188} INFO - [2025-04-13T13:56:59.856-0400] {dag.py:3954} INFO - Setting next_dagrun for example_task_group_decorator to 2025-04-12 00:00:00+00:00, run_after=2025-04-13 00:00:00+00:00
[2025-04-13T13:56:59.862-0400] {processor.py:183} INFO - Processing /opt/anaconda3/lib/python3.12/site-packages/airflow/example_dags/example_task_group_decorator.py took 0.068 seconds
[2025-04-13T13:58:08.554-0400] {processor.py:161} INFO - Started process (PID=53976) to work on /opt/anaconda3/lib/python3.12/site-packages/airflow/example_dags/example_task_group_decorator.py
[2025-04-13T13:58:08.555-0400] {processor.py:830} INFO - Processing file /opt/anaconda3/lib/python3.12/site-packages/airflow/example_dags/example_task_group_decorator.py for tasks to queue
[2025-04-13T13:58:08.555-0400] {logging_mixin.py:188} INFO - [2025-04-13T13:58:08.555-0400] {dagbag.py:540} INFO - Filling up the DagBag from /opt/anaconda3/lib/python3.12/site-packages/airflow/example_dags/example_task_group_decorator.py
[2025-04-13T13:58:08.571-0400] {processor.py:840} INFO - DAG(s) 'example_task_group_decorator' retrieved from /opt/anaconda3/lib/python3.12/site-packages/airflow/example_dags/example_task_group_decorator.py
[2025-04-13T13:58:08.608-0400] {logging_mixin.py:188} INFO - [2025-04-13T13:58:08.608-0400] {dag.py:3096} INFO - Sync 1 DAGs
[2025-04-13T13:58:08.614-0400] {logging_mixin.py:188} INFO - [2025-04-13T13:58:08.614-0400] {dag.py:3954} INFO - Setting next_dagrun for example_task_group_decorator to 2025-04-12 00:00:00+00:00, run_after=2025-04-13 00:00:00+00:00
[2025-04-13T13:58:08.620-0400] {processor.py:183} INFO - Processing /opt/anaconda3/lib/python3.12/site-packages/airflow/example_dags/example_task_group_decorator.py took 0.067 seconds
[2025-04-13T13:59:15.995-0400] {processor.py:161} INFO - Started process (PID=54486) to work on /opt/anaconda3/lib/python3.12/site-packages/airflow/example_dags/example_task_group_decorator.py
[2025-04-13T13:59:15.995-0400] {processor.py:830} INFO - Processing file /opt/anaconda3/lib/python3.12/site-packages/airflow/example_dags/example_task_group_decorator.py for tasks to queue
[2025-04-13T13:59:15.995-0400] {logging_mixin.py:188} INFO - [2025-04-13T13:59:15.995-0400] {dagbag.py:540} INFO - Filling up the DagBag from /opt/anaconda3/lib/python3.12/site-packages/airflow/example_dags/example_task_group_decorator.py
[2025-04-13T13:59:16.013-0400] {processor.py:840} INFO - DAG(s) 'example_task_group_decorator' retrieved from /opt/anaconda3/lib/python3.12/site-packages/airflow/example_dags/example_task_group_decorator.py
[2025-04-13T13:59:16.052-0400] {logging_mixin.py:188} INFO - [2025-04-13T13:59:16.052-0400] {dag.py:3096} INFO - Sync 1 DAGs
[2025-04-13T13:59:16.057-0400] {logging_mixin.py:188} INFO - [2025-04-13T13:59:16.057-0400] {dag.py:3954} INFO - Setting next_dagrun for example_task_group_decorator to 2025-04-12 00:00:00+00:00, run_after=2025-04-13 00:00:00+00:00
[2025-04-13T13:59:16.063-0400] {processor.py:183} INFO - Processing /opt/anaconda3/lib/python3.12/site-packages/airflow/example_dags/example_task_group_decorator.py took 0.069 seconds
[2025-04-13T14:00:21.530-0400] {processor.py:161} INFO - Started process (PID=54925) to work on /opt/anaconda3/lib/python3.12/site-packages/airflow/example_dags/example_task_group_decorator.py
[2025-04-13T14:00:21.531-0400] {processor.py:830} INFO - Processing file /opt/anaconda3/lib/python3.12/site-packages/airflow/example_dags/example_task_group_decorator.py for tasks to queue
[2025-04-13T14:00:21.531-0400] {logging_mixin.py:188} INFO - [2025-04-13T14:00:21.531-0400] {dagbag.py:540} INFO - Filling up the DagBag from /opt/anaconda3/lib/python3.12/site-packages/airflow/example_dags/example_task_group_decorator.py
[2025-04-13T14:00:21.548-0400] {processor.py:840} INFO - DAG(s) 'example_task_group_decorator' retrieved from /opt/anaconda3/lib/python3.12/site-packages/airflow/example_dags/example_task_group_decorator.py
[2025-04-13T14:00:21.585-0400] {logging_mixin.py:188} INFO - [2025-04-13T14:00:21.585-0400] {dag.py:3096} INFO - Sync 1 DAGs
[2025-04-13T14:00:21.591-0400] {logging_mixin.py:188} INFO - [2025-04-13T14:00:21.591-0400] {dag.py:3954} INFO - Setting next_dagrun for example_task_group_decorator to 2025-04-12 00:00:00+00:00, run_after=2025-04-13 00:00:00+00:00
[2025-04-13T14:00:21.597-0400] {processor.py:183} INFO - Processing /opt/anaconda3/lib/python3.12/site-packages/airflow/example_dags/example_task_group_decorator.py took 0.068 seconds
[2025-04-13T14:01:32.263-0400] {processor.py:161} INFO - Started process (PID=55405) to work on /opt/anaconda3/lib/python3.12/site-packages/airflow/example_dags/example_task_group_decorator.py
[2025-04-13T14:01:32.264-0400] {processor.py:830} INFO - Processing file /opt/anaconda3/lib/python3.12/site-packages/airflow/example_dags/example_task_group_decorator.py for tasks to queue
[2025-04-13T14:01:32.264-0400] {logging_mixin.py:188} INFO - [2025-04-13T14:01:32.264-0400] {dagbag.py:540} INFO - Filling up the DagBag from /opt/anaconda3/lib/python3.12/site-packages/airflow/example_dags/example_task_group_decorator.py
[2025-04-13T14:01:32.281-0400] {processor.py:840} INFO - DAG(s) 'example_task_group_decorator' retrieved from /opt/anaconda3/lib/python3.12/site-packages/airflow/example_dags/example_task_group_decorator.py
[2025-04-13T14:01:32.321-0400] {logging_mixin.py:188} INFO - [2025-04-13T14:01:32.321-0400] {dag.py:3096} INFO - Sync 1 DAGs
[2025-04-13T14:01:32.327-0400] {logging_mixin.py:188} INFO - [2025-04-13T14:01:32.327-0400] {dag.py:3954} INFO - Setting next_dagrun for example_task_group_decorator to 2025-04-12 00:00:00+00:00, run_after=2025-04-13 00:00:00+00:00
[2025-04-13T14:01:32.333-0400] {processor.py:183} INFO - Processing /opt/anaconda3/lib/python3.12/site-packages/airflow/example_dags/example_task_group_decorator.py took 0.071 seconds
[2025-04-13T14:02:41.915-0400] {processor.py:161} INFO - Started process (PID=55896) to work on /opt/anaconda3/lib/python3.12/site-packages/airflow/example_dags/example_task_group_decorator.py
[2025-04-13T14:02:41.917-0400] {processor.py:830} INFO - Processing file /opt/anaconda3/lib/python3.12/site-packages/airflow/example_dags/example_task_group_decorator.py for tasks to queue
[2025-04-13T14:02:41.917-0400] {logging_mixin.py:188} INFO - [2025-04-13T14:02:41.917-0400] {dagbag.py:540} INFO - Filling up the DagBag from /opt/anaconda3/lib/python3.12/site-packages/airflow/example_dags/example_task_group_decorator.py
[2025-04-13T14:02:41.934-0400] {processor.py:840} INFO - DAG(s) 'example_task_group_decorator' retrieved from /opt/anaconda3/lib/python3.12/site-packages/airflow/example_dags/example_task_group_decorator.py
[2025-04-13T14:02:41.971-0400] {logging_mixin.py:188} INFO - [2025-04-13T14:02:41.971-0400] {dag.py:3096} INFO - Sync 1 DAGs
[2025-04-13T14:02:41.976-0400] {logging_mixin.py:188} INFO - [2025-04-13T14:02:41.976-0400] {dag.py:3954} INFO - Setting next_dagrun for example_task_group_decorator to 2025-04-12 00:00:00+00:00, run_after=2025-04-13 00:00:00+00:00
[2025-04-13T14:02:41.982-0400] {processor.py:183} INFO - Processing /opt/anaconda3/lib/python3.12/site-packages/airflow/example_dags/example_task_group_decorator.py took 0.068 seconds
