[2025-04-13T13:08:56.542-0400] {processor.py:161} INFO - Started process (PID=34852) to work on /opt/anaconda3/lib/python3.12/site-packages/airflow/example_dags/example_branch_datetime_operator.py
[2025-04-13T13:08:56.542-0400] {processor.py:830} INFO - Processing file /opt/anaconda3/lib/python3.12/site-packages/airflow/example_dags/example_branch_datetime_operator.py for tasks to queue
[2025-04-13T13:08:56.543-0400] {logging_mixin.py:188} INFO - [2025-04-13T13:08:56.542-0400] {dagbag.py:540} INFO - Filling up the DagBag from /opt/anaconda3/lib/python3.12/site-packages/airflow/example_dags/example_branch_datetime_operator.py
[2025-04-13T13:08:56.547-0400] {processor.py:840} INFO - DAG(s) 'example_branch_datetime_operator_2', 'example_branch_datetime_operator_3', 'example_branch_datetime_operator' retrieved from /opt/anaconda3/lib/python3.12/site-packages/airflow/example_dags/example_branch_datetime_operator.py
[2025-04-13T13:08:56.611-0400] {logging_mixin.py:188} INFO - [2025-04-13T13:08:56.611-0400] {override.py:1930} INFO - Created Permission View: can read on DAG:example_branch_datetime_operator_2
[2025-04-13T13:08:56.613-0400] {logging_mixin.py:188} INFO - [2025-04-13T13:08:56.613-0400] {override.py:1930} INFO - Created Permission View: can delete on DAG:example_branch_datetime_operator_2
[2025-04-13T13:08:56.615-0400] {logging_mixin.py:188} INFO - [2025-04-13T13:08:56.615-0400] {override.py:1930} INFO - Created Permission View: can edit on DAG:example_branch_datetime_operator_2
[2025-04-13T13:08:56.619-0400] {logging_mixin.py:188} INFO - [2025-04-13T13:08:56.619-0400] {override.py:1930} INFO - Created Permission View: can read on DAG:example_branch_datetime_operator_3
[2025-04-13T13:08:56.621-0400] {logging_mixin.py:188} INFO - [2025-04-13T13:08:56.620-0400] {override.py:1930} INFO - Created Permission View: can delete on DAG:example_branch_datetime_operator_3
[2025-04-13T13:08:56.622-0400] {logging_mixin.py:188} INFO - [2025-04-13T13:08:56.622-0400] {override.py:1930} INFO - Created Permission View: can edit on DAG:example_branch_datetime_operator_3
[2025-04-13T13:08:56.625-0400] {logging_mixin.py:188} INFO - [2025-04-13T13:08:56.625-0400] {override.py:1930} INFO - Created Permission View: can read on DAG:example_branch_datetime_operator
[2025-04-13T13:08:56.626-0400] {logging_mixin.py:188} INFO - [2025-04-13T13:08:56.626-0400] {override.py:1930} INFO - Created Permission View: can delete on DAG:example_branch_datetime_operator
[2025-04-13T13:08:56.628-0400] {logging_mixin.py:188} INFO - [2025-04-13T13:08:56.628-0400] {override.py:1930} INFO - Created Permission View: can edit on DAG:example_branch_datetime_operator
[2025-04-13T13:08:56.628-0400] {logging_mixin.py:188} INFO - [2025-04-13T13:08:56.628-0400] {dag.py:3096} INFO - Sync 3 DAGs
[2025-04-13T13:08:56.632-0400] {logging_mixin.py:188} INFO - [2025-04-13T13:08:56.631-0400] {dag.py:3118} INFO - Creating ORM DAG for example_branch_datetime_operator
[2025-04-13T13:08:56.632-0400] {logging_mixin.py:188} INFO - [2025-04-13T13:08:56.632-0400] {dag.py:3118} INFO - Creating ORM DAG for example_branch_datetime_operator_2
[2025-04-13T13:08:56.632-0400] {logging_mixin.py:188} INFO - [2025-04-13T13:08:56.632-0400] {dag.py:3118} INFO - Creating ORM DAG for example_branch_datetime_operator_3
[2025-04-13T13:08:56.635-0400] {logging_mixin.py:188} INFO - [2025-04-13T13:08:56.635-0400] {dag.py:3954} INFO - Setting next_dagrun for example_branch_datetime_operator to 2025-04-12 00:00:00+00:00, run_after=2025-04-13 00:00:00+00:00
[2025-04-13T13:08:56.635-0400] {logging_mixin.py:188} INFO - [2025-04-13T13:08:56.635-0400] {dag.py:3954} INFO - Setting next_dagrun for example_branch_datetime_operator_2 to 2025-04-12 00:00:00+00:00, run_after=2025-04-13 00:00:00+00:00
[2025-04-13T13:08:56.635-0400] {logging_mixin.py:188} INFO - [2025-04-13T13:08:56.635-0400] {dag.py:3954} INFO - Setting next_dagrun for example_branch_datetime_operator_3 to 2025-04-12 00:00:00+00:00, run_after=2025-04-13 00:00:00+00:00
[2025-04-13T13:08:56.641-0400] {processor.py:183} INFO - Processing /opt/anaconda3/lib/python3.12/site-packages/airflow/example_dags/example_branch_datetime_operator.py took 0.100 seconds
[2025-04-13T13:16:28.687-0400] {processor.py:161} INFO - Started process (PID=37707) to work on /opt/anaconda3/lib/python3.12/site-packages/airflow/example_dags/example_branch_datetime_operator.py
[2025-04-13T13:16:28.688-0400] {processor.py:830} INFO - Processing file /opt/anaconda3/lib/python3.12/site-packages/airflow/example_dags/example_branch_datetime_operator.py for tasks to queue
[2025-04-13T13:16:28.688-0400] {logging_mixin.py:188} INFO - [2025-04-13T13:16:28.688-0400] {dagbag.py:540} INFO - Filling up the DagBag from /opt/anaconda3/lib/python3.12/site-packages/airflow/example_dags/example_branch_datetime_operator.py
[2025-04-13T13:16:28.692-0400] {processor.py:840} INFO - DAG(s) 'example_branch_datetime_operator', 'example_branch_datetime_operator_2', 'example_branch_datetime_operator_3' retrieved from /opt/anaconda3/lib/python3.12/site-packages/airflow/example_dags/example_branch_datetime_operator.py
[2025-04-13T13:16:28.731-0400] {logging_mixin.py:188} INFO - [2025-04-13T13:16:28.731-0400] {dag.py:3096} INFO - Sync 3 DAGs
[2025-04-13T13:16:28.737-0400] {logging_mixin.py:188} INFO - [2025-04-13T13:16:28.736-0400] {dag.py:3954} INFO - Setting next_dagrun for example_branch_datetime_operator to 2025-04-12 00:00:00+00:00, run_after=2025-04-13 00:00:00+00:00
[2025-04-13T13:16:28.738-0400] {logging_mixin.py:188} INFO - [2025-04-13T13:16:28.738-0400] {dag.py:3954} INFO - Setting next_dagrun for example_branch_datetime_operator_2 to 2025-04-12 00:00:00+00:00, run_after=2025-04-13 00:00:00+00:00
[2025-04-13T13:16:28.738-0400] {logging_mixin.py:188} INFO - [2025-04-13T13:16:28.738-0400] {dag.py:3954} INFO - Setting next_dagrun for example_branch_datetime_operator_3 to 2025-04-12 00:00:00+00:00, run_after=2025-04-13 00:00:00+00:00
[2025-04-13T13:16:28.744-0400] {processor.py:183} INFO - Processing /opt/anaconda3/lib/python3.12/site-packages/airflow/example_dags/example_branch_datetime_operator.py took 0.058 seconds
[2025-04-13T13:20:08.795-0400] {processor.py:161} INFO - Started process (PID=39219) to work on /opt/anaconda3/lib/python3.12/site-packages/airflow/example_dags/example_branch_datetime_operator.py
[2025-04-13T13:20:08.796-0400] {processor.py:830} INFO - Processing file /opt/anaconda3/lib/python3.12/site-packages/airflow/example_dags/example_branch_datetime_operator.py for tasks to queue
[2025-04-13T13:20:08.796-0400] {logging_mixin.py:188} INFO - [2025-04-13T13:20:08.796-0400] {dagbag.py:540} INFO - Filling up the DagBag from /opt/anaconda3/lib/python3.12/site-packages/airflow/example_dags/example_branch_datetime_operator.py
[2025-04-13T13:20:08.800-0400] {processor.py:840} INFO - DAG(s) 'example_branch_datetime_operator', 'example_branch_datetime_operator_2', 'example_branch_datetime_operator_3' retrieved from /opt/anaconda3/lib/python3.12/site-packages/airflow/example_dags/example_branch_datetime_operator.py
[2025-04-13T13:20:08.868-0400] {logging_mixin.py:188} INFO - [2025-04-13T13:20:08.868-0400] {dag.py:3096} INFO - Sync 3 DAGs
[2025-04-13T13:20:08.874-0400] {logging_mixin.py:188} INFO - [2025-04-13T13:20:08.874-0400] {dag.py:3954} INFO - Setting next_dagrun for example_branch_datetime_operator to 2025-04-12 00:00:00+00:00, run_after=2025-04-13 00:00:00+00:00
[2025-04-13T13:20:08.875-0400] {logging_mixin.py:188} INFO - [2025-04-13T13:20:08.875-0400] {dag.py:3954} INFO - Setting next_dagrun for example_branch_datetime_operator_2 to 2025-04-12 00:00:00+00:00, run_after=2025-04-13 00:00:00+00:00
[2025-04-13T13:20:08.876-0400] {logging_mixin.py:188} INFO - [2025-04-13T13:20:08.876-0400] {dag.py:3954} INFO - Setting next_dagrun for example_branch_datetime_operator_3 to 2025-04-12 00:00:00+00:00, run_after=2025-04-13 00:00:00+00:00
[2025-04-13T13:20:08.882-0400] {processor.py:183} INFO - Processing /opt/anaconda3/lib/python3.12/site-packages/airflow/example_dags/example_branch_datetime_operator.py took 0.087 seconds
[2025-04-13T13:24:38.952-0400] {processor.py:161} INFO - Started process (PID=41098) to work on /opt/anaconda3/lib/python3.12/site-packages/airflow/example_dags/example_branch_datetime_operator.py
[2025-04-13T13:24:38.953-0400] {processor.py:830} INFO - Processing file /opt/anaconda3/lib/python3.12/site-packages/airflow/example_dags/example_branch_datetime_operator.py for tasks to queue
[2025-04-13T13:24:38.953-0400] {logging_mixin.py:188} INFO - [2025-04-13T13:24:38.953-0400] {dagbag.py:540} INFO - Filling up the DagBag from /opt/anaconda3/lib/python3.12/site-packages/airflow/example_dags/example_branch_datetime_operator.py
[2025-04-13T13:24:38.957-0400] {processor.py:840} INFO - DAG(s) 'example_branch_datetime_operator_3', 'example_branch_datetime_operator', 'example_branch_datetime_operator_2' retrieved from /opt/anaconda3/lib/python3.12/site-packages/airflow/example_dags/example_branch_datetime_operator.py
[2025-04-13T13:24:39.024-0400] {logging_mixin.py:188} INFO - [2025-04-13T13:24:39.023-0400] {dag.py:3096} INFO - Sync 3 DAGs
[2025-04-13T13:24:39.029-0400] {logging_mixin.py:188} INFO - [2025-04-13T13:24:39.029-0400] {dag.py:3954} INFO - Setting next_dagrun for example_branch_datetime_operator to 2025-04-12 00:00:00+00:00, run_after=2025-04-13 00:00:00+00:00
[2025-04-13T13:24:39.030-0400] {logging_mixin.py:188} INFO - [2025-04-13T13:24:39.030-0400] {dag.py:3954} INFO - Setting next_dagrun for example_branch_datetime_operator_2 to 2025-04-12 00:00:00+00:00, run_after=2025-04-13 00:00:00+00:00
[2025-04-13T13:24:39.031-0400] {logging_mixin.py:188} INFO - [2025-04-13T13:24:39.031-0400] {dag.py:3954} INFO - Setting next_dagrun for example_branch_datetime_operator_3 to 2025-04-12 00:00:00+00:00, run_after=2025-04-13 00:00:00+00:00
[2025-04-13T13:24:39.036-0400] {processor.py:183} INFO - Processing /opt/anaconda3/lib/python3.12/site-packages/airflow/example_dags/example_branch_datetime_operator.py took 0.085 seconds
[2025-04-13T13:26:45.576-0400] {processor.py:161} INFO - Started process (PID=41935) to work on /opt/anaconda3/lib/python3.12/site-packages/airflow/example_dags/example_branch_datetime_operator.py
[2025-04-13T13:26:45.577-0400] {processor.py:830} INFO - Processing file /opt/anaconda3/lib/python3.12/site-packages/airflow/example_dags/example_branch_datetime_operator.py for tasks to queue
[2025-04-13T13:26:45.577-0400] {logging_mixin.py:188} INFO - [2025-04-13T13:26:45.577-0400] {dagbag.py:540} INFO - Filling up the DagBag from /opt/anaconda3/lib/python3.12/site-packages/airflow/example_dags/example_branch_datetime_operator.py
[2025-04-13T13:26:45.582-0400] {processor.py:840} INFO - DAG(s) 'example_branch_datetime_operator', 'example_branch_datetime_operator_3', 'example_branch_datetime_operator_2' retrieved from /opt/anaconda3/lib/python3.12/site-packages/airflow/example_dags/example_branch_datetime_operator.py
[2025-04-13T13:26:45.619-0400] {logging_mixin.py:188} INFO - [2025-04-13T13:26:45.619-0400] {dag.py:3096} INFO - Sync 3 DAGs
[2025-04-13T13:26:45.625-0400] {logging_mixin.py:188} INFO - [2025-04-13T13:26:45.625-0400] {dag.py:3954} INFO - Setting next_dagrun for example_branch_datetime_operator to 2025-04-12 00:00:00+00:00, run_after=2025-04-13 00:00:00+00:00
[2025-04-13T13:26:45.626-0400] {logging_mixin.py:188} INFO - [2025-04-13T13:26:45.626-0400] {dag.py:3954} INFO - Setting next_dagrun for example_branch_datetime_operator_2 to 2025-04-12 00:00:00+00:00, run_after=2025-04-13 00:00:00+00:00
[2025-04-13T13:26:45.627-0400] {logging_mixin.py:188} INFO - [2025-04-13T13:26:45.627-0400] {dag.py:3954} INFO - Setting next_dagrun for example_branch_datetime_operator_3 to 2025-04-12 00:00:00+00:00, run_after=2025-04-13 00:00:00+00:00
[2025-04-13T13:26:45.632-0400] {processor.py:183} INFO - Processing /opt/anaconda3/lib/python3.12/site-packages/airflow/example_dags/example_branch_datetime_operator.py took 0.057 seconds
[2025-04-13T13:28:58.059-0400] {processor.py:161} INFO - Started process (PID=42809) to work on /opt/anaconda3/lib/python3.12/site-packages/airflow/example_dags/example_branch_datetime_operator.py
[2025-04-13T13:28:58.060-0400] {processor.py:830} INFO - Processing file /opt/anaconda3/lib/python3.12/site-packages/airflow/example_dags/example_branch_datetime_operator.py for tasks to queue
[2025-04-13T13:28:58.060-0400] {logging_mixin.py:188} INFO - [2025-04-13T13:28:58.060-0400] {dagbag.py:540} INFO - Filling up the DagBag from /opt/anaconda3/lib/python3.12/site-packages/airflow/example_dags/example_branch_datetime_operator.py
[2025-04-13T13:28:58.064-0400] {processor.py:840} INFO - DAG(s) 'example_branch_datetime_operator_2', 'example_branch_datetime_operator_3', 'example_branch_datetime_operator' retrieved from /opt/anaconda3/lib/python3.12/site-packages/airflow/example_dags/example_branch_datetime_operator.py
[2025-04-13T13:28:58.101-0400] {logging_mixin.py:188} INFO - [2025-04-13T13:28:58.101-0400] {dag.py:3096} INFO - Sync 3 DAGs
[2025-04-13T13:28:58.107-0400] {logging_mixin.py:188} INFO - [2025-04-13T13:28:58.107-0400] {dag.py:3954} INFO - Setting next_dagrun for example_branch_datetime_operator to 2025-04-12 00:00:00+00:00, run_after=2025-04-13 00:00:00+00:00
[2025-04-13T13:28:58.108-0400] {logging_mixin.py:188} INFO - [2025-04-13T13:28:58.108-0400] {dag.py:3954} INFO - Setting next_dagrun for example_branch_datetime_operator_2 to 2025-04-12 00:00:00+00:00, run_after=2025-04-13 00:00:00+00:00
[2025-04-13T13:28:58.109-0400] {logging_mixin.py:188} INFO - [2025-04-13T13:28:58.109-0400] {dag.py:3954} INFO - Setting next_dagrun for example_branch_datetime_operator_3 to 2025-04-12 00:00:00+00:00, run_after=2025-04-13 00:00:00+00:00
[2025-04-13T13:28:58.115-0400] {processor.py:183} INFO - Processing /opt/anaconda3/lib/python3.12/site-packages/airflow/example_dags/example_branch_datetime_operator.py took 0.057 seconds
[2025-04-13T13:32:53.356-0400] {processor.py:161} INFO - Started process (PID=44350) to work on /opt/anaconda3/lib/python3.12/site-packages/airflow/example_dags/example_branch_datetime_operator.py
[2025-04-13T13:32:53.357-0400] {processor.py:830} INFO - Processing file /opt/anaconda3/lib/python3.12/site-packages/airflow/example_dags/example_branch_datetime_operator.py for tasks to queue
[2025-04-13T13:32:53.357-0400] {logging_mixin.py:188} INFO - [2025-04-13T13:32:53.357-0400] {dagbag.py:540} INFO - Filling up the DagBag from /opt/anaconda3/lib/python3.12/site-packages/airflow/example_dags/example_branch_datetime_operator.py
[2025-04-13T13:32:53.361-0400] {processor.py:840} INFO - DAG(s) 'example_branch_datetime_operator_3', 'example_branch_datetime_operator_2', 'example_branch_datetime_operator' retrieved from /opt/anaconda3/lib/python3.12/site-packages/airflow/example_dags/example_branch_datetime_operator.py
[2025-04-13T13:32:53.399-0400] {logging_mixin.py:188} INFO - [2025-04-13T13:32:53.399-0400] {dag.py:3096} INFO - Sync 3 DAGs
[2025-04-13T13:32:53.404-0400] {logging_mixin.py:188} INFO - [2025-04-13T13:32:53.404-0400] {dag.py:3954} INFO - Setting next_dagrun for example_branch_datetime_operator to 2025-04-12 00:00:00+00:00, run_after=2025-04-13 00:00:00+00:00
[2025-04-13T13:32:53.406-0400] {logging_mixin.py:188} INFO - [2025-04-13T13:32:53.406-0400] {dag.py:3954} INFO - Setting next_dagrun for example_branch_datetime_operator_2 to 2025-04-12 00:00:00+00:00, run_after=2025-04-13 00:00:00+00:00
[2025-04-13T13:32:53.406-0400] {logging_mixin.py:188} INFO - [2025-04-13T13:32:53.406-0400] {dag.py:3954} INFO - Setting next_dagrun for example_branch_datetime_operator_3 to 2025-04-12 00:00:00+00:00, run_after=2025-04-13 00:00:00+00:00
[2025-04-13T13:32:53.412-0400] {processor.py:183} INFO - Processing /opt/anaconda3/lib/python3.12/site-packages/airflow/example_dags/example_branch_datetime_operator.py took 0.057 seconds
[2025-04-13T13:37:02.003-0400] {processor.py:161} INFO - Started process (PID=45466) to work on /opt/anaconda3/lib/python3.12/site-packages/airflow/example_dags/example_branch_datetime_operator.py
[2025-04-13T13:37:02.004-0400] {processor.py:830} INFO - Processing file /opt/anaconda3/lib/python3.12/site-packages/airflow/example_dags/example_branch_datetime_operator.py for tasks to queue
[2025-04-13T13:37:02.004-0400] {logging_mixin.py:188} INFO - [2025-04-13T13:37:02.004-0400] {dagbag.py:540} INFO - Filling up the DagBag from /opt/anaconda3/lib/python3.12/site-packages/airflow/example_dags/example_branch_datetime_operator.py
[2025-04-13T13:37:02.009-0400] {processor.py:840} INFO - DAG(s) 'example_branch_datetime_operator', 'example_branch_datetime_operator_2', 'example_branch_datetime_operator_3' retrieved from /opt/anaconda3/lib/python3.12/site-packages/airflow/example_dags/example_branch_datetime_operator.py
[2025-04-13T13:37:02.048-0400] {logging_mixin.py:188} INFO - [2025-04-13T13:37:02.048-0400] {dag.py:3096} INFO - Sync 3 DAGs
[2025-04-13T13:37:02.054-0400] {logging_mixin.py:188} INFO - [2025-04-13T13:37:02.053-0400] {dag.py:3954} INFO - Setting next_dagrun for example_branch_datetime_operator to 2025-04-12 00:00:00+00:00, run_after=2025-04-13 00:00:00+00:00
[2025-04-13T13:37:02.055-0400] {logging_mixin.py:188} INFO - [2025-04-13T13:37:02.055-0400] {dag.py:3954} INFO - Setting next_dagrun for example_branch_datetime_operator_2 to 2025-04-12 00:00:00+00:00, run_after=2025-04-13 00:00:00+00:00
[2025-04-13T13:37:02.055-0400] {logging_mixin.py:188} INFO - [2025-04-13T13:37:02.055-0400] {dag.py:3954} INFO - Setting next_dagrun for example_branch_datetime_operator_3 to 2025-04-12 00:00:00+00:00, run_after=2025-04-13 00:00:00+00:00
[2025-04-13T13:37:02.063-0400] {processor.py:183} INFO - Processing /opt/anaconda3/lib/python3.12/site-packages/airflow/example_dags/example_branch_datetime_operator.py took 0.061 seconds
[2025-04-13T13:39:18.173-0400] {processor.py:161} INFO - Started process (PID=46365) to work on /opt/anaconda3/lib/python3.12/site-packages/airflow/example_dags/example_branch_datetime_operator.py
[2025-04-13T13:39:18.174-0400] {processor.py:830} INFO - Processing file /opt/anaconda3/lib/python3.12/site-packages/airflow/example_dags/example_branch_datetime_operator.py for tasks to queue
[2025-04-13T13:39:18.174-0400] {logging_mixin.py:188} INFO - [2025-04-13T13:39:18.174-0400] {dagbag.py:540} INFO - Filling up the DagBag from /opt/anaconda3/lib/python3.12/site-packages/airflow/example_dags/example_branch_datetime_operator.py
[2025-04-13T13:39:18.178-0400] {processor.py:840} INFO - DAG(s) 'example_branch_datetime_operator_2', 'example_branch_datetime_operator_3', 'example_branch_datetime_operator' retrieved from /opt/anaconda3/lib/python3.12/site-packages/airflow/example_dags/example_branch_datetime_operator.py
[2025-04-13T13:39:18.215-0400] {logging_mixin.py:188} INFO - [2025-04-13T13:39:18.215-0400] {dag.py:3096} INFO - Sync 3 DAGs
[2025-04-13T13:39:18.221-0400] {logging_mixin.py:188} INFO - [2025-04-13T13:39:18.221-0400] {dag.py:3954} INFO - Setting next_dagrun for example_branch_datetime_operator to 2025-04-12 00:00:00+00:00, run_after=2025-04-13 00:00:00+00:00
[2025-04-13T13:39:18.222-0400] {logging_mixin.py:188} INFO - [2025-04-13T13:39:18.222-0400] {dag.py:3954} INFO - Setting next_dagrun for example_branch_datetime_operator_2 to 2025-04-12 00:00:00+00:00, run_after=2025-04-13 00:00:00+00:00
[2025-04-13T13:39:18.223-0400] {logging_mixin.py:188} INFO - [2025-04-13T13:39:18.223-0400] {dag.py:3954} INFO - Setting next_dagrun for example_branch_datetime_operator_3 to 2025-04-12 00:00:00+00:00, run_after=2025-04-13 00:00:00+00:00
[2025-04-13T13:39:18.228-0400] {processor.py:183} INFO - Processing /opt/anaconda3/lib/python3.12/site-packages/airflow/example_dags/example_branch_datetime_operator.py took 0.057 seconds
[2025-04-13T13:41:30.357-0400] {processor.py:161} INFO - Started process (PID=47277) to work on /opt/anaconda3/lib/python3.12/site-packages/airflow/example_dags/example_branch_datetime_operator.py
[2025-04-13T13:41:30.358-0400] {processor.py:830} INFO - Processing file /opt/anaconda3/lib/python3.12/site-packages/airflow/example_dags/example_branch_datetime_operator.py for tasks to queue
[2025-04-13T13:41:30.358-0400] {logging_mixin.py:188} INFO - [2025-04-13T13:41:30.358-0400] {dagbag.py:540} INFO - Filling up the DagBag from /opt/anaconda3/lib/python3.12/site-packages/airflow/example_dags/example_branch_datetime_operator.py
[2025-04-13T13:41:30.362-0400] {processor.py:840} INFO - DAG(s) 'example_branch_datetime_operator', 'example_branch_datetime_operator_3', 'example_branch_datetime_operator_2' retrieved from /opt/anaconda3/lib/python3.12/site-packages/airflow/example_dags/example_branch_datetime_operator.py
[2025-04-13T13:41:30.401-0400] {logging_mixin.py:188} INFO - [2025-04-13T13:41:30.401-0400] {dag.py:3096} INFO - Sync 3 DAGs
[2025-04-13T13:41:30.407-0400] {logging_mixin.py:188} INFO - [2025-04-13T13:41:30.407-0400] {dag.py:3954} INFO - Setting next_dagrun for example_branch_datetime_operator to 2025-04-12 00:00:00+00:00, run_after=2025-04-13 00:00:00+00:00
[2025-04-13T13:41:30.408-0400] {logging_mixin.py:188} INFO - [2025-04-13T13:41:30.408-0400] {dag.py:3954} INFO - Setting next_dagrun for example_branch_datetime_operator_2 to 2025-04-12 00:00:00+00:00, run_after=2025-04-13 00:00:00+00:00
[2025-04-13T13:41:30.409-0400] {logging_mixin.py:188} INFO - [2025-04-13T13:41:30.409-0400] {dag.py:3954} INFO - Setting next_dagrun for example_branch_datetime_operator_3 to 2025-04-12 00:00:00+00:00, run_after=2025-04-13 00:00:00+00:00
[2025-04-13T13:41:30.414-0400] {processor.py:183} INFO - Processing /opt/anaconda3/lib/python3.12/site-packages/airflow/example_dags/example_branch_datetime_operator.py took 0.058 seconds
[2025-04-13T13:43:41.087-0400] {processor.py:161} INFO - Started process (PID=48153) to work on /opt/anaconda3/lib/python3.12/site-packages/airflow/example_dags/example_branch_datetime_operator.py
[2025-04-13T13:43:41.088-0400] {processor.py:830} INFO - Processing file /opt/anaconda3/lib/python3.12/site-packages/airflow/example_dags/example_branch_datetime_operator.py for tasks to queue
[2025-04-13T13:43:41.088-0400] {logging_mixin.py:188} INFO - [2025-04-13T13:43:41.088-0400] {dagbag.py:540} INFO - Filling up the DagBag from /opt/anaconda3/lib/python3.12/site-packages/airflow/example_dags/example_branch_datetime_operator.py
[2025-04-13T13:43:41.092-0400] {processor.py:840} INFO - DAG(s) 'example_branch_datetime_operator_3', 'example_branch_datetime_operator_2', 'example_branch_datetime_operator' retrieved from /opt/anaconda3/lib/python3.12/site-packages/airflow/example_dags/example_branch_datetime_operator.py
[2025-04-13T13:43:41.130-0400] {logging_mixin.py:188} INFO - [2025-04-13T13:43:41.130-0400] {dag.py:3096} INFO - Sync 3 DAGs
[2025-04-13T13:43:41.135-0400] {logging_mixin.py:188} INFO - [2025-04-13T13:43:41.135-0400] {dag.py:3954} INFO - Setting next_dagrun for example_branch_datetime_operator to 2025-04-12 00:00:00+00:00, run_after=2025-04-13 00:00:00+00:00
[2025-04-13T13:43:41.137-0400] {logging_mixin.py:188} INFO - [2025-04-13T13:43:41.137-0400] {dag.py:3954} INFO - Setting next_dagrun for example_branch_datetime_operator_2 to 2025-04-12 00:00:00+00:00, run_after=2025-04-13 00:00:00+00:00
[2025-04-13T13:43:41.137-0400] {logging_mixin.py:188} INFO - [2025-04-13T13:43:41.137-0400] {dag.py:3954} INFO - Setting next_dagrun for example_branch_datetime_operator_3 to 2025-04-12 00:00:00+00:00, run_after=2025-04-13 00:00:00+00:00
[2025-04-13T13:43:41.143-0400] {processor.py:183} INFO - Processing /opt/anaconda3/lib/python3.12/site-packages/airflow/example_dags/example_branch_datetime_operator.py took 0.057 seconds
[2025-04-13T13:45:56.085-0400] {processor.py:161} INFO - Started process (PID=49073) to work on /opt/anaconda3/lib/python3.12/site-packages/airflow/example_dags/example_branch_datetime_operator.py
[2025-04-13T13:45:56.086-0400] {processor.py:830} INFO - Processing file /opt/anaconda3/lib/python3.12/site-packages/airflow/example_dags/example_branch_datetime_operator.py for tasks to queue
[2025-04-13T13:45:56.087-0400] {logging_mixin.py:188} INFO - [2025-04-13T13:45:56.087-0400] {dagbag.py:540} INFO - Filling up the DagBag from /opt/anaconda3/lib/python3.12/site-packages/airflow/example_dags/example_branch_datetime_operator.py
[2025-04-13T13:45:56.091-0400] {processor.py:840} INFO - DAG(s) 'example_branch_datetime_operator_2', 'example_branch_datetime_operator', 'example_branch_datetime_operator_3' retrieved from /opt/anaconda3/lib/python3.12/site-packages/airflow/example_dags/example_branch_datetime_operator.py
[2025-04-13T13:45:56.130-0400] {logging_mixin.py:188} INFO - [2025-04-13T13:45:56.129-0400] {dag.py:3096} INFO - Sync 3 DAGs
[2025-04-13T13:45:56.135-0400] {logging_mixin.py:188} INFO - [2025-04-13T13:45:56.135-0400] {dag.py:3954} INFO - Setting next_dagrun for example_branch_datetime_operator to 2025-04-12 00:00:00+00:00, run_after=2025-04-13 00:00:00+00:00
[2025-04-13T13:45:56.137-0400] {logging_mixin.py:188} INFO - [2025-04-13T13:45:56.137-0400] {dag.py:3954} INFO - Setting next_dagrun for example_branch_datetime_operator_2 to 2025-04-12 00:00:00+00:00, run_after=2025-04-13 00:00:00+00:00
[2025-04-13T13:45:56.137-0400] {logging_mixin.py:188} INFO - [2025-04-13T13:45:56.137-0400] {dag.py:3954} INFO - Setting next_dagrun for example_branch_datetime_operator_3 to 2025-04-12 00:00:00+00:00, run_after=2025-04-13 00:00:00+00:00
[2025-04-13T13:45:56.143-0400] {processor.py:183} INFO - Processing /opt/anaconda3/lib/python3.12/site-packages/airflow/example_dags/example_branch_datetime_operator.py took 0.059 seconds
[2025-04-13T13:48:21.899-0400] {processor.py:161} INFO - Started process (PID=50026) to work on /opt/anaconda3/lib/python3.12/site-packages/airflow/example_dags/example_branch_datetime_operator.py
[2025-04-13T13:48:21.900-0400] {processor.py:830} INFO - Processing file /opt/anaconda3/lib/python3.12/site-packages/airflow/example_dags/example_branch_datetime_operator.py for tasks to queue
[2025-04-13T13:48:21.901-0400] {logging_mixin.py:188} INFO - [2025-04-13T13:48:21.901-0400] {dagbag.py:540} INFO - Filling up the DagBag from /opt/anaconda3/lib/python3.12/site-packages/airflow/example_dags/example_branch_datetime_operator.py
[2025-04-13T13:48:21.905-0400] {processor.py:840} INFO - DAG(s) 'example_branch_datetime_operator', 'example_branch_datetime_operator_3', 'example_branch_datetime_operator_2' retrieved from /opt/anaconda3/lib/python3.12/site-packages/airflow/example_dags/example_branch_datetime_operator.py
[2025-04-13T13:48:21.942-0400] {logging_mixin.py:188} INFO - [2025-04-13T13:48:21.942-0400] {dag.py:3096} INFO - Sync 3 DAGs
[2025-04-13T13:48:21.948-0400] {logging_mixin.py:188} INFO - [2025-04-13T13:48:21.948-0400] {dag.py:3954} INFO - Setting next_dagrun for example_branch_datetime_operator to 2025-04-12 00:00:00+00:00, run_after=2025-04-13 00:00:00+00:00
[2025-04-13T13:48:21.949-0400] {logging_mixin.py:188} INFO - [2025-04-13T13:48:21.949-0400] {dag.py:3954} INFO - Setting next_dagrun for example_branch_datetime_operator_2 to 2025-04-12 00:00:00+00:00, run_after=2025-04-13 00:00:00+00:00
[2025-04-13T13:48:21.950-0400] {logging_mixin.py:188} INFO - [2025-04-13T13:48:21.950-0400] {dag.py:3954} INFO - Setting next_dagrun for example_branch_datetime_operator_3 to 2025-04-12 00:00:00+00:00, run_after=2025-04-13 00:00:00+00:00
[2025-04-13T13:48:21.956-0400] {processor.py:183} INFO - Processing /opt/anaconda3/lib/python3.12/site-packages/airflow/example_dags/example_branch_datetime_operator.py took 0.057 seconds
[2025-04-13T13:50:39.605-0400] {processor.py:161} INFO - Started process (PID=50925) to work on /opt/anaconda3/lib/python3.12/site-packages/airflow/example_dags/example_branch_datetime_operator.py
[2025-04-13T13:50:39.606-0400] {processor.py:830} INFO - Processing file /opt/anaconda3/lib/python3.12/site-packages/airflow/example_dags/example_branch_datetime_operator.py for tasks to queue
[2025-04-13T13:50:39.606-0400] {logging_mixin.py:188} INFO - [2025-04-13T13:50:39.606-0400] {dagbag.py:540} INFO - Filling up the DagBag from /opt/anaconda3/lib/python3.12/site-packages/airflow/example_dags/example_branch_datetime_operator.py
[2025-04-13T13:50:39.611-0400] {processor.py:840} INFO - DAG(s) 'example_branch_datetime_operator_3', 'example_branch_datetime_operator_2', 'example_branch_datetime_operator' retrieved from /opt/anaconda3/lib/python3.12/site-packages/airflow/example_dags/example_branch_datetime_operator.py
[2025-04-13T13:50:39.649-0400] {logging_mixin.py:188} INFO - [2025-04-13T13:50:39.649-0400] {dag.py:3096} INFO - Sync 3 DAGs
[2025-04-13T13:50:39.655-0400] {logging_mixin.py:188} INFO - [2025-04-13T13:50:39.655-0400] {dag.py:3954} INFO - Setting next_dagrun for example_branch_datetime_operator to 2025-04-12 00:00:00+00:00, run_after=2025-04-13 00:00:00+00:00
[2025-04-13T13:50:39.656-0400] {logging_mixin.py:188} INFO - [2025-04-13T13:50:39.656-0400] {dag.py:3954} INFO - Setting next_dagrun for example_branch_datetime_operator_2 to 2025-04-12 00:00:00+00:00, run_after=2025-04-13 00:00:00+00:00
[2025-04-13T13:50:39.657-0400] {logging_mixin.py:188} INFO - [2025-04-13T13:50:39.657-0400] {dag.py:3954} INFO - Setting next_dagrun for example_branch_datetime_operator_3 to 2025-04-12 00:00:00+00:00, run_after=2025-04-13 00:00:00+00:00
[2025-04-13T13:50:39.662-0400] {processor.py:183} INFO - Processing /opt/anaconda3/lib/python3.12/site-packages/airflow/example_dags/example_branch_datetime_operator.py took 0.058 seconds
[2025-04-13T13:52:57.804-0400] {processor.py:161} INFO - Started process (PID=51886) to work on /opt/anaconda3/lib/python3.12/site-packages/airflow/example_dags/example_branch_datetime_operator.py
[2025-04-13T13:52:57.805-0400] {processor.py:830} INFO - Processing file /opt/anaconda3/lib/python3.12/site-packages/airflow/example_dags/example_branch_datetime_operator.py for tasks to queue
[2025-04-13T13:52:57.805-0400] {logging_mixin.py:188} INFO - [2025-04-13T13:52:57.805-0400] {dagbag.py:540} INFO - Filling up the DagBag from /opt/anaconda3/lib/python3.12/site-packages/airflow/example_dags/example_branch_datetime_operator.py
[2025-04-13T13:52:57.810-0400] {processor.py:840} INFO - DAG(s) 'example_branch_datetime_operator_3', 'example_branch_datetime_operator_2', 'example_branch_datetime_operator' retrieved from /opt/anaconda3/lib/python3.12/site-packages/airflow/example_dags/example_branch_datetime_operator.py
[2025-04-13T13:52:57.848-0400] {logging_mixin.py:188} INFO - [2025-04-13T13:52:57.848-0400] {dag.py:3096} INFO - Sync 3 DAGs
[2025-04-13T13:52:57.854-0400] {logging_mixin.py:188} INFO - [2025-04-13T13:52:57.854-0400] {dag.py:3954} INFO - Setting next_dagrun for example_branch_datetime_operator to 2025-04-12 00:00:00+00:00, run_after=2025-04-13 00:00:00+00:00
[2025-04-13T13:52:57.855-0400] {logging_mixin.py:188} INFO - [2025-04-13T13:52:57.855-0400] {dag.py:3954} INFO - Setting next_dagrun for example_branch_datetime_operator_2 to 2025-04-12 00:00:00+00:00, run_after=2025-04-13 00:00:00+00:00
[2025-04-13T13:52:57.856-0400] {logging_mixin.py:188} INFO - [2025-04-13T13:52:57.856-0400] {dag.py:3954} INFO - Setting next_dagrun for example_branch_datetime_operator_3 to 2025-04-12 00:00:00+00:00, run_after=2025-04-13 00:00:00+00:00
[2025-04-13T13:52:57.862-0400] {processor.py:183} INFO - Processing /opt/anaconda3/lib/python3.12/site-packages/airflow/example_dags/example_branch_datetime_operator.py took 0.059 seconds
[2025-04-13T13:55:15.148-0400] {processor.py:161} INFO - Started process (PID=52791) to work on /opt/anaconda3/lib/python3.12/site-packages/airflow/example_dags/example_branch_datetime_operator.py
[2025-04-13T13:55:15.149-0400] {processor.py:830} INFO - Processing file /opt/anaconda3/lib/python3.12/site-packages/airflow/example_dags/example_branch_datetime_operator.py for tasks to queue
[2025-04-13T13:55:15.150-0400] {logging_mixin.py:188} INFO - [2025-04-13T13:55:15.150-0400] {dagbag.py:540} INFO - Filling up the DagBag from /opt/anaconda3/lib/python3.12/site-packages/airflow/example_dags/example_branch_datetime_operator.py
[2025-04-13T13:55:15.154-0400] {processor.py:840} INFO - DAG(s) 'example_branch_datetime_operator', 'example_branch_datetime_operator_3', 'example_branch_datetime_operator_2' retrieved from /opt/anaconda3/lib/python3.12/site-packages/airflow/example_dags/example_branch_datetime_operator.py
[2025-04-13T13:55:15.191-0400] {logging_mixin.py:188} INFO - [2025-04-13T13:55:15.191-0400] {dag.py:3096} INFO - Sync 3 DAGs
[2025-04-13T13:55:15.197-0400] {logging_mixin.py:188} INFO - [2025-04-13T13:55:15.197-0400] {dag.py:3954} INFO - Setting next_dagrun for example_branch_datetime_operator to 2025-04-12 00:00:00+00:00, run_after=2025-04-13 00:00:00+00:00
[2025-04-13T13:55:15.198-0400] {logging_mixin.py:188} INFO - [2025-04-13T13:55:15.198-0400] {dag.py:3954} INFO - Setting next_dagrun for example_branch_datetime_operator_2 to 2025-04-12 00:00:00+00:00, run_after=2025-04-13 00:00:00+00:00
[2025-04-13T13:55:15.199-0400] {logging_mixin.py:188} INFO - [2025-04-13T13:55:15.199-0400] {dag.py:3954} INFO - Setting next_dagrun for example_branch_datetime_operator_3 to 2025-04-12 00:00:00+00:00, run_after=2025-04-13 00:00:00+00:00
[2025-04-13T13:55:15.204-0400] {processor.py:183} INFO - Processing /opt/anaconda3/lib/python3.12/site-packages/airflow/example_dags/example_branch_datetime_operator.py took 0.057 seconds
[2025-04-13T13:57:32.993-0400] {processor.py:161} INFO - Started process (PID=53739) to work on /opt/anaconda3/lib/python3.12/site-packages/airflow/example_dags/example_branch_datetime_operator.py
[2025-04-13T13:57:32.994-0400] {processor.py:830} INFO - Processing file /opt/anaconda3/lib/python3.12/site-packages/airflow/example_dags/example_branch_datetime_operator.py for tasks to queue
[2025-04-13T13:57:32.994-0400] {logging_mixin.py:188} INFO - [2025-04-13T13:57:32.994-0400] {dagbag.py:540} INFO - Filling up the DagBag from /opt/anaconda3/lib/python3.12/site-packages/airflow/example_dags/example_branch_datetime_operator.py
[2025-04-13T13:57:32.998-0400] {processor.py:840} INFO - DAG(s) 'example_branch_datetime_operator_2', 'example_branch_datetime_operator', 'example_branch_datetime_operator_3' retrieved from /opt/anaconda3/lib/python3.12/site-packages/airflow/example_dags/example_branch_datetime_operator.py
[2025-04-13T13:57:33.037-0400] {logging_mixin.py:188} INFO - [2025-04-13T13:57:33.037-0400] {dag.py:3096} INFO - Sync 3 DAGs
[2025-04-13T13:57:33.042-0400] {logging_mixin.py:188} INFO - [2025-04-13T13:57:33.042-0400] {dag.py:3954} INFO - Setting next_dagrun for example_branch_datetime_operator to 2025-04-12 00:00:00+00:00, run_after=2025-04-13 00:00:00+00:00
[2025-04-13T13:57:33.044-0400] {logging_mixin.py:188} INFO - [2025-04-13T13:57:33.044-0400] {dag.py:3954} INFO - Setting next_dagrun for example_branch_datetime_operator_2 to 2025-04-12 00:00:00+00:00, run_after=2025-04-13 00:00:00+00:00
[2025-04-13T13:57:33.044-0400] {logging_mixin.py:188} INFO - [2025-04-13T13:57:33.044-0400] {dag.py:3954} INFO - Setting next_dagrun for example_branch_datetime_operator_3 to 2025-04-12 00:00:00+00:00, run_after=2025-04-13 00:00:00+00:00
[2025-04-13T13:57:33.050-0400] {processor.py:183} INFO - Processing /opt/anaconda3/lib/python3.12/site-packages/airflow/example_dags/example_branch_datetime_operator.py took 0.058 seconds
[2025-04-13T13:59:46.123-0400] {processor.py:161} INFO - Started process (PID=54690) to work on /opt/anaconda3/lib/python3.12/site-packages/airflow/example_dags/example_branch_datetime_operator.py
[2025-04-13T13:59:46.124-0400] {processor.py:830} INFO - Processing file /opt/anaconda3/lib/python3.12/site-packages/airflow/example_dags/example_branch_datetime_operator.py for tasks to queue
[2025-04-13T13:59:46.125-0400] {logging_mixin.py:188} INFO - [2025-04-13T13:59:46.125-0400] {dagbag.py:540} INFO - Filling up the DagBag from /opt/anaconda3/lib/python3.12/site-packages/airflow/example_dags/example_branch_datetime_operator.py
[2025-04-13T13:59:46.129-0400] {processor.py:840} INFO - DAG(s) 'example_branch_datetime_operator_3', 'example_branch_datetime_operator_2', 'example_branch_datetime_operator' retrieved from /opt/anaconda3/lib/python3.12/site-packages/airflow/example_dags/example_branch_datetime_operator.py
[2025-04-13T13:59:46.167-0400] {logging_mixin.py:188} INFO - [2025-04-13T13:59:46.167-0400] {dag.py:3096} INFO - Sync 3 DAGs
[2025-04-13T13:59:46.172-0400] {logging_mixin.py:188} INFO - [2025-04-13T13:59:46.172-0400] {dag.py:3954} INFO - Setting next_dagrun for example_branch_datetime_operator to 2025-04-12 00:00:00+00:00, run_after=2025-04-13 00:00:00+00:00
[2025-04-13T13:59:46.173-0400] {logging_mixin.py:188} INFO - [2025-04-13T13:59:46.173-0400] {dag.py:3954} INFO - Setting next_dagrun for example_branch_datetime_operator_2 to 2025-04-12 00:00:00+00:00, run_after=2025-04-13 00:00:00+00:00
[2025-04-13T13:59:46.174-0400] {logging_mixin.py:188} INFO - [2025-04-13T13:59:46.174-0400] {dag.py:3954} INFO - Setting next_dagrun for example_branch_datetime_operator_3 to 2025-04-12 00:00:00+00:00, run_after=2025-04-13 00:00:00+00:00
[2025-04-13T13:59:46.180-0400] {processor.py:183} INFO - Processing /opt/anaconda3/lib/python3.12/site-packages/airflow/example_dags/example_branch_datetime_operator.py took 0.057 seconds
[2025-04-13T14:02:05.919-0400] {processor.py:161} INFO - Started process (PID=55628) to work on /opt/anaconda3/lib/python3.12/site-packages/airflow/example_dags/example_branch_datetime_operator.py
[2025-04-13T14:02:05.920-0400] {processor.py:830} INFO - Processing file /opt/anaconda3/lib/python3.12/site-packages/airflow/example_dags/example_branch_datetime_operator.py for tasks to queue
[2025-04-13T14:02:05.920-0400] {logging_mixin.py:188} INFO - [2025-04-13T14:02:05.920-0400] {dagbag.py:540} INFO - Filling up the DagBag from /opt/anaconda3/lib/python3.12/site-packages/airflow/example_dags/example_branch_datetime_operator.py
[2025-04-13T14:02:05.924-0400] {processor.py:840} INFO - DAG(s) 'example_branch_datetime_operator_3', 'example_branch_datetime_operator_2', 'example_branch_datetime_operator' retrieved from /opt/anaconda3/lib/python3.12/site-packages/airflow/example_dags/example_branch_datetime_operator.py
[2025-04-13T14:02:05.962-0400] {logging_mixin.py:188} INFO - [2025-04-13T14:02:05.962-0400] {dag.py:3096} INFO - Sync 3 DAGs
[2025-04-13T14:02:05.967-0400] {logging_mixin.py:188} INFO - [2025-04-13T14:02:05.967-0400] {dag.py:3954} INFO - Setting next_dagrun for example_branch_datetime_operator to 2025-04-12 00:00:00+00:00, run_after=2025-04-13 00:00:00+00:00
[2025-04-13T14:02:05.969-0400] {logging_mixin.py:188} INFO - [2025-04-13T14:02:05.968-0400] {dag.py:3954} INFO - Setting next_dagrun for example_branch_datetime_operator_2 to 2025-04-12 00:00:00+00:00, run_after=2025-04-13 00:00:00+00:00
[2025-04-13T14:02:05.969-0400] {logging_mixin.py:188} INFO - [2025-04-13T14:02:05.969-0400] {dag.py:3954} INFO - Setting next_dagrun for example_branch_datetime_operator_3 to 2025-04-12 00:00:00+00:00, run_after=2025-04-13 00:00:00+00:00
[2025-04-13T14:02:05.975-0400] {processor.py:183} INFO - Processing /opt/anaconda3/lib/python3.12/site-packages/airflow/example_dags/example_branch_datetime_operator.py took 0.057 seconds
