[2025-04-13T13:08:30.581-0400] {processor.py:161} INFO - Started process (PID=34687) to work on /opt/anaconda3/lib/python3.12/site-packages/airflow/example_dags/example_kubernetes_executor.py
[2025-04-13T13:08:30.582-0400] {processor.py:830} INFO - Processing file /opt/anaconda3/lib/python3.12/site-packages/airflow/example_dags/example_kubernetes_executor.py for tasks to queue
[2025-04-13T13:08:30.582-0400] {logging_mixin.py:188} INFO - [2025-04-13T13:08:30.582-0400] {dagbag.py:540} INFO - Filling up the DagBag from /opt/anaconda3/lib/python3.12/site-packages/airflow/example_dags/example_kubernetes_executor.py
[2025-04-13T13:08:30.681-0400] {processor.py:840} INFO - DAG(s) 'example_kubernetes_executor' retrieved from /opt/anaconda3/lib/python3.12/site-packages/airflow/example_dags/example_kubernetes_executor.py
[2025-04-13T13:08:30.767-0400] {logging_mixin.py:188} WARNING - /opt/anaconda3/lib/python3.12/site-packages/airflow/serialization/serialized_objects.py:1673 DeprecationWarning: This module is deprecated. The `cncf.kubernetes` provider before version 7.4.0 uses this module - you should migrate to a newer version of `cncf.kubernetes` to get rid of this warning. If you import the module via `airflow.kubernetes` import, please use `cncf.kubernetes' provider 7.4.0+ and switch all your imports to use `apache.airflow.providers.cncf.kubernetes` to get rid of the warning.
[2025-04-13T13:08:30.801-0400] {logging_mixin.py:188} INFO - [2025-04-13T13:08:30.801-0400] {override.py:1930} INFO - Created Permission View: can edit on DAG:example_kubernetes_executor
[2025-04-13T13:08:30.803-0400] {logging_mixin.py:188} INFO - [2025-04-13T13:08:30.803-0400] {override.py:1930} INFO - Created Permission View: can read on DAG:example_kubernetes_executor
[2025-04-13T13:08:30.805-0400] {logging_mixin.py:188} INFO - [2025-04-13T13:08:30.805-0400] {override.py:1930} INFO - Created Permission View: can delete on DAG:example_kubernetes_executor
[2025-04-13T13:08:30.805-0400] {logging_mixin.py:188} INFO - [2025-04-13T13:08:30.805-0400] {dag.py:3096} INFO - Sync 1 DAGs
[2025-04-13T13:08:30.808-0400] {logging_mixin.py:188} INFO - [2025-04-13T13:08:30.808-0400] {dag.py:3118} INFO - Creating ORM DAG for example_kubernetes_executor
[2025-04-13T13:08:30.808-0400] {logging_mixin.py:188} INFO - [2025-04-13T13:08:30.808-0400] {dag.py:3954} INFO - Setting next_dagrun for example_kubernetes_executor to None, run_after=None
[2025-04-13T13:08:30.813-0400] {processor.py:183} INFO - Processing /opt/anaconda3/lib/python3.12/site-packages/airflow/example_dags/example_kubernetes_executor.py took 0.233 seconds
[2025-04-13T13:16:03.567-0400] {processor.py:161} INFO - Started process (PID=37523) to work on /opt/anaconda3/lib/python3.12/site-packages/airflow/example_dags/example_kubernetes_executor.py
[2025-04-13T13:16:03.568-0400] {processor.py:830} INFO - Processing file /opt/anaconda3/lib/python3.12/site-packages/airflow/example_dags/example_kubernetes_executor.py for tasks to queue
[2025-04-13T13:16:03.568-0400] {logging_mixin.py:188} INFO - [2025-04-13T13:16:03.568-0400] {dagbag.py:540} INFO - Filling up the DagBag from /opt/anaconda3/lib/python3.12/site-packages/airflow/example_dags/example_kubernetes_executor.py
[2025-04-13T13:16:03.662-0400] {processor.py:840} INFO - DAG(s) 'example_kubernetes_executor' retrieved from /opt/anaconda3/lib/python3.12/site-packages/airflow/example_dags/example_kubernetes_executor.py
[2025-04-13T13:16:03.734-0400] {logging_mixin.py:188} WARNING - /opt/anaconda3/lib/python3.12/site-packages/airflow/serialization/serialized_objects.py:1673 DeprecationWarning: This module is deprecated. The `cncf.kubernetes` provider before version 7.4.0 uses this module - you should migrate to a newer version of `cncf.kubernetes` to get rid of this warning. If you import the module via `airflow.kubernetes` import, please use `cncf.kubernetes' provider 7.4.0+ and switch all your imports to use `apache.airflow.providers.cncf.kubernetes` to get rid of the warning.
[2025-04-13T13:16:03.739-0400] {logging_mixin.py:188} INFO - [2025-04-13T13:16:03.739-0400] {dag.py:3096} INFO - Sync 1 DAGs
[2025-04-13T13:16:03.742-0400] {logging_mixin.py:188} INFO - [2025-04-13T13:16:03.742-0400] {dag.py:3954} INFO - Setting next_dagrun for example_kubernetes_executor to None, run_after=None
[2025-04-13T13:16:03.749-0400] {processor.py:183} INFO - Processing /opt/anaconda3/lib/python3.12/site-packages/airflow/example_dags/example_kubernetes_executor.py took 0.183 seconds
[2025-04-13T13:19:43.729-0400] {processor.py:161} INFO - Started process (PID=39025) to work on /opt/anaconda3/lib/python3.12/site-packages/airflow/example_dags/example_kubernetes_executor.py
[2025-04-13T13:19:43.730-0400] {processor.py:830} INFO - Processing file /opt/anaconda3/lib/python3.12/site-packages/airflow/example_dags/example_kubernetes_executor.py for tasks to queue
[2025-04-13T13:19:43.730-0400] {logging_mixin.py:188} INFO - [2025-04-13T13:19:43.730-0400] {dagbag.py:540} INFO - Filling up the DagBag from /opt/anaconda3/lib/python3.12/site-packages/airflow/example_dags/example_kubernetes_executor.py
[2025-04-13T13:19:43.829-0400] {processor.py:840} INFO - DAG(s) 'example_kubernetes_executor' retrieved from /opt/anaconda3/lib/python3.12/site-packages/airflow/example_dags/example_kubernetes_executor.py
[2025-04-13T13:19:43.916-0400] {logging_mixin.py:188} WARNING - /opt/anaconda3/lib/python3.12/site-packages/airflow/serialization/serialized_objects.py:1673 DeprecationWarning: This module is deprecated. The `cncf.kubernetes` provider before version 7.4.0 uses this module - you should migrate to a newer version of `cncf.kubernetes` to get rid of this warning. If you import the module via `airflow.kubernetes` import, please use `cncf.kubernetes' provider 7.4.0+ and switch all your imports to use `apache.airflow.providers.cncf.kubernetes` to get rid of the warning.
[2025-04-13T13:19:43.950-0400] {logging_mixin.py:188} INFO - [2025-04-13T13:19:43.950-0400] {dag.py:3096} INFO - Sync 1 DAGs
[2025-04-13T13:19:43.953-0400] {logging_mixin.py:188} INFO - [2025-04-13T13:19:43.953-0400] {dag.py:3954} INFO - Setting next_dagrun for example_kubernetes_executor to None, run_after=None
[2025-04-13T13:19:43.960-0400] {processor.py:183} INFO - Processing /opt/anaconda3/lib/python3.12/site-packages/airflow/example_dags/example_kubernetes_executor.py took 0.232 seconds
[2025-04-13T13:24:13.506-0400] {processor.py:161} INFO - Started process (PID=40914) to work on /opt/anaconda3/lib/python3.12/site-packages/airflow/example_dags/example_kubernetes_executor.py
[2025-04-13T13:24:13.507-0400] {processor.py:830} INFO - Processing file /opt/anaconda3/lib/python3.12/site-packages/airflow/example_dags/example_kubernetes_executor.py for tasks to queue
[2025-04-13T13:24:13.507-0400] {logging_mixin.py:188} INFO - [2025-04-13T13:24:13.507-0400] {dagbag.py:540} INFO - Filling up the DagBag from /opt/anaconda3/lib/python3.12/site-packages/airflow/example_dags/example_kubernetes_executor.py
[2025-04-13T13:24:13.599-0400] {processor.py:840} INFO - DAG(s) 'example_kubernetes_executor' retrieved from /opt/anaconda3/lib/python3.12/site-packages/airflow/example_dags/example_kubernetes_executor.py
[2025-04-13T13:24:13.679-0400] {logging_mixin.py:188} WARNING - /opt/anaconda3/lib/python3.12/site-packages/airflow/serialization/serialized_objects.py:1673 DeprecationWarning: This module is deprecated. The `cncf.kubernetes` provider before version 7.4.0 uses this module - you should migrate to a newer version of `cncf.kubernetes` to get rid of this warning. If you import the module via `airflow.kubernetes` import, please use `cncf.kubernetes' provider 7.4.0+ and switch all your imports to use `apache.airflow.providers.cncf.kubernetes` to get rid of the warning.
[2025-04-13T13:24:13.714-0400] {logging_mixin.py:188} INFO - [2025-04-13T13:24:13.714-0400] {dag.py:3096} INFO - Sync 1 DAGs
[2025-04-13T13:24:13.717-0400] {logging_mixin.py:188} INFO - [2025-04-13T13:24:13.717-0400] {dag.py:3954} INFO - Setting next_dagrun for example_kubernetes_executor to None, run_after=None
[2025-04-13T13:24:13.724-0400] {processor.py:183} INFO - Processing /opt/anaconda3/lib/python3.12/site-packages/airflow/example_dags/example_kubernetes_executor.py took 0.220 seconds
[2025-04-13T13:25:48.701-0400] {processor.py:161} INFO - Started process (PID=41560) to work on /opt/anaconda3/lib/python3.12/site-packages/airflow/example_dags/example_kubernetes_executor.py
[2025-04-13T13:25:48.702-0400] {processor.py:830} INFO - Processing file /opt/anaconda3/lib/python3.12/site-packages/airflow/example_dags/example_kubernetes_executor.py for tasks to queue
[2025-04-13T13:25:48.702-0400] {logging_mixin.py:188} INFO - [2025-04-13T13:25:48.702-0400] {dagbag.py:540} INFO - Filling up the DagBag from /opt/anaconda3/lib/python3.12/site-packages/airflow/example_dags/example_kubernetes_executor.py
[2025-04-13T13:25:48.795-0400] {processor.py:840} INFO - DAG(s) 'example_kubernetes_executor' retrieved from /opt/anaconda3/lib/python3.12/site-packages/airflow/example_dags/example_kubernetes_executor.py
[2025-04-13T13:25:48.875-0400] {logging_mixin.py:188} WARNING - /opt/anaconda3/lib/python3.12/site-packages/airflow/serialization/serialized_objects.py:1673 DeprecationWarning: This module is deprecated. The `cncf.kubernetes` provider before version 7.4.0 uses this module - you should migrate to a newer version of `cncf.kubernetes` to get rid of this warning. If you import the module via `airflow.kubernetes` import, please use `cncf.kubernetes' provider 7.4.0+ and switch all your imports to use `apache.airflow.providers.cncf.kubernetes` to get rid of the warning.
[2025-04-13T13:25:48.882-0400] {logging_mixin.py:188} INFO - [2025-04-13T13:25:48.881-0400] {dag.py:3096} INFO - Sync 1 DAGs
[2025-04-13T13:25:48.885-0400] {logging_mixin.py:188} INFO - [2025-04-13T13:25:48.885-0400] {dag.py:3954} INFO - Setting next_dagrun for example_kubernetes_executor to None, run_after=None
[2025-04-13T13:25:48.893-0400] {processor.py:183} INFO - Processing /opt/anaconda3/lib/python3.12/site-packages/airflow/example_dags/example_kubernetes_executor.py took 0.192 seconds
[2025-04-13T13:27:55.440-0400] {processor.py:161} INFO - Started process (PID=42405) to work on /opt/anaconda3/lib/python3.12/site-packages/airflow/example_dags/example_kubernetes_executor.py
[2025-04-13T13:27:55.441-0400] {processor.py:830} INFO - Processing file /opt/anaconda3/lib/python3.12/site-packages/airflow/example_dags/example_kubernetes_executor.py for tasks to queue
[2025-04-13T13:27:55.441-0400] {logging_mixin.py:188} INFO - [2025-04-13T13:27:55.441-0400] {dagbag.py:540} INFO - Filling up the DagBag from /opt/anaconda3/lib/python3.12/site-packages/airflow/example_dags/example_kubernetes_executor.py
[2025-04-13T13:27:55.529-0400] {processor.py:840} INFO - DAG(s) 'example_kubernetes_executor' retrieved from /opt/anaconda3/lib/python3.12/site-packages/airflow/example_dags/example_kubernetes_executor.py
[2025-04-13T13:27:55.600-0400] {logging_mixin.py:188} WARNING - /opt/anaconda3/lib/python3.12/site-packages/airflow/serialization/serialized_objects.py:1673 DeprecationWarning: This module is deprecated. The `cncf.kubernetes` provider before version 7.4.0 uses this module - you should migrate to a newer version of `cncf.kubernetes` to get rid of this warning. If you import the module via `airflow.kubernetes` import, please use `cncf.kubernetes' provider 7.4.0+ and switch all your imports to use `apache.airflow.providers.cncf.kubernetes` to get rid of the warning.
[2025-04-13T13:27:55.605-0400] {logging_mixin.py:188} INFO - [2025-04-13T13:27:55.605-0400] {dag.py:3096} INFO - Sync 1 DAGs
[2025-04-13T13:27:55.608-0400] {logging_mixin.py:188} INFO - [2025-04-13T13:27:55.608-0400] {dag.py:3954} INFO - Setting next_dagrun for example_kubernetes_executor to None, run_after=None
[2025-04-13T13:27:55.614-0400] {processor.py:183} INFO - Processing /opt/anaconda3/lib/python3.12/site-packages/airflow/example_dags/example_kubernetes_executor.py took 0.175 seconds
[2025-04-13T13:32:27.884-0400] {processor.py:161} INFO - Started process (PID=44184) to work on /opt/anaconda3/lib/python3.12/site-packages/airflow/example_dags/example_kubernetes_executor.py
[2025-04-13T13:32:27.885-0400] {processor.py:830} INFO - Processing file /opt/anaconda3/lib/python3.12/site-packages/airflow/example_dags/example_kubernetes_executor.py for tasks to queue
[2025-04-13T13:32:27.885-0400] {logging_mixin.py:188} INFO - [2025-04-13T13:32:27.885-0400] {dagbag.py:540} INFO - Filling up the DagBag from /opt/anaconda3/lib/python3.12/site-packages/airflow/example_dags/example_kubernetes_executor.py
[2025-04-13T13:32:27.975-0400] {processor.py:840} INFO - DAG(s) 'example_kubernetes_executor' retrieved from /opt/anaconda3/lib/python3.12/site-packages/airflow/example_dags/example_kubernetes_executor.py
[2025-04-13T13:32:28.048-0400] {logging_mixin.py:188} WARNING - /opt/anaconda3/lib/python3.12/site-packages/airflow/serialization/serialized_objects.py:1673 DeprecationWarning: This module is deprecated. The `cncf.kubernetes` provider before version 7.4.0 uses this module - you should migrate to a newer version of `cncf.kubernetes` to get rid of this warning. If you import the module via `airflow.kubernetes` import, please use `cncf.kubernetes' provider 7.4.0+ and switch all your imports to use `apache.airflow.providers.cncf.kubernetes` to get rid of the warning.
[2025-04-13T13:32:28.054-0400] {logging_mixin.py:188} INFO - [2025-04-13T13:32:28.054-0400] {dag.py:3096} INFO - Sync 1 DAGs
[2025-04-13T13:32:28.057-0400] {logging_mixin.py:188} INFO - [2025-04-13T13:32:28.057-0400] {dag.py:3954} INFO - Setting next_dagrun for example_kubernetes_executor to None, run_after=None
[2025-04-13T13:32:28.062-0400] {processor.py:183} INFO - Processing /opt/anaconda3/lib/python3.12/site-packages/airflow/example_dags/example_kubernetes_executor.py took 0.180 seconds
[2025-04-13T13:35:40.046-0400] {processor.py:161} INFO - Started process (PID=44900) to work on /opt/anaconda3/lib/python3.12/site-packages/airflow/example_dags/example_kubernetes_executor.py
[2025-04-13T13:35:40.046-0400] {processor.py:830} INFO - Processing file /opt/anaconda3/lib/python3.12/site-packages/airflow/example_dags/example_kubernetes_executor.py for tasks to queue
[2025-04-13T13:35:40.046-0400] {logging_mixin.py:188} INFO - [2025-04-13T13:35:40.046-0400] {dagbag.py:540} INFO - Filling up the DagBag from /opt/anaconda3/lib/python3.12/site-packages/airflow/example_dags/example_kubernetes_executor.py
[2025-04-13T13:35:40.216-0400] {processor.py:840} INFO - DAG(s) 'example_kubernetes_executor' retrieved from /opt/anaconda3/lib/python3.12/site-packages/airflow/example_dags/example_kubernetes_executor.py
[2025-04-13T13:35:40.295-0400] {logging_mixin.py:188} WARNING - /opt/anaconda3/lib/python3.12/site-packages/airflow/serialization/serialized_objects.py:1673 DeprecationWarning: This module is deprecated. The `cncf.kubernetes` provider before version 7.4.0 uses this module - you should migrate to a newer version of `cncf.kubernetes` to get rid of this warning. If you import the module via `airflow.kubernetes` import, please use `cncf.kubernetes' provider 7.4.0+ and switch all your imports to use `apache.airflow.providers.cncf.kubernetes` to get rid of the warning.
[2025-04-13T13:35:40.301-0400] {logging_mixin.py:188} INFO - [2025-04-13T13:35:40.301-0400] {dag.py:3096} INFO - Sync 1 DAGs
[2025-04-13T13:35:40.304-0400] {logging_mixin.py:188} INFO - [2025-04-13T13:35:40.304-0400] {dag.py:3954} INFO - Setting next_dagrun for example_kubernetes_executor to None, run_after=None
[2025-04-13T13:35:40.309-0400] {processor.py:183} INFO - Processing /opt/anaconda3/lib/python3.12/site-packages/airflow/example_dags/example_kubernetes_executor.py took 0.265 seconds
[2025-04-13T13:38:14.425-0400] {processor.py:161} INFO - Started process (PID=45941) to work on /opt/anaconda3/lib/python3.12/site-packages/airflow/example_dags/example_kubernetes_executor.py
[2025-04-13T13:38:14.426-0400] {processor.py:830} INFO - Processing file /opt/anaconda3/lib/python3.12/site-packages/airflow/example_dags/example_kubernetes_executor.py for tasks to queue
[2025-04-13T13:38:14.426-0400] {logging_mixin.py:188} INFO - [2025-04-13T13:38:14.426-0400] {dagbag.py:540} INFO - Filling up the DagBag from /opt/anaconda3/lib/python3.12/site-packages/airflow/example_dags/example_kubernetes_executor.py
[2025-04-13T13:38:14.593-0400] {processor.py:840} INFO - DAG(s) 'example_kubernetes_executor' retrieved from /opt/anaconda3/lib/python3.12/site-packages/airflow/example_dags/example_kubernetes_executor.py
[2025-04-13T13:38:14.684-0400] {logging_mixin.py:188} WARNING - /opt/anaconda3/lib/python3.12/site-packages/airflow/serialization/serialized_objects.py:1673 DeprecationWarning: This module is deprecated. The `cncf.kubernetes` provider before version 7.4.0 uses this module - you should migrate to a newer version of `cncf.kubernetes` to get rid of this warning. If you import the module via `airflow.kubernetes` import, please use `cncf.kubernetes' provider 7.4.0+ and switch all your imports to use `apache.airflow.providers.cncf.kubernetes` to get rid of the warning.
[2025-04-13T13:38:14.690-0400] {logging_mixin.py:188} INFO - [2025-04-13T13:38:14.690-0400] {dag.py:3096} INFO - Sync 1 DAGs
[2025-04-13T13:38:14.693-0400] {logging_mixin.py:188} INFO - [2025-04-13T13:38:14.693-0400] {dag.py:3954} INFO - Setting next_dagrun for example_kubernetes_executor to None, run_after=None
[2025-04-13T13:38:14.699-0400] {processor.py:183} INFO - Processing /opt/anaconda3/lib/python3.12/site-packages/airflow/example_dags/example_kubernetes_executor.py took 0.275 seconds
[2025-04-13T13:40:27.398-0400] {processor.py:161} INFO - Started process (PID=46854) to work on /opt/anaconda3/lib/python3.12/site-packages/airflow/example_dags/example_kubernetes_executor.py
[2025-04-13T13:40:27.399-0400] {processor.py:830} INFO - Processing file /opt/anaconda3/lib/python3.12/site-packages/airflow/example_dags/example_kubernetes_executor.py for tasks to queue
[2025-04-13T13:40:27.399-0400] {logging_mixin.py:188} INFO - [2025-04-13T13:40:27.399-0400] {dagbag.py:540} INFO - Filling up the DagBag from /opt/anaconda3/lib/python3.12/site-packages/airflow/example_dags/example_kubernetes_executor.py
[2025-04-13T13:40:27.489-0400] {processor.py:840} INFO - DAG(s) 'example_kubernetes_executor' retrieved from /opt/anaconda3/lib/python3.12/site-packages/airflow/example_dags/example_kubernetes_executor.py
[2025-04-13T13:40:27.561-0400] {logging_mixin.py:188} WARNING - /opt/anaconda3/lib/python3.12/site-packages/airflow/serialization/serialized_objects.py:1673 DeprecationWarning: This module is deprecated. The `cncf.kubernetes` provider before version 7.4.0 uses this module - you should migrate to a newer version of `cncf.kubernetes` to get rid of this warning. If you import the module via `airflow.kubernetes` import, please use `cncf.kubernetes' provider 7.4.0+ and switch all your imports to use `apache.airflow.providers.cncf.kubernetes` to get rid of the warning.
[2025-04-13T13:40:27.566-0400] {logging_mixin.py:188} INFO - [2025-04-13T13:40:27.566-0400] {dag.py:3096} INFO - Sync 1 DAGs
[2025-04-13T13:40:27.569-0400] {logging_mixin.py:188} INFO - [2025-04-13T13:40:27.569-0400] {dag.py:3954} INFO - Setting next_dagrun for example_kubernetes_executor to None, run_after=None
[2025-04-13T13:40:27.575-0400] {processor.py:183} INFO - Processing /opt/anaconda3/lib/python3.12/site-packages/airflow/example_dags/example_kubernetes_executor.py took 0.179 seconds
[2025-04-13T13:42:38.802-0400] {processor.py:161} INFO - Started process (PID=47736) to work on /opt/anaconda3/lib/python3.12/site-packages/airflow/example_dags/example_kubernetes_executor.py
[2025-04-13T13:42:38.803-0400] {processor.py:830} INFO - Processing file /opt/anaconda3/lib/python3.12/site-packages/airflow/example_dags/example_kubernetes_executor.py for tasks to queue
[2025-04-13T13:42:38.803-0400] {logging_mixin.py:188} INFO - [2025-04-13T13:42:38.803-0400] {dagbag.py:540} INFO - Filling up the DagBag from /opt/anaconda3/lib/python3.12/site-packages/airflow/example_dags/example_kubernetes_executor.py
[2025-04-13T13:42:38.896-0400] {processor.py:840} INFO - DAG(s) 'example_kubernetes_executor' retrieved from /opt/anaconda3/lib/python3.12/site-packages/airflow/example_dags/example_kubernetes_executor.py
[2025-04-13T13:42:38.967-0400] {logging_mixin.py:188} WARNING - /opt/anaconda3/lib/python3.12/site-packages/airflow/serialization/serialized_objects.py:1673 DeprecationWarning: This module is deprecated. The `cncf.kubernetes` provider before version 7.4.0 uses this module - you should migrate to a newer version of `cncf.kubernetes` to get rid of this warning. If you import the module via `airflow.kubernetes` import, please use `cncf.kubernetes' provider 7.4.0+ and switch all your imports to use `apache.airflow.providers.cncf.kubernetes` to get rid of the warning.
[2025-04-13T13:42:38.973-0400] {logging_mixin.py:188} INFO - [2025-04-13T13:42:38.972-0400] {dag.py:3096} INFO - Sync 1 DAGs
[2025-04-13T13:42:38.975-0400] {logging_mixin.py:188} INFO - [2025-04-13T13:42:38.975-0400] {dag.py:3954} INFO - Setting next_dagrun for example_kubernetes_executor to None, run_after=None
[2025-04-13T13:42:38.981-0400] {processor.py:183} INFO - Processing /opt/anaconda3/lib/python3.12/site-packages/airflow/example_dags/example_kubernetes_executor.py took 0.180 seconds
[2025-04-13T13:44:51.361-0400] {processor.py:161} INFO - Started process (PID=48637) to work on /opt/anaconda3/lib/python3.12/site-packages/airflow/example_dags/example_kubernetes_executor.py
[2025-04-13T13:44:51.362-0400] {processor.py:830} INFO - Processing file /opt/anaconda3/lib/python3.12/site-packages/airflow/example_dags/example_kubernetes_executor.py for tasks to queue
[2025-04-13T13:44:51.362-0400] {logging_mixin.py:188} INFO - [2025-04-13T13:44:51.362-0400] {dagbag.py:540} INFO - Filling up the DagBag from /opt/anaconda3/lib/python3.12/site-packages/airflow/example_dags/example_kubernetes_executor.py
[2025-04-13T13:44:51.454-0400] {processor.py:840} INFO - DAG(s) 'example_kubernetes_executor' retrieved from /opt/anaconda3/lib/python3.12/site-packages/airflow/example_dags/example_kubernetes_executor.py
[2025-04-13T13:44:51.525-0400] {logging_mixin.py:188} WARNING - /opt/anaconda3/lib/python3.12/site-packages/airflow/serialization/serialized_objects.py:1673 DeprecationWarning: This module is deprecated. The `cncf.kubernetes` provider before version 7.4.0 uses this module - you should migrate to a newer version of `cncf.kubernetes` to get rid of this warning. If you import the module via `airflow.kubernetes` import, please use `cncf.kubernetes' provider 7.4.0+ and switch all your imports to use `apache.airflow.providers.cncf.kubernetes` to get rid of the warning.
[2025-04-13T13:44:51.530-0400] {logging_mixin.py:188} INFO - [2025-04-13T13:44:51.530-0400] {dag.py:3096} INFO - Sync 1 DAGs
[2025-04-13T13:44:51.533-0400] {logging_mixin.py:188} INFO - [2025-04-13T13:44:51.533-0400] {dag.py:3954} INFO - Setting next_dagrun for example_kubernetes_executor to None, run_after=None
[2025-04-13T13:44:51.539-0400] {processor.py:183} INFO - Processing /opt/anaconda3/lib/python3.12/site-packages/airflow/example_dags/example_kubernetes_executor.py took 0.178 seconds
[2025-04-13T13:47:13.404-0400] {processor.py:161} INFO - Started process (PID=49578) to work on /opt/anaconda3/lib/python3.12/site-packages/airflow/example_dags/example_kubernetes_executor.py
[2025-04-13T13:47:13.404-0400] {processor.py:830} INFO - Processing file /opt/anaconda3/lib/python3.12/site-packages/airflow/example_dags/example_kubernetes_executor.py for tasks to queue
[2025-04-13T13:47:13.404-0400] {logging_mixin.py:188} INFO - [2025-04-13T13:47:13.404-0400] {dagbag.py:540} INFO - Filling up the DagBag from /opt/anaconda3/lib/python3.12/site-packages/airflow/example_dags/example_kubernetes_executor.py
[2025-04-13T13:47:13.568-0400] {processor.py:840} INFO - DAG(s) 'example_kubernetes_executor' retrieved from /opt/anaconda3/lib/python3.12/site-packages/airflow/example_dags/example_kubernetes_executor.py
[2025-04-13T13:47:13.644-0400] {logging_mixin.py:188} WARNING - /opt/anaconda3/lib/python3.12/site-packages/airflow/serialization/serialized_objects.py:1673 DeprecationWarning: This module is deprecated. The `cncf.kubernetes` provider before version 7.4.0 uses this module - you should migrate to a newer version of `cncf.kubernetes` to get rid of this warning. If you import the module via `airflow.kubernetes` import, please use `cncf.kubernetes' provider 7.4.0+ and switch all your imports to use `apache.airflow.providers.cncf.kubernetes` to get rid of the warning.
[2025-04-13T13:47:13.650-0400] {logging_mixin.py:188} INFO - [2025-04-13T13:47:13.649-0400] {dag.py:3096} INFO - Sync 1 DAGs
[2025-04-13T13:47:13.652-0400] {logging_mixin.py:188} INFO - [2025-04-13T13:47:13.652-0400] {dag.py:3954} INFO - Setting next_dagrun for example_kubernetes_executor to None, run_after=None
[2025-04-13T13:47:13.658-0400] {processor.py:183} INFO - Processing /opt/anaconda3/lib/python3.12/site-packages/airflow/example_dags/example_kubernetes_executor.py took 0.255 seconds
[2025-04-13T13:49:33.647-0400] {processor.py:161} INFO - Started process (PID=50493) to work on /opt/anaconda3/lib/python3.12/site-packages/airflow/example_dags/example_kubernetes_executor.py
[2025-04-13T13:49:33.648-0400] {processor.py:830} INFO - Processing file /opt/anaconda3/lib/python3.12/site-packages/airflow/example_dags/example_kubernetes_executor.py for tasks to queue
[2025-04-13T13:49:33.648-0400] {logging_mixin.py:188} INFO - [2025-04-13T13:49:33.648-0400] {dagbag.py:540} INFO - Filling up the DagBag from /opt/anaconda3/lib/python3.12/site-packages/airflow/example_dags/example_kubernetes_executor.py
[2025-04-13T13:49:33.745-0400] {processor.py:840} INFO - DAG(s) 'example_kubernetes_executor' retrieved from /opt/anaconda3/lib/python3.12/site-packages/airflow/example_dags/example_kubernetes_executor.py
[2025-04-13T13:49:33.820-0400] {logging_mixin.py:188} WARNING - /opt/anaconda3/lib/python3.12/site-packages/airflow/serialization/serialized_objects.py:1673 DeprecationWarning: This module is deprecated. The `cncf.kubernetes` provider before version 7.4.0 uses this module - you should migrate to a newer version of `cncf.kubernetes` to get rid of this warning. If you import the module via `airflow.kubernetes` import, please use `cncf.kubernetes' provider 7.4.0+ and switch all your imports to use `apache.airflow.providers.cncf.kubernetes` to get rid of the warning.
[2025-04-13T13:49:33.826-0400] {logging_mixin.py:188} INFO - [2025-04-13T13:49:33.826-0400] {dag.py:3096} INFO - Sync 1 DAGs
[2025-04-13T13:49:33.829-0400] {logging_mixin.py:188} INFO - [2025-04-13T13:49:33.829-0400] {dag.py:3954} INFO - Setting next_dagrun for example_kubernetes_executor to None, run_after=None
[2025-04-13T13:49:33.835-0400] {processor.py:183} INFO - Processing /opt/anaconda3/lib/python3.12/site-packages/airflow/example_dags/example_kubernetes_executor.py took 0.188 seconds
[2025-04-13T13:51:51.248-0400] {processor.py:161} INFO - Started process (PID=51431) to work on /opt/anaconda3/lib/python3.12/site-packages/airflow/example_dags/example_kubernetes_executor.py
[2025-04-13T13:51:51.248-0400] {processor.py:830} INFO - Processing file /opt/anaconda3/lib/python3.12/site-packages/airflow/example_dags/example_kubernetes_executor.py for tasks to queue
[2025-04-13T13:51:51.248-0400] {logging_mixin.py:188} INFO - [2025-04-13T13:51:51.248-0400] {dagbag.py:540} INFO - Filling up the DagBag from /opt/anaconda3/lib/python3.12/site-packages/airflow/example_dags/example_kubernetes_executor.py
[2025-04-13T13:51:51.336-0400] {processor.py:840} INFO - DAG(s) 'example_kubernetes_executor' retrieved from /opt/anaconda3/lib/python3.12/site-packages/airflow/example_dags/example_kubernetes_executor.py
[2025-04-13T13:51:51.409-0400] {logging_mixin.py:188} WARNING - /opt/anaconda3/lib/python3.12/site-packages/airflow/serialization/serialized_objects.py:1673 DeprecationWarning: This module is deprecated. The `cncf.kubernetes` provider before version 7.4.0 uses this module - you should migrate to a newer version of `cncf.kubernetes` to get rid of this warning. If you import the module via `airflow.kubernetes` import, please use `cncf.kubernetes' provider 7.4.0+ and switch all your imports to use `apache.airflow.providers.cncf.kubernetes` to get rid of the warning.
[2025-04-13T13:51:51.415-0400] {logging_mixin.py:188} INFO - [2025-04-13T13:51:51.415-0400] {dag.py:3096} INFO - Sync 1 DAGs
[2025-04-13T13:51:51.418-0400] {logging_mixin.py:188} INFO - [2025-04-13T13:51:51.418-0400] {dag.py:3954} INFO - Setting next_dagrun for example_kubernetes_executor to None, run_after=None
[2025-04-13T13:51:51.424-0400] {processor.py:183} INFO - Processing /opt/anaconda3/lib/python3.12/site-packages/airflow/example_dags/example_kubernetes_executor.py took 0.177 seconds
[2025-04-13T13:54:12.208-0400] {processor.py:161} INFO - Started process (PID=52377) to work on /opt/anaconda3/lib/python3.12/site-packages/airflow/example_dags/example_kubernetes_executor.py
[2025-04-13T13:54:12.209-0400] {processor.py:830} INFO - Processing file /opt/anaconda3/lib/python3.12/site-packages/airflow/example_dags/example_kubernetes_executor.py for tasks to queue
[2025-04-13T13:54:12.209-0400] {logging_mixin.py:188} INFO - [2025-04-13T13:54:12.209-0400] {dagbag.py:540} INFO - Filling up the DagBag from /opt/anaconda3/lib/python3.12/site-packages/airflow/example_dags/example_kubernetes_executor.py
[2025-04-13T13:54:12.301-0400] {processor.py:840} INFO - DAG(s) 'example_kubernetes_executor' retrieved from /opt/anaconda3/lib/python3.12/site-packages/airflow/example_dags/example_kubernetes_executor.py
[2025-04-13T13:54:12.373-0400] {logging_mixin.py:188} WARNING - /opt/anaconda3/lib/python3.12/site-packages/airflow/serialization/serialized_objects.py:1673 DeprecationWarning: This module is deprecated. The `cncf.kubernetes` provider before version 7.4.0 uses this module - you should migrate to a newer version of `cncf.kubernetes` to get rid of this warning. If you import the module via `airflow.kubernetes` import, please use `cncf.kubernetes' provider 7.4.0+ and switch all your imports to use `apache.airflow.providers.cncf.kubernetes` to get rid of the warning.
[2025-04-13T13:54:12.379-0400] {logging_mixin.py:188} INFO - [2025-04-13T13:54:12.379-0400] {dag.py:3096} INFO - Sync 1 DAGs
[2025-04-13T13:54:12.382-0400] {logging_mixin.py:188} INFO - [2025-04-13T13:54:12.382-0400] {dag.py:3954} INFO - Setting next_dagrun for example_kubernetes_executor to None, run_after=None
[2025-04-13T13:54:12.388-0400] {processor.py:183} INFO - Processing /opt/anaconda3/lib/python3.12/site-packages/airflow/example_dags/example_kubernetes_executor.py took 0.181 seconds
[2025-04-13T13:56:27.537-0400] {processor.py:161} INFO - Started process (PID=53284) to work on /opt/anaconda3/lib/python3.12/site-packages/airflow/example_dags/example_kubernetes_executor.py
[2025-04-13T13:56:27.538-0400] {processor.py:830} INFO - Processing file /opt/anaconda3/lib/python3.12/site-packages/airflow/example_dags/example_kubernetes_executor.py for tasks to queue
[2025-04-13T13:56:27.538-0400] {logging_mixin.py:188} INFO - [2025-04-13T13:56:27.538-0400] {dagbag.py:540} INFO - Filling up the DagBag from /opt/anaconda3/lib/python3.12/site-packages/airflow/example_dags/example_kubernetes_executor.py
[2025-04-13T13:56:27.629-0400] {processor.py:840} INFO - DAG(s) 'example_kubernetes_executor' retrieved from /opt/anaconda3/lib/python3.12/site-packages/airflow/example_dags/example_kubernetes_executor.py
[2025-04-13T13:56:27.708-0400] {logging_mixin.py:188} WARNING - /opt/anaconda3/lib/python3.12/site-packages/airflow/serialization/serialized_objects.py:1673 DeprecationWarning: This module is deprecated. The `cncf.kubernetes` provider before version 7.4.0 uses this module - you should migrate to a newer version of `cncf.kubernetes` to get rid of this warning. If you import the module via `airflow.kubernetes` import, please use `cncf.kubernetes' provider 7.4.0+ and switch all your imports to use `apache.airflow.providers.cncf.kubernetes` to get rid of the warning.
[2025-04-13T13:56:27.714-0400] {logging_mixin.py:188} INFO - [2025-04-13T13:56:27.714-0400] {dag.py:3096} INFO - Sync 1 DAGs
[2025-04-13T13:56:27.717-0400] {logging_mixin.py:188} INFO - [2025-04-13T13:56:27.717-0400] {dag.py:3954} INFO - Setting next_dagrun for example_kubernetes_executor to None, run_after=None
[2025-04-13T13:56:27.723-0400] {processor.py:183} INFO - Processing /opt/anaconda3/lib/python3.12/site-packages/airflow/example_dags/example_kubernetes_executor.py took 0.187 seconds
[2025-04-13T13:58:42.721-0400] {processor.py:161} INFO - Started process (PID=54207) to work on /opt/anaconda3/lib/python3.12/site-packages/airflow/example_dags/example_kubernetes_executor.py
[2025-04-13T13:58:42.722-0400] {processor.py:830} INFO - Processing file /opt/anaconda3/lib/python3.12/site-packages/airflow/example_dags/example_kubernetes_executor.py for tasks to queue
[2025-04-13T13:58:42.722-0400] {logging_mixin.py:188} INFO - [2025-04-13T13:58:42.722-0400] {dagbag.py:540} INFO - Filling up the DagBag from /opt/anaconda3/lib/python3.12/site-packages/airflow/example_dags/example_kubernetes_executor.py
[2025-04-13T13:58:42.812-0400] {processor.py:840} INFO - DAG(s) 'example_kubernetes_executor' retrieved from /opt/anaconda3/lib/python3.12/site-packages/airflow/example_dags/example_kubernetes_executor.py
[2025-04-13T13:58:42.884-0400] {logging_mixin.py:188} WARNING - /opt/anaconda3/lib/python3.12/site-packages/airflow/serialization/serialized_objects.py:1673 DeprecationWarning: This module is deprecated. The `cncf.kubernetes` provider before version 7.4.0 uses this module - you should migrate to a newer version of `cncf.kubernetes` to get rid of this warning. If you import the module via `airflow.kubernetes` import, please use `cncf.kubernetes' provider 7.4.0+ and switch all your imports to use `apache.airflow.providers.cncf.kubernetes` to get rid of the warning.
[2025-04-13T13:58:42.890-0400] {logging_mixin.py:188} INFO - [2025-04-13T13:58:42.890-0400] {dag.py:3096} INFO - Sync 1 DAGs
[2025-04-13T13:58:42.893-0400] {logging_mixin.py:188} INFO - [2025-04-13T13:58:42.893-0400] {dag.py:3954} INFO - Setting next_dagrun for example_kubernetes_executor to None, run_after=None
[2025-04-13T13:58:42.899-0400] {processor.py:183} INFO - Processing /opt/anaconda3/lib/python3.12/site-packages/airflow/example_dags/example_kubernetes_executor.py took 0.179 seconds
[2025-04-13T14:00:58.475-0400] {processor.py:161} INFO - Started process (PID=55178) to work on /opt/anaconda3/lib/python3.12/site-packages/airflow/example_dags/example_kubernetes_executor.py
[2025-04-13T14:00:58.476-0400] {processor.py:830} INFO - Processing file /opt/anaconda3/lib/python3.12/site-packages/airflow/example_dags/example_kubernetes_executor.py for tasks to queue
[2025-04-13T14:00:58.476-0400] {logging_mixin.py:188} INFO - [2025-04-13T14:00:58.476-0400] {dagbag.py:540} INFO - Filling up the DagBag from /opt/anaconda3/lib/python3.12/site-packages/airflow/example_dags/example_kubernetes_executor.py
[2025-04-13T14:00:58.564-0400] {processor.py:840} INFO - DAG(s) 'example_kubernetes_executor' retrieved from /opt/anaconda3/lib/python3.12/site-packages/airflow/example_dags/example_kubernetes_executor.py
[2025-04-13T14:00:58.635-0400] {logging_mixin.py:188} WARNING - /opt/anaconda3/lib/python3.12/site-packages/airflow/serialization/serialized_objects.py:1673 DeprecationWarning: This module is deprecated. The `cncf.kubernetes` provider before version 7.4.0 uses this module - you should migrate to a newer version of `cncf.kubernetes` to get rid of this warning. If you import the module via `airflow.kubernetes` import, please use `cncf.kubernetes' provider 7.4.0+ and switch all your imports to use `apache.airflow.providers.cncf.kubernetes` to get rid of the warning.
[2025-04-13T14:00:58.640-0400] {logging_mixin.py:188} INFO - [2025-04-13T14:00:58.640-0400] {dag.py:3096} INFO - Sync 1 DAGs
[2025-04-13T14:00:58.643-0400] {logging_mixin.py:188} INFO - [2025-04-13T14:00:58.643-0400] {dag.py:3954} INFO - Setting next_dagrun for example_kubernetes_executor to None, run_after=None
[2025-04-13T14:00:58.649-0400] {processor.py:183} INFO - Processing /opt/anaconda3/lib/python3.12/site-packages/airflow/example_dags/example_kubernetes_executor.py took 0.175 seconds
