[2025-04-13T13:08:44.487-0400] {processor.py:161} INFO - Started process (PID=34771) to work on /opt/anaconda3/lib/python3.12/site-packages/airflow/example_dags/example_complex.py
[2025-04-13T13:08:44.487-0400] {processor.py:830} INFO - Processing file /opt/anaconda3/lib/python3.12/site-packages/airflow/example_dags/example_complex.py for tasks to queue
[2025-04-13T13:08:44.487-0400] {logging_mixin.py:188} INFO - [2025-04-13T13:08:44.487-0400] {dagbag.py:540} INFO - Filling up the DagBag from /opt/anaconda3/lib/python3.12/site-packages/airflow/example_dags/example_complex.py
[2025-04-13T13:08:44.493-0400] {processor.py:840} INFO - DAG(s) 'example_complex' retrieved from /opt/anaconda3/lib/python3.12/site-packages/airflow/example_dags/example_complex.py
[2025-04-13T13:08:44.562-0400] {logging_mixin.py:188} INFO - [2025-04-13T13:08:44.562-0400] {override.py:1930} INFO - Created Permission View: can edit on DAG:example_complex
[2025-04-13T13:08:44.565-0400] {logging_mixin.py:188} INFO - [2025-04-13T13:08:44.565-0400] {override.py:1930} INFO - Created Permission View: can delete on DAG:example_complex
[2025-04-13T13:08:44.567-0400] {logging_mixin.py:188} INFO - [2025-04-13T13:08:44.567-0400] {override.py:1930} INFO - Created Permission View: can read on DAG:example_complex
[2025-04-13T13:08:44.567-0400] {logging_mixin.py:188} INFO - [2025-04-13T13:08:44.567-0400] {dag.py:3096} INFO - Sync 1 DAGs
[2025-04-13T13:08:44.570-0400] {logging_mixin.py:188} INFO - [2025-04-13T13:08:44.570-0400] {dag.py:3118} INFO - Creating ORM DAG for example_complex
[2025-04-13T13:08:44.571-0400] {logging_mixin.py:188} INFO - [2025-04-13T13:08:44.571-0400] {dag.py:3954} INFO - Setting next_dagrun for example_complex to None, run_after=None
[2025-04-13T13:08:44.576-0400] {processor.py:183} INFO - Processing /opt/anaconda3/lib/python3.12/site-packages/airflow/example_dags/example_complex.py took 0.090 seconds
[2025-04-13T13:16:17.549-0400] {processor.py:161} INFO - Started process (PID=37621) to work on /opt/anaconda3/lib/python3.12/site-packages/airflow/example_dags/example_complex.py
[2025-04-13T13:16:17.550-0400] {processor.py:830} INFO - Processing file /opt/anaconda3/lib/python3.12/site-packages/airflow/example_dags/example_complex.py for tasks to queue
[2025-04-13T13:16:17.550-0400] {logging_mixin.py:188} INFO - [2025-04-13T13:16:17.550-0400] {dagbag.py:540} INFO - Filling up the DagBag from /opt/anaconda3/lib/python3.12/site-packages/airflow/example_dags/example_complex.py
[2025-04-13T13:16:17.554-0400] {processor.py:840} INFO - DAG(s) 'example_complex' retrieved from /opt/anaconda3/lib/python3.12/site-packages/airflow/example_dags/example_complex.py
[2025-04-13T13:16:17.594-0400] {logging_mixin.py:188} INFO - [2025-04-13T13:16:17.594-0400] {dag.py:3096} INFO - Sync 1 DAGs
[2025-04-13T13:16:17.597-0400] {logging_mixin.py:188} INFO - [2025-04-13T13:16:17.597-0400] {dag.py:3954} INFO - Setting next_dagrun for example_complex to None, run_after=None
[2025-04-13T13:16:17.604-0400] {processor.py:183} INFO - Processing /opt/anaconda3/lib/python3.12/site-packages/airflow/example_dags/example_complex.py took 0.056 seconds
[2025-04-13T13:19:57.769-0400] {processor.py:161} INFO - Started process (PID=39137) to work on /opt/anaconda3/lib/python3.12/site-packages/airflow/example_dags/example_complex.py
[2025-04-13T13:19:57.770-0400] {processor.py:830} INFO - Processing file /opt/anaconda3/lib/python3.12/site-packages/airflow/example_dags/example_complex.py for tasks to queue
[2025-04-13T13:19:57.770-0400] {logging_mixin.py:188} INFO - [2025-04-13T13:19:57.770-0400] {dagbag.py:540} INFO - Filling up the DagBag from /opt/anaconda3/lib/python3.12/site-packages/airflow/example_dags/example_complex.py
[2025-04-13T13:19:57.775-0400] {processor.py:840} INFO - DAG(s) 'example_complex' retrieved from /opt/anaconda3/lib/python3.12/site-packages/airflow/example_dags/example_complex.py
[2025-04-13T13:19:57.840-0400] {logging_mixin.py:188} INFO - [2025-04-13T13:19:57.840-0400] {dag.py:3096} INFO - Sync 1 DAGs
[2025-04-13T13:19:57.843-0400] {logging_mixin.py:188} INFO - [2025-04-13T13:19:57.843-0400] {dag.py:3954} INFO - Setting next_dagrun for example_complex to None, run_after=None
[2025-04-13T13:19:57.849-0400] {processor.py:183} INFO - Processing /opt/anaconda3/lib/python3.12/site-packages/airflow/example_dags/example_complex.py took 0.080 seconds
[2025-04-13T13:24:26.792-0400] {processor.py:161} INFO - Started process (PID=40999) to work on /opt/anaconda3/lib/python3.12/site-packages/airflow/example_dags/example_complex.py
[2025-04-13T13:24:26.793-0400] {processor.py:830} INFO - Processing file /opt/anaconda3/lib/python3.12/site-packages/airflow/example_dags/example_complex.py for tasks to queue
[2025-04-13T13:24:26.793-0400] {logging_mixin.py:188} INFO - [2025-04-13T13:24:26.793-0400] {dagbag.py:540} INFO - Filling up the DagBag from /opt/anaconda3/lib/python3.12/site-packages/airflow/example_dags/example_complex.py
[2025-04-13T13:24:26.797-0400] {processor.py:840} INFO - DAG(s) 'example_complex' retrieved from /opt/anaconda3/lib/python3.12/site-packages/airflow/example_dags/example_complex.py
[2025-04-13T13:24:26.866-0400] {logging_mixin.py:188} INFO - [2025-04-13T13:24:26.866-0400] {dag.py:3096} INFO - Sync 1 DAGs
[2025-04-13T13:24:26.869-0400] {logging_mixin.py:188} INFO - [2025-04-13T13:24:26.869-0400] {dag.py:3954} INFO - Setting next_dagrun for example_complex to None, run_after=None
[2025-04-13T13:24:26.875-0400] {processor.py:183} INFO - Processing /opt/anaconda3/lib/python3.12/site-packages/airflow/example_dags/example_complex.py took 0.084 seconds
[2025-04-13T13:26:37.712-0400] {processor.py:161} INFO - Started process (PID=41888) to work on /opt/anaconda3/lib/python3.12/site-packages/airflow/example_dags/example_complex.py
[2025-04-13T13:26:37.713-0400] {processor.py:830} INFO - Processing file /opt/anaconda3/lib/python3.12/site-packages/airflow/example_dags/example_complex.py for tasks to queue
[2025-04-13T13:26:37.713-0400] {logging_mixin.py:188} INFO - [2025-04-13T13:26:37.713-0400] {dagbag.py:540} INFO - Filling up the DagBag from /opt/anaconda3/lib/python3.12/site-packages/airflow/example_dags/example_complex.py
[2025-04-13T13:26:37.717-0400] {processor.py:840} INFO - DAG(s) 'example_complex' retrieved from /opt/anaconda3/lib/python3.12/site-packages/airflow/example_dags/example_complex.py
[2025-04-13T13:26:37.757-0400] {logging_mixin.py:188} INFO - [2025-04-13T13:26:37.757-0400] {dag.py:3096} INFO - Sync 1 DAGs
[2025-04-13T13:26:37.760-0400] {logging_mixin.py:188} INFO - [2025-04-13T13:26:37.760-0400] {dag.py:3954} INFO - Setting next_dagrun for example_complex to None, run_after=None
[2025-04-13T13:26:37.766-0400] {processor.py:183} INFO - Processing /opt/anaconda3/lib/python3.12/site-packages/airflow/example_dags/example_complex.py took 0.055 seconds
[2025-04-13T13:28:47.142-0400] {processor.py:161} INFO - Started process (PID=42739) to work on /opt/anaconda3/lib/python3.12/site-packages/airflow/example_dags/example_complex.py
[2025-04-13T13:28:47.143-0400] {processor.py:830} INFO - Processing file /opt/anaconda3/lib/python3.12/site-packages/airflow/example_dags/example_complex.py for tasks to queue
[2025-04-13T13:28:47.143-0400] {logging_mixin.py:188} INFO - [2025-04-13T13:28:47.143-0400] {dagbag.py:540} INFO - Filling up the DagBag from /opt/anaconda3/lib/python3.12/site-packages/airflow/example_dags/example_complex.py
[2025-04-13T13:28:47.147-0400] {processor.py:840} INFO - DAG(s) 'example_complex' retrieved from /opt/anaconda3/lib/python3.12/site-packages/airflow/example_dags/example_complex.py
[2025-04-13T13:28:47.186-0400] {logging_mixin.py:188} INFO - [2025-04-13T13:28:47.186-0400] {dag.py:3096} INFO - Sync 1 DAGs
[2025-04-13T13:28:47.189-0400] {logging_mixin.py:188} INFO - [2025-04-13T13:28:47.189-0400] {dag.py:3954} INFO - Setting next_dagrun for example_complex to None, run_after=None
[2025-04-13T13:28:47.195-0400] {processor.py:183} INFO - Processing /opt/anaconda3/lib/python3.12/site-packages/airflow/example_dags/example_complex.py took 0.054 seconds
[2025-04-13T13:32:42.296-0400] {processor.py:161} INFO - Started process (PID=44279) to work on /opt/anaconda3/lib/python3.12/site-packages/airflow/example_dags/example_complex.py
[2025-04-13T13:32:42.297-0400] {processor.py:830} INFO - Processing file /opt/anaconda3/lib/python3.12/site-packages/airflow/example_dags/example_complex.py for tasks to queue
[2025-04-13T13:32:42.298-0400] {logging_mixin.py:188} INFO - [2025-04-13T13:32:42.298-0400] {dagbag.py:540} INFO - Filling up the DagBag from /opt/anaconda3/lib/python3.12/site-packages/airflow/example_dags/example_complex.py
[2025-04-13T13:32:42.302-0400] {processor.py:840} INFO - DAG(s) 'example_complex' retrieved from /opt/anaconda3/lib/python3.12/site-packages/airflow/example_dags/example_complex.py
[2025-04-13T13:32:42.342-0400] {logging_mixin.py:188} INFO - [2025-04-13T13:32:42.342-0400] {dag.py:3096} INFO - Sync 1 DAGs
[2025-04-13T13:32:42.345-0400] {logging_mixin.py:188} INFO - [2025-04-13T13:32:42.345-0400] {dag.py:3954} INFO - Setting next_dagrun for example_complex to None, run_after=None
[2025-04-13T13:32:42.352-0400] {processor.py:183} INFO - Processing /opt/anaconda3/lib/python3.12/site-packages/airflow/example_dags/example_complex.py took 0.057 seconds
[2025-04-13T13:36:50.122-0400] {processor.py:161} INFO - Started process (PID=45378) to work on /opt/anaconda3/lib/python3.12/site-packages/airflow/example_dags/example_complex.py
[2025-04-13T13:36:50.122-0400] {processor.py:830} INFO - Processing file /opt/anaconda3/lib/python3.12/site-packages/airflow/example_dags/example_complex.py for tasks to queue
[2025-04-13T13:36:50.123-0400] {logging_mixin.py:188} INFO - [2025-04-13T13:36:50.122-0400] {dagbag.py:540} INFO - Filling up the DagBag from /opt/anaconda3/lib/python3.12/site-packages/airflow/example_dags/example_complex.py
[2025-04-13T13:36:50.127-0400] {processor.py:840} INFO - DAG(s) 'example_complex' retrieved from /opt/anaconda3/lib/python3.12/site-packages/airflow/example_dags/example_complex.py
[2025-04-13T13:36:50.167-0400] {logging_mixin.py:188} INFO - [2025-04-13T13:36:50.167-0400] {dag.py:3096} INFO - Sync 1 DAGs
[2025-04-13T13:36:50.170-0400] {logging_mixin.py:188} INFO - [2025-04-13T13:36:50.170-0400] {dag.py:3954} INFO - Setting next_dagrun for example_complex to None, run_after=None
[2025-04-13T13:36:50.177-0400] {processor.py:183} INFO - Processing /opt/anaconda3/lib/python3.12/site-packages/airflow/example_dags/example_complex.py took 0.056 seconds
[2025-04-13T13:39:07.092-0400] {processor.py:161} INFO - Started process (PID=46285) to work on /opt/anaconda3/lib/python3.12/site-packages/airflow/example_dags/example_complex.py
[2025-04-13T13:39:07.093-0400] {processor.py:830} INFO - Processing file /opt/anaconda3/lib/python3.12/site-packages/airflow/example_dags/example_complex.py for tasks to queue
[2025-04-13T13:39:07.093-0400] {logging_mixin.py:188} INFO - [2025-04-13T13:39:07.093-0400] {dagbag.py:540} INFO - Filling up the DagBag from /opt/anaconda3/lib/python3.12/site-packages/airflow/example_dags/example_complex.py
[2025-04-13T13:39:07.097-0400] {processor.py:840} INFO - DAG(s) 'example_complex' retrieved from /opt/anaconda3/lib/python3.12/site-packages/airflow/example_dags/example_complex.py
[2025-04-13T13:39:07.137-0400] {logging_mixin.py:188} INFO - [2025-04-13T13:39:07.137-0400] {dag.py:3096} INFO - Sync 1 DAGs
[2025-04-13T13:39:07.140-0400] {logging_mixin.py:188} INFO - [2025-04-13T13:39:07.140-0400] {dag.py:3954} INFO - Setting next_dagrun for example_complex to None, run_after=None
[2025-04-13T13:39:07.147-0400] {processor.py:183} INFO - Processing /opt/anaconda3/lib/python3.12/site-packages/airflow/example_dags/example_complex.py took 0.056 seconds
[2025-04-13T13:41:18.335-0400] {processor.py:161} INFO - Started process (PID=47191) to work on /opt/anaconda3/lib/python3.12/site-packages/airflow/example_dags/example_complex.py
[2025-04-13T13:41:18.336-0400] {processor.py:830} INFO - Processing file /opt/anaconda3/lib/python3.12/site-packages/airflow/example_dags/example_complex.py for tasks to queue
[2025-04-13T13:41:18.336-0400] {logging_mixin.py:188} INFO - [2025-04-13T13:41:18.336-0400] {dagbag.py:540} INFO - Filling up the DagBag from /opt/anaconda3/lib/python3.12/site-packages/airflow/example_dags/example_complex.py
[2025-04-13T13:41:18.341-0400] {processor.py:840} INFO - DAG(s) 'example_complex' retrieved from /opt/anaconda3/lib/python3.12/site-packages/airflow/example_dags/example_complex.py
[2025-04-13T13:41:18.380-0400] {logging_mixin.py:188} INFO - [2025-04-13T13:41:18.380-0400] {dag.py:3096} INFO - Sync 1 DAGs
[2025-04-13T13:41:18.383-0400] {logging_mixin.py:188} INFO - [2025-04-13T13:41:18.383-0400] {dag.py:3954} INFO - Setting next_dagrun for example_complex to None, run_after=None
[2025-04-13T13:41:18.389-0400] {processor.py:183} INFO - Processing /opt/anaconda3/lib/python3.12/site-packages/airflow/example_dags/example_complex.py took 0.054 seconds
[2025-04-13T13:43:31.289-0400] {processor.py:161} INFO - Started process (PID=48094) to work on /opt/anaconda3/lib/python3.12/site-packages/airflow/example_dags/example_complex.py
[2025-04-13T13:43:31.290-0400] {processor.py:830} INFO - Processing file /opt/anaconda3/lib/python3.12/site-packages/airflow/example_dags/example_complex.py for tasks to queue
[2025-04-13T13:43:31.290-0400] {logging_mixin.py:188} INFO - [2025-04-13T13:43:31.290-0400] {dagbag.py:540} INFO - Filling up the DagBag from /opt/anaconda3/lib/python3.12/site-packages/airflow/example_dags/example_complex.py
[2025-04-13T13:43:31.294-0400] {processor.py:840} INFO - DAG(s) 'example_complex' retrieved from /opt/anaconda3/lib/python3.12/site-packages/airflow/example_dags/example_complex.py
[2025-04-13T13:43:31.333-0400] {logging_mixin.py:188} INFO - [2025-04-13T13:43:31.333-0400] {dag.py:3096} INFO - Sync 1 DAGs
[2025-04-13T13:43:31.336-0400] {logging_mixin.py:188} INFO - [2025-04-13T13:43:31.336-0400] {dag.py:3954} INFO - Setting next_dagrun for example_complex to None, run_after=None
[2025-04-13T13:43:31.342-0400] {processor.py:183} INFO - Processing /opt/anaconda3/lib/python3.12/site-packages/airflow/example_dags/example_complex.py took 0.054 seconds
[2025-04-13T13:45:44.813-0400] {processor.py:161} INFO - Started process (PID=48983) to work on /opt/anaconda3/lib/python3.12/site-packages/airflow/example_dags/example_complex.py
[2025-04-13T13:45:44.813-0400] {processor.py:830} INFO - Processing file /opt/anaconda3/lib/python3.12/site-packages/airflow/example_dags/example_complex.py for tasks to queue
[2025-04-13T13:45:44.814-0400] {logging_mixin.py:188} INFO - [2025-04-13T13:45:44.814-0400] {dagbag.py:540} INFO - Filling up the DagBag from /opt/anaconda3/lib/python3.12/site-packages/airflow/example_dags/example_complex.py
[2025-04-13T13:45:44.818-0400] {processor.py:840} INFO - DAG(s) 'example_complex' retrieved from /opt/anaconda3/lib/python3.12/site-packages/airflow/example_dags/example_complex.py
[2025-04-13T13:45:44.858-0400] {logging_mixin.py:188} INFO - [2025-04-13T13:45:44.858-0400] {dag.py:3096} INFO - Sync 1 DAGs
[2025-04-13T13:45:44.861-0400] {logging_mixin.py:188} INFO - [2025-04-13T13:45:44.861-0400] {dag.py:3954} INFO - Setting next_dagrun for example_complex to None, run_after=None
[2025-04-13T13:45:44.867-0400] {processor.py:183} INFO - Processing /opt/anaconda3/lib/python3.12/site-packages/airflow/example_dags/example_complex.py took 0.055 seconds
[2025-04-13T13:48:10.210-0400] {processor.py:161} INFO - Started process (PID=49957) to work on /opt/anaconda3/lib/python3.12/site-packages/airflow/example_dags/example_complex.py
[2025-04-13T13:48:10.211-0400] {processor.py:830} INFO - Processing file /opt/anaconda3/lib/python3.12/site-packages/airflow/example_dags/example_complex.py for tasks to queue
[2025-04-13T13:48:10.211-0400] {logging_mixin.py:188} INFO - [2025-04-13T13:48:10.211-0400] {dagbag.py:540} INFO - Filling up the DagBag from /opt/anaconda3/lib/python3.12/site-packages/airflow/example_dags/example_complex.py
[2025-04-13T13:48:10.215-0400] {processor.py:840} INFO - DAG(s) 'example_complex' retrieved from /opt/anaconda3/lib/python3.12/site-packages/airflow/example_dags/example_complex.py
[2025-04-13T13:48:10.256-0400] {logging_mixin.py:188} INFO - [2025-04-13T13:48:10.256-0400] {dag.py:3096} INFO - Sync 1 DAGs
[2025-04-13T13:48:10.259-0400] {logging_mixin.py:188} INFO - [2025-04-13T13:48:10.259-0400] {dag.py:3954} INFO - Setting next_dagrun for example_complex to None, run_after=None
[2025-04-13T13:48:10.266-0400] {processor.py:183} INFO - Processing /opt/anaconda3/lib/python3.12/site-packages/airflow/example_dags/example_complex.py took 0.057 seconds
[2025-04-13T13:50:29.712-0400] {processor.py:161} INFO - Started process (PID=50854) to work on /opt/anaconda3/lib/python3.12/site-packages/airflow/example_dags/example_complex.py
[2025-04-13T13:50:29.713-0400] {processor.py:830} INFO - Processing file /opt/anaconda3/lib/python3.12/site-packages/airflow/example_dags/example_complex.py for tasks to queue
[2025-04-13T13:50:29.713-0400] {logging_mixin.py:188} INFO - [2025-04-13T13:50:29.713-0400] {dagbag.py:540} INFO - Filling up the DagBag from /opt/anaconda3/lib/python3.12/site-packages/airflow/example_dags/example_complex.py
[2025-04-13T13:50:29.717-0400] {processor.py:840} INFO - DAG(s) 'example_complex' retrieved from /opt/anaconda3/lib/python3.12/site-packages/airflow/example_dags/example_complex.py
[2025-04-13T13:50:29.758-0400] {logging_mixin.py:188} INFO - [2025-04-13T13:50:29.757-0400] {dag.py:3096} INFO - Sync 1 DAGs
[2025-04-13T13:50:29.761-0400] {logging_mixin.py:188} INFO - [2025-04-13T13:50:29.760-0400] {dag.py:3954} INFO - Setting next_dagrun for example_complex to None, run_after=None
[2025-04-13T13:50:29.767-0400] {processor.py:183} INFO - Processing /opt/anaconda3/lib/python3.12/site-packages/airflow/example_dags/example_complex.py took 0.055 seconds
[2025-04-13T13:52:45.783-0400] {processor.py:161} INFO - Started process (PID=51798) to work on /opt/anaconda3/lib/python3.12/site-packages/airflow/example_dags/example_complex.py
[2025-04-13T13:52:45.784-0400] {processor.py:830} INFO - Processing file /opt/anaconda3/lib/python3.12/site-packages/airflow/example_dags/example_complex.py for tasks to queue
[2025-04-13T13:52:45.785-0400] {logging_mixin.py:188} INFO - [2025-04-13T13:52:45.785-0400] {dagbag.py:540} INFO - Filling up the DagBag from /opt/anaconda3/lib/python3.12/site-packages/airflow/example_dags/example_complex.py
[2025-04-13T13:52:45.789-0400] {processor.py:840} INFO - DAG(s) 'example_complex' retrieved from /opt/anaconda3/lib/python3.12/site-packages/airflow/example_dags/example_complex.py
[2025-04-13T13:52:45.830-0400] {logging_mixin.py:188} INFO - [2025-04-13T13:52:45.830-0400] {dag.py:3096} INFO - Sync 1 DAGs
[2025-04-13T13:52:45.833-0400] {logging_mixin.py:188} INFO - [2025-04-13T13:52:45.833-0400] {dag.py:3954} INFO - Setting next_dagrun for example_complex to None, run_after=None
[2025-04-13T13:52:45.839-0400] {processor.py:183} INFO - Processing /opt/anaconda3/lib/python3.12/site-packages/airflow/example_dags/example_complex.py took 0.057 seconds
[2025-04-13T13:55:04.677-0400] {processor.py:161} INFO - Started process (PID=52720) to work on /opt/anaconda3/lib/python3.12/site-packages/airflow/example_dags/example_complex.py
[2025-04-13T13:55:04.678-0400] {processor.py:830} INFO - Processing file /opt/anaconda3/lib/python3.12/site-packages/airflow/example_dags/example_complex.py for tasks to queue
[2025-04-13T13:55:04.679-0400] {logging_mixin.py:188} INFO - [2025-04-13T13:55:04.678-0400] {dagbag.py:540} INFO - Filling up the DagBag from /opt/anaconda3/lib/python3.12/site-packages/airflow/example_dags/example_complex.py
[2025-04-13T13:55:04.683-0400] {processor.py:840} INFO - DAG(s) 'example_complex' retrieved from /opt/anaconda3/lib/python3.12/site-packages/airflow/example_dags/example_complex.py
[2025-04-13T13:55:04.723-0400] {logging_mixin.py:188} INFO - [2025-04-13T13:55:04.723-0400] {dag.py:3096} INFO - Sync 1 DAGs
[2025-04-13T13:55:04.726-0400] {logging_mixin.py:188} INFO - [2025-04-13T13:55:04.726-0400] {dag.py:3954} INFO - Setting next_dagrun for example_complex to None, run_after=None
[2025-04-13T13:55:04.732-0400] {processor.py:183} INFO - Processing /opt/anaconda3/lib/python3.12/site-packages/airflow/example_dags/example_complex.py took 0.056 seconds
[2025-04-13T13:57:23.131-0400] {processor.py:161} INFO - Started process (PID=53681) to work on /opt/anaconda3/lib/python3.12/site-packages/airflow/example_dags/example_complex.py
[2025-04-13T13:57:23.132-0400] {processor.py:830} INFO - Processing file /opt/anaconda3/lib/python3.12/site-packages/airflow/example_dags/example_complex.py for tasks to queue
[2025-04-13T13:57:23.132-0400] {logging_mixin.py:188} INFO - [2025-04-13T13:57:23.132-0400] {dagbag.py:540} INFO - Filling up the DagBag from /opt/anaconda3/lib/python3.12/site-packages/airflow/example_dags/example_complex.py
[2025-04-13T13:57:23.136-0400] {processor.py:840} INFO - DAG(s) 'example_complex' retrieved from /opt/anaconda3/lib/python3.12/site-packages/airflow/example_dags/example_complex.py
[2025-04-13T13:57:23.176-0400] {logging_mixin.py:188} INFO - [2025-04-13T13:57:23.176-0400] {dag.py:3096} INFO - Sync 1 DAGs
[2025-04-13T13:57:23.179-0400] {logging_mixin.py:188} INFO - [2025-04-13T13:57:23.179-0400] {dag.py:3954} INFO - Setting next_dagrun for example_complex to None, run_after=None
[2025-04-13T13:57:23.186-0400] {processor.py:183} INFO - Processing /opt/anaconda3/lib/python3.12/site-packages/airflow/example_dags/example_complex.py took 0.056 seconds
[2025-04-13T13:59:34.399-0400] {processor.py:161} INFO - Started process (PID=54608) to work on /opt/anaconda3/lib/python3.12/site-packages/airflow/example_dags/example_complex.py
[2025-04-13T13:59:34.400-0400] {processor.py:830} INFO - Processing file /opt/anaconda3/lib/python3.12/site-packages/airflow/example_dags/example_complex.py for tasks to queue
[2025-04-13T13:59:34.400-0400] {logging_mixin.py:188} INFO - [2025-04-13T13:59:34.400-0400] {dagbag.py:540} INFO - Filling up the DagBag from /opt/anaconda3/lib/python3.12/site-packages/airflow/example_dags/example_complex.py
[2025-04-13T13:59:34.404-0400] {processor.py:840} INFO - DAG(s) 'example_complex' retrieved from /opt/anaconda3/lib/python3.12/site-packages/airflow/example_dags/example_complex.py
[2025-04-13T13:59:34.443-0400] {logging_mixin.py:188} INFO - [2025-04-13T13:59:34.443-0400] {dag.py:3096} INFO - Sync 1 DAGs
[2025-04-13T13:59:34.446-0400] {logging_mixin.py:188} INFO - [2025-04-13T13:59:34.446-0400] {dag.py:3954} INFO - Setting next_dagrun for example_complex to None, run_after=None
[2025-04-13T13:59:34.453-0400] {processor.py:183} INFO - Processing /opt/anaconda3/lib/python3.12/site-packages/airflow/example_dags/example_complex.py took 0.054 seconds
[2025-04-13T14:01:54.093-0400] {processor.py:161} INFO - Started process (PID=55547) to work on /opt/anaconda3/lib/python3.12/site-packages/airflow/example_dags/example_complex.py
[2025-04-13T14:01:54.094-0400] {processor.py:830} INFO - Processing file /opt/anaconda3/lib/python3.12/site-packages/airflow/example_dags/example_complex.py for tasks to queue
[2025-04-13T14:01:54.094-0400] {logging_mixin.py:188} INFO - [2025-04-13T14:01:54.094-0400] {dagbag.py:540} INFO - Filling up the DagBag from /opt/anaconda3/lib/python3.12/site-packages/airflow/example_dags/example_complex.py
[2025-04-13T14:01:54.098-0400] {processor.py:840} INFO - DAG(s) 'example_complex' retrieved from /opt/anaconda3/lib/python3.12/site-packages/airflow/example_dags/example_complex.py
[2025-04-13T14:01:54.138-0400] {logging_mixin.py:188} INFO - [2025-04-13T14:01:54.138-0400] {dag.py:3096} INFO - Sync 1 DAGs
[2025-04-13T14:01:54.141-0400] {logging_mixin.py:188} INFO - [2025-04-13T14:01:54.141-0400] {dag.py:3954} INFO - Setting next_dagrun for example_complex to None, run_after=None
[2025-04-13T14:01:54.148-0400] {processor.py:183} INFO - Processing /opt/anaconda3/lib/python3.12/site-packages/airflow/example_dags/example_complex.py took 0.055 seconds
