[2025-04-13T13:06:21.793-0400] {processor.py:161} INFO - Started process (PID=33795) to work on /opt/anaconda3/lib/python3.12/site-packages/airflow/example_dags/example_python_decorator.py
[2025-04-13T13:06:21.793-0400] {processor.py:830} INFO - Processing file /opt/anaconda3/lib/python3.12/site-packages/airflow/example_dags/example_python_decorator.py for tasks to queue
[2025-04-13T13:06:21.793-0400] {logging_mixin.py:188} INFO - [2025-04-13T13:06:21.793-0400] {dagbag.py:540} INFO - Filling up the DagBag from /opt/anaconda3/lib/python3.12/site-packages/airflow/example_dags/example_python_decorator.py
[2025-04-13T13:06:21.811-0400] {processor.py:840} INFO - DAG(s) 'example_python_decorator' retrieved from /opt/anaconda3/lib/python3.12/site-packages/airflow/example_dags/example_python_decorator.py
[2025-04-13T13:06:21.878-0400] {logging_mixin.py:188} INFO - [2025-04-13T13:06:21.878-0400] {override.py:1930} INFO - Created Permission View: can edit on DAG:example_python_decorator
[2025-04-13T13:06:21.881-0400] {logging_mixin.py:188} INFO - [2025-04-13T13:06:21.881-0400] {override.py:1930} INFO - Created Permission View: can delete on DAG:example_python_decorator
[2025-04-13T13:06:21.883-0400] {logging_mixin.py:188} INFO - [2025-04-13T13:06:21.883-0400] {override.py:1930} INFO - Created Permission View: can read on DAG:example_python_decorator
[2025-04-13T13:06:21.883-0400] {logging_mixin.py:188} INFO - [2025-04-13T13:06:21.883-0400] {dag.py:3096} INFO - Sync 1 DAGs
[2025-04-13T13:06:21.886-0400] {logging_mixin.py:188} INFO - [2025-04-13T13:06:21.886-0400] {dag.py:3118} INFO - Creating ORM DAG for example_python_decorator
[2025-04-13T13:06:21.887-0400] {logging_mixin.py:188} INFO - [2025-04-13T13:06:21.887-0400] {dag.py:3954} INFO - Setting next_dagrun for example_python_decorator to None, run_after=None
[2025-04-13T13:06:21.892-0400] {processor.py:183} INFO - Processing /opt/anaconda3/lib/python3.12/site-packages/airflow/example_dags/example_python_decorator.py took 0.101 seconds
[2025-04-13T13:08:16.175-0400] {processor.py:161} INFO - Started process (PID=34580) to work on /opt/anaconda3/lib/python3.12/site-packages/airflow/example_dags/example_python_decorator.py
[2025-04-13T13:08:16.176-0400] {processor.py:830} INFO - Processing file /opt/anaconda3/lib/python3.12/site-packages/airflow/example_dags/example_python_decorator.py for tasks to queue
[2025-04-13T13:08:16.177-0400] {logging_mixin.py:188} INFO - [2025-04-13T13:08:16.177-0400] {dagbag.py:540} INFO - Filling up the DagBag from /opt/anaconda3/lib/python3.12/site-packages/airflow/example_dags/example_python_decorator.py
[2025-04-13T13:08:16.192-0400] {processor.py:840} INFO - DAG(s) 'example_python_decorator' retrieved from /opt/anaconda3/lib/python3.12/site-packages/airflow/example_dags/example_python_decorator.py
[2025-04-13T13:08:16.254-0400] {logging_mixin.py:188} INFO - [2025-04-13T13:08:16.254-0400] {dag.py:3096} INFO - Sync 1 DAGs
[2025-04-13T13:08:16.257-0400] {logging_mixin.py:188} INFO - [2025-04-13T13:08:16.257-0400] {dag.py:3954} INFO - Setting next_dagrun for example_python_decorator to None, run_after=None
[2025-04-13T13:08:16.263-0400] {processor.py:183} INFO - Processing /opt/anaconda3/lib/python3.12/site-packages/airflow/example_dags/example_python_decorator.py took 0.089 seconds
[2025-04-13T13:15:47.252-0400] {processor.py:161} INFO - Started process (PID=37407) to work on /opt/anaconda3/lib/python3.12/site-packages/airflow/example_dags/example_python_decorator.py
[2025-04-13T13:15:47.253-0400] {processor.py:830} INFO - Processing file /opt/anaconda3/lib/python3.12/site-packages/airflow/example_dags/example_python_decorator.py for tasks to queue
[2025-04-13T13:15:47.253-0400] {logging_mixin.py:188} INFO - [2025-04-13T13:15:47.253-0400] {dagbag.py:540} INFO - Filling up the DagBag from /opt/anaconda3/lib/python3.12/site-packages/airflow/example_dags/example_python_decorator.py
[2025-04-13T13:15:47.269-0400] {processor.py:840} INFO - DAG(s) 'example_python_decorator' retrieved from /opt/anaconda3/lib/python3.12/site-packages/airflow/example_dags/example_python_decorator.py
[2025-04-13T13:15:47.331-0400] {logging_mixin.py:188} INFO - [2025-04-13T13:15:47.331-0400] {dag.py:3096} INFO - Sync 1 DAGs
[2025-04-13T13:15:47.333-0400] {logging_mixin.py:188} INFO - [2025-04-13T13:15:47.333-0400] {dag.py:3954} INFO - Setting next_dagrun for example_python_decorator to None, run_after=None
[2025-04-13T13:15:47.339-0400] {processor.py:183} INFO - Processing /opt/anaconda3/lib/python3.12/site-packages/airflow/example_dags/example_python_decorator.py took 0.088 seconds
[2025-04-13T13:19:29.482-0400] {processor.py:161} INFO - Started process (PID=38902) to work on /opt/anaconda3/lib/python3.12/site-packages/airflow/example_dags/example_python_decorator.py
[2025-04-13T13:19:29.483-0400] {processor.py:830} INFO - Processing file /opt/anaconda3/lib/python3.12/site-packages/airflow/example_dags/example_python_decorator.py for tasks to queue
[2025-04-13T13:19:29.484-0400] {logging_mixin.py:188} INFO - [2025-04-13T13:19:29.484-0400] {dagbag.py:540} INFO - Filling up the DagBag from /opt/anaconda3/lib/python3.12/site-packages/airflow/example_dags/example_python_decorator.py
[2025-04-13T13:19:29.499-0400] {processor.py:840} INFO - DAG(s) 'example_python_decorator' retrieved from /opt/anaconda3/lib/python3.12/site-packages/airflow/example_dags/example_python_decorator.py
[2025-04-13T13:19:29.562-0400] {logging_mixin.py:188} INFO - [2025-04-13T13:19:29.562-0400] {dag.py:3096} INFO - Sync 1 DAGs
[2025-04-13T13:19:29.565-0400] {logging_mixin.py:188} INFO - [2025-04-13T13:19:29.565-0400] {dag.py:3954} INFO - Setting next_dagrun for example_python_decorator to None, run_after=None
[2025-04-13T13:19:29.571-0400] {processor.py:183} INFO - Processing /opt/anaconda3/lib/python3.12/site-packages/airflow/example_dags/example_python_decorator.py took 0.089 seconds
[2025-04-13T13:23:57.354-0400] {processor.py:161} INFO - Started process (PID=40803) to work on /opt/anaconda3/lib/python3.12/site-packages/airflow/example_dags/example_python_decorator.py
[2025-04-13T13:23:57.355-0400] {processor.py:830} INFO - Processing file /opt/anaconda3/lib/python3.12/site-packages/airflow/example_dags/example_python_decorator.py for tasks to queue
[2025-04-13T13:23:57.355-0400] {logging_mixin.py:188} INFO - [2025-04-13T13:23:57.355-0400] {dagbag.py:540} INFO - Filling up the DagBag from /opt/anaconda3/lib/python3.12/site-packages/airflow/example_dags/example_python_decorator.py
[2025-04-13T13:23:57.370-0400] {processor.py:840} INFO - DAG(s) 'example_python_decorator' retrieved from /opt/anaconda3/lib/python3.12/site-packages/airflow/example_dags/example_python_decorator.py
[2025-04-13T13:23:57.432-0400] {logging_mixin.py:188} INFO - [2025-04-13T13:23:57.432-0400] {dag.py:3096} INFO - Sync 1 DAGs
[2025-04-13T13:23:57.435-0400] {logging_mixin.py:188} INFO - [2025-04-13T13:23:57.435-0400] {dag.py:3954} INFO - Setting next_dagrun for example_python_decorator to None, run_after=None
[2025-04-13T13:23:57.441-0400] {processor.py:183} INFO - Processing /opt/anaconda3/lib/python3.12/site-packages/airflow/example_dags/example_python_decorator.py took 0.088 seconds
[2025-04-13T13:25:36.237-0400] {processor.py:161} INFO - Started process (PID=41476) to work on /opt/anaconda3/lib/python3.12/site-packages/airflow/example_dags/example_python_decorator.py
[2025-04-13T13:25:36.238-0400] {processor.py:830} INFO - Processing file /opt/anaconda3/lib/python3.12/site-packages/airflow/example_dags/example_python_decorator.py for tasks to queue
[2025-04-13T13:25:36.238-0400] {logging_mixin.py:188} INFO - [2025-04-13T13:25:36.238-0400] {dagbag.py:540} INFO - Filling up the DagBag from /opt/anaconda3/lib/python3.12/site-packages/airflow/example_dags/example_python_decorator.py
[2025-04-13T13:25:36.254-0400] {processor.py:840} INFO - DAG(s) 'example_python_decorator' retrieved from /opt/anaconda3/lib/python3.12/site-packages/airflow/example_dags/example_python_decorator.py
[2025-04-13T13:25:36.317-0400] {logging_mixin.py:188} INFO - [2025-04-13T13:25:36.316-0400] {dag.py:3096} INFO - Sync 1 DAGs
[2025-04-13T13:25:36.319-0400] {logging_mixin.py:188} INFO - [2025-04-13T13:25:36.319-0400] {dag.py:3954} INFO - Setting next_dagrun for example_python_decorator to None, run_after=None
[2025-04-13T13:25:36.325-0400] {processor.py:183} INFO - Processing /opt/anaconda3/lib/python3.12/site-packages/airflow/example_dags/example_python_decorator.py took 0.089 seconds
[2025-04-13T13:27:40.211-0400] {processor.py:161} INFO - Started process (PID=42307) to work on /opt/anaconda3/lib/python3.12/site-packages/airflow/example_dags/example_python_decorator.py
[2025-04-13T13:27:40.212-0400] {processor.py:830} INFO - Processing file /opt/anaconda3/lib/python3.12/site-packages/airflow/example_dags/example_python_decorator.py for tasks to queue
[2025-04-13T13:27:40.212-0400] {logging_mixin.py:188} INFO - [2025-04-13T13:27:40.212-0400] {dagbag.py:540} INFO - Filling up the DagBag from /opt/anaconda3/lib/python3.12/site-packages/airflow/example_dags/example_python_decorator.py
[2025-04-13T13:27:40.228-0400] {processor.py:840} INFO - DAG(s) 'example_python_decorator' retrieved from /opt/anaconda3/lib/python3.12/site-packages/airflow/example_dags/example_python_decorator.py
[2025-04-13T13:27:40.294-0400] {logging_mixin.py:188} INFO - [2025-04-13T13:27:40.293-0400] {dag.py:3096} INFO - Sync 1 DAGs
[2025-04-13T13:27:40.296-0400] {logging_mixin.py:188} INFO - [2025-04-13T13:27:40.296-0400] {dag.py:3954} INFO - Setting next_dagrun for example_python_decorator to None, run_after=None
[2025-04-13T13:27:40.302-0400] {processor.py:183} INFO - Processing /opt/anaconda3/lib/python3.12/site-packages/airflow/example_dags/example_python_decorator.py took 0.092 seconds
[2025-04-13T13:29:53.067-0400] {processor.py:161} INFO - Started process (PID=43173) to work on /opt/anaconda3/lib/python3.12/site-packages/airflow/example_dags/example_python_decorator.py
[2025-04-13T13:29:53.068-0400] {processor.py:830} INFO - Processing file /opt/anaconda3/lib/python3.12/site-packages/airflow/example_dags/example_python_decorator.py for tasks to queue
[2025-04-13T13:29:53.068-0400] {logging_mixin.py:188} INFO - [2025-04-13T13:29:53.068-0400] {dagbag.py:540} INFO - Filling up the DagBag from /opt/anaconda3/lib/python3.12/site-packages/airflow/example_dags/example_python_decorator.py
[2025-04-13T13:29:53.084-0400] {processor.py:840} INFO - DAG(s) 'example_python_decorator' retrieved from /opt/anaconda3/lib/python3.12/site-packages/airflow/example_dags/example_python_decorator.py
[2025-04-13T13:29:53.149-0400] {logging_mixin.py:188} INFO - [2025-04-13T13:29:53.149-0400] {dag.py:3096} INFO - Sync 1 DAGs
[2025-04-13T13:29:53.152-0400] {logging_mixin.py:188} INFO - [2025-04-13T13:29:53.152-0400] {dag.py:3954} INFO - Setting next_dagrun for example_python_decorator to None, run_after=None
[2025-04-13T13:29:53.158-0400] {processor.py:183} INFO - Processing /opt/anaconda3/lib/python3.12/site-packages/airflow/example_dags/example_python_decorator.py took 0.092 seconds
[2025-04-13T13:32:13.662-0400] {processor.py:161} INFO - Started process (PID=44087) to work on /opt/anaconda3/lib/python3.12/site-packages/airflow/example_dags/example_python_decorator.py
[2025-04-13T13:32:13.663-0400] {processor.py:830} INFO - Processing file /opt/anaconda3/lib/python3.12/site-packages/airflow/example_dags/example_python_decorator.py for tasks to queue
[2025-04-13T13:32:13.663-0400] {logging_mixin.py:188} INFO - [2025-04-13T13:32:13.663-0400] {dagbag.py:540} INFO - Filling up the DagBag from /opt/anaconda3/lib/python3.12/site-packages/airflow/example_dags/example_python_decorator.py
[2025-04-13T13:32:13.679-0400] {processor.py:840} INFO - DAG(s) 'example_python_decorator' retrieved from /opt/anaconda3/lib/python3.12/site-packages/airflow/example_dags/example_python_decorator.py
[2025-04-13T13:32:13.743-0400] {logging_mixin.py:188} INFO - [2025-04-13T13:32:13.742-0400] {dag.py:3096} INFO - Sync 1 DAGs
[2025-04-13T13:32:13.745-0400] {logging_mixin.py:188} INFO - [2025-04-13T13:32:13.745-0400] {dag.py:3954} INFO - Setting next_dagrun for example_python_decorator to None, run_after=None
[2025-04-13T13:32:13.751-0400] {processor.py:183} INFO - Processing /opt/anaconda3/lib/python3.12/site-packages/airflow/example_dags/example_python_decorator.py took 0.090 seconds
[2025-04-13T13:33:51.564-0400] {processor.py:161} INFO - Started process (PID=44767) to work on /opt/anaconda3/lib/python3.12/site-packages/airflow/example_dags/example_python_decorator.py
[2025-04-13T13:33:51.565-0400] {processor.py:830} INFO - Processing file /opt/anaconda3/lib/python3.12/site-packages/airflow/example_dags/example_python_decorator.py for tasks to queue
[2025-04-13T13:33:51.565-0400] {logging_mixin.py:188} INFO - [2025-04-13T13:33:51.565-0400] {dagbag.py:540} INFO - Filling up the DagBag from /opt/anaconda3/lib/python3.12/site-packages/airflow/example_dags/example_python_decorator.py
[2025-04-13T13:33:51.581-0400] {processor.py:840} INFO - DAG(s) 'example_python_decorator' retrieved from /opt/anaconda3/lib/python3.12/site-packages/airflow/example_dags/example_python_decorator.py
[2025-04-13T13:33:51.643-0400] {logging_mixin.py:188} INFO - [2025-04-13T13:33:51.643-0400] {dag.py:3096} INFO - Sync 1 DAGs
[2025-04-13T13:33:51.646-0400] {logging_mixin.py:188} INFO - [2025-04-13T13:33:51.646-0400] {dag.py:3954} INFO - Setting next_dagrun for example_python_decorator to None, run_after=None
[2025-04-13T13:33:51.652-0400] {processor.py:183} INFO - Processing /opt/anaconda3/lib/python3.12/site-packages/airflow/example_dags/example_python_decorator.py took 0.089 seconds
[2025-04-13T13:36:35.863-0400] {processor.py:161} INFO - Started process (PID=45281) to work on /opt/anaconda3/lib/python3.12/site-packages/airflow/example_dags/example_python_decorator.py
[2025-04-13T13:36:35.864-0400] {processor.py:830} INFO - Processing file /opt/anaconda3/lib/python3.12/site-packages/airflow/example_dags/example_python_decorator.py for tasks to queue
[2025-04-13T13:36:35.864-0400] {logging_mixin.py:188} INFO - [2025-04-13T13:36:35.864-0400] {dagbag.py:540} INFO - Filling up the DagBag from /opt/anaconda3/lib/python3.12/site-packages/airflow/example_dags/example_python_decorator.py
[2025-04-13T13:36:35.880-0400] {processor.py:840} INFO - DAG(s) 'example_python_decorator' retrieved from /opt/anaconda3/lib/python3.12/site-packages/airflow/example_dags/example_python_decorator.py
[2025-04-13T13:36:35.942-0400] {logging_mixin.py:188} INFO - [2025-04-13T13:36:35.942-0400] {dag.py:3096} INFO - Sync 1 DAGs
[2025-04-13T13:36:35.944-0400] {logging_mixin.py:188} INFO - [2025-04-13T13:36:35.944-0400] {dag.py:3954} INFO - Setting next_dagrun for example_python_decorator to None, run_after=None
[2025-04-13T13:36:35.950-0400] {processor.py:183} INFO - Processing /opt/anaconda3/lib/python3.12/site-packages/airflow/example_dags/example_python_decorator.py took 0.088 seconds
[2025-04-13T13:38:00.515-0400] {processor.py:161} INFO - Started process (PID=45845) to work on /opt/anaconda3/lib/python3.12/site-packages/airflow/example_dags/example_python_decorator.py
[2025-04-13T13:38:00.516-0400] {processor.py:830} INFO - Processing file /opt/anaconda3/lib/python3.12/site-packages/airflow/example_dags/example_python_decorator.py for tasks to queue
[2025-04-13T13:38:00.517-0400] {logging_mixin.py:188} INFO - [2025-04-13T13:38:00.517-0400] {dagbag.py:540} INFO - Filling up the DagBag from /opt/anaconda3/lib/python3.12/site-packages/airflow/example_dags/example_python_decorator.py
[2025-04-13T13:38:00.532-0400] {processor.py:840} INFO - DAG(s) 'example_python_decorator' retrieved from /opt/anaconda3/lib/python3.12/site-packages/airflow/example_dags/example_python_decorator.py
[2025-04-13T13:38:00.595-0400] {logging_mixin.py:188} INFO - [2025-04-13T13:38:00.595-0400] {dag.py:3096} INFO - Sync 1 DAGs
[2025-04-13T13:38:00.598-0400] {logging_mixin.py:188} INFO - [2025-04-13T13:38:00.598-0400] {dag.py:3954} INFO - Setting next_dagrun for example_python_decorator to None, run_after=None
[2025-04-13T13:38:00.604-0400] {processor.py:183} INFO - Processing /opt/anaconda3/lib/python3.12/site-packages/airflow/example_dags/example_python_decorator.py took 0.089 seconds
[2025-04-13T13:40:15.513-0400] {processor.py:161} INFO - Started process (PID=46763) to work on /opt/anaconda3/lib/python3.12/site-packages/airflow/example_dags/example_python_decorator.py
[2025-04-13T13:40:15.514-0400] {processor.py:830} INFO - Processing file /opt/anaconda3/lib/python3.12/site-packages/airflow/example_dags/example_python_decorator.py for tasks to queue
[2025-04-13T13:40:15.514-0400] {logging_mixin.py:188} INFO - [2025-04-13T13:40:15.514-0400] {dagbag.py:540} INFO - Filling up the DagBag from /opt/anaconda3/lib/python3.12/site-packages/airflow/example_dags/example_python_decorator.py
[2025-04-13T13:40:15.530-0400] {processor.py:840} INFO - DAG(s) 'example_python_decorator' retrieved from /opt/anaconda3/lib/python3.12/site-packages/airflow/example_dags/example_python_decorator.py
[2025-04-13T13:40:15.593-0400] {logging_mixin.py:188} INFO - [2025-04-13T13:40:15.593-0400] {dag.py:3096} INFO - Sync 1 DAGs
[2025-04-13T13:40:15.595-0400] {logging_mixin.py:188} INFO - [2025-04-13T13:40:15.595-0400] {dag.py:3954} INFO - Setting next_dagrun for example_python_decorator to None, run_after=None
[2025-04-13T13:40:15.601-0400] {processor.py:183} INFO - Processing /opt/anaconda3/lib/python3.12/site-packages/airflow/example_dags/example_python_decorator.py took 0.089 seconds
[2025-04-13T13:42:25.586-0400] {processor.py:161} INFO - Started process (PID=47645) to work on /opt/anaconda3/lib/python3.12/site-packages/airflow/example_dags/example_python_decorator.py
[2025-04-13T13:42:25.587-0400] {processor.py:830} INFO - Processing file /opt/anaconda3/lib/python3.12/site-packages/airflow/example_dags/example_python_decorator.py for tasks to queue
[2025-04-13T13:42:25.587-0400] {logging_mixin.py:188} INFO - [2025-04-13T13:42:25.587-0400] {dagbag.py:540} INFO - Filling up the DagBag from /opt/anaconda3/lib/python3.12/site-packages/airflow/example_dags/example_python_decorator.py
[2025-04-13T13:42:25.602-0400] {processor.py:840} INFO - DAG(s) 'example_python_decorator' retrieved from /opt/anaconda3/lib/python3.12/site-packages/airflow/example_dags/example_python_decorator.py
[2025-04-13T13:42:25.665-0400] {logging_mixin.py:188} INFO - [2025-04-13T13:42:25.664-0400] {dag.py:3096} INFO - Sync 1 DAGs
[2025-04-13T13:42:25.667-0400] {logging_mixin.py:188} INFO - [2025-04-13T13:42:25.667-0400] {dag.py:3954} INFO - Setting next_dagrun for example_python_decorator to None, run_after=None
[2025-04-13T13:42:25.673-0400] {processor.py:183} INFO - Processing /opt/anaconda3/lib/python3.12/site-packages/airflow/example_dags/example_python_decorator.py took 0.088 seconds
[2025-04-13T13:44:37.497-0400] {processor.py:161} INFO - Started process (PID=48552) to work on /opt/anaconda3/lib/python3.12/site-packages/airflow/example_dags/example_python_decorator.py
[2025-04-13T13:44:37.498-0400] {processor.py:830} INFO - Processing file /opt/anaconda3/lib/python3.12/site-packages/airflow/example_dags/example_python_decorator.py for tasks to queue
[2025-04-13T13:44:37.499-0400] {logging_mixin.py:188} INFO - [2025-04-13T13:44:37.498-0400] {dagbag.py:540} INFO - Filling up the DagBag from /opt/anaconda3/lib/python3.12/site-packages/airflow/example_dags/example_python_decorator.py
[2025-04-13T13:44:37.514-0400] {processor.py:840} INFO - DAG(s) 'example_python_decorator' retrieved from /opt/anaconda3/lib/python3.12/site-packages/airflow/example_dags/example_python_decorator.py
[2025-04-13T13:44:37.578-0400] {logging_mixin.py:188} INFO - [2025-04-13T13:44:37.578-0400] {dag.py:3096} INFO - Sync 1 DAGs
[2025-04-13T13:44:37.581-0400] {logging_mixin.py:188} INFO - [2025-04-13T13:44:37.580-0400] {dag.py:3954} INFO - Setting next_dagrun for example_python_decorator to None, run_after=None
[2025-04-13T13:44:37.586-0400] {processor.py:183} INFO - Processing /opt/anaconda3/lib/python3.12/site-packages/airflow/example_dags/example_python_decorator.py took 0.090 seconds
[2025-04-13T13:46:58.102-0400] {processor.py:161} INFO - Started process (PID=49475) to work on /opt/anaconda3/lib/python3.12/site-packages/airflow/example_dags/example_python_decorator.py
[2025-04-13T13:46:58.103-0400] {processor.py:830} INFO - Processing file /opt/anaconda3/lib/python3.12/site-packages/airflow/example_dags/example_python_decorator.py for tasks to queue
[2025-04-13T13:46:58.104-0400] {logging_mixin.py:188} INFO - [2025-04-13T13:46:58.104-0400] {dagbag.py:540} INFO - Filling up the DagBag from /opt/anaconda3/lib/python3.12/site-packages/airflow/example_dags/example_python_decorator.py
[2025-04-13T13:46:58.119-0400] {processor.py:840} INFO - DAG(s) 'example_python_decorator' retrieved from /opt/anaconda3/lib/python3.12/site-packages/airflow/example_dags/example_python_decorator.py
[2025-04-13T13:46:58.181-0400] {logging_mixin.py:188} INFO - [2025-04-13T13:46:58.181-0400] {dag.py:3096} INFO - Sync 1 DAGs
[2025-04-13T13:46:58.184-0400] {logging_mixin.py:188} INFO - [2025-04-13T13:46:58.184-0400] {dag.py:3954} INFO - Setting next_dagrun for example_python_decorator to None, run_after=None
[2025-04-13T13:46:58.190-0400] {processor.py:183} INFO - Processing /opt/anaconda3/lib/python3.12/site-packages/airflow/example_dags/example_python_decorator.py took 0.089 seconds
[2025-04-13T13:49:17.192-0400] {processor.py:161} INFO - Started process (PID=50385) to work on /opt/anaconda3/lib/python3.12/site-packages/airflow/example_dags/example_python_decorator.py
[2025-04-13T13:49:17.193-0400] {processor.py:830} INFO - Processing file /opt/anaconda3/lib/python3.12/site-packages/airflow/example_dags/example_python_decorator.py for tasks to queue
[2025-04-13T13:49:17.193-0400] {logging_mixin.py:188} INFO - [2025-04-13T13:49:17.193-0400] {dagbag.py:540} INFO - Filling up the DagBag from /opt/anaconda3/lib/python3.12/site-packages/airflow/example_dags/example_python_decorator.py
[2025-04-13T13:49:17.210-0400] {processor.py:840} INFO - DAG(s) 'example_python_decorator' retrieved from /opt/anaconda3/lib/python3.12/site-packages/airflow/example_dags/example_python_decorator.py
[2025-04-13T13:49:17.274-0400] {logging_mixin.py:188} INFO - [2025-04-13T13:49:17.274-0400] {dag.py:3096} INFO - Sync 1 DAGs
[2025-04-13T13:49:17.277-0400] {logging_mixin.py:188} INFO - [2025-04-13T13:49:17.277-0400] {dag.py:3954} INFO - Setting next_dagrun for example_python_decorator to None, run_after=None
[2025-04-13T13:49:17.283-0400] {processor.py:183} INFO - Processing /opt/anaconda3/lib/python3.12/site-packages/airflow/example_dags/example_python_decorator.py took 0.091 seconds
[2025-04-13T13:51:35.610-0400] {processor.py:161} INFO - Started process (PID=51323) to work on /opt/anaconda3/lib/python3.12/site-packages/airflow/example_dags/example_python_decorator.py
[2025-04-13T13:51:35.611-0400] {processor.py:830} INFO - Processing file /opt/anaconda3/lib/python3.12/site-packages/airflow/example_dags/example_python_decorator.py for tasks to queue
[2025-04-13T13:51:35.611-0400] {logging_mixin.py:188} INFO - [2025-04-13T13:51:35.611-0400] {dagbag.py:540} INFO - Filling up the DagBag from /opt/anaconda3/lib/python3.12/site-packages/airflow/example_dags/example_python_decorator.py
[2025-04-13T13:51:35.627-0400] {processor.py:840} INFO - DAG(s) 'example_python_decorator' retrieved from /opt/anaconda3/lib/python3.12/site-packages/airflow/example_dags/example_python_decorator.py
[2025-04-13T13:51:35.689-0400] {logging_mixin.py:188} INFO - [2025-04-13T13:51:35.689-0400] {dag.py:3096} INFO - Sync 1 DAGs
[2025-04-13T13:51:35.692-0400] {logging_mixin.py:188} INFO - [2025-04-13T13:51:35.692-0400] {dag.py:3954} INFO - Setting next_dagrun for example_python_decorator to None, run_after=None
[2025-04-13T13:51:35.698-0400] {processor.py:183} INFO - Processing /opt/anaconda3/lib/python3.12/site-packages/airflow/example_dags/example_python_decorator.py took 0.089 seconds
[2025-04-13T13:53:57.305-0400] {processor.py:161} INFO - Started process (PID=52279) to work on /opt/anaconda3/lib/python3.12/site-packages/airflow/example_dags/example_python_decorator.py
[2025-04-13T13:53:57.306-0400] {processor.py:830} INFO - Processing file /opt/anaconda3/lib/python3.12/site-packages/airflow/example_dags/example_python_decorator.py for tasks to queue
[2025-04-13T13:53:57.306-0400] {logging_mixin.py:188} INFO - [2025-04-13T13:53:57.306-0400] {dagbag.py:540} INFO - Filling up the DagBag from /opt/anaconda3/lib/python3.12/site-packages/airflow/example_dags/example_python_decorator.py
[2025-04-13T13:53:57.322-0400] {processor.py:840} INFO - DAG(s) 'example_python_decorator' retrieved from /opt/anaconda3/lib/python3.12/site-packages/airflow/example_dags/example_python_decorator.py
[2025-04-13T13:53:57.384-0400] {logging_mixin.py:188} INFO - [2025-04-13T13:53:57.384-0400] {dag.py:3096} INFO - Sync 1 DAGs
[2025-04-13T13:53:57.387-0400] {logging_mixin.py:188} INFO - [2025-04-13T13:53:57.387-0400] {dag.py:3954} INFO - Setting next_dagrun for example_python_decorator to None, run_after=None
[2025-04-13T13:53:57.393-0400] {processor.py:183} INFO - Processing /opt/anaconda3/lib/python3.12/site-packages/airflow/example_dags/example_python_decorator.py took 0.089 seconds
[2025-04-13T13:56:12.511-0400] {processor.py:161} INFO - Started process (PID=53182) to work on /opt/anaconda3/lib/python3.12/site-packages/airflow/example_dags/example_python_decorator.py
[2025-04-13T13:56:12.511-0400] {processor.py:830} INFO - Processing file /opt/anaconda3/lib/python3.12/site-packages/airflow/example_dags/example_python_decorator.py for tasks to queue
[2025-04-13T13:56:12.511-0400] {logging_mixin.py:188} INFO - [2025-04-13T13:56:12.511-0400] {dagbag.py:540} INFO - Filling up the DagBag from /opt/anaconda3/lib/python3.12/site-packages/airflow/example_dags/example_python_decorator.py
[2025-04-13T13:56:12.528-0400] {processor.py:840} INFO - DAG(s) 'example_python_decorator' retrieved from /opt/anaconda3/lib/python3.12/site-packages/airflow/example_dags/example_python_decorator.py
[2025-04-13T13:56:12.591-0400] {logging_mixin.py:188} INFO - [2025-04-13T13:56:12.590-0400] {dag.py:3096} INFO - Sync 1 DAGs
[2025-04-13T13:56:12.593-0400] {logging_mixin.py:188} INFO - [2025-04-13T13:56:12.593-0400] {dag.py:3954} INFO - Setting next_dagrun for example_python_decorator to None, run_after=None
[2025-04-13T13:56:12.599-0400] {processor.py:183} INFO - Processing /opt/anaconda3/lib/python3.12/site-packages/airflow/example_dags/example_python_decorator.py took 0.089 seconds
[2025-04-13T13:58:27.767-0400] {processor.py:161} INFO - Started process (PID=54110) to work on /opt/anaconda3/lib/python3.12/site-packages/airflow/example_dags/example_python_decorator.py
[2025-04-13T13:58:27.768-0400] {processor.py:830} INFO - Processing file /opt/anaconda3/lib/python3.12/site-packages/airflow/example_dags/example_python_decorator.py for tasks to queue
[2025-04-13T13:58:27.768-0400] {logging_mixin.py:188} INFO - [2025-04-13T13:58:27.768-0400] {dagbag.py:540} INFO - Filling up the DagBag from /opt/anaconda3/lib/python3.12/site-packages/airflow/example_dags/example_python_decorator.py
[2025-04-13T13:58:27.783-0400] {processor.py:840} INFO - DAG(s) 'example_python_decorator' retrieved from /opt/anaconda3/lib/python3.12/site-packages/airflow/example_dags/example_python_decorator.py
[2025-04-13T13:58:27.846-0400] {logging_mixin.py:188} INFO - [2025-04-13T13:58:27.846-0400] {dag.py:3096} INFO - Sync 1 DAGs
[2025-04-13T13:58:27.849-0400] {logging_mixin.py:188} INFO - [2025-04-13T13:58:27.849-0400] {dag.py:3954} INFO - Setting next_dagrun for example_python_decorator to None, run_after=None
[2025-04-13T13:58:27.855-0400] {processor.py:183} INFO - Processing /opt/anaconda3/lib/python3.12/site-packages/airflow/example_dags/example_python_decorator.py took 0.090 seconds
[2025-04-13T14:00:42.647-0400] {processor.py:161} INFO - Started process (PID=55070) to work on /opt/anaconda3/lib/python3.12/site-packages/airflow/example_dags/example_python_decorator.py
[2025-04-13T14:00:42.648-0400] {processor.py:830} INFO - Processing file /opt/anaconda3/lib/python3.12/site-packages/airflow/example_dags/example_python_decorator.py for tasks to queue
[2025-04-13T14:00:42.649-0400] {logging_mixin.py:188} INFO - [2025-04-13T14:00:42.649-0400] {dagbag.py:540} INFO - Filling up the DagBag from /opt/anaconda3/lib/python3.12/site-packages/airflow/example_dags/example_python_decorator.py
[2025-04-13T14:00:42.666-0400] {processor.py:840} INFO - DAG(s) 'example_python_decorator' retrieved from /opt/anaconda3/lib/python3.12/site-packages/airflow/example_dags/example_python_decorator.py
[2025-04-13T14:00:42.730-0400] {logging_mixin.py:188} INFO - [2025-04-13T14:00:42.730-0400] {dag.py:3096} INFO - Sync 1 DAGs
[2025-04-13T14:00:42.733-0400] {logging_mixin.py:188} INFO - [2025-04-13T14:00:42.733-0400] {dag.py:3954} INFO - Setting next_dagrun for example_python_decorator to None, run_after=None
[2025-04-13T14:00:42.739-0400] {processor.py:183} INFO - Processing /opt/anaconda3/lib/python3.12/site-packages/airflow/example_dags/example_python_decorator.py took 0.092 seconds
