[2025-04-13T13:06:12.108-0400] {processor.py:161} INFO - Started process (PID=33719) to work on /opt/anaconda3/lib/python3.12/site-packages/airflow/example_dags/example_setup_teardown_taskflow.py
[2025-04-13T13:06:12.108-0400] {processor.py:830} INFO - Processing file /opt/anaconda3/lib/python3.12/site-packages/airflow/example_dags/example_setup_teardown_taskflow.py for tasks to queue
[2025-04-13T13:06:12.108-0400] {logging_mixin.py:188} INFO - [2025-04-13T13:06:12.108-0400] {dagbag.py:540} INFO - Filling up the DagBag from /opt/anaconda3/lib/python3.12/site-packages/airflow/example_dags/example_setup_teardown_taskflow.py
[2025-04-13T13:06:12.126-0400] {processor.py:840} INFO - DAG(s) 'example_setup_teardown_taskflow' retrieved from /opt/anaconda3/lib/python3.12/site-packages/airflow/example_dags/example_setup_teardown_taskflow.py
[2025-04-13T13:06:12.198-0400] {logging_mixin.py:188} INFO - [2025-04-13T13:06:12.198-0400] {override.py:1930} INFO - Created Permission View: can delete on DAG:example_setup_teardown_taskflow
[2025-04-13T13:06:12.201-0400] {logging_mixin.py:188} INFO - [2025-04-13T13:06:12.201-0400] {override.py:1930} INFO - Created Permission View: can read on DAG:example_setup_teardown_taskflow
[2025-04-13T13:06:12.202-0400] {logging_mixin.py:188} INFO - [2025-04-13T13:06:12.202-0400] {override.py:1930} INFO - Created Permission View: can edit on DAG:example_setup_teardown_taskflow
[2025-04-13T13:06:12.202-0400] {logging_mixin.py:188} INFO - [2025-04-13T13:06:12.202-0400] {dag.py:3096} INFO - Sync 1 DAGs
[2025-04-13T13:06:12.205-0400] {logging_mixin.py:188} INFO - [2025-04-13T13:06:12.205-0400] {dag.py:3118} INFO - Creating ORM DAG for example_setup_teardown_taskflow
[2025-04-13T13:06:12.209-0400] {logging_mixin.py:188} INFO - [2025-04-13T13:06:12.209-0400] {dag.py:3954} INFO - Setting next_dagrun for example_setup_teardown_taskflow to 2025-04-12 00:00:00+00:00, run_after=2025-04-13 00:00:00+00:00
[2025-04-13T13:06:12.215-0400] {processor.py:183} INFO - Processing /opt/anaconda3/lib/python3.12/site-packages/airflow/example_dags/example_setup_teardown_taskflow.py took 0.109 seconds
[2025-04-13T13:08:06.892-0400] {processor.py:161} INFO - Started process (PID=34510) to work on /opt/anaconda3/lib/python3.12/site-packages/airflow/example_dags/example_setup_teardown_taskflow.py
[2025-04-13T13:08:06.894-0400] {processor.py:830} INFO - Processing file /opt/anaconda3/lib/python3.12/site-packages/airflow/example_dags/example_setup_teardown_taskflow.py for tasks to queue
[2025-04-13T13:08:06.895-0400] {logging_mixin.py:188} INFO - [2025-04-13T13:08:06.895-0400] {dagbag.py:540} INFO - Filling up the DagBag from /opt/anaconda3/lib/python3.12/site-packages/airflow/example_dags/example_setup_teardown_taskflow.py
[2025-04-13T13:08:06.910-0400] {processor.py:840} INFO - DAG(s) 'example_setup_teardown_taskflow' retrieved from /opt/anaconda3/lib/python3.12/site-packages/airflow/example_dags/example_setup_teardown_taskflow.py
[2025-04-13T13:08:06.946-0400] {logging_mixin.py:188} INFO - [2025-04-13T13:08:06.946-0400] {dag.py:3096} INFO - Sync 1 DAGs
[2025-04-13T13:08:06.951-0400] {logging_mixin.py:188} INFO - [2025-04-13T13:08:06.951-0400] {dag.py:3954} INFO - Setting next_dagrun for example_setup_teardown_taskflow to 2025-04-12 00:00:00+00:00, run_after=2025-04-13 00:00:00+00:00
[2025-04-13T13:08:06.956-0400] {processor.py:183} INFO - Processing /opt/anaconda3/lib/python3.12/site-packages/airflow/example_dags/example_setup_teardown_taskflow.py took 0.065 seconds
[2025-04-13T13:09:45.904-0400] {processor.py:161} INFO - Started process (PID=35198) to work on /opt/anaconda3/lib/python3.12/site-packages/airflow/example_dags/example_setup_teardown_taskflow.py
[2025-04-13T13:09:45.905-0400] {processor.py:830} INFO - Processing file /opt/anaconda3/lib/python3.12/site-packages/airflow/example_dags/example_setup_teardown_taskflow.py for tasks to queue
[2025-04-13T13:09:45.905-0400] {logging_mixin.py:188} INFO - [2025-04-13T13:09:45.905-0400] {dagbag.py:540} INFO - Filling up the DagBag from /opt/anaconda3/lib/python3.12/site-packages/airflow/example_dags/example_setup_teardown_taskflow.py
[2025-04-13T13:09:45.920-0400] {processor.py:840} INFO - DAG(s) 'example_setup_teardown_taskflow' retrieved from /opt/anaconda3/lib/python3.12/site-packages/airflow/example_dags/example_setup_teardown_taskflow.py
[2025-04-13T13:09:45.958-0400] {logging_mixin.py:188} INFO - [2025-04-13T13:09:45.958-0400] {dag.py:3096} INFO - Sync 1 DAGs
[2025-04-13T13:09:45.963-0400] {logging_mixin.py:188} INFO - [2025-04-13T13:09:45.963-0400] {dag.py:3954} INFO - Setting next_dagrun for example_setup_teardown_taskflow to 2025-04-12 00:00:00+00:00, run_after=2025-04-13 00:00:00+00:00
[2025-04-13T13:09:45.969-0400] {processor.py:183} INFO - Processing /opt/anaconda3/lib/python3.12/site-packages/airflow/example_dags/example_setup_teardown_taskflow.py took 0.067 seconds
[2025-04-13T13:15:38.293-0400] {processor.py:161} INFO - Started process (PID=37351) to work on /opt/anaconda3/lib/python3.12/site-packages/airflow/example_dags/example_setup_teardown_taskflow.py
[2025-04-13T13:15:38.294-0400] {processor.py:830} INFO - Processing file /opt/anaconda3/lib/python3.12/site-packages/airflow/example_dags/example_setup_teardown_taskflow.py for tasks to queue
[2025-04-13T13:15:38.294-0400] {logging_mixin.py:188} INFO - [2025-04-13T13:15:38.294-0400] {dagbag.py:540} INFO - Filling up the DagBag from /opt/anaconda3/lib/python3.12/site-packages/airflow/example_dags/example_setup_teardown_taskflow.py
[2025-04-13T13:15:38.309-0400] {processor.py:840} INFO - DAG(s) 'example_setup_teardown_taskflow' retrieved from /opt/anaconda3/lib/python3.12/site-packages/airflow/example_dags/example_setup_teardown_taskflow.py
[2025-04-13T13:15:38.346-0400] {logging_mixin.py:188} INFO - [2025-04-13T13:15:38.346-0400] {dag.py:3096} INFO - Sync 1 DAGs
[2025-04-13T13:15:38.351-0400] {logging_mixin.py:188} INFO - [2025-04-13T13:15:38.351-0400] {dag.py:3954} INFO - Setting next_dagrun for example_setup_teardown_taskflow to 2025-04-12 00:00:00+00:00, run_after=2025-04-13 00:00:00+00:00
[2025-04-13T13:15:38.357-0400] {processor.py:183} INFO - Processing /opt/anaconda3/lib/python3.12/site-packages/airflow/example_dags/example_setup_teardown_taskflow.py took 0.065 seconds
[2025-04-13T13:19:19.210-0400] {processor.py:161} INFO - Started process (PID=38822) to work on /opt/anaconda3/lib/python3.12/site-packages/airflow/example_dags/example_setup_teardown_taskflow.py
[2025-04-13T13:19:19.212-0400] {processor.py:830} INFO - Processing file /opt/anaconda3/lib/python3.12/site-packages/airflow/example_dags/example_setup_teardown_taskflow.py for tasks to queue
[2025-04-13T13:19:19.212-0400] {logging_mixin.py:188} INFO - [2025-04-13T13:19:19.212-0400] {dagbag.py:540} INFO - Filling up the DagBag from /opt/anaconda3/lib/python3.12/site-packages/airflow/example_dags/example_setup_teardown_taskflow.py
[2025-04-13T13:19:19.226-0400] {processor.py:840} INFO - DAG(s) 'example_setup_teardown_taskflow' retrieved from /opt/anaconda3/lib/python3.12/site-packages/airflow/example_dags/example_setup_teardown_taskflow.py
[2025-04-13T13:19:19.288-0400] {logging_mixin.py:188} INFO - [2025-04-13T13:19:19.287-0400] {dag.py:3096} INFO - Sync 1 DAGs
[2025-04-13T13:19:19.292-0400] {logging_mixin.py:188} INFO - [2025-04-13T13:19:19.292-0400] {dag.py:3954} INFO - Setting next_dagrun for example_setup_teardown_taskflow to 2025-04-12 00:00:00+00:00, run_after=2025-04-13 00:00:00+00:00
[2025-04-13T13:19:19.298-0400] {processor.py:183} INFO - Processing /opt/anaconda3/lib/python3.12/site-packages/airflow/example_dags/example_setup_teardown_taskflow.py took 0.089 seconds
[2025-04-13T13:23:48.277-0400] {processor.py:161} INFO - Started process (PID=40747) to work on /opt/anaconda3/lib/python3.12/site-packages/airflow/example_dags/example_setup_teardown_taskflow.py
[2025-04-13T13:23:48.278-0400] {processor.py:830} INFO - Processing file /opt/anaconda3/lib/python3.12/site-packages/airflow/example_dags/example_setup_teardown_taskflow.py for tasks to queue
[2025-04-13T13:23:48.278-0400] {logging_mixin.py:188} INFO - [2025-04-13T13:23:48.278-0400] {dagbag.py:540} INFO - Filling up the DagBag from /opt/anaconda3/lib/python3.12/site-packages/airflow/example_dags/example_setup_teardown_taskflow.py
[2025-04-13T13:23:48.293-0400] {processor.py:840} INFO - DAG(s) 'example_setup_teardown_taskflow' retrieved from /opt/anaconda3/lib/python3.12/site-packages/airflow/example_dags/example_setup_teardown_taskflow.py
[2025-04-13T13:23:48.356-0400] {logging_mixin.py:188} INFO - [2025-04-13T13:23:48.355-0400] {dag.py:3096} INFO - Sync 1 DAGs
[2025-04-13T13:23:48.360-0400] {logging_mixin.py:188} INFO - [2025-04-13T13:23:48.360-0400] {dag.py:3954} INFO - Setting next_dagrun for example_setup_teardown_taskflow to 2025-04-12 00:00:00+00:00, run_after=2025-04-13 00:00:00+00:00
[2025-04-13T13:23:48.367-0400] {processor.py:183} INFO - Processing /opt/anaconda3/lib/python3.12/site-packages/airflow/example_dags/example_setup_teardown_taskflow.py took 0.092 seconds
[2025-04-13T13:25:27.177-0400] {processor.py:161} INFO - Started process (PID=41409) to work on /opt/anaconda3/lib/python3.12/site-packages/airflow/example_dags/example_setup_teardown_taskflow.py
[2025-04-13T13:25:27.178-0400] {processor.py:830} INFO - Processing file /opt/anaconda3/lib/python3.12/site-packages/airflow/example_dags/example_setup_teardown_taskflow.py for tasks to queue
[2025-04-13T13:25:27.178-0400] {logging_mixin.py:188} INFO - [2025-04-13T13:25:27.178-0400] {dagbag.py:540} INFO - Filling up the DagBag from /opt/anaconda3/lib/python3.12/site-packages/airflow/example_dags/example_setup_teardown_taskflow.py
[2025-04-13T13:25:27.193-0400] {processor.py:840} INFO - DAG(s) 'example_setup_teardown_taskflow' retrieved from /opt/anaconda3/lib/python3.12/site-packages/airflow/example_dags/example_setup_teardown_taskflow.py
[2025-04-13T13:25:27.228-0400] {logging_mixin.py:188} INFO - [2025-04-13T13:25:27.228-0400] {dag.py:3096} INFO - Sync 1 DAGs
[2025-04-13T13:25:27.233-0400] {logging_mixin.py:188} INFO - [2025-04-13T13:25:27.233-0400] {dag.py:3954} INFO - Setting next_dagrun for example_setup_teardown_taskflow to 2025-04-12 00:00:00+00:00, run_after=2025-04-13 00:00:00+00:00
[2025-04-13T13:25:27.238-0400] {processor.py:183} INFO - Processing /opt/anaconda3/lib/python3.12/site-packages/airflow/example_dags/example_setup_teardown_taskflow.py took 0.062 seconds
[2025-04-13T13:27:30.224-0400] {processor.py:161} INFO - Started process (PID=42238) to work on /opt/anaconda3/lib/python3.12/site-packages/airflow/example_dags/example_setup_teardown_taskflow.py
[2025-04-13T13:27:30.225-0400] {processor.py:830} INFO - Processing file /opt/anaconda3/lib/python3.12/site-packages/airflow/example_dags/example_setup_teardown_taskflow.py for tasks to queue
[2025-04-13T13:27:30.225-0400] {logging_mixin.py:188} INFO - [2025-04-13T13:27:30.225-0400] {dagbag.py:540} INFO - Filling up the DagBag from /opt/anaconda3/lib/python3.12/site-packages/airflow/example_dags/example_setup_teardown_taskflow.py
[2025-04-13T13:27:30.243-0400] {processor.py:840} INFO - DAG(s) 'example_setup_teardown_taskflow' retrieved from /opt/anaconda3/lib/python3.12/site-packages/airflow/example_dags/example_setup_teardown_taskflow.py
[2025-04-13T13:27:30.280-0400] {logging_mixin.py:188} INFO - [2025-04-13T13:27:30.280-0400] {dag.py:3096} INFO - Sync 1 DAGs
[2025-04-13T13:27:30.285-0400] {logging_mixin.py:188} INFO - [2025-04-13T13:27:30.285-0400] {dag.py:3954} INFO - Setting next_dagrun for example_setup_teardown_taskflow to 2025-04-12 00:00:00+00:00, run_after=2025-04-13 00:00:00+00:00
[2025-04-13T13:27:30.291-0400] {processor.py:183} INFO - Processing /opt/anaconda3/lib/python3.12/site-packages/airflow/example_dags/example_setup_teardown_taskflow.py took 0.068 seconds
[2025-04-13T13:29:42.971-0400] {processor.py:161} INFO - Started process (PID=43116) to work on /opt/anaconda3/lib/python3.12/site-packages/airflow/example_dags/example_setup_teardown_taskflow.py
[2025-04-13T13:29:42.972-0400] {processor.py:830} INFO - Processing file /opt/anaconda3/lib/python3.12/site-packages/airflow/example_dags/example_setup_teardown_taskflow.py for tasks to queue
[2025-04-13T13:29:42.972-0400] {logging_mixin.py:188} INFO - [2025-04-13T13:29:42.972-0400] {dagbag.py:540} INFO - Filling up the DagBag from /opt/anaconda3/lib/python3.12/site-packages/airflow/example_dags/example_setup_teardown_taskflow.py
[2025-04-13T13:29:42.987-0400] {processor.py:840} INFO - DAG(s) 'example_setup_teardown_taskflow' retrieved from /opt/anaconda3/lib/python3.12/site-packages/airflow/example_dags/example_setup_teardown_taskflow.py
[2025-04-13T13:29:43.022-0400] {logging_mixin.py:188} INFO - [2025-04-13T13:29:43.021-0400] {dag.py:3096} INFO - Sync 1 DAGs
[2025-04-13T13:29:43.026-0400] {logging_mixin.py:188} INFO - [2025-04-13T13:29:43.026-0400] {dag.py:3954} INFO - Setting next_dagrun for example_setup_teardown_taskflow to 2025-04-12 00:00:00+00:00, run_after=2025-04-13 00:00:00+00:00
[2025-04-13T13:29:43.032-0400] {processor.py:183} INFO - Processing /opt/anaconda3/lib/python3.12/site-packages/airflow/example_dags/example_setup_teardown_taskflow.py took 0.062 seconds
[2025-04-13T13:32:04.593-0400] {processor.py:161} INFO - Started process (PID=44032) to work on /opt/anaconda3/lib/python3.12/site-packages/airflow/example_dags/example_setup_teardown_taskflow.py
[2025-04-13T13:32:04.594-0400] {processor.py:830} INFO - Processing file /opt/anaconda3/lib/python3.12/site-packages/airflow/example_dags/example_setup_teardown_taskflow.py for tasks to queue
[2025-04-13T13:32:04.594-0400] {logging_mixin.py:188} INFO - [2025-04-13T13:32:04.594-0400] {dagbag.py:540} INFO - Filling up the DagBag from /opt/anaconda3/lib/python3.12/site-packages/airflow/example_dags/example_setup_teardown_taskflow.py
[2025-04-13T13:32:04.610-0400] {processor.py:840} INFO - DAG(s) 'example_setup_teardown_taskflow' retrieved from /opt/anaconda3/lib/python3.12/site-packages/airflow/example_dags/example_setup_teardown_taskflow.py
[2025-04-13T13:32:04.646-0400] {logging_mixin.py:188} INFO - [2025-04-13T13:32:04.646-0400] {dag.py:3096} INFO - Sync 1 DAGs
[2025-04-13T13:32:04.651-0400] {logging_mixin.py:188} INFO - [2025-04-13T13:32:04.651-0400] {dag.py:3954} INFO - Setting next_dagrun for example_setup_teardown_taskflow to 2025-04-12 00:00:00+00:00, run_after=2025-04-13 00:00:00+00:00
[2025-04-13T13:32:04.658-0400] {processor.py:183} INFO - Processing /opt/anaconda3/lib/python3.12/site-packages/airflow/example_dags/example_setup_teardown_taskflow.py took 0.065 seconds
[2025-04-13T13:33:41.140-0400] {processor.py:161} INFO - Started process (PID=44662) to work on /opt/anaconda3/lib/python3.12/site-packages/airflow/example_dags/example_setup_teardown_taskflow.py
[2025-04-13T13:33:41.141-0400] {processor.py:830} INFO - Processing file /opt/anaconda3/lib/python3.12/site-packages/airflow/example_dags/example_setup_teardown_taskflow.py for tasks to queue
[2025-04-13T13:33:41.141-0400] {logging_mixin.py:188} INFO - [2025-04-13T13:33:41.141-0400] {dagbag.py:540} INFO - Filling up the DagBag from /opt/anaconda3/lib/python3.12/site-packages/airflow/example_dags/example_setup_teardown_taskflow.py
[2025-04-13T13:33:41.156-0400] {processor.py:840} INFO - DAG(s) 'example_setup_teardown_taskflow' retrieved from /opt/anaconda3/lib/python3.12/site-packages/airflow/example_dags/example_setup_teardown_taskflow.py
[2025-04-13T13:33:41.192-0400] {logging_mixin.py:188} INFO - [2025-04-13T13:33:41.192-0400] {dag.py:3096} INFO - Sync 1 DAGs
[2025-04-13T13:33:41.197-0400] {logging_mixin.py:188} INFO - [2025-04-13T13:33:41.197-0400] {dag.py:3954} INFO - Setting next_dagrun for example_setup_teardown_taskflow to 2025-04-12 00:00:00+00:00, run_after=2025-04-13 00:00:00+00:00
[2025-04-13T13:33:41.203-0400] {processor.py:183} INFO - Processing /opt/anaconda3/lib/python3.12/site-packages/airflow/example_dags/example_setup_teardown_taskflow.py took 0.064 seconds
[2025-04-13T13:36:26.872-0400] {processor.py:161} INFO - Started process (PID=45225) to work on /opt/anaconda3/lib/python3.12/site-packages/airflow/example_dags/example_setup_teardown_taskflow.py
[2025-04-13T13:36:26.872-0400] {processor.py:830} INFO - Processing file /opt/anaconda3/lib/python3.12/site-packages/airflow/example_dags/example_setup_teardown_taskflow.py for tasks to queue
[2025-04-13T13:36:26.872-0400] {logging_mixin.py:188} INFO - [2025-04-13T13:36:26.872-0400] {dagbag.py:540} INFO - Filling up the DagBag from /opt/anaconda3/lib/python3.12/site-packages/airflow/example_dags/example_setup_teardown_taskflow.py
[2025-04-13T13:36:26.887-0400] {processor.py:840} INFO - DAG(s) 'example_setup_teardown_taskflow' retrieved from /opt/anaconda3/lib/python3.12/site-packages/airflow/example_dags/example_setup_teardown_taskflow.py
[2025-04-13T13:36:26.922-0400] {logging_mixin.py:188} INFO - [2025-04-13T13:36:26.922-0400] {dag.py:3096} INFO - Sync 1 DAGs
[2025-04-13T13:36:26.927-0400] {logging_mixin.py:188} INFO - [2025-04-13T13:36:26.927-0400] {dag.py:3954} INFO - Setting next_dagrun for example_setup_teardown_taskflow to 2025-04-12 00:00:00+00:00, run_after=2025-04-13 00:00:00+00:00
[2025-04-13T13:36:26.933-0400] {processor.py:183} INFO - Processing /opt/anaconda3/lib/python3.12/site-packages/airflow/example_dags/example_setup_teardown_taskflow.py took 0.062 seconds
[2025-04-13T13:37:52.655-0400] {processor.py:161} INFO - Started process (PID=45788) to work on /opt/anaconda3/lib/python3.12/site-packages/airflow/example_dags/example_setup_teardown_taskflow.py
[2025-04-13T13:37:52.655-0400] {processor.py:830} INFO - Processing file /opt/anaconda3/lib/python3.12/site-packages/airflow/example_dags/example_setup_teardown_taskflow.py for tasks to queue
[2025-04-13T13:37:52.656-0400] {logging_mixin.py:188} INFO - [2025-04-13T13:37:52.656-0400] {dagbag.py:540} INFO - Filling up the DagBag from /opt/anaconda3/lib/python3.12/site-packages/airflow/example_dags/example_setup_teardown_taskflow.py
[2025-04-13T13:37:52.671-0400] {processor.py:840} INFO - DAG(s) 'example_setup_teardown_taskflow' retrieved from /opt/anaconda3/lib/python3.12/site-packages/airflow/example_dags/example_setup_teardown_taskflow.py
[2025-04-13T13:37:52.708-0400] {logging_mixin.py:188} INFO - [2025-04-13T13:37:52.708-0400] {dag.py:3096} INFO - Sync 1 DAGs
[2025-04-13T13:37:52.713-0400] {logging_mixin.py:188} INFO - [2025-04-13T13:37:52.713-0400] {dag.py:3954} INFO - Setting next_dagrun for example_setup_teardown_taskflow to 2025-04-12 00:00:00+00:00, run_after=2025-04-13 00:00:00+00:00
[2025-04-13T13:37:52.719-0400] {processor.py:183} INFO - Processing /opt/anaconda3/lib/python3.12/site-packages/airflow/example_dags/example_setup_teardown_taskflow.py took 0.065 seconds
[2025-04-13T13:40:05.771-0400] {processor.py:161} INFO - Started process (PID=46696) to work on /opt/anaconda3/lib/python3.12/site-packages/airflow/example_dags/example_setup_teardown_taskflow.py
[2025-04-13T13:40:05.772-0400] {processor.py:830} INFO - Processing file /opt/anaconda3/lib/python3.12/site-packages/airflow/example_dags/example_setup_teardown_taskflow.py for tasks to queue
[2025-04-13T13:40:05.772-0400] {logging_mixin.py:188} INFO - [2025-04-13T13:40:05.772-0400] {dagbag.py:540} INFO - Filling up the DagBag from /opt/anaconda3/lib/python3.12/site-packages/airflow/example_dags/example_setup_teardown_taskflow.py
[2025-04-13T13:40:05.787-0400] {processor.py:840} INFO - DAG(s) 'example_setup_teardown_taskflow' retrieved from /opt/anaconda3/lib/python3.12/site-packages/airflow/example_dags/example_setup_teardown_taskflow.py
[2025-04-13T13:40:05.822-0400] {logging_mixin.py:188} INFO - [2025-04-13T13:40:05.822-0400] {dag.py:3096} INFO - Sync 1 DAGs
[2025-04-13T13:40:05.827-0400] {logging_mixin.py:188} INFO - [2025-04-13T13:40:05.827-0400] {dag.py:3954} INFO - Setting next_dagrun for example_setup_teardown_taskflow to 2025-04-12 00:00:00+00:00, run_after=2025-04-13 00:00:00+00:00
[2025-04-13T13:40:05.833-0400] {processor.py:183} INFO - Processing /opt/anaconda3/lib/python3.12/site-packages/airflow/example_dags/example_setup_teardown_taskflow.py took 0.063 seconds
[2025-04-13T13:42:16.462-0400] {processor.py:161} INFO - Started process (PID=47577) to work on /opt/anaconda3/lib/python3.12/site-packages/airflow/example_dags/example_setup_teardown_taskflow.py
[2025-04-13T13:42:16.463-0400] {processor.py:830} INFO - Processing file /opt/anaconda3/lib/python3.12/site-packages/airflow/example_dags/example_setup_teardown_taskflow.py for tasks to queue
[2025-04-13T13:42:16.464-0400] {logging_mixin.py:188} INFO - [2025-04-13T13:42:16.463-0400] {dagbag.py:540} INFO - Filling up the DagBag from /opt/anaconda3/lib/python3.12/site-packages/airflow/example_dags/example_setup_teardown_taskflow.py
[2025-04-13T13:42:16.478-0400] {processor.py:840} INFO - DAG(s) 'example_setup_teardown_taskflow' retrieved from /opt/anaconda3/lib/python3.12/site-packages/airflow/example_dags/example_setup_teardown_taskflow.py
[2025-04-13T13:42:16.514-0400] {logging_mixin.py:188} INFO - [2025-04-13T13:42:16.514-0400] {dag.py:3096} INFO - Sync 1 DAGs
[2025-04-13T13:42:16.519-0400] {logging_mixin.py:188} INFO - [2025-04-13T13:42:16.519-0400] {dag.py:3954} INFO - Setting next_dagrun for example_setup_teardown_taskflow to 2025-04-12 00:00:00+00:00, run_after=2025-04-13 00:00:00+00:00
[2025-04-13T13:42:16.525-0400] {processor.py:183} INFO - Processing /opt/anaconda3/lib/python3.12/site-packages/airflow/example_dags/example_setup_teardown_taskflow.py took 0.064 seconds
[2025-04-13T13:44:27.405-0400] {processor.py:161} INFO - Started process (PID=48480) to work on /opt/anaconda3/lib/python3.12/site-packages/airflow/example_dags/example_setup_teardown_taskflow.py
[2025-04-13T13:44:27.405-0400] {processor.py:830} INFO - Processing file /opt/anaconda3/lib/python3.12/site-packages/airflow/example_dags/example_setup_teardown_taskflow.py for tasks to queue
[2025-04-13T13:44:27.406-0400] {logging_mixin.py:188} INFO - [2025-04-13T13:44:27.405-0400] {dagbag.py:540} INFO - Filling up the DagBag from /opt/anaconda3/lib/python3.12/site-packages/airflow/example_dags/example_setup_teardown_taskflow.py
[2025-04-13T13:44:27.421-0400] {processor.py:840} INFO - DAG(s) 'example_setup_teardown_taskflow' retrieved from /opt/anaconda3/lib/python3.12/site-packages/airflow/example_dags/example_setup_teardown_taskflow.py
[2025-04-13T13:44:27.457-0400] {logging_mixin.py:188} INFO - [2025-04-13T13:44:27.457-0400] {dag.py:3096} INFO - Sync 1 DAGs
[2025-04-13T13:44:27.462-0400] {logging_mixin.py:188} INFO - [2025-04-13T13:44:27.462-0400] {dag.py:3954} INFO - Setting next_dagrun for example_setup_teardown_taskflow to 2025-04-12 00:00:00+00:00, run_after=2025-04-13 00:00:00+00:00
[2025-04-13T13:44:27.468-0400] {processor.py:183} INFO - Processing /opt/anaconda3/lib/python3.12/site-packages/airflow/example_dags/example_setup_teardown_taskflow.py took 0.064 seconds
[2025-04-13T13:46:48.373-0400] {processor.py:161} INFO - Started process (PID=49407) to work on /opt/anaconda3/lib/python3.12/site-packages/airflow/example_dags/example_setup_teardown_taskflow.py
[2025-04-13T13:46:48.374-0400] {processor.py:830} INFO - Processing file /opt/anaconda3/lib/python3.12/site-packages/airflow/example_dags/example_setup_teardown_taskflow.py for tasks to queue
[2025-04-13T13:46:48.374-0400] {logging_mixin.py:188} INFO - [2025-04-13T13:46:48.374-0400] {dagbag.py:540} INFO - Filling up the DagBag from /opt/anaconda3/lib/python3.12/site-packages/airflow/example_dags/example_setup_teardown_taskflow.py
[2025-04-13T13:46:48.389-0400] {processor.py:840} INFO - DAG(s) 'example_setup_teardown_taskflow' retrieved from /opt/anaconda3/lib/python3.12/site-packages/airflow/example_dags/example_setup_teardown_taskflow.py
[2025-04-13T13:46:48.425-0400] {logging_mixin.py:188} INFO - [2025-04-13T13:46:48.425-0400] {dag.py:3096} INFO - Sync 1 DAGs
[2025-04-13T13:46:48.430-0400] {logging_mixin.py:188} INFO - [2025-04-13T13:46:48.430-0400] {dag.py:3954} INFO - Setting next_dagrun for example_setup_teardown_taskflow to 2025-04-12 00:00:00+00:00, run_after=2025-04-13 00:00:00+00:00
[2025-04-13T13:46:48.436-0400] {processor.py:183} INFO - Processing /opt/anaconda3/lib/python3.12/site-packages/airflow/example_dags/example_setup_teardown_taskflow.py took 0.064 seconds
[2025-04-13T13:49:07.914-0400] {processor.py:161} INFO - Started process (PID=50329) to work on /opt/anaconda3/lib/python3.12/site-packages/airflow/example_dags/example_setup_teardown_taskflow.py
[2025-04-13T13:49:07.914-0400] {processor.py:830} INFO - Processing file /opt/anaconda3/lib/python3.12/site-packages/airflow/example_dags/example_setup_teardown_taskflow.py for tasks to queue
[2025-04-13T13:49:07.914-0400] {logging_mixin.py:188} INFO - [2025-04-13T13:49:07.914-0400] {dagbag.py:540} INFO - Filling up the DagBag from /opt/anaconda3/lib/python3.12/site-packages/airflow/example_dags/example_setup_teardown_taskflow.py
[2025-04-13T13:49:07.930-0400] {processor.py:840} INFO - DAG(s) 'example_setup_teardown_taskflow' retrieved from /opt/anaconda3/lib/python3.12/site-packages/airflow/example_dags/example_setup_teardown_taskflow.py
[2025-04-13T13:49:07.967-0400] {logging_mixin.py:188} INFO - [2025-04-13T13:49:07.966-0400] {dag.py:3096} INFO - Sync 1 DAGs
[2025-04-13T13:49:07.972-0400] {logging_mixin.py:188} INFO - [2025-04-13T13:49:07.972-0400] {dag.py:3954} INFO - Setting next_dagrun for example_setup_teardown_taskflow to 2025-04-12 00:00:00+00:00, run_after=2025-04-13 00:00:00+00:00
[2025-04-13T13:49:07.978-0400] {processor.py:183} INFO - Processing /opt/anaconda3/lib/python3.12/site-packages/airflow/example_dags/example_setup_teardown_taskflow.py took 0.065 seconds
[2025-04-13T13:51:26.313-0400] {processor.py:161} INFO - Started process (PID=51266) to work on /opt/anaconda3/lib/python3.12/site-packages/airflow/example_dags/example_setup_teardown_taskflow.py
[2025-04-13T13:51:26.313-0400] {processor.py:830} INFO - Processing file /opt/anaconda3/lib/python3.12/site-packages/airflow/example_dags/example_setup_teardown_taskflow.py for tasks to queue
[2025-04-13T13:51:26.314-0400] {logging_mixin.py:188} INFO - [2025-04-13T13:51:26.314-0400] {dagbag.py:540} INFO - Filling up the DagBag from /opt/anaconda3/lib/python3.12/site-packages/airflow/example_dags/example_setup_teardown_taskflow.py
[2025-04-13T13:51:26.328-0400] {processor.py:840} INFO - DAG(s) 'example_setup_teardown_taskflow' retrieved from /opt/anaconda3/lib/python3.12/site-packages/airflow/example_dags/example_setup_teardown_taskflow.py
[2025-04-13T13:51:26.364-0400] {logging_mixin.py:188} INFO - [2025-04-13T13:51:26.364-0400] {dag.py:3096} INFO - Sync 1 DAGs
[2025-04-13T13:51:26.369-0400] {logging_mixin.py:188} INFO - [2025-04-13T13:51:26.369-0400] {dag.py:3954} INFO - Setting next_dagrun for example_setup_teardown_taskflow to 2025-04-12 00:00:00+00:00, run_after=2025-04-13 00:00:00+00:00
[2025-04-13T13:51:26.375-0400] {processor.py:183} INFO - Processing /opt/anaconda3/lib/python3.12/site-packages/airflow/example_dags/example_setup_teardown_taskflow.py took 0.063 seconds
[2025-04-13T13:53:48.558-0400] {processor.py:161} INFO - Started process (PID=52224) to work on /opt/anaconda3/lib/python3.12/site-packages/airflow/example_dags/example_setup_teardown_taskflow.py
[2025-04-13T13:53:48.559-0400] {processor.py:830} INFO - Processing file /opt/anaconda3/lib/python3.12/site-packages/airflow/example_dags/example_setup_teardown_taskflow.py for tasks to queue
[2025-04-13T13:53:48.559-0400] {logging_mixin.py:188} INFO - [2025-04-13T13:53:48.559-0400] {dagbag.py:540} INFO - Filling up the DagBag from /opt/anaconda3/lib/python3.12/site-packages/airflow/example_dags/example_setup_teardown_taskflow.py
[2025-04-13T13:53:48.574-0400] {processor.py:840} INFO - DAG(s) 'example_setup_teardown_taskflow' retrieved from /opt/anaconda3/lib/python3.12/site-packages/airflow/example_dags/example_setup_teardown_taskflow.py
[2025-04-13T13:53:48.609-0400] {logging_mixin.py:188} INFO - [2025-04-13T13:53:48.609-0400] {dag.py:3096} INFO - Sync 1 DAGs
[2025-04-13T13:53:48.614-0400] {logging_mixin.py:188} INFO - [2025-04-13T13:53:48.614-0400] {dag.py:3954} INFO - Setting next_dagrun for example_setup_teardown_taskflow to 2025-04-12 00:00:00+00:00, run_after=2025-04-13 00:00:00+00:00
[2025-04-13T13:53:48.619-0400] {processor.py:183} INFO - Processing /opt/anaconda3/lib/python3.12/site-packages/airflow/example_dags/example_setup_teardown_taskflow.py took 0.062 seconds
[2025-04-13T13:56:02.421-0400] {processor.py:161} INFO - Started process (PID=53109) to work on /opt/anaconda3/lib/python3.12/site-packages/airflow/example_dags/example_setup_teardown_taskflow.py
[2025-04-13T13:56:02.423-0400] {processor.py:830} INFO - Processing file /opt/anaconda3/lib/python3.12/site-packages/airflow/example_dags/example_setup_teardown_taskflow.py for tasks to queue
[2025-04-13T13:56:02.423-0400] {logging_mixin.py:188} INFO - [2025-04-13T13:56:02.423-0400] {dagbag.py:540} INFO - Filling up the DagBag from /opt/anaconda3/lib/python3.12/site-packages/airflow/example_dags/example_setup_teardown_taskflow.py
[2025-04-13T13:56:02.438-0400] {processor.py:840} INFO - DAG(s) 'example_setup_teardown_taskflow' retrieved from /opt/anaconda3/lib/python3.12/site-packages/airflow/example_dags/example_setup_teardown_taskflow.py
[2025-04-13T13:56:02.473-0400] {logging_mixin.py:188} INFO - [2025-04-13T13:56:02.473-0400] {dag.py:3096} INFO - Sync 1 DAGs
[2025-04-13T13:56:02.478-0400] {logging_mixin.py:188} INFO - [2025-04-13T13:56:02.478-0400] {dag.py:3954} INFO - Setting next_dagrun for example_setup_teardown_taskflow to 2025-04-12 00:00:00+00:00, run_after=2025-04-13 00:00:00+00:00
[2025-04-13T13:56:02.484-0400] {processor.py:183} INFO - Processing /opt/anaconda3/lib/python3.12/site-packages/airflow/example_dags/example_setup_teardown_taskflow.py took 0.064 seconds
[2025-04-13T13:58:19.723-0400] {processor.py:161} INFO - Started process (PID=54054) to work on /opt/anaconda3/lib/python3.12/site-packages/airflow/example_dags/example_setup_teardown_taskflow.py
[2025-04-13T13:58:19.724-0400] {processor.py:830} INFO - Processing file /opt/anaconda3/lib/python3.12/site-packages/airflow/example_dags/example_setup_teardown_taskflow.py for tasks to queue
[2025-04-13T13:58:19.724-0400] {logging_mixin.py:188} INFO - [2025-04-13T13:58:19.724-0400] {dagbag.py:540} INFO - Filling up the DagBag from /opt/anaconda3/lib/python3.12/site-packages/airflow/example_dags/example_setup_teardown_taskflow.py
[2025-04-13T13:58:19.739-0400] {processor.py:840} INFO - DAG(s) 'example_setup_teardown_taskflow' retrieved from /opt/anaconda3/lib/python3.12/site-packages/airflow/example_dags/example_setup_teardown_taskflow.py
[2025-04-13T13:58:19.776-0400] {logging_mixin.py:188} INFO - [2025-04-13T13:58:19.776-0400] {dag.py:3096} INFO - Sync 1 DAGs
[2025-04-13T13:58:19.781-0400] {logging_mixin.py:188} INFO - [2025-04-13T13:58:19.781-0400] {dag.py:3954} INFO - Setting next_dagrun for example_setup_teardown_taskflow to 2025-04-12 00:00:00+00:00, run_after=2025-04-13 00:00:00+00:00
[2025-04-13T13:58:19.787-0400] {processor.py:183} INFO - Processing /opt/anaconda3/lib/python3.12/site-packages/airflow/example_dags/example_setup_teardown_taskflow.py took 0.065 seconds
[2025-04-13T14:00:32.487-0400] {processor.py:161} INFO - Started process (PID=55012) to work on /opt/anaconda3/lib/python3.12/site-packages/airflow/example_dags/example_setup_teardown_taskflow.py
[2025-04-13T14:00:32.488-0400] {processor.py:830} INFO - Processing file /opt/anaconda3/lib/python3.12/site-packages/airflow/example_dags/example_setup_teardown_taskflow.py for tasks to queue
[2025-04-13T14:00:32.488-0400] {logging_mixin.py:188} INFO - [2025-04-13T14:00:32.488-0400] {dagbag.py:540} INFO - Filling up the DagBag from /opt/anaconda3/lib/python3.12/site-packages/airflow/example_dags/example_setup_teardown_taskflow.py
[2025-04-13T14:00:32.503-0400] {processor.py:840} INFO - DAG(s) 'example_setup_teardown_taskflow' retrieved from /opt/anaconda3/lib/python3.12/site-packages/airflow/example_dags/example_setup_teardown_taskflow.py
[2025-04-13T14:00:32.540-0400] {logging_mixin.py:188} INFO - [2025-04-13T14:00:32.540-0400] {dag.py:3096} INFO - Sync 1 DAGs
[2025-04-13T14:00:32.545-0400] {logging_mixin.py:188} INFO - [2025-04-13T14:00:32.545-0400] {dag.py:3954} INFO - Setting next_dagrun for example_setup_teardown_taskflow to 2025-04-12 00:00:00+00:00, run_after=2025-04-13 00:00:00+00:00
[2025-04-13T14:00:32.551-0400] {processor.py:183} INFO - Processing /opt/anaconda3/lib/python3.12/site-packages/airflow/example_dags/example_setup_teardown_taskflow.py took 0.065 seconds
