[2025-04-13T13:05:52.628-0400] {processor.py:161} INFO - Started process (PID=33587) to work on /opt/anaconda3/lib/python3.12/site-packages/airflow/example_dags/example_trigger_target_dag.py
[2025-04-13T13:05:52.628-0400] {processor.py:830} INFO - Processing file /opt/anaconda3/lib/python3.12/site-packages/airflow/example_dags/example_trigger_target_dag.py for tasks to queue
[2025-04-13T13:05:52.628-0400] {logging_mixin.py:188} INFO - [2025-04-13T13:05:52.628-0400] {dagbag.py:540} INFO - Filling up the DagBag from /opt/anaconda3/lib/python3.12/site-packages/airflow/example_dags/example_trigger_target_dag.py
[2025-04-13T13:05:52.642-0400] {processor.py:840} INFO - DAG(s) 'example_trigger_target_dag' retrieved from /opt/anaconda3/lib/python3.12/site-packages/airflow/example_dags/example_trigger_target_dag.py
[2025-04-13T13:05:52.704-0400] {logging_mixin.py:188} INFO - [2025-04-13T13:05:52.704-0400] {override.py:1930} INFO - Created Permission View: can edit on DAG:example_trigger_target_dag
[2025-04-13T13:05:52.706-0400] {logging_mixin.py:188} INFO - [2025-04-13T13:05:52.706-0400] {override.py:1930} INFO - Created Permission View: can delete on DAG:example_trigger_target_dag
[2025-04-13T13:05:52.708-0400] {logging_mixin.py:188} INFO - [2025-04-13T13:05:52.708-0400] {override.py:1930} INFO - Created Permission View: can read on DAG:example_trigger_target_dag
[2025-04-13T13:05:52.708-0400] {logging_mixin.py:188} INFO - [2025-04-13T13:05:52.708-0400] {dag.py:3096} INFO - Sync 1 DAGs
[2025-04-13T13:05:52.711-0400] {logging_mixin.py:188} INFO - [2025-04-13T13:05:52.711-0400] {dag.py:3118} INFO - Creating ORM DAG for example_trigger_target_dag
[2025-04-13T13:05:52.711-0400] {logging_mixin.py:188} INFO - [2025-04-13T13:05:52.711-0400] {dag.py:3954} INFO - Setting next_dagrun for example_trigger_target_dag to None, run_after=None
[2025-04-13T13:05:52.716-0400] {processor.py:183} INFO - Processing /opt/anaconda3/lib/python3.12/site-packages/airflow/example_dags/example_trigger_target_dag.py took 0.089 seconds
[2025-04-13T13:07:47.067-0400] {processor.py:161} INFO - Started process (PID=34374) to work on /opt/anaconda3/lib/python3.12/site-packages/airflow/example_dags/example_trigger_target_dag.py
[2025-04-13T13:07:47.068-0400] {processor.py:830} INFO - Processing file /opt/anaconda3/lib/python3.12/site-packages/airflow/example_dags/example_trigger_target_dag.py for tasks to queue
[2025-04-13T13:07:47.068-0400] {logging_mixin.py:188} INFO - [2025-04-13T13:07:47.068-0400] {dagbag.py:540} INFO - Filling up the DagBag from /opt/anaconda3/lib/python3.12/site-packages/airflow/example_dags/example_trigger_target_dag.py
[2025-04-13T13:07:47.082-0400] {processor.py:840} INFO - DAG(s) 'example_trigger_target_dag' retrieved from /opt/anaconda3/lib/python3.12/site-packages/airflow/example_dags/example_trigger_target_dag.py
[2025-04-13T13:07:47.118-0400] {logging_mixin.py:188} INFO - [2025-04-13T13:07:47.117-0400] {dag.py:3096} INFO - Sync 1 DAGs
[2025-04-13T13:07:47.120-0400] {logging_mixin.py:188} INFO - [2025-04-13T13:07:47.120-0400] {dag.py:3954} INFO - Setting next_dagrun for example_trigger_target_dag to None, run_after=None
[2025-04-13T13:07:47.126-0400] {processor.py:183} INFO - Processing /opt/anaconda3/lib/python3.12/site-packages/airflow/example_dags/example_trigger_target_dag.py took 0.061 seconds
[2025-04-13T13:09:26.938-0400] {processor.py:161} INFO - Started process (PID=35059) to work on /opt/anaconda3/lib/python3.12/site-packages/airflow/example_dags/example_trigger_target_dag.py
[2025-04-13T13:09:26.939-0400] {processor.py:830} INFO - Processing file /opt/anaconda3/lib/python3.12/site-packages/airflow/example_dags/example_trigger_target_dag.py for tasks to queue
[2025-04-13T13:09:26.940-0400] {logging_mixin.py:188} INFO - [2025-04-13T13:09:26.939-0400] {dagbag.py:540} INFO - Filling up the DagBag from /opt/anaconda3/lib/python3.12/site-packages/airflow/example_dags/example_trigger_target_dag.py
[2025-04-13T13:09:26.954-0400] {processor.py:840} INFO - DAG(s) 'example_trigger_target_dag' retrieved from /opt/anaconda3/lib/python3.12/site-packages/airflow/example_dags/example_trigger_target_dag.py
[2025-04-13T13:09:26.989-0400] {logging_mixin.py:188} INFO - [2025-04-13T13:09:26.989-0400] {dag.py:3096} INFO - Sync 1 DAGs
[2025-04-13T13:09:26.992-0400] {logging_mixin.py:188} INFO - [2025-04-13T13:09:26.992-0400] {dag.py:3954} INFO - Setting next_dagrun for example_trigger_target_dag to None, run_after=None
[2025-04-13T13:09:26.998-0400] {processor.py:183} INFO - Processing /opt/anaconda3/lib/python3.12/site-packages/airflow/example_dags/example_trigger_target_dag.py took 0.061 seconds
[2025-04-13T13:15:20.425-0400] {processor.py:161} INFO - Started process (PID=37214) to work on /opt/anaconda3/lib/python3.12/site-packages/airflow/example_dags/example_trigger_target_dag.py
[2025-04-13T13:15:20.426-0400] {processor.py:830} INFO - Processing file /opt/anaconda3/lib/python3.12/site-packages/airflow/example_dags/example_trigger_target_dag.py for tasks to queue
[2025-04-13T13:15:20.426-0400] {logging_mixin.py:188} INFO - [2025-04-13T13:15:20.426-0400] {dagbag.py:540} INFO - Filling up the DagBag from /opt/anaconda3/lib/python3.12/site-packages/airflow/example_dags/example_trigger_target_dag.py
[2025-04-13T13:15:20.440-0400] {processor.py:840} INFO - DAG(s) 'example_trigger_target_dag' retrieved from /opt/anaconda3/lib/python3.12/site-packages/airflow/example_dags/example_trigger_target_dag.py
[2025-04-13T13:15:20.474-0400] {logging_mixin.py:188} INFO - [2025-04-13T13:15:20.474-0400] {dag.py:3096} INFO - Sync 1 DAGs
[2025-04-13T13:15:20.477-0400] {logging_mixin.py:188} INFO - [2025-04-13T13:15:20.477-0400] {dag.py:3954} INFO - Setting next_dagrun for example_trigger_target_dag to None, run_after=None
[2025-04-13T13:15:20.483-0400] {processor.py:183} INFO - Processing /opt/anaconda3/lib/python3.12/site-packages/airflow/example_dags/example_trigger_target_dag.py took 0.059 seconds
[2025-04-13T13:19:00.208-0400] {processor.py:161} INFO - Started process (PID=38681) to work on /opt/anaconda3/lib/python3.12/site-packages/airflow/example_dags/example_trigger_target_dag.py
[2025-04-13T13:19:00.209-0400] {processor.py:830} INFO - Processing file /opt/anaconda3/lib/python3.12/site-packages/airflow/example_dags/example_trigger_target_dag.py for tasks to queue
[2025-04-13T13:19:00.209-0400] {logging_mixin.py:188} INFO - [2025-04-13T13:19:00.209-0400] {dagbag.py:540} INFO - Filling up the DagBag from /opt/anaconda3/lib/python3.12/site-packages/airflow/example_dags/example_trigger_target_dag.py
[2025-04-13T13:19:00.223-0400] {processor.py:840} INFO - DAG(s) 'example_trigger_target_dag' retrieved from /opt/anaconda3/lib/python3.12/site-packages/airflow/example_dags/example_trigger_target_dag.py
[2025-04-13T13:19:00.284-0400] {logging_mixin.py:188} INFO - [2025-04-13T13:19:00.284-0400] {dag.py:3096} INFO - Sync 1 DAGs
[2025-04-13T13:19:00.287-0400] {logging_mixin.py:188} INFO - [2025-04-13T13:19:00.287-0400] {dag.py:3954} INFO - Setting next_dagrun for example_trigger_target_dag to None, run_after=None
[2025-04-13T13:19:00.295-0400] {processor.py:183} INFO - Processing /opt/anaconda3/lib/python3.12/site-packages/airflow/example_dags/example_trigger_target_dag.py took 0.087 seconds
[2025-04-13T13:22:04.077-0400] {processor.py:161} INFO - Started process (PID=40069) to work on /opt/anaconda3/lib/python3.12/site-packages/airflow/example_dags/example_trigger_target_dag.py
[2025-04-13T13:22:04.079-0400] {processor.py:830} INFO - Processing file /opt/anaconda3/lib/python3.12/site-packages/airflow/example_dags/example_trigger_target_dag.py for tasks to queue
[2025-04-13T13:22:04.079-0400] {logging_mixin.py:188} INFO - [2025-04-13T13:22:04.079-0400] {dagbag.py:540} INFO - Filling up the DagBag from /opt/anaconda3/lib/python3.12/site-packages/airflow/example_dags/example_trigger_target_dag.py
[2025-04-13T13:22:04.099-0400] {processor.py:840} INFO - DAG(s) 'example_trigger_target_dag' retrieved from /opt/anaconda3/lib/python3.12/site-packages/airflow/example_dags/example_trigger_target_dag.py
[2025-04-13T13:22:04.188-0400] {logging_mixin.py:188} INFO - [2025-04-13T13:22:04.188-0400] {dag.py:3096} INFO - Sync 1 DAGs
[2025-04-13T13:22:04.191-0400] {logging_mixin.py:188} INFO - [2025-04-13T13:22:04.191-0400] {dag.py:3954} INFO - Setting next_dagrun for example_trigger_target_dag to None, run_after=None
[2025-04-13T13:22:04.197-0400] {processor.py:183} INFO - Processing /opt/anaconda3/lib/python3.12/site-packages/airflow/example_dags/example_trigger_target_dag.py took 0.121 seconds
[2025-04-13T13:23:28.999-0400] {processor.py:161} INFO - Started process (PID=40623) to work on /opt/anaconda3/lib/python3.12/site-packages/airflow/example_dags/example_trigger_target_dag.py
[2025-04-13T13:23:29.000-0400] {processor.py:830} INFO - Processing file /opt/anaconda3/lib/python3.12/site-packages/airflow/example_dags/example_trigger_target_dag.py for tasks to queue
[2025-04-13T13:23:29.000-0400] {logging_mixin.py:188} INFO - [2025-04-13T13:23:29.000-0400] {dagbag.py:540} INFO - Filling up the DagBag from /opt/anaconda3/lib/python3.12/site-packages/airflow/example_dags/example_trigger_target_dag.py
[2025-04-13T13:23:29.014-0400] {processor.py:840} INFO - DAG(s) 'example_trigger_target_dag' retrieved from /opt/anaconda3/lib/python3.12/site-packages/airflow/example_dags/example_trigger_target_dag.py
[2025-04-13T13:23:29.049-0400] {logging_mixin.py:188} INFO - [2025-04-13T13:23:29.049-0400] {dag.py:3096} INFO - Sync 1 DAGs
[2025-04-13T13:23:29.052-0400] {logging_mixin.py:188} INFO - [2025-04-13T13:23:29.052-0400] {dag.py:3954} INFO - Setting next_dagrun for example_trigger_target_dag to None, run_after=None
[2025-04-13T13:23:29.057-0400] {processor.py:183} INFO - Processing /opt/anaconda3/lib/python3.12/site-packages/airflow/example_dags/example_trigger_target_dag.py took 0.059 seconds
[2025-04-13T13:25:08.455-0400] {processor.py:161} INFO - Started process (PID=41298) to work on /opt/anaconda3/lib/python3.12/site-packages/airflow/example_dags/example_trigger_target_dag.py
[2025-04-13T13:25:08.456-0400] {processor.py:830} INFO - Processing file /opt/anaconda3/lib/python3.12/site-packages/airflow/example_dags/example_trigger_target_dag.py for tasks to queue
[2025-04-13T13:25:08.456-0400] {logging_mixin.py:188} INFO - [2025-04-13T13:25:08.456-0400] {dagbag.py:540} INFO - Filling up the DagBag from /opt/anaconda3/lib/python3.12/site-packages/airflow/example_dags/example_trigger_target_dag.py
[2025-04-13T13:25:08.471-0400] {processor.py:840} INFO - DAG(s) 'example_trigger_target_dag' retrieved from /opt/anaconda3/lib/python3.12/site-packages/airflow/example_dags/example_trigger_target_dag.py
[2025-04-13T13:25:08.506-0400] {logging_mixin.py:188} INFO - [2025-04-13T13:25:08.506-0400] {dag.py:3096} INFO - Sync 1 DAGs
[2025-04-13T13:25:08.509-0400] {logging_mixin.py:188} INFO - [2025-04-13T13:25:08.509-0400] {dag.py:3954} INFO - Setting next_dagrun for example_trigger_target_dag to None, run_after=None
[2025-04-13T13:25:08.516-0400] {processor.py:183} INFO - Processing /opt/anaconda3/lib/python3.12/site-packages/airflow/example_dags/example_trigger_target_dag.py took 0.061 seconds
[2025-04-13T13:26:15.157-0400] {processor.py:161} INFO - Started process (PID=41731) to work on /opt/anaconda3/lib/python3.12/site-packages/airflow/example_dags/example_trigger_target_dag.py
[2025-04-13T13:26:15.157-0400] {processor.py:830} INFO - Processing file /opt/anaconda3/lib/python3.12/site-packages/airflow/example_dags/example_trigger_target_dag.py for tasks to queue
[2025-04-13T13:26:15.157-0400] {logging_mixin.py:188} INFO - [2025-04-13T13:26:15.157-0400] {dagbag.py:540} INFO - Filling up the DagBag from /opt/anaconda3/lib/python3.12/site-packages/airflow/example_dags/example_trigger_target_dag.py
[2025-04-13T13:26:15.172-0400] {processor.py:840} INFO - DAG(s) 'example_trigger_target_dag' retrieved from /opt/anaconda3/lib/python3.12/site-packages/airflow/example_dags/example_trigger_target_dag.py
[2025-04-13T13:26:15.207-0400] {logging_mixin.py:188} INFO - [2025-04-13T13:26:15.206-0400] {dag.py:3096} INFO - Sync 1 DAGs
[2025-04-13T13:26:15.209-0400] {logging_mixin.py:188} INFO - [2025-04-13T13:26:15.209-0400] {dag.py:3954} INFO - Setting next_dagrun for example_trigger_target_dag to None, run_after=None
[2025-04-13T13:26:15.215-0400] {processor.py:183} INFO - Processing /opt/anaconda3/lib/python3.12/site-packages/airflow/example_dags/example_trigger_target_dag.py took 0.060 seconds
[2025-04-13T13:27:16.049-0400] {processor.py:161} INFO - Started process (PID=42135) to work on /opt/anaconda3/lib/python3.12/site-packages/airflow/example_dags/example_trigger_target_dag.py
[2025-04-13T13:27:16.050-0400] {processor.py:830} INFO - Processing file /opt/anaconda3/lib/python3.12/site-packages/airflow/example_dags/example_trigger_target_dag.py for tasks to queue
[2025-04-13T13:27:16.050-0400] {logging_mixin.py:188} INFO - [2025-04-13T13:27:16.050-0400] {dagbag.py:540} INFO - Filling up the DagBag from /opt/anaconda3/lib/python3.12/site-packages/airflow/example_dags/example_trigger_target_dag.py
[2025-04-13T13:27:16.065-0400] {processor.py:840} INFO - DAG(s) 'example_trigger_target_dag' retrieved from /opt/anaconda3/lib/python3.12/site-packages/airflow/example_dags/example_trigger_target_dag.py
[2025-04-13T13:27:16.100-0400] {logging_mixin.py:188} INFO - [2025-04-13T13:27:16.100-0400] {dag.py:3096} INFO - Sync 1 DAGs
[2025-04-13T13:27:16.103-0400] {logging_mixin.py:188} INFO - [2025-04-13T13:27:16.103-0400] {dag.py:3954} INFO - Setting next_dagrun for example_trigger_target_dag to None, run_after=None
[2025-04-13T13:27:16.109-0400] {processor.py:183} INFO - Processing /opt/anaconda3/lib/python3.12/site-packages/airflow/example_dags/example_trigger_target_dag.py took 0.061 seconds
[2025-04-13T13:28:19.996-0400] {processor.py:161} INFO - Started process (PID=42571) to work on /opt/anaconda3/lib/python3.12/site-packages/airflow/example_dags/example_trigger_target_dag.py
[2025-04-13T13:28:19.997-0400] {processor.py:830} INFO - Processing file /opt/anaconda3/lib/python3.12/site-packages/airflow/example_dags/example_trigger_target_dag.py for tasks to queue
[2025-04-13T13:28:19.997-0400] {logging_mixin.py:188} INFO - [2025-04-13T13:28:19.997-0400] {dagbag.py:540} INFO - Filling up the DagBag from /opt/anaconda3/lib/python3.12/site-packages/airflow/example_dags/example_trigger_target_dag.py
[2025-04-13T13:28:20.011-0400] {processor.py:840} INFO - DAG(s) 'example_trigger_target_dag' retrieved from /opt/anaconda3/lib/python3.12/site-packages/airflow/example_dags/example_trigger_target_dag.py
[2025-04-13T13:28:20.046-0400] {logging_mixin.py:188} INFO - [2025-04-13T13:28:20.046-0400] {dag.py:3096} INFO - Sync 1 DAGs
[2025-04-13T13:28:20.049-0400] {logging_mixin.py:188} INFO - [2025-04-13T13:28:20.049-0400] {dag.py:3954} INFO - Setting next_dagrun for example_trigger_target_dag to None, run_after=None
[2025-04-13T13:28:20.055-0400] {processor.py:183} INFO - Processing /opt/anaconda3/lib/python3.12/site-packages/airflow/example_dags/example_trigger_target_dag.py took 0.059 seconds
[2025-04-13T13:29:29.043-0400] {processor.py:161} INFO - Started process (PID=43019) to work on /opt/anaconda3/lib/python3.12/site-packages/airflow/example_dags/example_trigger_target_dag.py
[2025-04-13T13:29:29.044-0400] {processor.py:830} INFO - Processing file /opt/anaconda3/lib/python3.12/site-packages/airflow/example_dags/example_trigger_target_dag.py for tasks to queue
[2025-04-13T13:29:29.045-0400] {logging_mixin.py:188} INFO - [2025-04-13T13:29:29.045-0400] {dagbag.py:540} INFO - Filling up the DagBag from /opt/anaconda3/lib/python3.12/site-packages/airflow/example_dags/example_trigger_target_dag.py
[2025-04-13T13:29:29.058-0400] {processor.py:840} INFO - DAG(s) 'example_trigger_target_dag' retrieved from /opt/anaconda3/lib/python3.12/site-packages/airflow/example_dags/example_trigger_target_dag.py
[2025-04-13T13:29:29.093-0400] {logging_mixin.py:188} INFO - [2025-04-13T13:29:29.093-0400] {dag.py:3096} INFO - Sync 1 DAGs
[2025-04-13T13:29:29.096-0400] {logging_mixin.py:188} INFO - [2025-04-13T13:29:29.096-0400] {dag.py:3954} INFO - Setting next_dagrun for example_trigger_target_dag to None, run_after=None
[2025-04-13T13:29:29.102-0400] {processor.py:183} INFO - Processing /opt/anaconda3/lib/python3.12/site-packages/airflow/example_dags/example_trigger_target_dag.py took 0.059 seconds
[2025-04-13T13:31:45.458-0400] {processor.py:161} INFO - Started process (PID=43908) to work on /opt/anaconda3/lib/python3.12/site-packages/airflow/example_dags/example_trigger_target_dag.py
[2025-04-13T13:31:45.460-0400] {processor.py:830} INFO - Processing file /opt/anaconda3/lib/python3.12/site-packages/airflow/example_dags/example_trigger_target_dag.py for tasks to queue
[2025-04-13T13:31:45.460-0400] {logging_mixin.py:188} INFO - [2025-04-13T13:31:45.460-0400] {dagbag.py:540} INFO - Filling up the DagBag from /opt/anaconda3/lib/python3.12/site-packages/airflow/example_dags/example_trigger_target_dag.py
[2025-04-13T13:31:45.474-0400] {processor.py:840} INFO - DAG(s) 'example_trigger_target_dag' retrieved from /opt/anaconda3/lib/python3.12/site-packages/airflow/example_dags/example_trigger_target_dag.py
[2025-04-13T13:31:45.510-0400] {logging_mixin.py:188} INFO - [2025-04-13T13:31:45.510-0400] {dag.py:3096} INFO - Sync 1 DAGs
[2025-04-13T13:31:45.513-0400] {logging_mixin.py:188} INFO - [2025-04-13T13:31:45.513-0400] {dag.py:3954} INFO - Setting next_dagrun for example_trigger_target_dag to None, run_after=None
[2025-04-13T13:31:45.519-0400] {processor.py:183} INFO - Processing /opt/anaconda3/lib/python3.12/site-packages/airflow/example_dags/example_trigger_target_dag.py took 0.062 seconds
[2025-04-13T13:33:23.094-0400] {processor.py:161} INFO - Started process (PID=44550) to work on /opt/anaconda3/lib/python3.12/site-packages/airflow/example_dags/example_trigger_target_dag.py
[2025-04-13T13:33:23.095-0400] {processor.py:830} INFO - Processing file /opt/anaconda3/lib/python3.12/site-packages/airflow/example_dags/example_trigger_target_dag.py for tasks to queue
[2025-04-13T13:33:23.096-0400] {logging_mixin.py:188} INFO - [2025-04-13T13:33:23.095-0400] {dagbag.py:540} INFO - Filling up the DagBag from /opt/anaconda3/lib/python3.12/site-packages/airflow/example_dags/example_trigger_target_dag.py
[2025-04-13T13:33:23.110-0400] {processor.py:840} INFO - DAG(s) 'example_trigger_target_dag' retrieved from /opt/anaconda3/lib/python3.12/site-packages/airflow/example_dags/example_trigger_target_dag.py
[2025-04-13T13:33:23.145-0400] {logging_mixin.py:188} INFO - [2025-04-13T13:33:23.145-0400] {dag.py:3096} INFO - Sync 1 DAGs
[2025-04-13T13:33:23.148-0400] {logging_mixin.py:188} INFO - [2025-04-13T13:33:23.147-0400] {dag.py:3954} INFO - Setting next_dagrun for example_trigger_target_dag to None, run_after=None
[2025-04-13T13:33:23.153-0400] {processor.py:183} INFO - Processing /opt/anaconda3/lib/python3.12/site-packages/airflow/example_dags/example_trigger_target_dag.py took 0.060 seconds
[2025-04-13T13:36:08.831-0400] {processor.py:161} INFO - Started process (PID=45101) to work on /opt/anaconda3/lib/python3.12/site-packages/airflow/example_dags/example_trigger_target_dag.py
[2025-04-13T13:36:08.831-0400] {processor.py:830} INFO - Processing file /opt/anaconda3/lib/python3.12/site-packages/airflow/example_dags/example_trigger_target_dag.py for tasks to queue
[2025-04-13T13:36:08.832-0400] {logging_mixin.py:188} INFO - [2025-04-13T13:36:08.832-0400] {dagbag.py:540} INFO - Filling up the DagBag from /opt/anaconda3/lib/python3.12/site-packages/airflow/example_dags/example_trigger_target_dag.py
[2025-04-13T13:36:08.846-0400] {processor.py:840} INFO - DAG(s) 'example_trigger_target_dag' retrieved from /opt/anaconda3/lib/python3.12/site-packages/airflow/example_dags/example_trigger_target_dag.py
[2025-04-13T13:36:08.884-0400] {logging_mixin.py:188} INFO - [2025-04-13T13:36:08.884-0400] {dag.py:3096} INFO - Sync 1 DAGs
[2025-04-13T13:36:08.887-0400] {logging_mixin.py:188} INFO - [2025-04-13T13:36:08.887-0400] {dag.py:3954} INFO - Setting next_dagrun for example_trigger_target_dag to None, run_after=None
[2025-04-13T13:36:08.893-0400] {processor.py:183} INFO - Processing /opt/anaconda3/lib/python3.12/site-packages/airflow/example_dags/example_trigger_target_dag.py took 0.063 seconds
[2025-04-13T13:37:33.279-0400] {processor.py:161} INFO - Started process (PID=45664) to work on /opt/anaconda3/lib/python3.12/site-packages/airflow/example_dags/example_trigger_target_dag.py
[2025-04-13T13:37:33.280-0400] {processor.py:830} INFO - Processing file /opt/anaconda3/lib/python3.12/site-packages/airflow/example_dags/example_trigger_target_dag.py for tasks to queue
[2025-04-13T13:37:33.280-0400] {logging_mixin.py:188} INFO - [2025-04-13T13:37:33.280-0400] {dagbag.py:540} INFO - Filling up the DagBag from /opt/anaconda3/lib/python3.12/site-packages/airflow/example_dags/example_trigger_target_dag.py
[2025-04-13T13:37:33.295-0400] {processor.py:840} INFO - DAG(s) 'example_trigger_target_dag' retrieved from /opt/anaconda3/lib/python3.12/site-packages/airflow/example_dags/example_trigger_target_dag.py
[2025-04-13T13:37:33.330-0400] {logging_mixin.py:188} INFO - [2025-04-13T13:37:33.330-0400] {dag.py:3096} INFO - Sync 1 DAGs
[2025-04-13T13:37:33.333-0400] {logging_mixin.py:188} INFO - [2025-04-13T13:37:33.333-0400] {dag.py:3954} INFO - Setting next_dagrun for example_trigger_target_dag to None, run_after=None
[2025-04-13T13:37:33.339-0400] {processor.py:183} INFO - Processing /opt/anaconda3/lib/python3.12/site-packages/airflow/example_dags/example_trigger_target_dag.py took 0.060 seconds
[2025-04-13T13:38:41.023-0400] {processor.py:161} INFO - Started process (PID=46113) to work on /opt/anaconda3/lib/python3.12/site-packages/airflow/example_dags/example_trigger_target_dag.py
[2025-04-13T13:38:41.024-0400] {processor.py:830} INFO - Processing file /opt/anaconda3/lib/python3.12/site-packages/airflow/example_dags/example_trigger_target_dag.py for tasks to queue
[2025-04-13T13:38:41.024-0400] {logging_mixin.py:188} INFO - [2025-04-13T13:38:41.024-0400] {dagbag.py:540} INFO - Filling up the DagBag from /opt/anaconda3/lib/python3.12/site-packages/airflow/example_dags/example_trigger_target_dag.py
[2025-04-13T13:38:41.038-0400] {processor.py:840} INFO - DAG(s) 'example_trigger_target_dag' retrieved from /opt/anaconda3/lib/python3.12/site-packages/airflow/example_dags/example_trigger_target_dag.py
[2025-04-13T13:38:41.074-0400] {logging_mixin.py:188} INFO - [2025-04-13T13:38:41.074-0400] {dag.py:3096} INFO - Sync 1 DAGs
[2025-04-13T13:38:41.077-0400] {logging_mixin.py:188} INFO - [2025-04-13T13:38:41.077-0400] {dag.py:3954} INFO - Setting next_dagrun for example_trigger_target_dag to None, run_after=None
[2025-04-13T13:38:41.083-0400] {processor.py:183} INFO - Processing /opt/anaconda3/lib/python3.12/site-packages/airflow/example_dags/example_trigger_target_dag.py took 0.061 seconds
[2025-04-13T13:39:48.545-0400] {processor.py:161} INFO - Started process (PID=46564) to work on /opt/anaconda3/lib/python3.12/site-packages/airflow/example_dags/example_trigger_target_dag.py
[2025-04-13T13:39:48.545-0400] {processor.py:830} INFO - Processing file /opt/anaconda3/lib/python3.12/site-packages/airflow/example_dags/example_trigger_target_dag.py for tasks to queue
[2025-04-13T13:39:48.545-0400] {logging_mixin.py:188} INFO - [2025-04-13T13:39:48.545-0400] {dagbag.py:540} INFO - Filling up the DagBag from /opt/anaconda3/lib/python3.12/site-packages/airflow/example_dags/example_trigger_target_dag.py
[2025-04-13T13:39:48.559-0400] {processor.py:840} INFO - DAG(s) 'example_trigger_target_dag' retrieved from /opt/anaconda3/lib/python3.12/site-packages/airflow/example_dags/example_trigger_target_dag.py
[2025-04-13T13:39:48.595-0400] {logging_mixin.py:188} INFO - [2025-04-13T13:39:48.595-0400] {dag.py:3096} INFO - Sync 1 DAGs
[2025-04-13T13:39:48.598-0400] {logging_mixin.py:188} INFO - [2025-04-13T13:39:48.598-0400] {dag.py:3954} INFO - Setting next_dagrun for example_trigger_target_dag to None, run_after=None
[2025-04-13T13:39:48.604-0400] {processor.py:183} INFO - Processing /opt/anaconda3/lib/python3.12/site-packages/airflow/example_dags/example_trigger_target_dag.py took 0.060 seconds
[2025-04-13T13:40:53.777-0400] {processor.py:161} INFO - Started process (PID=47031) to work on /opt/anaconda3/lib/python3.12/site-packages/airflow/example_dags/example_trigger_target_dag.py
[2025-04-13T13:40:53.778-0400] {processor.py:830} INFO - Processing file /opt/anaconda3/lib/python3.12/site-packages/airflow/example_dags/example_trigger_target_dag.py for tasks to queue
[2025-04-13T13:40:53.778-0400] {logging_mixin.py:188} INFO - [2025-04-13T13:40:53.778-0400] {dagbag.py:540} INFO - Filling up the DagBag from /opt/anaconda3/lib/python3.12/site-packages/airflow/example_dags/example_trigger_target_dag.py
[2025-04-13T13:40:53.792-0400] {processor.py:840} INFO - DAG(s) 'example_trigger_target_dag' retrieved from /opt/anaconda3/lib/python3.12/site-packages/airflow/example_dags/example_trigger_target_dag.py
[2025-04-13T13:40:53.827-0400] {logging_mixin.py:188} INFO - [2025-04-13T13:40:53.827-0400] {dag.py:3096} INFO - Sync 1 DAGs
[2025-04-13T13:40:53.830-0400] {logging_mixin.py:188} INFO - [2025-04-13T13:40:53.830-0400] {dag.py:3954} INFO - Setting next_dagrun for example_trigger_target_dag to None, run_after=None
[2025-04-13T13:40:53.836-0400] {processor.py:183} INFO - Processing /opt/anaconda3/lib/python3.12/site-packages/airflow/example_dags/example_trigger_target_dag.py took 0.060 seconds
[2025-04-13T13:41:59.878-0400] {processor.py:161} INFO - Started process (PID=47476) to work on /opt/anaconda3/lib/python3.12/site-packages/airflow/example_dags/example_trigger_target_dag.py
[2025-04-13T13:41:59.878-0400] {processor.py:830} INFO - Processing file /opt/anaconda3/lib/python3.12/site-packages/airflow/example_dags/example_trigger_target_dag.py for tasks to queue
[2025-04-13T13:41:59.879-0400] {logging_mixin.py:188} INFO - [2025-04-13T13:41:59.879-0400] {dagbag.py:540} INFO - Filling up the DagBag from /opt/anaconda3/lib/python3.12/site-packages/airflow/example_dags/example_trigger_target_dag.py
[2025-04-13T13:41:59.893-0400] {processor.py:840} INFO - DAG(s) 'example_trigger_target_dag' retrieved from /opt/anaconda3/lib/python3.12/site-packages/airflow/example_dags/example_trigger_target_dag.py
[2025-04-13T13:41:59.928-0400] {logging_mixin.py:188} INFO - [2025-04-13T13:41:59.928-0400] {dag.py:3096} INFO - Sync 1 DAGs
[2025-04-13T13:41:59.931-0400] {logging_mixin.py:188} INFO - [2025-04-13T13:41:59.931-0400] {dag.py:3954} INFO - Setting next_dagrun for example_trigger_target_dag to None, run_after=None
[2025-04-13T13:41:59.937-0400] {processor.py:183} INFO - Processing /opt/anaconda3/lib/python3.12/site-packages/airflow/example_dags/example_trigger_target_dag.py took 0.060 seconds
[2025-04-13T13:43:04.670-0400] {processor.py:161} INFO - Started process (PID=47918) to work on /opt/anaconda3/lib/python3.12/site-packages/airflow/example_dags/example_trigger_target_dag.py
[2025-04-13T13:43:04.671-0400] {processor.py:830} INFO - Processing file /opt/anaconda3/lib/python3.12/site-packages/airflow/example_dags/example_trigger_target_dag.py for tasks to queue
[2025-04-13T13:43:04.671-0400] {logging_mixin.py:188} INFO - [2025-04-13T13:43:04.671-0400] {dagbag.py:540} INFO - Filling up the DagBag from /opt/anaconda3/lib/python3.12/site-packages/airflow/example_dags/example_trigger_target_dag.py
[2025-04-13T13:43:04.685-0400] {processor.py:840} INFO - DAG(s) 'example_trigger_target_dag' retrieved from /opt/anaconda3/lib/python3.12/site-packages/airflow/example_dags/example_trigger_target_dag.py
[2025-04-13T13:43:04.720-0400] {logging_mixin.py:188} INFO - [2025-04-13T13:43:04.720-0400] {dag.py:3096} INFO - Sync 1 DAGs
[2025-04-13T13:43:04.723-0400] {logging_mixin.py:188} INFO - [2025-04-13T13:43:04.723-0400] {dag.py:3954} INFO - Setting next_dagrun for example_trigger_target_dag to None, run_after=None
[2025-04-13T13:43:04.729-0400] {processor.py:183} INFO - Processing /opt/anaconda3/lib/python3.12/site-packages/airflow/example_dags/example_trigger_target_dag.py took 0.060 seconds
[2025-04-13T13:44:11.392-0400] {processor.py:161} INFO - Started process (PID=48356) to work on /opt/anaconda3/lib/python3.12/site-packages/airflow/example_dags/example_trigger_target_dag.py
[2025-04-13T13:44:11.393-0400] {processor.py:830} INFO - Processing file /opt/anaconda3/lib/python3.12/site-packages/airflow/example_dags/example_trigger_target_dag.py for tasks to queue
[2025-04-13T13:44:11.393-0400] {logging_mixin.py:188} INFO - [2025-04-13T13:44:11.393-0400] {dagbag.py:540} INFO - Filling up the DagBag from /opt/anaconda3/lib/python3.12/site-packages/airflow/example_dags/example_trigger_target_dag.py
[2025-04-13T13:44:11.408-0400] {processor.py:840} INFO - DAG(s) 'example_trigger_target_dag' retrieved from /opt/anaconda3/lib/python3.12/site-packages/airflow/example_dags/example_trigger_target_dag.py
[2025-04-13T13:44:11.443-0400] {logging_mixin.py:188} INFO - [2025-04-13T13:44:11.443-0400] {dag.py:3096} INFO - Sync 1 DAGs
[2025-04-13T13:44:11.446-0400] {logging_mixin.py:188} INFO - [2025-04-13T13:44:11.446-0400] {dag.py:3954} INFO - Setting next_dagrun for example_trigger_target_dag to None, run_after=None
[2025-04-13T13:44:11.452-0400] {processor.py:183} INFO - Processing /opt/anaconda3/lib/python3.12/site-packages/airflow/example_dags/example_trigger_target_dag.py took 0.060 seconds
[2025-04-13T13:45:16.290-0400] {processor.py:161} INFO - Started process (PID=48803) to work on /opt/anaconda3/lib/python3.12/site-packages/airflow/example_dags/example_trigger_target_dag.py
[2025-04-13T13:45:16.291-0400] {processor.py:830} INFO - Processing file /opt/anaconda3/lib/python3.12/site-packages/airflow/example_dags/example_trigger_target_dag.py for tasks to queue
[2025-04-13T13:45:16.291-0400] {logging_mixin.py:188} INFO - [2025-04-13T13:45:16.291-0400] {dagbag.py:540} INFO - Filling up the DagBag from /opt/anaconda3/lib/python3.12/site-packages/airflow/example_dags/example_trigger_target_dag.py
[2025-04-13T13:45:16.305-0400] {processor.py:840} INFO - DAG(s) 'example_trigger_target_dag' retrieved from /opt/anaconda3/lib/python3.12/site-packages/airflow/example_dags/example_trigger_target_dag.py
[2025-04-13T13:45:16.339-0400] {logging_mixin.py:188} INFO - [2025-04-13T13:45:16.339-0400] {dag.py:3096} INFO - Sync 1 DAGs
[2025-04-13T13:45:16.342-0400] {logging_mixin.py:188} INFO - [2025-04-13T13:45:16.342-0400] {dag.py:3954} INFO - Setting next_dagrun for example_trigger_target_dag to None, run_after=None
[2025-04-13T13:45:16.348-0400] {processor.py:183} INFO - Processing /opt/anaconda3/lib/python3.12/site-packages/airflow/example_dags/example_trigger_target_dag.py took 0.059 seconds
[2025-04-13T13:46:28.164-0400] {processor.py:161} INFO - Started process (PID=49282) to work on /opt/anaconda3/lib/python3.12/site-packages/airflow/example_dags/example_trigger_target_dag.py
[2025-04-13T13:46:28.164-0400] {processor.py:830} INFO - Processing file /opt/anaconda3/lib/python3.12/site-packages/airflow/example_dags/example_trigger_target_dag.py for tasks to queue
[2025-04-13T13:46:28.164-0400] {logging_mixin.py:188} INFO - [2025-04-13T13:46:28.164-0400] {dagbag.py:540} INFO - Filling up the DagBag from /opt/anaconda3/lib/python3.12/site-packages/airflow/example_dags/example_trigger_target_dag.py
[2025-04-13T13:46:28.178-0400] {processor.py:840} INFO - DAG(s) 'example_trigger_target_dag' retrieved from /opt/anaconda3/lib/python3.12/site-packages/airflow/example_dags/example_trigger_target_dag.py
[2025-04-13T13:46:28.213-0400] {logging_mixin.py:188} INFO - [2025-04-13T13:46:28.213-0400] {dag.py:3096} INFO - Sync 1 DAGs
[2025-04-13T13:46:28.216-0400] {logging_mixin.py:188} INFO - [2025-04-13T13:46:28.216-0400] {dag.py:3954} INFO - Setting next_dagrun for example_trigger_target_dag to None, run_after=None
[2025-04-13T13:46:28.222-0400] {processor.py:183} INFO - Processing /opt/anaconda3/lib/python3.12/site-packages/airflow/example_dags/example_trigger_target_dag.py took 0.059 seconds
[2025-04-13T13:47:40.773-0400] {processor.py:161} INFO - Started process (PID=49761) to work on /opt/anaconda3/lib/python3.12/site-packages/airflow/example_dags/example_trigger_target_dag.py
[2025-04-13T13:47:40.774-0400] {processor.py:830} INFO - Processing file /opt/anaconda3/lib/python3.12/site-packages/airflow/example_dags/example_trigger_target_dag.py for tasks to queue
[2025-04-13T13:47:40.774-0400] {logging_mixin.py:188} INFO - [2025-04-13T13:47:40.774-0400] {dagbag.py:540} INFO - Filling up the DagBag from /opt/anaconda3/lib/python3.12/site-packages/airflow/example_dags/example_trigger_target_dag.py
[2025-04-13T13:47:40.789-0400] {processor.py:840} INFO - DAG(s) 'example_trigger_target_dag' retrieved from /opt/anaconda3/lib/python3.12/site-packages/airflow/example_dags/example_trigger_target_dag.py
[2025-04-13T13:47:40.825-0400] {logging_mixin.py:188} INFO - [2025-04-13T13:47:40.825-0400] {dag.py:3096} INFO - Sync 1 DAGs
[2025-04-13T13:47:40.828-0400] {logging_mixin.py:188} INFO - [2025-04-13T13:47:40.828-0400] {dag.py:3954} INFO - Setting next_dagrun for example_trigger_target_dag to None, run_after=None
[2025-04-13T13:47:40.834-0400] {processor.py:183} INFO - Processing /opt/anaconda3/lib/python3.12/site-packages/airflow/example_dags/example_trigger_target_dag.py took 0.062 seconds
[2025-04-13T13:48:51.903-0400] {processor.py:161} INFO - Started process (PID=50219) to work on /opt/anaconda3/lib/python3.12/site-packages/airflow/example_dags/example_trigger_target_dag.py
[2025-04-13T13:48:51.904-0400] {processor.py:830} INFO - Processing file /opt/anaconda3/lib/python3.12/site-packages/airflow/example_dags/example_trigger_target_dag.py for tasks to queue
[2025-04-13T13:48:51.905-0400] {logging_mixin.py:188} INFO - [2025-04-13T13:48:51.905-0400] {dagbag.py:540} INFO - Filling up the DagBag from /opt/anaconda3/lib/python3.12/site-packages/airflow/example_dags/example_trigger_target_dag.py
[2025-04-13T13:48:51.919-0400] {processor.py:840} INFO - DAG(s) 'example_trigger_target_dag' retrieved from /opt/anaconda3/lib/python3.12/site-packages/airflow/example_dags/example_trigger_target_dag.py
[2025-04-13T13:48:51.954-0400] {logging_mixin.py:188} INFO - [2025-04-13T13:48:51.954-0400] {dag.py:3096} INFO - Sync 1 DAGs
[2025-04-13T13:48:51.957-0400] {logging_mixin.py:188} INFO - [2025-04-13T13:48:51.957-0400] {dag.py:3954} INFO - Setting next_dagrun for example_trigger_target_dag to None, run_after=None
[2025-04-13T13:48:51.963-0400] {processor.py:183} INFO - Processing /opt/anaconda3/lib/python3.12/site-packages/airflow/example_dags/example_trigger_target_dag.py took 0.060 seconds
[2025-04-13T13:50:01.664-0400] {processor.py:161} INFO - Started process (PID=50674) to work on /opt/anaconda3/lib/python3.12/site-packages/airflow/example_dags/example_trigger_target_dag.py
[2025-04-13T13:50:01.665-0400] {processor.py:830} INFO - Processing file /opt/anaconda3/lib/python3.12/site-packages/airflow/example_dags/example_trigger_target_dag.py for tasks to queue
[2025-04-13T13:50:01.665-0400] {logging_mixin.py:188} INFO - [2025-04-13T13:50:01.665-0400] {dagbag.py:540} INFO - Filling up the DagBag from /opt/anaconda3/lib/python3.12/site-packages/airflow/example_dags/example_trigger_target_dag.py
[2025-04-13T13:50:01.680-0400] {processor.py:840} INFO - DAG(s) 'example_trigger_target_dag' retrieved from /opt/anaconda3/lib/python3.12/site-packages/airflow/example_dags/example_trigger_target_dag.py
[2025-04-13T13:50:01.716-0400] {logging_mixin.py:188} INFO - [2025-04-13T13:50:01.716-0400] {dag.py:3096} INFO - Sync 1 DAGs
[2025-04-13T13:50:01.719-0400] {logging_mixin.py:188} INFO - [2025-04-13T13:50:01.719-0400] {dag.py:3954} INFO - Setting next_dagrun for example_trigger_target_dag to None, run_after=None
[2025-04-13T13:50:01.725-0400] {processor.py:183} INFO - Processing /opt/anaconda3/lib/python3.12/site-packages/airflow/example_dags/example_trigger_target_dag.py took 0.062 seconds
[2025-04-13T13:51:12.242-0400] {processor.py:161} INFO - Started process (PID=51171) to work on /opt/anaconda3/lib/python3.12/site-packages/airflow/example_dags/example_trigger_target_dag.py
[2025-04-13T13:51:12.242-0400] {processor.py:830} INFO - Processing file /opt/anaconda3/lib/python3.12/site-packages/airflow/example_dags/example_trigger_target_dag.py for tasks to queue
[2025-04-13T13:51:12.243-0400] {logging_mixin.py:188} INFO - [2025-04-13T13:51:12.243-0400] {dagbag.py:540} INFO - Filling up the DagBag from /opt/anaconda3/lib/python3.12/site-packages/airflow/example_dags/example_trigger_target_dag.py
[2025-04-13T13:51:12.257-0400] {processor.py:840} INFO - DAG(s) 'example_trigger_target_dag' retrieved from /opt/anaconda3/lib/python3.12/site-packages/airflow/example_dags/example_trigger_target_dag.py
[2025-04-13T13:51:12.291-0400] {logging_mixin.py:188} INFO - [2025-04-13T13:51:12.291-0400] {dag.py:3096} INFO - Sync 1 DAGs
[2025-04-13T13:51:12.294-0400] {logging_mixin.py:188} INFO - [2025-04-13T13:51:12.294-0400] {dag.py:3954} INFO - Setting next_dagrun for example_trigger_target_dag to None, run_after=None
[2025-04-13T13:51:12.300-0400] {processor.py:183} INFO - Processing /opt/anaconda3/lib/python3.12/site-packages/airflow/example_dags/example_trigger_target_dag.py took 0.059 seconds
[2025-04-13T13:52:19.263-0400] {processor.py:161} INFO - Started process (PID=51629) to work on /opt/anaconda3/lib/python3.12/site-packages/airflow/example_dags/example_trigger_target_dag.py
[2025-04-13T13:52:19.265-0400] {processor.py:830} INFO - Processing file /opt/anaconda3/lib/python3.12/site-packages/airflow/example_dags/example_trigger_target_dag.py for tasks to queue
[2025-04-13T13:52:19.265-0400] {logging_mixin.py:188} INFO - [2025-04-13T13:52:19.265-0400] {dagbag.py:540} INFO - Filling up the DagBag from /opt/anaconda3/lib/python3.12/site-packages/airflow/example_dags/example_trigger_target_dag.py
[2025-04-13T13:52:19.279-0400] {processor.py:840} INFO - DAG(s) 'example_trigger_target_dag' retrieved from /opt/anaconda3/lib/python3.12/site-packages/airflow/example_dags/example_trigger_target_dag.py
[2025-04-13T13:52:19.314-0400] {logging_mixin.py:188} INFO - [2025-04-13T13:52:19.314-0400] {dag.py:3096} INFO - Sync 1 DAGs
[2025-04-13T13:52:19.317-0400] {logging_mixin.py:188} INFO - [2025-04-13T13:52:19.317-0400] {dag.py:3954} INFO - Setting next_dagrun for example_trigger_target_dag to None, run_after=None
[2025-04-13T13:52:19.323-0400] {processor.py:183} INFO - Processing /opt/anaconda3/lib/python3.12/site-packages/airflow/example_dags/example_trigger_target_dag.py took 0.061 seconds
[2025-04-13T13:53:30.158-0400] {processor.py:161} INFO - Started process (PID=52093) to work on /opt/anaconda3/lib/python3.12/site-packages/airflow/example_dags/example_trigger_target_dag.py
[2025-04-13T13:53:30.159-0400] {processor.py:830} INFO - Processing file /opt/anaconda3/lib/python3.12/site-packages/airflow/example_dags/example_trigger_target_dag.py for tasks to queue
[2025-04-13T13:53:30.159-0400] {logging_mixin.py:188} INFO - [2025-04-13T13:53:30.159-0400] {dagbag.py:540} INFO - Filling up the DagBag from /opt/anaconda3/lib/python3.12/site-packages/airflow/example_dags/example_trigger_target_dag.py
[2025-04-13T13:53:30.173-0400] {processor.py:840} INFO - DAG(s) 'example_trigger_target_dag' retrieved from /opt/anaconda3/lib/python3.12/site-packages/airflow/example_dags/example_trigger_target_dag.py
[2025-04-13T13:53:30.208-0400] {logging_mixin.py:188} INFO - [2025-04-13T13:53:30.208-0400] {dag.py:3096} INFO - Sync 1 DAGs
[2025-04-13T13:53:30.211-0400] {logging_mixin.py:188} INFO - [2025-04-13T13:53:30.211-0400] {dag.py:3954} INFO - Setting next_dagrun for example_trigger_target_dag to None, run_after=None
[2025-04-13T13:53:30.217-0400] {processor.py:183} INFO - Processing /opt/anaconda3/lib/python3.12/site-packages/airflow/example_dags/example_trigger_target_dag.py took 0.060 seconds
[2025-04-13T13:54:38.810-0400] {processor.py:161} INFO - Started process (PID=52556) to work on /opt/anaconda3/lib/python3.12/site-packages/airflow/example_dags/example_trigger_target_dag.py
[2025-04-13T13:54:38.811-0400] {processor.py:830} INFO - Processing file /opt/anaconda3/lib/python3.12/site-packages/airflow/example_dags/example_trigger_target_dag.py for tasks to queue
[2025-04-13T13:54:38.811-0400] {logging_mixin.py:188} INFO - [2025-04-13T13:54:38.811-0400] {dagbag.py:540} INFO - Filling up the DagBag from /opt/anaconda3/lib/python3.12/site-packages/airflow/example_dags/example_trigger_target_dag.py
[2025-04-13T13:54:38.825-0400] {processor.py:840} INFO - DAG(s) 'example_trigger_target_dag' retrieved from /opt/anaconda3/lib/python3.12/site-packages/airflow/example_dags/example_trigger_target_dag.py
[2025-04-13T13:54:38.860-0400] {logging_mixin.py:188} INFO - [2025-04-13T13:54:38.860-0400] {dag.py:3096} INFO - Sync 1 DAGs
[2025-04-13T13:54:38.863-0400] {logging_mixin.py:188} INFO - [2025-04-13T13:54:38.863-0400] {dag.py:3954} INFO - Setting next_dagrun for example_trigger_target_dag to None, run_after=None
[2025-04-13T13:54:38.869-0400] {processor.py:183} INFO - Processing /opt/anaconda3/lib/python3.12/site-packages/airflow/example_dags/example_trigger_target_dag.py took 0.060 seconds
[2025-04-13T13:55:44.713-0400] {processor.py:161} INFO - Started process (PID=52995) to work on /opt/anaconda3/lib/python3.12/site-packages/airflow/example_dags/example_trigger_target_dag.py
[2025-04-13T13:55:44.714-0400] {processor.py:830} INFO - Processing file /opt/anaconda3/lib/python3.12/site-packages/airflow/example_dags/example_trigger_target_dag.py for tasks to queue
[2025-04-13T13:55:44.714-0400] {logging_mixin.py:188} INFO - [2025-04-13T13:55:44.714-0400] {dagbag.py:540} INFO - Filling up the DagBag from /opt/anaconda3/lib/python3.12/site-packages/airflow/example_dags/example_trigger_target_dag.py
[2025-04-13T13:55:44.728-0400] {processor.py:840} INFO - DAG(s) 'example_trigger_target_dag' retrieved from /opt/anaconda3/lib/python3.12/site-packages/airflow/example_dags/example_trigger_target_dag.py
[2025-04-13T13:55:44.763-0400] {logging_mixin.py:188} INFO - [2025-04-13T13:55:44.763-0400] {dag.py:3096} INFO - Sync 1 DAGs
[2025-04-13T13:55:44.766-0400] {logging_mixin.py:188} INFO - [2025-04-13T13:55:44.766-0400] {dag.py:3954} INFO - Setting next_dagrun for example_trigger_target_dag to None, run_after=None
[2025-04-13T13:55:44.772-0400] {processor.py:183} INFO - Processing /opt/anaconda3/lib/python3.12/site-packages/airflow/example_dags/example_trigger_target_dag.py took 0.060 seconds
[2025-04-13T13:56:54.962-0400] {processor.py:161} INFO - Started process (PID=53480) to work on /opt/anaconda3/lib/python3.12/site-packages/airflow/example_dags/example_trigger_target_dag.py
[2025-04-13T13:56:54.964-0400] {processor.py:830} INFO - Processing file /opt/anaconda3/lib/python3.12/site-packages/airflow/example_dags/example_trigger_target_dag.py for tasks to queue
[2025-04-13T13:56:54.964-0400] {logging_mixin.py:188} INFO - [2025-04-13T13:56:54.964-0400] {dagbag.py:540} INFO - Filling up the DagBag from /opt/anaconda3/lib/python3.12/site-packages/airflow/example_dags/example_trigger_target_dag.py
[2025-04-13T13:56:54.979-0400] {processor.py:840} INFO - DAG(s) 'example_trigger_target_dag' retrieved from /opt/anaconda3/lib/python3.12/site-packages/airflow/example_dags/example_trigger_target_dag.py
[2025-04-13T13:56:55.014-0400] {logging_mixin.py:188} INFO - [2025-04-13T13:56:55.014-0400] {dag.py:3096} INFO - Sync 1 DAGs
[2025-04-13T13:56:55.017-0400] {logging_mixin.py:188} INFO - [2025-04-13T13:56:55.016-0400] {dag.py:3954} INFO - Setting next_dagrun for example_trigger_target_dag to None, run_after=None
[2025-04-13T13:56:55.022-0400] {processor.py:183} INFO - Processing /opt/anaconda3/lib/python3.12/site-packages/airflow/example_dags/example_trigger_target_dag.py took 0.061 seconds
[2025-04-13T13:58:03.643-0400] {processor.py:161} INFO - Started process (PID=53947) to work on /opt/anaconda3/lib/python3.12/site-packages/airflow/example_dags/example_trigger_target_dag.py
[2025-04-13T13:58:03.644-0400] {processor.py:830} INFO - Processing file /opt/anaconda3/lib/python3.12/site-packages/airflow/example_dags/example_trigger_target_dag.py for tasks to queue
[2025-04-13T13:58:03.644-0400] {logging_mixin.py:188} INFO - [2025-04-13T13:58:03.644-0400] {dagbag.py:540} INFO - Filling up the DagBag from /opt/anaconda3/lib/python3.12/site-packages/airflow/example_dags/example_trigger_target_dag.py
[2025-04-13T13:58:03.658-0400] {processor.py:840} INFO - DAG(s) 'example_trigger_target_dag' retrieved from /opt/anaconda3/lib/python3.12/site-packages/airflow/example_dags/example_trigger_target_dag.py
[2025-04-13T13:58:03.692-0400] {logging_mixin.py:188} INFO - [2025-04-13T13:58:03.692-0400] {dag.py:3096} INFO - Sync 1 DAGs
[2025-04-13T13:58:03.695-0400] {logging_mixin.py:188} INFO - [2025-04-13T13:58:03.695-0400] {dag.py:3954} INFO - Setting next_dagrun for example_trigger_target_dag to None, run_after=None
[2025-04-13T13:58:03.701-0400] {processor.py:183} INFO - Processing /opt/anaconda3/lib/python3.12/site-packages/airflow/example_dags/example_trigger_target_dag.py took 0.060 seconds
[2025-04-13T13:59:10.040-0400] {processor.py:161} INFO - Started process (PID=54439) to work on /opt/anaconda3/lib/python3.12/site-packages/airflow/example_dags/example_trigger_target_dag.py
[2025-04-13T13:59:10.041-0400] {processor.py:830} INFO - Processing file /opt/anaconda3/lib/python3.12/site-packages/airflow/example_dags/example_trigger_target_dag.py for tasks to queue
[2025-04-13T13:59:10.041-0400] {logging_mixin.py:188} INFO - [2025-04-13T13:59:10.041-0400] {dagbag.py:540} INFO - Filling up the DagBag from /opt/anaconda3/lib/python3.12/site-packages/airflow/example_dags/example_trigger_target_dag.py
[2025-04-13T13:59:10.055-0400] {processor.py:840} INFO - DAG(s) 'example_trigger_target_dag' retrieved from /opt/anaconda3/lib/python3.12/site-packages/airflow/example_dags/example_trigger_target_dag.py
[2025-04-13T13:59:10.091-0400] {logging_mixin.py:188} INFO - [2025-04-13T13:59:10.091-0400] {dag.py:3096} INFO - Sync 1 DAGs
[2025-04-13T13:59:10.094-0400] {logging_mixin.py:188} INFO - [2025-04-13T13:59:10.094-0400] {dag.py:3954} INFO - Setting next_dagrun for example_trigger_target_dag to None, run_after=None
[2025-04-13T13:59:10.100-0400] {processor.py:183} INFO - Processing /opt/anaconda3/lib/python3.12/site-packages/airflow/example_dags/example_trigger_target_dag.py took 0.060 seconds
[2025-04-13T14:00:16.395-0400] {processor.py:161} INFO - Started process (PID=54893) to work on /opt/anaconda3/lib/python3.12/site-packages/airflow/example_dags/example_trigger_target_dag.py
[2025-04-13T14:00:16.396-0400] {processor.py:830} INFO - Processing file /opt/anaconda3/lib/python3.12/site-packages/airflow/example_dags/example_trigger_target_dag.py for tasks to queue
[2025-04-13T14:00:16.397-0400] {logging_mixin.py:188} INFO - [2025-04-13T14:00:16.397-0400] {dagbag.py:540} INFO - Filling up the DagBag from /opt/anaconda3/lib/python3.12/site-packages/airflow/example_dags/example_trigger_target_dag.py
[2025-04-13T14:00:16.410-0400] {processor.py:840} INFO - DAG(s) 'example_trigger_target_dag' retrieved from /opt/anaconda3/lib/python3.12/site-packages/airflow/example_dags/example_trigger_target_dag.py
[2025-04-13T14:00:16.445-0400] {logging_mixin.py:188} INFO - [2025-04-13T14:00:16.445-0400] {dag.py:3096} INFO - Sync 1 DAGs
[2025-04-13T14:00:16.447-0400] {logging_mixin.py:188} INFO - [2025-04-13T14:00:16.447-0400] {dag.py:3954} INFO - Setting next_dagrun for example_trigger_target_dag to None, run_after=None
[2025-04-13T14:00:16.453-0400] {processor.py:183} INFO - Processing /opt/anaconda3/lib/python3.12/site-packages/airflow/example_dags/example_trigger_target_dag.py took 0.059 seconds
[2025-04-13T14:01:26.142-0400] {processor.py:161} INFO - Started process (PID=55365) to work on /opt/anaconda3/lib/python3.12/site-packages/airflow/example_dags/example_trigger_target_dag.py
[2025-04-13T14:01:26.143-0400] {processor.py:830} INFO - Processing file /opt/anaconda3/lib/python3.12/site-packages/airflow/example_dags/example_trigger_target_dag.py for tasks to queue
[2025-04-13T14:01:26.143-0400] {logging_mixin.py:188} INFO - [2025-04-13T14:01:26.143-0400] {dagbag.py:540} INFO - Filling up the DagBag from /opt/anaconda3/lib/python3.12/site-packages/airflow/example_dags/example_trigger_target_dag.py
[2025-04-13T14:01:26.157-0400] {processor.py:840} INFO - DAG(s) 'example_trigger_target_dag' retrieved from /opt/anaconda3/lib/python3.12/site-packages/airflow/example_dags/example_trigger_target_dag.py
[2025-04-13T14:01:26.193-0400] {logging_mixin.py:188} INFO - [2025-04-13T14:01:26.192-0400] {dag.py:3096} INFO - Sync 1 DAGs
[2025-04-13T14:01:26.195-0400] {logging_mixin.py:188} INFO - [2025-04-13T14:01:26.195-0400] {dag.py:3954} INFO - Setting next_dagrun for example_trigger_target_dag to None, run_after=None
[2025-04-13T14:01:26.201-0400] {processor.py:183} INFO - Processing /opt/anaconda3/lib/python3.12/site-packages/airflow/example_dags/example_trigger_target_dag.py took 0.060 seconds
[2025-04-13T14:02:36.004-0400] {processor.py:161} INFO - Started process (PID=55855) to work on /opt/anaconda3/lib/python3.12/site-packages/airflow/example_dags/example_trigger_target_dag.py
[2025-04-13T14:02:36.004-0400] {processor.py:830} INFO - Processing file /opt/anaconda3/lib/python3.12/site-packages/airflow/example_dags/example_trigger_target_dag.py for tasks to queue
[2025-04-13T14:02:36.004-0400] {logging_mixin.py:188} INFO - [2025-04-13T14:02:36.004-0400] {dagbag.py:540} INFO - Filling up the DagBag from /opt/anaconda3/lib/python3.12/site-packages/airflow/example_dags/example_trigger_target_dag.py
[2025-04-13T14:02:36.019-0400] {processor.py:840} INFO - DAG(s) 'example_trigger_target_dag' retrieved from /opt/anaconda3/lib/python3.12/site-packages/airflow/example_dags/example_trigger_target_dag.py
[2025-04-13T14:02:36.055-0400] {logging_mixin.py:188} INFO - [2025-04-13T14:02:36.055-0400] {dag.py:3096} INFO - Sync 1 DAGs
[2025-04-13T14:02:36.058-0400] {logging_mixin.py:188} INFO - [2025-04-13T14:02:36.058-0400] {dag.py:3954} INFO - Setting next_dagrun for example_trigger_target_dag to None, run_after=None
[2025-04-13T14:02:36.064-0400] {processor.py:183} INFO - Processing /opt/anaconda3/lib/python3.12/site-packages/airflow/example_dags/example_trigger_target_dag.py took 0.061 seconds
