[2025-04-13T13:06:07.564-0400] {processor.py:161} INFO - Started process (PID=33688) to work on /opt/anaconda3/lib/python3.12/site-packages/airflow/example_dags/example_short_circuit_operator.py
[2025-04-13T13:06:07.565-0400] {processor.py:830} INFO - Processing file /opt/anaconda3/lib/python3.12/site-packages/airflow/example_dags/example_short_circuit_operator.py for tasks to queue
[2025-04-13T13:06:07.565-0400] {logging_mixin.py:188} INFO - [2025-04-13T13:06:07.565-0400] {dagbag.py:540} INFO - Filling up the DagBag from /opt/anaconda3/lib/python3.12/site-packages/airflow/example_dags/example_short_circuit_operator.py
[2025-04-13T13:06:07.576-0400] {processor.py:840} INFO - DAG(s) 'example_short_circuit_operator' retrieved from /opt/anaconda3/lib/python3.12/site-packages/airflow/example_dags/example_short_circuit_operator.py
[2025-04-13T13:06:07.642-0400] {logging_mixin.py:188} INFO - [2025-04-13T13:06:07.642-0400] {override.py:1930} INFO - Created Permission View: can delete on DAG:example_short_circuit_operator
[2025-04-13T13:06:07.645-0400] {logging_mixin.py:188} INFO - [2025-04-13T13:06:07.645-0400] {override.py:1930} INFO - Created Permission View: can edit on DAG:example_short_circuit_operator
[2025-04-13T13:06:07.646-0400] {logging_mixin.py:188} INFO - [2025-04-13T13:06:07.646-0400] {override.py:1930} INFO - Created Permission View: can read on DAG:example_short_circuit_operator
[2025-04-13T13:06:07.646-0400] {logging_mixin.py:188} INFO - [2025-04-13T13:06:07.646-0400] {dag.py:3096} INFO - Sync 1 DAGs
[2025-04-13T13:06:07.650-0400] {logging_mixin.py:188} INFO - [2025-04-13T13:06:07.650-0400] {dag.py:3118} INFO - Creating ORM DAG for example_short_circuit_operator
[2025-04-13T13:06:07.652-0400] {logging_mixin.py:188} INFO - [2025-04-13T13:06:07.652-0400] {dag.py:3954} INFO - Setting next_dagrun for example_short_circuit_operator to 2025-04-12 00:00:00+00:00, run_after=2025-04-13 00:00:00+00:00
[2025-04-13T13:06:07.657-0400] {processor.py:183} INFO - Processing /opt/anaconda3/lib/python3.12/site-packages/airflow/example_dags/example_short_circuit_operator.py took 0.094 seconds
[2025-04-13T13:08:02.928-0400] {processor.py:161} INFO - Started process (PID=34494) to work on /opt/anaconda3/lib/python3.12/site-packages/airflow/example_dags/example_short_circuit_operator.py
[2025-04-13T13:08:02.929-0400] {processor.py:830} INFO - Processing file /opt/anaconda3/lib/python3.12/site-packages/airflow/example_dags/example_short_circuit_operator.py for tasks to queue
[2025-04-13T13:08:02.930-0400] {logging_mixin.py:188} INFO - [2025-04-13T13:08:02.930-0400] {dagbag.py:540} INFO - Filling up the DagBag from /opt/anaconda3/lib/python3.12/site-packages/airflow/example_dags/example_short_circuit_operator.py
[2025-04-13T13:08:02.940-0400] {processor.py:840} INFO - DAG(s) 'example_short_circuit_operator' retrieved from /opt/anaconda3/lib/python3.12/site-packages/airflow/example_dags/example_short_circuit_operator.py
[2025-04-13T13:08:02.977-0400] {logging_mixin.py:188} INFO - [2025-04-13T13:08:02.977-0400] {dag.py:3096} INFO - Sync 1 DAGs
[2025-04-13T13:08:02.982-0400] {logging_mixin.py:188} INFO - [2025-04-13T13:08:02.982-0400] {dag.py:3954} INFO - Setting next_dagrun for example_short_circuit_operator to 2025-04-12 00:00:00+00:00, run_after=2025-04-13 00:00:00+00:00
[2025-04-13T13:08:02.988-0400] {processor.py:183} INFO - Processing /opt/anaconda3/lib/python3.12/site-packages/airflow/example_dags/example_short_circuit_operator.py took 0.061 seconds
[2025-04-13T13:09:42.776-0400] {processor.py:161} INFO - Started process (PID=35181) to work on /opt/anaconda3/lib/python3.12/site-packages/airflow/example_dags/example_short_circuit_operator.py
[2025-04-13T13:09:42.777-0400] {processor.py:830} INFO - Processing file /opt/anaconda3/lib/python3.12/site-packages/airflow/example_dags/example_short_circuit_operator.py for tasks to queue
[2025-04-13T13:09:42.777-0400] {logging_mixin.py:188} INFO - [2025-04-13T13:09:42.777-0400] {dagbag.py:540} INFO - Filling up the DagBag from /opt/anaconda3/lib/python3.12/site-packages/airflow/example_dags/example_short_circuit_operator.py
[2025-04-13T13:09:42.788-0400] {processor.py:840} INFO - DAG(s) 'example_short_circuit_operator' retrieved from /opt/anaconda3/lib/python3.12/site-packages/airflow/example_dags/example_short_circuit_operator.py
[2025-04-13T13:09:42.825-0400] {logging_mixin.py:188} INFO - [2025-04-13T13:09:42.825-0400] {dag.py:3096} INFO - Sync 1 DAGs
[2025-04-13T13:09:42.830-0400] {logging_mixin.py:188} INFO - [2025-04-13T13:09:42.830-0400] {dag.py:3954} INFO - Setting next_dagrun for example_short_circuit_operator to 2025-04-12 00:00:00+00:00, run_after=2025-04-13 00:00:00+00:00
[2025-04-13T13:09:42.836-0400] {processor.py:183} INFO - Processing /opt/anaconda3/lib/python3.12/site-packages/airflow/example_dags/example_short_circuit_operator.py took 0.061 seconds
[2025-04-13T13:15:34.325-0400] {processor.py:161} INFO - Started process (PID=37324) to work on /opt/anaconda3/lib/python3.12/site-packages/airflow/example_dags/example_short_circuit_operator.py
[2025-04-13T13:15:34.325-0400] {processor.py:830} INFO - Processing file /opt/anaconda3/lib/python3.12/site-packages/airflow/example_dags/example_short_circuit_operator.py for tasks to queue
[2025-04-13T13:15:34.326-0400] {logging_mixin.py:188} INFO - [2025-04-13T13:15:34.326-0400] {dagbag.py:540} INFO - Filling up the DagBag from /opt/anaconda3/lib/python3.12/site-packages/airflow/example_dags/example_short_circuit_operator.py
[2025-04-13T13:15:34.337-0400] {processor.py:840} INFO - DAG(s) 'example_short_circuit_operator' retrieved from /opt/anaconda3/lib/python3.12/site-packages/airflow/example_dags/example_short_circuit_operator.py
[2025-04-13T13:15:34.374-0400] {logging_mixin.py:188} INFO - [2025-04-13T13:15:34.374-0400] {dag.py:3096} INFO - Sync 1 DAGs
[2025-04-13T13:15:34.380-0400] {logging_mixin.py:188} INFO - [2025-04-13T13:15:34.380-0400] {dag.py:3954} INFO - Setting next_dagrun for example_short_circuit_operator to 2025-04-12 00:00:00+00:00, run_after=2025-04-13 00:00:00+00:00
[2025-04-13T13:15:34.386-0400] {processor.py:183} INFO - Processing /opt/anaconda3/lib/python3.12/site-packages/airflow/example_dags/example_short_circuit_operator.py took 0.062 seconds
[2025-04-13T13:19:15.225-0400] {processor.py:161} INFO - Started process (PID=38806) to work on /opt/anaconda3/lib/python3.12/site-packages/airflow/example_dags/example_short_circuit_operator.py
[2025-04-13T13:19:15.226-0400] {processor.py:830} INFO - Processing file /opt/anaconda3/lib/python3.12/site-packages/airflow/example_dags/example_short_circuit_operator.py for tasks to queue
[2025-04-13T13:19:15.227-0400] {logging_mixin.py:188} INFO - [2025-04-13T13:19:15.227-0400] {dagbag.py:540} INFO - Filling up the DagBag from /opt/anaconda3/lib/python3.12/site-packages/airflow/example_dags/example_short_circuit_operator.py
[2025-04-13T13:19:15.238-0400] {processor.py:840} INFO - DAG(s) 'example_short_circuit_operator' retrieved from /opt/anaconda3/lib/python3.12/site-packages/airflow/example_dags/example_short_circuit_operator.py
[2025-04-13T13:19:15.299-0400] {logging_mixin.py:188} INFO - [2025-04-13T13:19:15.299-0400] {dag.py:3096} INFO - Sync 1 DAGs
[2025-04-13T13:19:15.304-0400] {logging_mixin.py:188} INFO - [2025-04-13T13:19:15.304-0400] {dag.py:3954} INFO - Setting next_dagrun for example_short_circuit_operator to 2025-04-12 00:00:00+00:00, run_after=2025-04-13 00:00:00+00:00
[2025-04-13T13:19:15.310-0400] {processor.py:183} INFO - Processing /opt/anaconda3/lib/python3.12/site-packages/airflow/example_dags/example_short_circuit_operator.py took 0.085 seconds
[2025-04-13T13:23:44.311-0400] {processor.py:161} INFO - Started process (PID=40720) to work on /opt/anaconda3/lib/python3.12/site-packages/airflow/example_dags/example_short_circuit_operator.py
[2025-04-13T13:23:44.312-0400] {processor.py:830} INFO - Processing file /opt/anaconda3/lib/python3.12/site-packages/airflow/example_dags/example_short_circuit_operator.py for tasks to queue
[2025-04-13T13:23:44.312-0400] {logging_mixin.py:188} INFO - [2025-04-13T13:23:44.312-0400] {dagbag.py:540} INFO - Filling up the DagBag from /opt/anaconda3/lib/python3.12/site-packages/airflow/example_dags/example_short_circuit_operator.py
[2025-04-13T13:23:44.323-0400] {processor.py:840} INFO - DAG(s) 'example_short_circuit_operator' retrieved from /opt/anaconda3/lib/python3.12/site-packages/airflow/example_dags/example_short_circuit_operator.py
[2025-04-13T13:23:44.385-0400] {logging_mixin.py:188} INFO - [2025-04-13T13:23:44.385-0400] {dag.py:3096} INFO - Sync 1 DAGs
[2025-04-13T13:23:44.390-0400] {logging_mixin.py:188} INFO - [2025-04-13T13:23:44.390-0400] {dag.py:3954} INFO - Setting next_dagrun for example_short_circuit_operator to 2025-04-12 00:00:00+00:00, run_after=2025-04-13 00:00:00+00:00
[2025-04-13T13:23:44.396-0400] {processor.py:183} INFO - Processing /opt/anaconda3/lib/python3.12/site-packages/airflow/example_dags/example_short_circuit_operator.py took 0.086 seconds
[2025-04-13T13:25:23.312-0400] {processor.py:161} INFO - Started process (PID=41393) to work on /opt/anaconda3/lib/python3.12/site-packages/airflow/example_dags/example_short_circuit_operator.py
[2025-04-13T13:25:23.313-0400] {processor.py:830} INFO - Processing file /opt/anaconda3/lib/python3.12/site-packages/airflow/example_dags/example_short_circuit_operator.py for tasks to queue
[2025-04-13T13:25:23.313-0400] {logging_mixin.py:188} INFO - [2025-04-13T13:25:23.313-0400] {dagbag.py:540} INFO - Filling up the DagBag from /opt/anaconda3/lib/python3.12/site-packages/airflow/example_dags/example_short_circuit_operator.py
[2025-04-13T13:25:23.324-0400] {processor.py:840} INFO - DAG(s) 'example_short_circuit_operator' retrieved from /opt/anaconda3/lib/python3.12/site-packages/airflow/example_dags/example_short_circuit_operator.py
[2025-04-13T13:25:23.359-0400] {logging_mixin.py:188} INFO - [2025-04-13T13:25:23.359-0400] {dag.py:3096} INFO - Sync 1 DAGs
[2025-04-13T13:25:23.364-0400] {logging_mixin.py:188} INFO - [2025-04-13T13:25:23.364-0400] {dag.py:3954} INFO - Setting next_dagrun for example_short_circuit_operator to 2025-04-12 00:00:00+00:00, run_after=2025-04-13 00:00:00+00:00
[2025-04-13T13:25:23.370-0400] {processor.py:183} INFO - Processing /opt/anaconda3/lib/python3.12/site-packages/airflow/example_dags/example_short_circuit_operator.py took 0.059 seconds
[2025-04-13T13:27:26.159-0400] {processor.py:161} INFO - Started process (PID=42210) to work on /opt/anaconda3/lib/python3.12/site-packages/airflow/example_dags/example_short_circuit_operator.py
[2025-04-13T13:27:26.160-0400] {processor.py:830} INFO - Processing file /opt/anaconda3/lib/python3.12/site-packages/airflow/example_dags/example_short_circuit_operator.py for tasks to queue
[2025-04-13T13:27:26.160-0400] {logging_mixin.py:188} INFO - [2025-04-13T13:27:26.160-0400] {dagbag.py:540} INFO - Filling up the DagBag from /opt/anaconda3/lib/python3.12/site-packages/airflow/example_dags/example_short_circuit_operator.py
[2025-04-13T13:27:26.172-0400] {processor.py:840} INFO - DAG(s) 'example_short_circuit_operator' retrieved from /opt/anaconda3/lib/python3.12/site-packages/airflow/example_dags/example_short_circuit_operator.py
[2025-04-13T13:27:26.209-0400] {logging_mixin.py:188} INFO - [2025-04-13T13:27:26.209-0400] {dag.py:3096} INFO - Sync 1 DAGs
[2025-04-13T13:27:26.214-0400] {logging_mixin.py:188} INFO - [2025-04-13T13:27:26.214-0400] {dag.py:3954} INFO - Setting next_dagrun for example_short_circuit_operator to 2025-04-12 00:00:00+00:00, run_after=2025-04-13 00:00:00+00:00
[2025-04-13T13:27:26.220-0400] {processor.py:183} INFO - Processing /opt/anaconda3/lib/python3.12/site-packages/airflow/example_dags/example_short_circuit_operator.py took 0.063 seconds
[2025-04-13T13:28:33.827-0400] {processor.py:161} INFO - Started process (PID=42655) to work on /opt/anaconda3/lib/python3.12/site-packages/airflow/example_dags/example_short_circuit_operator.py
[2025-04-13T13:28:33.828-0400] {processor.py:830} INFO - Processing file /opt/anaconda3/lib/python3.12/site-packages/airflow/example_dags/example_short_circuit_operator.py for tasks to queue
[2025-04-13T13:28:33.829-0400] {logging_mixin.py:188} INFO - [2025-04-13T13:28:33.828-0400] {dagbag.py:540} INFO - Filling up the DagBag from /opt/anaconda3/lib/python3.12/site-packages/airflow/example_dags/example_short_circuit_operator.py
[2025-04-13T13:28:33.839-0400] {processor.py:840} INFO - DAG(s) 'example_short_circuit_operator' retrieved from /opt/anaconda3/lib/python3.12/site-packages/airflow/example_dags/example_short_circuit_operator.py
[2025-04-13T13:28:33.875-0400] {logging_mixin.py:188} INFO - [2025-04-13T13:28:33.874-0400] {dag.py:3096} INFO - Sync 1 DAGs
[2025-04-13T13:28:33.880-0400] {logging_mixin.py:188} INFO - [2025-04-13T13:28:33.880-0400] {dag.py:3954} INFO - Setting next_dagrun for example_short_circuit_operator to 2025-04-12 00:00:00+00:00, run_after=2025-04-13 00:00:00+00:00
[2025-04-13T13:28:33.886-0400] {processor.py:183} INFO - Processing /opt/anaconda3/lib/python3.12/site-packages/airflow/example_dags/example_short_circuit_operator.py took 0.059 seconds
[2025-04-13T13:32:00.552-0400] {processor.py:161} INFO - Started process (PID=44003) to work on /opt/anaconda3/lib/python3.12/site-packages/airflow/example_dags/example_short_circuit_operator.py
[2025-04-13T13:32:00.553-0400] {processor.py:830} INFO - Processing file /opt/anaconda3/lib/python3.12/site-packages/airflow/example_dags/example_short_circuit_operator.py for tasks to queue
[2025-04-13T13:32:00.553-0400] {logging_mixin.py:188} INFO - [2025-04-13T13:32:00.553-0400] {dagbag.py:540} INFO - Filling up the DagBag from /opt/anaconda3/lib/python3.12/site-packages/airflow/example_dags/example_short_circuit_operator.py
[2025-04-13T13:32:00.565-0400] {processor.py:840} INFO - DAG(s) 'example_short_circuit_operator' retrieved from /opt/anaconda3/lib/python3.12/site-packages/airflow/example_dags/example_short_circuit_operator.py
[2025-04-13T13:32:00.601-0400] {logging_mixin.py:188} INFO - [2025-04-13T13:32:00.601-0400] {dag.py:3096} INFO - Sync 1 DAGs
[2025-04-13T13:32:00.607-0400] {logging_mixin.py:188} INFO - [2025-04-13T13:32:00.607-0400] {dag.py:3954} INFO - Setting next_dagrun for example_short_circuit_operator to 2025-04-12 00:00:00+00:00, run_after=2025-04-13 00:00:00+00:00
[2025-04-13T13:32:00.613-0400] {processor.py:183} INFO - Processing /opt/anaconda3/lib/python3.12/site-packages/airflow/example_dags/example_short_circuit_operator.py took 0.062 seconds
[2025-04-13T13:33:38.064-0400] {processor.py:161} INFO - Started process (PID=44647) to work on /opt/anaconda3/lib/python3.12/site-packages/airflow/example_dags/example_short_circuit_operator.py
[2025-04-13T13:33:38.065-0400] {processor.py:830} INFO - Processing file /opt/anaconda3/lib/python3.12/site-packages/airflow/example_dags/example_short_circuit_operator.py for tasks to queue
[2025-04-13T13:33:38.065-0400] {logging_mixin.py:188} INFO - [2025-04-13T13:33:38.065-0400] {dagbag.py:540} INFO - Filling up the DagBag from /opt/anaconda3/lib/python3.12/site-packages/airflow/example_dags/example_short_circuit_operator.py
[2025-04-13T13:33:38.077-0400] {processor.py:840} INFO - DAG(s) 'example_short_circuit_operator' retrieved from /opt/anaconda3/lib/python3.12/site-packages/airflow/example_dags/example_short_circuit_operator.py
[2025-04-13T13:33:38.113-0400] {logging_mixin.py:188} INFO - [2025-04-13T13:33:38.113-0400] {dag.py:3096} INFO - Sync 1 DAGs
[2025-04-13T13:33:38.118-0400] {logging_mixin.py:188} INFO - [2025-04-13T13:33:38.118-0400] {dag.py:3954} INFO - Setting next_dagrun for example_short_circuit_operator to 2025-04-12 00:00:00+00:00, run_after=2025-04-13 00:00:00+00:00
[2025-04-13T13:33:38.124-0400] {processor.py:183} INFO - Processing /opt/anaconda3/lib/python3.12/site-packages/airflow/example_dags/example_short_circuit_operator.py took 0.061 seconds
[2025-04-13T13:36:22.962-0400] {processor.py:161} INFO - Started process (PID=45195) to work on /opt/anaconda3/lib/python3.12/site-packages/airflow/example_dags/example_short_circuit_operator.py
[2025-04-13T13:36:22.962-0400] {processor.py:830} INFO - Processing file /opt/anaconda3/lib/python3.12/site-packages/airflow/example_dags/example_short_circuit_operator.py for tasks to queue
[2025-04-13T13:36:22.963-0400] {logging_mixin.py:188} INFO - [2025-04-13T13:36:22.963-0400] {dagbag.py:540} INFO - Filling up the DagBag from /opt/anaconda3/lib/python3.12/site-packages/airflow/example_dags/example_short_circuit_operator.py
[2025-04-13T13:36:22.973-0400] {processor.py:840} INFO - DAG(s) 'example_short_circuit_operator' retrieved from /opt/anaconda3/lib/python3.12/site-packages/airflow/example_dags/example_short_circuit_operator.py
[2025-04-13T13:36:23.009-0400] {logging_mixin.py:188} INFO - [2025-04-13T13:36:23.009-0400] {dag.py:3096} INFO - Sync 1 DAGs
[2025-04-13T13:36:23.014-0400] {logging_mixin.py:188} INFO - [2025-04-13T13:36:23.014-0400] {dag.py:3954} INFO - Setting next_dagrun for example_short_circuit_operator to 2025-04-12 00:00:00+00:00, run_after=2025-04-13 00:00:00+00:00
[2025-04-13T13:36:23.020-0400] {processor.py:183} INFO - Processing /opt/anaconda3/lib/python3.12/site-packages/airflow/example_dags/example_short_circuit_operator.py took 0.059 seconds
[2025-04-13T13:37:48.477-0400] {processor.py:161} INFO - Started process (PID=45761) to work on /opt/anaconda3/lib/python3.12/site-packages/airflow/example_dags/example_short_circuit_operator.py
[2025-04-13T13:37:48.478-0400] {processor.py:830} INFO - Processing file /opt/anaconda3/lib/python3.12/site-packages/airflow/example_dags/example_short_circuit_operator.py for tasks to queue
[2025-04-13T13:37:48.478-0400] {logging_mixin.py:188} INFO - [2025-04-13T13:37:48.478-0400] {dagbag.py:540} INFO - Filling up the DagBag from /opt/anaconda3/lib/python3.12/site-packages/airflow/example_dags/example_short_circuit_operator.py
[2025-04-13T13:37:48.489-0400] {processor.py:840} INFO - DAG(s) 'example_short_circuit_operator' retrieved from /opt/anaconda3/lib/python3.12/site-packages/airflow/example_dags/example_short_circuit_operator.py
[2025-04-13T13:37:48.527-0400] {logging_mixin.py:188} INFO - [2025-04-13T13:37:48.526-0400] {dag.py:3096} INFO - Sync 1 DAGs
[2025-04-13T13:37:48.532-0400] {logging_mixin.py:188} INFO - [2025-04-13T13:37:48.532-0400] {dag.py:3954} INFO - Setting next_dagrun for example_short_circuit_operator to 2025-04-12 00:00:00+00:00, run_after=2025-04-13 00:00:00+00:00
[2025-04-13T13:37:48.538-0400] {processor.py:183} INFO - Processing /opt/anaconda3/lib/python3.12/site-packages/airflow/example_dags/example_short_circuit_operator.py took 0.063 seconds
[2025-04-13T13:40:01.529-0400] {processor.py:161} INFO - Started process (PID=46653) to work on /opt/anaconda3/lib/python3.12/site-packages/airflow/example_dags/example_short_circuit_operator.py
[2025-04-13T13:40:01.530-0400] {processor.py:830} INFO - Processing file /opt/anaconda3/lib/python3.12/site-packages/airflow/example_dags/example_short_circuit_operator.py for tasks to queue
[2025-04-13T13:40:01.531-0400] {logging_mixin.py:188} INFO - [2025-04-13T13:40:01.530-0400] {dagbag.py:540} INFO - Filling up the DagBag from /opt/anaconda3/lib/python3.12/site-packages/airflow/example_dags/example_short_circuit_operator.py
[2025-04-13T13:40:01.541-0400] {processor.py:840} INFO - DAG(s) 'example_short_circuit_operator' retrieved from /opt/anaconda3/lib/python3.12/site-packages/airflow/example_dags/example_short_circuit_operator.py
[2025-04-13T13:40:01.578-0400] {logging_mixin.py:188} INFO - [2025-04-13T13:40:01.578-0400] {dag.py:3096} INFO - Sync 1 DAGs
[2025-04-13T13:40:01.585-0400] {logging_mixin.py:188} INFO - [2025-04-13T13:40:01.585-0400] {dag.py:3954} INFO - Setting next_dagrun for example_short_circuit_operator to 2025-04-12 00:00:00+00:00, run_after=2025-04-13 00:00:00+00:00
[2025-04-13T13:40:01.590-0400] {processor.py:183} INFO - Processing /opt/anaconda3/lib/python3.12/site-packages/airflow/example_dags/example_short_circuit_operator.py took 0.062 seconds
[2025-04-13T13:42:12.603-0400] {processor.py:161} INFO - Started process (PID=47562) to work on /opt/anaconda3/lib/python3.12/site-packages/airflow/example_dags/example_short_circuit_operator.py
[2025-04-13T13:42:12.604-0400] {processor.py:830} INFO - Processing file /opt/anaconda3/lib/python3.12/site-packages/airflow/example_dags/example_short_circuit_operator.py for tasks to queue
[2025-04-13T13:42:12.604-0400] {logging_mixin.py:188} INFO - [2025-04-13T13:42:12.604-0400] {dagbag.py:540} INFO - Filling up the DagBag from /opt/anaconda3/lib/python3.12/site-packages/airflow/example_dags/example_short_circuit_operator.py
[2025-04-13T13:42:12.615-0400] {processor.py:840} INFO - DAG(s) 'example_short_circuit_operator' retrieved from /opt/anaconda3/lib/python3.12/site-packages/airflow/example_dags/example_short_circuit_operator.py
[2025-04-13T13:42:12.651-0400] {logging_mixin.py:188} INFO - [2025-04-13T13:42:12.651-0400] {dag.py:3096} INFO - Sync 1 DAGs
[2025-04-13T13:42:12.656-0400] {logging_mixin.py:188} INFO - [2025-04-13T13:42:12.656-0400] {dag.py:3954} INFO - Setting next_dagrun for example_short_circuit_operator to 2025-04-12 00:00:00+00:00, run_after=2025-04-13 00:00:00+00:00
[2025-04-13T13:42:12.662-0400] {processor.py:183} INFO - Processing /opt/anaconda3/lib/python3.12/site-packages/airflow/example_dags/example_short_circuit_operator.py took 0.060 seconds
[2025-04-13T13:44:23.454-0400] {processor.py:161} INFO - Started process (PID=48449) to work on /opt/anaconda3/lib/python3.12/site-packages/airflow/example_dags/example_short_circuit_operator.py
[2025-04-13T13:44:23.455-0400] {processor.py:830} INFO - Processing file /opt/anaconda3/lib/python3.12/site-packages/airflow/example_dags/example_short_circuit_operator.py for tasks to queue
[2025-04-13T13:44:23.455-0400] {logging_mixin.py:188} INFO - [2025-04-13T13:44:23.455-0400] {dagbag.py:540} INFO - Filling up the DagBag from /opt/anaconda3/lib/python3.12/site-packages/airflow/example_dags/example_short_circuit_operator.py
[2025-04-13T13:44:23.466-0400] {processor.py:840} INFO - DAG(s) 'example_short_circuit_operator' retrieved from /opt/anaconda3/lib/python3.12/site-packages/airflow/example_dags/example_short_circuit_operator.py
[2025-04-13T13:44:23.502-0400] {logging_mixin.py:188} INFO - [2025-04-13T13:44:23.501-0400] {dag.py:3096} INFO - Sync 1 DAGs
[2025-04-13T13:44:23.507-0400] {logging_mixin.py:188} INFO - [2025-04-13T13:44:23.507-0400] {dag.py:3954} INFO - Setting next_dagrun for example_short_circuit_operator to 2025-04-12 00:00:00+00:00, run_after=2025-04-13 00:00:00+00:00
[2025-04-13T13:44:23.513-0400] {processor.py:183} INFO - Processing /opt/anaconda3/lib/python3.12/site-packages/airflow/example_dags/example_short_circuit_operator.py took 0.060 seconds
[2025-04-13T13:46:44.300-0400] {processor.py:161} INFO - Started process (PID=49380) to work on /opt/anaconda3/lib/python3.12/site-packages/airflow/example_dags/example_short_circuit_operator.py
[2025-04-13T13:46:44.301-0400] {processor.py:830} INFO - Processing file /opt/anaconda3/lib/python3.12/site-packages/airflow/example_dags/example_short_circuit_operator.py for tasks to queue
[2025-04-13T13:46:44.301-0400] {logging_mixin.py:188} INFO - [2025-04-13T13:46:44.301-0400] {dagbag.py:540} INFO - Filling up the DagBag from /opt/anaconda3/lib/python3.12/site-packages/airflow/example_dags/example_short_circuit_operator.py
[2025-04-13T13:46:44.312-0400] {processor.py:840} INFO - DAG(s) 'example_short_circuit_operator' retrieved from /opt/anaconda3/lib/python3.12/site-packages/airflow/example_dags/example_short_circuit_operator.py
[2025-04-13T13:46:44.349-0400] {logging_mixin.py:188} INFO - [2025-04-13T13:46:44.348-0400] {dag.py:3096} INFO - Sync 1 DAGs
[2025-04-13T13:46:44.354-0400] {logging_mixin.py:188} INFO - [2025-04-13T13:46:44.354-0400] {dag.py:3954} INFO - Setting next_dagrun for example_short_circuit_operator to 2025-04-12 00:00:00+00:00, run_after=2025-04-13 00:00:00+00:00
[2025-04-13T13:46:44.360-0400] {processor.py:183} INFO - Processing /opt/anaconda3/lib/python3.12/site-packages/airflow/example_dags/example_short_circuit_operator.py took 0.061 seconds
[2025-04-13T13:47:56.789-0400] {processor.py:161} INFO - Started process (PID=49860) to work on /opt/anaconda3/lib/python3.12/site-packages/airflow/example_dags/example_short_circuit_operator.py
[2025-04-13T13:47:56.790-0400] {processor.py:830} INFO - Processing file /opt/anaconda3/lib/python3.12/site-packages/airflow/example_dags/example_short_circuit_operator.py for tasks to queue
[2025-04-13T13:47:56.790-0400] {logging_mixin.py:188} INFO - [2025-04-13T13:47:56.790-0400] {dagbag.py:540} INFO - Filling up the DagBag from /opt/anaconda3/lib/python3.12/site-packages/airflow/example_dags/example_short_circuit_operator.py
[2025-04-13T13:47:56.801-0400] {processor.py:840} INFO - DAG(s) 'example_short_circuit_operator' retrieved from /opt/anaconda3/lib/python3.12/site-packages/airflow/example_dags/example_short_circuit_operator.py
[2025-04-13T13:47:56.838-0400] {logging_mixin.py:188} INFO - [2025-04-13T13:47:56.838-0400] {dag.py:3096} INFO - Sync 1 DAGs
[2025-04-13T13:47:56.844-0400] {logging_mixin.py:188} INFO - [2025-04-13T13:47:56.844-0400] {dag.py:3954} INFO - Setting next_dagrun for example_short_circuit_operator to 2025-04-12 00:00:00+00:00, run_after=2025-04-13 00:00:00+00:00
[2025-04-13T13:47:56.850-0400] {processor.py:183} INFO - Processing /opt/anaconda3/lib/python3.12/site-packages/airflow/example_dags/example_short_circuit_operator.py took 0.062 seconds
[2025-04-13T13:50:16.655-0400] {processor.py:161} INFO - Started process (PID=50770) to work on /opt/anaconda3/lib/python3.12/site-packages/airflow/example_dags/example_short_circuit_operator.py
[2025-04-13T13:50:16.656-0400] {processor.py:830} INFO - Processing file /opt/anaconda3/lib/python3.12/site-packages/airflow/example_dags/example_short_circuit_operator.py for tasks to queue
[2025-04-13T13:50:16.656-0400] {logging_mixin.py:188} INFO - [2025-04-13T13:50:16.656-0400] {dagbag.py:540} INFO - Filling up the DagBag from /opt/anaconda3/lib/python3.12/site-packages/airflow/example_dags/example_short_circuit_operator.py
[2025-04-13T13:50:16.667-0400] {processor.py:840} INFO - DAG(s) 'example_short_circuit_operator' retrieved from /opt/anaconda3/lib/python3.12/site-packages/airflow/example_dags/example_short_circuit_operator.py
[2025-04-13T13:50:16.702-0400] {logging_mixin.py:188} INFO - [2025-04-13T13:50:16.702-0400] {dag.py:3096} INFO - Sync 1 DAGs
[2025-04-13T13:50:16.708-0400] {logging_mixin.py:188} INFO - [2025-04-13T13:50:16.708-0400] {dag.py:3954} INFO - Setting next_dagrun for example_short_circuit_operator to 2025-04-12 00:00:00+00:00, run_after=2025-04-13 00:00:00+00:00
[2025-04-13T13:50:16.714-0400] {processor.py:183} INFO - Processing /opt/anaconda3/lib/python3.12/site-packages/airflow/example_dags/example_short_circuit_operator.py took 0.060 seconds
[2025-04-13T13:52:32.432-0400] {processor.py:161} INFO - Started process (PID=51713) to work on /opt/anaconda3/lib/python3.12/site-packages/airflow/example_dags/example_short_circuit_operator.py
[2025-04-13T13:52:32.433-0400] {processor.py:830} INFO - Processing file /opt/anaconda3/lib/python3.12/site-packages/airflow/example_dags/example_short_circuit_operator.py for tasks to queue
[2025-04-13T13:52:32.433-0400] {logging_mixin.py:188} INFO - [2025-04-13T13:52:32.433-0400] {dagbag.py:540} INFO - Filling up the DagBag from /opt/anaconda3/lib/python3.12/site-packages/airflow/example_dags/example_short_circuit_operator.py
[2025-04-13T13:52:32.445-0400] {processor.py:840} INFO - DAG(s) 'example_short_circuit_operator' retrieved from /opt/anaconda3/lib/python3.12/site-packages/airflow/example_dags/example_short_circuit_operator.py
[2025-04-13T13:52:32.482-0400] {logging_mixin.py:188} INFO - [2025-04-13T13:52:32.482-0400] {dag.py:3096} INFO - Sync 1 DAGs
[2025-04-13T13:52:32.488-0400] {logging_mixin.py:188} INFO - [2025-04-13T13:52:32.488-0400] {dag.py:3954} INFO - Setting next_dagrun for example_short_circuit_operator to 2025-04-12 00:00:00+00:00, run_after=2025-04-13 00:00:00+00:00
[2025-04-13T13:52:32.494-0400] {processor.py:183} INFO - Processing /opt/anaconda3/lib/python3.12/site-packages/airflow/example_dags/example_short_circuit_operator.py took 0.063 seconds
[2025-04-13T13:53:44.372-0400] {processor.py:161} INFO - Started process (PID=52194) to work on /opt/anaconda3/lib/python3.12/site-packages/airflow/example_dags/example_short_circuit_operator.py
[2025-04-13T13:53:44.372-0400] {processor.py:830} INFO - Processing file /opt/anaconda3/lib/python3.12/site-packages/airflow/example_dags/example_short_circuit_operator.py for tasks to queue
[2025-04-13T13:53:44.372-0400] {logging_mixin.py:188} INFO - [2025-04-13T13:53:44.372-0400] {dagbag.py:540} INFO - Filling up the DagBag from /opt/anaconda3/lib/python3.12/site-packages/airflow/example_dags/example_short_circuit_operator.py
[2025-04-13T13:53:44.383-0400] {processor.py:840} INFO - DAG(s) 'example_short_circuit_operator' retrieved from /opt/anaconda3/lib/python3.12/site-packages/airflow/example_dags/example_short_circuit_operator.py
[2025-04-13T13:53:44.419-0400] {logging_mixin.py:188} INFO - [2025-04-13T13:53:44.419-0400] {dag.py:3096} INFO - Sync 1 DAGs
[2025-04-13T13:53:44.424-0400] {logging_mixin.py:188} INFO - [2025-04-13T13:53:44.424-0400] {dag.py:3954} INFO - Setting next_dagrun for example_short_circuit_operator to 2025-04-12 00:00:00+00:00, run_after=2025-04-13 00:00:00+00:00
[2025-04-13T13:53:44.430-0400] {processor.py:183} INFO - Processing /opt/anaconda3/lib/python3.12/site-packages/airflow/example_dags/example_short_circuit_operator.py took 0.059 seconds
[2025-04-13T13:55:58.426-0400] {processor.py:161} INFO - Started process (PID=53081) to work on /opt/anaconda3/lib/python3.12/site-packages/airflow/example_dags/example_short_circuit_operator.py
[2025-04-13T13:55:58.426-0400] {processor.py:830} INFO - Processing file /opt/anaconda3/lib/python3.12/site-packages/airflow/example_dags/example_short_circuit_operator.py for tasks to queue
[2025-04-13T13:55:58.427-0400] {logging_mixin.py:188} INFO - [2025-04-13T13:55:58.427-0400] {dagbag.py:540} INFO - Filling up the DagBag from /opt/anaconda3/lib/python3.12/site-packages/airflow/example_dags/example_short_circuit_operator.py
[2025-04-13T13:55:58.438-0400] {processor.py:840} INFO - DAG(s) 'example_short_circuit_operator' retrieved from /opt/anaconda3/lib/python3.12/site-packages/airflow/example_dags/example_short_circuit_operator.py
[2025-04-13T13:55:58.474-0400] {logging_mixin.py:188} INFO - [2025-04-13T13:55:58.474-0400] {dag.py:3096} INFO - Sync 1 DAGs
[2025-04-13T13:55:58.479-0400] {logging_mixin.py:188} INFO - [2025-04-13T13:55:58.479-0400] {dag.py:3954} INFO - Setting next_dagrun for example_short_circuit_operator to 2025-04-12 00:00:00+00:00, run_after=2025-04-13 00:00:00+00:00
[2025-04-13T13:55:58.485-0400] {processor.py:183} INFO - Processing /opt/anaconda3/lib/python3.12/site-packages/airflow/example_dags/example_short_circuit_operator.py took 0.061 seconds
[2025-04-13T13:57:08.870-0400] {processor.py:161} INFO - Started process (PID=53578) to work on /opt/anaconda3/lib/python3.12/site-packages/airflow/example_dags/example_short_circuit_operator.py
[2025-04-13T13:57:08.871-0400] {processor.py:830} INFO - Processing file /opt/anaconda3/lib/python3.12/site-packages/airflow/example_dags/example_short_circuit_operator.py for tasks to queue
[2025-04-13T13:57:08.871-0400] {logging_mixin.py:188} INFO - [2025-04-13T13:57:08.871-0400] {dagbag.py:540} INFO - Filling up the DagBag from /opt/anaconda3/lib/python3.12/site-packages/airflow/example_dags/example_short_circuit_operator.py
[2025-04-13T13:57:08.882-0400] {processor.py:840} INFO - DAG(s) 'example_short_circuit_operator' retrieved from /opt/anaconda3/lib/python3.12/site-packages/airflow/example_dags/example_short_circuit_operator.py
[2025-04-13T13:57:08.918-0400] {logging_mixin.py:188} INFO - [2025-04-13T13:57:08.918-0400] {dag.py:3096} INFO - Sync 1 DAGs
[2025-04-13T13:57:08.924-0400] {logging_mixin.py:188} INFO - [2025-04-13T13:57:08.924-0400] {dag.py:3954} INFO - Setting next_dagrun for example_short_circuit_operator to 2025-04-12 00:00:00+00:00, run_after=2025-04-13 00:00:00+00:00
[2025-04-13T13:57:08.930-0400] {processor.py:183} INFO - Processing /opt/anaconda3/lib/python3.12/site-packages/airflow/example_dags/example_short_circuit_operator.py took 0.060 seconds
[2025-04-13T13:59:21.185-0400] {processor.py:161} INFO - Started process (PID=54519) to work on /opt/anaconda3/lib/python3.12/site-packages/airflow/example_dags/example_short_circuit_operator.py
[2025-04-13T13:59:21.186-0400] {processor.py:830} INFO - Processing file /opt/anaconda3/lib/python3.12/site-packages/airflow/example_dags/example_short_circuit_operator.py for tasks to queue
[2025-04-13T13:59:21.186-0400] {logging_mixin.py:188} INFO - [2025-04-13T13:59:21.186-0400] {dagbag.py:540} INFO - Filling up the DagBag from /opt/anaconda3/lib/python3.12/site-packages/airflow/example_dags/example_short_circuit_operator.py
[2025-04-13T13:59:21.199-0400] {processor.py:840} INFO - DAG(s) 'example_short_circuit_operator' retrieved from /opt/anaconda3/lib/python3.12/site-packages/airflow/example_dags/example_short_circuit_operator.py
[2025-04-13T13:59:21.235-0400] {logging_mixin.py:188} INFO - [2025-04-13T13:59:21.235-0400] {dag.py:3096} INFO - Sync 1 DAGs
[2025-04-13T13:59:21.241-0400] {logging_mixin.py:188} INFO - [2025-04-13T13:59:21.241-0400] {dag.py:3954} INFO - Setting next_dagrun for example_short_circuit_operator to 2025-04-12 00:00:00+00:00, run_after=2025-04-13 00:00:00+00:00
[2025-04-13T13:59:21.247-0400] {processor.py:183} INFO - Processing /opt/anaconda3/lib/python3.12/site-packages/airflow/example_dags/example_short_circuit_operator.py took 0.063 seconds
[2025-04-13T14:01:40.112-0400] {processor.py:161} INFO - Started process (PID=55451) to work on /opt/anaconda3/lib/python3.12/site-packages/airflow/example_dags/example_short_circuit_operator.py
[2025-04-13T14:01:40.115-0400] {processor.py:830} INFO - Processing file /opt/anaconda3/lib/python3.12/site-packages/airflow/example_dags/example_short_circuit_operator.py for tasks to queue
[2025-04-13T14:01:40.116-0400] {logging_mixin.py:188} INFO - [2025-04-13T14:01:40.115-0400] {dagbag.py:540} INFO - Filling up the DagBag from /opt/anaconda3/lib/python3.12/site-packages/airflow/example_dags/example_short_circuit_operator.py
[2025-04-13T14:01:40.126-0400] {processor.py:840} INFO - DAG(s) 'example_short_circuit_operator' retrieved from /opt/anaconda3/lib/python3.12/site-packages/airflow/example_dags/example_short_circuit_operator.py
[2025-04-13T14:01:40.163-0400] {logging_mixin.py:188} INFO - [2025-04-13T14:01:40.163-0400] {dag.py:3096} INFO - Sync 1 DAGs
[2025-04-13T14:01:40.169-0400] {logging_mixin.py:188} INFO - [2025-04-13T14:01:40.169-0400] {dag.py:3954} INFO - Setting next_dagrun for example_short_circuit_operator to 2025-04-12 00:00:00+00:00, run_after=2025-04-13 00:00:00+00:00
[2025-04-13T14:01:40.174-0400] {processor.py:183} INFO - Processing /opt/anaconda3/lib/python3.12/site-packages/airflow/example_dags/example_short_circuit_operator.py took 0.063 seconds
