[2025-04-13T13:05:59.623-0400] {processor.py:161} INFO - Started process (PID=33644) to work on /opt/anaconda3/lib/python3.12/site-packages/airflow/example_dags/example_task_group.py
[2025-04-13T13:05:59.623-0400] {processor.py:830} INFO - Processing file /opt/anaconda3/lib/python3.12/site-packages/airflow/example_dags/example_task_group.py for tasks to queue
[2025-04-13T13:05:59.624-0400] {logging_mixin.py:188} INFO - [2025-04-13T13:05:59.624-0400] {dagbag.py:540} INFO - Filling up the DagBag from /opt/anaconda3/lib/python3.12/site-packages/airflow/example_dags/example_task_group.py
[2025-04-13T13:05:59.627-0400] {processor.py:840} INFO - DAG(s) 'example_task_group' retrieved from /opt/anaconda3/lib/python3.12/site-packages/airflow/example_dags/example_task_group.py
[2025-04-13T13:05:59.691-0400] {logging_mixin.py:188} INFO - [2025-04-13T13:05:59.691-0400] {override.py:1930} INFO - Created Permission View: can read on DAG:example_task_group
[2025-04-13T13:05:59.694-0400] {logging_mixin.py:188} INFO - [2025-04-13T13:05:59.694-0400] {override.py:1930} INFO - Created Permission View: can delete on DAG:example_task_group
[2025-04-13T13:05:59.695-0400] {logging_mixin.py:188} INFO - [2025-04-13T13:05:59.695-0400] {override.py:1930} INFO - Created Permission View: can edit on DAG:example_task_group
[2025-04-13T13:05:59.695-0400] {logging_mixin.py:188} INFO - [2025-04-13T13:05:59.695-0400] {dag.py:3096} INFO - Sync 1 DAGs
[2025-04-13T13:05:59.699-0400] {logging_mixin.py:188} INFO - [2025-04-13T13:05:59.699-0400] {dag.py:3118} INFO - Creating ORM DAG for example_task_group
[2025-04-13T13:05:59.701-0400] {logging_mixin.py:188} INFO - [2025-04-13T13:05:59.701-0400] {dag.py:3954} INFO - Setting next_dagrun for example_task_group to 2025-04-12 00:00:00+00:00, run_after=2025-04-13 00:00:00+00:00
[2025-04-13T13:05:59.706-0400] {processor.py:183} INFO - Processing /opt/anaconda3/lib/python3.12/site-packages/airflow/example_dags/example_task_group.py took 0.084 seconds
[2025-04-13T13:07:54.881-0400] {processor.py:161} INFO - Started process (PID=34428) to work on /opt/anaconda3/lib/python3.12/site-packages/airflow/example_dags/example_task_group.py
[2025-04-13T13:07:54.881-0400] {processor.py:830} INFO - Processing file /opt/anaconda3/lib/python3.12/site-packages/airflow/example_dags/example_task_group.py for tasks to queue
[2025-04-13T13:07:54.882-0400] {logging_mixin.py:188} INFO - [2025-04-13T13:07:54.882-0400] {dagbag.py:540} INFO - Filling up the DagBag from /opt/anaconda3/lib/python3.12/site-packages/airflow/example_dags/example_task_group.py
[2025-04-13T13:07:54.885-0400] {processor.py:840} INFO - DAG(s) 'example_task_group' retrieved from /opt/anaconda3/lib/python3.12/site-packages/airflow/example_dags/example_task_group.py
[2025-04-13T13:07:54.923-0400] {logging_mixin.py:188} INFO - [2025-04-13T13:07:54.923-0400] {dag.py:3096} INFO - Sync 1 DAGs
[2025-04-13T13:07:54.928-0400] {logging_mixin.py:188} INFO - [2025-04-13T13:07:54.928-0400] {dag.py:3954} INFO - Setting next_dagrun for example_task_group to 2025-04-12 00:00:00+00:00, run_after=2025-04-13 00:00:00+00:00
[2025-04-13T13:07:54.934-0400] {processor.py:183} INFO - Processing /opt/anaconda3/lib/python3.12/site-packages/airflow/example_dags/example_task_group.py took 0.055 seconds
[2025-04-13T13:09:34.883-0400] {processor.py:161} INFO - Started process (PID=35120) to work on /opt/anaconda3/lib/python3.12/site-packages/airflow/example_dags/example_task_group.py
[2025-04-13T13:09:34.884-0400] {processor.py:830} INFO - Processing file /opt/anaconda3/lib/python3.12/site-packages/airflow/example_dags/example_task_group.py for tasks to queue
[2025-04-13T13:09:34.885-0400] {logging_mixin.py:188} INFO - [2025-04-13T13:09:34.885-0400] {dagbag.py:540} INFO - Filling up the DagBag from /opt/anaconda3/lib/python3.12/site-packages/airflow/example_dags/example_task_group.py
[2025-04-13T13:09:34.888-0400] {processor.py:840} INFO - DAG(s) 'example_task_group' retrieved from /opt/anaconda3/lib/python3.12/site-packages/airflow/example_dags/example_task_group.py
[2025-04-13T13:09:34.926-0400] {logging_mixin.py:188} INFO - [2025-04-13T13:09:34.926-0400] {dag.py:3096} INFO - Sync 1 DAGs
[2025-04-13T13:09:34.931-0400] {logging_mixin.py:188} INFO - [2025-04-13T13:09:34.931-0400] {dag.py:3954} INFO - Setting next_dagrun for example_task_group to 2025-04-12 00:00:00+00:00, run_after=2025-04-13 00:00:00+00:00
[2025-04-13T13:09:34.938-0400] {processor.py:183} INFO - Processing /opt/anaconda3/lib/python3.12/site-packages/airflow/example_dags/example_task_group.py took 0.056 seconds
[2025-04-13T13:15:27.320-0400] {processor.py:161} INFO - Started process (PID=37257) to work on /opt/anaconda3/lib/python3.12/site-packages/airflow/example_dags/example_task_group.py
[2025-04-13T13:15:27.320-0400] {processor.py:830} INFO - Processing file /opt/anaconda3/lib/python3.12/site-packages/airflow/example_dags/example_task_group.py for tasks to queue
[2025-04-13T13:15:27.321-0400] {logging_mixin.py:188} INFO - [2025-04-13T13:15:27.320-0400] {dagbag.py:540} INFO - Filling up the DagBag from /opt/anaconda3/lib/python3.12/site-packages/airflow/example_dags/example_task_group.py
[2025-04-13T13:15:27.324-0400] {processor.py:840} INFO - DAG(s) 'example_task_group' retrieved from /opt/anaconda3/lib/python3.12/site-packages/airflow/example_dags/example_task_group.py
[2025-04-13T13:15:27.360-0400] {logging_mixin.py:188} INFO - [2025-04-13T13:15:27.360-0400] {dag.py:3096} INFO - Sync 1 DAGs
[2025-04-13T13:15:27.365-0400] {logging_mixin.py:188} INFO - [2025-04-13T13:15:27.365-0400] {dag.py:3954} INFO - Setting next_dagrun for example_task_group to 2025-04-12 00:00:00+00:00, run_after=2025-04-13 00:00:00+00:00
[2025-04-13T13:15:27.371-0400] {processor.py:183} INFO - Processing /opt/anaconda3/lib/python3.12/site-packages/airflow/example_dags/example_task_group.py took 0.053 seconds
[2025-04-13T13:19:08.136-0400] {processor.py:161} INFO - Started process (PID=38747) to work on /opt/anaconda3/lib/python3.12/site-packages/airflow/example_dags/example_task_group.py
[2025-04-13T13:19:08.136-0400] {processor.py:830} INFO - Processing file /opt/anaconda3/lib/python3.12/site-packages/airflow/example_dags/example_task_group.py for tasks to queue
[2025-04-13T13:19:08.136-0400] {logging_mixin.py:188} INFO - [2025-04-13T13:19:08.136-0400] {dagbag.py:540} INFO - Filling up the DagBag from /opt/anaconda3/lib/python3.12/site-packages/airflow/example_dags/example_task_group.py
[2025-04-13T13:19:08.140-0400] {processor.py:840} INFO - DAG(s) 'example_task_group' retrieved from /opt/anaconda3/lib/python3.12/site-packages/airflow/example_dags/example_task_group.py
[2025-04-13T13:19:08.203-0400] {logging_mixin.py:188} INFO - [2025-04-13T13:19:08.203-0400] {dag.py:3096} INFO - Sync 1 DAGs
[2025-04-13T13:19:08.209-0400] {logging_mixin.py:188} INFO - [2025-04-13T13:19:08.208-0400] {dag.py:3954} INFO - Setting next_dagrun for example_task_group to 2025-04-12 00:00:00+00:00, run_after=2025-04-13 00:00:00+00:00
[2025-04-13T13:19:08.215-0400] {processor.py:183} INFO - Processing /opt/anaconda3/lib/python3.12/site-packages/airflow/example_dags/example_task_group.py took 0.080 seconds
[2025-04-13T13:23:36.238-0400] {processor.py:161} INFO - Started process (PID=40666) to work on /opt/anaconda3/lib/python3.12/site-packages/airflow/example_dags/example_task_group.py
[2025-04-13T13:23:36.239-0400] {processor.py:830} INFO - Processing file /opt/anaconda3/lib/python3.12/site-packages/airflow/example_dags/example_task_group.py for tasks to queue
[2025-04-13T13:23:36.239-0400] {logging_mixin.py:188} INFO - [2025-04-13T13:23:36.239-0400] {dagbag.py:540} INFO - Filling up the DagBag from /opt/anaconda3/lib/python3.12/site-packages/airflow/example_dags/example_task_group.py
[2025-04-13T13:23:36.242-0400] {processor.py:840} INFO - DAG(s) 'example_task_group' retrieved from /opt/anaconda3/lib/python3.12/site-packages/airflow/example_dags/example_task_group.py
[2025-04-13T13:23:36.306-0400] {logging_mixin.py:188} INFO - [2025-04-13T13:23:36.306-0400] {dag.py:3096} INFO - Sync 1 DAGs
[2025-04-13T13:23:36.311-0400] {logging_mixin.py:188} INFO - [2025-04-13T13:23:36.311-0400] {dag.py:3954} INFO - Setting next_dagrun for example_task_group to 2025-04-12 00:00:00+00:00, run_after=2025-04-13 00:00:00+00:00
[2025-04-13T13:23:36.317-0400] {processor.py:183} INFO - Processing /opt/anaconda3/lib/python3.12/site-packages/airflow/example_dags/example_task_group.py took 0.080 seconds
[2025-04-13T13:25:16.313-0400] {processor.py:161} INFO - Started process (PID=41340) to work on /opt/anaconda3/lib/python3.12/site-packages/airflow/example_dags/example_task_group.py
[2025-04-13T13:25:16.314-0400] {processor.py:830} INFO - Processing file /opt/anaconda3/lib/python3.12/site-packages/airflow/example_dags/example_task_group.py for tasks to queue
[2025-04-13T13:25:16.314-0400] {logging_mixin.py:188} INFO - [2025-04-13T13:25:16.314-0400] {dagbag.py:540} INFO - Filling up the DagBag from /opt/anaconda3/lib/python3.12/site-packages/airflow/example_dags/example_task_group.py
[2025-04-13T13:25:16.317-0400] {processor.py:840} INFO - DAG(s) 'example_task_group' retrieved from /opt/anaconda3/lib/python3.12/site-packages/airflow/example_dags/example_task_group.py
[2025-04-13T13:25:16.354-0400] {logging_mixin.py:188} INFO - [2025-04-13T13:25:16.353-0400] {dag.py:3096} INFO - Sync 1 DAGs
[2025-04-13T13:25:16.359-0400] {logging_mixin.py:188} INFO - [2025-04-13T13:25:16.358-0400] {dag.py:3954} INFO - Setting next_dagrun for example_task_group to 2025-04-12 00:00:00+00:00, run_after=2025-04-13 00:00:00+00:00
[2025-04-13T13:25:16.365-0400] {processor.py:183} INFO - Processing /opt/anaconda3/lib/python3.12/site-packages/airflow/example_dags/example_task_group.py took 0.053 seconds
[2025-04-13T13:26:22.698-0400] {processor.py:161} INFO - Started process (PID=41784) to work on /opt/anaconda3/lib/python3.12/site-packages/airflow/example_dags/example_task_group.py
[2025-04-13T13:26:22.699-0400] {processor.py:830} INFO - Processing file /opt/anaconda3/lib/python3.12/site-packages/airflow/example_dags/example_task_group.py for tasks to queue
[2025-04-13T13:26:22.699-0400] {logging_mixin.py:188} INFO - [2025-04-13T13:26:22.699-0400] {dagbag.py:540} INFO - Filling up the DagBag from /opt/anaconda3/lib/python3.12/site-packages/airflow/example_dags/example_task_group.py
[2025-04-13T13:26:22.703-0400] {processor.py:840} INFO - DAG(s) 'example_task_group' retrieved from /opt/anaconda3/lib/python3.12/site-packages/airflow/example_dags/example_task_group.py
[2025-04-13T13:26:22.739-0400] {logging_mixin.py:188} INFO - [2025-04-13T13:26:22.739-0400] {dag.py:3096} INFO - Sync 1 DAGs
[2025-04-13T13:26:22.744-0400] {logging_mixin.py:188} INFO - [2025-04-13T13:26:22.744-0400] {dag.py:3954} INFO - Setting next_dagrun for example_task_group to 2025-04-12 00:00:00+00:00, run_after=2025-04-13 00:00:00+00:00
[2025-04-13T13:26:22.750-0400] {processor.py:183} INFO - Processing /opt/anaconda3/lib/python3.12/site-packages/airflow/example_dags/example_task_group.py took 0.053 seconds
[2025-04-13T13:28:26.025-0400] {processor.py:161} INFO - Started process (PID=42603) to work on /opt/anaconda3/lib/python3.12/site-packages/airflow/example_dags/example_task_group.py
[2025-04-13T13:28:26.026-0400] {processor.py:830} INFO - Processing file /opt/anaconda3/lib/python3.12/site-packages/airflow/example_dags/example_task_group.py for tasks to queue
[2025-04-13T13:28:26.026-0400] {logging_mixin.py:188} INFO - [2025-04-13T13:28:26.026-0400] {dagbag.py:540} INFO - Filling up the DagBag from /opt/anaconda3/lib/python3.12/site-packages/airflow/example_dags/example_task_group.py
[2025-04-13T13:28:26.029-0400] {processor.py:840} INFO - DAG(s) 'example_task_group' retrieved from /opt/anaconda3/lib/python3.12/site-packages/airflow/example_dags/example_task_group.py
[2025-04-13T13:28:26.065-0400] {logging_mixin.py:188} INFO - [2025-04-13T13:28:26.064-0400] {dag.py:3096} INFO - Sync 1 DAGs
[2025-04-13T13:28:26.069-0400] {logging_mixin.py:188} INFO - [2025-04-13T13:28:26.069-0400] {dag.py:3954} INFO - Setting next_dagrun for example_task_group to 2025-04-12 00:00:00+00:00, run_after=2025-04-13 00:00:00+00:00
[2025-04-13T13:28:26.076-0400] {processor.py:183} INFO - Processing /opt/anaconda3/lib/python3.12/site-packages/airflow/example_dags/example_task_group.py took 0.052 seconds
[2025-04-13T13:29:35.024-0400] {processor.py:161} INFO - Started process (PID=43061) to work on /opt/anaconda3/lib/python3.12/site-packages/airflow/example_dags/example_task_group.py
[2025-04-13T13:29:35.025-0400] {processor.py:830} INFO - Processing file /opt/anaconda3/lib/python3.12/site-packages/airflow/example_dags/example_task_group.py for tasks to queue
[2025-04-13T13:29:35.025-0400] {logging_mixin.py:188} INFO - [2025-04-13T13:29:35.025-0400] {dagbag.py:540} INFO - Filling up the DagBag from /opt/anaconda3/lib/python3.12/site-packages/airflow/example_dags/example_task_group.py
[2025-04-13T13:29:35.028-0400] {processor.py:840} INFO - DAG(s) 'example_task_group' retrieved from /opt/anaconda3/lib/python3.12/site-packages/airflow/example_dags/example_task_group.py
[2025-04-13T13:29:35.065-0400] {logging_mixin.py:188} INFO - [2025-04-13T13:29:35.064-0400] {dag.py:3096} INFO - Sync 1 DAGs
[2025-04-13T13:29:35.069-0400] {logging_mixin.py:188} INFO - [2025-04-13T13:29:35.069-0400] {dag.py:3954} INFO - Setting next_dagrun for example_task_group to 2025-04-12 00:00:00+00:00, run_after=2025-04-13 00:00:00+00:00
[2025-04-13T13:29:35.076-0400] {processor.py:183} INFO - Processing /opt/anaconda3/lib/python3.12/site-packages/airflow/example_dags/example_task_group.py took 0.053 seconds
[2025-04-13T13:31:53.480-0400] {processor.py:161} INFO - Started process (PID=43961) to work on /opt/anaconda3/lib/python3.12/site-packages/airflow/example_dags/example_task_group.py
[2025-04-13T13:31:53.481-0400] {processor.py:830} INFO - Processing file /opt/anaconda3/lib/python3.12/site-packages/airflow/example_dags/example_task_group.py for tasks to queue
[2025-04-13T13:31:53.482-0400] {logging_mixin.py:188} INFO - [2025-04-13T13:31:53.482-0400] {dagbag.py:540} INFO - Filling up the DagBag from /opt/anaconda3/lib/python3.12/site-packages/airflow/example_dags/example_task_group.py
[2025-04-13T13:31:53.485-0400] {processor.py:840} INFO - DAG(s) 'example_task_group' retrieved from /opt/anaconda3/lib/python3.12/site-packages/airflow/example_dags/example_task_group.py
[2025-04-13T13:31:53.521-0400] {logging_mixin.py:188} INFO - [2025-04-13T13:31:53.521-0400] {dag.py:3096} INFO - Sync 1 DAGs
[2025-04-13T13:31:53.526-0400] {logging_mixin.py:188} INFO - [2025-04-13T13:31:53.526-0400] {dag.py:3954} INFO - Setting next_dagrun for example_task_group to 2025-04-12 00:00:00+00:00, run_after=2025-04-13 00:00:00+00:00
[2025-04-13T13:31:53.533-0400] {processor.py:183} INFO - Processing /opt/anaconda3/lib/python3.12/site-packages/airflow/example_dags/example_task_group.py took 0.054 seconds
[2025-04-13T13:33:31.043-0400] {processor.py:161} INFO - Started process (PID=44604) to work on /opt/anaconda3/lib/python3.12/site-packages/airflow/example_dags/example_task_group.py
[2025-04-13T13:33:31.043-0400] {processor.py:830} INFO - Processing file /opt/anaconda3/lib/python3.12/site-packages/airflow/example_dags/example_task_group.py for tasks to queue
[2025-04-13T13:33:31.044-0400] {logging_mixin.py:188} INFO - [2025-04-13T13:33:31.043-0400] {dagbag.py:540} INFO - Filling up the DagBag from /opt/anaconda3/lib/python3.12/site-packages/airflow/example_dags/example_task_group.py
[2025-04-13T13:33:31.047-0400] {processor.py:840} INFO - DAG(s) 'example_task_group' retrieved from /opt/anaconda3/lib/python3.12/site-packages/airflow/example_dags/example_task_group.py
[2025-04-13T13:33:31.083-0400] {logging_mixin.py:188} INFO - [2025-04-13T13:33:31.083-0400] {dag.py:3096} INFO - Sync 1 DAGs
[2025-04-13T13:33:31.088-0400] {logging_mixin.py:188} INFO - [2025-04-13T13:33:31.088-0400] {dag.py:3954} INFO - Setting next_dagrun for example_task_group to 2025-04-12 00:00:00+00:00, run_after=2025-04-13 00:00:00+00:00
[2025-04-13T13:33:31.094-0400] {processor.py:183} INFO - Processing /opt/anaconda3/lib/python3.12/site-packages/airflow/example_dags/example_task_group.py took 0.053 seconds
[2025-04-13T13:36:15.923-0400] {processor.py:161} INFO - Started process (PID=45152) to work on /opt/anaconda3/lib/python3.12/site-packages/airflow/example_dags/example_task_group.py
[2025-04-13T13:36:15.923-0400] {processor.py:830} INFO - Processing file /opt/anaconda3/lib/python3.12/site-packages/airflow/example_dags/example_task_group.py for tasks to queue
[2025-04-13T13:36:15.924-0400] {logging_mixin.py:188} INFO - [2025-04-13T13:36:15.924-0400] {dagbag.py:540} INFO - Filling up the DagBag from /opt/anaconda3/lib/python3.12/site-packages/airflow/example_dags/example_task_group.py
[2025-04-13T13:36:15.927-0400] {processor.py:840} INFO - DAG(s) 'example_task_group' retrieved from /opt/anaconda3/lib/python3.12/site-packages/airflow/example_dags/example_task_group.py
[2025-04-13T13:36:15.963-0400] {logging_mixin.py:188} INFO - [2025-04-13T13:36:15.963-0400] {dag.py:3096} INFO - Sync 1 DAGs
[2025-04-13T13:36:15.968-0400] {logging_mixin.py:188} INFO - [2025-04-13T13:36:15.968-0400] {dag.py:3954} INFO - Setting next_dagrun for example_task_group to 2025-04-12 00:00:00+00:00, run_after=2025-04-13 00:00:00+00:00
[2025-04-13T13:36:15.974-0400] {processor.py:183} INFO - Processing /opt/anaconda3/lib/python3.12/site-packages/airflow/example_dags/example_task_group.py took 0.052 seconds
[2025-04-13T13:37:40.267-0400] {processor.py:161} INFO - Started process (PID=45718) to work on /opt/anaconda3/lib/python3.12/site-packages/airflow/example_dags/example_task_group.py
[2025-04-13T13:37:40.268-0400] {processor.py:830} INFO - Processing file /opt/anaconda3/lib/python3.12/site-packages/airflow/example_dags/example_task_group.py for tasks to queue
[2025-04-13T13:37:40.269-0400] {logging_mixin.py:188} INFO - [2025-04-13T13:37:40.269-0400] {dagbag.py:540} INFO - Filling up the DagBag from /opt/anaconda3/lib/python3.12/site-packages/airflow/example_dags/example_task_group.py
[2025-04-13T13:37:40.273-0400] {processor.py:840} INFO - DAG(s) 'example_task_group' retrieved from /opt/anaconda3/lib/python3.12/site-packages/airflow/example_dags/example_task_group.py
[2025-04-13T13:37:40.309-0400] {logging_mixin.py:188} INFO - [2025-04-13T13:37:40.309-0400] {dag.py:3096} INFO - Sync 1 DAGs
[2025-04-13T13:37:40.315-0400] {logging_mixin.py:188} INFO - [2025-04-13T13:37:40.315-0400] {dag.py:3954} INFO - Setting next_dagrun for example_task_group to 2025-04-12 00:00:00+00:00, run_after=2025-04-13 00:00:00+00:00
[2025-04-13T13:37:40.321-0400] {processor.py:183} INFO - Processing /opt/anaconda3/lib/python3.12/site-packages/airflow/example_dags/example_task_group.py took 0.055 seconds
[2025-04-13T13:38:48.912-0400] {processor.py:161} INFO - Started process (PID=46173) to work on /opt/anaconda3/lib/python3.12/site-packages/airflow/example_dags/example_task_group.py
[2025-04-13T13:38:48.913-0400] {processor.py:830} INFO - Processing file /opt/anaconda3/lib/python3.12/site-packages/airflow/example_dags/example_task_group.py for tasks to queue
[2025-04-13T13:38:48.913-0400] {logging_mixin.py:188} INFO - [2025-04-13T13:38:48.913-0400] {dagbag.py:540} INFO - Filling up the DagBag from /opt/anaconda3/lib/python3.12/site-packages/airflow/example_dags/example_task_group.py
[2025-04-13T13:38:48.916-0400] {processor.py:840} INFO - DAG(s) 'example_task_group' retrieved from /opt/anaconda3/lib/python3.12/site-packages/airflow/example_dags/example_task_group.py
[2025-04-13T13:38:48.952-0400] {logging_mixin.py:188} INFO - [2025-04-13T13:38:48.952-0400] {dag.py:3096} INFO - Sync 1 DAGs
[2025-04-13T13:38:48.957-0400] {logging_mixin.py:188} INFO - [2025-04-13T13:38:48.957-0400] {dag.py:3954} INFO - Setting next_dagrun for example_task_group to 2025-04-12 00:00:00+00:00, run_after=2025-04-13 00:00:00+00:00
[2025-04-13T13:38:48.963-0400] {processor.py:183} INFO - Processing /opt/anaconda3/lib/python3.12/site-packages/airflow/example_dags/example_task_group.py took 0.053 seconds
[2025-04-13T13:39:55.588-0400] {processor.py:161} INFO - Started process (PID=46609) to work on /opt/anaconda3/lib/python3.12/site-packages/airflow/example_dags/example_task_group.py
[2025-04-13T13:39:55.588-0400] {processor.py:830} INFO - Processing file /opt/anaconda3/lib/python3.12/site-packages/airflow/example_dags/example_task_group.py for tasks to queue
[2025-04-13T13:39:55.588-0400] {logging_mixin.py:188} INFO - [2025-04-13T13:39:55.588-0400] {dagbag.py:540} INFO - Filling up the DagBag from /opt/anaconda3/lib/python3.12/site-packages/airflow/example_dags/example_task_group.py
[2025-04-13T13:39:55.591-0400] {processor.py:840} INFO - DAG(s) 'example_task_group' retrieved from /opt/anaconda3/lib/python3.12/site-packages/airflow/example_dags/example_task_group.py
[2025-04-13T13:39:55.627-0400] {logging_mixin.py:188} INFO - [2025-04-13T13:39:55.627-0400] {dag.py:3096} INFO - Sync 1 DAGs
[2025-04-13T13:39:55.632-0400] {logging_mixin.py:188} INFO - [2025-04-13T13:39:55.632-0400] {dag.py:3954} INFO - Setting next_dagrun for example_task_group to 2025-04-12 00:00:00+00:00, run_after=2025-04-13 00:00:00+00:00
[2025-04-13T13:39:55.639-0400] {processor.py:183} INFO - Processing /opt/anaconda3/lib/python3.12/site-packages/airflow/example_dags/example_task_group.py took 0.052 seconds
[2025-04-13T13:41:01.315-0400] {processor.py:161} INFO - Started process (PID=47077) to work on /opt/anaconda3/lib/python3.12/site-packages/airflow/example_dags/example_task_group.py
[2025-04-13T13:41:01.315-0400] {processor.py:830} INFO - Processing file /opt/anaconda3/lib/python3.12/site-packages/airflow/example_dags/example_task_group.py for tasks to queue
[2025-04-13T13:41:01.315-0400] {logging_mixin.py:188} INFO - [2025-04-13T13:41:01.315-0400] {dagbag.py:540} INFO - Filling up the DagBag from /opt/anaconda3/lib/python3.12/site-packages/airflow/example_dags/example_task_group.py
[2025-04-13T13:41:01.319-0400] {processor.py:840} INFO - DAG(s) 'example_task_group' retrieved from /opt/anaconda3/lib/python3.12/site-packages/airflow/example_dags/example_task_group.py
[2025-04-13T13:41:01.355-0400] {logging_mixin.py:188} INFO - [2025-04-13T13:41:01.355-0400] {dag.py:3096} INFO - Sync 1 DAGs
[2025-04-13T13:41:01.360-0400] {logging_mixin.py:188} INFO - [2025-04-13T13:41:01.360-0400] {dag.py:3954} INFO - Setting next_dagrun for example_task_group to 2025-04-12 00:00:00+00:00, run_after=2025-04-13 00:00:00+00:00
[2025-04-13T13:41:01.366-0400] {processor.py:183} INFO - Processing /opt/anaconda3/lib/python3.12/site-packages/airflow/example_dags/example_task_group.py took 0.052 seconds
[2025-04-13T13:42:05.794-0400] {processor.py:161} INFO - Started process (PID=47508) to work on /opt/anaconda3/lib/python3.12/site-packages/airflow/example_dags/example_task_group.py
[2025-04-13T13:42:05.795-0400] {processor.py:830} INFO - Processing file /opt/anaconda3/lib/python3.12/site-packages/airflow/example_dags/example_task_group.py for tasks to queue
[2025-04-13T13:42:05.795-0400] {logging_mixin.py:188} INFO - [2025-04-13T13:42:05.795-0400] {dagbag.py:540} INFO - Filling up the DagBag from /opt/anaconda3/lib/python3.12/site-packages/airflow/example_dags/example_task_group.py
[2025-04-13T13:42:05.798-0400] {processor.py:840} INFO - DAG(s) 'example_task_group' retrieved from /opt/anaconda3/lib/python3.12/site-packages/airflow/example_dags/example_task_group.py
[2025-04-13T13:42:05.834-0400] {logging_mixin.py:188} INFO - [2025-04-13T13:42:05.834-0400] {dag.py:3096} INFO - Sync 1 DAGs
[2025-04-13T13:42:05.839-0400] {logging_mixin.py:188} INFO - [2025-04-13T13:42:05.839-0400] {dag.py:3954} INFO - Setting next_dagrun for example_task_group to 2025-04-12 00:00:00+00:00, run_after=2025-04-13 00:00:00+00:00
[2025-04-13T13:42:05.845-0400] {processor.py:183} INFO - Processing /opt/anaconda3/lib/python3.12/site-packages/airflow/example_dags/example_task_group.py took 0.052 seconds
[2025-04-13T13:43:12.459-0400] {processor.py:161} INFO - Started process (PID=47971) to work on /opt/anaconda3/lib/python3.12/site-packages/airflow/example_dags/example_task_group.py
[2025-04-13T13:43:12.462-0400] {processor.py:830} INFO - Processing file /opt/anaconda3/lib/python3.12/site-packages/airflow/example_dags/example_task_group.py for tasks to queue
[2025-04-13T13:43:12.462-0400] {logging_mixin.py:188} INFO - [2025-04-13T13:43:12.462-0400] {dagbag.py:540} INFO - Filling up the DagBag from /opt/anaconda3/lib/python3.12/site-packages/airflow/example_dags/example_task_group.py
[2025-04-13T13:43:12.465-0400] {processor.py:840} INFO - DAG(s) 'example_task_group' retrieved from /opt/anaconda3/lib/python3.12/site-packages/airflow/example_dags/example_task_group.py
[2025-04-13T13:43:12.501-0400] {logging_mixin.py:188} INFO - [2025-04-13T13:43:12.501-0400] {dag.py:3096} INFO - Sync 1 DAGs
[2025-04-13T13:43:12.506-0400] {logging_mixin.py:188} INFO - [2025-04-13T13:43:12.505-0400] {dag.py:3954} INFO - Setting next_dagrun for example_task_group to 2025-04-12 00:00:00+00:00, run_after=2025-04-13 00:00:00+00:00
[2025-04-13T13:43:12.512-0400] {processor.py:183} INFO - Processing /opt/anaconda3/lib/python3.12/site-packages/airflow/example_dags/example_task_group.py took 0.053 seconds
[2025-04-13T13:44:18.307-0400] {processor.py:161} INFO - Started process (PID=48416) to work on /opt/anaconda3/lib/python3.12/site-packages/airflow/example_dags/example_task_group.py
[2025-04-13T13:44:18.308-0400] {processor.py:830} INFO - Processing file /opt/anaconda3/lib/python3.12/site-packages/airflow/example_dags/example_task_group.py for tasks to queue
[2025-04-13T13:44:18.308-0400] {logging_mixin.py:188} INFO - [2025-04-13T13:44:18.308-0400] {dagbag.py:540} INFO - Filling up the DagBag from /opt/anaconda3/lib/python3.12/site-packages/airflow/example_dags/example_task_group.py
[2025-04-13T13:44:18.311-0400] {processor.py:840} INFO - DAG(s) 'example_task_group' retrieved from /opt/anaconda3/lib/python3.12/site-packages/airflow/example_dags/example_task_group.py
[2025-04-13T13:44:18.348-0400] {logging_mixin.py:188} INFO - [2025-04-13T13:44:18.348-0400] {dag.py:3096} INFO - Sync 1 DAGs
[2025-04-13T13:44:18.353-0400] {logging_mixin.py:188} INFO - [2025-04-13T13:44:18.353-0400] {dag.py:3954} INFO - Setting next_dagrun for example_task_group to 2025-04-12 00:00:00+00:00, run_after=2025-04-13 00:00:00+00:00
[2025-04-13T13:44:18.359-0400] {processor.py:183} INFO - Processing /opt/anaconda3/lib/python3.12/site-packages/airflow/example_dags/example_task_group.py took 0.053 seconds
[2025-04-13T13:45:24.119-0400] {processor.py:161} INFO - Started process (PID=48857) to work on /opt/anaconda3/lib/python3.12/site-packages/airflow/example_dags/example_task_group.py
[2025-04-13T13:45:24.120-0400] {processor.py:830} INFO - Processing file /opt/anaconda3/lib/python3.12/site-packages/airflow/example_dags/example_task_group.py for tasks to queue
[2025-04-13T13:45:24.120-0400] {logging_mixin.py:188} INFO - [2025-04-13T13:45:24.120-0400] {dagbag.py:540} INFO - Filling up the DagBag from /opt/anaconda3/lib/python3.12/site-packages/airflow/example_dags/example_task_group.py
[2025-04-13T13:45:24.123-0400] {processor.py:840} INFO - DAG(s) 'example_task_group' retrieved from /opt/anaconda3/lib/python3.12/site-packages/airflow/example_dags/example_task_group.py
[2025-04-13T13:45:24.159-0400] {logging_mixin.py:188} INFO - [2025-04-13T13:45:24.159-0400] {dag.py:3096} INFO - Sync 1 DAGs
[2025-04-13T13:45:24.164-0400] {logging_mixin.py:188} INFO - [2025-04-13T13:45:24.163-0400] {dag.py:3954} INFO - Setting next_dagrun for example_task_group to 2025-04-12 00:00:00+00:00, run_after=2025-04-13 00:00:00+00:00
[2025-04-13T13:45:24.170-0400] {processor.py:183} INFO - Processing /opt/anaconda3/lib/python3.12/site-packages/airflow/example_dags/example_task_group.py took 0.052 seconds
[2025-04-13T13:46:36.396-0400] {processor.py:161} INFO - Started process (PID=49337) to work on /opt/anaconda3/lib/python3.12/site-packages/airflow/example_dags/example_task_group.py
[2025-04-13T13:46:36.398-0400] {processor.py:830} INFO - Processing file /opt/anaconda3/lib/python3.12/site-packages/airflow/example_dags/example_task_group.py for tasks to queue
[2025-04-13T13:46:36.398-0400] {logging_mixin.py:188} INFO - [2025-04-13T13:46:36.398-0400] {dagbag.py:540} INFO - Filling up the DagBag from /opt/anaconda3/lib/python3.12/site-packages/airflow/example_dags/example_task_group.py
[2025-04-13T13:46:36.402-0400] {processor.py:840} INFO - DAG(s) 'example_task_group' retrieved from /opt/anaconda3/lib/python3.12/site-packages/airflow/example_dags/example_task_group.py
[2025-04-13T13:46:36.437-0400] {logging_mixin.py:188} INFO - [2025-04-13T13:46:36.437-0400] {dag.py:3096} INFO - Sync 1 DAGs
[2025-04-13T13:46:36.442-0400] {logging_mixin.py:188} INFO - [2025-04-13T13:46:36.442-0400] {dag.py:3954} INFO - Setting next_dagrun for example_task_group to 2025-04-12 00:00:00+00:00, run_after=2025-04-13 00:00:00+00:00
[2025-04-13T13:46:36.448-0400] {processor.py:183} INFO - Processing /opt/anaconda3/lib/python3.12/site-packages/airflow/example_dags/example_task_group.py took 0.053 seconds
[2025-04-13T13:47:48.790-0400] {processor.py:161} INFO - Started process (PID=49816) to work on /opt/anaconda3/lib/python3.12/site-packages/airflow/example_dags/example_task_group.py
[2025-04-13T13:47:48.791-0400] {processor.py:830} INFO - Processing file /opt/anaconda3/lib/python3.12/site-packages/airflow/example_dags/example_task_group.py for tasks to queue
[2025-04-13T13:47:48.791-0400] {logging_mixin.py:188} INFO - [2025-04-13T13:47:48.791-0400] {dagbag.py:540} INFO - Filling up the DagBag from /opt/anaconda3/lib/python3.12/site-packages/airflow/example_dags/example_task_group.py
[2025-04-13T13:47:48.794-0400] {processor.py:840} INFO - DAG(s) 'example_task_group' retrieved from /opt/anaconda3/lib/python3.12/site-packages/airflow/example_dags/example_task_group.py
[2025-04-13T13:47:48.832-0400] {logging_mixin.py:188} INFO - [2025-04-13T13:47:48.831-0400] {dag.py:3096} INFO - Sync 1 DAGs
[2025-04-13T13:47:48.837-0400] {logging_mixin.py:188} INFO - [2025-04-13T13:47:48.837-0400] {dag.py:3954} INFO - Setting next_dagrun for example_task_group to 2025-04-12 00:00:00+00:00, run_after=2025-04-13 00:00:00+00:00
[2025-04-13T13:47:48.843-0400] {processor.py:183} INFO - Processing /opt/anaconda3/lib/python3.12/site-packages/airflow/example_dags/example_task_group.py took 0.055 seconds
[2025-04-13T13:48:59.151-0400] {processor.py:161} INFO - Started process (PID=50274) to work on /opt/anaconda3/lib/python3.12/site-packages/airflow/example_dags/example_task_group.py
[2025-04-13T13:48:59.152-0400] {processor.py:830} INFO - Processing file /opt/anaconda3/lib/python3.12/site-packages/airflow/example_dags/example_task_group.py for tasks to queue
[2025-04-13T13:48:59.152-0400] {logging_mixin.py:188} INFO - [2025-04-13T13:48:59.152-0400] {dagbag.py:540} INFO - Filling up the DagBag from /opt/anaconda3/lib/python3.12/site-packages/airflow/example_dags/example_task_group.py
[2025-04-13T13:48:59.155-0400] {processor.py:840} INFO - DAG(s) 'example_task_group' retrieved from /opt/anaconda3/lib/python3.12/site-packages/airflow/example_dags/example_task_group.py
[2025-04-13T13:48:59.192-0400] {logging_mixin.py:188} INFO - [2025-04-13T13:48:59.192-0400] {dag.py:3096} INFO - Sync 1 DAGs
[2025-04-13T13:48:59.197-0400] {logging_mixin.py:188} INFO - [2025-04-13T13:48:59.197-0400] {dag.py:3954} INFO - Setting next_dagrun for example_task_group to 2025-04-12 00:00:00+00:00, run_after=2025-04-13 00:00:00+00:00
[2025-04-13T13:48:59.203-0400] {processor.py:183} INFO - Processing /opt/anaconda3/lib/python3.12/site-packages/airflow/example_dags/example_task_group.py took 0.053 seconds
[2025-04-13T13:50:09.666-0400] {processor.py:161} INFO - Started process (PID=50728) to work on /opt/anaconda3/lib/python3.12/site-packages/airflow/example_dags/example_task_group.py
[2025-04-13T13:50:09.667-0400] {processor.py:830} INFO - Processing file /opt/anaconda3/lib/python3.12/site-packages/airflow/example_dags/example_task_group.py for tasks to queue
[2025-04-13T13:50:09.667-0400] {logging_mixin.py:188} INFO - [2025-04-13T13:50:09.667-0400] {dagbag.py:540} INFO - Filling up the DagBag from /opt/anaconda3/lib/python3.12/site-packages/airflow/example_dags/example_task_group.py
[2025-04-13T13:50:09.670-0400] {processor.py:840} INFO - DAG(s) 'example_task_group' retrieved from /opt/anaconda3/lib/python3.12/site-packages/airflow/example_dags/example_task_group.py
[2025-04-13T13:50:09.707-0400] {logging_mixin.py:188} INFO - [2025-04-13T13:50:09.707-0400] {dag.py:3096} INFO - Sync 1 DAGs
[2025-04-13T13:50:09.712-0400] {logging_mixin.py:188} INFO - [2025-04-13T13:50:09.712-0400] {dag.py:3954} INFO - Setting next_dagrun for example_task_group to 2025-04-12 00:00:00+00:00, run_after=2025-04-13 00:00:00+00:00
[2025-04-13T13:50:09.719-0400] {processor.py:183} INFO - Processing /opt/anaconda3/lib/python3.12/site-packages/airflow/example_dags/example_task_group.py took 0.054 seconds
[2025-04-13T13:51:19.298-0400] {processor.py:161} INFO - Started process (PID=51224) to work on /opt/anaconda3/lib/python3.12/site-packages/airflow/example_dags/example_task_group.py
[2025-04-13T13:51:19.298-0400] {processor.py:830} INFO - Processing file /opt/anaconda3/lib/python3.12/site-packages/airflow/example_dags/example_task_group.py for tasks to queue
[2025-04-13T13:51:19.299-0400] {logging_mixin.py:188} INFO - [2025-04-13T13:51:19.299-0400] {dagbag.py:540} INFO - Filling up the DagBag from /opt/anaconda3/lib/python3.12/site-packages/airflow/example_dags/example_task_group.py
[2025-04-13T13:51:19.302-0400] {processor.py:840} INFO - DAG(s) 'example_task_group' retrieved from /opt/anaconda3/lib/python3.12/site-packages/airflow/example_dags/example_task_group.py
[2025-04-13T13:51:19.338-0400] {logging_mixin.py:188} INFO - [2025-04-13T13:51:19.338-0400] {dag.py:3096} INFO - Sync 1 DAGs
[2025-04-13T13:51:19.343-0400] {logging_mixin.py:188} INFO - [2025-04-13T13:51:19.343-0400] {dag.py:3954} INFO - Setting next_dagrun for example_task_group to 2025-04-12 00:00:00+00:00, run_after=2025-04-13 00:00:00+00:00
[2025-04-13T13:51:19.349-0400] {processor.py:183} INFO - Processing /opt/anaconda3/lib/python3.12/site-packages/airflow/example_dags/example_task_group.py took 0.052 seconds
[2025-04-13T13:52:26.386-0400] {processor.py:161} INFO - Started process (PID=51672) to work on /opt/anaconda3/lib/python3.12/site-packages/airflow/example_dags/example_task_group.py
[2025-04-13T13:52:26.387-0400] {processor.py:830} INFO - Processing file /opt/anaconda3/lib/python3.12/site-packages/airflow/example_dags/example_task_group.py for tasks to queue
[2025-04-13T13:52:26.388-0400] {logging_mixin.py:188} INFO - [2025-04-13T13:52:26.388-0400] {dagbag.py:540} INFO - Filling up the DagBag from /opt/anaconda3/lib/python3.12/site-packages/airflow/example_dags/example_task_group.py
[2025-04-13T13:52:26.391-0400] {processor.py:840} INFO - DAG(s) 'example_task_group' retrieved from /opt/anaconda3/lib/python3.12/site-packages/airflow/example_dags/example_task_group.py
[2025-04-13T13:52:26.426-0400] {logging_mixin.py:188} INFO - [2025-04-13T13:52:26.426-0400] {dag.py:3096} INFO - Sync 1 DAGs
[2025-04-13T13:52:26.431-0400] {logging_mixin.py:188} INFO - [2025-04-13T13:52:26.431-0400] {dag.py:3954} INFO - Setting next_dagrun for example_task_group to 2025-04-12 00:00:00+00:00, run_after=2025-04-13 00:00:00+00:00
[2025-04-13T13:52:26.438-0400] {processor.py:183} INFO - Processing /opt/anaconda3/lib/python3.12/site-packages/airflow/example_dags/example_task_group.py took 0.052 seconds
[2025-04-13T13:53:36.392-0400] {processor.py:161} INFO - Started process (PID=52136) to work on /opt/anaconda3/lib/python3.12/site-packages/airflow/example_dags/example_task_group.py
[2025-04-13T13:53:36.392-0400] {processor.py:830} INFO - Processing file /opt/anaconda3/lib/python3.12/site-packages/airflow/example_dags/example_task_group.py for tasks to queue
[2025-04-13T13:53:36.392-0400] {logging_mixin.py:188} INFO - [2025-04-13T13:53:36.392-0400] {dagbag.py:540} INFO - Filling up the DagBag from /opt/anaconda3/lib/python3.12/site-packages/airflow/example_dags/example_task_group.py
[2025-04-13T13:53:36.396-0400] {processor.py:840} INFO - DAG(s) 'example_task_group' retrieved from /opt/anaconda3/lib/python3.12/site-packages/airflow/example_dags/example_task_group.py
[2025-04-13T13:53:36.432-0400] {logging_mixin.py:188} INFO - [2025-04-13T13:53:36.432-0400] {dag.py:3096} INFO - Sync 1 DAGs
[2025-04-13T13:53:36.438-0400] {logging_mixin.py:188} INFO - [2025-04-13T13:53:36.438-0400] {dag.py:3954} INFO - Setting next_dagrun for example_task_group to 2025-04-12 00:00:00+00:00, run_after=2025-04-13 00:00:00+00:00
[2025-04-13T13:53:36.444-0400] {processor.py:183} INFO - Processing /opt/anaconda3/lib/python3.12/site-packages/airflow/example_dags/example_task_group.py took 0.053 seconds
[2025-04-13T13:54:45.542-0400] {processor.py:161} INFO - Started process (PID=52597) to work on /opt/anaconda3/lib/python3.12/site-packages/airflow/example_dags/example_task_group.py
[2025-04-13T13:54:45.543-0400] {processor.py:830} INFO - Processing file /opt/anaconda3/lib/python3.12/site-packages/airflow/example_dags/example_task_group.py for tasks to queue
[2025-04-13T13:54:45.544-0400] {logging_mixin.py:188} INFO - [2025-04-13T13:54:45.544-0400] {dagbag.py:540} INFO - Filling up the DagBag from /opt/anaconda3/lib/python3.12/site-packages/airflow/example_dags/example_task_group.py
[2025-04-13T13:54:45.547-0400] {processor.py:840} INFO - DAG(s) 'example_task_group' retrieved from /opt/anaconda3/lib/python3.12/site-packages/airflow/example_dags/example_task_group.py
[2025-04-13T13:54:45.582-0400] {logging_mixin.py:188} INFO - [2025-04-13T13:54:45.582-0400] {dag.py:3096} INFO - Sync 1 DAGs
[2025-04-13T13:54:45.587-0400] {logging_mixin.py:188} INFO - [2025-04-13T13:54:45.587-0400] {dag.py:3954} INFO - Setting next_dagrun for example_task_group to 2025-04-12 00:00:00+00:00, run_after=2025-04-13 00:00:00+00:00
[2025-04-13T13:54:45.593-0400] {processor.py:183} INFO - Processing /opt/anaconda3/lib/python3.12/site-packages/airflow/example_dags/example_task_group.py took 0.052 seconds
[2025-04-13T13:55:52.589-0400] {processor.py:161} INFO - Started process (PID=53041) to work on /opt/anaconda3/lib/python3.12/site-packages/airflow/example_dags/example_task_group.py
[2025-04-13T13:55:52.590-0400] {processor.py:830} INFO - Processing file /opt/anaconda3/lib/python3.12/site-packages/airflow/example_dags/example_task_group.py for tasks to queue
[2025-04-13T13:55:52.591-0400] {logging_mixin.py:188} INFO - [2025-04-13T13:55:52.590-0400] {dagbag.py:540} INFO - Filling up the DagBag from /opt/anaconda3/lib/python3.12/site-packages/airflow/example_dags/example_task_group.py
[2025-04-13T13:55:52.594-0400] {processor.py:840} INFO - DAG(s) 'example_task_group' retrieved from /opt/anaconda3/lib/python3.12/site-packages/airflow/example_dags/example_task_group.py
[2025-04-13T13:55:52.629-0400] {logging_mixin.py:188} INFO - [2025-04-13T13:55:52.629-0400] {dag.py:3096} INFO - Sync 1 DAGs
[2025-04-13T13:55:52.634-0400] {logging_mixin.py:188} INFO - [2025-04-13T13:55:52.634-0400] {dag.py:3954} INFO - Setting next_dagrun for example_task_group to 2025-04-12 00:00:00+00:00, run_after=2025-04-13 00:00:00+00:00
[2025-04-13T13:55:52.641-0400] {processor.py:183} INFO - Processing /opt/anaconda3/lib/python3.12/site-packages/airflow/example_dags/example_task_group.py took 0.052 seconds
[2025-04-13T13:57:00.910-0400] {processor.py:161} INFO - Started process (PID=53524) to work on /opt/anaconda3/lib/python3.12/site-packages/airflow/example_dags/example_task_group.py
[2025-04-13T13:57:00.911-0400] {processor.py:830} INFO - Processing file /opt/anaconda3/lib/python3.12/site-packages/airflow/example_dags/example_task_group.py for tasks to queue
[2025-04-13T13:57:00.911-0400] {logging_mixin.py:188} INFO - [2025-04-13T13:57:00.911-0400] {dagbag.py:540} INFO - Filling up the DagBag from /opt/anaconda3/lib/python3.12/site-packages/airflow/example_dags/example_task_group.py
[2025-04-13T13:57:00.914-0400] {processor.py:840} INFO - DAG(s) 'example_task_group' retrieved from /opt/anaconda3/lib/python3.12/site-packages/airflow/example_dags/example_task_group.py
[2025-04-13T13:57:00.951-0400] {logging_mixin.py:188} INFO - [2025-04-13T13:57:00.951-0400] {dag.py:3096} INFO - Sync 1 DAGs
[2025-04-13T13:57:00.956-0400] {logging_mixin.py:188} INFO - [2025-04-13T13:57:00.956-0400] {dag.py:3954} INFO - Setting next_dagrun for example_task_group to 2025-04-12 00:00:00+00:00, run_after=2025-04-13 00:00:00+00:00
[2025-04-13T13:57:00.963-0400] {processor.py:183} INFO - Processing /opt/anaconda3/lib/python3.12/site-packages/airflow/example_dags/example_task_group.py took 0.053 seconds
[2025-04-13T13:58:09.832-0400] {processor.py:161} INFO - Started process (PID=53991) to work on /opt/anaconda3/lib/python3.12/site-packages/airflow/example_dags/example_task_group.py
[2025-04-13T13:58:09.833-0400] {processor.py:830} INFO - Processing file /opt/anaconda3/lib/python3.12/site-packages/airflow/example_dags/example_task_group.py for tasks to queue
[2025-04-13T13:58:09.834-0400] {logging_mixin.py:188} INFO - [2025-04-13T13:58:09.834-0400] {dagbag.py:540} INFO - Filling up the DagBag from /opt/anaconda3/lib/python3.12/site-packages/airflow/example_dags/example_task_group.py
[2025-04-13T13:58:09.837-0400] {processor.py:840} INFO - DAG(s) 'example_task_group' retrieved from /opt/anaconda3/lib/python3.12/site-packages/airflow/example_dags/example_task_group.py
[2025-04-13T13:58:09.873-0400] {logging_mixin.py:188} INFO - [2025-04-13T13:58:09.873-0400] {dag.py:3096} INFO - Sync 1 DAGs
[2025-04-13T13:58:09.878-0400] {logging_mixin.py:188} INFO - [2025-04-13T13:58:09.878-0400] {dag.py:3954} INFO - Setting next_dagrun for example_task_group to 2025-04-12 00:00:00+00:00, run_after=2025-04-13 00:00:00+00:00
[2025-04-13T13:58:09.885-0400] {processor.py:183} INFO - Processing /opt/anaconda3/lib/python3.12/site-packages/airflow/example_dags/example_task_group.py took 0.053 seconds
[2025-04-13T13:59:17.177-0400] {processor.py:161} INFO - Started process (PID=54489) to work on /opt/anaconda3/lib/python3.12/site-packages/airflow/example_dags/example_task_group.py
[2025-04-13T13:59:17.177-0400] {processor.py:830} INFO - Processing file /opt/anaconda3/lib/python3.12/site-packages/airflow/example_dags/example_task_group.py for tasks to queue
[2025-04-13T13:59:17.178-0400] {logging_mixin.py:188} INFO - [2025-04-13T13:59:17.177-0400] {dagbag.py:540} INFO - Filling up the DagBag from /opt/anaconda3/lib/python3.12/site-packages/airflow/example_dags/example_task_group.py
[2025-04-13T13:59:17.181-0400] {processor.py:840} INFO - DAG(s) 'example_task_group' retrieved from /opt/anaconda3/lib/python3.12/site-packages/airflow/example_dags/example_task_group.py
[2025-04-13T13:59:17.219-0400] {logging_mixin.py:188} INFO - [2025-04-13T13:59:17.219-0400] {dag.py:3096} INFO - Sync 1 DAGs
[2025-04-13T13:59:17.224-0400] {logging_mixin.py:188} INFO - [2025-04-13T13:59:17.224-0400] {dag.py:3954} INFO - Setting next_dagrun for example_task_group to 2025-04-12 00:00:00+00:00, run_after=2025-04-13 00:00:00+00:00
[2025-04-13T13:59:17.230-0400] {processor.py:183} INFO - Processing /opt/anaconda3/lib/python3.12/site-packages/airflow/example_dags/example_task_group.py took 0.055 seconds
[2025-04-13T14:00:23.608-0400] {processor.py:161} INFO - Started process (PID=54938) to work on /opt/anaconda3/lib/python3.12/site-packages/airflow/example_dags/example_task_group.py
[2025-04-13T14:00:23.609-0400] {processor.py:830} INFO - Processing file /opt/anaconda3/lib/python3.12/site-packages/airflow/example_dags/example_task_group.py for tasks to queue
[2025-04-13T14:00:23.610-0400] {logging_mixin.py:188} INFO - [2025-04-13T14:00:23.610-0400] {dagbag.py:540} INFO - Filling up the DagBag from /opt/anaconda3/lib/python3.12/site-packages/airflow/example_dags/example_task_group.py
[2025-04-13T14:00:23.613-0400] {processor.py:840} INFO - DAG(s) 'example_task_group' retrieved from /opt/anaconda3/lib/python3.12/site-packages/airflow/example_dags/example_task_group.py
[2025-04-13T14:00:23.648-0400] {logging_mixin.py:188} INFO - [2025-04-13T14:00:23.648-0400] {dag.py:3096} INFO - Sync 1 DAGs
[2025-04-13T14:00:23.653-0400] {logging_mixin.py:188} INFO - [2025-04-13T14:00:23.653-0400] {dag.py:3954} INFO - Setting next_dagrun for example_task_group to 2025-04-12 00:00:00+00:00, run_after=2025-04-13 00:00:00+00:00
[2025-04-13T14:00:23.659-0400] {processor.py:183} INFO - Processing /opt/anaconda3/lib/python3.12/site-packages/airflow/example_dags/example_task_group.py took 0.051 seconds
[2025-04-13T14:01:34.161-0400] {processor.py:161} INFO - Started process (PID=55419) to work on /opt/anaconda3/lib/python3.12/site-packages/airflow/example_dags/example_task_group.py
[2025-04-13T14:01:34.161-0400] {processor.py:830} INFO - Processing file /opt/anaconda3/lib/python3.12/site-packages/airflow/example_dags/example_task_group.py for tasks to queue
[2025-04-13T14:01:34.161-0400] {logging_mixin.py:188} INFO - [2025-04-13T14:01:34.161-0400] {dagbag.py:540} INFO - Filling up the DagBag from /opt/anaconda3/lib/python3.12/site-packages/airflow/example_dags/example_task_group.py
[2025-04-13T14:01:34.165-0400] {processor.py:840} INFO - DAG(s) 'example_task_group' retrieved from /opt/anaconda3/lib/python3.12/site-packages/airflow/example_dags/example_task_group.py
[2025-04-13T14:01:34.201-0400] {logging_mixin.py:188} INFO - [2025-04-13T14:01:34.201-0400] {dag.py:3096} INFO - Sync 1 DAGs
[2025-04-13T14:01:34.206-0400] {logging_mixin.py:188} INFO - [2025-04-13T14:01:34.205-0400] {dag.py:3954} INFO - Setting next_dagrun for example_task_group to 2025-04-12 00:00:00+00:00, run_after=2025-04-13 00:00:00+00:00
[2025-04-13T14:01:34.212-0400] {processor.py:183} INFO - Processing /opt/anaconda3/lib/python3.12/site-packages/airflow/example_dags/example_task_group.py took 0.052 seconds
[2025-04-13T14:02:43.925-0400] {processor.py:161} INFO - Started process (PID=55898) to work on /opt/anaconda3/lib/python3.12/site-packages/airflow/example_dags/example_task_group.py
[2025-04-13T14:02:43.925-0400] {processor.py:830} INFO - Processing file /opt/anaconda3/lib/python3.12/site-packages/airflow/example_dags/example_task_group.py for tasks to queue
[2025-04-13T14:02:43.925-0400] {logging_mixin.py:188} INFO - [2025-04-13T14:02:43.925-0400] {dagbag.py:540} INFO - Filling up the DagBag from /opt/anaconda3/lib/python3.12/site-packages/airflow/example_dags/example_task_group.py
[2025-04-13T14:02:43.929-0400] {processor.py:840} INFO - DAG(s) 'example_task_group' retrieved from /opt/anaconda3/lib/python3.12/site-packages/airflow/example_dags/example_task_group.py
[2025-04-13T14:02:43.965-0400] {logging_mixin.py:188} INFO - [2025-04-13T14:02:43.965-0400] {dag.py:3096} INFO - Sync 1 DAGs
[2025-04-13T14:02:43.970-0400] {logging_mixin.py:188} INFO - [2025-04-13T14:02:43.970-0400] {dag.py:3954} INFO - Setting next_dagrun for example_task_group to 2025-04-12 00:00:00+00:00, run_after=2025-04-13 00:00:00+00:00
[2025-04-13T14:02:43.977-0400] {processor.py:183} INFO - Processing /opt/anaconda3/lib/python3.12/site-packages/airflow/example_dags/example_task_group.py took 0.053 seconds
