[2025-04-13T13:08:52.603-0400] {processor.py:161} INFO - Started process (PID=34825) to work on /opt/anaconda3/lib/python3.12/site-packages/airflow/example_dags/example_branch_labels.py
[2025-04-13T13:08:52.603-0400] {processor.py:830} INFO - Processing file /opt/anaconda3/lib/python3.12/site-packages/airflow/example_dags/example_branch_labels.py for tasks to queue
[2025-04-13T13:08:52.604-0400] {logging_mixin.py:188} INFO - [2025-04-13T13:08:52.604-0400] {dagbag.py:540} INFO - Filling up the DagBag from /opt/anaconda3/lib/python3.12/site-packages/airflow/example_dags/example_branch_labels.py
[2025-04-13T13:08:52.607-0400] {processor.py:840} INFO - DAG(s) 'example_branch_labels' retrieved from /opt/anaconda3/lib/python3.12/site-packages/airflow/example_dags/example_branch_labels.py
[2025-04-13T13:08:52.672-0400] {logging_mixin.py:188} INFO - [2025-04-13T13:08:52.671-0400] {override.py:1930} INFO - Created Permission View: can edit on DAG:example_branch_labels
[2025-04-13T13:08:52.674-0400] {logging_mixin.py:188} INFO - [2025-04-13T13:08:52.674-0400] {override.py:1930} INFO - Created Permission View: can read on DAG:example_branch_labels
[2025-04-13T13:08:52.676-0400] {logging_mixin.py:188} INFO - [2025-04-13T13:08:52.676-0400] {override.py:1930} INFO - Created Permission View: can delete on DAG:example_branch_labels
[2025-04-13T13:08:52.676-0400] {logging_mixin.py:188} INFO - [2025-04-13T13:08:52.676-0400] {dag.py:3096} INFO - Sync 1 DAGs
[2025-04-13T13:08:52.679-0400] {logging_mixin.py:188} INFO - [2025-04-13T13:08:52.679-0400] {dag.py:3118} INFO - Creating ORM DAG for example_branch_labels
[2025-04-13T13:08:52.682-0400] {logging_mixin.py:188} INFO - [2025-04-13T13:08:52.682-0400] {dag.py:3954} INFO - Setting next_dagrun for example_branch_labels to 2025-04-12 00:00:00+00:00, run_after=2025-04-13 00:00:00+00:00
[2025-04-13T13:08:52.687-0400] {processor.py:183} INFO - Processing /opt/anaconda3/lib/python3.12/site-packages/airflow/example_dags/example_branch_labels.py took 0.085 seconds
[2025-04-13T13:16:24.740-0400] {processor.py:161} INFO - Started process (PID=37680) to work on /opt/anaconda3/lib/python3.12/site-packages/airflow/example_dags/example_branch_labels.py
[2025-04-13T13:16:24.741-0400] {processor.py:830} INFO - Processing file /opt/anaconda3/lib/python3.12/site-packages/airflow/example_dags/example_branch_labels.py for tasks to queue
[2025-04-13T13:16:24.741-0400] {logging_mixin.py:188} INFO - [2025-04-13T13:16:24.741-0400] {dagbag.py:540} INFO - Filling up the DagBag from /opt/anaconda3/lib/python3.12/site-packages/airflow/example_dags/example_branch_labels.py
[2025-04-13T13:16:24.745-0400] {processor.py:840} INFO - DAG(s) 'example_branch_labels' retrieved from /opt/anaconda3/lib/python3.12/site-packages/airflow/example_dags/example_branch_labels.py
[2025-04-13T13:16:24.782-0400] {logging_mixin.py:188} INFO - [2025-04-13T13:16:24.781-0400] {dag.py:3096} INFO - Sync 1 DAGs
[2025-04-13T13:16:24.787-0400] {logging_mixin.py:188} INFO - [2025-04-13T13:16:24.787-0400] {dag.py:3954} INFO - Setting next_dagrun for example_branch_labels to 2025-04-12 00:00:00+00:00, run_after=2025-04-13 00:00:00+00:00
[2025-04-13T13:16:24.793-0400] {processor.py:183} INFO - Processing /opt/anaconda3/lib/python3.12/site-packages/airflow/example_dags/example_branch_labels.py took 0.054 seconds
[2025-04-13T13:20:05.637-0400] {processor.py:161} INFO - Started process (PID=39191) to work on /opt/anaconda3/lib/python3.12/site-packages/airflow/example_dags/example_branch_labels.py
[2025-04-13T13:20:05.637-0400] {processor.py:830} INFO - Processing file /opt/anaconda3/lib/python3.12/site-packages/airflow/example_dags/example_branch_labels.py for tasks to queue
[2025-04-13T13:20:05.637-0400] {logging_mixin.py:188} INFO - [2025-04-13T13:20:05.637-0400] {dagbag.py:540} INFO - Filling up the DagBag from /opt/anaconda3/lib/python3.12/site-packages/airflow/example_dags/example_branch_labels.py
[2025-04-13T13:20:05.641-0400] {processor.py:840} INFO - DAG(s) 'example_branch_labels' retrieved from /opt/anaconda3/lib/python3.12/site-packages/airflow/example_dags/example_branch_labels.py
[2025-04-13T13:20:05.703-0400] {logging_mixin.py:188} INFO - [2025-04-13T13:20:05.702-0400] {dag.py:3096} INFO - Sync 1 DAGs
[2025-04-13T13:20:05.708-0400] {logging_mixin.py:188} INFO - [2025-04-13T13:20:05.708-0400] {dag.py:3954} INFO - Setting next_dagrun for example_branch_labels to 2025-04-12 00:00:00+00:00, run_after=2025-04-13 00:00:00+00:00
[2025-04-13T13:20:05.714-0400] {processor.py:183} INFO - Processing /opt/anaconda3/lib/python3.12/site-packages/airflow/example_dags/example_branch_labels.py took 0.078 seconds
[2025-04-13T13:24:34.791-0400] {processor.py:161} INFO - Started process (PID=41064) to work on /opt/anaconda3/lib/python3.12/site-packages/airflow/example_dags/example_branch_labels.py
[2025-04-13T13:24:34.792-0400] {processor.py:830} INFO - Processing file /opt/anaconda3/lib/python3.12/site-packages/airflow/example_dags/example_branch_labels.py for tasks to queue
[2025-04-13T13:24:34.792-0400] {logging_mixin.py:188} INFO - [2025-04-13T13:24:34.792-0400] {dagbag.py:540} INFO - Filling up the DagBag from /opt/anaconda3/lib/python3.12/site-packages/airflow/example_dags/example_branch_labels.py
[2025-04-13T13:24:34.795-0400] {processor.py:840} INFO - DAG(s) 'example_branch_labels' retrieved from /opt/anaconda3/lib/python3.12/site-packages/airflow/example_dags/example_branch_labels.py
[2025-04-13T13:24:34.859-0400] {logging_mixin.py:188} INFO - [2025-04-13T13:24:34.859-0400] {dag.py:3096} INFO - Sync 1 DAGs
[2025-04-13T13:24:34.865-0400] {logging_mixin.py:188} INFO - [2025-04-13T13:24:34.865-0400] {dag.py:3954} INFO - Setting next_dagrun for example_branch_labels to 2025-04-12 00:00:00+00:00, run_after=2025-04-13 00:00:00+00:00
[2025-04-13T13:24:34.871-0400] {processor.py:183} INFO - Processing /opt/anaconda3/lib/python3.12/site-packages/airflow/example_dags/example_branch_labels.py took 0.081 seconds
[2025-04-13T13:26:42.673-0400] {processor.py:161} INFO - Started process (PID=41919) to work on /opt/anaconda3/lib/python3.12/site-packages/airflow/example_dags/example_branch_labels.py
[2025-04-13T13:26:42.673-0400] {processor.py:830} INFO - Processing file /opt/anaconda3/lib/python3.12/site-packages/airflow/example_dags/example_branch_labels.py for tasks to queue
[2025-04-13T13:26:42.674-0400] {logging_mixin.py:188} INFO - [2025-04-13T13:26:42.674-0400] {dagbag.py:540} INFO - Filling up the DagBag from /opt/anaconda3/lib/python3.12/site-packages/airflow/example_dags/example_branch_labels.py
[2025-04-13T13:26:42.677-0400] {processor.py:840} INFO - DAG(s) 'example_branch_labels' retrieved from /opt/anaconda3/lib/python3.12/site-packages/airflow/example_dags/example_branch_labels.py
[2025-04-13T13:26:42.713-0400] {logging_mixin.py:188} INFO - [2025-04-13T13:26:42.713-0400] {dag.py:3096} INFO - Sync 1 DAGs
[2025-04-13T13:26:42.718-0400] {logging_mixin.py:188} INFO - [2025-04-13T13:26:42.718-0400] {dag.py:3954} INFO - Setting next_dagrun for example_branch_labels to 2025-04-12 00:00:00+00:00, run_after=2025-04-13 00:00:00+00:00
[2025-04-13T13:26:42.724-0400] {processor.py:183} INFO - Processing /opt/anaconda3/lib/python3.12/site-packages/airflow/example_dags/example_branch_labels.py took 0.052 seconds
[2025-04-13T13:28:55.036-0400] {processor.py:161} INFO - Started process (PID=42793) to work on /opt/anaconda3/lib/python3.12/site-packages/airflow/example_dags/example_branch_labels.py
[2025-04-13T13:28:55.037-0400] {processor.py:830} INFO - Processing file /opt/anaconda3/lib/python3.12/site-packages/airflow/example_dags/example_branch_labels.py for tasks to queue
[2025-04-13T13:28:55.037-0400] {logging_mixin.py:188} INFO - [2025-04-13T13:28:55.037-0400] {dagbag.py:540} INFO - Filling up the DagBag from /opt/anaconda3/lib/python3.12/site-packages/airflow/example_dags/example_branch_labels.py
[2025-04-13T13:28:55.040-0400] {processor.py:840} INFO - DAG(s) 'example_branch_labels' retrieved from /opt/anaconda3/lib/python3.12/site-packages/airflow/example_dags/example_branch_labels.py
[2025-04-13T13:28:55.076-0400] {logging_mixin.py:188} INFO - [2025-04-13T13:28:55.076-0400] {dag.py:3096} INFO - Sync 1 DAGs
[2025-04-13T13:28:55.081-0400] {logging_mixin.py:188} INFO - [2025-04-13T13:28:55.081-0400] {dag.py:3954} INFO - Setting next_dagrun for example_branch_labels to 2025-04-12 00:00:00+00:00, run_after=2025-04-13 00:00:00+00:00
[2025-04-13T13:28:55.088-0400] {processor.py:183} INFO - Processing /opt/anaconda3/lib/python3.12/site-packages/airflow/example_dags/example_branch_labels.py took 0.052 seconds
[2025-04-13T13:32:50.344-0400] {processor.py:161} INFO - Started process (PID=44334) to work on /opt/anaconda3/lib/python3.12/site-packages/airflow/example_dags/example_branch_labels.py
[2025-04-13T13:32:50.345-0400] {processor.py:830} INFO - Processing file /opt/anaconda3/lib/python3.12/site-packages/airflow/example_dags/example_branch_labels.py for tasks to queue
[2025-04-13T13:32:50.345-0400] {logging_mixin.py:188} INFO - [2025-04-13T13:32:50.345-0400] {dagbag.py:540} INFO - Filling up the DagBag from /opt/anaconda3/lib/python3.12/site-packages/airflow/example_dags/example_branch_labels.py
[2025-04-13T13:32:50.348-0400] {processor.py:840} INFO - DAG(s) 'example_branch_labels' retrieved from /opt/anaconda3/lib/python3.12/site-packages/airflow/example_dags/example_branch_labels.py
[2025-04-13T13:32:50.385-0400] {logging_mixin.py:188} INFO - [2025-04-13T13:32:50.385-0400] {dag.py:3096} INFO - Sync 1 DAGs
[2025-04-13T13:32:50.391-0400] {logging_mixin.py:188} INFO - [2025-04-13T13:32:50.391-0400] {dag.py:3954} INFO - Setting next_dagrun for example_branch_labels to 2025-04-12 00:00:00+00:00, run_after=2025-04-13 00:00:00+00:00
[2025-04-13T13:32:50.397-0400] {processor.py:183} INFO - Processing /opt/anaconda3/lib/python3.12/site-packages/airflow/example_dags/example_branch_labels.py took 0.054 seconds
[2025-04-13T13:36:57.869-0400] {processor.py:161} INFO - Started process (PID=45437) to work on /opt/anaconda3/lib/python3.12/site-packages/airflow/example_dags/example_branch_labels.py
[2025-04-13T13:36:57.870-0400] {processor.py:830} INFO - Processing file /opt/anaconda3/lib/python3.12/site-packages/airflow/example_dags/example_branch_labels.py for tasks to queue
[2025-04-13T13:36:57.870-0400] {logging_mixin.py:188} INFO - [2025-04-13T13:36:57.870-0400] {dagbag.py:540} INFO - Filling up the DagBag from /opt/anaconda3/lib/python3.12/site-packages/airflow/example_dags/example_branch_labels.py
[2025-04-13T13:36:57.873-0400] {processor.py:840} INFO - DAG(s) 'example_branch_labels' retrieved from /opt/anaconda3/lib/python3.12/site-packages/airflow/example_dags/example_branch_labels.py
[2025-04-13T13:36:57.910-0400] {logging_mixin.py:188} INFO - [2025-04-13T13:36:57.910-0400] {dag.py:3096} INFO - Sync 1 DAGs
[2025-04-13T13:36:57.916-0400] {logging_mixin.py:188} INFO - [2025-04-13T13:36:57.915-0400] {dag.py:3954} INFO - Setting next_dagrun for example_branch_labels to 2025-04-12 00:00:00+00:00, run_after=2025-04-13 00:00:00+00:00
[2025-04-13T13:36:57.922-0400] {processor.py:183} INFO - Processing /opt/anaconda3/lib/python3.12/site-packages/airflow/example_dags/example_branch_labels.py took 0.054 seconds
[2025-04-13T13:39:14.773-0400] {processor.py:161} INFO - Started process (PID=46337) to work on /opt/anaconda3/lib/python3.12/site-packages/airflow/example_dags/example_branch_labels.py
[2025-04-13T13:39:14.774-0400] {processor.py:830} INFO - Processing file /opt/anaconda3/lib/python3.12/site-packages/airflow/example_dags/example_branch_labels.py for tasks to queue
[2025-04-13T13:39:14.774-0400] {logging_mixin.py:188} INFO - [2025-04-13T13:39:14.774-0400] {dagbag.py:540} INFO - Filling up the DagBag from /opt/anaconda3/lib/python3.12/site-packages/airflow/example_dags/example_branch_labels.py
[2025-04-13T13:39:14.777-0400] {processor.py:840} INFO - DAG(s) 'example_branch_labels' retrieved from /opt/anaconda3/lib/python3.12/site-packages/airflow/example_dags/example_branch_labels.py
[2025-04-13T13:39:14.813-0400] {logging_mixin.py:188} INFO - [2025-04-13T13:39:14.813-0400] {dag.py:3096} INFO - Sync 1 DAGs
[2025-04-13T13:39:14.818-0400] {logging_mixin.py:188} INFO - [2025-04-13T13:39:14.818-0400] {dag.py:3954} INFO - Setting next_dagrun for example_branch_labels to 2025-04-12 00:00:00+00:00, run_after=2025-04-13 00:00:00+00:00
[2025-04-13T13:39:14.824-0400] {processor.py:183} INFO - Processing /opt/anaconda3/lib/python3.12/site-packages/airflow/example_dags/example_branch_labels.py took 0.052 seconds
[2025-04-13T13:41:26.408-0400] {processor.py:161} INFO - Started process (PID=47249) to work on /opt/anaconda3/lib/python3.12/site-packages/airflow/example_dags/example_branch_labels.py
[2025-04-13T13:41:26.408-0400] {processor.py:830} INFO - Processing file /opt/anaconda3/lib/python3.12/site-packages/airflow/example_dags/example_branch_labels.py for tasks to queue
[2025-04-13T13:41:26.409-0400] {logging_mixin.py:188} INFO - [2025-04-13T13:41:26.409-0400] {dagbag.py:540} INFO - Filling up the DagBag from /opt/anaconda3/lib/python3.12/site-packages/airflow/example_dags/example_branch_labels.py
[2025-04-13T13:41:26.412-0400] {processor.py:840} INFO - DAG(s) 'example_branch_labels' retrieved from /opt/anaconda3/lib/python3.12/site-packages/airflow/example_dags/example_branch_labels.py
[2025-04-13T13:41:26.447-0400] {logging_mixin.py:188} INFO - [2025-04-13T13:41:26.447-0400] {dag.py:3096} INFO - Sync 1 DAGs
[2025-04-13T13:41:26.452-0400] {logging_mixin.py:188} INFO - [2025-04-13T13:41:26.452-0400] {dag.py:3954} INFO - Setting next_dagrun for example_branch_labels to 2025-04-12 00:00:00+00:00, run_after=2025-04-13 00:00:00+00:00
[2025-04-13T13:41:26.458-0400] {processor.py:183} INFO - Processing /opt/anaconda3/lib/python3.12/site-packages/airflow/example_dags/example_branch_labels.py took 0.051 seconds
[2025-04-13T13:43:37.225-0400] {processor.py:161} INFO - Started process (PID=48126) to work on /opt/anaconda3/lib/python3.12/site-packages/airflow/example_dags/example_branch_labels.py
[2025-04-13T13:43:37.226-0400] {processor.py:830} INFO - Processing file /opt/anaconda3/lib/python3.12/site-packages/airflow/example_dags/example_branch_labels.py for tasks to queue
[2025-04-13T13:43:37.226-0400] {logging_mixin.py:188} INFO - [2025-04-13T13:43:37.226-0400] {dagbag.py:540} INFO - Filling up the DagBag from /opt/anaconda3/lib/python3.12/site-packages/airflow/example_dags/example_branch_labels.py
[2025-04-13T13:43:37.229-0400] {processor.py:840} INFO - DAG(s) 'example_branch_labels' retrieved from /opt/anaconda3/lib/python3.12/site-packages/airflow/example_dags/example_branch_labels.py
[2025-04-13T13:43:37.265-0400] {logging_mixin.py:188} INFO - [2025-04-13T13:43:37.265-0400] {dag.py:3096} INFO - Sync 1 DAGs
[2025-04-13T13:43:37.271-0400] {logging_mixin.py:188} INFO - [2025-04-13T13:43:37.271-0400] {dag.py:3954} INFO - Setting next_dagrun for example_branch_labels to 2025-04-12 00:00:00+00:00, run_after=2025-04-13 00:00:00+00:00
[2025-04-13T13:43:37.277-0400] {processor.py:183} INFO - Processing /opt/anaconda3/lib/python3.12/site-packages/airflow/example_dags/example_branch_labels.py took 0.052 seconds
[2025-04-13T13:45:52.099-0400] {processor.py:161} INFO - Started process (PID=49047) to work on /opt/anaconda3/lib/python3.12/site-packages/airflow/example_dags/example_branch_labels.py
[2025-04-13T13:45:52.100-0400] {processor.py:830} INFO - Processing file /opt/anaconda3/lib/python3.12/site-packages/airflow/example_dags/example_branch_labels.py for tasks to queue
[2025-04-13T13:45:52.100-0400] {logging_mixin.py:188} INFO - [2025-04-13T13:45:52.100-0400] {dagbag.py:540} INFO - Filling up the DagBag from /opt/anaconda3/lib/python3.12/site-packages/airflow/example_dags/example_branch_labels.py
[2025-04-13T13:45:52.103-0400] {processor.py:840} INFO - DAG(s) 'example_branch_labels' retrieved from /opt/anaconda3/lib/python3.12/site-packages/airflow/example_dags/example_branch_labels.py
[2025-04-13T13:45:52.140-0400] {logging_mixin.py:188} INFO - [2025-04-13T13:45:52.140-0400] {dag.py:3096} INFO - Sync 1 DAGs
[2025-04-13T13:45:52.145-0400] {logging_mixin.py:188} INFO - [2025-04-13T13:45:52.145-0400] {dag.py:3954} INFO - Setting next_dagrun for example_branch_labels to 2025-04-12 00:00:00+00:00, run_after=2025-04-13 00:00:00+00:00
[2025-04-13T13:45:52.151-0400] {processor.py:183} INFO - Processing /opt/anaconda3/lib/python3.12/site-packages/airflow/example_dags/example_branch_labels.py took 0.053 seconds
[2025-04-13T13:48:18.029-0400] {processor.py:161} INFO - Started process (PID=50000) to work on /opt/anaconda3/lib/python3.12/site-packages/airflow/example_dags/example_branch_labels.py
[2025-04-13T13:48:18.030-0400] {processor.py:830} INFO - Processing file /opt/anaconda3/lib/python3.12/site-packages/airflow/example_dags/example_branch_labels.py for tasks to queue
[2025-04-13T13:48:18.030-0400] {logging_mixin.py:188} INFO - [2025-04-13T13:48:18.030-0400] {dagbag.py:540} INFO - Filling up the DagBag from /opt/anaconda3/lib/python3.12/site-packages/airflow/example_dags/example_branch_labels.py
[2025-04-13T13:48:18.033-0400] {processor.py:840} INFO - DAG(s) 'example_branch_labels' retrieved from /opt/anaconda3/lib/python3.12/site-packages/airflow/example_dags/example_branch_labels.py
[2025-04-13T13:48:18.070-0400] {logging_mixin.py:188} INFO - [2025-04-13T13:48:18.070-0400] {dag.py:3096} INFO - Sync 1 DAGs
[2025-04-13T13:48:18.075-0400] {logging_mixin.py:188} INFO - [2025-04-13T13:48:18.075-0400] {dag.py:3954} INFO - Setting next_dagrun for example_branch_labels to 2025-04-12 00:00:00+00:00, run_after=2025-04-13 00:00:00+00:00
[2025-04-13T13:48:18.082-0400] {processor.py:183} INFO - Processing /opt/anaconda3/lib/python3.12/site-packages/airflow/example_dags/example_branch_labels.py took 0.054 seconds
[2025-04-13T13:50:36.574-0400] {processor.py:161} INFO - Started process (PID=50907) to work on /opt/anaconda3/lib/python3.12/site-packages/airflow/example_dags/example_branch_labels.py
[2025-04-13T13:50:36.575-0400] {processor.py:830} INFO - Processing file /opt/anaconda3/lib/python3.12/site-packages/airflow/example_dags/example_branch_labels.py for tasks to queue
[2025-04-13T13:50:36.575-0400] {logging_mixin.py:188} INFO - [2025-04-13T13:50:36.575-0400] {dagbag.py:540} INFO - Filling up the DagBag from /opt/anaconda3/lib/python3.12/site-packages/airflow/example_dags/example_branch_labels.py
[2025-04-13T13:50:36.578-0400] {processor.py:840} INFO - DAG(s) 'example_branch_labels' retrieved from /opt/anaconda3/lib/python3.12/site-packages/airflow/example_dags/example_branch_labels.py
[2025-04-13T13:50:36.614-0400] {logging_mixin.py:188} INFO - [2025-04-13T13:50:36.614-0400] {dag.py:3096} INFO - Sync 1 DAGs
[2025-04-13T13:50:36.620-0400] {logging_mixin.py:188} INFO - [2025-04-13T13:50:36.620-0400] {dag.py:3954} INFO - Setting next_dagrun for example_branch_labels to 2025-04-12 00:00:00+00:00, run_after=2025-04-13 00:00:00+00:00
[2025-04-13T13:50:36.626-0400] {processor.py:183} INFO - Processing /opt/anaconda3/lib/python3.12/site-packages/airflow/example_dags/example_branch_labels.py took 0.053 seconds
[2025-04-13T13:52:53.878-0400] {processor.py:161} INFO - Started process (PID=51858) to work on /opt/anaconda3/lib/python3.12/site-packages/airflow/example_dags/example_branch_labels.py
[2025-04-13T13:52:53.878-0400] {processor.py:830} INFO - Processing file /opt/anaconda3/lib/python3.12/site-packages/airflow/example_dags/example_branch_labels.py for tasks to queue
[2025-04-13T13:52:53.878-0400] {logging_mixin.py:188} INFO - [2025-04-13T13:52:53.878-0400] {dagbag.py:540} INFO - Filling up the DagBag from /opt/anaconda3/lib/python3.12/site-packages/airflow/example_dags/example_branch_labels.py
[2025-04-13T13:52:53.882-0400] {processor.py:840} INFO - DAG(s) 'example_branch_labels' retrieved from /opt/anaconda3/lib/python3.12/site-packages/airflow/example_dags/example_branch_labels.py
[2025-04-13T13:52:53.920-0400] {logging_mixin.py:188} INFO - [2025-04-13T13:52:53.919-0400] {dag.py:3096} INFO - Sync 1 DAGs
[2025-04-13T13:52:53.925-0400] {logging_mixin.py:188} INFO - [2025-04-13T13:52:53.925-0400] {dag.py:3954} INFO - Setting next_dagrun for example_branch_labels to 2025-04-12 00:00:00+00:00, run_after=2025-04-13 00:00:00+00:00
[2025-04-13T13:52:53.931-0400] {processor.py:183} INFO - Processing /opt/anaconda3/lib/python3.12/site-packages/airflow/example_dags/example_branch_labels.py took 0.055 seconds
[2025-04-13T13:55:11.303-0400] {processor.py:161} INFO - Started process (PID=52765) to work on /opt/anaconda3/lib/python3.12/site-packages/airflow/example_dags/example_branch_labels.py
[2025-04-13T13:55:11.304-0400] {processor.py:830} INFO - Processing file /opt/anaconda3/lib/python3.12/site-packages/airflow/example_dags/example_branch_labels.py for tasks to queue
[2025-04-13T13:55:11.304-0400] {logging_mixin.py:188} INFO - [2025-04-13T13:55:11.304-0400] {dagbag.py:540} INFO - Filling up the DagBag from /opt/anaconda3/lib/python3.12/site-packages/airflow/example_dags/example_branch_labels.py
[2025-04-13T13:55:11.308-0400] {processor.py:840} INFO - DAG(s) 'example_branch_labels' retrieved from /opt/anaconda3/lib/python3.12/site-packages/airflow/example_dags/example_branch_labels.py
[2025-04-13T13:55:11.343-0400] {logging_mixin.py:188} INFO - [2025-04-13T13:55:11.343-0400] {dag.py:3096} INFO - Sync 1 DAGs
[2025-04-13T13:55:11.348-0400] {logging_mixin.py:188} INFO - [2025-04-13T13:55:11.348-0400] {dag.py:3954} INFO - Setting next_dagrun for example_branch_labels to 2025-04-12 00:00:00+00:00, run_after=2025-04-13 00:00:00+00:00
[2025-04-13T13:55:11.355-0400] {processor.py:183} INFO - Processing /opt/anaconda3/lib/python3.12/site-packages/airflow/example_dags/example_branch_labels.py took 0.052 seconds
[2025-04-13T13:57:29.826-0400] {processor.py:161} INFO - Started process (PID=53724) to work on /opt/anaconda3/lib/python3.12/site-packages/airflow/example_dags/example_branch_labels.py
[2025-04-13T13:57:29.827-0400] {processor.py:830} INFO - Processing file /opt/anaconda3/lib/python3.12/site-packages/airflow/example_dags/example_branch_labels.py for tasks to queue
[2025-04-13T13:57:29.827-0400] {logging_mixin.py:188} INFO - [2025-04-13T13:57:29.827-0400] {dagbag.py:540} INFO - Filling up the DagBag from /opt/anaconda3/lib/python3.12/site-packages/airflow/example_dags/example_branch_labels.py
[2025-04-13T13:57:29.830-0400] {processor.py:840} INFO - DAG(s) 'example_branch_labels' retrieved from /opt/anaconda3/lib/python3.12/site-packages/airflow/example_dags/example_branch_labels.py
[2025-04-13T13:57:29.866-0400] {logging_mixin.py:188} INFO - [2025-04-13T13:57:29.866-0400] {dag.py:3096} INFO - Sync 1 DAGs
[2025-04-13T13:57:29.872-0400] {logging_mixin.py:188} INFO - [2025-04-13T13:57:29.872-0400] {dag.py:3954} INFO - Setting next_dagrun for example_branch_labels to 2025-04-12 00:00:00+00:00, run_after=2025-04-13 00:00:00+00:00
[2025-04-13T13:57:29.878-0400] {processor.py:183} INFO - Processing /opt/anaconda3/lib/python3.12/site-packages/airflow/example_dags/example_branch_labels.py took 0.053 seconds
[2025-04-13T13:59:42.281-0400] {processor.py:161} INFO - Started process (PID=54664) to work on /opt/anaconda3/lib/python3.12/site-packages/airflow/example_dags/example_branch_labels.py
[2025-04-13T13:59:42.282-0400] {processor.py:830} INFO - Processing file /opt/anaconda3/lib/python3.12/site-packages/airflow/example_dags/example_branch_labels.py for tasks to queue
[2025-04-13T13:59:42.282-0400] {logging_mixin.py:188} INFO - [2025-04-13T13:59:42.282-0400] {dagbag.py:540} INFO - Filling up the DagBag from /opt/anaconda3/lib/python3.12/site-packages/airflow/example_dags/example_branch_labels.py
[2025-04-13T13:59:42.285-0400] {processor.py:840} INFO - DAG(s) 'example_branch_labels' retrieved from /opt/anaconda3/lib/python3.12/site-packages/airflow/example_dags/example_branch_labels.py
[2025-04-13T13:59:42.320-0400] {logging_mixin.py:188} INFO - [2025-04-13T13:59:42.320-0400] {dag.py:3096} INFO - Sync 1 DAGs
[2025-04-13T13:59:42.326-0400] {logging_mixin.py:188} INFO - [2025-04-13T13:59:42.325-0400] {dag.py:3954} INFO - Setting next_dagrun for example_branch_labels to 2025-04-12 00:00:00+00:00, run_after=2025-04-13 00:00:00+00:00
[2025-04-13T13:59:42.332-0400] {processor.py:183} INFO - Processing /opt/anaconda3/lib/python3.12/site-packages/airflow/example_dags/example_branch_labels.py took 0.052 seconds
[2025-04-13T14:02:01.988-0400] {processor.py:161} INFO - Started process (PID=55601) to work on /opt/anaconda3/lib/python3.12/site-packages/airflow/example_dags/example_branch_labels.py
[2025-04-13T14:02:01.989-0400] {processor.py:830} INFO - Processing file /opt/anaconda3/lib/python3.12/site-packages/airflow/example_dags/example_branch_labels.py for tasks to queue
[2025-04-13T14:02:01.989-0400] {logging_mixin.py:188} INFO - [2025-04-13T14:02:01.989-0400] {dagbag.py:540} INFO - Filling up the DagBag from /opt/anaconda3/lib/python3.12/site-packages/airflow/example_dags/example_branch_labels.py
[2025-04-13T14:02:01.992-0400] {processor.py:840} INFO - DAG(s) 'example_branch_labels' retrieved from /opt/anaconda3/lib/python3.12/site-packages/airflow/example_dags/example_branch_labels.py
[2025-04-13T14:02:02.028-0400] {logging_mixin.py:188} INFO - [2025-04-13T14:02:02.028-0400] {dag.py:3096} INFO - Sync 1 DAGs
[2025-04-13T14:02:02.034-0400] {logging_mixin.py:188} INFO - [2025-04-13T14:02:02.034-0400] {dag.py:3954} INFO - Setting next_dagrun for example_branch_labels to 2025-04-12 00:00:00+00:00, run_after=2025-04-13 00:00:00+00:00
[2025-04-13T14:02:02.040-0400] {processor.py:183} INFO - Processing /opt/anaconda3/lib/python3.12/site-packages/airflow/example_dags/example_branch_labels.py took 0.053 seconds
