[2025-04-13T13:08:46.517-0400] {processor.py:161} INFO - Started process (PID=34785) to work on /opt/anaconda3/lib/python3.12/site-packages/airflow/example_dags/example_branch_python_dop_operator_3.py
[2025-04-13T13:08:46.517-0400] {processor.py:830} INFO - Processing file /opt/anaconda3/lib/python3.12/site-packages/airflow/example_dags/example_branch_python_dop_operator_3.py for tasks to queue
[2025-04-13T13:08:46.518-0400] {logging_mixin.py:188} INFO - [2025-04-13T13:08:46.518-0400] {dagbag.py:540} INFO - Filling up the DagBag from /opt/anaconda3/lib/python3.12/site-packages/airflow/example_dags/example_branch_python_dop_operator_3.py
[2025-04-13T13:08:46.535-0400] {processor.py:840} INFO - DAG(s) 'example_branch_dop_operator_v3' retrieved from /opt/anaconda3/lib/python3.12/site-packages/airflow/example_dags/example_branch_python_dop_operator_3.py
[2025-04-13T13:08:46.601-0400] {logging_mixin.py:188} INFO - [2025-04-13T13:08:46.601-0400] {override.py:1930} INFO - Created Permission View: can edit on DAG:example_branch_dop_operator_v3
[2025-04-13T13:08:46.603-0400] {logging_mixin.py:188} INFO - [2025-04-13T13:08:46.603-0400] {override.py:1930} INFO - Created Permission View: can delete on DAG:example_branch_dop_operator_v3
[2025-04-13T13:08:46.605-0400] {logging_mixin.py:188} INFO - [2025-04-13T13:08:46.605-0400] {override.py:1930} INFO - Created Permission View: can read on DAG:example_branch_dop_operator_v3
[2025-04-13T13:08:46.605-0400] {logging_mixin.py:188} INFO - [2025-04-13T13:08:46.605-0400] {dag.py:3096} INFO - Sync 1 DAGs
[2025-04-13T13:08:46.609-0400] {logging_mixin.py:188} INFO - [2025-04-13T13:08:46.608-0400] {dag.py:3118} INFO - Creating ORM DAG for example_branch_dop_operator_v3
[2025-04-13T13:08:46.612-0400] {logging_mixin.py:188} INFO - [2025-04-13T13:08:46.612-0400] {dag.py:3954} INFO - Setting next_dagrun for example_branch_dop_operator_v3 to 2025-04-13 17:07:00+00:00, run_after=2025-04-13 17:08:00+00:00
[2025-04-13T13:08:46.618-0400] {processor.py:183} INFO - Processing /opt/anaconda3/lib/python3.12/site-packages/airflow/example_dags/example_branch_python_dop_operator_3.py took 0.102 seconds
[2025-04-13T13:16:18.599-0400] {processor.py:161} INFO - Started process (PID=37634) to work on /opt/anaconda3/lib/python3.12/site-packages/airflow/example_dags/example_branch_python_dop_operator_3.py
[2025-04-13T13:16:18.600-0400] {processor.py:830} INFO - Processing file /opt/anaconda3/lib/python3.12/site-packages/airflow/example_dags/example_branch_python_dop_operator_3.py for tasks to queue
[2025-04-13T13:16:18.600-0400] {logging_mixin.py:188} INFO - [2025-04-13T13:16:18.600-0400] {dagbag.py:540} INFO - Filling up the DagBag from /opt/anaconda3/lib/python3.12/site-packages/airflow/example_dags/example_branch_python_dop_operator_3.py
[2025-04-13T13:16:18.615-0400] {processor.py:840} INFO - DAG(s) 'example_branch_dop_operator_v3' retrieved from /opt/anaconda3/lib/python3.12/site-packages/airflow/example_dags/example_branch_python_dop_operator_3.py
[2025-04-13T13:16:18.649-0400] {logging_mixin.py:188} INFO - [2025-04-13T13:16:18.649-0400] {dag.py:3096} INFO - Sync 1 DAGs
[2025-04-13T13:16:18.656-0400] {logging_mixin.py:188} INFO - [2025-04-13T13:16:18.656-0400] {dag.py:3954} INFO - Setting next_dagrun for example_branch_dop_operator_v3 to 2025-04-13 17:15:00+00:00, run_after=2025-04-13 17:16:00+00:00
[2025-04-13T13:16:18.662-0400] {processor.py:183} INFO - Processing /opt/anaconda3/lib/python3.12/site-packages/airflow/example_dags/example_branch_python_dop_operator_3.py took 0.064 seconds
[2025-04-13T13:19:59.777-0400] {processor.py:161} INFO - Started process (PID=39150) to work on /opt/anaconda3/lib/python3.12/site-packages/airflow/example_dags/example_branch_python_dop_operator_3.py
[2025-04-13T13:19:59.778-0400] {processor.py:830} INFO - Processing file /opt/anaconda3/lib/python3.12/site-packages/airflow/example_dags/example_branch_python_dop_operator_3.py for tasks to queue
[2025-04-13T13:19:59.778-0400] {logging_mixin.py:188} INFO - [2025-04-13T13:19:59.778-0400] {dagbag.py:540} INFO - Filling up the DagBag from /opt/anaconda3/lib/python3.12/site-packages/airflow/example_dags/example_branch_python_dop_operator_3.py
[2025-04-13T13:19:59.795-0400] {processor.py:840} INFO - DAG(s) 'example_branch_dop_operator_v3' retrieved from /opt/anaconda3/lib/python3.12/site-packages/airflow/example_dags/example_branch_python_dop_operator_3.py
[2025-04-13T13:19:59.861-0400] {logging_mixin.py:188} INFO - [2025-04-13T13:19:59.861-0400] {dag.py:3096} INFO - Sync 1 DAGs
[2025-04-13T13:19:59.867-0400] {logging_mixin.py:188} INFO - [2025-04-13T13:19:59.867-0400] {dag.py:3954} INFO - Setting next_dagrun for example_branch_dop_operator_v3 to 2025-04-13 17:18:00+00:00, run_after=2025-04-13 17:19:00+00:00
[2025-04-13T13:19:59.873-0400] {processor.py:183} INFO - Processing /opt/anaconda3/lib/python3.12/site-packages/airflow/example_dags/example_branch_python_dop_operator_3.py took 0.097 seconds
[2025-04-13T13:24:28.777-0400] {processor.py:161} INFO - Started process (PID=41012) to work on /opt/anaconda3/lib/python3.12/site-packages/airflow/example_dags/example_branch_python_dop_operator_3.py
[2025-04-13T13:24:28.777-0400] {processor.py:830} INFO - Processing file /opt/anaconda3/lib/python3.12/site-packages/airflow/example_dags/example_branch_python_dop_operator_3.py for tasks to queue
[2025-04-13T13:24:28.778-0400] {logging_mixin.py:188} INFO - [2025-04-13T13:24:28.778-0400] {dagbag.py:540} INFO - Filling up the DagBag from /opt/anaconda3/lib/python3.12/site-packages/airflow/example_dags/example_branch_python_dop_operator_3.py
[2025-04-13T13:24:28.793-0400] {processor.py:840} INFO - DAG(s) 'example_branch_dop_operator_v3' retrieved from /opt/anaconda3/lib/python3.12/site-packages/airflow/example_dags/example_branch_python_dop_operator_3.py
[2025-04-13T13:24:28.855-0400] {logging_mixin.py:188} INFO - [2025-04-13T13:24:28.855-0400] {dag.py:3096} INFO - Sync 1 DAGs
[2025-04-13T13:24:28.861-0400] {logging_mixin.py:188} INFO - [2025-04-13T13:24:28.861-0400] {dag.py:3954} INFO - Setting next_dagrun for example_branch_dop_operator_v3 to 2025-04-13 17:23:00+00:00, run_after=2025-04-13 17:24:00+00:00
[2025-04-13T13:24:28.868-0400] {processor.py:183} INFO - Processing /opt/anaconda3/lib/python3.12/site-packages/airflow/example_dags/example_branch_python_dop_operator_3.py took 0.092 seconds
[2025-04-13T13:26:38.656-0400] {processor.py:161} INFO - Started process (PID=41890) to work on /opt/anaconda3/lib/python3.12/site-packages/airflow/example_dags/example_branch_python_dop_operator_3.py
[2025-04-13T13:26:38.657-0400] {processor.py:830} INFO - Processing file /opt/anaconda3/lib/python3.12/site-packages/airflow/example_dags/example_branch_python_dop_operator_3.py for tasks to queue
[2025-04-13T13:26:38.657-0400] {logging_mixin.py:188} INFO - [2025-04-13T13:26:38.657-0400] {dagbag.py:540} INFO - Filling up the DagBag from /opt/anaconda3/lib/python3.12/site-packages/airflow/example_dags/example_branch_python_dop_operator_3.py
[2025-04-13T13:26:38.672-0400] {processor.py:840} INFO - DAG(s) 'example_branch_dop_operator_v3' retrieved from /opt/anaconda3/lib/python3.12/site-packages/airflow/example_dags/example_branch_python_dop_operator_3.py
[2025-04-13T13:26:38.707-0400] {logging_mixin.py:188} INFO - [2025-04-13T13:26:38.707-0400] {dag.py:3096} INFO - Sync 1 DAGs
[2025-04-13T13:26:38.713-0400] {logging_mixin.py:188} INFO - [2025-04-13T13:26:38.713-0400] {dag.py:3954} INFO - Setting next_dagrun for example_branch_dop_operator_v3 to 2025-04-13 17:25:00+00:00, run_after=2025-04-13 17:26:00+00:00
[2025-04-13T13:26:38.719-0400] {processor.py:183} INFO - Processing /opt/anaconda3/lib/python3.12/site-packages/airflow/example_dags/example_branch_python_dop_operator_3.py took 0.064 seconds
[2025-04-13T13:28:49.014-0400] {processor.py:161} INFO - Started process (PID=42752) to work on /opt/anaconda3/lib/python3.12/site-packages/airflow/example_dags/example_branch_python_dop_operator_3.py
[2025-04-13T13:28:49.014-0400] {processor.py:830} INFO - Processing file /opt/anaconda3/lib/python3.12/site-packages/airflow/example_dags/example_branch_python_dop_operator_3.py for tasks to queue
[2025-04-13T13:28:49.015-0400] {logging_mixin.py:188} INFO - [2025-04-13T13:28:49.015-0400] {dagbag.py:540} INFO - Filling up the DagBag from /opt/anaconda3/lib/python3.12/site-packages/airflow/example_dags/example_branch_python_dop_operator_3.py
[2025-04-13T13:28:49.030-0400] {processor.py:840} INFO - DAG(s) 'example_branch_dop_operator_v3' retrieved from /opt/anaconda3/lib/python3.12/site-packages/airflow/example_dags/example_branch_python_dop_operator_3.py
[2025-04-13T13:28:49.065-0400] {logging_mixin.py:188} INFO - [2025-04-13T13:28:49.065-0400] {dag.py:3096} INFO - Sync 1 DAGs
[2025-04-13T13:28:49.071-0400] {logging_mixin.py:188} INFO - [2025-04-13T13:28:49.071-0400] {dag.py:3954} INFO - Setting next_dagrun for example_branch_dop_operator_v3 to 2025-04-13 17:27:00+00:00, run_after=2025-04-13 17:28:00+00:00
[2025-04-13T13:28:49.077-0400] {processor.py:183} INFO - Processing /opt/anaconda3/lib/python3.12/site-packages/airflow/example_dags/example_branch_python_dop_operator_3.py took 0.064 seconds
[2025-04-13T13:32:44.261-0400] {processor.py:161} INFO - Started process (PID=44293) to work on /opt/anaconda3/lib/python3.12/site-packages/airflow/example_dags/example_branch_python_dop_operator_3.py
[2025-04-13T13:32:44.262-0400] {processor.py:830} INFO - Processing file /opt/anaconda3/lib/python3.12/site-packages/airflow/example_dags/example_branch_python_dop_operator_3.py for tasks to queue
[2025-04-13T13:32:44.263-0400] {logging_mixin.py:188} INFO - [2025-04-13T13:32:44.262-0400] {dagbag.py:540} INFO - Filling up the DagBag from /opt/anaconda3/lib/python3.12/site-packages/airflow/example_dags/example_branch_python_dop_operator_3.py
[2025-04-13T13:32:44.278-0400] {processor.py:840} INFO - DAG(s) 'example_branch_dop_operator_v3' retrieved from /opt/anaconda3/lib/python3.12/site-packages/airflow/example_dags/example_branch_python_dop_operator_3.py
[2025-04-13T13:32:44.314-0400] {logging_mixin.py:188} INFO - [2025-04-13T13:32:44.314-0400] {dag.py:3096} INFO - Sync 1 DAGs
[2025-04-13T13:32:44.320-0400] {logging_mixin.py:188} INFO - [2025-04-13T13:32:44.320-0400] {dag.py:3954} INFO - Setting next_dagrun for example_branch_dop_operator_v3 to 2025-04-13 17:31:00+00:00, run_after=2025-04-13 17:32:00+00:00
[2025-04-13T13:32:44.327-0400] {processor.py:183} INFO - Processing /opt/anaconda3/lib/python3.12/site-packages/airflow/example_dags/example_branch_python_dop_operator_3.py took 0.066 seconds
[2025-04-13T13:36:51.915-0400] {processor.py:161} INFO - Started process (PID=45392) to work on /opt/anaconda3/lib/python3.12/site-packages/airflow/example_dags/example_branch_python_dop_operator_3.py
[2025-04-13T13:36:51.915-0400] {processor.py:830} INFO - Processing file /opt/anaconda3/lib/python3.12/site-packages/airflow/example_dags/example_branch_python_dop_operator_3.py for tasks to queue
[2025-04-13T13:36:51.915-0400] {logging_mixin.py:188} INFO - [2025-04-13T13:36:51.915-0400] {dagbag.py:540} INFO - Filling up the DagBag from /opt/anaconda3/lib/python3.12/site-packages/airflow/example_dags/example_branch_python_dop_operator_3.py
[2025-04-13T13:36:51.930-0400] {processor.py:840} INFO - DAG(s) 'example_branch_dop_operator_v3' retrieved from /opt/anaconda3/lib/python3.12/site-packages/airflow/example_dags/example_branch_python_dop_operator_3.py
[2025-04-13T13:36:51.966-0400] {logging_mixin.py:188} INFO - [2025-04-13T13:36:51.965-0400] {dag.py:3096} INFO - Sync 1 DAGs
[2025-04-13T13:36:51.972-0400] {logging_mixin.py:188} INFO - [2025-04-13T13:36:51.972-0400] {dag.py:3954} INFO - Setting next_dagrun for example_branch_dop_operator_v3 to 2025-04-13 17:35:00+00:00, run_after=2025-04-13 17:36:00+00:00
[2025-04-13T13:36:51.978-0400] {processor.py:183} INFO - Processing /opt/anaconda3/lib/python3.12/site-packages/airflow/example_dags/example_branch_python_dop_operator_3.py took 0.064 seconds
[2025-04-13T13:39:08.782-0400] {processor.py:161} INFO - Started process (PID=46298) to work on /opt/anaconda3/lib/python3.12/site-packages/airflow/example_dags/example_branch_python_dop_operator_3.py
[2025-04-13T13:39:08.783-0400] {processor.py:830} INFO - Processing file /opt/anaconda3/lib/python3.12/site-packages/airflow/example_dags/example_branch_python_dop_operator_3.py for tasks to queue
[2025-04-13T13:39:08.783-0400] {logging_mixin.py:188} INFO - [2025-04-13T13:39:08.783-0400] {dagbag.py:540} INFO - Filling up the DagBag from /opt/anaconda3/lib/python3.12/site-packages/airflow/example_dags/example_branch_python_dop_operator_3.py
[2025-04-13T13:39:08.798-0400] {processor.py:840} INFO - DAG(s) 'example_branch_dop_operator_v3' retrieved from /opt/anaconda3/lib/python3.12/site-packages/airflow/example_dags/example_branch_python_dop_operator_3.py
[2025-04-13T13:39:08.833-0400] {logging_mixin.py:188} INFO - [2025-04-13T13:39:08.833-0400] {dag.py:3096} INFO - Sync 1 DAGs
[2025-04-13T13:39:08.839-0400] {logging_mixin.py:188} INFO - [2025-04-13T13:39:08.839-0400] {dag.py:3954} INFO - Setting next_dagrun for example_branch_dop_operator_v3 to 2025-04-13 17:38:00+00:00, run_after=2025-04-13 17:39:00+00:00
[2025-04-13T13:39:08.845-0400] {processor.py:183} INFO - Processing /opt/anaconda3/lib/python3.12/site-packages/airflow/example_dags/example_branch_python_dop_operator_3.py took 0.064 seconds
[2025-04-13T13:41:20.445-0400] {processor.py:161} INFO - Started process (PID=47208) to work on /opt/anaconda3/lib/python3.12/site-packages/airflow/example_dags/example_branch_python_dop_operator_3.py
[2025-04-13T13:41:20.446-0400] {processor.py:830} INFO - Processing file /opt/anaconda3/lib/python3.12/site-packages/airflow/example_dags/example_branch_python_dop_operator_3.py for tasks to queue
[2025-04-13T13:41:20.446-0400] {logging_mixin.py:188} INFO - [2025-04-13T13:41:20.446-0400] {dagbag.py:540} INFO - Filling up the DagBag from /opt/anaconda3/lib/python3.12/site-packages/airflow/example_dags/example_branch_python_dop_operator_3.py
[2025-04-13T13:41:20.466-0400] {processor.py:840} INFO - DAG(s) 'example_branch_dop_operator_v3' retrieved from /opt/anaconda3/lib/python3.12/site-packages/airflow/example_dags/example_branch_python_dop_operator_3.py
[2025-04-13T13:41:20.503-0400] {logging_mixin.py:188} INFO - [2025-04-13T13:41:20.503-0400] {dag.py:3096} INFO - Sync 1 DAGs
[2025-04-13T13:41:20.509-0400] {logging_mixin.py:188} INFO - [2025-04-13T13:41:20.509-0400] {dag.py:3954} INFO - Setting next_dagrun for example_branch_dop_operator_v3 to 2025-04-13 17:40:00+00:00, run_after=2025-04-13 17:41:00+00:00
[2025-04-13T13:41:20.515-0400] {processor.py:183} INFO - Processing /opt/anaconda3/lib/python3.12/site-packages/airflow/example_dags/example_branch_python_dop_operator_3.py took 0.071 seconds
[2025-04-13T13:43:33.203-0400] {processor.py:161} INFO - Started process (PID=48096) to work on /opt/anaconda3/lib/python3.12/site-packages/airflow/example_dags/example_branch_python_dop_operator_3.py
[2025-04-13T13:43:33.204-0400] {processor.py:830} INFO - Processing file /opt/anaconda3/lib/python3.12/site-packages/airflow/example_dags/example_branch_python_dop_operator_3.py for tasks to queue
[2025-04-13T13:43:33.205-0400] {logging_mixin.py:188} INFO - [2025-04-13T13:43:33.204-0400] {dagbag.py:540} INFO - Filling up the DagBag from /opt/anaconda3/lib/python3.12/site-packages/airflow/example_dags/example_branch_python_dop_operator_3.py
[2025-04-13T13:43:33.219-0400] {processor.py:840} INFO - DAG(s) 'example_branch_dop_operator_v3' retrieved from /opt/anaconda3/lib/python3.12/site-packages/airflow/example_dags/example_branch_python_dop_operator_3.py
[2025-04-13T13:43:33.253-0400] {logging_mixin.py:188} INFO - [2025-04-13T13:43:33.253-0400] {dag.py:3096} INFO - Sync 1 DAGs
[2025-04-13T13:43:33.259-0400] {logging_mixin.py:188} INFO - [2025-04-13T13:43:33.259-0400] {dag.py:3954} INFO - Setting next_dagrun for example_branch_dop_operator_v3 to 2025-04-13 17:42:00+00:00, run_after=2025-04-13 17:43:00+00:00
[2025-04-13T13:43:33.265-0400] {processor.py:183} INFO - Processing /opt/anaconda3/lib/python3.12/site-packages/airflow/example_dags/example_branch_python_dop_operator_3.py took 0.062 seconds
[2025-04-13T13:45:45.899-0400] {processor.py:161} INFO - Started process (PID=48996) to work on /opt/anaconda3/lib/python3.12/site-packages/airflow/example_dags/example_branch_python_dop_operator_3.py
[2025-04-13T13:45:45.900-0400] {processor.py:830} INFO - Processing file /opt/anaconda3/lib/python3.12/site-packages/airflow/example_dags/example_branch_python_dop_operator_3.py for tasks to queue
[2025-04-13T13:45:45.900-0400] {logging_mixin.py:188} INFO - [2025-04-13T13:45:45.900-0400] {dagbag.py:540} INFO - Filling up the DagBag from /opt/anaconda3/lib/python3.12/site-packages/airflow/example_dags/example_branch_python_dop_operator_3.py
[2025-04-13T13:45:45.915-0400] {processor.py:840} INFO - DAG(s) 'example_branch_dop_operator_v3' retrieved from /opt/anaconda3/lib/python3.12/site-packages/airflow/example_dags/example_branch_python_dop_operator_3.py
[2025-04-13T13:45:45.951-0400] {logging_mixin.py:188} INFO - [2025-04-13T13:45:45.951-0400] {dag.py:3096} INFO - Sync 1 DAGs
[2025-04-13T13:45:45.957-0400] {logging_mixin.py:188} INFO - [2025-04-13T13:45:45.957-0400] {dag.py:3954} INFO - Setting next_dagrun for example_branch_dop_operator_v3 to 2025-04-13 17:44:00+00:00, run_after=2025-04-13 17:45:00+00:00
[2025-04-13T13:45:45.963-0400] {processor.py:183} INFO - Processing /opt/anaconda3/lib/python3.12/site-packages/airflow/example_dags/example_branch_python_dop_operator_3.py took 0.065 seconds
[2025-04-13T13:48:12.036-0400] {processor.py:161} INFO - Started process (PID=49970) to work on /opt/anaconda3/lib/python3.12/site-packages/airflow/example_dags/example_branch_python_dop_operator_3.py
[2025-04-13T13:48:12.036-0400] {processor.py:830} INFO - Processing file /opt/anaconda3/lib/python3.12/site-packages/airflow/example_dags/example_branch_python_dop_operator_3.py for tasks to queue
[2025-04-13T13:48:12.037-0400] {logging_mixin.py:188} INFO - [2025-04-13T13:48:12.037-0400] {dagbag.py:540} INFO - Filling up the DagBag from /opt/anaconda3/lib/python3.12/site-packages/airflow/example_dags/example_branch_python_dop_operator_3.py
[2025-04-13T13:48:12.052-0400] {processor.py:840} INFO - DAG(s) 'example_branch_dop_operator_v3' retrieved from /opt/anaconda3/lib/python3.12/site-packages/airflow/example_dags/example_branch_python_dop_operator_3.py
[2025-04-13T13:48:12.088-0400] {logging_mixin.py:188} INFO - [2025-04-13T13:48:12.088-0400] {dag.py:3096} INFO - Sync 1 DAGs
[2025-04-13T13:48:12.095-0400] {logging_mixin.py:188} INFO - [2025-04-13T13:48:12.094-0400] {dag.py:3954} INFO - Setting next_dagrun for example_branch_dop_operator_v3 to 2025-04-13 17:47:00+00:00, run_after=2025-04-13 17:48:00+00:00
[2025-04-13T13:48:12.100-0400] {processor.py:183} INFO - Processing /opt/anaconda3/lib/python3.12/site-packages/airflow/example_dags/example_branch_python_dop_operator_3.py took 0.066 seconds
[2025-04-13T13:50:31.672-0400] {processor.py:161} INFO - Started process (PID=50867) to work on /opt/anaconda3/lib/python3.12/site-packages/airflow/example_dags/example_branch_python_dop_operator_3.py
[2025-04-13T13:50:31.673-0400] {processor.py:830} INFO - Processing file /opt/anaconda3/lib/python3.12/site-packages/airflow/example_dags/example_branch_python_dop_operator_3.py for tasks to queue
[2025-04-13T13:50:31.674-0400] {logging_mixin.py:188} INFO - [2025-04-13T13:50:31.673-0400] {dagbag.py:540} INFO - Filling up the DagBag from /opt/anaconda3/lib/python3.12/site-packages/airflow/example_dags/example_branch_python_dop_operator_3.py
[2025-04-13T13:50:31.689-0400] {processor.py:840} INFO - DAG(s) 'example_branch_dop_operator_v3' retrieved from /opt/anaconda3/lib/python3.12/site-packages/airflow/example_dags/example_branch_python_dop_operator_3.py
[2025-04-13T13:50:31.723-0400] {logging_mixin.py:188} INFO - [2025-04-13T13:50:31.723-0400] {dag.py:3096} INFO - Sync 1 DAGs
[2025-04-13T13:50:31.730-0400] {logging_mixin.py:188} INFO - [2025-04-13T13:50:31.730-0400] {dag.py:3954} INFO - Setting next_dagrun for example_branch_dop_operator_v3 to 2025-04-13 17:49:00+00:00, run_after=2025-04-13 17:50:00+00:00
[2025-04-13T13:50:31.736-0400] {processor.py:183} INFO - Processing /opt/anaconda3/lib/python3.12/site-packages/airflow/example_dags/example_branch_python_dop_operator_3.py took 0.064 seconds
[2025-04-13T13:52:47.752-0400] {processor.py:161} INFO - Started process (PID=51811) to work on /opt/anaconda3/lib/python3.12/site-packages/airflow/example_dags/example_branch_python_dop_operator_3.py
[2025-04-13T13:52:47.753-0400] {processor.py:830} INFO - Processing file /opt/anaconda3/lib/python3.12/site-packages/airflow/example_dags/example_branch_python_dop_operator_3.py for tasks to queue
[2025-04-13T13:52:47.753-0400] {logging_mixin.py:188} INFO - [2025-04-13T13:52:47.753-0400] {dagbag.py:540} INFO - Filling up the DagBag from /opt/anaconda3/lib/python3.12/site-packages/airflow/example_dags/example_branch_python_dop_operator_3.py
[2025-04-13T13:52:47.768-0400] {processor.py:840} INFO - DAG(s) 'example_branch_dop_operator_v3' retrieved from /opt/anaconda3/lib/python3.12/site-packages/airflow/example_dags/example_branch_python_dop_operator_3.py
[2025-04-13T13:52:47.804-0400] {logging_mixin.py:188} INFO - [2025-04-13T13:52:47.804-0400] {dag.py:3096} INFO - Sync 1 DAGs
[2025-04-13T13:52:47.811-0400] {logging_mixin.py:188} INFO - [2025-04-13T13:52:47.811-0400] {dag.py:3954} INFO - Setting next_dagrun for example_branch_dop_operator_v3 to 2025-04-13 17:51:00+00:00, run_after=2025-04-13 17:52:00+00:00
[2025-04-13T13:52:47.817-0400] {processor.py:183} INFO - Processing /opt/anaconda3/lib/python3.12/site-packages/airflow/example_dags/example_branch_python_dop_operator_3.py took 0.066 seconds
[2025-04-13T13:55:06.643-0400] {processor.py:161} INFO - Started process (PID=52734) to work on /opt/anaconda3/lib/python3.12/site-packages/airflow/example_dags/example_branch_python_dop_operator_3.py
[2025-04-13T13:55:06.644-0400] {processor.py:830} INFO - Processing file /opt/anaconda3/lib/python3.12/site-packages/airflow/example_dags/example_branch_python_dop_operator_3.py for tasks to queue
[2025-04-13T13:55:06.645-0400] {logging_mixin.py:188} INFO - [2025-04-13T13:55:06.644-0400] {dagbag.py:540} INFO - Filling up the DagBag from /opt/anaconda3/lib/python3.12/site-packages/airflow/example_dags/example_branch_python_dop_operator_3.py
[2025-04-13T13:55:06.659-0400] {processor.py:840} INFO - DAG(s) 'example_branch_dop_operator_v3' retrieved from /opt/anaconda3/lib/python3.12/site-packages/airflow/example_dags/example_branch_python_dop_operator_3.py
[2025-04-13T13:55:06.693-0400] {logging_mixin.py:188} INFO - [2025-04-13T13:55:06.693-0400] {dag.py:3096} INFO - Sync 1 DAGs
[2025-04-13T13:55:06.699-0400] {logging_mixin.py:188} INFO - [2025-04-13T13:55:06.699-0400] {dag.py:3954} INFO - Setting next_dagrun for example_branch_dop_operator_v3 to 2025-04-13 17:54:00+00:00, run_after=2025-04-13 17:55:00+00:00
[2025-04-13T13:55:06.705-0400] {processor.py:183} INFO - Processing /opt/anaconda3/lib/python3.12/site-packages/airflow/example_dags/example_branch_python_dop_operator_3.py took 0.063 seconds
[2025-04-13T13:57:24.833-0400] {processor.py:161} INFO - Started process (PID=53695) to work on /opt/anaconda3/lib/python3.12/site-packages/airflow/example_dags/example_branch_python_dop_operator_3.py
[2025-04-13T13:57:24.834-0400] {processor.py:830} INFO - Processing file /opt/anaconda3/lib/python3.12/site-packages/airflow/example_dags/example_branch_python_dop_operator_3.py for tasks to queue
[2025-04-13T13:57:24.834-0400] {logging_mixin.py:188} INFO - [2025-04-13T13:57:24.834-0400] {dagbag.py:540} INFO - Filling up the DagBag from /opt/anaconda3/lib/python3.12/site-packages/airflow/example_dags/example_branch_python_dop_operator_3.py
[2025-04-13T13:57:24.849-0400] {processor.py:840} INFO - DAG(s) 'example_branch_dop_operator_v3' retrieved from /opt/anaconda3/lib/python3.12/site-packages/airflow/example_dags/example_branch_python_dop_operator_3.py
[2025-04-13T13:57:24.884-0400] {logging_mixin.py:188} INFO - [2025-04-13T13:57:24.884-0400] {dag.py:3096} INFO - Sync 1 DAGs
[2025-04-13T13:57:24.891-0400] {logging_mixin.py:188} INFO - [2025-04-13T13:57:24.891-0400] {dag.py:3954} INFO - Setting next_dagrun for example_branch_dop_operator_v3 to 2025-04-13 17:56:00+00:00, run_after=2025-04-13 17:57:00+00:00
[2025-04-13T13:57:24.897-0400] {processor.py:183} INFO - Processing /opt/anaconda3/lib/python3.12/site-packages/airflow/example_dags/example_branch_python_dop_operator_3.py took 0.064 seconds
[2025-04-13T13:59:36.346-0400] {processor.py:161} INFO - Started process (PID=54621) to work on /opt/anaconda3/lib/python3.12/site-packages/airflow/example_dags/example_branch_python_dop_operator_3.py
[2025-04-13T13:59:36.347-0400] {processor.py:830} INFO - Processing file /opt/anaconda3/lib/python3.12/site-packages/airflow/example_dags/example_branch_python_dop_operator_3.py for tasks to queue
[2025-04-13T13:59:36.347-0400] {logging_mixin.py:188} INFO - [2025-04-13T13:59:36.347-0400] {dagbag.py:540} INFO - Filling up the DagBag from /opt/anaconda3/lib/python3.12/site-packages/airflow/example_dags/example_branch_python_dop_operator_3.py
[2025-04-13T13:59:36.362-0400] {processor.py:840} INFO - DAG(s) 'example_branch_dop_operator_v3' retrieved from /opt/anaconda3/lib/python3.12/site-packages/airflow/example_dags/example_branch_python_dop_operator_3.py
[2025-04-13T13:59:36.398-0400] {logging_mixin.py:188} INFO - [2025-04-13T13:59:36.397-0400] {dag.py:3096} INFO - Sync 1 DAGs
[2025-04-13T13:59:36.404-0400] {logging_mixin.py:188} INFO - [2025-04-13T13:59:36.404-0400] {dag.py:3954} INFO - Setting next_dagrun for example_branch_dop_operator_v3 to 2025-04-13 17:58:00+00:00, run_after=2025-04-13 17:59:00+00:00
[2025-04-13T13:59:36.410-0400] {processor.py:183} INFO - Processing /opt/anaconda3/lib/python3.12/site-packages/airflow/example_dags/example_branch_python_dop_operator_3.py took 0.065 seconds
[2025-04-13T14:01:56.031-0400] {processor.py:161} INFO - Started process (PID=55561) to work on /opt/anaconda3/lib/python3.12/site-packages/airflow/example_dags/example_branch_python_dop_operator_3.py
[2025-04-13T14:01:56.032-0400] {processor.py:830} INFO - Processing file /opt/anaconda3/lib/python3.12/site-packages/airflow/example_dags/example_branch_python_dop_operator_3.py for tasks to queue
[2025-04-13T14:01:56.033-0400] {logging_mixin.py:188} INFO - [2025-04-13T14:01:56.033-0400] {dagbag.py:540} INFO - Filling up the DagBag from /opt/anaconda3/lib/python3.12/site-packages/airflow/example_dags/example_branch_python_dop_operator_3.py
[2025-04-13T14:01:56.048-0400] {processor.py:840} INFO - DAG(s) 'example_branch_dop_operator_v3' retrieved from /opt/anaconda3/lib/python3.12/site-packages/airflow/example_dags/example_branch_python_dop_operator_3.py
[2025-04-13T14:01:56.083-0400] {logging_mixin.py:188} INFO - [2025-04-13T14:01:56.083-0400] {dag.py:3096} INFO - Sync 1 DAGs
[2025-04-13T14:01:56.090-0400] {logging_mixin.py:188} INFO - [2025-04-13T14:01:56.090-0400] {dag.py:3954} INFO - Setting next_dagrun for example_branch_dop_operator_v3 to 2025-04-13 18:00:00+00:00, run_after=2025-04-13 18:01:00+00:00
[2025-04-13T14:01:56.096-0400] {processor.py:183} INFO - Processing /opt/anaconda3/lib/python3.12/site-packages/airflow/example_dags/example_branch_python_dop_operator_3.py took 0.065 seconds
