[2025-04-13T13:05:51.308-0400] {processor.py:161} INFO - Started process (PID=33584) to work on /opt/anaconda3/lib/python3.12/site-packages/airflow/example_dags/example_xcom.py
[2025-04-13T13:05:51.309-0400] {processor.py:830} INFO - Processing file /opt/anaconda3/lib/python3.12/site-packages/airflow/example_dags/example_xcom.py for tasks to queue
[2025-04-13T13:05:51.309-0400] {logging_mixin.py:188} INFO - [2025-04-13T13:05:51.309-0400] {dagbag.py:540} INFO - Filling up the DagBag from /opt/anaconda3/lib/python3.12/site-packages/airflow/example_dags/example_xcom.py
[2025-04-13T13:05:51.324-0400] {processor.py:840} INFO - DAG(s) 'example_xcom' retrieved from /opt/anaconda3/lib/python3.12/site-packages/airflow/example_dags/example_xcom.py
[2025-04-13T13:05:51.385-0400] {logging_mixin.py:188} INFO - [2025-04-13T13:05:51.385-0400] {override.py:1930} INFO - Created Permission View: can read on DAG:example_xcom
[2025-04-13T13:05:51.388-0400] {logging_mixin.py:188} INFO - [2025-04-13T13:05:51.388-0400] {override.py:1930} INFO - Created Permission View: can edit on DAG:example_xcom
[2025-04-13T13:05:51.389-0400] {logging_mixin.py:188} INFO - [2025-04-13T13:05:51.389-0400] {override.py:1930} INFO - Created Permission View: can delete on DAG:example_xcom
[2025-04-13T13:05:51.389-0400] {logging_mixin.py:188} INFO - [2025-04-13T13:05:51.389-0400] {dag.py:3096} INFO - Sync 1 DAGs
[2025-04-13T13:05:51.392-0400] {logging_mixin.py:188} INFO - [2025-04-13T13:05:51.392-0400] {dag.py:3118} INFO - Creating ORM DAG for example_xcom
[2025-04-13T13:05:51.394-0400] {logging_mixin.py:188} INFO - [2025-04-13T13:05:51.394-0400] {dag.py:3954} INFO - Setting next_dagrun for example_xcom to 2021-01-01 00:00:00+00:00, run_after=2021-01-01 00:00:00+00:00
[2025-04-13T13:05:51.400-0400] {processor.py:183} INFO - Processing /opt/anaconda3/lib/python3.12/site-packages/airflow/example_dags/example_xcom.py took 0.092 seconds
[2025-04-13T13:07:45.066-0400] {processor.py:161} INFO - Started process (PID=34361) to work on /opt/anaconda3/lib/python3.12/site-packages/airflow/example_dags/example_xcom.py
[2025-04-13T13:07:45.067-0400] {processor.py:830} INFO - Processing file /opt/anaconda3/lib/python3.12/site-packages/airflow/example_dags/example_xcom.py for tasks to queue
[2025-04-13T13:07:45.067-0400] {logging_mixin.py:188} INFO - [2025-04-13T13:07:45.067-0400] {dagbag.py:540} INFO - Filling up the DagBag from /opt/anaconda3/lib/python3.12/site-packages/airflow/example_dags/example_xcom.py
[2025-04-13T13:07:45.081-0400] {processor.py:840} INFO - DAG(s) 'example_xcom' retrieved from /opt/anaconda3/lib/python3.12/site-packages/airflow/example_dags/example_xcom.py
[2025-04-13T13:07:45.118-0400] {logging_mixin.py:188} INFO - [2025-04-13T13:07:45.118-0400] {dag.py:3096} INFO - Sync 1 DAGs
[2025-04-13T13:07:45.123-0400] {logging_mixin.py:188} INFO - [2025-04-13T13:07:45.123-0400] {dag.py:3954} INFO - Setting next_dagrun for example_xcom to 2021-01-01 00:00:00+00:00, run_after=2021-01-01 00:00:00+00:00
[2025-04-13T13:07:45.129-0400] {processor.py:183} INFO - Processing /opt/anaconda3/lib/python3.12/site-packages/airflow/example_dags/example_xcom.py took 0.064 seconds
[2025-04-13T13:09:24.850-0400] {processor.py:161} INFO - Started process (PID=35046) to work on /opt/anaconda3/lib/python3.12/site-packages/airflow/example_dags/example_xcom.py
[2025-04-13T13:09:24.851-0400] {processor.py:830} INFO - Processing file /opt/anaconda3/lib/python3.12/site-packages/airflow/example_dags/example_xcom.py for tasks to queue
[2025-04-13T13:09:24.851-0400] {logging_mixin.py:188} INFO - [2025-04-13T13:09:24.851-0400] {dagbag.py:540} INFO - Filling up the DagBag from /opt/anaconda3/lib/python3.12/site-packages/airflow/example_dags/example_xcom.py
[2025-04-13T13:09:24.866-0400] {processor.py:840} INFO - DAG(s) 'example_xcom' retrieved from /opt/anaconda3/lib/python3.12/site-packages/airflow/example_dags/example_xcom.py
[2025-04-13T13:09:24.902-0400] {logging_mixin.py:188} INFO - [2025-04-13T13:09:24.902-0400] {dag.py:3096} INFO - Sync 1 DAGs
[2025-04-13T13:09:24.907-0400] {logging_mixin.py:188} INFO - [2025-04-13T13:09:24.907-0400] {dag.py:3954} INFO - Setting next_dagrun for example_xcom to 2021-01-01 00:00:00+00:00, run_after=2021-01-01 00:00:00+00:00
[2025-04-13T13:09:24.913-0400] {processor.py:183} INFO - Processing /opt/anaconda3/lib/python3.12/site-packages/airflow/example_dags/example_xcom.py took 0.063 seconds
[2025-04-13T13:15:18.440-0400] {processor.py:161} INFO - Started process (PID=37193) to work on /opt/anaconda3/lib/python3.12/site-packages/airflow/example_dags/example_xcom.py
[2025-04-13T13:15:18.441-0400] {processor.py:830} INFO - Processing file /opt/anaconda3/lib/python3.12/site-packages/airflow/example_dags/example_xcom.py for tasks to queue
[2025-04-13T13:15:18.441-0400] {logging_mixin.py:188} INFO - [2025-04-13T13:15:18.441-0400] {dagbag.py:540} INFO - Filling up the DagBag from /opt/anaconda3/lib/python3.12/site-packages/airflow/example_dags/example_xcom.py
[2025-04-13T13:15:18.456-0400] {processor.py:840} INFO - DAG(s) 'example_xcom' retrieved from /opt/anaconda3/lib/python3.12/site-packages/airflow/example_dags/example_xcom.py
[2025-04-13T13:15:18.492-0400] {logging_mixin.py:188} INFO - [2025-04-13T13:15:18.492-0400] {dag.py:3096} INFO - Sync 1 DAGs
[2025-04-13T13:15:18.499-0400] {logging_mixin.py:188} INFO - [2025-04-13T13:15:18.499-0400] {dag.py:3954} INFO - Setting next_dagrun for example_xcom to 2021-01-01 00:00:00+00:00, run_after=2021-01-01 00:00:00+00:00
[2025-04-13T13:15:18.505-0400] {processor.py:183} INFO - Processing /opt/anaconda3/lib/python3.12/site-packages/airflow/example_dags/example_xcom.py took 0.065 seconds
[2025-04-13T13:18:58.127-0400] {processor.py:161} INFO - Started process (PID=38668) to work on /opt/anaconda3/lib/python3.12/site-packages/airflow/example_dags/example_xcom.py
[2025-04-13T13:18:58.128-0400] {processor.py:830} INFO - Processing file /opt/anaconda3/lib/python3.12/site-packages/airflow/example_dags/example_xcom.py for tasks to queue
[2025-04-13T13:18:58.128-0400] {logging_mixin.py:188} INFO - [2025-04-13T13:18:58.128-0400] {dagbag.py:540} INFO - Filling up the DagBag from /opt/anaconda3/lib/python3.12/site-packages/airflow/example_dags/example_xcom.py
[2025-04-13T13:18:58.142-0400] {processor.py:840} INFO - DAG(s) 'example_xcom' retrieved from /opt/anaconda3/lib/python3.12/site-packages/airflow/example_dags/example_xcom.py
[2025-04-13T13:18:58.205-0400] {logging_mixin.py:188} INFO - [2025-04-13T13:18:58.205-0400] {dag.py:3096} INFO - Sync 1 DAGs
[2025-04-13T13:18:58.209-0400] {logging_mixin.py:188} INFO - [2025-04-13T13:18:58.209-0400] {dag.py:3954} INFO - Setting next_dagrun for example_xcom to 2021-01-01 00:00:00+00:00, run_after=2021-01-01 00:00:00+00:00
[2025-04-13T13:18:58.216-0400] {processor.py:183} INFO - Processing /opt/anaconda3/lib/python3.12/site-packages/airflow/example_dags/example_xcom.py took 0.090 seconds
[2025-04-13T13:21:13.474-0400] {processor.py:161} INFO - Started process (PID=39699) to work on /opt/anaconda3/lib/python3.12/site-packages/airflow/example_dags/example_xcom.py
[2025-04-13T13:21:13.475-0400] {processor.py:830} INFO - Processing file /opt/anaconda3/lib/python3.12/site-packages/airflow/example_dags/example_xcom.py for tasks to queue
[2025-04-13T13:21:13.475-0400] {logging_mixin.py:188} INFO - [2025-04-13T13:21:13.475-0400] {dagbag.py:540} INFO - Filling up the DagBag from /opt/anaconda3/lib/python3.12/site-packages/airflow/example_dags/example_xcom.py
[2025-04-13T13:21:13.490-0400] {processor.py:840} INFO - DAG(s) 'example_xcom' retrieved from /opt/anaconda3/lib/python3.12/site-packages/airflow/example_dags/example_xcom.py
[2025-04-13T13:21:13.553-0400] {logging_mixin.py:188} INFO - [2025-04-13T13:21:13.553-0400] {dag.py:3096} INFO - Sync 1 DAGs
[2025-04-13T13:21:13.557-0400] {logging_mixin.py:188} INFO - [2025-04-13T13:21:13.557-0400] {dag.py:3954} INFO - Setting next_dagrun for example_xcom to 2021-01-01 00:00:00+00:00, run_after=2021-01-01 00:00:00+00:00
[2025-04-13T13:21:13.564-0400] {processor.py:183} INFO - Processing /opt/anaconda3/lib/python3.12/site-packages/airflow/example_dags/example_xcom.py took 0.091 seconds
[2025-04-13T13:23:27.045-0400] {processor.py:161} INFO - Started process (PID=40610) to work on /opt/anaconda3/lib/python3.12/site-packages/airflow/example_dags/example_xcom.py
[2025-04-13T13:23:27.046-0400] {processor.py:830} INFO - Processing file /opt/anaconda3/lib/python3.12/site-packages/airflow/example_dags/example_xcom.py for tasks to queue
[2025-04-13T13:23:27.046-0400] {logging_mixin.py:188} INFO - [2025-04-13T13:23:27.046-0400] {dagbag.py:540} INFO - Filling up the DagBag from /opt/anaconda3/lib/python3.12/site-packages/airflow/example_dags/example_xcom.py
[2025-04-13T13:23:27.060-0400] {processor.py:840} INFO - DAG(s) 'example_xcom' retrieved from /opt/anaconda3/lib/python3.12/site-packages/airflow/example_dags/example_xcom.py
[2025-04-13T13:23:27.096-0400] {logging_mixin.py:188} INFO - [2025-04-13T13:23:27.096-0400] {dag.py:3096} INFO - Sync 1 DAGs
[2025-04-13T13:23:27.101-0400] {logging_mixin.py:188} INFO - [2025-04-13T13:23:27.101-0400] {dag.py:3954} INFO - Setting next_dagrun for example_xcom to 2021-01-01 00:00:00+00:00, run_after=2021-01-01 00:00:00+00:00
[2025-04-13T13:23:27.107-0400] {processor.py:183} INFO - Processing /opt/anaconda3/lib/python3.12/site-packages/airflow/example_dags/example_xcom.py took 0.063 seconds
[2025-04-13T13:25:06.339-0400] {processor.py:161} INFO - Started process (PID=41284) to work on /opt/anaconda3/lib/python3.12/site-packages/airflow/example_dags/example_xcom.py
[2025-04-13T13:25:06.341-0400] {processor.py:830} INFO - Processing file /opt/anaconda3/lib/python3.12/site-packages/airflow/example_dags/example_xcom.py for tasks to queue
[2025-04-13T13:25:06.341-0400] {logging_mixin.py:188} INFO - [2025-04-13T13:25:06.341-0400] {dagbag.py:540} INFO - Filling up the DagBag from /opt/anaconda3/lib/python3.12/site-packages/airflow/example_dags/example_xcom.py
[2025-04-13T13:25:06.355-0400] {processor.py:840} INFO - DAG(s) 'example_xcom' retrieved from /opt/anaconda3/lib/python3.12/site-packages/airflow/example_dags/example_xcom.py
[2025-04-13T13:25:06.390-0400] {logging_mixin.py:188} INFO - [2025-04-13T13:25:06.390-0400] {dag.py:3096} INFO - Sync 1 DAGs
[2025-04-13T13:25:06.395-0400] {logging_mixin.py:188} INFO - [2025-04-13T13:25:06.395-0400] {dag.py:3954} INFO - Setting next_dagrun for example_xcom to 2021-01-01 00:00:00+00:00, run_after=2021-01-01 00:00:00+00:00
[2025-04-13T13:25:06.401-0400] {processor.py:183} INFO - Processing /opt/anaconda3/lib/python3.12/site-packages/airflow/example_dags/example_xcom.py took 0.062 seconds
[2025-04-13T13:26:13.196-0400] {processor.py:161} INFO - Started process (PID=41716) to work on /opt/anaconda3/lib/python3.12/site-packages/airflow/example_dags/example_xcom.py
[2025-04-13T13:26:13.197-0400] {processor.py:830} INFO - Processing file /opt/anaconda3/lib/python3.12/site-packages/airflow/example_dags/example_xcom.py for tasks to queue
[2025-04-13T13:26:13.197-0400] {logging_mixin.py:188} INFO - [2025-04-13T13:26:13.197-0400] {dagbag.py:540} INFO - Filling up the DagBag from /opt/anaconda3/lib/python3.12/site-packages/airflow/example_dags/example_xcom.py
[2025-04-13T13:26:13.212-0400] {processor.py:840} INFO - DAG(s) 'example_xcom' retrieved from /opt/anaconda3/lib/python3.12/site-packages/airflow/example_dags/example_xcom.py
[2025-04-13T13:26:13.247-0400] {logging_mixin.py:188} INFO - [2025-04-13T13:26:13.247-0400] {dag.py:3096} INFO - Sync 1 DAGs
[2025-04-13T13:26:13.252-0400] {logging_mixin.py:188} INFO - [2025-04-13T13:26:13.252-0400] {dag.py:3954} INFO - Setting next_dagrun for example_xcom to 2021-01-01 00:00:00+00:00, run_after=2021-01-01 00:00:00+00:00
[2025-04-13T13:26:13.257-0400] {processor.py:183} INFO - Processing /opt/anaconda3/lib/python3.12/site-packages/airflow/example_dags/example_xcom.py took 0.062 seconds
[2025-04-13T13:27:14.609-0400] {processor.py:161} INFO - Started process (PID=42132) to work on /opt/anaconda3/lib/python3.12/site-packages/airflow/example_dags/example_xcom.py
[2025-04-13T13:27:14.609-0400] {processor.py:830} INFO - Processing file /opt/anaconda3/lib/python3.12/site-packages/airflow/example_dags/example_xcom.py for tasks to queue
[2025-04-13T13:27:14.609-0400] {logging_mixin.py:188} INFO - [2025-04-13T13:27:14.609-0400] {dagbag.py:540} INFO - Filling up the DagBag from /opt/anaconda3/lib/python3.12/site-packages/airflow/example_dags/example_xcom.py
[2025-04-13T13:27:14.625-0400] {processor.py:840} INFO - DAG(s) 'example_xcom' retrieved from /opt/anaconda3/lib/python3.12/site-packages/airflow/example_dags/example_xcom.py
[2025-04-13T13:27:14.661-0400] {logging_mixin.py:188} INFO - [2025-04-13T13:27:14.661-0400] {dag.py:3096} INFO - Sync 1 DAGs
[2025-04-13T13:27:14.666-0400] {logging_mixin.py:188} INFO - [2025-04-13T13:27:14.666-0400] {dag.py:3954} INFO - Setting next_dagrun for example_xcom to 2021-01-01 00:00:00+00:00, run_after=2021-01-01 00:00:00+00:00
[2025-04-13T13:27:14.672-0400] {processor.py:183} INFO - Processing /opt/anaconda3/lib/python3.12/site-packages/airflow/example_dags/example_xcom.py took 0.064 seconds
[2025-04-13T13:28:18.061-0400] {processor.py:161} INFO - Started process (PID=42558) to work on /opt/anaconda3/lib/python3.12/site-packages/airflow/example_dags/example_xcom.py
[2025-04-13T13:28:18.062-0400] {processor.py:830} INFO - Processing file /opt/anaconda3/lib/python3.12/site-packages/airflow/example_dags/example_xcom.py for tasks to queue
[2025-04-13T13:28:18.063-0400] {logging_mixin.py:188} INFO - [2025-04-13T13:28:18.063-0400] {dagbag.py:540} INFO - Filling up the DagBag from /opt/anaconda3/lib/python3.12/site-packages/airflow/example_dags/example_xcom.py
[2025-04-13T13:28:18.077-0400] {processor.py:840} INFO - DAG(s) 'example_xcom' retrieved from /opt/anaconda3/lib/python3.12/site-packages/airflow/example_dags/example_xcom.py
[2025-04-13T13:28:18.112-0400] {logging_mixin.py:188} INFO - [2025-04-13T13:28:18.112-0400] {dag.py:3096} INFO - Sync 1 DAGs
[2025-04-13T13:28:18.117-0400] {logging_mixin.py:188} INFO - [2025-04-13T13:28:18.117-0400] {dag.py:3954} INFO - Setting next_dagrun for example_xcom to 2021-01-01 00:00:00+00:00, run_after=2021-01-01 00:00:00+00:00
[2025-04-13T13:28:18.123-0400] {processor.py:183} INFO - Processing /opt/anaconda3/lib/python3.12/site-packages/airflow/example_dags/example_xcom.py took 0.062 seconds
[2025-04-13T13:29:27.071-0400] {processor.py:161} INFO - Started process (PID=43006) to work on /opt/anaconda3/lib/python3.12/site-packages/airflow/example_dags/example_xcom.py
[2025-04-13T13:29:27.071-0400] {processor.py:830} INFO - Processing file /opt/anaconda3/lib/python3.12/site-packages/airflow/example_dags/example_xcom.py for tasks to queue
[2025-04-13T13:29:27.072-0400] {logging_mixin.py:188} INFO - [2025-04-13T13:29:27.072-0400] {dagbag.py:540} INFO - Filling up the DagBag from /opt/anaconda3/lib/python3.12/site-packages/airflow/example_dags/example_xcom.py
[2025-04-13T13:29:27.087-0400] {processor.py:840} INFO - DAG(s) 'example_xcom' retrieved from /opt/anaconda3/lib/python3.12/site-packages/airflow/example_dags/example_xcom.py
[2025-04-13T13:29:27.122-0400] {logging_mixin.py:188} INFO - [2025-04-13T13:29:27.122-0400] {dag.py:3096} INFO - Sync 1 DAGs
[2025-04-13T13:29:27.127-0400] {logging_mixin.py:188} INFO - [2025-04-13T13:29:27.127-0400] {dag.py:3954} INFO - Setting next_dagrun for example_xcom to 2021-01-01 00:00:00+00:00, run_after=2021-01-01 00:00:00+00:00
[2025-04-13T13:29:27.132-0400] {processor.py:183} INFO - Processing /opt/anaconda3/lib/python3.12/site-packages/airflow/example_dags/example_xcom.py took 0.063 seconds
[2025-04-13T13:31:43.469-0400] {processor.py:161} INFO - Started process (PID=43893) to work on /opt/anaconda3/lib/python3.12/site-packages/airflow/example_dags/example_xcom.py
[2025-04-13T13:31:43.470-0400] {processor.py:830} INFO - Processing file /opt/anaconda3/lib/python3.12/site-packages/airflow/example_dags/example_xcom.py for tasks to queue
[2025-04-13T13:31:43.470-0400] {logging_mixin.py:188} INFO - [2025-04-13T13:31:43.470-0400] {dagbag.py:540} INFO - Filling up the DagBag from /opt/anaconda3/lib/python3.12/site-packages/airflow/example_dags/example_xcom.py
[2025-04-13T13:31:43.485-0400] {processor.py:840} INFO - DAG(s) 'example_xcom' retrieved from /opt/anaconda3/lib/python3.12/site-packages/airflow/example_dags/example_xcom.py
[2025-04-13T13:31:43.521-0400] {logging_mixin.py:188} INFO - [2025-04-13T13:31:43.521-0400] {dag.py:3096} INFO - Sync 1 DAGs
[2025-04-13T13:31:43.527-0400] {logging_mixin.py:188} INFO - [2025-04-13T13:31:43.526-0400] {dag.py:3954} INFO - Setting next_dagrun for example_xcom to 2021-01-01 00:00:00+00:00, run_after=2021-01-01 00:00:00+00:00
[2025-04-13T13:31:43.532-0400] {processor.py:183} INFO - Processing /opt/anaconda3/lib/python3.12/site-packages/airflow/example_dags/example_xcom.py took 0.065 seconds
[2025-04-13T13:33:21.083-0400] {processor.py:161} INFO - Started process (PID=44537) to work on /opt/anaconda3/lib/python3.12/site-packages/airflow/example_dags/example_xcom.py
[2025-04-13T13:33:21.084-0400] {processor.py:830} INFO - Processing file /opt/anaconda3/lib/python3.12/site-packages/airflow/example_dags/example_xcom.py for tasks to queue
[2025-04-13T13:33:21.084-0400] {logging_mixin.py:188} INFO - [2025-04-13T13:33:21.084-0400] {dagbag.py:540} INFO - Filling up the DagBag from /opt/anaconda3/lib/python3.12/site-packages/airflow/example_dags/example_xcom.py
[2025-04-13T13:33:21.099-0400] {processor.py:840} INFO - DAG(s) 'example_xcom' retrieved from /opt/anaconda3/lib/python3.12/site-packages/airflow/example_dags/example_xcom.py
[2025-04-13T13:33:21.135-0400] {logging_mixin.py:188} INFO - [2025-04-13T13:33:21.135-0400] {dag.py:3096} INFO - Sync 1 DAGs
[2025-04-13T13:33:21.140-0400] {logging_mixin.py:188} INFO - [2025-04-13T13:33:21.140-0400] {dag.py:3954} INFO - Setting next_dagrun for example_xcom to 2021-01-01 00:00:00+00:00, run_after=2021-01-01 00:00:00+00:00
[2025-04-13T13:33:21.146-0400] {processor.py:183} INFO - Processing /opt/anaconda3/lib/python3.12/site-packages/airflow/example_dags/example_xcom.py took 0.064 seconds
[2025-04-13T13:36:06.798-0400] {processor.py:161} INFO - Started process (PID=45085) to work on /opt/anaconda3/lib/python3.12/site-packages/airflow/example_dags/example_xcom.py
[2025-04-13T13:36:06.799-0400] {processor.py:830} INFO - Processing file /opt/anaconda3/lib/python3.12/site-packages/airflow/example_dags/example_xcom.py for tasks to queue
[2025-04-13T13:36:06.799-0400] {logging_mixin.py:188} INFO - [2025-04-13T13:36:06.799-0400] {dagbag.py:540} INFO - Filling up the DagBag from /opt/anaconda3/lib/python3.12/site-packages/airflow/example_dags/example_xcom.py
[2025-04-13T13:36:06.813-0400] {processor.py:840} INFO - DAG(s) 'example_xcom' retrieved from /opt/anaconda3/lib/python3.12/site-packages/airflow/example_dags/example_xcom.py
[2025-04-13T13:36:06.848-0400] {logging_mixin.py:188} INFO - [2025-04-13T13:36:06.848-0400] {dag.py:3096} INFO - Sync 1 DAGs
[2025-04-13T13:36:06.853-0400] {logging_mixin.py:188} INFO - [2025-04-13T13:36:06.853-0400] {dag.py:3954} INFO - Setting next_dagrun for example_xcom to 2021-01-01 00:00:00+00:00, run_after=2021-01-01 00:00:00+00:00
[2025-04-13T13:36:06.859-0400] {processor.py:183} INFO - Processing /opt/anaconda3/lib/python3.12/site-packages/airflow/example_dags/example_xcom.py took 0.062 seconds
[2025-04-13T13:37:31.308-0400] {processor.py:161} INFO - Started process (PID=45650) to work on /opt/anaconda3/lib/python3.12/site-packages/airflow/example_dags/example_xcom.py
[2025-04-13T13:37:31.309-0400] {processor.py:830} INFO - Processing file /opt/anaconda3/lib/python3.12/site-packages/airflow/example_dags/example_xcom.py for tasks to queue
[2025-04-13T13:37:31.309-0400] {logging_mixin.py:188} INFO - [2025-04-13T13:37:31.309-0400] {dagbag.py:540} INFO - Filling up the DagBag from /opt/anaconda3/lib/python3.12/site-packages/airflow/example_dags/example_xcom.py
[2025-04-13T13:37:31.323-0400] {processor.py:840} INFO - DAG(s) 'example_xcom' retrieved from /opt/anaconda3/lib/python3.12/site-packages/airflow/example_dags/example_xcom.py
[2025-04-13T13:37:31.358-0400] {logging_mixin.py:188} INFO - [2025-04-13T13:37:31.358-0400] {dag.py:3096} INFO - Sync 1 DAGs
[2025-04-13T13:37:31.362-0400] {logging_mixin.py:188} INFO - [2025-04-13T13:37:31.362-0400] {dag.py:3954} INFO - Setting next_dagrun for example_xcom to 2021-01-01 00:00:00+00:00, run_after=2021-01-01 00:00:00+00:00
[2025-04-13T13:37:31.368-0400] {processor.py:183} INFO - Processing /opt/anaconda3/lib/python3.12/site-packages/airflow/example_dags/example_xcom.py took 0.061 seconds
[2025-04-13T13:38:38.920-0400] {processor.py:161} INFO - Started process (PID=46099) to work on /opt/anaconda3/lib/python3.12/site-packages/airflow/example_dags/example_xcom.py
[2025-04-13T13:38:38.921-0400] {processor.py:830} INFO - Processing file /opt/anaconda3/lib/python3.12/site-packages/airflow/example_dags/example_xcom.py for tasks to queue
[2025-04-13T13:38:38.921-0400] {logging_mixin.py:188} INFO - [2025-04-13T13:38:38.921-0400] {dagbag.py:540} INFO - Filling up the DagBag from /opt/anaconda3/lib/python3.12/site-packages/airflow/example_dags/example_xcom.py
[2025-04-13T13:38:38.936-0400] {processor.py:840} INFO - DAG(s) 'example_xcom' retrieved from /opt/anaconda3/lib/python3.12/site-packages/airflow/example_dags/example_xcom.py
[2025-04-13T13:38:38.971-0400] {logging_mixin.py:188} INFO - [2025-04-13T13:38:38.971-0400] {dag.py:3096} INFO - Sync 1 DAGs
[2025-04-13T13:38:38.976-0400] {logging_mixin.py:188} INFO - [2025-04-13T13:38:38.976-0400] {dag.py:3954} INFO - Setting next_dagrun for example_xcom to 2021-01-01 00:00:00+00:00, run_after=2021-01-01 00:00:00+00:00
[2025-04-13T13:38:38.982-0400] {processor.py:183} INFO - Processing /opt/anaconda3/lib/python3.12/site-packages/airflow/example_dags/example_xcom.py took 0.062 seconds
[2025-04-13T13:39:47.454-0400] {processor.py:161} INFO - Started process (PID=46549) to work on /opt/anaconda3/lib/python3.12/site-packages/airflow/example_dags/example_xcom.py
[2025-04-13T13:39:47.455-0400] {processor.py:830} INFO - Processing file /opt/anaconda3/lib/python3.12/site-packages/airflow/example_dags/example_xcom.py for tasks to queue
[2025-04-13T13:39:47.456-0400] {logging_mixin.py:188} INFO - [2025-04-13T13:39:47.456-0400] {dagbag.py:540} INFO - Filling up the DagBag from /opt/anaconda3/lib/python3.12/site-packages/airflow/example_dags/example_xcom.py
[2025-04-13T13:39:47.471-0400] {processor.py:840} INFO - DAG(s) 'example_xcom' retrieved from /opt/anaconda3/lib/python3.12/site-packages/airflow/example_dags/example_xcom.py
[2025-04-13T13:39:47.509-0400] {logging_mixin.py:188} INFO - [2025-04-13T13:39:47.509-0400] {dag.py:3096} INFO - Sync 1 DAGs
[2025-04-13T13:39:47.514-0400] {logging_mixin.py:188} INFO - [2025-04-13T13:39:47.514-0400] {dag.py:3954} INFO - Setting next_dagrun for example_xcom to 2021-01-01 00:00:00+00:00, run_after=2021-01-01 00:00:00+00:00
[2025-04-13T13:39:47.519-0400] {processor.py:183} INFO - Processing /opt/anaconda3/lib/python3.12/site-packages/airflow/example_dags/example_xcom.py took 0.066 seconds
[2025-04-13T13:40:52.341-0400] {processor.py:161} INFO - Started process (PID=47018) to work on /opt/anaconda3/lib/python3.12/site-packages/airflow/example_dags/example_xcom.py
[2025-04-13T13:40:52.342-0400] {processor.py:830} INFO - Processing file /opt/anaconda3/lib/python3.12/site-packages/airflow/example_dags/example_xcom.py for tasks to queue
[2025-04-13T13:40:52.342-0400] {logging_mixin.py:188} INFO - [2025-04-13T13:40:52.342-0400] {dagbag.py:540} INFO - Filling up the DagBag from /opt/anaconda3/lib/python3.12/site-packages/airflow/example_dags/example_xcom.py
[2025-04-13T13:40:52.356-0400] {processor.py:840} INFO - DAG(s) 'example_xcom' retrieved from /opt/anaconda3/lib/python3.12/site-packages/airflow/example_dags/example_xcom.py
[2025-04-13T13:40:52.391-0400] {logging_mixin.py:188} INFO - [2025-04-13T13:40:52.391-0400] {dag.py:3096} INFO - Sync 1 DAGs
[2025-04-13T13:40:52.396-0400] {logging_mixin.py:188} INFO - [2025-04-13T13:40:52.396-0400] {dag.py:3954} INFO - Setting next_dagrun for example_xcom to 2021-01-01 00:00:00+00:00, run_after=2021-01-01 00:00:00+00:00
[2025-04-13T13:40:52.402-0400] {processor.py:183} INFO - Processing /opt/anaconda3/lib/python3.12/site-packages/airflow/example_dags/example_xcom.py took 0.061 seconds
[2025-04-13T13:41:57.933-0400] {processor.py:161} INFO - Started process (PID=47463) to work on /opt/anaconda3/lib/python3.12/site-packages/airflow/example_dags/example_xcom.py
[2025-04-13T13:41:57.934-0400] {processor.py:830} INFO - Processing file /opt/anaconda3/lib/python3.12/site-packages/airflow/example_dags/example_xcom.py for tasks to queue
[2025-04-13T13:41:57.934-0400] {logging_mixin.py:188} INFO - [2025-04-13T13:41:57.934-0400] {dagbag.py:540} INFO - Filling up the DagBag from /opt/anaconda3/lib/python3.12/site-packages/airflow/example_dags/example_xcom.py
[2025-04-13T13:41:57.948-0400] {processor.py:840} INFO - DAG(s) 'example_xcom' retrieved from /opt/anaconda3/lib/python3.12/site-packages/airflow/example_dags/example_xcom.py
[2025-04-13T13:41:57.984-0400] {logging_mixin.py:188} INFO - [2025-04-13T13:41:57.983-0400] {dag.py:3096} INFO - Sync 1 DAGs
[2025-04-13T13:41:57.988-0400] {logging_mixin.py:188} INFO - [2025-04-13T13:41:57.988-0400] {dag.py:3954} INFO - Setting next_dagrun for example_xcom to 2021-01-01 00:00:00+00:00, run_after=2021-01-01 00:00:00+00:00
[2025-04-13T13:41:57.994-0400] {processor.py:183} INFO - Processing /opt/anaconda3/lib/python3.12/site-packages/airflow/example_dags/example_xcom.py took 0.062 seconds
[2025-04-13T13:43:03.423-0400] {processor.py:161} INFO - Started process (PID=47904) to work on /opt/anaconda3/lib/python3.12/site-packages/airflow/example_dags/example_xcom.py
[2025-04-13T13:43:03.424-0400] {processor.py:830} INFO - Processing file /opt/anaconda3/lib/python3.12/site-packages/airflow/example_dags/example_xcom.py for tasks to queue
[2025-04-13T13:43:03.425-0400] {logging_mixin.py:188} INFO - [2025-04-13T13:43:03.425-0400] {dagbag.py:540} INFO - Filling up the DagBag from /opt/anaconda3/lib/python3.12/site-packages/airflow/example_dags/example_xcom.py
[2025-04-13T13:43:03.439-0400] {processor.py:840} INFO - DAG(s) 'example_xcom' retrieved from /opt/anaconda3/lib/python3.12/site-packages/airflow/example_dags/example_xcom.py
[2025-04-13T13:43:03.475-0400] {logging_mixin.py:188} INFO - [2025-04-13T13:43:03.475-0400] {dag.py:3096} INFO - Sync 1 DAGs
[2025-04-13T13:43:03.479-0400] {logging_mixin.py:188} INFO - [2025-04-13T13:43:03.479-0400] {dag.py:3954} INFO - Setting next_dagrun for example_xcom to 2021-01-01 00:00:00+00:00, run_after=2021-01-01 00:00:00+00:00
[2025-04-13T13:43:03.485-0400] {processor.py:183} INFO - Processing /opt/anaconda3/lib/python3.12/site-packages/airflow/example_dags/example_xcom.py took 0.063 seconds
[2025-04-13T13:44:09.423-0400] {processor.py:161} INFO - Started process (PID=48353) to work on /opt/anaconda3/lib/python3.12/site-packages/airflow/example_dags/example_xcom.py
[2025-04-13T13:44:09.424-0400] {processor.py:830} INFO - Processing file /opt/anaconda3/lib/python3.12/site-packages/airflow/example_dags/example_xcom.py for tasks to queue
[2025-04-13T13:44:09.424-0400] {logging_mixin.py:188} INFO - [2025-04-13T13:44:09.424-0400] {dagbag.py:540} INFO - Filling up the DagBag from /opt/anaconda3/lib/python3.12/site-packages/airflow/example_dags/example_xcom.py
[2025-04-13T13:44:09.439-0400] {processor.py:840} INFO - DAG(s) 'example_xcom' retrieved from /opt/anaconda3/lib/python3.12/site-packages/airflow/example_dags/example_xcom.py
[2025-04-13T13:44:09.474-0400] {logging_mixin.py:188} INFO - [2025-04-13T13:44:09.474-0400] {dag.py:3096} INFO - Sync 1 DAGs
[2025-04-13T13:44:09.479-0400] {logging_mixin.py:188} INFO - [2025-04-13T13:44:09.479-0400] {dag.py:3954} INFO - Setting next_dagrun for example_xcom to 2021-01-01 00:00:00+00:00, run_after=2021-01-01 00:00:00+00:00
[2025-04-13T13:44:09.485-0400] {processor.py:183} INFO - Processing /opt/anaconda3/lib/python3.12/site-packages/airflow/example_dags/example_xcom.py took 0.063 seconds
[2025-04-13T13:45:15.181-0400] {processor.py:161} INFO - Started process (PID=48790) to work on /opt/anaconda3/lib/python3.12/site-packages/airflow/example_dags/example_xcom.py
[2025-04-13T13:45:15.182-0400] {processor.py:830} INFO - Processing file /opt/anaconda3/lib/python3.12/site-packages/airflow/example_dags/example_xcom.py for tasks to queue
[2025-04-13T13:45:15.182-0400] {logging_mixin.py:188} INFO - [2025-04-13T13:45:15.182-0400] {dagbag.py:540} INFO - Filling up the DagBag from /opt/anaconda3/lib/python3.12/site-packages/airflow/example_dags/example_xcom.py
[2025-04-13T13:45:15.196-0400] {processor.py:840} INFO - DAG(s) 'example_xcom' retrieved from /opt/anaconda3/lib/python3.12/site-packages/airflow/example_dags/example_xcom.py
[2025-04-13T13:45:15.232-0400] {logging_mixin.py:188} INFO - [2025-04-13T13:45:15.232-0400] {dag.py:3096} INFO - Sync 1 DAGs
[2025-04-13T13:45:15.237-0400] {logging_mixin.py:188} INFO - [2025-04-13T13:45:15.237-0400] {dag.py:3954} INFO - Setting next_dagrun for example_xcom to 2021-01-01 00:00:00+00:00, run_after=2021-01-01 00:00:00+00:00
[2025-04-13T13:45:15.243-0400] {processor.py:183} INFO - Processing /opt/anaconda3/lib/python3.12/site-packages/airflow/example_dags/example_xcom.py took 0.063 seconds
[2025-04-13T13:46:26.164-0400] {processor.py:161} INFO - Started process (PID=49267) to work on /opt/anaconda3/lib/python3.12/site-packages/airflow/example_dags/example_xcom.py
[2025-04-13T13:46:26.164-0400] {processor.py:830} INFO - Processing file /opt/anaconda3/lib/python3.12/site-packages/airflow/example_dags/example_xcom.py for tasks to queue
[2025-04-13T13:46:26.164-0400] {logging_mixin.py:188} INFO - [2025-04-13T13:46:26.164-0400] {dagbag.py:540} INFO - Filling up the DagBag from /opt/anaconda3/lib/python3.12/site-packages/airflow/example_dags/example_xcom.py
[2025-04-13T13:46:26.179-0400] {processor.py:840} INFO - DAG(s) 'example_xcom' retrieved from /opt/anaconda3/lib/python3.12/site-packages/airflow/example_dags/example_xcom.py
[2025-04-13T13:46:26.214-0400] {logging_mixin.py:188} INFO - [2025-04-13T13:46:26.214-0400] {dag.py:3096} INFO - Sync 1 DAGs
[2025-04-13T13:46:26.219-0400] {logging_mixin.py:188} INFO - [2025-04-13T13:46:26.219-0400] {dag.py:3954} INFO - Setting next_dagrun for example_xcom to 2021-01-01 00:00:00+00:00, run_after=2021-01-01 00:00:00+00:00
[2025-04-13T13:46:26.225-0400] {processor.py:183} INFO - Processing /opt/anaconda3/lib/python3.12/site-packages/airflow/example_dags/example_xcom.py took 0.062 seconds
[2025-04-13T13:47:38.706-0400] {processor.py:161} INFO - Started process (PID=49746) to work on /opt/anaconda3/lib/python3.12/site-packages/airflow/example_dags/example_xcom.py
[2025-04-13T13:47:38.707-0400] {processor.py:830} INFO - Processing file /opt/anaconda3/lib/python3.12/site-packages/airflow/example_dags/example_xcom.py for tasks to queue
[2025-04-13T13:47:38.707-0400] {logging_mixin.py:188} INFO - [2025-04-13T13:47:38.707-0400] {dagbag.py:540} INFO - Filling up the DagBag from /opt/anaconda3/lib/python3.12/site-packages/airflow/example_dags/example_xcom.py
[2025-04-13T13:47:38.722-0400] {processor.py:840} INFO - DAG(s) 'example_xcom' retrieved from /opt/anaconda3/lib/python3.12/site-packages/airflow/example_dags/example_xcom.py
[2025-04-13T13:47:38.758-0400] {logging_mixin.py:188} INFO - [2025-04-13T13:47:38.758-0400] {dag.py:3096} INFO - Sync 1 DAGs
[2025-04-13T13:47:38.763-0400] {logging_mixin.py:188} INFO - [2025-04-13T13:47:38.762-0400] {dag.py:3954} INFO - Setting next_dagrun for example_xcom to 2021-01-01 00:00:00+00:00, run_after=2021-01-01 00:00:00+00:00
[2025-04-13T13:47:38.769-0400] {processor.py:183} INFO - Processing /opt/anaconda3/lib/python3.12/site-packages/airflow/example_dags/example_xcom.py took 0.064 seconds
[2025-04-13T13:48:50.010-0400] {processor.py:161} INFO - Started process (PID=50217) to work on /opt/anaconda3/lib/python3.12/site-packages/airflow/example_dags/example_xcom.py
[2025-04-13T13:48:50.012-0400] {processor.py:830} INFO - Processing file /opt/anaconda3/lib/python3.12/site-packages/airflow/example_dags/example_xcom.py for tasks to queue
[2025-04-13T13:48:50.012-0400] {logging_mixin.py:188} INFO - [2025-04-13T13:48:50.012-0400] {dagbag.py:540} INFO - Filling up the DagBag from /opt/anaconda3/lib/python3.12/site-packages/airflow/example_dags/example_xcom.py
[2025-04-13T13:48:50.026-0400] {processor.py:840} INFO - DAG(s) 'example_xcom' retrieved from /opt/anaconda3/lib/python3.12/site-packages/airflow/example_dags/example_xcom.py
[2025-04-13T13:48:50.062-0400] {logging_mixin.py:188} INFO - [2025-04-13T13:48:50.062-0400] {dag.py:3096} INFO - Sync 1 DAGs
[2025-04-13T13:48:50.067-0400] {logging_mixin.py:188} INFO - [2025-04-13T13:48:50.067-0400] {dag.py:3954} INFO - Setting next_dagrun for example_xcom to 2021-01-01 00:00:00+00:00, run_after=2021-01-01 00:00:00+00:00
[2025-04-13T13:48:50.073-0400] {processor.py:183} INFO - Processing /opt/anaconda3/lib/python3.12/site-packages/airflow/example_dags/example_xcom.py took 0.063 seconds
[2025-04-13T13:49:59.664-0400] {processor.py:161} INFO - Started process (PID=50661) to work on /opt/anaconda3/lib/python3.12/site-packages/airflow/example_dags/example_xcom.py
[2025-04-13T13:49:59.665-0400] {processor.py:830} INFO - Processing file /opt/anaconda3/lib/python3.12/site-packages/airflow/example_dags/example_xcom.py for tasks to queue
[2025-04-13T13:49:59.665-0400] {logging_mixin.py:188} INFO - [2025-04-13T13:49:59.665-0400] {dagbag.py:540} INFO - Filling up the DagBag from /opt/anaconda3/lib/python3.12/site-packages/airflow/example_dags/example_xcom.py
[2025-04-13T13:49:59.680-0400] {processor.py:840} INFO - DAG(s) 'example_xcom' retrieved from /opt/anaconda3/lib/python3.12/site-packages/airflow/example_dags/example_xcom.py
[2025-04-13T13:49:59.717-0400] {logging_mixin.py:188} INFO - [2025-04-13T13:49:59.717-0400] {dag.py:3096} INFO - Sync 1 DAGs
[2025-04-13T13:49:59.722-0400] {logging_mixin.py:188} INFO - [2025-04-13T13:49:59.722-0400] {dag.py:3954} INFO - Setting next_dagrun for example_xcom to 2021-01-01 00:00:00+00:00, run_after=2021-01-01 00:00:00+00:00
[2025-04-13T13:49:59.728-0400] {processor.py:183} INFO - Processing /opt/anaconda3/lib/python3.12/site-packages/airflow/example_dags/example_xcom.py took 0.065 seconds
[2025-04-13T13:51:10.191-0400] {processor.py:161} INFO - Started process (PID=51157) to work on /opt/anaconda3/lib/python3.12/site-packages/airflow/example_dags/example_xcom.py
[2025-04-13T13:51:10.191-0400] {processor.py:830} INFO - Processing file /opt/anaconda3/lib/python3.12/site-packages/airflow/example_dags/example_xcom.py for tasks to queue
[2025-04-13T13:51:10.191-0400] {logging_mixin.py:188} INFO - [2025-04-13T13:51:10.191-0400] {dagbag.py:540} INFO - Filling up the DagBag from /opt/anaconda3/lib/python3.12/site-packages/airflow/example_dags/example_xcom.py
[2025-04-13T13:51:10.209-0400] {processor.py:840} INFO - DAG(s) 'example_xcom' retrieved from /opt/anaconda3/lib/python3.12/site-packages/airflow/example_dags/example_xcom.py
[2025-04-13T13:51:10.245-0400] {logging_mixin.py:188} INFO - [2025-04-13T13:51:10.245-0400] {dag.py:3096} INFO - Sync 1 DAGs
[2025-04-13T13:51:10.250-0400] {logging_mixin.py:188} INFO - [2025-04-13T13:51:10.250-0400] {dag.py:3954} INFO - Setting next_dagrun for example_xcom to 2021-01-01 00:00:00+00:00, run_after=2021-01-01 00:00:00+00:00
[2025-04-13T13:51:10.256-0400] {processor.py:183} INFO - Processing /opt/anaconda3/lib/python3.12/site-packages/airflow/example_dags/example_xcom.py took 0.066 seconds
[2025-04-13T13:52:17.289-0400] {processor.py:161} INFO - Started process (PID=51615) to work on /opt/anaconda3/lib/python3.12/site-packages/airflow/example_dags/example_xcom.py
[2025-04-13T13:52:17.290-0400] {processor.py:830} INFO - Processing file /opt/anaconda3/lib/python3.12/site-packages/airflow/example_dags/example_xcom.py for tasks to queue
[2025-04-13T13:52:17.290-0400] {logging_mixin.py:188} INFO - [2025-04-13T13:52:17.290-0400] {dagbag.py:540} INFO - Filling up the DagBag from /opt/anaconda3/lib/python3.12/site-packages/airflow/example_dags/example_xcom.py
[2025-04-13T13:52:17.304-0400] {processor.py:840} INFO - DAG(s) 'example_xcom' retrieved from /opt/anaconda3/lib/python3.12/site-packages/airflow/example_dags/example_xcom.py
[2025-04-13T13:52:17.339-0400] {logging_mixin.py:188} INFO - [2025-04-13T13:52:17.339-0400] {dag.py:3096} INFO - Sync 1 DAGs
[2025-04-13T13:52:17.344-0400] {logging_mixin.py:188} INFO - [2025-04-13T13:52:17.344-0400] {dag.py:3954} INFO - Setting next_dagrun for example_xcom to 2021-01-01 00:00:00+00:00, run_after=2021-01-01 00:00:00+00:00
[2025-04-13T13:52:17.349-0400] {processor.py:183} INFO - Processing /opt/anaconda3/lib/python3.12/site-packages/airflow/example_dags/example_xcom.py took 0.061 seconds
[2025-04-13T13:53:28.219-0400] {processor.py:161} INFO - Started process (PID=52079) to work on /opt/anaconda3/lib/python3.12/site-packages/airflow/example_dags/example_xcom.py
[2025-04-13T13:53:28.220-0400] {processor.py:830} INFO - Processing file /opt/anaconda3/lib/python3.12/site-packages/airflow/example_dags/example_xcom.py for tasks to queue
[2025-04-13T13:53:28.220-0400] {logging_mixin.py:188} INFO - [2025-04-13T13:53:28.220-0400] {dagbag.py:540} INFO - Filling up the DagBag from /opt/anaconda3/lib/python3.12/site-packages/airflow/example_dags/example_xcom.py
[2025-04-13T13:53:28.234-0400] {processor.py:840} INFO - DAG(s) 'example_xcom' retrieved from /opt/anaconda3/lib/python3.12/site-packages/airflow/example_dags/example_xcom.py
[2025-04-13T13:53:28.269-0400] {logging_mixin.py:188} INFO - [2025-04-13T13:53:28.269-0400] {dag.py:3096} INFO - Sync 1 DAGs
[2025-04-13T13:53:28.274-0400] {logging_mixin.py:188} INFO - [2025-04-13T13:53:28.273-0400] {dag.py:3954} INFO - Setting next_dagrun for example_xcom to 2021-01-01 00:00:00+00:00, run_after=2021-01-01 00:00:00+00:00
[2025-04-13T13:53:28.279-0400] {processor.py:183} INFO - Processing /opt/anaconda3/lib/python3.12/site-packages/airflow/example_dags/example_xcom.py took 0.061 seconds
[2025-04-13T13:54:37.733-0400] {processor.py:161} INFO - Started process (PID=52542) to work on /opt/anaconda3/lib/python3.12/site-packages/airflow/example_dags/example_xcom.py
[2025-04-13T13:54:37.734-0400] {processor.py:830} INFO - Processing file /opt/anaconda3/lib/python3.12/site-packages/airflow/example_dags/example_xcom.py for tasks to queue
[2025-04-13T13:54:37.734-0400] {logging_mixin.py:188} INFO - [2025-04-13T13:54:37.734-0400] {dagbag.py:540} INFO - Filling up the DagBag from /opt/anaconda3/lib/python3.12/site-packages/airflow/example_dags/example_xcom.py
[2025-04-13T13:54:37.749-0400] {processor.py:840} INFO - DAG(s) 'example_xcom' retrieved from /opt/anaconda3/lib/python3.12/site-packages/airflow/example_dags/example_xcom.py
[2025-04-13T13:54:37.784-0400] {logging_mixin.py:188} INFO - [2025-04-13T13:54:37.784-0400] {dag.py:3096} INFO - Sync 1 DAGs
[2025-04-13T13:54:37.789-0400] {logging_mixin.py:188} INFO - [2025-04-13T13:54:37.789-0400] {dag.py:3954} INFO - Setting next_dagrun for example_xcom to 2021-01-01 00:00:00+00:00, run_after=2021-01-01 00:00:00+00:00
[2025-04-13T13:54:37.794-0400] {processor.py:183} INFO - Processing /opt/anaconda3/lib/python3.12/site-packages/airflow/example_dags/example_xcom.py took 0.062 seconds
[2025-04-13T13:55:43.715-0400] {processor.py:161} INFO - Started process (PID=52982) to work on /opt/anaconda3/lib/python3.12/site-packages/airflow/example_dags/example_xcom.py
[2025-04-13T13:55:43.715-0400] {processor.py:830} INFO - Processing file /opt/anaconda3/lib/python3.12/site-packages/airflow/example_dags/example_xcom.py for tasks to queue
[2025-04-13T13:55:43.716-0400] {logging_mixin.py:188} INFO - [2025-04-13T13:55:43.716-0400] {dagbag.py:540} INFO - Filling up the DagBag from /opt/anaconda3/lib/python3.12/site-packages/airflow/example_dags/example_xcom.py
[2025-04-13T13:55:43.730-0400] {processor.py:840} INFO - DAG(s) 'example_xcom' retrieved from /opt/anaconda3/lib/python3.12/site-packages/airflow/example_dags/example_xcom.py
[2025-04-13T13:55:43.766-0400] {logging_mixin.py:188} INFO - [2025-04-13T13:55:43.766-0400] {dag.py:3096} INFO - Sync 1 DAGs
[2025-04-13T13:55:43.770-0400] {logging_mixin.py:188} INFO - [2025-04-13T13:55:43.770-0400] {dag.py:3954} INFO - Setting next_dagrun for example_xcom to 2021-01-01 00:00:00+00:00, run_after=2021-01-01 00:00:00+00:00
[2025-04-13T13:55:43.776-0400] {processor.py:183} INFO - Processing /opt/anaconda3/lib/python3.12/site-packages/airflow/example_dags/example_xcom.py took 0.063 seconds
[2025-04-13T13:56:53.164-0400] {processor.py:161} INFO - Started process (PID=53470) to work on /opt/anaconda3/lib/python3.12/site-packages/airflow/example_dags/example_xcom.py
[2025-04-13T13:56:53.164-0400] {processor.py:830} INFO - Processing file /opt/anaconda3/lib/python3.12/site-packages/airflow/example_dags/example_xcom.py for tasks to queue
[2025-04-13T13:56:53.164-0400] {logging_mixin.py:188} INFO - [2025-04-13T13:56:53.164-0400] {dagbag.py:540} INFO - Filling up the DagBag from /opt/anaconda3/lib/python3.12/site-packages/airflow/example_dags/example_xcom.py
[2025-04-13T13:56:53.181-0400] {processor.py:840} INFO - DAG(s) 'example_xcom' retrieved from /opt/anaconda3/lib/python3.12/site-packages/airflow/example_dags/example_xcom.py
[2025-04-13T13:56:53.220-0400] {logging_mixin.py:188} INFO - [2025-04-13T13:56:53.220-0400] {dag.py:3096} INFO - Sync 1 DAGs
[2025-04-13T13:56:53.225-0400] {logging_mixin.py:188} INFO - [2025-04-13T13:56:53.225-0400] {dag.py:3954} INFO - Setting next_dagrun for example_xcom to 2021-01-01 00:00:00+00:00, run_after=2021-01-01 00:00:00+00:00
[2025-04-13T13:56:53.231-0400] {processor.py:183} INFO - Processing /opt/anaconda3/lib/python3.12/site-packages/airflow/example_dags/example_xcom.py took 0.068 seconds
[2025-04-13T13:58:01.685-0400] {processor.py:161} INFO - Started process (PID=53934) to work on /opt/anaconda3/lib/python3.12/site-packages/airflow/example_dags/example_xcom.py
[2025-04-13T13:58:01.686-0400] {processor.py:830} INFO - Processing file /opt/anaconda3/lib/python3.12/site-packages/airflow/example_dags/example_xcom.py for tasks to queue
[2025-04-13T13:58:01.686-0400] {logging_mixin.py:188} INFO - [2025-04-13T13:58:01.686-0400] {dagbag.py:540} INFO - Filling up the DagBag from /opt/anaconda3/lib/python3.12/site-packages/airflow/example_dags/example_xcom.py
[2025-04-13T13:58:01.700-0400] {processor.py:840} INFO - DAG(s) 'example_xcom' retrieved from /opt/anaconda3/lib/python3.12/site-packages/airflow/example_dags/example_xcom.py
[2025-04-13T13:58:01.735-0400] {logging_mixin.py:188} INFO - [2025-04-13T13:58:01.735-0400] {dag.py:3096} INFO - Sync 1 DAGs
[2025-04-13T13:58:01.740-0400] {logging_mixin.py:188} INFO - [2025-04-13T13:58:01.740-0400] {dag.py:3954} INFO - Setting next_dagrun for example_xcom to 2021-01-01 00:00:00+00:00, run_after=2021-01-01 00:00:00+00:00
[2025-04-13T13:58:01.746-0400] {processor.py:183} INFO - Processing /opt/anaconda3/lib/python3.12/site-packages/airflow/example_dags/example_xcom.py took 0.062 seconds
[2025-04-13T13:59:08.110-0400] {processor.py:161} INFO - Started process (PID=54425) to work on /opt/anaconda3/lib/python3.12/site-packages/airflow/example_dags/example_xcom.py
[2025-04-13T13:59:08.110-0400] {processor.py:830} INFO - Processing file /opt/anaconda3/lib/python3.12/site-packages/airflow/example_dags/example_xcom.py for tasks to queue
[2025-04-13T13:59:08.110-0400] {logging_mixin.py:188} INFO - [2025-04-13T13:59:08.110-0400] {dagbag.py:540} INFO - Filling up the DagBag from /opt/anaconda3/lib/python3.12/site-packages/airflow/example_dags/example_xcom.py
[2025-04-13T13:59:08.125-0400] {processor.py:840} INFO - DAG(s) 'example_xcom' retrieved from /opt/anaconda3/lib/python3.12/site-packages/airflow/example_dags/example_xcom.py
[2025-04-13T13:59:08.160-0400] {logging_mixin.py:188} INFO - [2025-04-13T13:59:08.160-0400] {dag.py:3096} INFO - Sync 1 DAGs
[2025-04-13T13:59:08.165-0400] {logging_mixin.py:188} INFO - [2025-04-13T13:59:08.165-0400] {dag.py:3954} INFO - Setting next_dagrun for example_xcom to 2021-01-01 00:00:00+00:00, run_after=2021-01-01 00:00:00+00:00
[2025-04-13T13:59:08.171-0400] {processor.py:183} INFO - Processing /opt/anaconda3/lib/python3.12/site-packages/airflow/example_dags/example_xcom.py took 0.062 seconds
[2025-04-13T14:00:14.451-0400] {processor.py:161} INFO - Started process (PID=54880) to work on /opt/anaconda3/lib/python3.12/site-packages/airflow/example_dags/example_xcom.py
[2025-04-13T14:00:14.452-0400] {processor.py:830} INFO - Processing file /opt/anaconda3/lib/python3.12/site-packages/airflow/example_dags/example_xcom.py for tasks to queue
[2025-04-13T14:00:14.452-0400] {logging_mixin.py:188} INFO - [2025-04-13T14:00:14.452-0400] {dagbag.py:540} INFO - Filling up the DagBag from /opt/anaconda3/lib/python3.12/site-packages/airflow/example_dags/example_xcom.py
[2025-04-13T14:00:14.467-0400] {processor.py:840} INFO - DAG(s) 'example_xcom' retrieved from /opt/anaconda3/lib/python3.12/site-packages/airflow/example_dags/example_xcom.py
[2025-04-13T14:00:14.503-0400] {logging_mixin.py:188} INFO - [2025-04-13T14:00:14.503-0400] {dag.py:3096} INFO - Sync 1 DAGs
[2025-04-13T14:00:14.508-0400] {logging_mixin.py:188} INFO - [2025-04-13T14:00:14.508-0400] {dag.py:3954} INFO - Setting next_dagrun for example_xcom to 2021-01-01 00:00:00+00:00, run_after=2021-01-01 00:00:00+00:00
[2025-04-13T14:00:14.514-0400] {processor.py:183} INFO - Processing /opt/anaconda3/lib/python3.12/site-packages/airflow/example_dags/example_xcom.py took 0.064 seconds
[2025-04-13T14:01:24.175-0400] {processor.py:161} INFO - Started process (PID=55351) to work on /opt/anaconda3/lib/python3.12/site-packages/airflow/example_dags/example_xcom.py
[2025-04-13T14:01:24.176-0400] {processor.py:830} INFO - Processing file /opt/anaconda3/lib/python3.12/site-packages/airflow/example_dags/example_xcom.py for tasks to queue
[2025-04-13T14:01:24.176-0400] {logging_mixin.py:188} INFO - [2025-04-13T14:01:24.176-0400] {dagbag.py:540} INFO - Filling up the DagBag from /opt/anaconda3/lib/python3.12/site-packages/airflow/example_dags/example_xcom.py
[2025-04-13T14:01:24.191-0400] {processor.py:840} INFO - DAG(s) 'example_xcom' retrieved from /opt/anaconda3/lib/python3.12/site-packages/airflow/example_dags/example_xcom.py
[2025-04-13T14:01:24.225-0400] {logging_mixin.py:188} INFO - [2025-04-13T14:01:24.225-0400] {dag.py:3096} INFO - Sync 1 DAGs
[2025-04-13T14:01:24.230-0400] {logging_mixin.py:188} INFO - [2025-04-13T14:01:24.230-0400] {dag.py:3954} INFO - Setting next_dagrun for example_xcom to 2021-01-01 00:00:00+00:00, run_after=2021-01-01 00:00:00+00:00
[2025-04-13T14:01:24.236-0400] {processor.py:183} INFO - Processing /opt/anaconda3/lib/python3.12/site-packages/airflow/example_dags/example_xcom.py took 0.062 seconds
[2025-04-13T14:02:33.954-0400] {processor.py:161} INFO - Started process (PID=55841) to work on /opt/anaconda3/lib/python3.12/site-packages/airflow/example_dags/example_xcom.py
[2025-04-13T14:02:33.955-0400] {processor.py:830} INFO - Processing file /opt/anaconda3/lib/python3.12/site-packages/airflow/example_dags/example_xcom.py for tasks to queue
[2025-04-13T14:02:33.955-0400] {logging_mixin.py:188} INFO - [2025-04-13T14:02:33.955-0400] {dagbag.py:540} INFO - Filling up the DagBag from /opt/anaconda3/lib/python3.12/site-packages/airflow/example_dags/example_xcom.py
[2025-04-13T14:02:33.973-0400] {processor.py:840} INFO - DAG(s) 'example_xcom' retrieved from /opt/anaconda3/lib/python3.12/site-packages/airflow/example_dags/example_xcom.py
[2025-04-13T14:02:34.008-0400] {logging_mixin.py:188} INFO - [2025-04-13T14:02:34.008-0400] {dag.py:3096} INFO - Sync 1 DAGs
[2025-04-13T14:02:34.013-0400] {logging_mixin.py:188} INFO - [2025-04-13T14:02:34.013-0400] {dag.py:3954} INFO - Setting next_dagrun for example_xcom to 2021-01-01 00:00:00+00:00, run_after=2021-01-01 00:00:00+00:00
[2025-04-13T14:02:34.019-0400] {processor.py:183} INFO - Processing /opt/anaconda3/lib/python3.12/site-packages/airflow/example_dags/example_xcom.py took 0.066 seconds
