[2025-04-13T13:08:48.445-0400] {processor.py:161} INFO - Started process (PID=34798) to work on /opt/anaconda3/lib/python3.12/site-packages/airflow/example_dags/example_branch_operator_decorator.py
[2025-04-13T13:08:48.445-0400] {processor.py:830} INFO - Processing file /opt/anaconda3/lib/python3.12/site-packages/airflow/example_dags/example_branch_operator_decorator.py for tasks to queue
[2025-04-13T13:08:48.446-0400] {logging_mixin.py:188} INFO - [2025-04-13T13:08:48.446-0400] {dagbag.py:540} INFO - Filling up the DagBag from /opt/anaconda3/lib/python3.12/site-packages/airflow/example_dags/example_branch_operator_decorator.py
[2025-04-13T13:08:48.464-0400] {processor.py:840} INFO - DAG(s) 'example_branch_python_operator_decorator' retrieved from /opt/anaconda3/lib/python3.12/site-packages/airflow/example_dags/example_branch_operator_decorator.py
[2025-04-13T13:08:48.531-0400] {logging_mixin.py:188} INFO - [2025-04-13T13:08:48.530-0400] {override.py:1930} INFO - Created Permission View: can read on DAG:example_branch_python_operator_decorator
[2025-04-13T13:08:48.533-0400] {logging_mixin.py:188} INFO - [2025-04-13T13:08:48.533-0400] {override.py:1930} INFO - Created Permission View: can edit on DAG:example_branch_python_operator_decorator
[2025-04-13T13:08:48.535-0400] {logging_mixin.py:188} INFO - [2025-04-13T13:08:48.535-0400] {override.py:1930} INFO - Created Permission View: can delete on DAG:example_branch_python_operator_decorator
[2025-04-13T13:08:48.535-0400] {logging_mixin.py:188} INFO - [2025-04-13T13:08:48.535-0400] {dag.py:3096} INFO - Sync 1 DAGs
[2025-04-13T13:08:48.538-0400] {logging_mixin.py:188} INFO - [2025-04-13T13:08:48.538-0400] {dag.py:3118} INFO - Creating ORM DAG for example_branch_python_operator_decorator
[2025-04-13T13:08:48.541-0400] {logging_mixin.py:188} INFO - [2025-04-13T13:08:48.541-0400] {dag.py:3954} INFO - Setting next_dagrun for example_branch_python_operator_decorator to 2025-04-12 00:00:00+00:00, run_after=2025-04-13 00:00:00+00:00
[2025-04-13T13:08:48.546-0400] {processor.py:183} INFO - Processing /opt/anaconda3/lib/python3.12/site-packages/airflow/example_dags/example_branch_operator_decorator.py took 0.102 seconds
[2025-04-13T13:16:20.632-0400] {processor.py:161} INFO - Started process (PID=37650) to work on /opt/anaconda3/lib/python3.12/site-packages/airflow/example_dags/example_branch_operator_decorator.py
[2025-04-13T13:16:20.632-0400] {processor.py:830} INFO - Processing file /opt/anaconda3/lib/python3.12/site-packages/airflow/example_dags/example_branch_operator_decorator.py for tasks to queue
[2025-04-13T13:16:20.633-0400] {logging_mixin.py:188} INFO - [2025-04-13T13:16:20.633-0400] {dagbag.py:540} INFO - Filling up the DagBag from /opt/anaconda3/lib/python3.12/site-packages/airflow/example_dags/example_branch_operator_decorator.py
[2025-04-13T13:16:20.652-0400] {processor.py:840} INFO - DAG(s) 'example_branch_python_operator_decorator' retrieved from /opt/anaconda3/lib/python3.12/site-packages/airflow/example_dags/example_branch_operator_decorator.py
[2025-04-13T13:16:20.727-0400] {logging_mixin.py:188} INFO - [2025-04-13T13:16:20.727-0400] {dag.py:3096} INFO - Sync 1 DAGs
[2025-04-13T13:16:20.732-0400] {logging_mixin.py:188} INFO - [2025-04-13T13:16:20.732-0400] {dag.py:3954} INFO - Setting next_dagrun for example_branch_python_operator_decorator to 2025-04-12 00:00:00+00:00, run_after=2025-04-13 00:00:00+00:00
[2025-04-13T13:16:20.738-0400] {processor.py:183} INFO - Processing /opt/anaconda3/lib/python3.12/site-packages/airflow/example_dags/example_branch_operator_decorator.py took 0.107 seconds
[2025-04-13T13:20:01.671-0400] {processor.py:161} INFO - Started process (PID=39163) to work on /opt/anaconda3/lib/python3.12/site-packages/airflow/example_dags/example_branch_operator_decorator.py
[2025-04-13T13:20:01.672-0400] {processor.py:830} INFO - Processing file /opt/anaconda3/lib/python3.12/site-packages/airflow/example_dags/example_branch_operator_decorator.py for tasks to queue
[2025-04-13T13:20:01.672-0400] {logging_mixin.py:188} INFO - [2025-04-13T13:20:01.672-0400] {dagbag.py:540} INFO - Filling up the DagBag from /opt/anaconda3/lib/python3.12/site-packages/airflow/example_dags/example_branch_operator_decorator.py
[2025-04-13T13:20:01.691-0400] {processor.py:840} INFO - DAG(s) 'example_branch_python_operator_decorator' retrieved from /opt/anaconda3/lib/python3.12/site-packages/airflow/example_dags/example_branch_operator_decorator.py
[2025-04-13T13:20:01.756-0400] {logging_mixin.py:188} INFO - [2025-04-13T13:20:01.755-0400] {dag.py:3096} INFO - Sync 1 DAGs
[2025-04-13T13:20:01.760-0400] {logging_mixin.py:188} INFO - [2025-04-13T13:20:01.760-0400] {dag.py:3954} INFO - Setting next_dagrun for example_branch_python_operator_decorator to 2025-04-12 00:00:00+00:00, run_after=2025-04-13 00:00:00+00:00
[2025-04-13T13:20:01.767-0400] {processor.py:183} INFO - Processing /opt/anaconda3/lib/python3.12/site-packages/airflow/example_dags/example_branch_operator_decorator.py took 0.097 seconds
[2025-04-13T13:24:30.784-0400] {processor.py:161} INFO - Started process (PID=41025) to work on /opt/anaconda3/lib/python3.12/site-packages/airflow/example_dags/example_branch_operator_decorator.py
[2025-04-13T13:24:30.785-0400] {processor.py:830} INFO - Processing file /opt/anaconda3/lib/python3.12/site-packages/airflow/example_dags/example_branch_operator_decorator.py for tasks to queue
[2025-04-13T13:24:30.785-0400] {logging_mixin.py:188} INFO - [2025-04-13T13:24:30.785-0400] {dagbag.py:540} INFO - Filling up the DagBag from /opt/anaconda3/lib/python3.12/site-packages/airflow/example_dags/example_branch_operator_decorator.py
[2025-04-13T13:24:30.803-0400] {processor.py:840} INFO - DAG(s) 'example_branch_python_operator_decorator' retrieved from /opt/anaconda3/lib/python3.12/site-packages/airflow/example_dags/example_branch_operator_decorator.py
[2025-04-13T13:24:30.866-0400] {logging_mixin.py:188} INFO - [2025-04-13T13:24:30.866-0400] {dag.py:3096} INFO - Sync 1 DAGs
[2025-04-13T13:24:30.871-0400] {logging_mixin.py:188} INFO - [2025-04-13T13:24:30.871-0400] {dag.py:3954} INFO - Setting next_dagrun for example_branch_python_operator_decorator to 2025-04-12 00:00:00+00:00, run_after=2025-04-13 00:00:00+00:00
[2025-04-13T13:24:30.878-0400] {processor.py:183} INFO - Processing /opt/anaconda3/lib/python3.12/site-packages/airflow/example_dags/example_branch_operator_decorator.py took 0.095 seconds
[2025-04-13T13:26:39.620-0400] {processor.py:161} INFO - Started process (PID=41892) to work on /opt/anaconda3/lib/python3.12/site-packages/airflow/example_dags/example_branch_operator_decorator.py
[2025-04-13T13:26:39.621-0400] {processor.py:830} INFO - Processing file /opt/anaconda3/lib/python3.12/site-packages/airflow/example_dags/example_branch_operator_decorator.py for tasks to queue
[2025-04-13T13:26:39.621-0400] {logging_mixin.py:188} INFO - [2025-04-13T13:26:39.621-0400] {dagbag.py:540} INFO - Filling up the DagBag from /opt/anaconda3/lib/python3.12/site-packages/airflow/example_dags/example_branch_operator_decorator.py
[2025-04-13T13:26:39.639-0400] {processor.py:840} INFO - DAG(s) 'example_branch_python_operator_decorator' retrieved from /opt/anaconda3/lib/python3.12/site-packages/airflow/example_dags/example_branch_operator_decorator.py
[2025-04-13T13:26:39.704-0400] {logging_mixin.py:188} INFO - [2025-04-13T13:26:39.704-0400] {dag.py:3096} INFO - Sync 1 DAGs
[2025-04-13T13:26:39.709-0400] {logging_mixin.py:188} INFO - [2025-04-13T13:26:39.709-0400] {dag.py:3954} INFO - Setting next_dagrun for example_branch_python_operator_decorator to 2025-04-12 00:00:00+00:00, run_after=2025-04-13 00:00:00+00:00
[2025-04-13T13:26:39.715-0400] {processor.py:183} INFO - Processing /opt/anaconda3/lib/python3.12/site-packages/airflow/example_dags/example_branch_operator_decorator.py took 0.097 seconds
[2025-04-13T13:28:51.176-0400] {processor.py:161} INFO - Started process (PID=42765) to work on /opt/anaconda3/lib/python3.12/site-packages/airflow/example_dags/example_branch_operator_decorator.py
[2025-04-13T13:28:51.177-0400] {processor.py:830} INFO - Processing file /opt/anaconda3/lib/python3.12/site-packages/airflow/example_dags/example_branch_operator_decorator.py for tasks to queue
[2025-04-13T13:28:51.177-0400] {logging_mixin.py:188} INFO - [2025-04-13T13:28:51.177-0400] {dagbag.py:540} INFO - Filling up the DagBag from /opt/anaconda3/lib/python3.12/site-packages/airflow/example_dags/example_branch_operator_decorator.py
[2025-04-13T13:28:51.195-0400] {processor.py:840} INFO - DAG(s) 'example_branch_python_operator_decorator' retrieved from /opt/anaconda3/lib/python3.12/site-packages/airflow/example_dags/example_branch_operator_decorator.py
[2025-04-13T13:28:51.259-0400] {logging_mixin.py:188} INFO - [2025-04-13T13:28:51.259-0400] {dag.py:3096} INFO - Sync 1 DAGs
[2025-04-13T13:28:51.264-0400] {logging_mixin.py:188} INFO - [2025-04-13T13:28:51.264-0400] {dag.py:3954} INFO - Setting next_dagrun for example_branch_python_operator_decorator to 2025-04-12 00:00:00+00:00, run_after=2025-04-13 00:00:00+00:00
[2025-04-13T13:28:51.270-0400] {processor.py:183} INFO - Processing /opt/anaconda3/lib/python3.12/site-packages/airflow/example_dags/example_branch_operator_decorator.py took 0.095 seconds
[2025-04-13T13:32:46.266-0400] {processor.py:161} INFO - Started process (PID=44307) to work on /opt/anaconda3/lib/python3.12/site-packages/airflow/example_dags/example_branch_operator_decorator.py
[2025-04-13T13:32:46.267-0400] {processor.py:830} INFO - Processing file /opt/anaconda3/lib/python3.12/site-packages/airflow/example_dags/example_branch_operator_decorator.py for tasks to queue
[2025-04-13T13:32:46.267-0400] {logging_mixin.py:188} INFO - [2025-04-13T13:32:46.267-0400] {dagbag.py:540} INFO - Filling up the DagBag from /opt/anaconda3/lib/python3.12/site-packages/airflow/example_dags/example_branch_operator_decorator.py
[2025-04-13T13:32:46.285-0400] {processor.py:840} INFO - DAG(s) 'example_branch_python_operator_decorator' retrieved from /opt/anaconda3/lib/python3.12/site-packages/airflow/example_dags/example_branch_operator_decorator.py
[2025-04-13T13:32:46.350-0400] {logging_mixin.py:188} INFO - [2025-04-13T13:32:46.350-0400] {dag.py:3096} INFO - Sync 1 DAGs
[2025-04-13T13:32:46.355-0400] {logging_mixin.py:188} INFO - [2025-04-13T13:32:46.355-0400] {dag.py:3954} INFO - Setting next_dagrun for example_branch_python_operator_decorator to 2025-04-12 00:00:00+00:00, run_after=2025-04-13 00:00:00+00:00
[2025-04-13T13:32:46.362-0400] {processor.py:183} INFO - Processing /opt/anaconda3/lib/python3.12/site-packages/airflow/example_dags/example_branch_operator_decorator.py took 0.096 seconds
[2025-04-13T13:36:53.827-0400] {processor.py:161} INFO - Started process (PID=45407) to work on /opt/anaconda3/lib/python3.12/site-packages/airflow/example_dags/example_branch_operator_decorator.py
[2025-04-13T13:36:53.828-0400] {processor.py:830} INFO - Processing file /opt/anaconda3/lib/python3.12/site-packages/airflow/example_dags/example_branch_operator_decorator.py for tasks to queue
[2025-04-13T13:36:53.828-0400] {logging_mixin.py:188} INFO - [2025-04-13T13:36:53.828-0400] {dagbag.py:540} INFO - Filling up the DagBag from /opt/anaconda3/lib/python3.12/site-packages/airflow/example_dags/example_branch_operator_decorator.py
[2025-04-13T13:36:53.846-0400] {processor.py:840} INFO - DAG(s) 'example_branch_python_operator_decorator' retrieved from /opt/anaconda3/lib/python3.12/site-packages/airflow/example_dags/example_branch_operator_decorator.py
[2025-04-13T13:36:53.912-0400] {logging_mixin.py:188} INFO - [2025-04-13T13:36:53.911-0400] {dag.py:3096} INFO - Sync 1 DAGs
[2025-04-13T13:36:53.917-0400] {logging_mixin.py:188} INFO - [2025-04-13T13:36:53.917-0400] {dag.py:3954} INFO - Setting next_dagrun for example_branch_python_operator_decorator to 2025-04-12 00:00:00+00:00, run_after=2025-04-13 00:00:00+00:00
[2025-04-13T13:36:53.923-0400] {processor.py:183} INFO - Processing /opt/anaconda3/lib/python3.12/site-packages/airflow/example_dags/example_branch_operator_decorator.py took 0.097 seconds
[2025-04-13T13:39:10.772-0400] {processor.py:161} INFO - Started process (PID=46311) to work on /opt/anaconda3/lib/python3.12/site-packages/airflow/example_dags/example_branch_operator_decorator.py
[2025-04-13T13:39:10.773-0400] {processor.py:830} INFO - Processing file /opt/anaconda3/lib/python3.12/site-packages/airflow/example_dags/example_branch_operator_decorator.py for tasks to queue
[2025-04-13T13:39:10.773-0400] {logging_mixin.py:188} INFO - [2025-04-13T13:39:10.773-0400] {dagbag.py:540} INFO - Filling up the DagBag from /opt/anaconda3/lib/python3.12/site-packages/airflow/example_dags/example_branch_operator_decorator.py
[2025-04-13T13:39:10.791-0400] {processor.py:840} INFO - DAG(s) 'example_branch_python_operator_decorator' retrieved from /opt/anaconda3/lib/python3.12/site-packages/airflow/example_dags/example_branch_operator_decorator.py
[2025-04-13T13:39:10.856-0400] {logging_mixin.py:188} INFO - [2025-04-13T13:39:10.856-0400] {dag.py:3096} INFO - Sync 1 DAGs
[2025-04-13T13:39:10.861-0400] {logging_mixin.py:188} INFO - [2025-04-13T13:39:10.861-0400] {dag.py:3954} INFO - Setting next_dagrun for example_branch_python_operator_decorator to 2025-04-12 00:00:00+00:00, run_after=2025-04-13 00:00:00+00:00
[2025-04-13T13:39:10.867-0400] {processor.py:183} INFO - Processing /opt/anaconda3/lib/python3.12/site-packages/airflow/example_dags/example_branch_operator_decorator.py took 0.096 seconds
[2025-04-13T13:41:22.427-0400] {processor.py:161} INFO - Started process (PID=47223) to work on /opt/anaconda3/lib/python3.12/site-packages/airflow/example_dags/example_branch_operator_decorator.py
[2025-04-13T13:41:22.428-0400] {processor.py:830} INFO - Processing file /opt/anaconda3/lib/python3.12/site-packages/airflow/example_dags/example_branch_operator_decorator.py for tasks to queue
[2025-04-13T13:41:22.428-0400] {logging_mixin.py:188} INFO - [2025-04-13T13:41:22.428-0400] {dagbag.py:540} INFO - Filling up the DagBag from /opt/anaconda3/lib/python3.12/site-packages/airflow/example_dags/example_branch_operator_decorator.py
[2025-04-13T13:41:22.446-0400] {processor.py:840} INFO - DAG(s) 'example_branch_python_operator_decorator' retrieved from /opt/anaconda3/lib/python3.12/site-packages/airflow/example_dags/example_branch_operator_decorator.py
[2025-04-13T13:41:22.511-0400] {logging_mixin.py:188} INFO - [2025-04-13T13:41:22.511-0400] {dag.py:3096} INFO - Sync 1 DAGs
[2025-04-13T13:41:22.516-0400] {logging_mixin.py:188} INFO - [2025-04-13T13:41:22.516-0400] {dag.py:3954} INFO - Setting next_dagrun for example_branch_python_operator_decorator to 2025-04-12 00:00:00+00:00, run_after=2025-04-13 00:00:00+00:00
[2025-04-13T13:41:22.522-0400] {processor.py:183} INFO - Processing /opt/anaconda3/lib/python3.12/site-packages/airflow/example_dags/example_branch_operator_decorator.py took 0.096 seconds
[2025-04-13T13:43:35.181-0400] {processor.py:161} INFO - Started process (PID=48110) to work on /opt/anaconda3/lib/python3.12/site-packages/airflow/example_dags/example_branch_operator_decorator.py
[2025-04-13T13:43:35.182-0400] {processor.py:830} INFO - Processing file /opt/anaconda3/lib/python3.12/site-packages/airflow/example_dags/example_branch_operator_decorator.py for tasks to queue
[2025-04-13T13:43:35.182-0400] {logging_mixin.py:188} INFO - [2025-04-13T13:43:35.182-0400] {dagbag.py:540} INFO - Filling up the DagBag from /opt/anaconda3/lib/python3.12/site-packages/airflow/example_dags/example_branch_operator_decorator.py
[2025-04-13T13:43:35.200-0400] {processor.py:840} INFO - DAG(s) 'example_branch_python_operator_decorator' retrieved from /opt/anaconda3/lib/python3.12/site-packages/airflow/example_dags/example_branch_operator_decorator.py
[2025-04-13T13:43:35.265-0400] {logging_mixin.py:188} INFO - [2025-04-13T13:43:35.265-0400] {dag.py:3096} INFO - Sync 1 DAGs
[2025-04-13T13:43:35.270-0400] {logging_mixin.py:188} INFO - [2025-04-13T13:43:35.270-0400] {dag.py:3954} INFO - Setting next_dagrun for example_branch_python_operator_decorator to 2025-04-12 00:00:00+00:00, run_after=2025-04-13 00:00:00+00:00
[2025-04-13T13:43:35.276-0400] {processor.py:183} INFO - Processing /opt/anaconda3/lib/python3.12/site-packages/airflow/example_dags/example_branch_operator_decorator.py took 0.096 seconds
[2025-04-13T13:45:47.853-0400] {processor.py:161} INFO - Started process (PID=49015) to work on /opt/anaconda3/lib/python3.12/site-packages/airflow/example_dags/example_branch_operator_decorator.py
[2025-04-13T13:45:47.854-0400] {processor.py:830} INFO - Processing file /opt/anaconda3/lib/python3.12/site-packages/airflow/example_dags/example_branch_operator_decorator.py for tasks to queue
[2025-04-13T13:45:47.854-0400] {logging_mixin.py:188} INFO - [2025-04-13T13:45:47.854-0400] {dagbag.py:540} INFO - Filling up the DagBag from /opt/anaconda3/lib/python3.12/site-packages/airflow/example_dags/example_branch_operator_decorator.py
[2025-04-13T13:45:47.872-0400] {processor.py:840} INFO - DAG(s) 'example_branch_python_operator_decorator' retrieved from /opt/anaconda3/lib/python3.12/site-packages/airflow/example_dags/example_branch_operator_decorator.py
[2025-04-13T13:45:47.938-0400] {logging_mixin.py:188} INFO - [2025-04-13T13:45:47.937-0400] {dag.py:3096} INFO - Sync 1 DAGs
[2025-04-13T13:45:47.944-0400] {logging_mixin.py:188} INFO - [2025-04-13T13:45:47.944-0400] {dag.py:3954} INFO - Setting next_dagrun for example_branch_python_operator_decorator to 2025-04-12 00:00:00+00:00, run_after=2025-04-13 00:00:00+00:00
[2025-04-13T13:45:47.952-0400] {processor.py:183} INFO - Processing /opt/anaconda3/lib/python3.12/site-packages/airflow/example_dags/example_branch_operator_decorator.py took 0.100 seconds
[2025-04-13T13:48:14.123-0400] {processor.py:161} INFO - Started process (PID=49983) to work on /opt/anaconda3/lib/python3.12/site-packages/airflow/example_dags/example_branch_operator_decorator.py
[2025-04-13T13:48:14.124-0400] {processor.py:830} INFO - Processing file /opt/anaconda3/lib/python3.12/site-packages/airflow/example_dags/example_branch_operator_decorator.py for tasks to queue
[2025-04-13T13:48:14.124-0400] {logging_mixin.py:188} INFO - [2025-04-13T13:48:14.124-0400] {dagbag.py:540} INFO - Filling up the DagBag from /opt/anaconda3/lib/python3.12/site-packages/airflow/example_dags/example_branch_operator_decorator.py
[2025-04-13T13:48:14.143-0400] {processor.py:840} INFO - DAG(s) 'example_branch_python_operator_decorator' retrieved from /opt/anaconda3/lib/python3.12/site-packages/airflow/example_dags/example_branch_operator_decorator.py
[2025-04-13T13:48:14.210-0400] {logging_mixin.py:188} INFO - [2025-04-13T13:48:14.210-0400] {dag.py:3096} INFO - Sync 1 DAGs
[2025-04-13T13:48:14.215-0400] {logging_mixin.py:188} INFO - [2025-04-13T13:48:14.215-0400] {dag.py:3954} INFO - Setting next_dagrun for example_branch_python_operator_decorator to 2025-04-12 00:00:00+00:00, run_after=2025-04-13 00:00:00+00:00
[2025-04-13T13:48:14.223-0400] {processor.py:183} INFO - Processing /opt/anaconda3/lib/python3.12/site-packages/airflow/example_dags/example_branch_operator_decorator.py took 0.102 seconds
[2025-04-13T13:50:32.617-0400] {processor.py:161} INFO - Started process (PID=50880) to work on /opt/anaconda3/lib/python3.12/site-packages/airflow/example_dags/example_branch_operator_decorator.py
[2025-04-13T13:50:32.618-0400] {processor.py:830} INFO - Processing file /opt/anaconda3/lib/python3.12/site-packages/airflow/example_dags/example_branch_operator_decorator.py for tasks to queue
[2025-04-13T13:50:32.618-0400] {logging_mixin.py:188} INFO - [2025-04-13T13:50:32.618-0400] {dagbag.py:540} INFO - Filling up the DagBag from /opt/anaconda3/lib/python3.12/site-packages/airflow/example_dags/example_branch_operator_decorator.py
[2025-04-13T13:50:32.636-0400] {processor.py:840} INFO - DAG(s) 'example_branch_python_operator_decorator' retrieved from /opt/anaconda3/lib/python3.12/site-packages/airflow/example_dags/example_branch_operator_decorator.py
[2025-04-13T13:50:32.700-0400] {logging_mixin.py:188} INFO - [2025-04-13T13:50:32.699-0400] {dag.py:3096} INFO - Sync 1 DAGs
[2025-04-13T13:50:32.705-0400] {logging_mixin.py:188} INFO - [2025-04-13T13:50:32.705-0400] {dag.py:3954} INFO - Setting next_dagrun for example_branch_python_operator_decorator to 2025-04-12 00:00:00+00:00, run_after=2025-04-13 00:00:00+00:00
[2025-04-13T13:50:32.711-0400] {processor.py:183} INFO - Processing /opt/anaconda3/lib/python3.12/site-packages/airflow/example_dags/example_branch_operator_decorator.py took 0.095 seconds
[2025-04-13T13:52:49.732-0400] {processor.py:161} INFO - Started process (PID=51826) to work on /opt/anaconda3/lib/python3.12/site-packages/airflow/example_dags/example_branch_operator_decorator.py
[2025-04-13T13:52:49.734-0400] {processor.py:830} INFO - Processing file /opt/anaconda3/lib/python3.12/site-packages/airflow/example_dags/example_branch_operator_decorator.py for tasks to queue
[2025-04-13T13:52:49.734-0400] {logging_mixin.py:188} INFO - [2025-04-13T13:52:49.734-0400] {dagbag.py:540} INFO - Filling up the DagBag from /opt/anaconda3/lib/python3.12/site-packages/airflow/example_dags/example_branch_operator_decorator.py
[2025-04-13T13:52:49.752-0400] {processor.py:840} INFO - DAG(s) 'example_branch_python_operator_decorator' retrieved from /opt/anaconda3/lib/python3.12/site-packages/airflow/example_dags/example_branch_operator_decorator.py
[2025-04-13T13:52:49.819-0400] {logging_mixin.py:188} INFO - [2025-04-13T13:52:49.818-0400] {dag.py:3096} INFO - Sync 1 DAGs
[2025-04-13T13:52:49.824-0400] {logging_mixin.py:188} INFO - [2025-04-13T13:52:49.824-0400] {dag.py:3954} INFO - Setting next_dagrun for example_branch_python_operator_decorator to 2025-04-12 00:00:00+00:00, run_after=2025-04-13 00:00:00+00:00
[2025-04-13T13:52:49.830-0400] {processor.py:183} INFO - Processing /opt/anaconda3/lib/python3.12/site-packages/airflow/example_dags/example_branch_operator_decorator.py took 0.099 seconds
[2025-04-13T13:55:07.674-0400] {processor.py:161} INFO - Started process (PID=52737) to work on /opt/anaconda3/lib/python3.12/site-packages/airflow/example_dags/example_branch_operator_decorator.py
[2025-04-13T13:55:07.674-0400] {processor.py:830} INFO - Processing file /opt/anaconda3/lib/python3.12/site-packages/airflow/example_dags/example_branch_operator_decorator.py for tasks to queue
[2025-04-13T13:55:07.674-0400] {logging_mixin.py:188} INFO - [2025-04-13T13:55:07.674-0400] {dagbag.py:540} INFO - Filling up the DagBag from /opt/anaconda3/lib/python3.12/site-packages/airflow/example_dags/example_branch_operator_decorator.py
[2025-04-13T13:55:07.692-0400] {processor.py:840} INFO - DAG(s) 'example_branch_python_operator_decorator' retrieved from /opt/anaconda3/lib/python3.12/site-packages/airflow/example_dags/example_branch_operator_decorator.py
[2025-04-13T13:55:07.758-0400] {logging_mixin.py:188} INFO - [2025-04-13T13:55:07.758-0400] {dag.py:3096} INFO - Sync 1 DAGs
[2025-04-13T13:55:07.763-0400] {logging_mixin.py:188} INFO - [2025-04-13T13:55:07.763-0400] {dag.py:3954} INFO - Setting next_dagrun for example_branch_python_operator_decorator to 2025-04-12 00:00:00+00:00, run_after=2025-04-13 00:00:00+00:00
[2025-04-13T13:55:07.769-0400] {processor.py:183} INFO - Processing /opt/anaconda3/lib/python3.12/site-packages/airflow/example_dags/example_branch_operator_decorator.py took 0.097 seconds
[2025-04-13T13:57:26.839-0400] {processor.py:161} INFO - Started process (PID=53697) to work on /opt/anaconda3/lib/python3.12/site-packages/airflow/example_dags/example_branch_operator_decorator.py
[2025-04-13T13:57:26.840-0400] {processor.py:830} INFO - Processing file /opt/anaconda3/lib/python3.12/site-packages/airflow/example_dags/example_branch_operator_decorator.py for tasks to queue
[2025-04-13T13:57:26.840-0400] {logging_mixin.py:188} INFO - [2025-04-13T13:57:26.840-0400] {dagbag.py:540} INFO - Filling up the DagBag from /opt/anaconda3/lib/python3.12/site-packages/airflow/example_dags/example_branch_operator_decorator.py
[2025-04-13T13:57:26.858-0400] {processor.py:840} INFO - DAG(s) 'example_branch_python_operator_decorator' retrieved from /opt/anaconda3/lib/python3.12/site-packages/airflow/example_dags/example_branch_operator_decorator.py
[2025-04-13T13:57:26.921-0400] {logging_mixin.py:188} INFO - [2025-04-13T13:57:26.921-0400] {dag.py:3096} INFO - Sync 1 DAGs
[2025-04-13T13:57:26.926-0400] {logging_mixin.py:188} INFO - [2025-04-13T13:57:26.926-0400] {dag.py:3954} INFO - Setting next_dagrun for example_branch_python_operator_decorator to 2025-04-12 00:00:00+00:00, run_after=2025-04-13 00:00:00+00:00
[2025-04-13T13:57:26.932-0400] {processor.py:183} INFO - Processing /opt/anaconda3/lib/python3.12/site-packages/airflow/example_dags/example_branch_operator_decorator.py took 0.094 seconds
[2025-04-13T13:59:38.306-0400] {processor.py:161} INFO - Started process (PID=54636) to work on /opt/anaconda3/lib/python3.12/site-packages/airflow/example_dags/example_branch_operator_decorator.py
[2025-04-13T13:59:38.307-0400] {processor.py:830} INFO - Processing file /opt/anaconda3/lib/python3.12/site-packages/airflow/example_dags/example_branch_operator_decorator.py for tasks to queue
[2025-04-13T13:59:38.307-0400] {logging_mixin.py:188} INFO - [2025-04-13T13:59:38.307-0400] {dagbag.py:540} INFO - Filling up the DagBag from /opt/anaconda3/lib/python3.12/site-packages/airflow/example_dags/example_branch_operator_decorator.py
[2025-04-13T13:59:38.327-0400] {processor.py:840} INFO - DAG(s) 'example_branch_python_operator_decorator' retrieved from /opt/anaconda3/lib/python3.12/site-packages/airflow/example_dags/example_branch_operator_decorator.py
[2025-04-13T13:59:38.394-0400] {logging_mixin.py:188} INFO - [2025-04-13T13:59:38.394-0400] {dag.py:3096} INFO - Sync 1 DAGs
[2025-04-13T13:59:38.399-0400] {logging_mixin.py:188} INFO - [2025-04-13T13:59:38.399-0400] {dag.py:3954} INFO - Setting next_dagrun for example_branch_python_operator_decorator to 2025-04-12 00:00:00+00:00, run_after=2025-04-13 00:00:00+00:00
[2025-04-13T13:59:38.406-0400] {processor.py:183} INFO - Processing /opt/anaconda3/lib/python3.12/site-packages/airflow/example_dags/example_branch_operator_decorator.py took 0.101 seconds
[2025-04-13T14:01:57.991-0400] {processor.py:161} INFO - Started process (PID=55574) to work on /opt/anaconda3/lib/python3.12/site-packages/airflow/example_dags/example_branch_operator_decorator.py
[2025-04-13T14:01:57.992-0400] {processor.py:830} INFO - Processing file /opt/anaconda3/lib/python3.12/site-packages/airflow/example_dags/example_branch_operator_decorator.py for tasks to queue
[2025-04-13T14:01:57.993-0400] {logging_mixin.py:188} INFO - [2025-04-13T14:01:57.993-0400] {dagbag.py:540} INFO - Filling up the DagBag from /opt/anaconda3/lib/python3.12/site-packages/airflow/example_dags/example_branch_operator_decorator.py
[2025-04-13T14:01:58.011-0400] {processor.py:840} INFO - DAG(s) 'example_branch_python_operator_decorator' retrieved from /opt/anaconda3/lib/python3.12/site-packages/airflow/example_dags/example_branch_operator_decorator.py
[2025-04-13T14:01:58.075-0400] {logging_mixin.py:188} INFO - [2025-04-13T14:01:58.075-0400] {dag.py:3096} INFO - Sync 1 DAGs
[2025-04-13T14:01:58.080-0400] {logging_mixin.py:188} INFO - [2025-04-13T14:01:58.080-0400] {dag.py:3954} INFO - Setting next_dagrun for example_branch_python_operator_decorator to 2025-04-12 00:00:00+00:00, run_after=2025-04-13 00:00:00+00:00
[2025-04-13T14:01:58.086-0400] {processor.py:183} INFO - Processing /opt/anaconda3/lib/python3.12/site-packages/airflow/example_dags/example_branch_operator_decorator.py took 0.096 seconds
