[2025-04-13T13:08:24.191-0400] {processor.py:161} INFO - Started process (PID=34647) to work on /opt/anaconda3/lib/python3.12/site-packages/airflow/example_dags/example_local_kubernetes_executor.py
[2025-04-13T13:08:24.191-0400] {processor.py:830} INFO - Processing file /opt/anaconda3/lib/python3.12/site-packages/airflow/example_dags/example_local_kubernetes_executor.py for tasks to queue
[2025-04-13T13:08:24.191-0400] {logging_mixin.py:188} INFO - [2025-04-13T13:08:24.191-0400] {dagbag.py:540} INFO - Filling up the DagBag from /opt/anaconda3/lib/python3.12/site-packages/airflow/example_dags/example_local_kubernetes_executor.py
[2025-04-13T13:08:24.356-0400] {processor.py:840} INFO - DAG(s) 'example_local_kubernetes_executor' retrieved from /opt/anaconda3/lib/python3.12/site-packages/airflow/example_dags/example_local_kubernetes_executor.py
[2025-04-13T13:08:24.437-0400] {logging_mixin.py:188} WARNING - /opt/anaconda3/lib/python3.12/site-packages/airflow/serialization/serialized_objects.py:1673 DeprecationWarning: This module is deprecated. The `cncf.kubernetes` provider before version 7.4.0 uses this module - you should migrate to a newer version of `cncf.kubernetes` to get rid of this warning. If you import the module via `airflow.kubernetes` import, please use `cncf.kubernetes' provider 7.4.0+ and switch all your imports to use `apache.airflow.providers.cncf.kubernetes` to get rid of the warning.
[2025-04-13T13:08:24.471-0400] {logging_mixin.py:188} INFO - [2025-04-13T13:08:24.470-0400] {override.py:1930} INFO - Created Permission View: can read on DAG:example_local_kubernetes_executor
[2025-04-13T13:08:24.473-0400] {logging_mixin.py:188} INFO - [2025-04-13T13:08:24.473-0400] {override.py:1930} INFO - Created Permission View: can delete on DAG:example_local_kubernetes_executor
[2025-04-13T13:08:24.475-0400] {logging_mixin.py:188} INFO - [2025-04-13T13:08:24.475-0400] {override.py:1930} INFO - Created Permission View: can edit on DAG:example_local_kubernetes_executor
[2025-04-13T13:08:24.475-0400] {logging_mixin.py:188} INFO - [2025-04-13T13:08:24.475-0400] {dag.py:3096} INFO - Sync 1 DAGs
[2025-04-13T13:08:24.478-0400] {logging_mixin.py:188} INFO - [2025-04-13T13:08:24.478-0400] {dag.py:3118} INFO - Creating ORM DAG for example_local_kubernetes_executor
[2025-04-13T13:08:24.478-0400] {logging_mixin.py:188} INFO - [2025-04-13T13:08:24.478-0400] {dag.py:3954} INFO - Setting next_dagrun for example_local_kubernetes_executor to None, run_after=None
[2025-04-13T13:08:24.483-0400] {processor.py:183} INFO - Processing /opt/anaconda3/lib/python3.12/site-packages/airflow/example_dags/example_local_kubernetes_executor.py took 0.294 seconds
[2025-04-13T13:15:57.366-0400] {processor.py:161} INFO - Started process (PID=37486) to work on /opt/anaconda3/lib/python3.12/site-packages/airflow/example_dags/example_local_kubernetes_executor.py
[2025-04-13T13:15:57.367-0400] {processor.py:830} INFO - Processing file /opt/anaconda3/lib/python3.12/site-packages/airflow/example_dags/example_local_kubernetes_executor.py for tasks to queue
[2025-04-13T13:15:57.367-0400] {logging_mixin.py:188} INFO - [2025-04-13T13:15:57.367-0400] {dagbag.py:540} INFO - Filling up the DagBag from /opt/anaconda3/lib/python3.12/site-packages/airflow/example_dags/example_local_kubernetes_executor.py
[2025-04-13T13:15:57.553-0400] {processor.py:840} INFO - DAG(s) 'example_local_kubernetes_executor' retrieved from /opt/anaconda3/lib/python3.12/site-packages/airflow/example_dags/example_local_kubernetes_executor.py
[2025-04-13T13:15:57.631-0400] {logging_mixin.py:188} WARNING - /opt/anaconda3/lib/python3.12/site-packages/airflow/serialization/serialized_objects.py:1673 DeprecationWarning: This module is deprecated. The `cncf.kubernetes` provider before version 7.4.0 uses this module - you should migrate to a newer version of `cncf.kubernetes` to get rid of this warning. If you import the module via `airflow.kubernetes` import, please use `cncf.kubernetes' provider 7.4.0+ and switch all your imports to use `apache.airflow.providers.cncf.kubernetes` to get rid of the warning.
[2025-04-13T13:15:57.636-0400] {logging_mixin.py:188} INFO - [2025-04-13T13:15:57.635-0400] {dag.py:3096} INFO - Sync 1 DAGs
[2025-04-13T13:15:57.638-0400] {logging_mixin.py:188} INFO - [2025-04-13T13:15:57.638-0400] {dag.py:3954} INFO - Setting next_dagrun for example_local_kubernetes_executor to None, run_after=None
[2025-04-13T13:15:57.644-0400] {processor.py:183} INFO - Processing /opt/anaconda3/lib/python3.12/site-packages/airflow/example_dags/example_local_kubernetes_executor.py took 0.279 seconds
[2025-04-13T13:19:37.463-0400] {processor.py:161} INFO - Started process (PID=38968) to work on /opt/anaconda3/lib/python3.12/site-packages/airflow/example_dags/example_local_kubernetes_executor.py
[2025-04-13T13:19:37.464-0400] {processor.py:830} INFO - Processing file /opt/anaconda3/lib/python3.12/site-packages/airflow/example_dags/example_local_kubernetes_executor.py for tasks to queue
[2025-04-13T13:19:37.464-0400] {logging_mixin.py:188} INFO - [2025-04-13T13:19:37.464-0400] {dagbag.py:540} INFO - Filling up the DagBag from /opt/anaconda3/lib/python3.12/site-packages/airflow/example_dags/example_local_kubernetes_executor.py
[2025-04-13T13:19:37.641-0400] {processor.py:840} INFO - DAG(s) 'example_local_kubernetes_executor' retrieved from /opt/anaconda3/lib/python3.12/site-packages/airflow/example_dags/example_local_kubernetes_executor.py
[2025-04-13T13:19:37.719-0400] {logging_mixin.py:188} WARNING - /opt/anaconda3/lib/python3.12/site-packages/airflow/serialization/serialized_objects.py:1673 DeprecationWarning: This module is deprecated. The `cncf.kubernetes` provider before version 7.4.0 uses this module - you should migrate to a newer version of `cncf.kubernetes` to get rid of this warning. If you import the module via `airflow.kubernetes` import, please use `cncf.kubernetes' provider 7.4.0+ and switch all your imports to use `apache.airflow.providers.cncf.kubernetes` to get rid of the warning.
[2025-04-13T13:19:37.752-0400] {logging_mixin.py:188} INFO - [2025-04-13T13:19:37.751-0400] {dag.py:3096} INFO - Sync 1 DAGs
[2025-04-13T13:19:37.754-0400] {logging_mixin.py:188} INFO - [2025-04-13T13:19:37.754-0400] {dag.py:3954} INFO - Setting next_dagrun for example_local_kubernetes_executor to None, run_after=None
[2025-04-13T13:19:37.761-0400] {processor.py:183} INFO - Processing /opt/anaconda3/lib/python3.12/site-packages/airflow/example_dags/example_local_kubernetes_executor.py took 0.299 seconds
[2025-04-13T13:24:07.874-0400] {processor.py:161} INFO - Started process (PID=40872) to work on /opt/anaconda3/lib/python3.12/site-packages/airflow/example_dags/example_local_kubernetes_executor.py
[2025-04-13T13:24:07.875-0400] {processor.py:830} INFO - Processing file /opt/anaconda3/lib/python3.12/site-packages/airflow/example_dags/example_local_kubernetes_executor.py for tasks to queue
[2025-04-13T13:24:07.876-0400] {logging_mixin.py:188} INFO - [2025-04-13T13:24:07.876-0400] {dagbag.py:540} INFO - Filling up the DagBag from /opt/anaconda3/lib/python3.12/site-packages/airflow/example_dags/example_local_kubernetes_executor.py
[2025-04-13T13:24:08.057-0400] {processor.py:840} INFO - DAG(s) 'example_local_kubernetes_executor' retrieved from /opt/anaconda3/lib/python3.12/site-packages/airflow/example_dags/example_local_kubernetes_executor.py
[2025-04-13T13:24:08.133-0400] {logging_mixin.py:188} WARNING - /opt/anaconda3/lib/python3.12/site-packages/airflow/serialization/serialized_objects.py:1673 DeprecationWarning: This module is deprecated. The `cncf.kubernetes` provider before version 7.4.0 uses this module - you should migrate to a newer version of `cncf.kubernetes` to get rid of this warning. If you import the module via `airflow.kubernetes` import, please use `cncf.kubernetes' provider 7.4.0+ and switch all your imports to use `apache.airflow.providers.cncf.kubernetes` to get rid of the warning.
[2025-04-13T13:24:08.163-0400] {logging_mixin.py:188} INFO - [2025-04-13T13:24:08.163-0400] {dag.py:3096} INFO - Sync 1 DAGs
[2025-04-13T13:24:08.165-0400] {logging_mixin.py:188} INFO - [2025-04-13T13:24:08.165-0400] {dag.py:3954} INFO - Setting next_dagrun for example_local_kubernetes_executor to None, run_after=None
[2025-04-13T13:24:08.171-0400] {processor.py:183} INFO - Processing /opt/anaconda3/lib/python3.12/site-packages/airflow/example_dags/example_local_kubernetes_executor.py took 0.298 seconds
[2025-04-13T13:25:43.276-0400] {processor.py:161} INFO - Started process (PID=41520) to work on /opt/anaconda3/lib/python3.12/site-packages/airflow/example_dags/example_local_kubernetes_executor.py
[2025-04-13T13:25:43.277-0400] {processor.py:830} INFO - Processing file /opt/anaconda3/lib/python3.12/site-packages/airflow/example_dags/example_local_kubernetes_executor.py for tasks to queue
[2025-04-13T13:25:43.278-0400] {logging_mixin.py:188} INFO - [2025-04-13T13:25:43.277-0400] {dagbag.py:540} INFO - Filling up the DagBag from /opt/anaconda3/lib/python3.12/site-packages/airflow/example_dags/example_local_kubernetes_executor.py
[2025-04-13T13:25:43.445-0400] {processor.py:840} INFO - DAG(s) 'example_local_kubernetes_executor' retrieved from /opt/anaconda3/lib/python3.12/site-packages/airflow/example_dags/example_local_kubernetes_executor.py
[2025-04-13T13:25:43.521-0400] {logging_mixin.py:188} WARNING - /opt/anaconda3/lib/python3.12/site-packages/airflow/serialization/serialized_objects.py:1673 DeprecationWarning: This module is deprecated. The `cncf.kubernetes` provider before version 7.4.0 uses this module - you should migrate to a newer version of `cncf.kubernetes` to get rid of this warning. If you import the module via `airflow.kubernetes` import, please use `cncf.kubernetes' provider 7.4.0+ and switch all your imports to use `apache.airflow.providers.cncf.kubernetes` to get rid of the warning.
[2025-04-13T13:25:43.526-0400] {logging_mixin.py:188} INFO - [2025-04-13T13:25:43.526-0400] {dag.py:3096} INFO - Sync 1 DAGs
[2025-04-13T13:25:43.529-0400] {logging_mixin.py:188} INFO - [2025-04-13T13:25:43.529-0400] {dag.py:3954} INFO - Setting next_dagrun for example_local_kubernetes_executor to None, run_after=None
[2025-04-13T13:25:43.534-0400] {processor.py:183} INFO - Processing /opt/anaconda3/lib/python3.12/site-packages/airflow/example_dags/example_local_kubernetes_executor.py took 0.259 seconds
[2025-04-13T13:27:50.090-0400] {processor.py:161} INFO - Started process (PID=42364) to work on /opt/anaconda3/lib/python3.12/site-packages/airflow/example_dags/example_local_kubernetes_executor.py
[2025-04-13T13:27:50.091-0400] {processor.py:830} INFO - Processing file /opt/anaconda3/lib/python3.12/site-packages/airflow/example_dags/example_local_kubernetes_executor.py for tasks to queue
[2025-04-13T13:27:50.091-0400] {logging_mixin.py:188} INFO - [2025-04-13T13:27:50.091-0400] {dagbag.py:540} INFO - Filling up the DagBag from /opt/anaconda3/lib/python3.12/site-packages/airflow/example_dags/example_local_kubernetes_executor.py
[2025-04-13T13:27:50.273-0400] {processor.py:840} INFO - DAG(s) 'example_local_kubernetes_executor' retrieved from /opt/anaconda3/lib/python3.12/site-packages/airflow/example_dags/example_local_kubernetes_executor.py
[2025-04-13T13:27:50.350-0400] {logging_mixin.py:188} WARNING - /opt/anaconda3/lib/python3.12/site-packages/airflow/serialization/serialized_objects.py:1673 DeprecationWarning: This module is deprecated. The `cncf.kubernetes` provider before version 7.4.0 uses this module - you should migrate to a newer version of `cncf.kubernetes` to get rid of this warning. If you import the module via `airflow.kubernetes` import, please use `cncf.kubernetes' provider 7.4.0+ and switch all your imports to use `apache.airflow.providers.cncf.kubernetes` to get rid of the warning.
[2025-04-13T13:27:50.354-0400] {logging_mixin.py:188} INFO - [2025-04-13T13:27:50.354-0400] {dag.py:3096} INFO - Sync 1 DAGs
[2025-04-13T13:27:50.357-0400] {logging_mixin.py:188} INFO - [2025-04-13T13:27:50.357-0400] {dag.py:3954} INFO - Setting next_dagrun for example_local_kubernetes_executor to None, run_after=None
[2025-04-13T13:27:50.363-0400] {processor.py:183} INFO - Processing /opt/anaconda3/lib/python3.12/site-packages/airflow/example_dags/example_local_kubernetes_executor.py took 0.274 seconds
[2025-04-13T13:30:03.253-0400] {processor.py:161} INFO - Started process (PID=43251) to work on /opt/anaconda3/lib/python3.12/site-packages/airflow/example_dags/example_local_kubernetes_executor.py
[2025-04-13T13:30:03.254-0400] {processor.py:830} INFO - Processing file /opt/anaconda3/lib/python3.12/site-packages/airflow/example_dags/example_local_kubernetes_executor.py for tasks to queue
[2025-04-13T13:30:03.254-0400] {logging_mixin.py:188} INFO - [2025-04-13T13:30:03.254-0400] {dagbag.py:540} INFO - Filling up the DagBag from /opt/anaconda3/lib/python3.12/site-packages/airflow/example_dags/example_local_kubernetes_executor.py
[2025-04-13T13:30:03.422-0400] {processor.py:840} INFO - DAG(s) 'example_local_kubernetes_executor' retrieved from /opt/anaconda3/lib/python3.12/site-packages/airflow/example_dags/example_local_kubernetes_executor.py
[2025-04-13T13:30:03.497-0400] {logging_mixin.py:188} WARNING - /opt/anaconda3/lib/python3.12/site-packages/airflow/serialization/serialized_objects.py:1673 DeprecationWarning: This module is deprecated. The `cncf.kubernetes` provider before version 7.4.0 uses this module - you should migrate to a newer version of `cncf.kubernetes` to get rid of this warning. If you import the module via `airflow.kubernetes` import, please use `cncf.kubernetes' provider 7.4.0+ and switch all your imports to use `apache.airflow.providers.cncf.kubernetes` to get rid of the warning.
[2025-04-13T13:30:03.502-0400] {logging_mixin.py:188} INFO - [2025-04-13T13:30:03.502-0400] {dag.py:3096} INFO - Sync 1 DAGs
[2025-04-13T13:30:03.506-0400] {logging_mixin.py:188} INFO - [2025-04-13T13:30:03.506-0400] {dag.py:3954} INFO - Setting next_dagrun for example_local_kubernetes_executor to None, run_after=None
[2025-04-13T13:30:03.511-0400] {processor.py:183} INFO - Processing /opt/anaconda3/lib/python3.12/site-packages/airflow/example_dags/example_local_kubernetes_executor.py took 0.259 seconds
[2025-04-13T13:32:21.690-0400] {processor.py:161} INFO - Started process (PID=44143) to work on /opt/anaconda3/lib/python3.12/site-packages/airflow/example_dags/example_local_kubernetes_executor.py
[2025-04-13T13:32:21.691-0400] {processor.py:830} INFO - Processing file /opt/anaconda3/lib/python3.12/site-packages/airflow/example_dags/example_local_kubernetes_executor.py for tasks to queue
[2025-04-13T13:32:21.691-0400] {logging_mixin.py:188} INFO - [2025-04-13T13:32:21.691-0400] {dagbag.py:540} INFO - Filling up the DagBag from /opt/anaconda3/lib/python3.12/site-packages/airflow/example_dags/example_local_kubernetes_executor.py
[2025-04-13T13:32:21.864-0400] {processor.py:840} INFO - DAG(s) 'example_local_kubernetes_executor' retrieved from /opt/anaconda3/lib/python3.12/site-packages/airflow/example_dags/example_local_kubernetes_executor.py
[2025-04-13T13:32:21.948-0400] {logging_mixin.py:188} WARNING - /opt/anaconda3/lib/python3.12/site-packages/airflow/serialization/serialized_objects.py:1673 DeprecationWarning: This module is deprecated. The `cncf.kubernetes` provider before version 7.4.0 uses this module - you should migrate to a newer version of `cncf.kubernetes` to get rid of this warning. If you import the module via `airflow.kubernetes` import, please use `cncf.kubernetes' provider 7.4.0+ and switch all your imports to use `apache.airflow.providers.cncf.kubernetes` to get rid of the warning.
[2025-04-13T13:32:21.953-0400] {logging_mixin.py:188} INFO - [2025-04-13T13:32:21.953-0400] {dag.py:3096} INFO - Sync 1 DAGs
[2025-04-13T13:32:21.956-0400] {logging_mixin.py:188} INFO - [2025-04-13T13:32:21.956-0400] {dag.py:3954} INFO - Setting next_dagrun for example_local_kubernetes_executor to None, run_after=None
[2025-04-13T13:32:21.962-0400] {processor.py:183} INFO - Processing /opt/anaconda3/lib/python3.12/site-packages/airflow/example_dags/example_local_kubernetes_executor.py took 0.273 seconds
[2025-04-13T13:35:33.782-0400] {processor.py:161} INFO - Started process (PID=44855) to work on /opt/anaconda3/lib/python3.12/site-packages/airflow/example_dags/example_local_kubernetes_executor.py
[2025-04-13T13:35:33.783-0400] {processor.py:830} INFO - Processing file /opt/anaconda3/lib/python3.12/site-packages/airflow/example_dags/example_local_kubernetes_executor.py for tasks to queue
[2025-04-13T13:35:33.783-0400] {logging_mixin.py:188} INFO - [2025-04-13T13:35:33.783-0400] {dagbag.py:540} INFO - Filling up the DagBag from /opt/anaconda3/lib/python3.12/site-packages/airflow/example_dags/example_local_kubernetes_executor.py
[2025-04-13T13:35:33.970-0400] {processor.py:840} INFO - DAG(s) 'example_local_kubernetes_executor' retrieved from /opt/anaconda3/lib/python3.12/site-packages/airflow/example_dags/example_local_kubernetes_executor.py
[2025-04-13T13:35:34.053-0400] {logging_mixin.py:188} WARNING - /opt/anaconda3/lib/python3.12/site-packages/airflow/serialization/serialized_objects.py:1673 DeprecationWarning: This module is deprecated. The `cncf.kubernetes` provider before version 7.4.0 uses this module - you should migrate to a newer version of `cncf.kubernetes` to get rid of this warning. If you import the module via `airflow.kubernetes` import, please use `cncf.kubernetes' provider 7.4.0+ and switch all your imports to use `apache.airflow.providers.cncf.kubernetes` to get rid of the warning.
[2025-04-13T13:35:34.058-0400] {logging_mixin.py:188} INFO - [2025-04-13T13:35:34.058-0400] {dag.py:3096} INFO - Sync 1 DAGs
[2025-04-13T13:35:34.061-0400] {logging_mixin.py:188} INFO - [2025-04-13T13:35:34.061-0400] {dag.py:3954} INFO - Setting next_dagrun for example_local_kubernetes_executor to None, run_after=None
[2025-04-13T13:35:34.066-0400] {processor.py:183} INFO - Processing /opt/anaconda3/lib/python3.12/site-packages/airflow/example_dags/example_local_kubernetes_executor.py took 0.285 seconds
[2025-04-13T13:38:08.476-0400] {processor.py:161} INFO - Started process (PID=45901) to work on /opt/anaconda3/lib/python3.12/site-packages/airflow/example_dags/example_local_kubernetes_executor.py
[2025-04-13T13:38:08.477-0400] {processor.py:830} INFO - Processing file /opt/anaconda3/lib/python3.12/site-packages/airflow/example_dags/example_local_kubernetes_executor.py for tasks to queue
[2025-04-13T13:38:08.478-0400] {logging_mixin.py:188} INFO - [2025-04-13T13:38:08.478-0400] {dagbag.py:540} INFO - Filling up the DagBag from /opt/anaconda3/lib/python3.12/site-packages/airflow/example_dags/example_local_kubernetes_executor.py
[2025-04-13T13:38:08.643-0400] {processor.py:840} INFO - DAG(s) 'example_local_kubernetes_executor' retrieved from /opt/anaconda3/lib/python3.12/site-packages/airflow/example_dags/example_local_kubernetes_executor.py
[2025-04-13T13:38:08.719-0400] {logging_mixin.py:188} WARNING - /opt/anaconda3/lib/python3.12/site-packages/airflow/serialization/serialized_objects.py:1673 DeprecationWarning: This module is deprecated. The `cncf.kubernetes` provider before version 7.4.0 uses this module - you should migrate to a newer version of `cncf.kubernetes` to get rid of this warning. If you import the module via `airflow.kubernetes` import, please use `cncf.kubernetes' provider 7.4.0+ and switch all your imports to use `apache.airflow.providers.cncf.kubernetes` to get rid of the warning.
[2025-04-13T13:38:08.724-0400] {logging_mixin.py:188} INFO - [2025-04-13T13:38:08.723-0400] {dag.py:3096} INFO - Sync 1 DAGs
[2025-04-13T13:38:08.726-0400] {logging_mixin.py:188} INFO - [2025-04-13T13:38:08.726-0400] {dag.py:3954} INFO - Setting next_dagrun for example_local_kubernetes_executor to None, run_after=None
[2025-04-13T13:38:08.732-0400] {processor.py:183} INFO - Processing /opt/anaconda3/lib/python3.12/site-packages/airflow/example_dags/example_local_kubernetes_executor.py took 0.257 seconds
[2025-04-13T13:40:22.380-0400] {processor.py:161} INFO - Started process (PID=46806) to work on /opt/anaconda3/lib/python3.12/site-packages/airflow/example_dags/example_local_kubernetes_executor.py
[2025-04-13T13:40:22.380-0400] {processor.py:830} INFO - Processing file /opt/anaconda3/lib/python3.12/site-packages/airflow/example_dags/example_local_kubernetes_executor.py for tasks to queue
[2025-04-13T13:40:22.380-0400] {logging_mixin.py:188} INFO - [2025-04-13T13:40:22.380-0400] {dagbag.py:540} INFO - Filling up the DagBag from /opt/anaconda3/lib/python3.12/site-packages/airflow/example_dags/example_local_kubernetes_executor.py
[2025-04-13T13:40:22.562-0400] {processor.py:840} INFO - DAG(s) 'example_local_kubernetes_executor' retrieved from /opt/anaconda3/lib/python3.12/site-packages/airflow/example_dags/example_local_kubernetes_executor.py
[2025-04-13T13:40:22.636-0400] {logging_mixin.py:188} WARNING - /opt/anaconda3/lib/python3.12/site-packages/airflow/serialization/serialized_objects.py:1673 DeprecationWarning: This module is deprecated. The `cncf.kubernetes` provider before version 7.4.0 uses this module - you should migrate to a newer version of `cncf.kubernetes` to get rid of this warning. If you import the module via `airflow.kubernetes` import, please use `cncf.kubernetes' provider 7.4.0+ and switch all your imports to use `apache.airflow.providers.cncf.kubernetes` to get rid of the warning.
[2025-04-13T13:40:22.641-0400] {logging_mixin.py:188} INFO - [2025-04-13T13:40:22.641-0400] {dag.py:3096} INFO - Sync 1 DAGs
[2025-04-13T13:40:22.644-0400] {logging_mixin.py:188} INFO - [2025-04-13T13:40:22.644-0400] {dag.py:3954} INFO - Setting next_dagrun for example_local_kubernetes_executor to None, run_after=None
[2025-04-13T13:40:22.650-0400] {processor.py:183} INFO - Processing /opt/anaconda3/lib/python3.12/site-packages/airflow/example_dags/example_local_kubernetes_executor.py took 0.271 seconds
[2025-04-13T13:42:32.550-0400] {processor.py:161} INFO - Started process (PID=47688) to work on /opt/anaconda3/lib/python3.12/site-packages/airflow/example_dags/example_local_kubernetes_executor.py
[2025-04-13T13:42:32.551-0400] {processor.py:830} INFO - Processing file /opt/anaconda3/lib/python3.12/site-packages/airflow/example_dags/example_local_kubernetes_executor.py for tasks to queue
[2025-04-13T13:42:32.551-0400] {logging_mixin.py:188} INFO - [2025-04-13T13:42:32.551-0400] {dagbag.py:540} INFO - Filling up the DagBag from /opt/anaconda3/lib/python3.12/site-packages/airflow/example_dags/example_local_kubernetes_executor.py
[2025-04-13T13:42:32.732-0400] {processor.py:840} INFO - DAG(s) 'example_local_kubernetes_executor' retrieved from /opt/anaconda3/lib/python3.12/site-packages/airflow/example_dags/example_local_kubernetes_executor.py
[2025-04-13T13:42:32.817-0400] {logging_mixin.py:188} WARNING - /opt/anaconda3/lib/python3.12/site-packages/airflow/serialization/serialized_objects.py:1673 DeprecationWarning: This module is deprecated. The `cncf.kubernetes` provider before version 7.4.0 uses this module - you should migrate to a newer version of `cncf.kubernetes` to get rid of this warning. If you import the module via `airflow.kubernetes` import, please use `cncf.kubernetes' provider 7.4.0+ and switch all your imports to use `apache.airflow.providers.cncf.kubernetes` to get rid of the warning.
[2025-04-13T13:42:32.822-0400] {logging_mixin.py:188} INFO - [2025-04-13T13:42:32.822-0400] {dag.py:3096} INFO - Sync 1 DAGs
[2025-04-13T13:42:32.825-0400] {logging_mixin.py:188} INFO - [2025-04-13T13:42:32.825-0400] {dag.py:3954} INFO - Setting next_dagrun for example_local_kubernetes_executor to None, run_after=None
[2025-04-13T13:42:32.831-0400] {processor.py:183} INFO - Processing /opt/anaconda3/lib/python3.12/site-packages/airflow/example_dags/example_local_kubernetes_executor.py took 0.282 seconds
[2025-04-13T13:44:45.445-0400] {processor.py:161} INFO - Started process (PID=48594) to work on /opt/anaconda3/lib/python3.12/site-packages/airflow/example_dags/example_local_kubernetes_executor.py
[2025-04-13T13:44:45.445-0400] {processor.py:830} INFO - Processing file /opt/anaconda3/lib/python3.12/site-packages/airflow/example_dags/example_local_kubernetes_executor.py for tasks to queue
[2025-04-13T13:44:45.445-0400] {logging_mixin.py:188} INFO - [2025-04-13T13:44:45.445-0400] {dagbag.py:540} INFO - Filling up the DagBag from /opt/anaconda3/lib/python3.12/site-packages/airflow/example_dags/example_local_kubernetes_executor.py
[2025-04-13T13:44:45.626-0400] {processor.py:840} INFO - DAG(s) 'example_local_kubernetes_executor' retrieved from /opt/anaconda3/lib/python3.12/site-packages/airflow/example_dags/example_local_kubernetes_executor.py
[2025-04-13T13:44:45.705-0400] {logging_mixin.py:188} WARNING - /opt/anaconda3/lib/python3.12/site-packages/airflow/serialization/serialized_objects.py:1673 DeprecationWarning: This module is deprecated. The `cncf.kubernetes` provider before version 7.4.0 uses this module - you should migrate to a newer version of `cncf.kubernetes` to get rid of this warning. If you import the module via `airflow.kubernetes` import, please use `cncf.kubernetes' provider 7.4.0+ and switch all your imports to use `apache.airflow.providers.cncf.kubernetes` to get rid of the warning.
[2025-04-13T13:44:45.709-0400] {logging_mixin.py:188} INFO - [2025-04-13T13:44:45.709-0400] {dag.py:3096} INFO - Sync 1 DAGs
[2025-04-13T13:44:45.712-0400] {logging_mixin.py:188} INFO - [2025-04-13T13:44:45.712-0400] {dag.py:3954} INFO - Setting next_dagrun for example_local_kubernetes_executor to None, run_after=None
[2025-04-13T13:44:45.718-0400] {processor.py:183} INFO - Processing /opt/anaconda3/lib/python3.12/site-packages/airflow/example_dags/example_local_kubernetes_executor.py took 0.274 seconds
[2025-04-13T13:47:07.242-0400] {processor.py:161} INFO - Started process (PID=49537) to work on /opt/anaconda3/lib/python3.12/site-packages/airflow/example_dags/example_local_kubernetes_executor.py
[2025-04-13T13:47:07.243-0400] {processor.py:830} INFO - Processing file /opt/anaconda3/lib/python3.12/site-packages/airflow/example_dags/example_local_kubernetes_executor.py for tasks to queue
[2025-04-13T13:47:07.243-0400] {logging_mixin.py:188} INFO - [2025-04-13T13:47:07.243-0400] {dagbag.py:540} INFO - Filling up the DagBag from /opt/anaconda3/lib/python3.12/site-packages/airflow/example_dags/example_local_kubernetes_executor.py
[2025-04-13T13:47:07.427-0400] {processor.py:840} INFO - DAG(s) 'example_local_kubernetes_executor' retrieved from /opt/anaconda3/lib/python3.12/site-packages/airflow/example_dags/example_local_kubernetes_executor.py
[2025-04-13T13:47:07.506-0400] {logging_mixin.py:188} WARNING - /opt/anaconda3/lib/python3.12/site-packages/airflow/serialization/serialized_objects.py:1673 DeprecationWarning: This module is deprecated. The `cncf.kubernetes` provider before version 7.4.0 uses this module - you should migrate to a newer version of `cncf.kubernetes` to get rid of this warning. If you import the module via `airflow.kubernetes` import, please use `cncf.kubernetes' provider 7.4.0+ and switch all your imports to use `apache.airflow.providers.cncf.kubernetes` to get rid of the warning.
[2025-04-13T13:47:07.511-0400] {logging_mixin.py:188} INFO - [2025-04-13T13:47:07.511-0400] {dag.py:3096} INFO - Sync 1 DAGs
[2025-04-13T13:47:07.514-0400] {logging_mixin.py:188} INFO - [2025-04-13T13:47:07.513-0400] {dag.py:3954} INFO - Setting next_dagrun for example_local_kubernetes_executor to None, run_after=None
[2025-04-13T13:47:07.519-0400] {processor.py:183} INFO - Processing /opt/anaconda3/lib/python3.12/site-packages/airflow/example_dags/example_local_kubernetes_executor.py took 0.278 seconds
[2025-04-13T13:49:27.379-0400] {processor.py:161} INFO - Started process (PID=50452) to work on /opt/anaconda3/lib/python3.12/site-packages/airflow/example_dags/example_local_kubernetes_executor.py
[2025-04-13T13:49:27.380-0400] {processor.py:830} INFO - Processing file /opt/anaconda3/lib/python3.12/site-packages/airflow/example_dags/example_local_kubernetes_executor.py for tasks to queue
[2025-04-13T13:49:27.380-0400] {logging_mixin.py:188} INFO - [2025-04-13T13:49:27.380-0400] {dagbag.py:540} INFO - Filling up the DagBag from /opt/anaconda3/lib/python3.12/site-packages/airflow/example_dags/example_local_kubernetes_executor.py
[2025-04-13T13:49:27.580-0400] {processor.py:840} INFO - DAG(s) 'example_local_kubernetes_executor' retrieved from /opt/anaconda3/lib/python3.12/site-packages/airflow/example_dags/example_local_kubernetes_executor.py
[2025-04-13T13:49:27.669-0400] {logging_mixin.py:188} WARNING - /opt/anaconda3/lib/python3.12/site-packages/airflow/serialization/serialized_objects.py:1673 DeprecationWarning: This module is deprecated. The `cncf.kubernetes` provider before version 7.4.0 uses this module - you should migrate to a newer version of `cncf.kubernetes` to get rid of this warning. If you import the module via `airflow.kubernetes` import, please use `cncf.kubernetes' provider 7.4.0+ and switch all your imports to use `apache.airflow.providers.cncf.kubernetes` to get rid of the warning.
[2025-04-13T13:49:27.674-0400] {logging_mixin.py:188} INFO - [2025-04-13T13:49:27.674-0400] {dag.py:3096} INFO - Sync 1 DAGs
[2025-04-13T13:49:27.677-0400] {logging_mixin.py:188} INFO - [2025-04-13T13:49:27.677-0400] {dag.py:3954} INFO - Setting next_dagrun for example_local_kubernetes_executor to None, run_after=None
[2025-04-13T13:49:27.683-0400] {processor.py:183} INFO - Processing /opt/anaconda3/lib/python3.12/site-packages/airflow/example_dags/example_local_kubernetes_executor.py took 0.304 seconds
[2025-04-13T13:51:45.227-0400] {processor.py:161} INFO - Started process (PID=51391) to work on /opt/anaconda3/lib/python3.12/site-packages/airflow/example_dags/example_local_kubernetes_executor.py
[2025-04-13T13:51:45.228-0400] {processor.py:830} INFO - Processing file /opt/anaconda3/lib/python3.12/site-packages/airflow/example_dags/example_local_kubernetes_executor.py for tasks to queue
[2025-04-13T13:51:45.228-0400] {logging_mixin.py:188} INFO - [2025-04-13T13:51:45.228-0400] {dagbag.py:540} INFO - Filling up the DagBag from /opt/anaconda3/lib/python3.12/site-packages/airflow/example_dags/example_local_kubernetes_executor.py
[2025-04-13T13:51:45.416-0400] {processor.py:840} INFO - DAG(s) 'example_local_kubernetes_executor' retrieved from /opt/anaconda3/lib/python3.12/site-packages/airflow/example_dags/example_local_kubernetes_executor.py
[2025-04-13T13:51:45.498-0400] {logging_mixin.py:188} WARNING - /opt/anaconda3/lib/python3.12/site-packages/airflow/serialization/serialized_objects.py:1673 DeprecationWarning: This module is deprecated. The `cncf.kubernetes` provider before version 7.4.0 uses this module - you should migrate to a newer version of `cncf.kubernetes` to get rid of this warning. If you import the module via `airflow.kubernetes` import, please use `cncf.kubernetes' provider 7.4.0+ and switch all your imports to use `apache.airflow.providers.cncf.kubernetes` to get rid of the warning.
[2025-04-13T13:51:45.503-0400] {logging_mixin.py:188} INFO - [2025-04-13T13:51:45.503-0400] {dag.py:3096} INFO - Sync 1 DAGs
[2025-04-13T13:51:45.506-0400] {logging_mixin.py:188} INFO - [2025-04-13T13:51:45.506-0400] {dag.py:3954} INFO - Setting next_dagrun for example_local_kubernetes_executor to None, run_after=None
[2025-04-13T13:51:45.511-0400] {processor.py:183} INFO - Processing /opt/anaconda3/lib/python3.12/site-packages/airflow/example_dags/example_local_kubernetes_executor.py took 0.286 seconds
[2025-04-13T13:54:06.413-0400] {processor.py:161} INFO - Started process (PID=52335) to work on /opt/anaconda3/lib/python3.12/site-packages/airflow/example_dags/example_local_kubernetes_executor.py
[2025-04-13T13:54:06.414-0400] {processor.py:830} INFO - Processing file /opt/anaconda3/lib/python3.12/site-packages/airflow/example_dags/example_local_kubernetes_executor.py for tasks to queue
[2025-04-13T13:54:06.414-0400] {logging_mixin.py:188} INFO - [2025-04-13T13:54:06.414-0400] {dagbag.py:540} INFO - Filling up the DagBag from /opt/anaconda3/lib/python3.12/site-packages/airflow/example_dags/example_local_kubernetes_executor.py
[2025-04-13T13:54:06.661-0400] {processor.py:840} INFO - DAG(s) 'example_local_kubernetes_executor' retrieved from /opt/anaconda3/lib/python3.12/site-packages/airflow/example_dags/example_local_kubernetes_executor.py
[2025-04-13T13:54:06.745-0400] {logging_mixin.py:188} WARNING - /opt/anaconda3/lib/python3.12/site-packages/airflow/serialization/serialized_objects.py:1673 DeprecationWarning: This module is deprecated. The `cncf.kubernetes` provider before version 7.4.0 uses this module - you should migrate to a newer version of `cncf.kubernetes` to get rid of this warning. If you import the module via `airflow.kubernetes` import, please use `cncf.kubernetes' provider 7.4.0+ and switch all your imports to use `apache.airflow.providers.cncf.kubernetes` to get rid of the warning.
[2025-04-13T13:54:06.751-0400] {logging_mixin.py:188} INFO - [2025-04-13T13:54:06.751-0400] {dag.py:3096} INFO - Sync 1 DAGs
[2025-04-13T13:54:06.754-0400] {logging_mixin.py:188} INFO - [2025-04-13T13:54:06.754-0400] {dag.py:3954} INFO - Setting next_dagrun for example_local_kubernetes_executor to None, run_after=None
[2025-04-13T13:54:06.759-0400] {processor.py:183} INFO - Processing /opt/anaconda3/lib/python3.12/site-packages/airflow/example_dags/example_local_kubernetes_executor.py took 0.347 seconds
[2025-04-13T13:56:21.485-0400] {processor.py:161} INFO - Started process (PID=53240) to work on /opt/anaconda3/lib/python3.12/site-packages/airflow/example_dags/example_local_kubernetes_executor.py
[2025-04-13T13:56:21.486-0400] {processor.py:830} INFO - Processing file /opt/anaconda3/lib/python3.12/site-packages/airflow/example_dags/example_local_kubernetes_executor.py for tasks to queue
[2025-04-13T13:56:21.486-0400] {logging_mixin.py:188} INFO - [2025-04-13T13:56:21.486-0400] {dagbag.py:540} INFO - Filling up the DagBag from /opt/anaconda3/lib/python3.12/site-packages/airflow/example_dags/example_local_kubernetes_executor.py
[2025-04-13T13:56:21.682-0400] {processor.py:840} INFO - DAG(s) 'example_local_kubernetes_executor' retrieved from /opt/anaconda3/lib/python3.12/site-packages/airflow/example_dags/example_local_kubernetes_executor.py
[2025-04-13T13:56:21.764-0400] {logging_mixin.py:188} WARNING - /opt/anaconda3/lib/python3.12/site-packages/airflow/serialization/serialized_objects.py:1673 DeprecationWarning: This module is deprecated. The `cncf.kubernetes` provider before version 7.4.0 uses this module - you should migrate to a newer version of `cncf.kubernetes` to get rid of this warning. If you import the module via `airflow.kubernetes` import, please use `cncf.kubernetes' provider 7.4.0+ and switch all your imports to use `apache.airflow.providers.cncf.kubernetes` to get rid of the warning.
[2025-04-13T13:56:21.769-0400] {logging_mixin.py:188} INFO - [2025-04-13T13:56:21.769-0400] {dag.py:3096} INFO - Sync 1 DAGs
[2025-04-13T13:56:21.772-0400] {logging_mixin.py:188} INFO - [2025-04-13T13:56:21.772-0400] {dag.py:3954} INFO - Setting next_dagrun for example_local_kubernetes_executor to None, run_after=None
[2025-04-13T13:56:21.778-0400] {processor.py:183} INFO - Processing /opt/anaconda3/lib/python3.12/site-packages/airflow/example_dags/example_local_kubernetes_executor.py took 0.293 seconds
[2025-04-13T13:58:36.628-0400] {processor.py:161} INFO - Started process (PID=54166) to work on /opt/anaconda3/lib/python3.12/site-packages/airflow/example_dags/example_local_kubernetes_executor.py
[2025-04-13T13:58:36.629-0400] {processor.py:830} INFO - Processing file /opt/anaconda3/lib/python3.12/site-packages/airflow/example_dags/example_local_kubernetes_executor.py for tasks to queue
[2025-04-13T13:58:36.629-0400] {logging_mixin.py:188} INFO - [2025-04-13T13:58:36.629-0400] {dagbag.py:540} INFO - Filling up the DagBag from /opt/anaconda3/lib/python3.12/site-packages/airflow/example_dags/example_local_kubernetes_executor.py
[2025-04-13T13:58:36.809-0400] {processor.py:840} INFO - DAG(s) 'example_local_kubernetes_executor' retrieved from /opt/anaconda3/lib/python3.12/site-packages/airflow/example_dags/example_local_kubernetes_executor.py
[2025-04-13T13:58:36.884-0400] {logging_mixin.py:188} WARNING - /opt/anaconda3/lib/python3.12/site-packages/airflow/serialization/serialized_objects.py:1673 DeprecationWarning: This module is deprecated. The `cncf.kubernetes` provider before version 7.4.0 uses this module - you should migrate to a newer version of `cncf.kubernetes` to get rid of this warning. If you import the module via `airflow.kubernetes` import, please use `cncf.kubernetes' provider 7.4.0+ and switch all your imports to use `apache.airflow.providers.cncf.kubernetes` to get rid of the warning.
[2025-04-13T13:58:36.889-0400] {logging_mixin.py:188} INFO - [2025-04-13T13:58:36.889-0400] {dag.py:3096} INFO - Sync 1 DAGs
[2025-04-13T13:58:36.892-0400] {logging_mixin.py:188} INFO - [2025-04-13T13:58:36.891-0400] {dag.py:3954} INFO - Setting next_dagrun for example_local_kubernetes_executor to None, run_after=None
[2025-04-13T13:58:36.897-0400] {processor.py:183} INFO - Processing /opt/anaconda3/lib/python3.12/site-packages/airflow/example_dags/example_local_kubernetes_executor.py took 0.270 seconds
[2025-04-13T14:00:52.593-0400] {processor.py:161} INFO - Started process (PID=55137) to work on /opt/anaconda3/lib/python3.12/site-packages/airflow/example_dags/example_local_kubernetes_executor.py
[2025-04-13T14:00:52.594-0400] {processor.py:830} INFO - Processing file /opt/anaconda3/lib/python3.12/site-packages/airflow/example_dags/example_local_kubernetes_executor.py for tasks to queue
[2025-04-13T14:00:52.594-0400] {logging_mixin.py:188} INFO - [2025-04-13T14:00:52.594-0400] {dagbag.py:540} INFO - Filling up the DagBag from /opt/anaconda3/lib/python3.12/site-packages/airflow/example_dags/example_local_kubernetes_executor.py
[2025-04-13T14:00:52.781-0400] {processor.py:840} INFO - DAG(s) 'example_local_kubernetes_executor' retrieved from /opt/anaconda3/lib/python3.12/site-packages/airflow/example_dags/example_local_kubernetes_executor.py
[2025-04-13T14:00:52.862-0400] {logging_mixin.py:188} WARNING - /opt/anaconda3/lib/python3.12/site-packages/airflow/serialization/serialized_objects.py:1673 DeprecationWarning: This module is deprecated. The `cncf.kubernetes` provider before version 7.4.0 uses this module - you should migrate to a newer version of `cncf.kubernetes` to get rid of this warning. If you import the module via `airflow.kubernetes` import, please use `cncf.kubernetes' provider 7.4.0+ and switch all your imports to use `apache.airflow.providers.cncf.kubernetes` to get rid of the warning.
[2025-04-13T14:00:52.867-0400] {logging_mixin.py:188} INFO - [2025-04-13T14:00:52.867-0400] {dag.py:3096} INFO - Sync 1 DAGs
[2025-04-13T14:00:52.870-0400] {logging_mixin.py:188} INFO - [2025-04-13T14:00:52.870-0400] {dag.py:3954} INFO - Setting next_dagrun for example_local_kubernetes_executor to None, run_after=None
[2025-04-13T14:00:52.875-0400] {processor.py:183} INFO - Processing /opt/anaconda3/lib/python3.12/site-packages/airflow/example_dags/example_local_kubernetes_executor.py took 0.283 seconds
