[2025-04-13T13:08:28.676-0400] {processor.py:161} INFO - Started process (PID=34674) to work on /opt/anaconda3/lib/python3.12/site-packages/airflow/example_dags/example_latest_only.py
[2025-04-13T13:08:28.677-0400] {processor.py:830} INFO - Processing file /opt/anaconda3/lib/python3.12/site-packages/airflow/example_dags/example_latest_only.py for tasks to queue
[2025-04-13T13:08:28.677-0400] {logging_mixin.py:188} INFO - [2025-04-13T13:08:28.677-0400] {dagbag.py:540} INFO - Filling up the DagBag from /opt/anaconda3/lib/python3.12/site-packages/airflow/example_dags/example_latest_only.py
[2025-04-13T13:08:28.680-0400] {processor.py:840} INFO - DAG(s) 'latest_only' retrieved from /opt/anaconda3/lib/python3.12/site-packages/airflow/example_dags/example_latest_only.py
[2025-04-13T13:08:28.744-0400] {logging_mixin.py:188} INFO - [2025-04-13T13:08:28.744-0400] {override.py:1930} INFO - Created Permission View: can edit on DAG:latest_only
[2025-04-13T13:08:28.747-0400] {logging_mixin.py:188} INFO - [2025-04-13T13:08:28.747-0400] {override.py:1930} INFO - Created Permission View: can delete on DAG:latest_only
[2025-04-13T13:08:28.748-0400] {logging_mixin.py:188} INFO - [2025-04-13T13:08:28.748-0400] {override.py:1930} INFO - Created Permission View: can read on DAG:latest_only
[2025-04-13T13:08:28.749-0400] {logging_mixin.py:188} INFO - [2025-04-13T13:08:28.749-0400] {dag.py:3096} INFO - Sync 1 DAGs
[2025-04-13T13:08:28.752-0400] {logging_mixin.py:188} INFO - [2025-04-13T13:08:28.752-0400] {dag.py:3118} INFO - Creating ORM DAG for latest_only
[2025-04-13T13:08:28.755-0400] {logging_mixin.py:188} INFO - [2025-04-13T13:08:28.755-0400] {dag.py:3954} INFO - Setting next_dagrun for latest_only to 2025-04-13 12:00:00+00:00, run_after=2025-04-13 16:00:00+00:00
[2025-04-13T13:08:28.760-0400] {processor.py:183} INFO - Processing /opt/anaconda3/lib/python3.12/site-packages/airflow/example_dags/example_latest_only.py took 0.084 seconds
[2025-04-13T13:16:01.599-0400] {processor.py:161} INFO - Started process (PID=37520) to work on /opt/anaconda3/lib/python3.12/site-packages/airflow/example_dags/example_latest_only.py
[2025-04-13T13:16:01.600-0400] {processor.py:830} INFO - Processing file /opt/anaconda3/lib/python3.12/site-packages/airflow/example_dags/example_latest_only.py for tasks to queue
[2025-04-13T13:16:01.601-0400] {logging_mixin.py:188} INFO - [2025-04-13T13:16:01.601-0400] {dagbag.py:540} INFO - Filling up the DagBag from /opt/anaconda3/lib/python3.12/site-packages/airflow/example_dags/example_latest_only.py
[2025-04-13T13:16:01.603-0400] {processor.py:840} INFO - DAG(s) 'latest_only' retrieved from /opt/anaconda3/lib/python3.12/site-packages/airflow/example_dags/example_latest_only.py
[2025-04-13T13:16:01.639-0400] {logging_mixin.py:188} INFO - [2025-04-13T13:16:01.639-0400] {dag.py:3096} INFO - Sync 1 DAGs
[2025-04-13T13:16:01.644-0400] {logging_mixin.py:188} INFO - [2025-04-13T13:16:01.644-0400] {dag.py:3954} INFO - Setting next_dagrun for latest_only to 2025-04-13 12:00:00+00:00, run_after=2025-04-13 16:00:00+00:00
[2025-04-13T13:16:01.650-0400] {processor.py:183} INFO - Processing /opt/anaconda3/lib/python3.12/site-packages/airflow/example_dags/example_latest_only.py took 0.052 seconds
[2025-04-13T13:19:42.015-0400] {processor.py:161} INFO - Started process (PID=39001) to work on /opt/anaconda3/lib/python3.12/site-packages/airflow/example_dags/example_latest_only.py
[2025-04-13T13:19:42.016-0400] {processor.py:830} INFO - Processing file /opt/anaconda3/lib/python3.12/site-packages/airflow/example_dags/example_latest_only.py for tasks to queue
[2025-04-13T13:19:42.016-0400] {logging_mixin.py:188} INFO - [2025-04-13T13:19:42.016-0400] {dagbag.py:540} INFO - Filling up the DagBag from /opt/anaconda3/lib/python3.12/site-packages/airflow/example_dags/example_latest_only.py
[2025-04-13T13:19:42.019-0400] {processor.py:840} INFO - DAG(s) 'latest_only' retrieved from /opt/anaconda3/lib/python3.12/site-packages/airflow/example_dags/example_latest_only.py
[2025-04-13T13:19:42.084-0400] {logging_mixin.py:188} INFO - [2025-04-13T13:19:42.084-0400] {dag.py:3096} INFO - Sync 1 DAGs
[2025-04-13T13:19:42.090-0400] {logging_mixin.py:188} INFO - [2025-04-13T13:19:42.090-0400] {dag.py:3954} INFO - Setting next_dagrun for latest_only to 2025-04-13 12:00:00+00:00, run_after=2025-04-13 16:00:00+00:00
[2025-04-13T13:19:42.096-0400] {processor.py:183} INFO - Processing /opt/anaconda3/lib/python3.12/site-packages/airflow/example_dags/example_latest_only.py took 0.082 seconds
[2025-04-13T13:24:11.451-0400] {processor.py:161} INFO - Started process (PID=40901) to work on /opt/anaconda3/lib/python3.12/site-packages/airflow/example_dags/example_latest_only.py
[2025-04-13T13:24:11.451-0400] {processor.py:830} INFO - Processing file /opt/anaconda3/lib/python3.12/site-packages/airflow/example_dags/example_latest_only.py for tasks to queue
[2025-04-13T13:24:11.452-0400] {logging_mixin.py:188} INFO - [2025-04-13T13:24:11.452-0400] {dagbag.py:540} INFO - Filling up the DagBag from /opt/anaconda3/lib/python3.12/site-packages/airflow/example_dags/example_latest_only.py
[2025-04-13T13:24:11.454-0400] {processor.py:840} INFO - DAG(s) 'latest_only' retrieved from /opt/anaconda3/lib/python3.12/site-packages/airflow/example_dags/example_latest_only.py
[2025-04-13T13:24:11.517-0400] {logging_mixin.py:188} INFO - [2025-04-13T13:24:11.516-0400] {dag.py:3096} INFO - Sync 1 DAGs
[2025-04-13T13:24:11.522-0400] {logging_mixin.py:188} INFO - [2025-04-13T13:24:11.522-0400] {dag.py:3954} INFO - Setting next_dagrun for latest_only to 2025-04-13 12:00:00+00:00, run_after=2025-04-13 16:00:00+00:00
[2025-04-13T13:24:11.528-0400] {processor.py:183} INFO - Processing /opt/anaconda3/lib/python3.12/site-packages/airflow/example_dags/example_latest_only.py took 0.078 seconds
[2025-04-13T13:25:47.476-0400] {processor.py:161} INFO - Started process (PID=41547) to work on /opt/anaconda3/lib/python3.12/site-packages/airflow/example_dags/example_latest_only.py
[2025-04-13T13:25:47.477-0400] {processor.py:830} INFO - Processing file /opt/anaconda3/lib/python3.12/site-packages/airflow/example_dags/example_latest_only.py for tasks to queue
[2025-04-13T13:25:47.477-0400] {logging_mixin.py:188} INFO - [2025-04-13T13:25:47.477-0400] {dagbag.py:540} INFO - Filling up the DagBag from /opt/anaconda3/lib/python3.12/site-packages/airflow/example_dags/example_latest_only.py
[2025-04-13T13:25:47.479-0400] {processor.py:840} INFO - DAG(s) 'latest_only' retrieved from /opt/anaconda3/lib/python3.12/site-packages/airflow/example_dags/example_latest_only.py
[2025-04-13T13:25:47.515-0400] {logging_mixin.py:188} INFO - [2025-04-13T13:25:47.515-0400] {dag.py:3096} INFO - Sync 1 DAGs
[2025-04-13T13:25:47.520-0400] {logging_mixin.py:188} INFO - [2025-04-13T13:25:47.520-0400] {dag.py:3954} INFO - Setting next_dagrun for latest_only to 2025-04-13 12:00:00+00:00, run_after=2025-04-13 16:00:00+00:00
[2025-04-13T13:25:47.526-0400] {processor.py:183} INFO - Processing /opt/anaconda3/lib/python3.12/site-packages/airflow/example_dags/example_latest_only.py took 0.051 seconds
[2025-04-13T13:27:53.466-0400] {processor.py:161} INFO - Started process (PID=42391) to work on /opt/anaconda3/lib/python3.12/site-packages/airflow/example_dags/example_latest_only.py
[2025-04-13T13:27:53.467-0400] {processor.py:830} INFO - Processing file /opt/anaconda3/lib/python3.12/site-packages/airflow/example_dags/example_latest_only.py for tasks to queue
[2025-04-13T13:27:53.467-0400] {logging_mixin.py:188} INFO - [2025-04-13T13:27:53.467-0400] {dagbag.py:540} INFO - Filling up the DagBag from /opt/anaconda3/lib/python3.12/site-packages/airflow/example_dags/example_latest_only.py
[2025-04-13T13:27:53.470-0400] {processor.py:840} INFO - DAG(s) 'latest_only' retrieved from /opt/anaconda3/lib/python3.12/site-packages/airflow/example_dags/example_latest_only.py
[2025-04-13T13:27:53.506-0400] {logging_mixin.py:188} INFO - [2025-04-13T13:27:53.506-0400] {dag.py:3096} INFO - Sync 1 DAGs
[2025-04-13T13:27:53.511-0400] {logging_mixin.py:188} INFO - [2025-04-13T13:27:53.511-0400] {dag.py:3954} INFO - Setting next_dagrun for latest_only to 2025-04-13 12:00:00+00:00, run_after=2025-04-13 16:00:00+00:00
[2025-04-13T13:27:53.518-0400] {processor.py:183} INFO - Processing /opt/anaconda3/lib/python3.12/site-packages/airflow/example_dags/example_latest_only.py took 0.053 seconds
[2025-04-13T13:32:25.926-0400] {processor.py:161} INFO - Started process (PID=44171) to work on /opt/anaconda3/lib/python3.12/site-packages/airflow/example_dags/example_latest_only.py
[2025-04-13T13:32:25.927-0400] {processor.py:830} INFO - Processing file /opt/anaconda3/lib/python3.12/site-packages/airflow/example_dags/example_latest_only.py for tasks to queue
[2025-04-13T13:32:25.927-0400] {logging_mixin.py:188} INFO - [2025-04-13T13:32:25.927-0400] {dagbag.py:540} INFO - Filling up the DagBag from /opt/anaconda3/lib/python3.12/site-packages/airflow/example_dags/example_latest_only.py
[2025-04-13T13:32:25.930-0400] {processor.py:840} INFO - DAG(s) 'latest_only' retrieved from /opt/anaconda3/lib/python3.12/site-packages/airflow/example_dags/example_latest_only.py
[2025-04-13T13:32:25.965-0400] {logging_mixin.py:188} INFO - [2025-04-13T13:32:25.965-0400] {dag.py:3096} INFO - Sync 1 DAGs
[2025-04-13T13:32:25.970-0400] {logging_mixin.py:188} INFO - [2025-04-13T13:32:25.970-0400] {dag.py:3954} INFO - Setting next_dagrun for latest_only to 2025-04-13 12:00:00+00:00, run_after=2025-04-13 16:00:00+00:00
[2025-04-13T13:32:25.977-0400] {processor.py:183} INFO - Processing /opt/anaconda3/lib/python3.12/site-packages/airflow/example_dags/example_latest_only.py took 0.052 seconds
[2025-04-13T13:35:38.118-0400] {processor.py:161} INFO - Started process (PID=44883) to work on /opt/anaconda3/lib/python3.12/site-packages/airflow/example_dags/example_latest_only.py
[2025-04-13T13:35:38.119-0400] {processor.py:830} INFO - Processing file /opt/anaconda3/lib/python3.12/site-packages/airflow/example_dags/example_latest_only.py for tasks to queue
[2025-04-13T13:35:38.119-0400] {logging_mixin.py:188} INFO - [2025-04-13T13:35:38.119-0400] {dagbag.py:540} INFO - Filling up the DagBag from /opt/anaconda3/lib/python3.12/site-packages/airflow/example_dags/example_latest_only.py
[2025-04-13T13:35:38.122-0400] {processor.py:840} INFO - DAG(s) 'latest_only' retrieved from /opt/anaconda3/lib/python3.12/site-packages/airflow/example_dags/example_latest_only.py
[2025-04-13T13:35:38.159-0400] {logging_mixin.py:188} INFO - [2025-04-13T13:35:38.159-0400] {dag.py:3096} INFO - Sync 1 DAGs
[2025-04-13T13:35:38.165-0400] {logging_mixin.py:188} INFO - [2025-04-13T13:35:38.165-0400] {dag.py:3954} INFO - Setting next_dagrun for latest_only to 2025-04-13 12:00:00+00:00, run_after=2025-04-13 16:00:00+00:00
[2025-04-13T13:35:38.171-0400] {processor.py:183} INFO - Processing /opt/anaconda3/lib/python3.12/site-packages/airflow/example_dags/example_latest_only.py took 0.054 seconds
[2025-04-13T13:38:12.395-0400] {processor.py:161} INFO - Started process (PID=45927) to work on /opt/anaconda3/lib/python3.12/site-packages/airflow/example_dags/example_latest_only.py
[2025-04-13T13:38:12.396-0400] {processor.py:830} INFO - Processing file /opt/anaconda3/lib/python3.12/site-packages/airflow/example_dags/example_latest_only.py for tasks to queue
[2025-04-13T13:38:12.397-0400] {logging_mixin.py:188} INFO - [2025-04-13T13:38:12.397-0400] {dagbag.py:540} INFO - Filling up the DagBag from /opt/anaconda3/lib/python3.12/site-packages/airflow/example_dags/example_latest_only.py
[2025-04-13T13:38:12.399-0400] {processor.py:840} INFO - DAG(s) 'latest_only' retrieved from /opt/anaconda3/lib/python3.12/site-packages/airflow/example_dags/example_latest_only.py
[2025-04-13T13:38:12.435-0400] {logging_mixin.py:188} INFO - [2025-04-13T13:38:12.435-0400] {dag.py:3096} INFO - Sync 1 DAGs
[2025-04-13T13:38:12.440-0400] {logging_mixin.py:188} INFO - [2025-04-13T13:38:12.440-0400] {dag.py:3954} INFO - Setting next_dagrun for latest_only to 2025-04-13 12:00:00+00:00, run_after=2025-04-13 16:00:00+00:00
[2025-04-13T13:38:12.446-0400] {processor.py:183} INFO - Processing /opt/anaconda3/lib/python3.12/site-packages/airflow/example_dags/example_latest_only.py took 0.052 seconds
[2025-04-13T13:40:26.460-0400] {processor.py:161} INFO - Started process (PID=46851) to work on /opt/anaconda3/lib/python3.12/site-packages/airflow/example_dags/example_latest_only.py
[2025-04-13T13:40:26.461-0400] {processor.py:830} INFO - Processing file /opt/anaconda3/lib/python3.12/site-packages/airflow/example_dags/example_latest_only.py for tasks to queue
[2025-04-13T13:40:26.461-0400] {logging_mixin.py:188} INFO - [2025-04-13T13:40:26.461-0400] {dagbag.py:540} INFO - Filling up the DagBag from /opt/anaconda3/lib/python3.12/site-packages/airflow/example_dags/example_latest_only.py
[2025-04-13T13:40:26.464-0400] {processor.py:840} INFO - DAG(s) 'latest_only' retrieved from /opt/anaconda3/lib/python3.12/site-packages/airflow/example_dags/example_latest_only.py
[2025-04-13T13:40:26.499-0400] {logging_mixin.py:188} INFO - [2025-04-13T13:40:26.499-0400] {dag.py:3096} INFO - Sync 1 DAGs
[2025-04-13T13:40:26.504-0400] {logging_mixin.py:188} INFO - [2025-04-13T13:40:26.504-0400] {dag.py:3954} INFO - Setting next_dagrun for latest_only to 2025-04-13 12:00:00+00:00, run_after=2025-04-13 16:00:00+00:00
[2025-04-13T13:40:26.510-0400] {processor.py:183} INFO - Processing /opt/anaconda3/lib/python3.12/site-packages/airflow/example_dags/example_latest_only.py took 0.051 seconds
[2025-04-13T13:42:36.850-0400] {processor.py:161} INFO - Started process (PID=47722) to work on /opt/anaconda3/lib/python3.12/site-packages/airflow/example_dags/example_latest_only.py
[2025-04-13T13:42:36.851-0400] {processor.py:830} INFO - Processing file /opt/anaconda3/lib/python3.12/site-packages/airflow/example_dags/example_latest_only.py for tasks to queue
[2025-04-13T13:42:36.851-0400] {logging_mixin.py:188} INFO - [2025-04-13T13:42:36.851-0400] {dagbag.py:540} INFO - Filling up the DagBag from /opt/anaconda3/lib/python3.12/site-packages/airflow/example_dags/example_latest_only.py
[2025-04-13T13:42:36.854-0400] {processor.py:840} INFO - DAG(s) 'latest_only' retrieved from /opt/anaconda3/lib/python3.12/site-packages/airflow/example_dags/example_latest_only.py
[2025-04-13T13:42:36.889-0400] {logging_mixin.py:188} INFO - [2025-04-13T13:42:36.889-0400] {dag.py:3096} INFO - Sync 1 DAGs
[2025-04-13T13:42:36.894-0400] {logging_mixin.py:188} INFO - [2025-04-13T13:42:36.894-0400] {dag.py:3954} INFO - Setting next_dagrun for latest_only to 2025-04-13 12:00:00+00:00, run_after=2025-04-13 16:00:00+00:00
[2025-04-13T13:42:36.900-0400] {processor.py:183} INFO - Processing /opt/anaconda3/lib/python3.12/site-packages/airflow/example_dags/example_latest_only.py took 0.051 seconds
[2025-04-13T13:44:49.438-0400] {processor.py:161} INFO - Started process (PID=48624) to work on /opt/anaconda3/lib/python3.12/site-packages/airflow/example_dags/example_latest_only.py
[2025-04-13T13:44:49.439-0400] {processor.py:830} INFO - Processing file /opt/anaconda3/lib/python3.12/site-packages/airflow/example_dags/example_latest_only.py for tasks to queue
[2025-04-13T13:44:49.439-0400] {logging_mixin.py:188} INFO - [2025-04-13T13:44:49.439-0400] {dagbag.py:540} INFO - Filling up the DagBag from /opt/anaconda3/lib/python3.12/site-packages/airflow/example_dags/example_latest_only.py
[2025-04-13T13:44:49.442-0400] {processor.py:840} INFO - DAG(s) 'latest_only' retrieved from /opt/anaconda3/lib/python3.12/site-packages/airflow/example_dags/example_latest_only.py
[2025-04-13T13:44:49.477-0400] {logging_mixin.py:188} INFO - [2025-04-13T13:44:49.477-0400] {dag.py:3096} INFO - Sync 1 DAGs
[2025-04-13T13:44:49.482-0400] {logging_mixin.py:188} INFO - [2025-04-13T13:44:49.481-0400] {dag.py:3954} INFO - Setting next_dagrun for latest_only to 2025-04-13 12:00:00+00:00, run_after=2025-04-13 16:00:00+00:00
[2025-04-13T13:44:49.488-0400] {processor.py:183} INFO - Processing /opt/anaconda3/lib/python3.12/site-packages/airflow/example_dags/example_latest_only.py took 0.051 seconds
[2025-04-13T13:47:11.418-0400] {processor.py:161} INFO - Started process (PID=49564) to work on /opt/anaconda3/lib/python3.12/site-packages/airflow/example_dags/example_latest_only.py
[2025-04-13T13:47:11.419-0400] {processor.py:830} INFO - Processing file /opt/anaconda3/lib/python3.12/site-packages/airflow/example_dags/example_latest_only.py for tasks to queue
[2025-04-13T13:47:11.419-0400] {logging_mixin.py:188} INFO - [2025-04-13T13:47:11.419-0400] {dagbag.py:540} INFO - Filling up the DagBag from /opt/anaconda3/lib/python3.12/site-packages/airflow/example_dags/example_latest_only.py
[2025-04-13T13:47:11.422-0400] {processor.py:840} INFO - DAG(s) 'latest_only' retrieved from /opt/anaconda3/lib/python3.12/site-packages/airflow/example_dags/example_latest_only.py
[2025-04-13T13:47:11.457-0400] {logging_mixin.py:188} INFO - [2025-04-13T13:47:11.457-0400] {dag.py:3096} INFO - Sync 1 DAGs
[2025-04-13T13:47:11.462-0400] {logging_mixin.py:188} INFO - [2025-04-13T13:47:11.462-0400] {dag.py:3954} INFO - Setting next_dagrun for latest_only to 2025-04-13 12:00:00+00:00, run_after=2025-04-13 16:00:00+00:00
[2025-04-13T13:47:11.468-0400] {processor.py:183} INFO - Processing /opt/anaconda3/lib/python3.12/site-packages/airflow/example_dags/example_latest_only.py took 0.052 seconds
[2025-04-13T13:49:31.695-0400] {processor.py:161} INFO - Started process (PID=50480) to work on /opt/anaconda3/lib/python3.12/site-packages/airflow/example_dags/example_latest_only.py
[2025-04-13T13:49:31.697-0400] {processor.py:830} INFO - Processing file /opt/anaconda3/lib/python3.12/site-packages/airflow/example_dags/example_latest_only.py for tasks to queue
[2025-04-13T13:49:31.697-0400] {logging_mixin.py:188} INFO - [2025-04-13T13:49:31.697-0400] {dagbag.py:540} INFO - Filling up the DagBag from /opt/anaconda3/lib/python3.12/site-packages/airflow/example_dags/example_latest_only.py
[2025-04-13T13:49:31.699-0400] {processor.py:840} INFO - DAG(s) 'latest_only' retrieved from /opt/anaconda3/lib/python3.12/site-packages/airflow/example_dags/example_latest_only.py
[2025-04-13T13:49:31.735-0400] {logging_mixin.py:188} INFO - [2025-04-13T13:49:31.735-0400] {dag.py:3096} INFO - Sync 1 DAGs
[2025-04-13T13:49:31.740-0400] {logging_mixin.py:188} INFO - [2025-04-13T13:49:31.740-0400] {dag.py:3954} INFO - Setting next_dagrun for latest_only to 2025-04-13 12:00:00+00:00, run_after=2025-04-13 16:00:00+00:00
[2025-04-13T13:49:31.747-0400] {processor.py:183} INFO - Processing /opt/anaconda3/lib/python3.12/site-packages/airflow/example_dags/example_latest_only.py took 0.052 seconds
[2025-04-13T13:51:49.249-0400] {processor.py:161} INFO - Started process (PID=51418) to work on /opt/anaconda3/lib/python3.12/site-packages/airflow/example_dags/example_latest_only.py
[2025-04-13T13:51:49.250-0400] {processor.py:830} INFO - Processing file /opt/anaconda3/lib/python3.12/site-packages/airflow/example_dags/example_latest_only.py for tasks to queue
[2025-04-13T13:51:49.250-0400] {logging_mixin.py:188} INFO - [2025-04-13T13:51:49.250-0400] {dagbag.py:540} INFO - Filling up the DagBag from /opt/anaconda3/lib/python3.12/site-packages/airflow/example_dags/example_latest_only.py
[2025-04-13T13:51:49.252-0400] {processor.py:840} INFO - DAG(s) 'latest_only' retrieved from /opt/anaconda3/lib/python3.12/site-packages/airflow/example_dags/example_latest_only.py
[2025-04-13T13:51:49.287-0400] {logging_mixin.py:188} INFO - [2025-04-13T13:51:49.287-0400] {dag.py:3096} INFO - Sync 1 DAGs
[2025-04-13T13:51:49.292-0400] {logging_mixin.py:188} INFO - [2025-04-13T13:51:49.292-0400] {dag.py:3954} INFO - Setting next_dagrun for latest_only to 2025-04-13 12:00:00+00:00, run_after=2025-04-13 16:00:00+00:00
[2025-04-13T13:51:49.299-0400] {processor.py:183} INFO - Processing /opt/anaconda3/lib/python3.12/site-packages/airflow/example_dags/example_latest_only.py took 0.051 seconds
[2025-04-13T13:54:10.208-0400] {processor.py:161} INFO - Started process (PID=52364) to work on /opt/anaconda3/lib/python3.12/site-packages/airflow/example_dags/example_latest_only.py
[2025-04-13T13:54:10.209-0400] {processor.py:830} INFO - Processing file /opt/anaconda3/lib/python3.12/site-packages/airflow/example_dags/example_latest_only.py for tasks to queue
[2025-04-13T13:54:10.209-0400] {logging_mixin.py:188} INFO - [2025-04-13T13:54:10.209-0400] {dagbag.py:540} INFO - Filling up the DagBag from /opt/anaconda3/lib/python3.12/site-packages/airflow/example_dags/example_latest_only.py
[2025-04-13T13:54:10.212-0400] {processor.py:840} INFO - DAG(s) 'latest_only' retrieved from /opt/anaconda3/lib/python3.12/site-packages/airflow/example_dags/example_latest_only.py
[2025-04-13T13:54:10.247-0400] {logging_mixin.py:188} INFO - [2025-04-13T13:54:10.247-0400] {dag.py:3096} INFO - Sync 1 DAGs
[2025-04-13T13:54:10.252-0400] {logging_mixin.py:188} INFO - [2025-04-13T13:54:10.252-0400] {dag.py:3954} INFO - Setting next_dagrun for latest_only to 2025-04-13 12:00:00+00:00, run_after=2025-04-13 16:00:00+00:00
[2025-04-13T13:54:10.258-0400] {processor.py:183} INFO - Processing /opt/anaconda3/lib/python3.12/site-packages/airflow/example_dags/example_latest_only.py took 0.051 seconds
[2025-04-13T13:56:25.514-0400] {processor.py:161} INFO - Started process (PID=53270) to work on /opt/anaconda3/lib/python3.12/site-packages/airflow/example_dags/example_latest_only.py
[2025-04-13T13:56:25.515-0400] {processor.py:830} INFO - Processing file /opt/anaconda3/lib/python3.12/site-packages/airflow/example_dags/example_latest_only.py for tasks to queue
[2025-04-13T13:56:25.515-0400] {logging_mixin.py:188} INFO - [2025-04-13T13:56:25.515-0400] {dagbag.py:540} INFO - Filling up the DagBag from /opt/anaconda3/lib/python3.12/site-packages/airflow/example_dags/example_latest_only.py
[2025-04-13T13:56:25.518-0400] {processor.py:840} INFO - DAG(s) 'latest_only' retrieved from /opt/anaconda3/lib/python3.12/site-packages/airflow/example_dags/example_latest_only.py
[2025-04-13T13:56:25.554-0400] {logging_mixin.py:188} INFO - [2025-04-13T13:56:25.554-0400] {dag.py:3096} INFO - Sync 1 DAGs
[2025-04-13T13:56:25.560-0400] {logging_mixin.py:188} INFO - [2025-04-13T13:56:25.559-0400] {dag.py:3954} INFO - Setting next_dagrun for latest_only to 2025-04-13 12:00:00+00:00, run_after=2025-04-13 16:00:00+00:00
[2025-04-13T13:56:25.566-0400] {processor.py:183} INFO - Processing /opt/anaconda3/lib/python3.12/site-packages/airflow/example_dags/example_latest_only.py took 0.053 seconds
[2025-04-13T13:58:40.775-0400] {processor.py:161} INFO - Started process (PID=54194) to work on /opt/anaconda3/lib/python3.12/site-packages/airflow/example_dags/example_latest_only.py
[2025-04-13T13:58:40.776-0400] {processor.py:830} INFO - Processing file /opt/anaconda3/lib/python3.12/site-packages/airflow/example_dags/example_latest_only.py for tasks to queue
[2025-04-13T13:58:40.777-0400] {logging_mixin.py:188} INFO - [2025-04-13T13:58:40.776-0400] {dagbag.py:540} INFO - Filling up the DagBag from /opt/anaconda3/lib/python3.12/site-packages/airflow/example_dags/example_latest_only.py
[2025-04-13T13:58:40.779-0400] {processor.py:840} INFO - DAG(s) 'latest_only' retrieved from /opt/anaconda3/lib/python3.12/site-packages/airflow/example_dags/example_latest_only.py
[2025-04-13T13:58:40.815-0400] {logging_mixin.py:188} INFO - [2025-04-13T13:58:40.815-0400] {dag.py:3096} INFO - Sync 1 DAGs
[2025-04-13T13:58:40.820-0400] {logging_mixin.py:188} INFO - [2025-04-13T13:58:40.820-0400] {dag.py:3954} INFO - Setting next_dagrun for latest_only to 2025-04-13 12:00:00+00:00, run_after=2025-04-13 16:00:00+00:00
[2025-04-13T13:58:40.826-0400] {processor.py:183} INFO - Processing /opt/anaconda3/lib/python3.12/site-packages/airflow/example_dags/example_latest_only.py took 0.051 seconds
[2025-04-13T14:00:56.550-0400] {processor.py:161} INFO - Started process (PID=55165) to work on /opt/anaconda3/lib/python3.12/site-packages/airflow/example_dags/example_latest_only.py
[2025-04-13T14:00:56.551-0400] {processor.py:830} INFO - Processing file /opt/anaconda3/lib/python3.12/site-packages/airflow/example_dags/example_latest_only.py for tasks to queue
[2025-04-13T14:00:56.552-0400] {logging_mixin.py:188} INFO - [2025-04-13T14:00:56.552-0400] {dagbag.py:540} INFO - Filling up the DagBag from /opt/anaconda3/lib/python3.12/site-packages/airflow/example_dags/example_latest_only.py
[2025-04-13T14:00:56.554-0400] {processor.py:840} INFO - DAG(s) 'latest_only' retrieved from /opt/anaconda3/lib/python3.12/site-packages/airflow/example_dags/example_latest_only.py
[2025-04-13T14:00:56.590-0400] {logging_mixin.py:188} INFO - [2025-04-13T14:00:56.590-0400] {dag.py:3096} INFO - Sync 1 DAGs
[2025-04-13T14:00:56.595-0400] {logging_mixin.py:188} INFO - [2025-04-13T14:00:56.595-0400] {dag.py:3954} INFO - Setting next_dagrun for latest_only to 2025-04-13 12:00:00+00:00, run_after=2025-04-13 16:00:00+00:00
[2025-04-13T14:00:56.601-0400] {processor.py:183} INFO - Processing /opt/anaconda3/lib/python3.12/site-packages/airflow/example_dags/example_latest_only.py took 0.051 seconds
