[2025-04-13T13:05:54.621-0400] {processor.py:161} INFO - Started process (PID=33602) to work on /opt/anaconda3/lib/python3.12/site-packages/airflow/example_dags/example_trigger_controller_dag.py
[2025-04-13T13:05:54.621-0400] {processor.py:830} INFO - Processing file /opt/anaconda3/lib/python3.12/site-packages/airflow/example_dags/example_trigger_controller_dag.py for tasks to queue
[2025-04-13T13:05:54.621-0400] {logging_mixin.py:188} INFO - [2025-04-13T13:05:54.621-0400] {dagbag.py:540} INFO - Filling up the DagBag from /opt/anaconda3/lib/python3.12/site-packages/airflow/example_dags/example_trigger_controller_dag.py
[2025-04-13T13:05:54.625-0400] {processor.py:840} INFO - DAG(s) 'example_trigger_controller_dag' retrieved from /opt/anaconda3/lib/python3.12/site-packages/airflow/example_dags/example_trigger_controller_dag.py
[2025-04-13T13:05:54.687-0400] {logging_mixin.py:188} INFO - [2025-04-13T13:05:54.687-0400] {override.py:1930} INFO - Created Permission View: can read on DAG:example_trigger_controller_dag
[2025-04-13T13:05:54.689-0400] {logging_mixin.py:188} INFO - [2025-04-13T13:05:54.689-0400] {override.py:1930} INFO - Created Permission View: can delete on DAG:example_trigger_controller_dag
[2025-04-13T13:05:54.691-0400] {logging_mixin.py:188} INFO - [2025-04-13T13:05:54.691-0400] {override.py:1930} INFO - Created Permission View: can edit on DAG:example_trigger_controller_dag
[2025-04-13T13:05:54.691-0400] {logging_mixin.py:188} INFO - [2025-04-13T13:05:54.691-0400] {dag.py:3096} INFO - Sync 1 DAGs
[2025-04-13T13:05:54.695-0400] {logging_mixin.py:188} INFO - [2025-04-13T13:05:54.695-0400] {dag.py:3118} INFO - Creating ORM DAG for example_trigger_controller_dag
[2025-04-13T13:05:54.697-0400] {logging_mixin.py:188} INFO - [2025-04-13T13:05:54.697-0400] {dag.py:3954} INFO - Setting next_dagrun for example_trigger_controller_dag to 2021-01-01 00:00:00+00:00, run_after=2021-01-01 00:00:00+00:00
[2025-04-13T13:05:54.702-0400] {processor.py:183} INFO - Processing /opt/anaconda3/lib/python3.12/site-packages/airflow/example_dags/example_trigger_controller_dag.py took 0.082 seconds
[2025-04-13T13:07:49.084-0400] {processor.py:161} INFO - Started process (PID=34387) to work on /opt/anaconda3/lib/python3.12/site-packages/airflow/example_dags/example_trigger_controller_dag.py
[2025-04-13T13:07:49.085-0400] {processor.py:830} INFO - Processing file /opt/anaconda3/lib/python3.12/site-packages/airflow/example_dags/example_trigger_controller_dag.py for tasks to queue
[2025-04-13T13:07:49.085-0400] {logging_mixin.py:188} INFO - [2025-04-13T13:07:49.085-0400] {dagbag.py:540} INFO - Filling up the DagBag from /opt/anaconda3/lib/python3.12/site-packages/airflow/example_dags/example_trigger_controller_dag.py
[2025-04-13T13:07:49.089-0400] {processor.py:840} INFO - DAG(s) 'example_trigger_controller_dag' retrieved from /opt/anaconda3/lib/python3.12/site-packages/airflow/example_dags/example_trigger_controller_dag.py
[2025-04-13T13:07:49.122-0400] {logging_mixin.py:188} INFO - [2025-04-13T13:07:49.122-0400] {dag.py:3096} INFO - Sync 1 DAGs
[2025-04-13T13:07:49.126-0400] {logging_mixin.py:188} INFO - [2025-04-13T13:07:49.126-0400] {dag.py:3954} INFO - Setting next_dagrun for example_trigger_controller_dag to 2021-01-01 00:00:00+00:00, run_after=2021-01-01 00:00:00+00:00
[2025-04-13T13:07:49.133-0400] {processor.py:183} INFO - Processing /opt/anaconda3/lib/python3.12/site-packages/airflow/example_dags/example_trigger_controller_dag.py took 0.050 seconds
[2025-04-13T13:09:28.915-0400] {processor.py:161} INFO - Started process (PID=35078) to work on /opt/anaconda3/lib/python3.12/site-packages/airflow/example_dags/example_trigger_controller_dag.py
[2025-04-13T13:09:28.916-0400] {processor.py:830} INFO - Processing file /opt/anaconda3/lib/python3.12/site-packages/airflow/example_dags/example_trigger_controller_dag.py for tasks to queue
[2025-04-13T13:09:28.916-0400] {logging_mixin.py:188} INFO - [2025-04-13T13:09:28.916-0400] {dagbag.py:540} INFO - Filling up the DagBag from /opt/anaconda3/lib/python3.12/site-packages/airflow/example_dags/example_trigger_controller_dag.py
[2025-04-13T13:09:28.920-0400] {processor.py:840} INFO - DAG(s) 'example_trigger_controller_dag' retrieved from /opt/anaconda3/lib/python3.12/site-packages/airflow/example_dags/example_trigger_controller_dag.py
[2025-04-13T13:09:28.955-0400] {logging_mixin.py:188} INFO - [2025-04-13T13:09:28.955-0400] {dag.py:3096} INFO - Sync 1 DAGs
[2025-04-13T13:09:28.960-0400] {logging_mixin.py:188} INFO - [2025-04-13T13:09:28.960-0400] {dag.py:3954} INFO - Setting next_dagrun for example_trigger_controller_dag to 2021-01-01 00:00:00+00:00, run_after=2021-01-01 00:00:00+00:00
[2025-04-13T13:09:28.967-0400] {processor.py:183} INFO - Processing /opt/anaconda3/lib/python3.12/site-packages/airflow/example_dags/example_trigger_controller_dag.py took 0.053 seconds
[2025-04-13T13:15:22.360-0400] {processor.py:161} INFO - Started process (PID=37227) to work on /opt/anaconda3/lib/python3.12/site-packages/airflow/example_dags/example_trigger_controller_dag.py
[2025-04-13T13:15:22.360-0400] {processor.py:830} INFO - Processing file /opt/anaconda3/lib/python3.12/site-packages/airflow/example_dags/example_trigger_controller_dag.py for tasks to queue
[2025-04-13T13:15:22.360-0400] {logging_mixin.py:188} INFO - [2025-04-13T13:15:22.360-0400] {dagbag.py:540} INFO - Filling up the DagBag from /opt/anaconda3/lib/python3.12/site-packages/airflow/example_dags/example_trigger_controller_dag.py
[2025-04-13T13:15:22.364-0400] {processor.py:840} INFO - DAG(s) 'example_trigger_controller_dag' retrieved from /opt/anaconda3/lib/python3.12/site-packages/airflow/example_dags/example_trigger_controller_dag.py
[2025-04-13T13:15:22.401-0400] {logging_mixin.py:188} INFO - [2025-04-13T13:15:22.400-0400] {dag.py:3096} INFO - Sync 1 DAGs
[2025-04-13T13:15:22.406-0400] {logging_mixin.py:188} INFO - [2025-04-13T13:15:22.405-0400] {dag.py:3954} INFO - Setting next_dagrun for example_trigger_controller_dag to 2021-01-01 00:00:00+00:00, run_after=2021-01-01 00:00:00+00:00
[2025-04-13T13:15:22.412-0400] {processor.py:183} INFO - Processing /opt/anaconda3/lib/python3.12/site-packages/airflow/example_dags/example_trigger_controller_dag.py took 0.054 seconds
[2025-04-13T13:19:02.147-0400] {processor.py:161} INFO - Started process (PID=38700) to work on /opt/anaconda3/lib/python3.12/site-packages/airflow/example_dags/example_trigger_controller_dag.py
[2025-04-13T13:19:02.148-0400] {processor.py:830} INFO - Processing file /opt/anaconda3/lib/python3.12/site-packages/airflow/example_dags/example_trigger_controller_dag.py for tasks to queue
[2025-04-13T13:19:02.148-0400] {logging_mixin.py:188} INFO - [2025-04-13T13:19:02.148-0400] {dagbag.py:540} INFO - Filling up the DagBag from /opt/anaconda3/lib/python3.12/site-packages/airflow/example_dags/example_trigger_controller_dag.py
[2025-04-13T13:19:02.152-0400] {processor.py:840} INFO - DAG(s) 'example_trigger_controller_dag' retrieved from /opt/anaconda3/lib/python3.12/site-packages/airflow/example_dags/example_trigger_controller_dag.py
[2025-04-13T13:19:02.215-0400] {logging_mixin.py:188} INFO - [2025-04-13T13:19:02.215-0400] {dag.py:3096} INFO - Sync 1 DAGs
[2025-04-13T13:19:02.221-0400] {logging_mixin.py:188} INFO - [2025-04-13T13:19:02.221-0400] {dag.py:3954} INFO - Setting next_dagrun for example_trigger_controller_dag to 2021-01-01 00:00:00+00:00, run_after=2021-01-01 00:00:00+00:00
[2025-04-13T13:19:02.227-0400] {processor.py:183} INFO - Processing /opt/anaconda3/lib/python3.12/site-packages/airflow/example_dags/example_trigger_controller_dag.py took 0.081 seconds
[2025-04-13T13:23:30.957-0400] {processor.py:161} INFO - Started process (PID=40636) to work on /opt/anaconda3/lib/python3.12/site-packages/airflow/example_dags/example_trigger_controller_dag.py
[2025-04-13T13:23:30.959-0400] {processor.py:830} INFO - Processing file /opt/anaconda3/lib/python3.12/site-packages/airflow/example_dags/example_trigger_controller_dag.py for tasks to queue
[2025-04-13T13:23:30.962-0400] {logging_mixin.py:188} INFO - [2025-04-13T13:23:30.962-0400] {dagbag.py:540} INFO - Filling up the DagBag from /opt/anaconda3/lib/python3.12/site-packages/airflow/example_dags/example_trigger_controller_dag.py
[2025-04-13T13:23:30.966-0400] {processor.py:840} INFO - DAG(s) 'example_trigger_controller_dag' retrieved from /opt/anaconda3/lib/python3.12/site-packages/airflow/example_dags/example_trigger_controller_dag.py
[2025-04-13T13:23:31.041-0400] {logging_mixin.py:188} INFO - [2025-04-13T13:23:31.041-0400] {dag.py:3096} INFO - Sync 1 DAGs
[2025-04-13T13:23:31.046-0400] {logging_mixin.py:188} INFO - [2025-04-13T13:23:31.046-0400] {dag.py:3954} INFO - Setting next_dagrun for example_trigger_controller_dag to 2021-01-01 00:00:00+00:00, run_after=2021-01-01 00:00:00+00:00
[2025-04-13T13:23:31.052-0400] {processor.py:183} INFO - Processing /opt/anaconda3/lib/python3.12/site-packages/airflow/example_dags/example_trigger_controller_dag.py took 0.096 seconds
[2025-04-13T13:25:10.416-0400] {processor.py:161} INFO - Started process (PID=41311) to work on /opt/anaconda3/lib/python3.12/site-packages/airflow/example_dags/example_trigger_controller_dag.py
[2025-04-13T13:25:10.417-0400] {processor.py:830} INFO - Processing file /opt/anaconda3/lib/python3.12/site-packages/airflow/example_dags/example_trigger_controller_dag.py for tasks to queue
[2025-04-13T13:25:10.417-0400] {logging_mixin.py:188} INFO - [2025-04-13T13:25:10.417-0400] {dagbag.py:540} INFO - Filling up the DagBag from /opt/anaconda3/lib/python3.12/site-packages/airflow/example_dags/example_trigger_controller_dag.py
[2025-04-13T13:25:10.421-0400] {processor.py:840} INFO - DAG(s) 'example_trigger_controller_dag' retrieved from /opt/anaconda3/lib/python3.12/site-packages/airflow/example_dags/example_trigger_controller_dag.py
[2025-04-13T13:25:10.455-0400] {logging_mixin.py:188} INFO - [2025-04-13T13:25:10.455-0400] {dag.py:3096} INFO - Sync 1 DAGs
[2025-04-13T13:25:10.460-0400] {logging_mixin.py:188} INFO - [2025-04-13T13:25:10.460-0400] {dag.py:3954} INFO - Setting next_dagrun for example_trigger_controller_dag to 2021-01-01 00:00:00+00:00, run_after=2021-01-01 00:00:00+00:00
[2025-04-13T13:25:10.466-0400] {processor.py:183} INFO - Processing /opt/anaconda3/lib/python3.12/site-packages/airflow/example_dags/example_trigger_controller_dag.py took 0.051 seconds
[2025-04-13T13:26:16.802-0400] {processor.py:161} INFO - Started process (PID=41744) to work on /opt/anaconda3/lib/python3.12/site-packages/airflow/example_dags/example_trigger_controller_dag.py
[2025-04-13T13:26:16.802-0400] {processor.py:830} INFO - Processing file /opt/anaconda3/lib/python3.12/site-packages/airflow/example_dags/example_trigger_controller_dag.py for tasks to queue
[2025-04-13T13:26:16.802-0400] {logging_mixin.py:188} INFO - [2025-04-13T13:26:16.802-0400] {dagbag.py:540} INFO - Filling up the DagBag from /opt/anaconda3/lib/python3.12/site-packages/airflow/example_dags/example_trigger_controller_dag.py
[2025-04-13T13:26:16.807-0400] {processor.py:840} INFO - DAG(s) 'example_trigger_controller_dag' retrieved from /opt/anaconda3/lib/python3.12/site-packages/airflow/example_dags/example_trigger_controller_dag.py
[2025-04-13T13:26:16.840-0400] {logging_mixin.py:188} INFO - [2025-04-13T13:26:16.839-0400] {dag.py:3096} INFO - Sync 1 DAGs
[2025-04-13T13:26:16.844-0400] {logging_mixin.py:188} INFO - [2025-04-13T13:26:16.844-0400] {dag.py:3954} INFO - Setting next_dagrun for example_trigger_controller_dag to 2021-01-01 00:00:00+00:00, run_after=2021-01-01 00:00:00+00:00
[2025-04-13T13:26:16.850-0400] {processor.py:183} INFO - Processing /opt/anaconda3/lib/python3.12/site-packages/airflow/example_dags/example_trigger_controller_dag.py took 0.049 seconds
[2025-04-13T13:27:18.308-0400] {processor.py:161} INFO - Started process (PID=42150) to work on /opt/anaconda3/lib/python3.12/site-packages/airflow/example_dags/example_trigger_controller_dag.py
[2025-04-13T13:27:18.309-0400] {processor.py:830} INFO - Processing file /opt/anaconda3/lib/python3.12/site-packages/airflow/example_dags/example_trigger_controller_dag.py for tasks to queue
[2025-04-13T13:27:18.309-0400] {logging_mixin.py:188} INFO - [2025-04-13T13:27:18.309-0400] {dagbag.py:540} INFO - Filling up the DagBag from /opt/anaconda3/lib/python3.12/site-packages/airflow/example_dags/example_trigger_controller_dag.py
[2025-04-13T13:27:18.313-0400] {processor.py:840} INFO - DAG(s) 'example_trigger_controller_dag' retrieved from /opt/anaconda3/lib/python3.12/site-packages/airflow/example_dags/example_trigger_controller_dag.py
[2025-04-13T13:27:18.349-0400] {logging_mixin.py:188} INFO - [2025-04-13T13:27:18.349-0400] {dag.py:3096} INFO - Sync 1 DAGs
[2025-04-13T13:27:18.354-0400] {logging_mixin.py:188} INFO - [2025-04-13T13:27:18.354-0400] {dag.py:3954} INFO - Setting next_dagrun for example_trigger_controller_dag to 2021-01-01 00:00:00+00:00, run_after=2021-01-01 00:00:00+00:00
[2025-04-13T13:27:18.360-0400] {processor.py:183} INFO - Processing /opt/anaconda3/lib/python3.12/site-packages/airflow/example_dags/example_trigger_controller_dag.py took 0.053 seconds
[2025-04-13T13:28:21.008-0400] {processor.py:161} INFO - Started process (PID=42573) to work on /opt/anaconda3/lib/python3.12/site-packages/airflow/example_dags/example_trigger_controller_dag.py
[2025-04-13T13:28:21.009-0400] {processor.py:830} INFO - Processing file /opt/anaconda3/lib/python3.12/site-packages/airflow/example_dags/example_trigger_controller_dag.py for tasks to queue
[2025-04-13T13:28:21.009-0400] {logging_mixin.py:188} INFO - [2025-04-13T13:28:21.009-0400] {dagbag.py:540} INFO - Filling up the DagBag from /opt/anaconda3/lib/python3.12/site-packages/airflow/example_dags/example_trigger_controller_dag.py
[2025-04-13T13:28:21.013-0400] {processor.py:840} INFO - DAG(s) 'example_trigger_controller_dag' retrieved from /opt/anaconda3/lib/python3.12/site-packages/airflow/example_dags/example_trigger_controller_dag.py
[2025-04-13T13:28:21.046-0400] {logging_mixin.py:188} INFO - [2025-04-13T13:28:21.046-0400] {dag.py:3096} INFO - Sync 1 DAGs
[2025-04-13T13:28:21.051-0400] {logging_mixin.py:188} INFO - [2025-04-13T13:28:21.051-0400] {dag.py:3954} INFO - Setting next_dagrun for example_trigger_controller_dag to 2021-01-01 00:00:00+00:00, run_after=2021-01-01 00:00:00+00:00
[2025-04-13T13:28:21.057-0400] {processor.py:183} INFO - Processing /opt/anaconda3/lib/python3.12/site-packages/airflow/example_dags/example_trigger_controller_dag.py took 0.051 seconds
[2025-04-13T13:29:30.069-0400] {processor.py:161} INFO - Started process (PID=43032) to work on /opt/anaconda3/lib/python3.12/site-packages/airflow/example_dags/example_trigger_controller_dag.py
[2025-04-13T13:29:30.070-0400] {processor.py:830} INFO - Processing file /opt/anaconda3/lib/python3.12/site-packages/airflow/example_dags/example_trigger_controller_dag.py for tasks to queue
[2025-04-13T13:29:30.071-0400] {logging_mixin.py:188} INFO - [2025-04-13T13:29:30.071-0400] {dagbag.py:540} INFO - Filling up the DagBag from /opt/anaconda3/lib/python3.12/site-packages/airflow/example_dags/example_trigger_controller_dag.py
[2025-04-13T13:29:30.074-0400] {processor.py:840} INFO - DAG(s) 'example_trigger_controller_dag' retrieved from /opt/anaconda3/lib/python3.12/site-packages/airflow/example_dags/example_trigger_controller_dag.py
[2025-04-13T13:29:30.107-0400] {logging_mixin.py:188} INFO - [2025-04-13T13:29:30.107-0400] {dag.py:3096} INFO - Sync 1 DAGs
[2025-04-13T13:29:30.111-0400] {logging_mixin.py:188} INFO - [2025-04-13T13:29:30.111-0400] {dag.py:3954} INFO - Setting next_dagrun for example_trigger_controller_dag to 2021-01-01 00:00:00+00:00, run_after=2021-01-01 00:00:00+00:00
[2025-04-13T13:29:30.117-0400] {processor.py:183} INFO - Processing /opt/anaconda3/lib/python3.12/site-packages/airflow/example_dags/example_trigger_controller_dag.py took 0.049 seconds
[2025-04-13T13:31:47.523-0400] {processor.py:161} INFO - Started process (PID=43921) to work on /opt/anaconda3/lib/python3.12/site-packages/airflow/example_dags/example_trigger_controller_dag.py
[2025-04-13T13:31:47.524-0400] {processor.py:830} INFO - Processing file /opt/anaconda3/lib/python3.12/site-packages/airflow/example_dags/example_trigger_controller_dag.py for tasks to queue
[2025-04-13T13:31:47.524-0400] {logging_mixin.py:188} INFO - [2025-04-13T13:31:47.524-0400] {dagbag.py:540} INFO - Filling up the DagBag from /opt/anaconda3/lib/python3.12/site-packages/airflow/example_dags/example_trigger_controller_dag.py
[2025-04-13T13:31:47.528-0400] {processor.py:840} INFO - DAG(s) 'example_trigger_controller_dag' retrieved from /opt/anaconda3/lib/python3.12/site-packages/airflow/example_dags/example_trigger_controller_dag.py
[2025-04-13T13:31:47.562-0400] {logging_mixin.py:188} INFO - [2025-04-13T13:31:47.562-0400] {dag.py:3096} INFO - Sync 1 DAGs
[2025-04-13T13:31:47.567-0400] {logging_mixin.py:188} INFO - [2025-04-13T13:31:47.567-0400] {dag.py:3954} INFO - Setting next_dagrun for example_trigger_controller_dag to 2021-01-01 00:00:00+00:00, run_after=2021-01-01 00:00:00+00:00
[2025-04-13T13:31:47.574-0400] {processor.py:183} INFO - Processing /opt/anaconda3/lib/python3.12/site-packages/airflow/example_dags/example_trigger_controller_dag.py took 0.052 seconds
[2025-04-13T13:33:25.138-0400] {processor.py:161} INFO - Started process (PID=44565) to work on /opt/anaconda3/lib/python3.12/site-packages/airflow/example_dags/example_trigger_controller_dag.py
[2025-04-13T13:33:25.139-0400] {processor.py:830} INFO - Processing file /opt/anaconda3/lib/python3.12/site-packages/airflow/example_dags/example_trigger_controller_dag.py for tasks to queue
[2025-04-13T13:33:25.139-0400] {logging_mixin.py:188} INFO - [2025-04-13T13:33:25.139-0400] {dagbag.py:540} INFO - Filling up the DagBag from /opt/anaconda3/lib/python3.12/site-packages/airflow/example_dags/example_trigger_controller_dag.py
[2025-04-13T13:33:25.143-0400] {processor.py:840} INFO - DAG(s) 'example_trigger_controller_dag' retrieved from /opt/anaconda3/lib/python3.12/site-packages/airflow/example_dags/example_trigger_controller_dag.py
[2025-04-13T13:33:25.178-0400] {logging_mixin.py:188} INFO - [2025-04-13T13:33:25.178-0400] {dag.py:3096} INFO - Sync 1 DAGs
[2025-04-13T13:33:25.183-0400] {logging_mixin.py:188} INFO - [2025-04-13T13:33:25.183-0400] {dag.py:3954} INFO - Setting next_dagrun for example_trigger_controller_dag to 2021-01-01 00:00:00+00:00, run_after=2021-01-01 00:00:00+00:00
[2025-04-13T13:33:25.190-0400] {processor.py:183} INFO - Processing /opt/anaconda3/lib/python3.12/site-packages/airflow/example_dags/example_trigger_controller_dag.py took 0.053 seconds
[2025-04-13T13:36:10.815-0400] {processor.py:161} INFO - Started process (PID=45119) to work on /opt/anaconda3/lib/python3.12/site-packages/airflow/example_dags/example_trigger_controller_dag.py
[2025-04-13T13:36:10.816-0400] {processor.py:830} INFO - Processing file /opt/anaconda3/lib/python3.12/site-packages/airflow/example_dags/example_trigger_controller_dag.py for tasks to queue
[2025-04-13T13:36:10.816-0400] {logging_mixin.py:188} INFO - [2025-04-13T13:36:10.816-0400] {dagbag.py:540} INFO - Filling up the DagBag from /opt/anaconda3/lib/python3.12/site-packages/airflow/example_dags/example_trigger_controller_dag.py
[2025-04-13T13:36:10.820-0400] {processor.py:840} INFO - DAG(s) 'example_trigger_controller_dag' retrieved from /opt/anaconda3/lib/python3.12/site-packages/airflow/example_dags/example_trigger_controller_dag.py
[2025-04-13T13:36:10.855-0400] {logging_mixin.py:188} INFO - [2025-04-13T13:36:10.855-0400] {dag.py:3096} INFO - Sync 1 DAGs
[2025-04-13T13:36:10.860-0400] {logging_mixin.py:188} INFO - [2025-04-13T13:36:10.859-0400] {dag.py:3954} INFO - Setting next_dagrun for example_trigger_controller_dag to 2021-01-01 00:00:00+00:00, run_after=2021-01-01 00:00:00+00:00
[2025-04-13T13:36:10.866-0400] {processor.py:183} INFO - Processing /opt/anaconda3/lib/python3.12/site-packages/airflow/example_dags/example_trigger_controller_dag.py took 0.052 seconds
[2025-04-13T13:37:35.314-0400] {processor.py:161} INFO - Started process (PID=45677) to work on /opt/anaconda3/lib/python3.12/site-packages/airflow/example_dags/example_trigger_controller_dag.py
[2025-04-13T13:37:35.315-0400] {processor.py:830} INFO - Processing file /opt/anaconda3/lib/python3.12/site-packages/airflow/example_dags/example_trigger_controller_dag.py for tasks to queue
[2025-04-13T13:37:35.316-0400] {logging_mixin.py:188} INFO - [2025-04-13T13:37:35.316-0400] {dagbag.py:540} INFO - Filling up the DagBag from /opt/anaconda3/lib/python3.12/site-packages/airflow/example_dags/example_trigger_controller_dag.py
[2025-04-13T13:37:35.320-0400] {processor.py:840} INFO - DAG(s) 'example_trigger_controller_dag' retrieved from /opt/anaconda3/lib/python3.12/site-packages/airflow/example_dags/example_trigger_controller_dag.py
[2025-04-13T13:37:35.354-0400] {logging_mixin.py:188} INFO - [2025-04-13T13:37:35.354-0400] {dag.py:3096} INFO - Sync 1 DAGs
[2025-04-13T13:37:35.359-0400] {logging_mixin.py:188} INFO - [2025-04-13T13:37:35.359-0400] {dag.py:3954} INFO - Setting next_dagrun for example_trigger_controller_dag to 2021-01-01 00:00:00+00:00, run_after=2021-01-01 00:00:00+00:00
[2025-04-13T13:37:35.365-0400] {processor.py:183} INFO - Processing /opt/anaconda3/lib/python3.12/site-packages/airflow/example_dags/example_trigger_controller_dag.py took 0.052 seconds
[2025-04-13T13:38:42.870-0400] {processor.py:161} INFO - Started process (PID=46127) to work on /opt/anaconda3/lib/python3.12/site-packages/airflow/example_dags/example_trigger_controller_dag.py
[2025-04-13T13:38:42.871-0400] {processor.py:830} INFO - Processing file /opt/anaconda3/lib/python3.12/site-packages/airflow/example_dags/example_trigger_controller_dag.py for tasks to queue
[2025-04-13T13:38:42.872-0400] {logging_mixin.py:188} INFO - [2025-04-13T13:38:42.872-0400] {dagbag.py:540} INFO - Filling up the DagBag from /opt/anaconda3/lib/python3.12/site-packages/airflow/example_dags/example_trigger_controller_dag.py
[2025-04-13T13:38:42.876-0400] {processor.py:840} INFO - DAG(s) 'example_trigger_controller_dag' retrieved from /opt/anaconda3/lib/python3.12/site-packages/airflow/example_dags/example_trigger_controller_dag.py
[2025-04-13T13:38:42.909-0400] {logging_mixin.py:188} INFO - [2025-04-13T13:38:42.909-0400] {dag.py:3096} INFO - Sync 1 DAGs
[2025-04-13T13:38:42.914-0400] {logging_mixin.py:188} INFO - [2025-04-13T13:38:42.914-0400] {dag.py:3954} INFO - Setting next_dagrun for example_trigger_controller_dag to 2021-01-01 00:00:00+00:00, run_after=2021-01-01 00:00:00+00:00
[2025-04-13T13:38:42.920-0400] {processor.py:183} INFO - Processing /opt/anaconda3/lib/python3.12/site-packages/airflow/example_dags/example_trigger_controller_dag.py took 0.051 seconds
[2025-04-13T13:39:50.499-0400] {processor.py:161} INFO - Started process (PID=46577) to work on /opt/anaconda3/lib/python3.12/site-packages/airflow/example_dags/example_trigger_controller_dag.py
[2025-04-13T13:39:50.501-0400] {processor.py:830} INFO - Processing file /opt/anaconda3/lib/python3.12/site-packages/airflow/example_dags/example_trigger_controller_dag.py for tasks to queue
[2025-04-13T13:39:50.501-0400] {logging_mixin.py:188} INFO - [2025-04-13T13:39:50.501-0400] {dagbag.py:540} INFO - Filling up the DagBag from /opt/anaconda3/lib/python3.12/site-packages/airflow/example_dags/example_trigger_controller_dag.py
[2025-04-13T13:39:50.504-0400] {processor.py:840} INFO - DAG(s) 'example_trigger_controller_dag' retrieved from /opt/anaconda3/lib/python3.12/site-packages/airflow/example_dags/example_trigger_controller_dag.py
[2025-04-13T13:39:50.538-0400] {logging_mixin.py:188} INFO - [2025-04-13T13:39:50.537-0400] {dag.py:3096} INFO - Sync 1 DAGs
[2025-04-13T13:39:50.542-0400] {logging_mixin.py:188} INFO - [2025-04-13T13:39:50.542-0400] {dag.py:3954} INFO - Setting next_dagrun for example_trigger_controller_dag to 2021-01-01 00:00:00+00:00, run_after=2021-01-01 00:00:00+00:00
[2025-04-13T13:39:50.548-0400] {processor.py:183} INFO - Processing /opt/anaconda3/lib/python3.12/site-packages/airflow/example_dags/example_trigger_controller_dag.py took 0.050 seconds
[2025-04-13T13:40:55.713-0400] {processor.py:161} INFO - Started process (PID=47033) to work on /opt/anaconda3/lib/python3.12/site-packages/airflow/example_dags/example_trigger_controller_dag.py
[2025-04-13T13:40:55.714-0400] {processor.py:830} INFO - Processing file /opt/anaconda3/lib/python3.12/site-packages/airflow/example_dags/example_trigger_controller_dag.py for tasks to queue
[2025-04-13T13:40:55.714-0400] {logging_mixin.py:188} INFO - [2025-04-13T13:40:55.714-0400] {dagbag.py:540} INFO - Filling up the DagBag from /opt/anaconda3/lib/python3.12/site-packages/airflow/example_dags/example_trigger_controller_dag.py
[2025-04-13T13:40:55.718-0400] {processor.py:840} INFO - DAG(s) 'example_trigger_controller_dag' retrieved from /opt/anaconda3/lib/python3.12/site-packages/airflow/example_dags/example_trigger_controller_dag.py
[2025-04-13T13:40:55.752-0400] {logging_mixin.py:188} INFO - [2025-04-13T13:40:55.752-0400] {dag.py:3096} INFO - Sync 1 DAGs
[2025-04-13T13:40:55.757-0400] {logging_mixin.py:188} INFO - [2025-04-13T13:40:55.757-0400] {dag.py:3954} INFO - Setting next_dagrun for example_trigger_controller_dag to 2021-01-01 00:00:00+00:00, run_after=2021-01-01 00:00:00+00:00
[2025-04-13T13:40:55.763-0400] {processor.py:183} INFO - Processing /opt/anaconda3/lib/python3.12/site-packages/airflow/example_dags/example_trigger_controller_dag.py took 0.051 seconds
[2025-04-13T13:42:00.841-0400] {processor.py:161} INFO - Started process (PID=47479) to work on /opt/anaconda3/lib/python3.12/site-packages/airflow/example_dags/example_trigger_controller_dag.py
[2025-04-13T13:42:00.842-0400] {processor.py:830} INFO - Processing file /opt/anaconda3/lib/python3.12/site-packages/airflow/example_dags/example_trigger_controller_dag.py for tasks to queue
[2025-04-13T13:42:00.842-0400] {logging_mixin.py:188} INFO - [2025-04-13T13:42:00.842-0400] {dagbag.py:540} INFO - Filling up the DagBag from /opt/anaconda3/lib/python3.12/site-packages/airflow/example_dags/example_trigger_controller_dag.py
[2025-04-13T13:42:00.846-0400] {processor.py:840} INFO - DAG(s) 'example_trigger_controller_dag' retrieved from /opt/anaconda3/lib/python3.12/site-packages/airflow/example_dags/example_trigger_controller_dag.py
[2025-04-13T13:42:00.879-0400] {logging_mixin.py:188} INFO - [2025-04-13T13:42:00.879-0400] {dag.py:3096} INFO - Sync 1 DAGs
[2025-04-13T13:42:00.884-0400] {logging_mixin.py:188} INFO - [2025-04-13T13:42:00.884-0400] {dag.py:3954} INFO - Setting next_dagrun for example_trigger_controller_dag to 2021-01-01 00:00:00+00:00, run_after=2021-01-01 00:00:00+00:00
[2025-04-13T13:42:00.890-0400] {processor.py:183} INFO - Processing /opt/anaconda3/lib/python3.12/site-packages/airflow/example_dags/example_trigger_controller_dag.py took 0.050 seconds
[2025-04-13T13:43:06.629-0400] {processor.py:161} INFO - Started process (PID=47931) to work on /opt/anaconda3/lib/python3.12/site-packages/airflow/example_dags/example_trigger_controller_dag.py
[2025-04-13T13:43:06.630-0400] {processor.py:830} INFO - Processing file /opt/anaconda3/lib/python3.12/site-packages/airflow/example_dags/example_trigger_controller_dag.py for tasks to queue
[2025-04-13T13:43:06.630-0400] {logging_mixin.py:188} INFO - [2025-04-13T13:43:06.630-0400] {dagbag.py:540} INFO - Filling up the DagBag from /opt/anaconda3/lib/python3.12/site-packages/airflow/example_dags/example_trigger_controller_dag.py
[2025-04-13T13:43:06.634-0400] {processor.py:840} INFO - DAG(s) 'example_trigger_controller_dag' retrieved from /opt/anaconda3/lib/python3.12/site-packages/airflow/example_dags/example_trigger_controller_dag.py
[2025-04-13T13:43:06.668-0400] {logging_mixin.py:188} INFO - [2025-04-13T13:43:06.668-0400] {dag.py:3096} INFO - Sync 1 DAGs
[2025-04-13T13:43:06.672-0400] {logging_mixin.py:188} INFO - [2025-04-13T13:43:06.672-0400] {dag.py:3954} INFO - Setting next_dagrun for example_trigger_controller_dag to 2021-01-01 00:00:00+00:00, run_after=2021-01-01 00:00:00+00:00
[2025-04-13T13:43:06.679-0400] {processor.py:183} INFO - Processing /opt/anaconda3/lib/python3.12/site-packages/airflow/example_dags/example_trigger_controller_dag.py took 0.051 seconds
[2025-04-13T13:44:12.374-0400] {processor.py:161} INFO - Started process (PID=48369) to work on /opt/anaconda3/lib/python3.12/site-packages/airflow/example_dags/example_trigger_controller_dag.py
[2025-04-13T13:44:12.375-0400] {processor.py:830} INFO - Processing file /opt/anaconda3/lib/python3.12/site-packages/airflow/example_dags/example_trigger_controller_dag.py for tasks to queue
[2025-04-13T13:44:12.375-0400] {logging_mixin.py:188} INFO - [2025-04-13T13:44:12.375-0400] {dagbag.py:540} INFO - Filling up the DagBag from /opt/anaconda3/lib/python3.12/site-packages/airflow/example_dags/example_trigger_controller_dag.py
[2025-04-13T13:44:12.379-0400] {processor.py:840} INFO - DAG(s) 'example_trigger_controller_dag' retrieved from /opt/anaconda3/lib/python3.12/site-packages/airflow/example_dags/example_trigger_controller_dag.py
[2025-04-13T13:44:12.412-0400] {logging_mixin.py:188} INFO - [2025-04-13T13:44:12.412-0400] {dag.py:3096} INFO - Sync 1 DAGs
[2025-04-13T13:44:12.417-0400] {logging_mixin.py:188} INFO - [2025-04-13T13:44:12.417-0400] {dag.py:3954} INFO - Setting next_dagrun for example_trigger_controller_dag to 2021-01-01 00:00:00+00:00, run_after=2021-01-01 00:00:00+00:00
[2025-04-13T13:44:12.423-0400] {processor.py:183} INFO - Processing /opt/anaconda3/lib/python3.12/site-packages/airflow/example_dags/example_trigger_controller_dag.py took 0.050 seconds
[2025-04-13T13:45:18.298-0400] {processor.py:161} INFO - Started process (PID=48818) to work on /opt/anaconda3/lib/python3.12/site-packages/airflow/example_dags/example_trigger_controller_dag.py
[2025-04-13T13:45:18.299-0400] {processor.py:830} INFO - Processing file /opt/anaconda3/lib/python3.12/site-packages/airflow/example_dags/example_trigger_controller_dag.py for tasks to queue
[2025-04-13T13:45:18.299-0400] {logging_mixin.py:188} INFO - [2025-04-13T13:45:18.299-0400] {dagbag.py:540} INFO - Filling up the DagBag from /opt/anaconda3/lib/python3.12/site-packages/airflow/example_dags/example_trigger_controller_dag.py
[2025-04-13T13:45:18.303-0400] {processor.py:840} INFO - DAG(s) 'example_trigger_controller_dag' retrieved from /opt/anaconda3/lib/python3.12/site-packages/airflow/example_dags/example_trigger_controller_dag.py
[2025-04-13T13:45:18.338-0400] {logging_mixin.py:188} INFO - [2025-04-13T13:45:18.338-0400] {dag.py:3096} INFO - Sync 1 DAGs
[2025-04-13T13:45:18.343-0400] {logging_mixin.py:188} INFO - [2025-04-13T13:45:18.343-0400] {dag.py:3954} INFO - Setting next_dagrun for example_trigger_controller_dag to 2021-01-01 00:00:00+00:00, run_after=2021-01-01 00:00:00+00:00
[2025-04-13T13:45:18.349-0400] {processor.py:183} INFO - Processing /opt/anaconda3/lib/python3.12/site-packages/airflow/example_dags/example_trigger_controller_dag.py took 0.052 seconds
[2025-04-13T13:46:30.233-0400] {processor.py:161} INFO - Started process (PID=49295) to work on /opt/anaconda3/lib/python3.12/site-packages/airflow/example_dags/example_trigger_controller_dag.py
[2025-04-13T13:46:30.234-0400] {processor.py:830} INFO - Processing file /opt/anaconda3/lib/python3.12/site-packages/airflow/example_dags/example_trigger_controller_dag.py for tasks to queue
[2025-04-13T13:46:30.234-0400] {logging_mixin.py:188} INFO - [2025-04-13T13:46:30.234-0400] {dagbag.py:540} INFO - Filling up the DagBag from /opt/anaconda3/lib/python3.12/site-packages/airflow/example_dags/example_trigger_controller_dag.py
[2025-04-13T13:46:30.238-0400] {processor.py:840} INFO - DAG(s) 'example_trigger_controller_dag' retrieved from /opt/anaconda3/lib/python3.12/site-packages/airflow/example_dags/example_trigger_controller_dag.py
[2025-04-13T13:46:30.272-0400] {logging_mixin.py:188} INFO - [2025-04-13T13:46:30.272-0400] {dag.py:3096} INFO - Sync 1 DAGs
[2025-04-13T13:46:30.277-0400] {logging_mixin.py:188} INFO - [2025-04-13T13:46:30.277-0400] {dag.py:3954} INFO - Setting next_dagrun for example_trigger_controller_dag to 2021-01-01 00:00:00+00:00, run_after=2021-01-01 00:00:00+00:00
[2025-04-13T13:46:30.284-0400] {processor.py:183} INFO - Processing /opt/anaconda3/lib/python3.12/site-packages/airflow/example_dags/example_trigger_controller_dag.py took 0.052 seconds
[2025-04-13T13:47:42.795-0400] {processor.py:161} INFO - Started process (PID=49775) to work on /opt/anaconda3/lib/python3.12/site-packages/airflow/example_dags/example_trigger_controller_dag.py
[2025-04-13T13:47:42.795-0400] {processor.py:830} INFO - Processing file /opt/anaconda3/lib/python3.12/site-packages/airflow/example_dags/example_trigger_controller_dag.py for tasks to queue
[2025-04-13T13:47:42.796-0400] {logging_mixin.py:188} INFO - [2025-04-13T13:47:42.796-0400] {dagbag.py:540} INFO - Filling up the DagBag from /opt/anaconda3/lib/python3.12/site-packages/airflow/example_dags/example_trigger_controller_dag.py
[2025-04-13T13:47:42.800-0400] {processor.py:840} INFO - DAG(s) 'example_trigger_controller_dag' retrieved from /opt/anaconda3/lib/python3.12/site-packages/airflow/example_dags/example_trigger_controller_dag.py
[2025-04-13T13:47:42.835-0400] {logging_mixin.py:188} INFO - [2025-04-13T13:47:42.835-0400] {dag.py:3096} INFO - Sync 1 DAGs
[2025-04-13T13:47:42.840-0400] {logging_mixin.py:188} INFO - [2025-04-13T13:47:42.840-0400] {dag.py:3954} INFO - Setting next_dagrun for example_trigger_controller_dag to 2021-01-01 00:00:00+00:00, run_after=2021-01-01 00:00:00+00:00
[2025-04-13T13:47:42.846-0400] {processor.py:183} INFO - Processing /opt/anaconda3/lib/python3.12/site-packages/airflow/example_dags/example_trigger_controller_dag.py took 0.052 seconds
[2025-04-13T13:48:53.856-0400] {processor.py:161} INFO - Started process (PID=50232) to work on /opt/anaconda3/lib/python3.12/site-packages/airflow/example_dags/example_trigger_controller_dag.py
[2025-04-13T13:48:53.857-0400] {processor.py:830} INFO - Processing file /opt/anaconda3/lib/python3.12/site-packages/airflow/example_dags/example_trigger_controller_dag.py for tasks to queue
[2025-04-13T13:48:53.857-0400] {logging_mixin.py:188} INFO - [2025-04-13T13:48:53.857-0400] {dagbag.py:540} INFO - Filling up the DagBag from /opt/anaconda3/lib/python3.12/site-packages/airflow/example_dags/example_trigger_controller_dag.py
[2025-04-13T13:48:53.861-0400] {processor.py:840} INFO - DAG(s) 'example_trigger_controller_dag' retrieved from /opt/anaconda3/lib/python3.12/site-packages/airflow/example_dags/example_trigger_controller_dag.py
[2025-04-13T13:48:53.895-0400] {logging_mixin.py:188} INFO - [2025-04-13T13:48:53.894-0400] {dag.py:3096} INFO - Sync 1 DAGs
[2025-04-13T13:48:53.899-0400] {logging_mixin.py:188} INFO - [2025-04-13T13:48:53.899-0400] {dag.py:3954} INFO - Setting next_dagrun for example_trigger_controller_dag to 2021-01-01 00:00:00+00:00, run_after=2021-01-01 00:00:00+00:00
[2025-04-13T13:48:53.906-0400] {processor.py:183} INFO - Processing /opt/anaconda3/lib/python3.12/site-packages/airflow/example_dags/example_trigger_controller_dag.py took 0.051 seconds
[2025-04-13T13:50:03.629-0400] {processor.py:161} INFO - Started process (PID=50687) to work on /opt/anaconda3/lib/python3.12/site-packages/airflow/example_dags/example_trigger_controller_dag.py
[2025-04-13T13:50:03.630-0400] {processor.py:830} INFO - Processing file /opt/anaconda3/lib/python3.12/site-packages/airflow/example_dags/example_trigger_controller_dag.py for tasks to queue
[2025-04-13T13:50:03.630-0400] {logging_mixin.py:188} INFO - [2025-04-13T13:50:03.630-0400] {dagbag.py:540} INFO - Filling up the DagBag from /opt/anaconda3/lib/python3.12/site-packages/airflow/example_dags/example_trigger_controller_dag.py
[2025-04-13T13:50:03.634-0400] {processor.py:840} INFO - DAG(s) 'example_trigger_controller_dag' retrieved from /opt/anaconda3/lib/python3.12/site-packages/airflow/example_dags/example_trigger_controller_dag.py
[2025-04-13T13:50:03.668-0400] {logging_mixin.py:188} INFO - [2025-04-13T13:50:03.668-0400] {dag.py:3096} INFO - Sync 1 DAGs
[2025-04-13T13:50:03.673-0400] {logging_mixin.py:188} INFO - [2025-04-13T13:50:03.673-0400] {dag.py:3954} INFO - Setting next_dagrun for example_trigger_controller_dag to 2021-01-01 00:00:00+00:00, run_after=2021-01-01 00:00:00+00:00
[2025-04-13T13:50:03.679-0400] {processor.py:183} INFO - Processing /opt/anaconda3/lib/python3.12/site-packages/airflow/example_dags/example_trigger_controller_dag.py took 0.051 seconds
[2025-04-13T13:51:13.745-0400] {processor.py:161} INFO - Started process (PID=51184) to work on /opt/anaconda3/lib/python3.12/site-packages/airflow/example_dags/example_trigger_controller_dag.py
[2025-04-13T13:51:13.746-0400] {processor.py:830} INFO - Processing file /opt/anaconda3/lib/python3.12/site-packages/airflow/example_dags/example_trigger_controller_dag.py for tasks to queue
[2025-04-13T13:51:13.746-0400] {logging_mixin.py:188} INFO - [2025-04-13T13:51:13.746-0400] {dagbag.py:540} INFO - Filling up the DagBag from /opt/anaconda3/lib/python3.12/site-packages/airflow/example_dags/example_trigger_controller_dag.py
[2025-04-13T13:51:13.750-0400] {processor.py:840} INFO - DAG(s) 'example_trigger_controller_dag' retrieved from /opt/anaconda3/lib/python3.12/site-packages/airflow/example_dags/example_trigger_controller_dag.py
[2025-04-13T13:51:13.783-0400] {logging_mixin.py:188} INFO - [2025-04-13T13:51:13.783-0400] {dag.py:3096} INFO - Sync 1 DAGs
[2025-04-13T13:51:13.788-0400] {logging_mixin.py:188} INFO - [2025-04-13T13:51:13.788-0400] {dag.py:3954} INFO - Setting next_dagrun for example_trigger_controller_dag to 2021-01-01 00:00:00+00:00, run_after=2021-01-01 00:00:00+00:00
[2025-04-13T13:51:13.794-0400] {processor.py:183} INFO - Processing /opt/anaconda3/lib/python3.12/site-packages/airflow/example_dags/example_trigger_controller_dag.py took 0.051 seconds
[2025-04-13T13:52:20.402-0400] {processor.py:161} INFO - Started process (PID=51632) to work on /opt/anaconda3/lib/python3.12/site-packages/airflow/example_dags/example_trigger_controller_dag.py
[2025-04-13T13:52:20.403-0400] {processor.py:830} INFO - Processing file /opt/anaconda3/lib/python3.12/site-packages/airflow/example_dags/example_trigger_controller_dag.py for tasks to queue
[2025-04-13T13:52:20.403-0400] {logging_mixin.py:188} INFO - [2025-04-13T13:52:20.403-0400] {dagbag.py:540} INFO - Filling up the DagBag from /opt/anaconda3/lib/python3.12/site-packages/airflow/example_dags/example_trigger_controller_dag.py
[2025-04-13T13:52:20.407-0400] {processor.py:840} INFO - DAG(s) 'example_trigger_controller_dag' retrieved from /opt/anaconda3/lib/python3.12/site-packages/airflow/example_dags/example_trigger_controller_dag.py
[2025-04-13T13:52:20.441-0400] {logging_mixin.py:188} INFO - [2025-04-13T13:52:20.441-0400] {dag.py:3096} INFO - Sync 1 DAGs
[2025-04-13T13:52:20.446-0400] {logging_mixin.py:188} INFO - [2025-04-13T13:52:20.446-0400] {dag.py:3954} INFO - Setting next_dagrun for example_trigger_controller_dag to 2021-01-01 00:00:00+00:00, run_after=2021-01-01 00:00:00+00:00
[2025-04-13T13:52:20.452-0400] {processor.py:183} INFO - Processing /opt/anaconda3/lib/python3.12/site-packages/airflow/example_dags/example_trigger_controller_dag.py took 0.051 seconds
[2025-04-13T13:53:32.092-0400] {processor.py:161} INFO - Started process (PID=52106) to work on /opt/anaconda3/lib/python3.12/site-packages/airflow/example_dags/example_trigger_controller_dag.py
[2025-04-13T13:53:32.093-0400] {processor.py:830} INFO - Processing file /opt/anaconda3/lib/python3.12/site-packages/airflow/example_dags/example_trigger_controller_dag.py for tasks to queue
[2025-04-13T13:53:32.094-0400] {logging_mixin.py:188} INFO - [2025-04-13T13:53:32.094-0400] {dagbag.py:540} INFO - Filling up the DagBag from /opt/anaconda3/lib/python3.12/site-packages/airflow/example_dags/example_trigger_controller_dag.py
[2025-04-13T13:53:32.098-0400] {processor.py:840} INFO - DAG(s) 'example_trigger_controller_dag' retrieved from /opt/anaconda3/lib/python3.12/site-packages/airflow/example_dags/example_trigger_controller_dag.py
[2025-04-13T13:53:32.132-0400] {logging_mixin.py:188} INFO - [2025-04-13T13:53:32.132-0400] {dag.py:3096} INFO - Sync 1 DAGs
[2025-04-13T13:53:32.136-0400] {logging_mixin.py:188} INFO - [2025-04-13T13:53:32.136-0400] {dag.py:3954} INFO - Setting next_dagrun for example_trigger_controller_dag to 2021-01-01 00:00:00+00:00, run_after=2021-01-01 00:00:00+00:00
[2025-04-13T13:53:32.142-0400] {processor.py:183} INFO - Processing /opt/anaconda3/lib/python3.12/site-packages/airflow/example_dags/example_trigger_controller_dag.py took 0.051 seconds
[2025-04-13T13:54:40.153-0400] {processor.py:161} INFO - Started process (PID=52558) to work on /opt/anaconda3/lib/python3.12/site-packages/airflow/example_dags/example_trigger_controller_dag.py
[2025-04-13T13:54:40.154-0400] {processor.py:830} INFO - Processing file /opt/anaconda3/lib/python3.12/site-packages/airflow/example_dags/example_trigger_controller_dag.py for tasks to queue
[2025-04-13T13:54:40.155-0400] {logging_mixin.py:188} INFO - [2025-04-13T13:54:40.155-0400] {dagbag.py:540} INFO - Filling up the DagBag from /opt/anaconda3/lib/python3.12/site-packages/airflow/example_dags/example_trigger_controller_dag.py
[2025-04-13T13:54:40.158-0400] {processor.py:840} INFO - DAG(s) 'example_trigger_controller_dag' retrieved from /opt/anaconda3/lib/python3.12/site-packages/airflow/example_dags/example_trigger_controller_dag.py
[2025-04-13T13:54:40.192-0400] {logging_mixin.py:188} INFO - [2025-04-13T13:54:40.192-0400] {dag.py:3096} INFO - Sync 1 DAGs
[2025-04-13T13:54:40.197-0400] {logging_mixin.py:188} INFO - [2025-04-13T13:54:40.197-0400] {dag.py:3954} INFO - Setting next_dagrun for example_trigger_controller_dag to 2021-01-01 00:00:00+00:00, run_after=2021-01-01 00:00:00+00:00
[2025-04-13T13:54:40.203-0400] {processor.py:183} INFO - Processing /opt/anaconda3/lib/python3.12/site-packages/airflow/example_dags/example_trigger_controller_dag.py took 0.051 seconds
[2025-04-13T13:55:46.663-0400] {processor.py:161} INFO - Started process (PID=52997) to work on /opt/anaconda3/lib/python3.12/site-packages/airflow/example_dags/example_trigger_controller_dag.py
[2025-04-13T13:55:46.664-0400] {processor.py:830} INFO - Processing file /opt/anaconda3/lib/python3.12/site-packages/airflow/example_dags/example_trigger_controller_dag.py for tasks to queue
[2025-04-13T13:55:46.664-0400] {logging_mixin.py:188} INFO - [2025-04-13T13:55:46.664-0400] {dagbag.py:540} INFO - Filling up the DagBag from /opt/anaconda3/lib/python3.12/site-packages/airflow/example_dags/example_trigger_controller_dag.py
[2025-04-13T13:55:46.668-0400] {processor.py:840} INFO - DAG(s) 'example_trigger_controller_dag' retrieved from /opt/anaconda3/lib/python3.12/site-packages/airflow/example_dags/example_trigger_controller_dag.py
[2025-04-13T13:55:46.702-0400] {logging_mixin.py:188} INFO - [2025-04-13T13:55:46.702-0400] {dag.py:3096} INFO - Sync 1 DAGs
[2025-04-13T13:55:46.707-0400] {logging_mixin.py:188} INFO - [2025-04-13T13:55:46.707-0400] {dag.py:3954} INFO - Setting next_dagrun for example_trigger_controller_dag to 2021-01-01 00:00:00+00:00, run_after=2021-01-01 00:00:00+00:00
[2025-04-13T13:55:46.713-0400] {processor.py:183} INFO - Processing /opt/anaconda3/lib/python3.12/site-packages/airflow/example_dags/example_trigger_controller_dag.py took 0.051 seconds
[2025-04-13T13:56:56.920-0400] {processor.py:161} INFO - Started process (PID=53494) to work on /opt/anaconda3/lib/python3.12/site-packages/airflow/example_dags/example_trigger_controller_dag.py
[2025-04-13T13:56:56.921-0400] {processor.py:830} INFO - Processing file /opt/anaconda3/lib/python3.12/site-packages/airflow/example_dags/example_trigger_controller_dag.py for tasks to queue
[2025-04-13T13:56:56.921-0400] {logging_mixin.py:188} INFO - [2025-04-13T13:56:56.921-0400] {dagbag.py:540} INFO - Filling up the DagBag from /opt/anaconda3/lib/python3.12/site-packages/airflow/example_dags/example_trigger_controller_dag.py
[2025-04-13T13:56:56.925-0400] {processor.py:840} INFO - DAG(s) 'example_trigger_controller_dag' retrieved from /opt/anaconda3/lib/python3.12/site-packages/airflow/example_dags/example_trigger_controller_dag.py
[2025-04-13T13:56:56.959-0400] {logging_mixin.py:188} INFO - [2025-04-13T13:56:56.959-0400] {dag.py:3096} INFO - Sync 1 DAGs
[2025-04-13T13:56:56.964-0400] {logging_mixin.py:188} INFO - [2025-04-13T13:56:56.964-0400] {dag.py:3954} INFO - Setting next_dagrun for example_trigger_controller_dag to 2021-01-01 00:00:00+00:00, run_after=2021-01-01 00:00:00+00:00
[2025-04-13T13:56:56.970-0400] {processor.py:183} INFO - Processing /opt/anaconda3/lib/python3.12/site-packages/airflow/example_dags/example_trigger_controller_dag.py took 0.051 seconds
[2025-04-13T13:58:04.728-0400] {processor.py:161} INFO - Started process (PID=53949) to work on /opt/anaconda3/lib/python3.12/site-packages/airflow/example_dags/example_trigger_controller_dag.py
[2025-04-13T13:58:04.729-0400] {processor.py:830} INFO - Processing file /opt/anaconda3/lib/python3.12/site-packages/airflow/example_dags/example_trigger_controller_dag.py for tasks to queue
[2025-04-13T13:58:04.730-0400] {logging_mixin.py:188} INFO - [2025-04-13T13:58:04.730-0400] {dagbag.py:540} INFO - Filling up the DagBag from /opt/anaconda3/lib/python3.12/site-packages/airflow/example_dags/example_trigger_controller_dag.py
[2025-04-13T13:58:04.735-0400] {processor.py:840} INFO - DAG(s) 'example_trigger_controller_dag' retrieved from /opt/anaconda3/lib/python3.12/site-packages/airflow/example_dags/example_trigger_controller_dag.py
[2025-04-13T13:58:04.770-0400] {logging_mixin.py:188} INFO - [2025-04-13T13:58:04.769-0400] {dag.py:3096} INFO - Sync 1 DAGs
[2025-04-13T13:58:04.775-0400] {logging_mixin.py:188} INFO - [2025-04-13T13:58:04.775-0400] {dag.py:3954} INFO - Setting next_dagrun for example_trigger_controller_dag to 2021-01-01 00:00:00+00:00, run_after=2021-01-01 00:00:00+00:00
[2025-04-13T13:58:04.781-0400] {processor.py:183} INFO - Processing /opt/anaconda3/lib/python3.12/site-packages/airflow/example_dags/example_trigger_controller_dag.py took 0.054 seconds
[2025-04-13T13:59:12.006-0400] {processor.py:161} INFO - Started process (PID=54457) to work on /opt/anaconda3/lib/python3.12/site-packages/airflow/example_dags/example_trigger_controller_dag.py
[2025-04-13T13:59:12.007-0400] {processor.py:830} INFO - Processing file /opt/anaconda3/lib/python3.12/site-packages/airflow/example_dags/example_trigger_controller_dag.py for tasks to queue
[2025-04-13T13:59:12.007-0400] {logging_mixin.py:188} INFO - [2025-04-13T13:59:12.007-0400] {dagbag.py:540} INFO - Filling up the DagBag from /opt/anaconda3/lib/python3.12/site-packages/airflow/example_dags/example_trigger_controller_dag.py
[2025-04-13T13:59:12.011-0400] {processor.py:840} INFO - DAG(s) 'example_trigger_controller_dag' retrieved from /opt/anaconda3/lib/python3.12/site-packages/airflow/example_dags/example_trigger_controller_dag.py
[2025-04-13T13:59:12.044-0400] {logging_mixin.py:188} INFO - [2025-04-13T13:59:12.044-0400] {dag.py:3096} INFO - Sync 1 DAGs
[2025-04-13T13:59:12.049-0400] {logging_mixin.py:188} INFO - [2025-04-13T13:59:12.049-0400] {dag.py:3954} INFO - Setting next_dagrun for example_trigger_controller_dag to 2021-01-01 00:00:00+00:00, run_after=2021-01-01 00:00:00+00:00
[2025-04-13T13:59:12.055-0400] {processor.py:183} INFO - Processing /opt/anaconda3/lib/python3.12/site-packages/airflow/example_dags/example_trigger_controller_dag.py took 0.049 seconds
[2025-04-13T14:00:18.322-0400] {processor.py:161} INFO - Started process (PID=54908) to work on /opt/anaconda3/lib/python3.12/site-packages/airflow/example_dags/example_trigger_controller_dag.py
[2025-04-13T14:00:18.323-0400] {processor.py:830} INFO - Processing file /opt/anaconda3/lib/python3.12/site-packages/airflow/example_dags/example_trigger_controller_dag.py for tasks to queue
[2025-04-13T14:00:18.323-0400] {logging_mixin.py:188} INFO - [2025-04-13T14:00:18.323-0400] {dagbag.py:540} INFO - Filling up the DagBag from /opt/anaconda3/lib/python3.12/site-packages/airflow/example_dags/example_trigger_controller_dag.py
[2025-04-13T14:00:18.327-0400] {processor.py:840} INFO - DAG(s) 'example_trigger_controller_dag' retrieved from /opt/anaconda3/lib/python3.12/site-packages/airflow/example_dags/example_trigger_controller_dag.py
[2025-04-13T14:00:18.360-0400] {logging_mixin.py:188} INFO - [2025-04-13T14:00:18.360-0400] {dag.py:3096} INFO - Sync 1 DAGs
[2025-04-13T14:00:18.364-0400] {logging_mixin.py:188} INFO - [2025-04-13T14:00:18.364-0400] {dag.py:3954} INFO - Setting next_dagrun for example_trigger_controller_dag to 2021-01-01 00:00:00+00:00, run_after=2021-01-01 00:00:00+00:00
[2025-04-13T14:00:18.370-0400] {processor.py:183} INFO - Processing /opt/anaconda3/lib/python3.12/site-packages/airflow/example_dags/example_trigger_controller_dag.py took 0.049 seconds
[2025-04-13T14:01:28.130-0400] {processor.py:161} INFO - Started process (PID=55378) to work on /opt/anaconda3/lib/python3.12/site-packages/airflow/example_dags/example_trigger_controller_dag.py
[2025-04-13T14:01:28.130-0400] {processor.py:830} INFO - Processing file /opt/anaconda3/lib/python3.12/site-packages/airflow/example_dags/example_trigger_controller_dag.py for tasks to queue
[2025-04-13T14:01:28.131-0400] {logging_mixin.py:188} INFO - [2025-04-13T14:01:28.130-0400] {dagbag.py:540} INFO - Filling up the DagBag from /opt/anaconda3/lib/python3.12/site-packages/airflow/example_dags/example_trigger_controller_dag.py
[2025-04-13T14:01:28.134-0400] {processor.py:840} INFO - DAG(s) 'example_trigger_controller_dag' retrieved from /opt/anaconda3/lib/python3.12/site-packages/airflow/example_dags/example_trigger_controller_dag.py
[2025-04-13T14:01:28.168-0400] {logging_mixin.py:188} INFO - [2025-04-13T14:01:28.168-0400] {dag.py:3096} INFO - Sync 1 DAGs
[2025-04-13T14:01:28.173-0400] {logging_mixin.py:188} INFO - [2025-04-13T14:01:28.173-0400] {dag.py:3954} INFO - Setting next_dagrun for example_trigger_controller_dag to 2021-01-01 00:00:00+00:00, run_after=2021-01-01 00:00:00+00:00
[2025-04-13T14:01:28.179-0400] {processor.py:183} INFO - Processing /opt/anaconda3/lib/python3.12/site-packages/airflow/example_dags/example_trigger_controller_dag.py took 0.050 seconds
[2025-04-13T14:02:37.980-0400] {processor.py:161} INFO - Started process (PID=55869) to work on /opt/anaconda3/lib/python3.12/site-packages/airflow/example_dags/example_trigger_controller_dag.py
[2025-04-13T14:02:37.981-0400] {processor.py:830} INFO - Processing file /opt/anaconda3/lib/python3.12/site-packages/airflow/example_dags/example_trigger_controller_dag.py for tasks to queue
[2025-04-13T14:02:37.982-0400] {logging_mixin.py:188} INFO - [2025-04-13T14:02:37.982-0400] {dagbag.py:540} INFO - Filling up the DagBag from /opt/anaconda3/lib/python3.12/site-packages/airflow/example_dags/example_trigger_controller_dag.py
[2025-04-13T14:02:37.986-0400] {processor.py:840} INFO - DAG(s) 'example_trigger_controller_dag' retrieved from /opt/anaconda3/lib/python3.12/site-packages/airflow/example_dags/example_trigger_controller_dag.py
[2025-04-13T14:02:38.019-0400] {logging_mixin.py:188} INFO - [2025-04-13T14:02:38.019-0400] {dag.py:3096} INFO - Sync 1 DAGs
[2025-04-13T14:02:38.024-0400] {logging_mixin.py:188} INFO - [2025-04-13T14:02:38.024-0400] {dag.py:3954} INFO - Setting next_dagrun for example_trigger_controller_dag to 2021-01-01 00:00:00+00:00, run_after=2021-01-01 00:00:00+00:00
[2025-04-13T14:02:38.030-0400] {processor.py:183} INFO - Processing /opt/anaconda3/lib/python3.12/site-packages/airflow/example_dags/example_trigger_controller_dag.py took 0.051 seconds
