[2025-04-13T13:08:54.423-0400] {processor.py:161} INFO - Started process (PID=34839) to work on /opt/anaconda3/lib/python3.12/site-packages/airflow/example_dags/example_branch_day_of_week_operator.py
[2025-04-13T13:08:54.423-0400] {processor.py:830} INFO - Processing file /opt/anaconda3/lib/python3.12/site-packages/airflow/example_dags/example_branch_day_of_week_operator.py for tasks to queue
[2025-04-13T13:08:54.423-0400] {logging_mixin.py:188} INFO - [2025-04-13T13:08:54.423-0400] {dagbag.py:540} INFO - Filling up the DagBag from /opt/anaconda3/lib/python3.12/site-packages/airflow/example_dags/example_branch_day_of_week_operator.py
[2025-04-13T13:08:54.427-0400] {processor.py:840} INFO - DAG(s) 'example_weekday_branch_operator' retrieved from /opt/anaconda3/lib/python3.12/site-packages/airflow/example_dags/example_branch_day_of_week_operator.py
[2025-04-13T13:08:54.493-0400] {logging_mixin.py:188} INFO - [2025-04-13T13:08:54.493-0400] {override.py:1930} INFO - Created Permission View: can delete on DAG:example_weekday_branch_operator
[2025-04-13T13:08:54.496-0400] {logging_mixin.py:188} INFO - [2025-04-13T13:08:54.496-0400] {override.py:1930} INFO - Created Permission View: can edit on DAG:example_weekday_branch_operator
[2025-04-13T13:08:54.497-0400] {logging_mixin.py:188} INFO - [2025-04-13T13:08:54.497-0400] {override.py:1930} INFO - Created Permission View: can read on DAG:example_weekday_branch_operator
[2025-04-13T13:08:54.497-0400] {logging_mixin.py:188} INFO - [2025-04-13T13:08:54.497-0400] {dag.py:3096} INFO - Sync 1 DAGs
[2025-04-13T13:08:54.501-0400] {logging_mixin.py:188} INFO - [2025-04-13T13:08:54.501-0400] {dag.py:3118} INFO - Creating ORM DAG for example_weekday_branch_operator
[2025-04-13T13:08:54.504-0400] {logging_mixin.py:188} INFO - [2025-04-13T13:08:54.504-0400] {dag.py:3954} INFO - Setting next_dagrun for example_weekday_branch_operator to 2025-04-12 00:00:00+00:00, run_after=2025-04-13 00:00:00+00:00
[2025-04-13T13:08:54.509-0400] {processor.py:183} INFO - Processing /opt/anaconda3/lib/python3.12/site-packages/airflow/example_dags/example_branch_day_of_week_operator.py took 0.087 seconds
[2025-04-13T13:16:26.691-0400] {processor.py:161} INFO - Started process (PID=37694) to work on /opt/anaconda3/lib/python3.12/site-packages/airflow/example_dags/example_branch_day_of_week_operator.py
[2025-04-13T13:16:26.692-0400] {processor.py:830} INFO - Processing file /opt/anaconda3/lib/python3.12/site-packages/airflow/example_dags/example_branch_day_of_week_operator.py for tasks to queue
[2025-04-13T13:16:26.692-0400] {logging_mixin.py:188} INFO - [2025-04-13T13:16:26.692-0400] {dagbag.py:540} INFO - Filling up the DagBag from /opt/anaconda3/lib/python3.12/site-packages/airflow/example_dags/example_branch_day_of_week_operator.py
[2025-04-13T13:16:26.696-0400] {processor.py:840} INFO - DAG(s) 'example_weekday_branch_operator' retrieved from /opt/anaconda3/lib/python3.12/site-packages/airflow/example_dags/example_branch_day_of_week_operator.py
[2025-04-13T13:16:26.732-0400] {logging_mixin.py:188} INFO - [2025-04-13T13:16:26.732-0400] {dag.py:3096} INFO - Sync 1 DAGs
[2025-04-13T13:16:26.737-0400] {logging_mixin.py:188} INFO - [2025-04-13T13:16:26.737-0400] {dag.py:3954} INFO - Setting next_dagrun for example_weekday_branch_operator to 2025-04-12 00:00:00+00:00, run_after=2025-04-13 00:00:00+00:00
[2025-04-13T13:16:26.744-0400] {processor.py:183} INFO - Processing /opt/anaconda3/lib/python3.12/site-packages/airflow/example_dags/example_branch_day_of_week_operator.py took 0.054 seconds
[2025-04-13T13:20:07.375-0400] {processor.py:161} INFO - Started process (PID=39205) to work on /opt/anaconda3/lib/python3.12/site-packages/airflow/example_dags/example_branch_day_of_week_operator.py
[2025-04-13T13:20:07.375-0400] {processor.py:830} INFO - Processing file /opt/anaconda3/lib/python3.12/site-packages/airflow/example_dags/example_branch_day_of_week_operator.py for tasks to queue
[2025-04-13T13:20:07.376-0400] {logging_mixin.py:188} INFO - [2025-04-13T13:20:07.375-0400] {dagbag.py:540} INFO - Filling up the DagBag from /opt/anaconda3/lib/python3.12/site-packages/airflow/example_dags/example_branch_day_of_week_operator.py
[2025-04-13T13:20:07.379-0400] {processor.py:840} INFO - DAG(s) 'example_weekday_branch_operator' retrieved from /opt/anaconda3/lib/python3.12/site-packages/airflow/example_dags/example_branch_day_of_week_operator.py
[2025-04-13T13:20:07.442-0400] {logging_mixin.py:188} INFO - [2025-04-13T13:20:07.442-0400] {dag.py:3096} INFO - Sync 1 DAGs
[2025-04-13T13:20:07.449-0400] {logging_mixin.py:188} INFO - [2025-04-13T13:20:07.449-0400] {dag.py:3954} INFO - Setting next_dagrun for example_weekday_branch_operator to 2025-04-12 00:00:00+00:00, run_after=2025-04-13 00:00:00+00:00
[2025-04-13T13:20:07.456-0400] {processor.py:183} INFO - Processing /opt/anaconda3/lib/python3.12/site-packages/airflow/example_dags/example_branch_day_of_week_operator.py took 0.082 seconds
[2025-04-13T13:24:36.840-0400] {processor.py:161} INFO - Started process (PID=41079) to work on /opt/anaconda3/lib/python3.12/site-packages/airflow/example_dags/example_branch_day_of_week_operator.py
[2025-04-13T13:24:36.841-0400] {processor.py:830} INFO - Processing file /opt/anaconda3/lib/python3.12/site-packages/airflow/example_dags/example_branch_day_of_week_operator.py for tasks to queue
[2025-04-13T13:24:36.841-0400] {logging_mixin.py:188} INFO - [2025-04-13T13:24:36.841-0400] {dagbag.py:540} INFO - Filling up the DagBag from /opt/anaconda3/lib/python3.12/site-packages/airflow/example_dags/example_branch_day_of_week_operator.py
[2025-04-13T13:24:36.846-0400] {processor.py:840} INFO - DAG(s) 'example_weekday_branch_operator' retrieved from /opt/anaconda3/lib/python3.12/site-packages/airflow/example_dags/example_branch_day_of_week_operator.py
[2025-04-13T13:24:36.913-0400] {logging_mixin.py:188} INFO - [2025-04-13T13:24:36.913-0400] {dag.py:3096} INFO - Sync 1 DAGs
[2025-04-13T13:24:36.920-0400] {logging_mixin.py:188} INFO - [2025-04-13T13:24:36.920-0400] {dag.py:3954} INFO - Setting next_dagrun for example_weekday_branch_operator to 2025-04-12 00:00:00+00:00, run_after=2025-04-13 00:00:00+00:00
[2025-04-13T13:24:36.927-0400] {processor.py:183} INFO - Processing /opt/anaconda3/lib/python3.12/site-packages/airflow/example_dags/example_branch_day_of_week_operator.py took 0.088 seconds
[2025-04-13T13:26:44.643-0400] {processor.py:161} INFO - Started process (PID=41933) to work on /opt/anaconda3/lib/python3.12/site-packages/airflow/example_dags/example_branch_day_of_week_operator.py
[2025-04-13T13:26:44.644-0400] {processor.py:830} INFO - Processing file /opt/anaconda3/lib/python3.12/site-packages/airflow/example_dags/example_branch_day_of_week_operator.py for tasks to queue
[2025-04-13T13:26:44.645-0400] {logging_mixin.py:188} INFO - [2025-04-13T13:26:44.644-0400] {dagbag.py:540} INFO - Filling up the DagBag from /opt/anaconda3/lib/python3.12/site-packages/airflow/example_dags/example_branch_day_of_week_operator.py
[2025-04-13T13:26:44.648-0400] {processor.py:840} INFO - DAG(s) 'example_weekday_branch_operator' retrieved from /opt/anaconda3/lib/python3.12/site-packages/airflow/example_dags/example_branch_day_of_week_operator.py
[2025-04-13T13:26:44.684-0400] {logging_mixin.py:188} INFO - [2025-04-13T13:26:44.684-0400] {dag.py:3096} INFO - Sync 1 DAGs
[2025-04-13T13:26:44.689-0400] {logging_mixin.py:188} INFO - [2025-04-13T13:26:44.689-0400] {dag.py:3954} INFO - Setting next_dagrun for example_weekday_branch_operator to 2025-04-12 00:00:00+00:00, run_after=2025-04-13 00:00:00+00:00
[2025-04-13T13:26:44.695-0400] {processor.py:183} INFO - Processing /opt/anaconda3/lib/python3.12/site-packages/airflow/example_dags/example_branch_day_of_week_operator.py took 0.053 seconds
[2025-04-13T13:28:56.993-0400] {processor.py:161} INFO - Started process (PID=42807) to work on /opt/anaconda3/lib/python3.12/site-packages/airflow/example_dags/example_branch_day_of_week_operator.py
[2025-04-13T13:28:56.994-0400] {processor.py:830} INFO - Processing file /opt/anaconda3/lib/python3.12/site-packages/airflow/example_dags/example_branch_day_of_week_operator.py for tasks to queue
[2025-04-13T13:28:56.994-0400] {logging_mixin.py:188} INFO - [2025-04-13T13:28:56.994-0400] {dagbag.py:540} INFO - Filling up the DagBag from /opt/anaconda3/lib/python3.12/site-packages/airflow/example_dags/example_branch_day_of_week_operator.py
[2025-04-13T13:28:56.998-0400] {processor.py:840} INFO - DAG(s) 'example_weekday_branch_operator' retrieved from /opt/anaconda3/lib/python3.12/site-packages/airflow/example_dags/example_branch_day_of_week_operator.py
[2025-04-13T13:28:57.034-0400] {logging_mixin.py:188} INFO - [2025-04-13T13:28:57.034-0400] {dag.py:3096} INFO - Sync 1 DAGs
[2025-04-13T13:28:57.039-0400] {logging_mixin.py:188} INFO - [2025-04-13T13:28:57.039-0400] {dag.py:3954} INFO - Setting next_dagrun for example_weekday_branch_operator to 2025-04-12 00:00:00+00:00, run_after=2025-04-13 00:00:00+00:00
[2025-04-13T13:28:57.046-0400] {processor.py:183} INFO - Processing /opt/anaconda3/lib/python3.12/site-packages/airflow/example_dags/example_branch_day_of_week_operator.py took 0.053 seconds
[2025-04-13T13:32:52.031-0400] {processor.py:161} INFO - Started process (PID=44336) to work on /opt/anaconda3/lib/python3.12/site-packages/airflow/example_dags/example_branch_day_of_week_operator.py
[2025-04-13T13:32:52.032-0400] {processor.py:830} INFO - Processing file /opt/anaconda3/lib/python3.12/site-packages/airflow/example_dags/example_branch_day_of_week_operator.py for tasks to queue
[2025-04-13T13:32:52.032-0400] {logging_mixin.py:188} INFO - [2025-04-13T13:32:52.032-0400] {dagbag.py:540} INFO - Filling up the DagBag from /opt/anaconda3/lib/python3.12/site-packages/airflow/example_dags/example_branch_day_of_week_operator.py
[2025-04-13T13:32:52.035-0400] {processor.py:840} INFO - DAG(s) 'example_weekday_branch_operator' retrieved from /opt/anaconda3/lib/python3.12/site-packages/airflow/example_dags/example_branch_day_of_week_operator.py
[2025-04-13T13:32:52.071-0400] {logging_mixin.py:188} INFO - [2025-04-13T13:32:52.071-0400] {dag.py:3096} INFO - Sync 1 DAGs
[2025-04-13T13:32:52.077-0400] {logging_mixin.py:188} INFO - [2025-04-13T13:32:52.077-0400] {dag.py:3954} INFO - Setting next_dagrun for example_weekday_branch_operator to 2025-04-12 00:00:00+00:00, run_after=2025-04-13 00:00:00+00:00
[2025-04-13T13:32:52.083-0400] {processor.py:183} INFO - Processing /opt/anaconda3/lib/python3.12/site-packages/airflow/example_dags/example_branch_day_of_week_operator.py took 0.053 seconds
[2025-04-13T13:36:59.905-0400] {processor.py:161} INFO - Started process (PID=45452) to work on /opt/anaconda3/lib/python3.12/site-packages/airflow/example_dags/example_branch_day_of_week_operator.py
[2025-04-13T13:36:59.906-0400] {processor.py:830} INFO - Processing file /opt/anaconda3/lib/python3.12/site-packages/airflow/example_dags/example_branch_day_of_week_operator.py for tasks to queue
[2025-04-13T13:36:59.906-0400] {logging_mixin.py:188} INFO - [2025-04-13T13:36:59.906-0400] {dagbag.py:540} INFO - Filling up the DagBag from /opt/anaconda3/lib/python3.12/site-packages/airflow/example_dags/example_branch_day_of_week_operator.py
[2025-04-13T13:36:59.910-0400] {processor.py:840} INFO - DAG(s) 'example_weekday_branch_operator' retrieved from /opt/anaconda3/lib/python3.12/site-packages/airflow/example_dags/example_branch_day_of_week_operator.py
[2025-04-13T13:36:59.947-0400] {logging_mixin.py:188} INFO - [2025-04-13T13:36:59.947-0400] {dag.py:3096} INFO - Sync 1 DAGs
[2025-04-13T13:36:59.952-0400] {logging_mixin.py:188} INFO - [2025-04-13T13:36:59.952-0400] {dag.py:3954} INFO - Setting next_dagrun for example_weekday_branch_operator to 2025-04-12 00:00:00+00:00, run_after=2025-04-13 00:00:00+00:00
[2025-04-13T13:36:59.958-0400] {processor.py:183} INFO - Processing /opt/anaconda3/lib/python3.12/site-packages/airflow/example_dags/example_branch_day_of_week_operator.py took 0.054 seconds
[2025-04-13T13:39:16.188-0400] {processor.py:161} INFO - Started process (PID=46350) to work on /opt/anaconda3/lib/python3.12/site-packages/airflow/example_dags/example_branch_day_of_week_operator.py
[2025-04-13T13:39:16.189-0400] {processor.py:830} INFO - Processing file /opt/anaconda3/lib/python3.12/site-packages/airflow/example_dags/example_branch_day_of_week_operator.py for tasks to queue
[2025-04-13T13:39:16.189-0400] {logging_mixin.py:188} INFO - [2025-04-13T13:39:16.189-0400] {dagbag.py:540} INFO - Filling up the DagBag from /opt/anaconda3/lib/python3.12/site-packages/airflow/example_dags/example_branch_day_of_week_operator.py
[2025-04-13T13:39:16.193-0400] {processor.py:840} INFO - DAG(s) 'example_weekday_branch_operator' retrieved from /opt/anaconda3/lib/python3.12/site-packages/airflow/example_dags/example_branch_day_of_week_operator.py
[2025-04-13T13:39:16.229-0400] {logging_mixin.py:188} INFO - [2025-04-13T13:39:16.229-0400] {dag.py:3096} INFO - Sync 1 DAGs
[2025-04-13T13:39:16.234-0400] {logging_mixin.py:188} INFO - [2025-04-13T13:39:16.234-0400] {dag.py:3954} INFO - Setting next_dagrun for example_weekday_branch_operator to 2025-04-12 00:00:00+00:00, run_after=2025-04-13 00:00:00+00:00
[2025-04-13T13:39:16.240-0400] {processor.py:183} INFO - Processing /opt/anaconda3/lib/python3.12/site-packages/airflow/example_dags/example_branch_day_of_week_operator.py took 0.054 seconds
[2025-04-13T13:41:28.389-0400] {processor.py:161} INFO - Started process (PID=47264) to work on /opt/anaconda3/lib/python3.12/site-packages/airflow/example_dags/example_branch_day_of_week_operator.py
[2025-04-13T13:41:28.389-0400] {processor.py:830} INFO - Processing file /opt/anaconda3/lib/python3.12/site-packages/airflow/example_dags/example_branch_day_of_week_operator.py for tasks to queue
[2025-04-13T13:41:28.389-0400] {logging_mixin.py:188} INFO - [2025-04-13T13:41:28.389-0400] {dagbag.py:540} INFO - Filling up the DagBag from /opt/anaconda3/lib/python3.12/site-packages/airflow/example_dags/example_branch_day_of_week_operator.py
[2025-04-13T13:41:28.394-0400] {processor.py:840} INFO - DAG(s) 'example_weekday_branch_operator' retrieved from /opt/anaconda3/lib/python3.12/site-packages/airflow/example_dags/example_branch_day_of_week_operator.py
[2025-04-13T13:41:28.431-0400] {logging_mixin.py:188} INFO - [2025-04-13T13:41:28.431-0400] {dag.py:3096} INFO - Sync 1 DAGs
[2025-04-13T13:41:28.436-0400] {logging_mixin.py:188} INFO - [2025-04-13T13:41:28.436-0400] {dag.py:3954} INFO - Setting next_dagrun for example_weekday_branch_operator to 2025-04-12 00:00:00+00:00, run_after=2025-04-13 00:00:00+00:00
[2025-04-13T13:41:28.443-0400] {processor.py:183} INFO - Processing /opt/anaconda3/lib/python3.12/site-packages/airflow/example_dags/example_branch_day_of_week_operator.py took 0.055 seconds
[2025-04-13T13:43:39.155-0400] {processor.py:161} INFO - Started process (PID=48140) to work on /opt/anaconda3/lib/python3.12/site-packages/airflow/example_dags/example_branch_day_of_week_operator.py
[2025-04-13T13:43:39.156-0400] {processor.py:830} INFO - Processing file /opt/anaconda3/lib/python3.12/site-packages/airflow/example_dags/example_branch_day_of_week_operator.py for tasks to queue
[2025-04-13T13:43:39.156-0400] {logging_mixin.py:188} INFO - [2025-04-13T13:43:39.156-0400] {dagbag.py:540} INFO - Filling up the DagBag from /opt/anaconda3/lib/python3.12/site-packages/airflow/example_dags/example_branch_day_of_week_operator.py
[2025-04-13T13:43:39.160-0400] {processor.py:840} INFO - DAG(s) 'example_weekday_branch_operator' retrieved from /opt/anaconda3/lib/python3.12/site-packages/airflow/example_dags/example_branch_day_of_week_operator.py
[2025-04-13T13:43:39.195-0400] {logging_mixin.py:188} INFO - [2025-04-13T13:43:39.195-0400] {dag.py:3096} INFO - Sync 1 DAGs
[2025-04-13T13:43:39.201-0400] {logging_mixin.py:188} INFO - [2025-04-13T13:43:39.200-0400] {dag.py:3954} INFO - Setting next_dagrun for example_weekday_branch_operator to 2025-04-12 00:00:00+00:00, run_after=2025-04-13 00:00:00+00:00
[2025-04-13T13:43:39.207-0400] {processor.py:183} INFO - Processing /opt/anaconda3/lib/python3.12/site-packages/airflow/example_dags/example_branch_day_of_week_operator.py took 0.053 seconds
[2025-04-13T13:45:54.093-0400] {processor.py:161} INFO - Started process (PID=49060) to work on /opt/anaconda3/lib/python3.12/site-packages/airflow/example_dags/example_branch_day_of_week_operator.py
[2025-04-13T13:45:54.093-0400] {processor.py:830} INFO - Processing file /opt/anaconda3/lib/python3.12/site-packages/airflow/example_dags/example_branch_day_of_week_operator.py for tasks to queue
[2025-04-13T13:45:54.093-0400] {logging_mixin.py:188} INFO - [2025-04-13T13:45:54.093-0400] {dagbag.py:540} INFO - Filling up the DagBag from /opt/anaconda3/lib/python3.12/site-packages/airflow/example_dags/example_branch_day_of_week_operator.py
[2025-04-13T13:45:54.098-0400] {processor.py:840} INFO - DAG(s) 'example_weekday_branch_operator' retrieved from /opt/anaconda3/lib/python3.12/site-packages/airflow/example_dags/example_branch_day_of_week_operator.py
[2025-04-13T13:45:54.135-0400] {logging_mixin.py:188} INFO - [2025-04-13T13:45:54.135-0400] {dag.py:3096} INFO - Sync 1 DAGs
[2025-04-13T13:45:54.140-0400] {logging_mixin.py:188} INFO - [2025-04-13T13:45:54.140-0400] {dag.py:3954} INFO - Setting next_dagrun for example_weekday_branch_operator to 2025-04-12 00:00:00+00:00, run_after=2025-04-13 00:00:00+00:00
[2025-04-13T13:45:54.146-0400] {processor.py:183} INFO - Processing /opt/anaconda3/lib/python3.12/site-packages/airflow/example_dags/example_branch_day_of_week_operator.py took 0.055 seconds
[2025-04-13T13:48:19.920-0400] {processor.py:161} INFO - Started process (PID=50013) to work on /opt/anaconda3/lib/python3.12/site-packages/airflow/example_dags/example_branch_day_of_week_operator.py
[2025-04-13T13:48:19.921-0400] {processor.py:830} INFO - Processing file /opt/anaconda3/lib/python3.12/site-packages/airflow/example_dags/example_branch_day_of_week_operator.py for tasks to queue
[2025-04-13T13:48:19.921-0400] {logging_mixin.py:188} INFO - [2025-04-13T13:48:19.921-0400] {dagbag.py:540} INFO - Filling up the DagBag from /opt/anaconda3/lib/python3.12/site-packages/airflow/example_dags/example_branch_day_of_week_operator.py
[2025-04-13T13:48:19.925-0400] {processor.py:840} INFO - DAG(s) 'example_weekday_branch_operator' retrieved from /opt/anaconda3/lib/python3.12/site-packages/airflow/example_dags/example_branch_day_of_week_operator.py
[2025-04-13T13:48:19.961-0400] {logging_mixin.py:188} INFO - [2025-04-13T13:48:19.961-0400] {dag.py:3096} INFO - Sync 1 DAGs
[2025-04-13T13:48:19.967-0400] {logging_mixin.py:188} INFO - [2025-04-13T13:48:19.967-0400] {dag.py:3954} INFO - Setting next_dagrun for example_weekday_branch_operator to 2025-04-12 00:00:00+00:00, run_after=2025-04-13 00:00:00+00:00
[2025-04-13T13:48:19.973-0400] {processor.py:183} INFO - Processing /opt/anaconda3/lib/python3.12/site-packages/airflow/example_dags/example_branch_day_of_week_operator.py took 0.054 seconds
[2025-04-13T13:50:37.615-0400] {processor.py:161} INFO - Started process (PID=50910) to work on /opt/anaconda3/lib/python3.12/site-packages/airflow/example_dags/example_branch_day_of_week_operator.py
[2025-04-13T13:50:37.615-0400] {processor.py:830} INFO - Processing file /opt/anaconda3/lib/python3.12/site-packages/airflow/example_dags/example_branch_day_of_week_operator.py for tasks to queue
[2025-04-13T13:50:37.615-0400] {logging_mixin.py:188} INFO - [2025-04-13T13:50:37.615-0400] {dagbag.py:540} INFO - Filling up the DagBag from /opt/anaconda3/lib/python3.12/site-packages/airflow/example_dags/example_branch_day_of_week_operator.py
[2025-04-13T13:50:37.620-0400] {processor.py:840} INFO - DAG(s) 'example_weekday_branch_operator' retrieved from /opt/anaconda3/lib/python3.12/site-packages/airflow/example_dags/example_branch_day_of_week_operator.py
[2025-04-13T13:50:37.655-0400] {logging_mixin.py:188} INFO - [2025-04-13T13:50:37.655-0400] {dag.py:3096} INFO - Sync 1 DAGs
[2025-04-13T13:50:37.660-0400] {logging_mixin.py:188} INFO - [2025-04-13T13:50:37.660-0400] {dag.py:3954} INFO - Setting next_dagrun for example_weekday_branch_operator to 2025-04-12 00:00:00+00:00, run_after=2025-04-13 00:00:00+00:00
[2025-04-13T13:50:37.666-0400] {processor.py:183} INFO - Processing /opt/anaconda3/lib/python3.12/site-packages/airflow/example_dags/example_branch_day_of_week_operator.py took 0.053 seconds
[2025-04-13T13:52:55.869-0400] {processor.py:161} INFO - Started process (PID=51873) to work on /opt/anaconda3/lib/python3.12/site-packages/airflow/example_dags/example_branch_day_of_week_operator.py
[2025-04-13T13:52:55.870-0400] {processor.py:830} INFO - Processing file /opt/anaconda3/lib/python3.12/site-packages/airflow/example_dags/example_branch_day_of_week_operator.py for tasks to queue
[2025-04-13T13:52:55.870-0400] {logging_mixin.py:188} INFO - [2025-04-13T13:52:55.870-0400] {dagbag.py:540} INFO - Filling up the DagBag from /opt/anaconda3/lib/python3.12/site-packages/airflow/example_dags/example_branch_day_of_week_operator.py
[2025-04-13T13:52:55.874-0400] {processor.py:840} INFO - DAG(s) 'example_weekday_branch_operator' retrieved from /opt/anaconda3/lib/python3.12/site-packages/airflow/example_dags/example_branch_day_of_week_operator.py
[2025-04-13T13:52:55.911-0400] {logging_mixin.py:188} INFO - [2025-04-13T13:52:55.911-0400] {dag.py:3096} INFO - Sync 1 DAGs
[2025-04-13T13:52:55.916-0400] {logging_mixin.py:188} INFO - [2025-04-13T13:52:55.916-0400] {dag.py:3954} INFO - Setting next_dagrun for example_weekday_branch_operator to 2025-04-12 00:00:00+00:00, run_after=2025-04-13 00:00:00+00:00
[2025-04-13T13:52:55.923-0400] {processor.py:183} INFO - Processing /opt/anaconda3/lib/python3.12/site-packages/airflow/example_dags/example_branch_day_of_week_operator.py took 0.055 seconds
[2025-04-13T13:55:13.227-0400] {processor.py:161} INFO - Started process (PID=52778) to work on /opt/anaconda3/lib/python3.12/site-packages/airflow/example_dags/example_branch_day_of_week_operator.py
[2025-04-13T13:55:13.228-0400] {processor.py:830} INFO - Processing file /opt/anaconda3/lib/python3.12/site-packages/airflow/example_dags/example_branch_day_of_week_operator.py for tasks to queue
[2025-04-13T13:55:13.228-0400] {logging_mixin.py:188} INFO - [2025-04-13T13:55:13.228-0400] {dagbag.py:540} INFO - Filling up the DagBag from /opt/anaconda3/lib/python3.12/site-packages/airflow/example_dags/example_branch_day_of_week_operator.py
[2025-04-13T13:55:13.232-0400] {processor.py:840} INFO - DAG(s) 'example_weekday_branch_operator' retrieved from /opt/anaconda3/lib/python3.12/site-packages/airflow/example_dags/example_branch_day_of_week_operator.py
[2025-04-13T13:55:13.267-0400] {logging_mixin.py:188} INFO - [2025-04-13T13:55:13.267-0400] {dag.py:3096} INFO - Sync 1 DAGs
[2025-04-13T13:55:13.272-0400] {logging_mixin.py:188} INFO - [2025-04-13T13:55:13.272-0400] {dag.py:3954} INFO - Setting next_dagrun for example_weekday_branch_operator to 2025-04-12 00:00:00+00:00, run_after=2025-04-13 00:00:00+00:00
[2025-04-13T13:55:13.278-0400] {processor.py:183} INFO - Processing /opt/anaconda3/lib/python3.12/site-packages/airflow/example_dags/example_branch_day_of_week_operator.py took 0.052 seconds
[2025-04-13T13:57:30.782-0400] {processor.py:161} INFO - Started process (PID=53726) to work on /opt/anaconda3/lib/python3.12/site-packages/airflow/example_dags/example_branch_day_of_week_operator.py
[2025-04-13T13:57:30.782-0400] {processor.py:830} INFO - Processing file /opt/anaconda3/lib/python3.12/site-packages/airflow/example_dags/example_branch_day_of_week_operator.py for tasks to queue
[2025-04-13T13:57:30.783-0400] {logging_mixin.py:188} INFO - [2025-04-13T13:57:30.783-0400] {dagbag.py:540} INFO - Filling up the DagBag from /opt/anaconda3/lib/python3.12/site-packages/airflow/example_dags/example_branch_day_of_week_operator.py
[2025-04-13T13:57:30.787-0400] {processor.py:840} INFO - DAG(s) 'example_weekday_branch_operator' retrieved from /opt/anaconda3/lib/python3.12/site-packages/airflow/example_dags/example_branch_day_of_week_operator.py
[2025-04-13T13:57:30.822-0400] {logging_mixin.py:188} INFO - [2025-04-13T13:57:30.822-0400] {dag.py:3096} INFO - Sync 1 DAGs
[2025-04-13T13:57:30.827-0400] {logging_mixin.py:188} INFO - [2025-04-13T13:57:30.827-0400] {dag.py:3954} INFO - Setting next_dagrun for example_weekday_branch_operator to 2025-04-12 00:00:00+00:00, run_after=2025-04-13 00:00:00+00:00
[2025-04-13T13:57:30.834-0400] {processor.py:183} INFO - Processing /opt/anaconda3/lib/python3.12/site-packages/airflow/example_dags/example_branch_day_of_week_operator.py took 0.053 seconds
[2025-04-13T13:59:44.198-0400] {processor.py:161} INFO - Started process (PID=54677) to work on /opt/anaconda3/lib/python3.12/site-packages/airflow/example_dags/example_branch_day_of_week_operator.py
[2025-04-13T13:59:44.199-0400] {processor.py:830} INFO - Processing file /opt/anaconda3/lib/python3.12/site-packages/airflow/example_dags/example_branch_day_of_week_operator.py for tasks to queue
[2025-04-13T13:59:44.199-0400] {logging_mixin.py:188} INFO - [2025-04-13T13:59:44.199-0400] {dagbag.py:540} INFO - Filling up the DagBag from /opt/anaconda3/lib/python3.12/site-packages/airflow/example_dags/example_branch_day_of_week_operator.py
[2025-04-13T13:59:44.203-0400] {processor.py:840} INFO - DAG(s) 'example_weekday_branch_operator' retrieved from /opt/anaconda3/lib/python3.12/site-packages/airflow/example_dags/example_branch_day_of_week_operator.py
[2025-04-13T13:59:44.238-0400] {logging_mixin.py:188} INFO - [2025-04-13T13:59:44.238-0400] {dag.py:3096} INFO - Sync 1 DAGs
[2025-04-13T13:59:44.243-0400] {logging_mixin.py:188} INFO - [2025-04-13T13:59:44.243-0400] {dag.py:3954} INFO - Setting next_dagrun for example_weekday_branch_operator to 2025-04-12 00:00:00+00:00, run_after=2025-04-13 00:00:00+00:00
[2025-04-13T13:59:44.249-0400] {processor.py:183} INFO - Processing /opt/anaconda3/lib/python3.12/site-packages/airflow/example_dags/example_branch_day_of_week_operator.py took 0.053 seconds
[2025-04-13T14:02:03.981-0400] {processor.py:161} INFO - Started process (PID=55615) to work on /opt/anaconda3/lib/python3.12/site-packages/airflow/example_dags/example_branch_day_of_week_operator.py
[2025-04-13T14:02:03.981-0400] {processor.py:830} INFO - Processing file /opt/anaconda3/lib/python3.12/site-packages/airflow/example_dags/example_branch_day_of_week_operator.py for tasks to queue
[2025-04-13T14:02:03.981-0400] {logging_mixin.py:188} INFO - [2025-04-13T14:02:03.981-0400] {dagbag.py:540} INFO - Filling up the DagBag from /opt/anaconda3/lib/python3.12/site-packages/airflow/example_dags/example_branch_day_of_week_operator.py
[2025-04-13T14:02:03.985-0400] {processor.py:840} INFO - DAG(s) 'example_weekday_branch_operator' retrieved from /opt/anaconda3/lib/python3.12/site-packages/airflow/example_dags/example_branch_day_of_week_operator.py
[2025-04-13T14:02:04.022-0400] {logging_mixin.py:188} INFO - [2025-04-13T14:02:04.022-0400] {dag.py:3096} INFO - Sync 1 DAGs
[2025-04-13T14:02:04.027-0400] {logging_mixin.py:188} INFO - [2025-04-13T14:02:04.027-0400] {dag.py:3954} INFO - Setting next_dagrun for example_weekday_branch_operator to 2025-04-12 00:00:00+00:00, run_after=2025-04-13 00:00:00+00:00
[2025-04-13T14:02:04.033-0400] {processor.py:183} INFO - Processing /opt/anaconda3/lib/python3.12/site-packages/airflow/example_dags/example_branch_day_of_week_operator.py took 0.054 seconds
