[2025-04-13T13:08:19.846-0400] {processor.py:161} INFO - Started process (PID=34607) to work on /opt/anaconda3/lib/python3.12/site-packages/airflow/example_dags/example_params_ui_tutorial.py
[2025-04-13T13:08:19.847-0400] {processor.py:830} INFO - Processing file /opt/anaconda3/lib/python3.12/site-packages/airflow/example_dags/example_params_ui_tutorial.py for tasks to queue
[2025-04-13T13:08:19.847-0400] {logging_mixin.py:188} INFO - [2025-04-13T13:08:19.847-0400] {dagbag.py:540} INFO - Filling up the DagBag from /opt/anaconda3/lib/python3.12/site-packages/airflow/example_dags/example_params_ui_tutorial.py
[2025-04-13T13:08:19.863-0400] {processor.py:840} INFO - DAG(s) 'example_params_ui_tutorial' retrieved from /opt/anaconda3/lib/python3.12/site-packages/airflow/example_dags/example_params_ui_tutorial.py
[2025-04-13T13:08:19.936-0400] {logging_mixin.py:188} INFO - [2025-04-13T13:08:19.936-0400] {override.py:1930} INFO - Created Permission View: can edit on DAG:example_params_ui_tutorial
[2025-04-13T13:08:19.939-0400] {logging_mixin.py:188} INFO - [2025-04-13T13:08:19.939-0400] {override.py:1930} INFO - Created Permission View: can delete on DAG:example_params_ui_tutorial
[2025-04-13T13:08:19.941-0400] {logging_mixin.py:188} INFO - [2025-04-13T13:08:19.941-0400] {override.py:1930} INFO - Created Permission View: can read on DAG:example_params_ui_tutorial
[2025-04-13T13:08:19.941-0400] {logging_mixin.py:188} INFO - [2025-04-13T13:08:19.941-0400] {dag.py:3096} INFO - Sync 1 DAGs
[2025-04-13T13:08:19.944-0400] {logging_mixin.py:188} INFO - [2025-04-13T13:08:19.944-0400] {dag.py:3118} INFO - Creating ORM DAG for example_params_ui_tutorial
[2025-04-13T13:08:19.944-0400] {logging_mixin.py:188} INFO - [2025-04-13T13:08:19.944-0400] {dag.py:3954} INFO - Setting next_dagrun for example_params_ui_tutorial to None, run_after=None
[2025-04-13T13:08:19.950-0400] {processor.py:183} INFO - Processing /opt/anaconda3/lib/python3.12/site-packages/airflow/example_dags/example_params_ui_tutorial.py took 0.105 seconds
[2025-04-13T13:15:51.399-0400] {processor.py:161} INFO - Started process (PID=37437) to work on /opt/anaconda3/lib/python3.12/site-packages/airflow/example_dags/example_params_ui_tutorial.py
[2025-04-13T13:15:51.400-0400] {processor.py:830} INFO - Processing file /opt/anaconda3/lib/python3.12/site-packages/airflow/example_dags/example_params_ui_tutorial.py for tasks to queue
[2025-04-13T13:15:51.400-0400] {logging_mixin.py:188} INFO - [2025-04-13T13:15:51.400-0400] {dagbag.py:540} INFO - Filling up the DagBag from /opt/anaconda3/lib/python3.12/site-packages/airflow/example_dags/example_params_ui_tutorial.py
[2025-04-13T13:15:51.416-0400] {processor.py:840} INFO - DAG(s) 'example_params_ui_tutorial' retrieved from /opt/anaconda3/lib/python3.12/site-packages/airflow/example_dags/example_params_ui_tutorial.py
[2025-04-13T13:15:51.459-0400] {logging_mixin.py:188} INFO - [2025-04-13T13:15:51.459-0400] {dag.py:3096} INFO - Sync 1 DAGs
[2025-04-13T13:15:51.462-0400] {logging_mixin.py:188} INFO - [2025-04-13T13:15:51.462-0400] {dag.py:3954} INFO - Setting next_dagrun for example_params_ui_tutorial to None, run_after=None
[2025-04-13T13:15:51.467-0400] {processor.py:183} INFO - Processing /opt/anaconda3/lib/python3.12/site-packages/airflow/example_dags/example_params_ui_tutorial.py took 0.069 seconds
[2025-04-13T13:19:33.825-0400] {processor.py:161} INFO - Started process (PID=38932) to work on /opt/anaconda3/lib/python3.12/site-packages/airflow/example_dags/example_params_ui_tutorial.py
[2025-04-13T13:19:33.825-0400] {processor.py:830} INFO - Processing file /opt/anaconda3/lib/python3.12/site-packages/airflow/example_dags/example_params_ui_tutorial.py for tasks to queue
[2025-04-13T13:19:33.826-0400] {logging_mixin.py:188} INFO - [2025-04-13T13:19:33.826-0400] {dagbag.py:540} INFO - Filling up the DagBag from /opt/anaconda3/lib/python3.12/site-packages/airflow/example_dags/example_params_ui_tutorial.py
[2025-04-13T13:19:33.842-0400] {processor.py:840} INFO - DAG(s) 'example_params_ui_tutorial' retrieved from /opt/anaconda3/lib/python3.12/site-packages/airflow/example_dags/example_params_ui_tutorial.py
[2025-04-13T13:19:33.916-0400] {logging_mixin.py:188} INFO - [2025-04-13T13:19:33.915-0400] {dag.py:3096} INFO - Sync 1 DAGs
[2025-04-13T13:19:33.919-0400] {logging_mixin.py:188} INFO - [2025-04-13T13:19:33.919-0400] {dag.py:3954} INFO - Setting next_dagrun for example_params_ui_tutorial to None, run_after=None
[2025-04-13T13:19:33.927-0400] {processor.py:183} INFO - Processing /opt/anaconda3/lib/python3.12/site-packages/airflow/example_dags/example_params_ui_tutorial.py took 0.103 seconds
[2025-04-13T13:24:01.295-0400] {processor.py:161} INFO - Started process (PID=40829) to work on /opt/anaconda3/lib/python3.12/site-packages/airflow/example_dags/example_params_ui_tutorial.py
[2025-04-13T13:24:01.296-0400] {processor.py:830} INFO - Processing file /opt/anaconda3/lib/python3.12/site-packages/airflow/example_dags/example_params_ui_tutorial.py for tasks to queue
[2025-04-13T13:24:01.297-0400] {logging_mixin.py:188} INFO - [2025-04-13T13:24:01.297-0400] {dagbag.py:540} INFO - Filling up the DagBag from /opt/anaconda3/lib/python3.12/site-packages/airflow/example_dags/example_params_ui_tutorial.py
[2025-04-13T13:24:01.312-0400] {processor.py:840} INFO - DAG(s) 'example_params_ui_tutorial' retrieved from /opt/anaconda3/lib/python3.12/site-packages/airflow/example_dags/example_params_ui_tutorial.py
[2025-04-13T13:24:01.384-0400] {logging_mixin.py:188} INFO - [2025-04-13T13:24:01.383-0400] {dag.py:3096} INFO - Sync 1 DAGs
[2025-04-13T13:24:01.386-0400] {logging_mixin.py:188} INFO - [2025-04-13T13:24:01.386-0400] {dag.py:3954} INFO - Setting next_dagrun for example_params_ui_tutorial to None, run_after=None
[2025-04-13T13:24:01.393-0400] {processor.py:183} INFO - Processing /opt/anaconda3/lib/python3.12/site-packages/airflow/example_dags/example_params_ui_tutorial.py took 0.099 seconds
[2025-04-13T13:25:38.247-0400] {processor.py:161} INFO - Started process (PID=41491) to work on /opt/anaconda3/lib/python3.12/site-packages/airflow/example_dags/example_params_ui_tutorial.py
[2025-04-13T13:25:38.248-0400] {processor.py:830} INFO - Processing file /opt/anaconda3/lib/python3.12/site-packages/airflow/example_dags/example_params_ui_tutorial.py for tasks to queue
[2025-04-13T13:25:38.249-0400] {logging_mixin.py:188} INFO - [2025-04-13T13:25:38.249-0400] {dagbag.py:540} INFO - Filling up the DagBag from /opt/anaconda3/lib/python3.12/site-packages/airflow/example_dags/example_params_ui_tutorial.py
[2025-04-13T13:25:38.264-0400] {processor.py:840} INFO - DAG(s) 'example_params_ui_tutorial' retrieved from /opt/anaconda3/lib/python3.12/site-packages/airflow/example_dags/example_params_ui_tutorial.py
[2025-04-13T13:25:38.309-0400] {logging_mixin.py:188} INFO - [2025-04-13T13:25:38.309-0400] {dag.py:3096} INFO - Sync 1 DAGs
[2025-04-13T13:25:38.312-0400] {logging_mixin.py:188} INFO - [2025-04-13T13:25:38.312-0400] {dag.py:3954} INFO - Setting next_dagrun for example_params_ui_tutorial to None, run_after=None
[2025-04-13T13:25:38.318-0400] {processor.py:183} INFO - Processing /opt/anaconda3/lib/python3.12/site-packages/airflow/example_dags/example_params_ui_tutorial.py took 0.072 seconds
[2025-04-13T13:27:44.148-0400] {processor.py:161} INFO - Started process (PID=42336) to work on /opt/anaconda3/lib/python3.12/site-packages/airflow/example_dags/example_params_ui_tutorial.py
[2025-04-13T13:27:44.149-0400] {processor.py:830} INFO - Processing file /opt/anaconda3/lib/python3.12/site-packages/airflow/example_dags/example_params_ui_tutorial.py for tasks to queue
[2025-04-13T13:27:44.149-0400] {logging_mixin.py:188} INFO - [2025-04-13T13:27:44.149-0400] {dagbag.py:540} INFO - Filling up the DagBag from /opt/anaconda3/lib/python3.12/site-packages/airflow/example_dags/example_params_ui_tutorial.py
[2025-04-13T13:27:44.165-0400] {processor.py:840} INFO - DAG(s) 'example_params_ui_tutorial' retrieved from /opt/anaconda3/lib/python3.12/site-packages/airflow/example_dags/example_params_ui_tutorial.py
[2025-04-13T13:27:44.211-0400] {logging_mixin.py:188} INFO - [2025-04-13T13:27:44.211-0400] {dag.py:3096} INFO - Sync 1 DAGs
[2025-04-13T13:27:44.214-0400] {logging_mixin.py:188} INFO - [2025-04-13T13:27:44.214-0400] {dag.py:3954} INFO - Setting next_dagrun for example_params_ui_tutorial to None, run_after=None
[2025-04-13T13:27:44.220-0400] {processor.py:183} INFO - Processing /opt/anaconda3/lib/python3.12/site-packages/airflow/example_dags/example_params_ui_tutorial.py took 0.072 seconds
[2025-04-13T13:29:57.475-0400] {processor.py:161} INFO - Started process (PID=43207) to work on /opt/anaconda3/lib/python3.12/site-packages/airflow/example_dags/example_params_ui_tutorial.py
[2025-04-13T13:29:57.476-0400] {processor.py:830} INFO - Processing file /opt/anaconda3/lib/python3.12/site-packages/airflow/example_dags/example_params_ui_tutorial.py for tasks to queue
[2025-04-13T13:29:57.476-0400] {logging_mixin.py:188} INFO - [2025-04-13T13:29:57.476-0400] {dagbag.py:540} INFO - Filling up the DagBag from /opt/anaconda3/lib/python3.12/site-packages/airflow/example_dags/example_params_ui_tutorial.py
[2025-04-13T13:29:57.493-0400] {processor.py:840} INFO - DAG(s) 'example_params_ui_tutorial' retrieved from /opt/anaconda3/lib/python3.12/site-packages/airflow/example_dags/example_params_ui_tutorial.py
[2025-04-13T13:29:57.537-0400] {logging_mixin.py:188} INFO - [2025-04-13T13:29:57.537-0400] {dag.py:3096} INFO - Sync 1 DAGs
[2025-04-13T13:29:57.540-0400] {logging_mixin.py:188} INFO - [2025-04-13T13:29:57.540-0400] {dag.py:3954} INFO - Setting next_dagrun for example_params_ui_tutorial to None, run_after=None
[2025-04-13T13:29:57.546-0400] {processor.py:183} INFO - Processing /opt/anaconda3/lib/python3.12/site-packages/airflow/example_dags/example_params_ui_tutorial.py took 0.072 seconds
[2025-04-13T13:32:17.658-0400] {processor.py:161} INFO - Started process (PID=44115) to work on /opt/anaconda3/lib/python3.12/site-packages/airflow/example_dags/example_params_ui_tutorial.py
[2025-04-13T13:32:17.659-0400] {processor.py:830} INFO - Processing file /opt/anaconda3/lib/python3.12/site-packages/airflow/example_dags/example_params_ui_tutorial.py for tasks to queue
[2025-04-13T13:32:17.659-0400] {logging_mixin.py:188} INFO - [2025-04-13T13:32:17.659-0400] {dagbag.py:540} INFO - Filling up the DagBag from /opt/anaconda3/lib/python3.12/site-packages/airflow/example_dags/example_params_ui_tutorial.py
[2025-04-13T13:32:17.675-0400] {processor.py:840} INFO - DAG(s) 'example_params_ui_tutorial' retrieved from /opt/anaconda3/lib/python3.12/site-packages/airflow/example_dags/example_params_ui_tutorial.py
[2025-04-13T13:32:17.719-0400] {logging_mixin.py:188} INFO - [2025-04-13T13:32:17.719-0400] {dag.py:3096} INFO - Sync 1 DAGs
[2025-04-13T13:32:17.722-0400] {logging_mixin.py:188} INFO - [2025-04-13T13:32:17.722-0400] {dag.py:3954} INFO - Setting next_dagrun for example_params_ui_tutorial to None, run_after=None
[2025-04-13T13:32:17.728-0400] {processor.py:183} INFO - Processing /opt/anaconda3/lib/python3.12/site-packages/airflow/example_dags/example_params_ui_tutorial.py took 0.071 seconds
[2025-04-13T13:35:27.679-0400] {processor.py:161} INFO - Started process (PID=44795) to work on /opt/anaconda3/lib/python3.12/site-packages/airflow/example_dags/example_params_ui_tutorial.py
[2025-04-13T13:35:27.679-0400] {processor.py:830} INFO - Processing file /opt/anaconda3/lib/python3.12/site-packages/airflow/example_dags/example_params_ui_tutorial.py for tasks to queue
[2025-04-13T13:35:27.679-0400] {logging_mixin.py:188} INFO - [2025-04-13T13:35:27.679-0400] {dagbag.py:540} INFO - Filling up the DagBag from /opt/anaconda3/lib/python3.12/site-packages/airflow/example_dags/example_params_ui_tutorial.py
[2025-04-13T13:35:27.696-0400] {processor.py:840} INFO - DAG(s) 'example_params_ui_tutorial' retrieved from /opt/anaconda3/lib/python3.12/site-packages/airflow/example_dags/example_params_ui_tutorial.py
[2025-04-13T13:35:27.743-0400] {logging_mixin.py:188} INFO - [2025-04-13T13:35:27.743-0400] {dag.py:3096} INFO - Sync 1 DAGs
[2025-04-13T13:35:27.746-0400] {logging_mixin.py:188} INFO - [2025-04-13T13:35:27.746-0400] {dag.py:3954} INFO - Setting next_dagrun for example_params_ui_tutorial to None, run_after=None
[2025-04-13T13:35:27.752-0400] {processor.py:183} INFO - Processing /opt/anaconda3/lib/python3.12/site-packages/airflow/example_dags/example_params_ui_tutorial.py took 0.074 seconds
[2025-04-13T13:38:02.519-0400] {processor.py:161} INFO - Started process (PID=45858) to work on /opt/anaconda3/lib/python3.12/site-packages/airflow/example_dags/example_params_ui_tutorial.py
[2025-04-13T13:38:02.520-0400] {processor.py:830} INFO - Processing file /opt/anaconda3/lib/python3.12/site-packages/airflow/example_dags/example_params_ui_tutorial.py for tasks to queue
[2025-04-13T13:38:02.520-0400] {logging_mixin.py:188} INFO - [2025-04-13T13:38:02.520-0400] {dagbag.py:540} INFO - Filling up the DagBag from /opt/anaconda3/lib/python3.12/site-packages/airflow/example_dags/example_params_ui_tutorial.py
[2025-04-13T13:38:02.536-0400] {processor.py:840} INFO - DAG(s) 'example_params_ui_tutorial' retrieved from /opt/anaconda3/lib/python3.12/site-packages/airflow/example_dags/example_params_ui_tutorial.py
[2025-04-13T13:38:02.580-0400] {logging_mixin.py:188} INFO - [2025-04-13T13:38:02.580-0400] {dag.py:3096} INFO - Sync 1 DAGs
[2025-04-13T13:38:02.583-0400] {logging_mixin.py:188} INFO - [2025-04-13T13:38:02.583-0400] {dag.py:3954} INFO - Setting next_dagrun for example_params_ui_tutorial to None, run_after=None
[2025-04-13T13:38:02.589-0400] {processor.py:183} INFO - Processing /opt/anaconda3/lib/python3.12/site-packages/airflow/example_dags/example_params_ui_tutorial.py took 0.071 seconds
[2025-04-13T13:40:17.468-0400] {processor.py:161} INFO - Started process (PID=46766) to work on /opt/anaconda3/lib/python3.12/site-packages/airflow/example_dags/example_params_ui_tutorial.py
[2025-04-13T13:40:17.468-0400] {processor.py:830} INFO - Processing file /opt/anaconda3/lib/python3.12/site-packages/airflow/example_dags/example_params_ui_tutorial.py for tasks to queue
[2025-04-13T13:40:17.469-0400] {logging_mixin.py:188} INFO - [2025-04-13T13:40:17.469-0400] {dagbag.py:540} INFO - Filling up the DagBag from /opt/anaconda3/lib/python3.12/site-packages/airflow/example_dags/example_params_ui_tutorial.py
[2025-04-13T13:40:17.484-0400] {processor.py:840} INFO - DAG(s) 'example_params_ui_tutorial' retrieved from /opt/anaconda3/lib/python3.12/site-packages/airflow/example_dags/example_params_ui_tutorial.py
[2025-04-13T13:40:17.529-0400] {logging_mixin.py:188} INFO - [2025-04-13T13:40:17.528-0400] {dag.py:3096} INFO - Sync 1 DAGs
[2025-04-13T13:40:17.532-0400] {logging_mixin.py:188} INFO - [2025-04-13T13:40:17.532-0400] {dag.py:3954} INFO - Setting next_dagrun for example_params_ui_tutorial to None, run_after=None
[2025-04-13T13:40:17.537-0400] {processor.py:183} INFO - Processing /opt/anaconda3/lib/python3.12/site-packages/airflow/example_dags/example_params_ui_tutorial.py took 0.071 seconds
[2025-04-13T13:42:27.557-0400] {processor.py:161} INFO - Started process (PID=47659) to work on /opt/anaconda3/lib/python3.12/site-packages/airflow/example_dags/example_params_ui_tutorial.py
[2025-04-13T13:42:27.558-0400] {processor.py:830} INFO - Processing file /opt/anaconda3/lib/python3.12/site-packages/airflow/example_dags/example_params_ui_tutorial.py for tasks to queue
[2025-04-13T13:42:27.558-0400] {logging_mixin.py:188} INFO - [2025-04-13T13:42:27.558-0400] {dagbag.py:540} INFO - Filling up the DagBag from /opt/anaconda3/lib/python3.12/site-packages/airflow/example_dags/example_params_ui_tutorial.py
[2025-04-13T13:42:27.573-0400] {processor.py:840} INFO - DAG(s) 'example_params_ui_tutorial' retrieved from /opt/anaconda3/lib/python3.12/site-packages/airflow/example_dags/example_params_ui_tutorial.py
[2025-04-13T13:42:27.617-0400] {logging_mixin.py:188} INFO - [2025-04-13T13:42:27.617-0400] {dag.py:3096} INFO - Sync 1 DAGs
[2025-04-13T13:42:27.620-0400] {logging_mixin.py:188} INFO - [2025-04-13T13:42:27.620-0400] {dag.py:3954} INFO - Setting next_dagrun for example_params_ui_tutorial to None, run_after=None
[2025-04-13T13:42:27.626-0400] {processor.py:183} INFO - Processing /opt/anaconda3/lib/python3.12/site-packages/airflow/example_dags/example_params_ui_tutorial.py took 0.070 seconds
[2025-04-13T13:44:39.433-0400] {processor.py:161} INFO - Started process (PID=48566) to work on /opt/anaconda3/lib/python3.12/site-packages/airflow/example_dags/example_params_ui_tutorial.py
[2025-04-13T13:44:39.434-0400] {processor.py:830} INFO - Processing file /opt/anaconda3/lib/python3.12/site-packages/airflow/example_dags/example_params_ui_tutorial.py for tasks to queue
[2025-04-13T13:44:39.434-0400] {logging_mixin.py:188} INFO - [2025-04-13T13:44:39.434-0400] {dagbag.py:540} INFO - Filling up the DagBag from /opt/anaconda3/lib/python3.12/site-packages/airflow/example_dags/example_params_ui_tutorial.py
[2025-04-13T13:44:39.450-0400] {processor.py:840} INFO - DAG(s) 'example_params_ui_tutorial' retrieved from /opt/anaconda3/lib/python3.12/site-packages/airflow/example_dags/example_params_ui_tutorial.py
[2025-04-13T13:44:39.494-0400] {logging_mixin.py:188} INFO - [2025-04-13T13:44:39.493-0400] {dag.py:3096} INFO - Sync 1 DAGs
[2025-04-13T13:44:39.496-0400] {logging_mixin.py:188} INFO - [2025-04-13T13:44:39.496-0400] {dag.py:3954} INFO - Setting next_dagrun for example_params_ui_tutorial to None, run_after=None
[2025-04-13T13:44:39.502-0400] {processor.py:183} INFO - Processing /opt/anaconda3/lib/python3.12/site-packages/airflow/example_dags/example_params_ui_tutorial.py took 0.070 seconds
[2025-04-13T13:47:01.316-0400] {processor.py:161} INFO - Started process (PID=49490) to work on /opt/anaconda3/lib/python3.12/site-packages/airflow/example_dags/example_params_ui_tutorial.py
[2025-04-13T13:47:01.316-0400] {processor.py:830} INFO - Processing file /opt/anaconda3/lib/python3.12/site-packages/airflow/example_dags/example_params_ui_tutorial.py for tasks to queue
[2025-04-13T13:47:01.317-0400] {logging_mixin.py:188} INFO - [2025-04-13T13:47:01.317-0400] {dagbag.py:540} INFO - Filling up the DagBag from /opt/anaconda3/lib/python3.12/site-packages/airflow/example_dags/example_params_ui_tutorial.py
[2025-04-13T13:47:01.332-0400] {processor.py:840} INFO - DAG(s) 'example_params_ui_tutorial' retrieved from /opt/anaconda3/lib/python3.12/site-packages/airflow/example_dags/example_params_ui_tutorial.py
[2025-04-13T13:47:01.377-0400] {logging_mixin.py:188} INFO - [2025-04-13T13:47:01.377-0400] {dag.py:3096} INFO - Sync 1 DAGs
[2025-04-13T13:47:01.380-0400] {logging_mixin.py:188} INFO - [2025-04-13T13:47:01.380-0400] {dag.py:3954} INFO - Setting next_dagrun for example_params_ui_tutorial to None, run_after=None
[2025-04-13T13:47:01.386-0400] {processor.py:183} INFO - Processing /opt/anaconda3/lib/python3.12/site-packages/airflow/example_dags/example_params_ui_tutorial.py took 0.071 seconds
[2025-04-13T13:49:21.285-0400] {processor.py:161} INFO - Started process (PID=50412) to work on /opt/anaconda3/lib/python3.12/site-packages/airflow/example_dags/example_params_ui_tutorial.py
[2025-04-13T13:49:21.285-0400] {processor.py:830} INFO - Processing file /opt/anaconda3/lib/python3.12/site-packages/airflow/example_dags/example_params_ui_tutorial.py for tasks to queue
[2025-04-13T13:49:21.286-0400] {logging_mixin.py:188} INFO - [2025-04-13T13:49:21.286-0400] {dagbag.py:540} INFO - Filling up the DagBag from /opt/anaconda3/lib/python3.12/site-packages/airflow/example_dags/example_params_ui_tutorial.py
[2025-04-13T13:49:21.301-0400] {processor.py:840} INFO - DAG(s) 'example_params_ui_tutorial' retrieved from /opt/anaconda3/lib/python3.12/site-packages/airflow/example_dags/example_params_ui_tutorial.py
[2025-04-13T13:49:21.346-0400] {logging_mixin.py:188} INFO - [2025-04-13T13:49:21.346-0400] {dag.py:3096} INFO - Sync 1 DAGs
[2025-04-13T13:49:21.349-0400] {logging_mixin.py:188} INFO - [2025-04-13T13:49:21.349-0400] {dag.py:3954} INFO - Setting next_dagrun for example_params_ui_tutorial to None, run_after=None
[2025-04-13T13:49:21.355-0400] {processor.py:183} INFO - Processing /opt/anaconda3/lib/python3.12/site-packages/airflow/example_dags/example_params_ui_tutorial.py took 0.071 seconds
[2025-04-13T13:51:39.279-0400] {processor.py:161} INFO - Started process (PID=51351) to work on /opt/anaconda3/lib/python3.12/site-packages/airflow/example_dags/example_params_ui_tutorial.py
[2025-04-13T13:51:39.280-0400] {processor.py:830} INFO - Processing file /opt/anaconda3/lib/python3.12/site-packages/airflow/example_dags/example_params_ui_tutorial.py for tasks to queue
[2025-04-13T13:51:39.280-0400] {logging_mixin.py:188} INFO - [2025-04-13T13:51:39.280-0400] {dagbag.py:540} INFO - Filling up the DagBag from /opt/anaconda3/lib/python3.12/site-packages/airflow/example_dags/example_params_ui_tutorial.py
[2025-04-13T13:51:39.296-0400] {processor.py:840} INFO - DAG(s) 'example_params_ui_tutorial' retrieved from /opt/anaconda3/lib/python3.12/site-packages/airflow/example_dags/example_params_ui_tutorial.py
[2025-04-13T13:51:39.340-0400] {logging_mixin.py:188} INFO - [2025-04-13T13:51:39.340-0400] {dag.py:3096} INFO - Sync 1 DAGs
[2025-04-13T13:51:39.343-0400] {logging_mixin.py:188} INFO - [2025-04-13T13:51:39.343-0400] {dag.py:3954} INFO - Setting next_dagrun for example_params_ui_tutorial to None, run_after=None
[2025-04-13T13:51:39.349-0400] {processor.py:183} INFO - Processing /opt/anaconda3/lib/python3.12/site-packages/airflow/example_dags/example_params_ui_tutorial.py took 0.071 seconds
[2025-04-13T13:54:01.269-0400] {processor.py:161} INFO - Started process (PID=52306) to work on /opt/anaconda3/lib/python3.12/site-packages/airflow/example_dags/example_params_ui_tutorial.py
[2025-04-13T13:54:01.270-0400] {processor.py:830} INFO - Processing file /opt/anaconda3/lib/python3.12/site-packages/airflow/example_dags/example_params_ui_tutorial.py for tasks to queue
[2025-04-13T13:54:01.270-0400] {logging_mixin.py:188} INFO - [2025-04-13T13:54:01.270-0400] {dagbag.py:540} INFO - Filling up the DagBag from /opt/anaconda3/lib/python3.12/site-packages/airflow/example_dags/example_params_ui_tutorial.py
[2025-04-13T13:54:01.285-0400] {processor.py:840} INFO - DAG(s) 'example_params_ui_tutorial' retrieved from /opt/anaconda3/lib/python3.12/site-packages/airflow/example_dags/example_params_ui_tutorial.py
[2025-04-13T13:54:01.329-0400] {logging_mixin.py:188} INFO - [2025-04-13T13:54:01.329-0400] {dag.py:3096} INFO - Sync 1 DAGs
[2025-04-13T13:54:01.332-0400] {logging_mixin.py:188} INFO - [2025-04-13T13:54:01.332-0400] {dag.py:3954} INFO - Setting next_dagrun for example_params_ui_tutorial to None, run_after=None
[2025-04-13T13:54:01.338-0400] {processor.py:183} INFO - Processing /opt/anaconda3/lib/python3.12/site-packages/airflow/example_dags/example_params_ui_tutorial.py took 0.070 seconds
[2025-04-13T13:56:15.523-0400] {processor.py:161} INFO - Started process (PID=53199) to work on /opt/anaconda3/lib/python3.12/site-packages/airflow/example_dags/example_params_ui_tutorial.py
[2025-04-13T13:56:15.524-0400] {processor.py:830} INFO - Processing file /opt/anaconda3/lib/python3.12/site-packages/airflow/example_dags/example_params_ui_tutorial.py for tasks to queue
[2025-04-13T13:56:15.524-0400] {logging_mixin.py:188} INFO - [2025-04-13T13:56:15.524-0400] {dagbag.py:540} INFO - Filling up the DagBag from /opt/anaconda3/lib/python3.12/site-packages/airflow/example_dags/example_params_ui_tutorial.py
[2025-04-13T13:56:15.540-0400] {processor.py:840} INFO - DAG(s) 'example_params_ui_tutorial' retrieved from /opt/anaconda3/lib/python3.12/site-packages/airflow/example_dags/example_params_ui_tutorial.py
[2025-04-13T13:56:15.584-0400] {logging_mixin.py:188} INFO - [2025-04-13T13:56:15.584-0400] {dag.py:3096} INFO - Sync 1 DAGs
[2025-04-13T13:56:15.587-0400] {logging_mixin.py:188} INFO - [2025-04-13T13:56:15.587-0400] {dag.py:3954} INFO - Setting next_dagrun for example_params_ui_tutorial to None, run_after=None
[2025-04-13T13:56:15.593-0400] {processor.py:183} INFO - Processing /opt/anaconda3/lib/python3.12/site-packages/airflow/example_dags/example_params_ui_tutorial.py took 0.071 seconds
[2025-04-13T13:58:31.636-0400] {processor.py:161} INFO - Started process (PID=54137) to work on /opt/anaconda3/lib/python3.12/site-packages/airflow/example_dags/example_params_ui_tutorial.py
[2025-04-13T13:58:31.637-0400] {processor.py:830} INFO - Processing file /opt/anaconda3/lib/python3.12/site-packages/airflow/example_dags/example_params_ui_tutorial.py for tasks to queue
[2025-04-13T13:58:31.637-0400] {logging_mixin.py:188} INFO - [2025-04-13T13:58:31.637-0400] {dagbag.py:540} INFO - Filling up the DagBag from /opt/anaconda3/lib/python3.12/site-packages/airflow/example_dags/example_params_ui_tutorial.py
[2025-04-13T13:58:31.652-0400] {processor.py:840} INFO - DAG(s) 'example_params_ui_tutorial' retrieved from /opt/anaconda3/lib/python3.12/site-packages/airflow/example_dags/example_params_ui_tutorial.py
[2025-04-13T13:58:31.696-0400] {logging_mixin.py:188} INFO - [2025-04-13T13:58:31.696-0400] {dag.py:3096} INFO - Sync 1 DAGs
[2025-04-13T13:58:31.699-0400] {logging_mixin.py:188} INFO - [2025-04-13T13:58:31.699-0400] {dag.py:3954} INFO - Setting next_dagrun for example_params_ui_tutorial to None, run_after=None
[2025-04-13T13:58:31.704-0400] {processor.py:183} INFO - Processing /opt/anaconda3/lib/python3.12/site-packages/airflow/example_dags/example_params_ui_tutorial.py took 0.069 seconds
[2025-04-13T14:00:46.617-0400] {processor.py:161} INFO - Started process (PID=55096) to work on /opt/anaconda3/lib/python3.12/site-packages/airflow/example_dags/example_params_ui_tutorial.py
[2025-04-13T14:00:46.617-0400] {processor.py:830} INFO - Processing file /opt/anaconda3/lib/python3.12/site-packages/airflow/example_dags/example_params_ui_tutorial.py for tasks to queue
[2025-04-13T14:00:46.618-0400] {logging_mixin.py:188} INFO - [2025-04-13T14:00:46.618-0400] {dagbag.py:540} INFO - Filling up the DagBag from /opt/anaconda3/lib/python3.12/site-packages/airflow/example_dags/example_params_ui_tutorial.py
[2025-04-13T14:00:46.633-0400] {processor.py:840} INFO - DAG(s) 'example_params_ui_tutorial' retrieved from /opt/anaconda3/lib/python3.12/site-packages/airflow/example_dags/example_params_ui_tutorial.py
[2025-04-13T14:00:46.677-0400] {logging_mixin.py:188} INFO - [2025-04-13T14:00:46.677-0400] {dag.py:3096} INFO - Sync 1 DAGs
[2025-04-13T14:00:46.680-0400] {logging_mixin.py:188} INFO - [2025-04-13T14:00:46.680-0400] {dag.py:3954} INFO - Setting next_dagrun for example_params_ui_tutorial to None, run_after=None
[2025-04-13T14:00:46.686-0400] {processor.py:183} INFO - Processing /opt/anaconda3/lib/python3.12/site-packages/airflow/example_dags/example_params_ui_tutorial.py took 0.070 seconds
