[2025-04-13T13:06:05.579-0400] {processor.py:161} INFO - Started process (PID=33675) to work on /opt/anaconda3/lib/python3.12/site-packages/airflow/example_dags/example_skip_dag.py
[2025-04-13T13:06:05.580-0400] {processor.py:830} INFO - Processing file /opt/anaconda3/lib/python3.12/site-packages/airflow/example_dags/example_skip_dag.py for tasks to queue
[2025-04-13T13:06:05.580-0400] {logging_mixin.py:188} INFO - [2025-04-13T13:06:05.580-0400] {dagbag.py:540} INFO - Filling up the DagBag from /opt/anaconda3/lib/python3.12/site-packages/airflow/example_dags/example_skip_dag.py
[2025-04-13T13:06:05.582-0400] {processor.py:840} INFO - DAG(s) 'example_skip_dag' retrieved from /opt/anaconda3/lib/python3.12/site-packages/airflow/example_dags/example_skip_dag.py
[2025-04-13T13:06:05.645-0400] {logging_mixin.py:188} INFO - [2025-04-13T13:06:05.645-0400] {override.py:1930} INFO - Created Permission View: can read on DAG:example_skip_dag
[2025-04-13T13:06:05.647-0400] {logging_mixin.py:188} INFO - [2025-04-13T13:06:05.647-0400] {override.py:1930} INFO - Created Permission View: can delete on DAG:example_skip_dag
[2025-04-13T13:06:05.649-0400] {logging_mixin.py:188} INFO - [2025-04-13T13:06:05.649-0400] {override.py:1930} INFO - Created Permission View: can edit on DAG:example_skip_dag
[2025-04-13T13:06:05.649-0400] {logging_mixin.py:188} INFO - [2025-04-13T13:06:05.649-0400] {dag.py:3096} INFO - Sync 1 DAGs
[2025-04-13T13:06:05.653-0400] {logging_mixin.py:188} INFO - [2025-04-13T13:06:05.653-0400] {dag.py:3118} INFO - Creating ORM DAG for example_skip_dag
[2025-04-13T13:06:05.655-0400] {logging_mixin.py:188} INFO - [2025-04-13T13:06:05.655-0400] {dag.py:3954} INFO - Setting next_dagrun for example_skip_dag to 2025-04-12 00:00:00+00:00, run_after=2025-04-13 00:00:00+00:00
[2025-04-13T13:06:05.660-0400] {processor.py:183} INFO - Processing /opt/anaconda3/lib/python3.12/site-packages/airflow/example_dags/example_skip_dag.py took 0.082 seconds
[2025-04-13T13:08:00.917-0400] {processor.py:161} INFO - Started process (PID=34480) to work on /opt/anaconda3/lib/python3.12/site-packages/airflow/example_dags/example_skip_dag.py
[2025-04-13T13:08:00.918-0400] {processor.py:830} INFO - Processing file /opt/anaconda3/lib/python3.12/site-packages/airflow/example_dags/example_skip_dag.py for tasks to queue
[2025-04-13T13:08:00.919-0400] {logging_mixin.py:188} INFO - [2025-04-13T13:08:00.918-0400] {dagbag.py:540} INFO - Filling up the DagBag from /opt/anaconda3/lib/python3.12/site-packages/airflow/example_dags/example_skip_dag.py
[2025-04-13T13:08:00.921-0400] {processor.py:840} INFO - DAG(s) 'example_skip_dag' retrieved from /opt/anaconda3/lib/python3.12/site-packages/airflow/example_dags/example_skip_dag.py
[2025-04-13T13:08:00.958-0400] {logging_mixin.py:188} INFO - [2025-04-13T13:08:00.958-0400] {dag.py:3096} INFO - Sync 1 DAGs
[2025-04-13T13:08:00.963-0400] {logging_mixin.py:188} INFO - [2025-04-13T13:08:00.963-0400] {dag.py:3954} INFO - Setting next_dagrun for example_skip_dag to 2025-04-12 00:00:00+00:00, run_after=2025-04-13 00:00:00+00:00
[2025-04-13T13:08:00.970-0400] {processor.py:183} INFO - Processing /opt/anaconda3/lib/python3.12/site-packages/airflow/example_dags/example_skip_dag.py took 0.053 seconds
[2025-04-13T13:09:40.841-0400] {processor.py:161} INFO - Started process (PID=35167) to work on /opt/anaconda3/lib/python3.12/site-packages/airflow/example_dags/example_skip_dag.py
[2025-04-13T13:09:40.842-0400] {processor.py:830} INFO - Processing file /opt/anaconda3/lib/python3.12/site-packages/airflow/example_dags/example_skip_dag.py for tasks to queue
[2025-04-13T13:09:40.842-0400] {logging_mixin.py:188} INFO - [2025-04-13T13:09:40.842-0400] {dagbag.py:540} INFO - Filling up the DagBag from /opt/anaconda3/lib/python3.12/site-packages/airflow/example_dags/example_skip_dag.py
[2025-04-13T13:09:40.845-0400] {processor.py:840} INFO - DAG(s) 'example_skip_dag' retrieved from /opt/anaconda3/lib/python3.12/site-packages/airflow/example_dags/example_skip_dag.py
[2025-04-13T13:09:40.881-0400] {logging_mixin.py:188} INFO - [2025-04-13T13:09:40.881-0400] {dag.py:3096} INFO - Sync 1 DAGs
[2025-04-13T13:09:40.886-0400] {logging_mixin.py:188} INFO - [2025-04-13T13:09:40.886-0400] {dag.py:3954} INFO - Setting next_dagrun for example_skip_dag to 2025-04-12 00:00:00+00:00, run_after=2025-04-13 00:00:00+00:00
[2025-04-13T13:09:40.892-0400] {processor.py:183} INFO - Processing /opt/anaconda3/lib/python3.12/site-packages/airflow/example_dags/example_skip_dag.py took 0.052 seconds
[2025-04-13T13:15:32.335-0400] {processor.py:161} INFO - Started process (PID=37308) to work on /opt/anaconda3/lib/python3.12/site-packages/airflow/example_dags/example_skip_dag.py
[2025-04-13T13:15:32.336-0400] {processor.py:830} INFO - Processing file /opt/anaconda3/lib/python3.12/site-packages/airflow/example_dags/example_skip_dag.py for tasks to queue
[2025-04-13T13:15:32.336-0400] {logging_mixin.py:188} INFO - [2025-04-13T13:15:32.336-0400] {dagbag.py:540} INFO - Filling up the DagBag from /opt/anaconda3/lib/python3.12/site-packages/airflow/example_dags/example_skip_dag.py
[2025-04-13T13:15:32.338-0400] {processor.py:840} INFO - DAG(s) 'example_skip_dag' retrieved from /opt/anaconda3/lib/python3.12/site-packages/airflow/example_dags/example_skip_dag.py
[2025-04-13T13:15:32.374-0400] {logging_mixin.py:188} INFO - [2025-04-13T13:15:32.374-0400] {dag.py:3096} INFO - Sync 1 DAGs
[2025-04-13T13:15:32.379-0400] {logging_mixin.py:188} INFO - [2025-04-13T13:15:32.379-0400] {dag.py:3954} INFO - Setting next_dagrun for example_skip_dag to 2025-04-12 00:00:00+00:00, run_after=2025-04-13 00:00:00+00:00
[2025-04-13T13:15:32.386-0400] {processor.py:183} INFO - Processing /opt/anaconda3/lib/python3.12/site-packages/airflow/example_dags/example_skip_dag.py took 0.052 seconds
[2025-04-13T13:19:14.155-0400] {processor.py:161} INFO - Started process (PID=38793) to work on /opt/anaconda3/lib/python3.12/site-packages/airflow/example_dags/example_skip_dag.py
[2025-04-13T13:19:14.156-0400] {processor.py:830} INFO - Processing file /opt/anaconda3/lib/python3.12/site-packages/airflow/example_dags/example_skip_dag.py for tasks to queue
[2025-04-13T13:19:14.156-0400] {logging_mixin.py:188} INFO - [2025-04-13T13:19:14.156-0400] {dagbag.py:540} INFO - Filling up the DagBag from /opt/anaconda3/lib/python3.12/site-packages/airflow/example_dags/example_skip_dag.py
[2025-04-13T13:19:14.159-0400] {processor.py:840} INFO - DAG(s) 'example_skip_dag' retrieved from /opt/anaconda3/lib/python3.12/site-packages/airflow/example_dags/example_skip_dag.py
[2025-04-13T13:19:14.221-0400] {logging_mixin.py:188} INFO - [2025-04-13T13:19:14.221-0400] {dag.py:3096} INFO - Sync 1 DAGs
[2025-04-13T13:19:14.226-0400] {logging_mixin.py:188} INFO - [2025-04-13T13:19:14.226-0400] {dag.py:3954} INFO - Setting next_dagrun for example_skip_dag to 2025-04-12 00:00:00+00:00, run_after=2025-04-13 00:00:00+00:00
[2025-04-13T13:19:14.232-0400] {processor.py:183} INFO - Processing /opt/anaconda3/lib/python3.12/site-packages/airflow/example_dags/example_skip_dag.py took 0.078 seconds
[2025-04-13T13:23:42.268-0400] {processor.py:161} INFO - Started process (PID=40705) to work on /opt/anaconda3/lib/python3.12/site-packages/airflow/example_dags/example_skip_dag.py
[2025-04-13T13:23:42.269-0400] {processor.py:830} INFO - Processing file /opt/anaconda3/lib/python3.12/site-packages/airflow/example_dags/example_skip_dag.py for tasks to queue
[2025-04-13T13:23:42.269-0400] {logging_mixin.py:188} INFO - [2025-04-13T13:23:42.269-0400] {dagbag.py:540} INFO - Filling up the DagBag from /opt/anaconda3/lib/python3.12/site-packages/airflow/example_dags/example_skip_dag.py
[2025-04-13T13:23:42.272-0400] {processor.py:840} INFO - DAG(s) 'example_skip_dag' retrieved from /opt/anaconda3/lib/python3.12/site-packages/airflow/example_dags/example_skip_dag.py
[2025-04-13T13:23:42.335-0400] {logging_mixin.py:188} INFO - [2025-04-13T13:23:42.335-0400] {dag.py:3096} INFO - Sync 1 DAGs
[2025-04-13T13:23:42.340-0400] {logging_mixin.py:188} INFO - [2025-04-13T13:23:42.340-0400] {dag.py:3954} INFO - Setting next_dagrun for example_skip_dag to 2025-04-12 00:00:00+00:00, run_after=2025-04-13 00:00:00+00:00
[2025-04-13T13:23:42.346-0400] {processor.py:183} INFO - Processing /opt/anaconda3/lib/python3.12/site-packages/airflow/example_dags/example_skip_dag.py took 0.078 seconds
[2025-04-13T13:25:21.329-0400] {processor.py:161} INFO - Started process (PID=41380) to work on /opt/anaconda3/lib/python3.12/site-packages/airflow/example_dags/example_skip_dag.py
[2025-04-13T13:25:21.330-0400] {processor.py:830} INFO - Processing file /opt/anaconda3/lib/python3.12/site-packages/airflow/example_dags/example_skip_dag.py for tasks to queue
[2025-04-13T13:25:21.330-0400] {logging_mixin.py:188} INFO - [2025-04-13T13:25:21.330-0400] {dagbag.py:540} INFO - Filling up the DagBag from /opt/anaconda3/lib/python3.12/site-packages/airflow/example_dags/example_skip_dag.py
[2025-04-13T13:25:21.333-0400] {processor.py:840} INFO - DAG(s) 'example_skip_dag' retrieved from /opt/anaconda3/lib/python3.12/site-packages/airflow/example_dags/example_skip_dag.py
[2025-04-13T13:25:21.369-0400] {logging_mixin.py:188} INFO - [2025-04-13T13:25:21.369-0400] {dag.py:3096} INFO - Sync 1 DAGs
[2025-04-13T13:25:21.374-0400] {logging_mixin.py:188} INFO - [2025-04-13T13:25:21.374-0400] {dag.py:3954} INFO - Setting next_dagrun for example_skip_dag to 2025-04-12 00:00:00+00:00, run_after=2025-04-13 00:00:00+00:00
[2025-04-13T13:25:21.380-0400] {processor.py:183} INFO - Processing /opt/anaconda3/lib/python3.12/site-packages/airflow/example_dags/example_skip_dag.py took 0.052 seconds
[2025-04-13T13:27:24.160-0400] {processor.py:161} INFO - Started process (PID=42197) to work on /opt/anaconda3/lib/python3.12/site-packages/airflow/example_dags/example_skip_dag.py
[2025-04-13T13:27:24.161-0400] {processor.py:830} INFO - Processing file /opt/anaconda3/lib/python3.12/site-packages/airflow/example_dags/example_skip_dag.py for tasks to queue
[2025-04-13T13:27:24.161-0400] {logging_mixin.py:188} INFO - [2025-04-13T13:27:24.161-0400] {dagbag.py:540} INFO - Filling up the DagBag from /opt/anaconda3/lib/python3.12/site-packages/airflow/example_dags/example_skip_dag.py
[2025-04-13T13:27:24.164-0400] {processor.py:840} INFO - DAG(s) 'example_skip_dag' retrieved from /opt/anaconda3/lib/python3.12/site-packages/airflow/example_dags/example_skip_dag.py
[2025-04-13T13:27:24.201-0400] {logging_mixin.py:188} INFO - [2025-04-13T13:27:24.200-0400] {dag.py:3096} INFO - Sync 1 DAGs
[2025-04-13T13:27:24.206-0400] {logging_mixin.py:188} INFO - [2025-04-13T13:27:24.206-0400] {dag.py:3954} INFO - Setting next_dagrun for example_skip_dag to 2025-04-12 00:00:00+00:00, run_after=2025-04-13 00:00:00+00:00
[2025-04-13T13:27:24.212-0400] {processor.py:183} INFO - Processing /opt/anaconda3/lib/python3.12/site-packages/airflow/example_dags/example_skip_dag.py took 0.053 seconds
[2025-04-13T13:28:31.873-0400] {processor.py:161} INFO - Started process (PID=42642) to work on /opt/anaconda3/lib/python3.12/site-packages/airflow/example_dags/example_skip_dag.py
[2025-04-13T13:28:31.874-0400] {processor.py:830} INFO - Processing file /opt/anaconda3/lib/python3.12/site-packages/airflow/example_dags/example_skip_dag.py for tasks to queue
[2025-04-13T13:28:31.875-0400] {logging_mixin.py:188} INFO - [2025-04-13T13:28:31.874-0400] {dagbag.py:540} INFO - Filling up the DagBag from /opt/anaconda3/lib/python3.12/site-packages/airflow/example_dags/example_skip_dag.py
[2025-04-13T13:28:31.877-0400] {processor.py:840} INFO - DAG(s) 'example_skip_dag' retrieved from /opt/anaconda3/lib/python3.12/site-packages/airflow/example_dags/example_skip_dag.py
[2025-04-13T13:28:31.913-0400] {logging_mixin.py:188} INFO - [2025-04-13T13:28:31.913-0400] {dag.py:3096} INFO - Sync 1 DAGs
[2025-04-13T13:28:31.918-0400] {logging_mixin.py:188} INFO - [2025-04-13T13:28:31.918-0400] {dag.py:3954} INFO - Setting next_dagrun for example_skip_dag to 2025-04-12 00:00:00+00:00, run_after=2025-04-13 00:00:00+00:00
[2025-04-13T13:28:31.924-0400] {processor.py:183} INFO - Processing /opt/anaconda3/lib/python3.12/site-packages/airflow/example_dags/example_skip_dag.py took 0.051 seconds
[2025-04-13T13:29:39.922-0400] {processor.py:161} INFO - Started process (PID=43090) to work on /opt/anaconda3/lib/python3.12/site-packages/airflow/example_dags/example_skip_dag.py
[2025-04-13T13:29:39.923-0400] {processor.py:830} INFO - Processing file /opt/anaconda3/lib/python3.12/site-packages/airflow/example_dags/example_skip_dag.py for tasks to queue
[2025-04-13T13:29:39.923-0400] {logging_mixin.py:188} INFO - [2025-04-13T13:29:39.923-0400] {dagbag.py:540} INFO - Filling up the DagBag from /opt/anaconda3/lib/python3.12/site-packages/airflow/example_dags/example_skip_dag.py
[2025-04-13T13:29:39.926-0400] {processor.py:840} INFO - DAG(s) 'example_skip_dag' retrieved from /opt/anaconda3/lib/python3.12/site-packages/airflow/example_dags/example_skip_dag.py
[2025-04-13T13:29:39.961-0400] {logging_mixin.py:188} INFO - [2025-04-13T13:29:39.961-0400] {dag.py:3096} INFO - Sync 1 DAGs
[2025-04-13T13:29:39.966-0400] {logging_mixin.py:188} INFO - [2025-04-13T13:29:39.966-0400] {dag.py:3954} INFO - Setting next_dagrun for example_skip_dag to 2025-04-12 00:00:00+00:00, run_after=2025-04-13 00:00:00+00:00
[2025-04-13T13:29:39.972-0400] {processor.py:183} INFO - Processing /opt/anaconda3/lib/python3.12/site-packages/airflow/example_dags/example_skip_dag.py took 0.052 seconds
[2025-04-13T13:31:59.475-0400] {processor.py:161} INFO - Started process (PID=44001) to work on /opt/anaconda3/lib/python3.12/site-packages/airflow/example_dags/example_skip_dag.py
[2025-04-13T13:31:59.476-0400] {processor.py:830} INFO - Processing file /opt/anaconda3/lib/python3.12/site-packages/airflow/example_dags/example_skip_dag.py for tasks to queue
[2025-04-13T13:31:59.476-0400] {logging_mixin.py:188} INFO - [2025-04-13T13:31:59.476-0400] {dagbag.py:540} INFO - Filling up the DagBag from /opt/anaconda3/lib/python3.12/site-packages/airflow/example_dags/example_skip_dag.py
[2025-04-13T13:31:59.479-0400] {processor.py:840} INFO - DAG(s) 'example_skip_dag' retrieved from /opt/anaconda3/lib/python3.12/site-packages/airflow/example_dags/example_skip_dag.py
[2025-04-13T13:31:59.517-0400] {logging_mixin.py:188} INFO - [2025-04-13T13:31:59.516-0400] {dag.py:3096} INFO - Sync 1 DAGs
[2025-04-13T13:31:59.522-0400] {logging_mixin.py:188} INFO - [2025-04-13T13:31:59.522-0400] {dag.py:3954} INFO - Setting next_dagrun for example_skip_dag to 2025-04-12 00:00:00+00:00, run_after=2025-04-13 00:00:00+00:00
[2025-04-13T13:31:59.528-0400] {processor.py:183} INFO - Processing /opt/anaconda3/lib/python3.12/site-packages/airflow/example_dags/example_skip_dag.py took 0.054 seconds
[2025-04-13T13:33:36.083-0400] {processor.py:161} INFO - Started process (PID=44634) to work on /opt/anaconda3/lib/python3.12/site-packages/airflow/example_dags/example_skip_dag.py
[2025-04-13T13:33:36.083-0400] {processor.py:830} INFO - Processing file /opt/anaconda3/lib/python3.12/site-packages/airflow/example_dags/example_skip_dag.py for tasks to queue
[2025-04-13T13:33:36.083-0400] {logging_mixin.py:188} INFO - [2025-04-13T13:33:36.083-0400] {dagbag.py:540} INFO - Filling up the DagBag from /opt/anaconda3/lib/python3.12/site-packages/airflow/example_dags/example_skip_dag.py
[2025-04-13T13:33:36.086-0400] {processor.py:840} INFO - DAG(s) 'example_skip_dag' retrieved from /opt/anaconda3/lib/python3.12/site-packages/airflow/example_dags/example_skip_dag.py
[2025-04-13T13:33:36.124-0400] {logging_mixin.py:188} INFO - [2025-04-13T13:33:36.124-0400] {dag.py:3096} INFO - Sync 1 DAGs
[2025-04-13T13:33:36.129-0400] {logging_mixin.py:188} INFO - [2025-04-13T13:33:36.129-0400] {dag.py:3954} INFO - Setting next_dagrun for example_skip_dag to 2025-04-12 00:00:00+00:00, run_after=2025-04-13 00:00:00+00:00
[2025-04-13T13:33:36.136-0400] {processor.py:183} INFO - Processing /opt/anaconda3/lib/python3.12/site-packages/airflow/example_dags/example_skip_dag.py took 0.054 seconds
[2025-04-13T13:36:21.984-0400] {processor.py:161} INFO - Started process (PID=45193) to work on /opt/anaconda3/lib/python3.12/site-packages/airflow/example_dags/example_skip_dag.py
[2025-04-13T13:36:21.984-0400] {processor.py:830} INFO - Processing file /opt/anaconda3/lib/python3.12/site-packages/airflow/example_dags/example_skip_dag.py for tasks to queue
[2025-04-13T13:36:21.985-0400] {logging_mixin.py:188} INFO - [2025-04-13T13:36:21.984-0400] {dagbag.py:540} INFO - Filling up the DagBag from /opt/anaconda3/lib/python3.12/site-packages/airflow/example_dags/example_skip_dag.py
[2025-04-13T13:36:21.987-0400] {processor.py:840} INFO - DAG(s) 'example_skip_dag' retrieved from /opt/anaconda3/lib/python3.12/site-packages/airflow/example_dags/example_skip_dag.py
[2025-04-13T13:36:22.022-0400] {logging_mixin.py:188} INFO - [2025-04-13T13:36:22.022-0400] {dag.py:3096} INFO - Sync 1 DAGs
[2025-04-13T13:36:22.027-0400] {logging_mixin.py:188} INFO - [2025-04-13T13:36:22.027-0400] {dag.py:3954} INFO - Setting next_dagrun for example_skip_dag to 2025-04-12 00:00:00+00:00, run_after=2025-04-13 00:00:00+00:00
[2025-04-13T13:36:22.033-0400] {processor.py:183} INFO - Processing /opt/anaconda3/lib/python3.12/site-packages/airflow/example_dags/example_skip_dag.py took 0.050 seconds
[2025-04-13T13:37:46.473-0400] {processor.py:161} INFO - Started process (PID=45758) to work on /opt/anaconda3/lib/python3.12/site-packages/airflow/example_dags/example_skip_dag.py
[2025-04-13T13:37:46.474-0400] {processor.py:830} INFO - Processing file /opt/anaconda3/lib/python3.12/site-packages/airflow/example_dags/example_skip_dag.py for tasks to queue
[2025-04-13T13:37:46.474-0400] {logging_mixin.py:188} INFO - [2025-04-13T13:37:46.474-0400] {dagbag.py:540} INFO - Filling up the DagBag from /opt/anaconda3/lib/python3.12/site-packages/airflow/example_dags/example_skip_dag.py
[2025-04-13T13:37:46.477-0400] {processor.py:840} INFO - DAG(s) 'example_skip_dag' retrieved from /opt/anaconda3/lib/python3.12/site-packages/airflow/example_dags/example_skip_dag.py
[2025-04-13T13:37:46.514-0400] {logging_mixin.py:188} INFO - [2025-04-13T13:37:46.514-0400] {dag.py:3096} INFO - Sync 1 DAGs
[2025-04-13T13:37:46.519-0400] {logging_mixin.py:188} INFO - [2025-04-13T13:37:46.519-0400] {dag.py:3954} INFO - Setting next_dagrun for example_skip_dag to 2025-04-12 00:00:00+00:00, run_after=2025-04-13 00:00:00+00:00
[2025-04-13T13:37:46.525-0400] {processor.py:183} INFO - Processing /opt/anaconda3/lib/python3.12/site-packages/airflow/example_dags/example_skip_dag.py took 0.053 seconds
[2025-04-13T13:40:00.519-0400] {processor.py:161} INFO - Started process (PID=46651) to work on /opt/anaconda3/lib/python3.12/site-packages/airflow/example_dags/example_skip_dag.py
[2025-04-13T13:40:00.520-0400] {processor.py:830} INFO - Processing file /opt/anaconda3/lib/python3.12/site-packages/airflow/example_dags/example_skip_dag.py for tasks to queue
[2025-04-13T13:40:00.521-0400] {logging_mixin.py:188} INFO - [2025-04-13T13:40:00.521-0400] {dagbag.py:540} INFO - Filling up the DagBag from /opt/anaconda3/lib/python3.12/site-packages/airflow/example_dags/example_skip_dag.py
[2025-04-13T13:40:00.523-0400] {processor.py:840} INFO - DAG(s) 'example_skip_dag' retrieved from /opt/anaconda3/lib/python3.12/site-packages/airflow/example_dags/example_skip_dag.py
[2025-04-13T13:40:00.560-0400] {logging_mixin.py:188} INFO - [2025-04-13T13:40:00.560-0400] {dag.py:3096} INFO - Sync 1 DAGs
[2025-04-13T13:40:00.565-0400] {logging_mixin.py:188} INFO - [2025-04-13T13:40:00.565-0400] {dag.py:3954} INFO - Setting next_dagrun for example_skip_dag to 2025-04-12 00:00:00+00:00, run_after=2025-04-13 00:00:00+00:00
[2025-04-13T13:40:00.571-0400] {processor.py:183} INFO - Processing /opt/anaconda3/lib/python3.12/site-packages/airflow/example_dags/example_skip_dag.py took 0.053 seconds
[2025-04-13T13:42:10.634-0400] {processor.py:161} INFO - Started process (PID=47548) to work on /opt/anaconda3/lib/python3.12/site-packages/airflow/example_dags/example_skip_dag.py
[2025-04-13T13:42:10.635-0400] {processor.py:830} INFO - Processing file /opt/anaconda3/lib/python3.12/site-packages/airflow/example_dags/example_skip_dag.py for tasks to queue
[2025-04-13T13:42:10.635-0400] {logging_mixin.py:188} INFO - [2025-04-13T13:42:10.635-0400] {dagbag.py:540} INFO - Filling up the DagBag from /opt/anaconda3/lib/python3.12/site-packages/airflow/example_dags/example_skip_dag.py
[2025-04-13T13:42:10.638-0400] {processor.py:840} INFO - DAG(s) 'example_skip_dag' retrieved from /opt/anaconda3/lib/python3.12/site-packages/airflow/example_dags/example_skip_dag.py
[2025-04-13T13:42:10.674-0400] {logging_mixin.py:188} INFO - [2025-04-13T13:42:10.674-0400] {dag.py:3096} INFO - Sync 1 DAGs
[2025-04-13T13:42:10.679-0400] {logging_mixin.py:188} INFO - [2025-04-13T13:42:10.679-0400] {dag.py:3954} INFO - Setting next_dagrun for example_skip_dag to 2025-04-12 00:00:00+00:00, run_after=2025-04-13 00:00:00+00:00
[2025-04-13T13:42:10.685-0400] {processor.py:183} INFO - Processing /opt/anaconda3/lib/python3.12/site-packages/airflow/example_dags/example_skip_dag.py took 0.052 seconds
[2025-04-13T13:44:22.246-0400] {processor.py:161} INFO - Started process (PID=48446) to work on /opt/anaconda3/lib/python3.12/site-packages/airflow/example_dags/example_skip_dag.py
[2025-04-13T13:44:22.247-0400] {processor.py:830} INFO - Processing file /opt/anaconda3/lib/python3.12/site-packages/airflow/example_dags/example_skip_dag.py for tasks to queue
[2025-04-13T13:44:22.247-0400] {logging_mixin.py:188} INFO - [2025-04-13T13:44:22.247-0400] {dagbag.py:540} INFO - Filling up the DagBag from /opt/anaconda3/lib/python3.12/site-packages/airflow/example_dags/example_skip_dag.py
[2025-04-13T13:44:22.250-0400] {processor.py:840} INFO - DAG(s) 'example_skip_dag' retrieved from /opt/anaconda3/lib/python3.12/site-packages/airflow/example_dags/example_skip_dag.py
[2025-04-13T13:44:22.286-0400] {logging_mixin.py:188} INFO - [2025-04-13T13:44:22.286-0400] {dag.py:3096} INFO - Sync 1 DAGs
[2025-04-13T13:44:22.291-0400] {logging_mixin.py:188} INFO - [2025-04-13T13:44:22.291-0400] {dag.py:3954} INFO - Setting next_dagrun for example_skip_dag to 2025-04-12 00:00:00+00:00, run_after=2025-04-13 00:00:00+00:00
[2025-04-13T13:44:22.297-0400] {processor.py:183} INFO - Processing /opt/anaconda3/lib/python3.12/site-packages/airflow/example_dags/example_skip_dag.py took 0.052 seconds
[2025-04-13T13:45:29.149-0400] {processor.py:161} INFO - Started process (PID=48887) to work on /opt/anaconda3/lib/python3.12/site-packages/airflow/example_dags/example_skip_dag.py
[2025-04-13T13:45:29.150-0400] {processor.py:830} INFO - Processing file /opt/anaconda3/lib/python3.12/site-packages/airflow/example_dags/example_skip_dag.py for tasks to queue
[2025-04-13T13:45:29.150-0400] {logging_mixin.py:188} INFO - [2025-04-13T13:45:29.150-0400] {dagbag.py:540} INFO - Filling up the DagBag from /opt/anaconda3/lib/python3.12/site-packages/airflow/example_dags/example_skip_dag.py
[2025-04-13T13:45:29.153-0400] {processor.py:840} INFO - DAG(s) 'example_skip_dag' retrieved from /opt/anaconda3/lib/python3.12/site-packages/airflow/example_dags/example_skip_dag.py
[2025-04-13T13:45:29.190-0400] {logging_mixin.py:188} INFO - [2025-04-13T13:45:29.190-0400] {dag.py:3096} INFO - Sync 1 DAGs
[2025-04-13T13:45:29.195-0400] {logging_mixin.py:188} INFO - [2025-04-13T13:45:29.195-0400] {dag.py:3954} INFO - Setting next_dagrun for example_skip_dag to 2025-04-12 00:00:00+00:00, run_after=2025-04-13 00:00:00+00:00
[2025-04-13T13:45:29.201-0400] {processor.py:183} INFO - Processing /opt/anaconda3/lib/python3.12/site-packages/airflow/example_dags/example_skip_dag.py took 0.053 seconds
[2025-04-13T13:46:42.371-0400] {processor.py:161} INFO - Started process (PID=49367) to work on /opt/anaconda3/lib/python3.12/site-packages/airflow/example_dags/example_skip_dag.py
[2025-04-13T13:46:42.371-0400] {processor.py:830} INFO - Processing file /opt/anaconda3/lib/python3.12/site-packages/airflow/example_dags/example_skip_dag.py for tasks to queue
[2025-04-13T13:46:42.371-0400] {logging_mixin.py:188} INFO - [2025-04-13T13:46:42.371-0400] {dagbag.py:540} INFO - Filling up the DagBag from /opt/anaconda3/lib/python3.12/site-packages/airflow/example_dags/example_skip_dag.py
[2025-04-13T13:46:42.374-0400] {processor.py:840} INFO - DAG(s) 'example_skip_dag' retrieved from /opt/anaconda3/lib/python3.12/site-packages/airflow/example_dags/example_skip_dag.py
[2025-04-13T13:46:42.412-0400] {logging_mixin.py:188} INFO - [2025-04-13T13:46:42.412-0400] {dag.py:3096} INFO - Sync 1 DAGs
[2025-04-13T13:46:42.417-0400] {logging_mixin.py:188} INFO - [2025-04-13T13:46:42.417-0400] {dag.py:3954} INFO - Setting next_dagrun for example_skip_dag to 2025-04-12 00:00:00+00:00, run_after=2025-04-13 00:00:00+00:00
[2025-04-13T13:46:42.424-0400] {processor.py:183} INFO - Processing /opt/anaconda3/lib/python3.12/site-packages/airflow/example_dags/example_skip_dag.py took 0.054 seconds
[2025-04-13T13:47:54.759-0400] {processor.py:161} INFO - Started process (PID=49847) to work on /opt/anaconda3/lib/python3.12/site-packages/airflow/example_dags/example_skip_dag.py
[2025-04-13T13:47:54.760-0400] {processor.py:830} INFO - Processing file /opt/anaconda3/lib/python3.12/site-packages/airflow/example_dags/example_skip_dag.py for tasks to queue
[2025-04-13T13:47:54.760-0400] {logging_mixin.py:188} INFO - [2025-04-13T13:47:54.760-0400] {dagbag.py:540} INFO - Filling up the DagBag from /opt/anaconda3/lib/python3.12/site-packages/airflow/example_dags/example_skip_dag.py
[2025-04-13T13:47:54.763-0400] {processor.py:840} INFO - DAG(s) 'example_skip_dag' retrieved from /opt/anaconda3/lib/python3.12/site-packages/airflow/example_dags/example_skip_dag.py
[2025-04-13T13:47:54.800-0400] {logging_mixin.py:188} INFO - [2025-04-13T13:47:54.800-0400] {dag.py:3096} INFO - Sync 1 DAGs
[2025-04-13T13:47:54.805-0400] {logging_mixin.py:188} INFO - [2025-04-13T13:47:54.805-0400] {dag.py:3954} INFO - Setting next_dagrun for example_skip_dag to 2025-04-12 00:00:00+00:00, run_after=2025-04-13 00:00:00+00:00
[2025-04-13T13:47:54.812-0400] {processor.py:183} INFO - Processing /opt/anaconda3/lib/python3.12/site-packages/airflow/example_dags/example_skip_dag.py took 0.054 seconds
[2025-04-13T13:49:04.791-0400] {processor.py:161} INFO - Started process (PID=50302) to work on /opt/anaconda3/lib/python3.12/site-packages/airflow/example_dags/example_skip_dag.py
[2025-04-13T13:49:04.792-0400] {processor.py:830} INFO - Processing file /opt/anaconda3/lib/python3.12/site-packages/airflow/example_dags/example_skip_dag.py for tasks to queue
[2025-04-13T13:49:04.792-0400] {logging_mixin.py:188} INFO - [2025-04-13T13:49:04.792-0400] {dagbag.py:540} INFO - Filling up the DagBag from /opt/anaconda3/lib/python3.12/site-packages/airflow/example_dags/example_skip_dag.py
[2025-04-13T13:49:04.795-0400] {processor.py:840} INFO - DAG(s) 'example_skip_dag' retrieved from /opt/anaconda3/lib/python3.12/site-packages/airflow/example_dags/example_skip_dag.py
[2025-04-13T13:49:04.832-0400] {logging_mixin.py:188} INFO - [2025-04-13T13:49:04.832-0400] {dag.py:3096} INFO - Sync 1 DAGs
[2025-04-13T13:49:04.837-0400] {logging_mixin.py:188} INFO - [2025-04-13T13:49:04.837-0400] {dag.py:3954} INFO - Setting next_dagrun for example_skip_dag to 2025-04-12 00:00:00+00:00, run_after=2025-04-13 00:00:00+00:00
[2025-04-13T13:49:04.843-0400] {processor.py:183} INFO - Processing /opt/anaconda3/lib/python3.12/site-packages/airflow/example_dags/example_skip_dag.py took 0.054 seconds
[2025-04-13T13:50:14.701-0400] {processor.py:161} INFO - Started process (PID=50756) to work on /opt/anaconda3/lib/python3.12/site-packages/airflow/example_dags/example_skip_dag.py
[2025-04-13T13:50:14.702-0400] {processor.py:830} INFO - Processing file /opt/anaconda3/lib/python3.12/site-packages/airflow/example_dags/example_skip_dag.py for tasks to queue
[2025-04-13T13:50:14.702-0400] {logging_mixin.py:188} INFO - [2025-04-13T13:50:14.702-0400] {dagbag.py:540} INFO - Filling up the DagBag from /opt/anaconda3/lib/python3.12/site-packages/airflow/example_dags/example_skip_dag.py
[2025-04-13T13:50:14.705-0400] {processor.py:840} INFO - DAG(s) 'example_skip_dag' retrieved from /opt/anaconda3/lib/python3.12/site-packages/airflow/example_dags/example_skip_dag.py
[2025-04-13T13:50:14.741-0400] {logging_mixin.py:188} INFO - [2025-04-13T13:50:14.741-0400] {dag.py:3096} INFO - Sync 1 DAGs
[2025-04-13T13:50:14.746-0400] {logging_mixin.py:188} INFO - [2025-04-13T13:50:14.746-0400] {dag.py:3954} INFO - Setting next_dagrun for example_skip_dag to 2025-04-12 00:00:00+00:00, run_after=2025-04-13 00:00:00+00:00
[2025-04-13T13:50:14.753-0400] {processor.py:183} INFO - Processing /opt/anaconda3/lib/python3.12/site-packages/airflow/example_dags/example_skip_dag.py took 0.053 seconds
[2025-04-13T13:52:30.416-0400] {processor.py:161} INFO - Started process (PID=51700) to work on /opt/anaconda3/lib/python3.12/site-packages/airflow/example_dags/example_skip_dag.py
[2025-04-13T13:52:30.416-0400] {processor.py:830} INFO - Processing file /opt/anaconda3/lib/python3.12/site-packages/airflow/example_dags/example_skip_dag.py for tasks to queue
[2025-04-13T13:52:30.416-0400] {logging_mixin.py:188} INFO - [2025-04-13T13:52:30.416-0400] {dagbag.py:540} INFO - Filling up the DagBag from /opt/anaconda3/lib/python3.12/site-packages/airflow/example_dags/example_skip_dag.py
[2025-04-13T13:52:30.419-0400] {processor.py:840} INFO - DAG(s) 'example_skip_dag' retrieved from /opt/anaconda3/lib/python3.12/site-packages/airflow/example_dags/example_skip_dag.py
[2025-04-13T13:52:30.457-0400] {logging_mixin.py:188} INFO - [2025-04-13T13:52:30.456-0400] {dag.py:3096} INFO - Sync 1 DAGs
[2025-04-13T13:52:30.462-0400] {logging_mixin.py:188} INFO - [2025-04-13T13:52:30.462-0400] {dag.py:3954} INFO - Setting next_dagrun for example_skip_dag to 2025-04-12 00:00:00+00:00, run_after=2025-04-13 00:00:00+00:00
[2025-04-13T13:52:30.468-0400] {processor.py:183} INFO - Processing /opt/anaconda3/lib/python3.12/site-packages/airflow/example_dags/example_skip_dag.py took 0.054 seconds
[2025-04-13T13:53:42.361-0400] {processor.py:161} INFO - Started process (PID=52178) to work on /opt/anaconda3/lib/python3.12/site-packages/airflow/example_dags/example_skip_dag.py
[2025-04-13T13:53:42.362-0400] {processor.py:830} INFO - Processing file /opt/anaconda3/lib/python3.12/site-packages/airflow/example_dags/example_skip_dag.py for tasks to queue
[2025-04-13T13:53:42.362-0400] {logging_mixin.py:188} INFO - [2025-04-13T13:53:42.362-0400] {dagbag.py:540} INFO - Filling up the DagBag from /opt/anaconda3/lib/python3.12/site-packages/airflow/example_dags/example_skip_dag.py
[2025-04-13T13:53:42.365-0400] {processor.py:840} INFO - DAG(s) 'example_skip_dag' retrieved from /opt/anaconda3/lib/python3.12/site-packages/airflow/example_dags/example_skip_dag.py
[2025-04-13T13:53:42.401-0400] {logging_mixin.py:188} INFO - [2025-04-13T13:53:42.401-0400] {dag.py:3096} INFO - Sync 1 DAGs
[2025-04-13T13:53:42.406-0400] {logging_mixin.py:188} INFO - [2025-04-13T13:53:42.406-0400] {dag.py:3954} INFO - Setting next_dagrun for example_skip_dag to 2025-04-12 00:00:00+00:00, run_after=2025-04-13 00:00:00+00:00
[2025-04-13T13:53:42.413-0400] {processor.py:183} INFO - Processing /opt/anaconda3/lib/python3.12/site-packages/airflow/example_dags/example_skip_dag.py took 0.052 seconds
[2025-04-13T13:54:51.505-0400] {processor.py:161} INFO - Started process (PID=52627) to work on /opt/anaconda3/lib/python3.12/site-packages/airflow/example_dags/example_skip_dag.py
[2025-04-13T13:54:51.506-0400] {processor.py:830} INFO - Processing file /opt/anaconda3/lib/python3.12/site-packages/airflow/example_dags/example_skip_dag.py for tasks to queue
[2025-04-13T13:54:51.507-0400] {logging_mixin.py:188} INFO - [2025-04-13T13:54:51.506-0400] {dagbag.py:540} INFO - Filling up the DagBag from /opt/anaconda3/lib/python3.12/site-packages/airflow/example_dags/example_skip_dag.py
[2025-04-13T13:54:51.509-0400] {processor.py:840} INFO - DAG(s) 'example_skip_dag' retrieved from /opt/anaconda3/lib/python3.12/site-packages/airflow/example_dags/example_skip_dag.py
[2025-04-13T13:54:51.546-0400] {logging_mixin.py:188} INFO - [2025-04-13T13:54:51.546-0400] {dag.py:3096} INFO - Sync 1 DAGs
[2025-04-13T13:54:51.551-0400] {logging_mixin.py:188} INFO - [2025-04-13T13:54:51.551-0400] {dag.py:3954} INFO - Setting next_dagrun for example_skip_dag to 2025-04-12 00:00:00+00:00, run_after=2025-04-13 00:00:00+00:00
[2025-04-13T13:54:51.557-0400] {processor.py:183} INFO - Processing /opt/anaconda3/lib/python3.12/site-packages/airflow/example_dags/example_skip_dag.py took 0.053 seconds
[2025-04-13T13:57:06.900-0400] {processor.py:161} INFO - Started process (PID=53564) to work on /opt/anaconda3/lib/python3.12/site-packages/airflow/example_dags/example_skip_dag.py
[2025-04-13T13:57:06.901-0400] {processor.py:830} INFO - Processing file /opt/anaconda3/lib/python3.12/site-packages/airflow/example_dags/example_skip_dag.py for tasks to queue
[2025-04-13T13:57:06.901-0400] {logging_mixin.py:188} INFO - [2025-04-13T13:57:06.901-0400] {dagbag.py:540} INFO - Filling up the DagBag from /opt/anaconda3/lib/python3.12/site-packages/airflow/example_dags/example_skip_dag.py
[2025-04-13T13:57:06.904-0400] {processor.py:840} INFO - DAG(s) 'example_skip_dag' retrieved from /opt/anaconda3/lib/python3.12/site-packages/airflow/example_dags/example_skip_dag.py
[2025-04-13T13:57:06.941-0400] {logging_mixin.py:188} INFO - [2025-04-13T13:57:06.941-0400] {dag.py:3096} INFO - Sync 1 DAGs
[2025-04-13T13:57:06.946-0400] {logging_mixin.py:188} INFO - [2025-04-13T13:57:06.946-0400] {dag.py:3954} INFO - Setting next_dagrun for example_skip_dag to 2025-04-12 00:00:00+00:00, run_after=2025-04-13 00:00:00+00:00
[2025-04-13T13:57:06.952-0400] {processor.py:183} INFO - Processing /opt/anaconda3/lib/python3.12/site-packages/airflow/example_dags/example_skip_dag.py took 0.053 seconds
[2025-04-13T13:58:15.837-0400] {processor.py:161} INFO - Started process (PID=54026) to work on /opt/anaconda3/lib/python3.12/site-packages/airflow/example_dags/example_skip_dag.py
[2025-04-13T13:58:15.839-0400] {processor.py:830} INFO - Processing file /opt/anaconda3/lib/python3.12/site-packages/airflow/example_dags/example_skip_dag.py for tasks to queue
[2025-04-13T13:58:15.839-0400] {logging_mixin.py:188} INFO - [2025-04-13T13:58:15.839-0400] {dagbag.py:540} INFO - Filling up the DagBag from /opt/anaconda3/lib/python3.12/site-packages/airflow/example_dags/example_skip_dag.py
[2025-04-13T13:58:15.842-0400] {processor.py:840} INFO - DAG(s) 'example_skip_dag' retrieved from /opt/anaconda3/lib/python3.12/site-packages/airflow/example_dags/example_skip_dag.py
[2025-04-13T13:58:15.881-0400] {logging_mixin.py:188} INFO - [2025-04-13T13:58:15.881-0400] {dag.py:3096} INFO - Sync 1 DAGs
[2025-04-13T13:58:15.886-0400] {logging_mixin.py:188} INFO - [2025-04-13T13:58:15.886-0400] {dag.py:3954} INFO - Setting next_dagrun for example_skip_dag to 2025-04-12 00:00:00+00:00, run_after=2025-04-13 00:00:00+00:00
[2025-04-13T13:58:15.893-0400] {processor.py:183} INFO - Processing /opt/anaconda3/lib/python3.12/site-packages/airflow/example_dags/example_skip_dag.py took 0.056 seconds
[2025-04-13T14:00:29.397-0400] {processor.py:161} INFO - Started process (PID=54983) to work on /opt/anaconda3/lib/python3.12/site-packages/airflow/example_dags/example_skip_dag.py
[2025-04-13T14:00:29.398-0400] {processor.py:830} INFO - Processing file /opt/anaconda3/lib/python3.12/site-packages/airflow/example_dags/example_skip_dag.py for tasks to queue
[2025-04-13T14:00:29.398-0400] {logging_mixin.py:188} INFO - [2025-04-13T14:00:29.398-0400] {dagbag.py:540} INFO - Filling up the DagBag from /opt/anaconda3/lib/python3.12/site-packages/airflow/example_dags/example_skip_dag.py
[2025-04-13T14:00:29.401-0400] {processor.py:840} INFO - DAG(s) 'example_skip_dag' retrieved from /opt/anaconda3/lib/python3.12/site-packages/airflow/example_dags/example_skip_dag.py
[2025-04-13T14:00:29.439-0400] {logging_mixin.py:188} INFO - [2025-04-13T14:00:29.439-0400] {dag.py:3096} INFO - Sync 1 DAGs
[2025-04-13T14:00:29.444-0400] {logging_mixin.py:188} INFO - [2025-04-13T14:00:29.444-0400] {dag.py:3954} INFO - Setting next_dagrun for example_skip_dag to 2025-04-12 00:00:00+00:00, run_after=2025-04-13 00:00:00+00:00
[2025-04-13T14:00:29.450-0400] {processor.py:183} INFO - Processing /opt/anaconda3/lib/python3.12/site-packages/airflow/example_dags/example_skip_dag.py took 0.054 seconds
[2025-04-13T14:01:39.023-0400] {processor.py:161} INFO - Started process (PID=55448) to work on /opt/anaconda3/lib/python3.12/site-packages/airflow/example_dags/example_skip_dag.py
[2025-04-13T14:01:39.024-0400] {processor.py:830} INFO - Processing file /opt/anaconda3/lib/python3.12/site-packages/airflow/example_dags/example_skip_dag.py for tasks to queue
[2025-04-13T14:01:39.024-0400] {logging_mixin.py:188} INFO - [2025-04-13T14:01:39.024-0400] {dagbag.py:540} INFO - Filling up the DagBag from /opt/anaconda3/lib/python3.12/site-packages/airflow/example_dags/example_skip_dag.py
[2025-04-13T14:01:39.027-0400] {processor.py:840} INFO - DAG(s) 'example_skip_dag' retrieved from /opt/anaconda3/lib/python3.12/site-packages/airflow/example_dags/example_skip_dag.py
[2025-04-13T14:01:39.063-0400] {logging_mixin.py:188} INFO - [2025-04-13T14:01:39.063-0400] {dag.py:3096} INFO - Sync 1 DAGs
[2025-04-13T14:01:39.068-0400] {logging_mixin.py:188} INFO - [2025-04-13T14:01:39.068-0400] {dag.py:3954} INFO - Setting next_dagrun for example_skip_dag to 2025-04-12 00:00:00+00:00, run_after=2025-04-13 00:00:00+00:00
[2025-04-13T14:01:39.074-0400] {processor.py:183} INFO - Processing /opt/anaconda3/lib/python3.12/site-packages/airflow/example_dags/example_skip_dag.py took 0.052 seconds
