[2025-04-13T13:08:26.600-0400] {processor.py:161} INFO - Started process (PID=34661) to work on /opt/anaconda3/lib/python3.12/site-packages/airflow/example_dags/example_latest_only_with_trigger.py
[2025-04-13T13:08:26.601-0400] {processor.py:830} INFO - Processing file /opt/anaconda3/lib/python3.12/site-packages/airflow/example_dags/example_latest_only_with_trigger.py for tasks to queue
[2025-04-13T13:08:26.601-0400] {logging_mixin.py:188} INFO - [2025-04-13T13:08:26.601-0400] {dagbag.py:540} INFO - Filling up the DagBag from /opt/anaconda3/lib/python3.12/site-packages/airflow/example_dags/example_latest_only_with_trigger.py
[2025-04-13T13:08:26.604-0400] {processor.py:840} INFO - DAG(s) 'latest_only_with_trigger' retrieved from /opt/anaconda3/lib/python3.12/site-packages/airflow/example_dags/example_latest_only_with_trigger.py
[2025-04-13T13:08:26.670-0400] {logging_mixin.py:188} INFO - [2025-04-13T13:08:26.670-0400] {override.py:1930} INFO - Created Permission View: can edit on DAG:latest_only_with_trigger
[2025-04-13T13:08:26.673-0400] {logging_mixin.py:188} INFO - [2025-04-13T13:08:26.672-0400] {override.py:1930} INFO - Created Permission View: can delete on DAG:latest_only_with_trigger
[2025-04-13T13:08:26.674-0400] {logging_mixin.py:188} INFO - [2025-04-13T13:08:26.674-0400] {override.py:1930} INFO - Created Permission View: can read on DAG:latest_only_with_trigger
[2025-04-13T13:08:26.674-0400] {logging_mixin.py:188} INFO - [2025-04-13T13:08:26.674-0400] {dag.py:3096} INFO - Sync 1 DAGs
[2025-04-13T13:08:26.678-0400] {logging_mixin.py:188} INFO - [2025-04-13T13:08:26.678-0400] {dag.py:3118} INFO - Creating ORM DAG for latest_only_with_trigger
[2025-04-13T13:08:26.680-0400] {logging_mixin.py:188} INFO - [2025-04-13T13:08:26.680-0400] {dag.py:3954} INFO - Setting next_dagrun for latest_only_with_trigger to 2025-04-13 12:00:00+00:00, run_after=2025-04-13 16:00:00+00:00
[2025-04-13T13:08:26.685-0400] {processor.py:183} INFO - Processing /opt/anaconda3/lib/python3.12/site-packages/airflow/example_dags/example_latest_only_with_trigger.py took 0.086 seconds
[2025-04-13T13:15:59.662-0400] {processor.py:161} INFO - Started process (PID=37504) to work on /opt/anaconda3/lib/python3.12/site-packages/airflow/example_dags/example_latest_only_with_trigger.py
[2025-04-13T13:15:59.662-0400] {processor.py:830} INFO - Processing file /opt/anaconda3/lib/python3.12/site-packages/airflow/example_dags/example_latest_only_with_trigger.py for tasks to queue
[2025-04-13T13:15:59.662-0400] {logging_mixin.py:188} INFO - [2025-04-13T13:15:59.662-0400] {dagbag.py:540} INFO - Filling up the DagBag from /opt/anaconda3/lib/python3.12/site-packages/airflow/example_dags/example_latest_only_with_trigger.py
[2025-04-13T13:15:59.666-0400] {processor.py:840} INFO - DAG(s) 'latest_only_with_trigger' retrieved from /opt/anaconda3/lib/python3.12/site-packages/airflow/example_dags/example_latest_only_with_trigger.py
[2025-04-13T13:15:59.704-0400] {logging_mixin.py:188} INFO - [2025-04-13T13:15:59.704-0400] {dag.py:3096} INFO - Sync 1 DAGs
[2025-04-13T13:15:59.709-0400] {logging_mixin.py:188} INFO - [2025-04-13T13:15:59.709-0400] {dag.py:3954} INFO - Setting next_dagrun for latest_only_with_trigger to 2025-04-13 12:00:00+00:00, run_after=2025-04-13 16:00:00+00:00
[2025-04-13T13:15:59.716-0400] {processor.py:183} INFO - Processing /opt/anaconda3/lib/python3.12/site-packages/airflow/example_dags/example_latest_only_with_trigger.py took 0.055 seconds
[2025-04-13T13:19:39.998-0400] {processor.py:161} INFO - Started process (PID=38981) to work on /opt/anaconda3/lib/python3.12/site-packages/airflow/example_dags/example_latest_only_with_trigger.py
[2025-04-13T13:19:39.999-0400] {processor.py:830} INFO - Processing file /opt/anaconda3/lib/python3.12/site-packages/airflow/example_dags/example_latest_only_with_trigger.py for tasks to queue
[2025-04-13T13:19:39.999-0400] {logging_mixin.py:188} INFO - [2025-04-13T13:19:39.999-0400] {dagbag.py:540} INFO - Filling up the DagBag from /opt/anaconda3/lib/python3.12/site-packages/airflow/example_dags/example_latest_only_with_trigger.py
[2025-04-13T13:19:40.002-0400] {processor.py:840} INFO - DAG(s) 'latest_only_with_trigger' retrieved from /opt/anaconda3/lib/python3.12/site-packages/airflow/example_dags/example_latest_only_with_trigger.py
[2025-04-13T13:19:40.067-0400] {logging_mixin.py:188} INFO - [2025-04-13T13:19:40.066-0400] {dag.py:3096} INFO - Sync 1 DAGs
[2025-04-13T13:19:40.073-0400] {logging_mixin.py:188} INFO - [2025-04-13T13:19:40.073-0400] {dag.py:3954} INFO - Setting next_dagrun for latest_only_with_trigger to 2025-04-13 12:00:00+00:00, run_after=2025-04-13 16:00:00+00:00
[2025-04-13T13:19:40.078-0400] {processor.py:183} INFO - Processing /opt/anaconda3/lib/python3.12/site-packages/airflow/example_dags/example_latest_only_with_trigger.py took 0.082 seconds
[2025-04-13T13:24:10.098-0400] {processor.py:161} INFO - Started process (PID=40888) to work on /opt/anaconda3/lib/python3.12/site-packages/airflow/example_dags/example_latest_only_with_trigger.py
[2025-04-13T13:24:10.099-0400] {processor.py:830} INFO - Processing file /opt/anaconda3/lib/python3.12/site-packages/airflow/example_dags/example_latest_only_with_trigger.py for tasks to queue
[2025-04-13T13:24:10.099-0400] {logging_mixin.py:188} INFO - [2025-04-13T13:24:10.099-0400] {dagbag.py:540} INFO - Filling up the DagBag from /opt/anaconda3/lib/python3.12/site-packages/airflow/example_dags/example_latest_only_with_trigger.py
[2025-04-13T13:24:10.102-0400] {processor.py:840} INFO - DAG(s) 'latest_only_with_trigger' retrieved from /opt/anaconda3/lib/python3.12/site-packages/airflow/example_dags/example_latest_only_with_trigger.py
[2025-04-13T13:24:10.166-0400] {logging_mixin.py:188} INFO - [2025-04-13T13:24:10.165-0400] {dag.py:3096} INFO - Sync 1 DAGs
[2025-04-13T13:24:10.171-0400] {logging_mixin.py:188} INFO - [2025-04-13T13:24:10.171-0400] {dag.py:3954} INFO - Setting next_dagrun for latest_only_with_trigger to 2025-04-13 12:00:00+00:00, run_after=2025-04-13 16:00:00+00:00
[2025-04-13T13:24:10.177-0400] {processor.py:183} INFO - Processing /opt/anaconda3/lib/python3.12/site-packages/airflow/example_dags/example_latest_only_with_trigger.py took 0.081 seconds
[2025-04-13T13:25:45.523-0400] {processor.py:161} INFO - Started process (PID=41534) to work on /opt/anaconda3/lib/python3.12/site-packages/airflow/example_dags/example_latest_only_with_trigger.py
[2025-04-13T13:25:45.524-0400] {processor.py:830} INFO - Processing file /opt/anaconda3/lib/python3.12/site-packages/airflow/example_dags/example_latest_only_with_trigger.py for tasks to queue
[2025-04-13T13:25:45.524-0400] {logging_mixin.py:188} INFO - [2025-04-13T13:25:45.524-0400] {dagbag.py:540} INFO - Filling up the DagBag from /opt/anaconda3/lib/python3.12/site-packages/airflow/example_dags/example_latest_only_with_trigger.py
[2025-04-13T13:25:45.527-0400] {processor.py:840} INFO - DAG(s) 'latest_only_with_trigger' retrieved from /opt/anaconda3/lib/python3.12/site-packages/airflow/example_dags/example_latest_only_with_trigger.py
[2025-04-13T13:25:45.563-0400] {logging_mixin.py:188} INFO - [2025-04-13T13:25:45.563-0400] {dag.py:3096} INFO - Sync 1 DAGs
[2025-04-13T13:25:45.568-0400] {logging_mixin.py:188} INFO - [2025-04-13T13:25:45.568-0400] {dag.py:3954} INFO - Setting next_dagrun for latest_only_with_trigger to 2025-04-13 12:00:00+00:00, run_after=2025-04-13 16:00:00+00:00
[2025-04-13T13:25:45.574-0400] {processor.py:183} INFO - Processing /opt/anaconda3/lib/python3.12/site-packages/airflow/example_dags/example_latest_only_with_trigger.py took 0.052 seconds
[2025-04-13T13:27:52.096-0400] {processor.py:161} INFO - Started process (PID=42377) to work on /opt/anaconda3/lib/python3.12/site-packages/airflow/example_dags/example_latest_only_with_trigger.py
[2025-04-13T13:27:52.097-0400] {processor.py:830} INFO - Processing file /opt/anaconda3/lib/python3.12/site-packages/airflow/example_dags/example_latest_only_with_trigger.py for tasks to queue
[2025-04-13T13:27:52.097-0400] {logging_mixin.py:188} INFO - [2025-04-13T13:27:52.097-0400] {dagbag.py:540} INFO - Filling up the DagBag from /opt/anaconda3/lib/python3.12/site-packages/airflow/example_dags/example_latest_only_with_trigger.py
[2025-04-13T13:27:52.100-0400] {processor.py:840} INFO - DAG(s) 'latest_only_with_trigger' retrieved from /opt/anaconda3/lib/python3.12/site-packages/airflow/example_dags/example_latest_only_with_trigger.py
[2025-04-13T13:27:52.137-0400] {logging_mixin.py:188} INFO - [2025-04-13T13:27:52.137-0400] {dag.py:3096} INFO - Sync 1 DAGs
[2025-04-13T13:27:52.142-0400] {logging_mixin.py:188} INFO - [2025-04-13T13:27:52.142-0400] {dag.py:3954} INFO - Setting next_dagrun for latest_only_with_trigger to 2025-04-13 12:00:00+00:00, run_after=2025-04-13 16:00:00+00:00
[2025-04-13T13:27:52.148-0400] {processor.py:183} INFO - Processing /opt/anaconda3/lib/python3.12/site-packages/airflow/example_dags/example_latest_only_with_trigger.py took 0.053 seconds
[2025-04-13T13:30:05.243-0400] {processor.py:161} INFO - Started process (PID=43265) to work on /opt/anaconda3/lib/python3.12/site-packages/airflow/example_dags/example_latest_only_with_trigger.py
[2025-04-13T13:30:05.244-0400] {processor.py:830} INFO - Processing file /opt/anaconda3/lib/python3.12/site-packages/airflow/example_dags/example_latest_only_with_trigger.py for tasks to queue
[2025-04-13T13:30:05.244-0400] {logging_mixin.py:188} INFO - [2025-04-13T13:30:05.244-0400] {dagbag.py:540} INFO - Filling up the DagBag from /opt/anaconda3/lib/python3.12/site-packages/airflow/example_dags/example_latest_only_with_trigger.py
[2025-04-13T13:30:05.247-0400] {processor.py:840} INFO - DAG(s) 'latest_only_with_trigger' retrieved from /opt/anaconda3/lib/python3.12/site-packages/airflow/example_dags/example_latest_only_with_trigger.py
[2025-04-13T13:30:05.285-0400] {logging_mixin.py:188} INFO - [2025-04-13T13:30:05.284-0400] {dag.py:3096} INFO - Sync 1 DAGs
[2025-04-13T13:30:05.290-0400] {logging_mixin.py:188} INFO - [2025-04-13T13:30:05.290-0400] {dag.py:3954} INFO - Setting next_dagrun for latest_only_with_trigger to 2025-04-13 12:00:00+00:00, run_after=2025-04-13 16:00:00+00:00
[2025-04-13T13:30:05.296-0400] {processor.py:183} INFO - Processing /opt/anaconda3/lib/python3.12/site-packages/airflow/example_dags/example_latest_only_with_trigger.py took 0.054 seconds
[2025-04-13T13:32:23.972-0400] {processor.py:161} INFO - Started process (PID=44157) to work on /opt/anaconda3/lib/python3.12/site-packages/airflow/example_dags/example_latest_only_with_trigger.py
[2025-04-13T13:32:23.973-0400] {processor.py:830} INFO - Processing file /opt/anaconda3/lib/python3.12/site-packages/airflow/example_dags/example_latest_only_with_trigger.py for tasks to queue
[2025-04-13T13:32:23.974-0400] {logging_mixin.py:188} INFO - [2025-04-13T13:32:23.974-0400] {dagbag.py:540} INFO - Filling up the DagBag from /opt/anaconda3/lib/python3.12/site-packages/airflow/example_dags/example_latest_only_with_trigger.py
[2025-04-13T13:32:23.976-0400] {processor.py:840} INFO - DAG(s) 'latest_only_with_trigger' retrieved from /opt/anaconda3/lib/python3.12/site-packages/airflow/example_dags/example_latest_only_with_trigger.py
[2025-04-13T13:32:24.014-0400] {logging_mixin.py:188} INFO - [2025-04-13T13:32:24.014-0400] {dag.py:3096} INFO - Sync 1 DAGs
[2025-04-13T13:32:24.019-0400] {logging_mixin.py:188} INFO - [2025-04-13T13:32:24.019-0400] {dag.py:3954} INFO - Setting next_dagrun for latest_only_with_trigger to 2025-04-13 12:00:00+00:00, run_after=2025-04-13 16:00:00+00:00
[2025-04-13T13:32:24.026-0400] {processor.py:183} INFO - Processing /opt/anaconda3/lib/python3.12/site-packages/airflow/example_dags/example_latest_only_with_trigger.py took 0.054 seconds
[2025-04-13T13:35:36.054-0400] {processor.py:161} INFO - Started process (PID=44869) to work on /opt/anaconda3/lib/python3.12/site-packages/airflow/example_dags/example_latest_only_with_trigger.py
[2025-04-13T13:35:36.055-0400] {processor.py:830} INFO - Processing file /opt/anaconda3/lib/python3.12/site-packages/airflow/example_dags/example_latest_only_with_trigger.py for tasks to queue
[2025-04-13T13:35:36.055-0400] {logging_mixin.py:188} INFO - [2025-04-13T13:35:36.055-0400] {dagbag.py:540} INFO - Filling up the DagBag from /opt/anaconda3/lib/python3.12/site-packages/airflow/example_dags/example_latest_only_with_trigger.py
[2025-04-13T13:35:36.058-0400] {processor.py:840} INFO - DAG(s) 'latest_only_with_trigger' retrieved from /opt/anaconda3/lib/python3.12/site-packages/airflow/example_dags/example_latest_only_with_trigger.py
[2025-04-13T13:35:36.096-0400] {logging_mixin.py:188} INFO - [2025-04-13T13:35:36.096-0400] {dag.py:3096} INFO - Sync 1 DAGs
[2025-04-13T13:35:36.102-0400] {logging_mixin.py:188} INFO - [2025-04-13T13:35:36.102-0400] {dag.py:3954} INFO - Setting next_dagrun for latest_only_with_trigger to 2025-04-13 12:00:00+00:00, run_after=2025-04-13 16:00:00+00:00
[2025-04-13T13:35:36.108-0400] {processor.py:183} INFO - Processing /opt/anaconda3/lib/python3.12/site-packages/airflow/example_dags/example_latest_only_with_trigger.py took 0.055 seconds
[2025-04-13T13:38:10.437-0400] {processor.py:161} INFO - Started process (PID=45914) to work on /opt/anaconda3/lib/python3.12/site-packages/airflow/example_dags/example_latest_only_with_trigger.py
[2025-04-13T13:38:10.438-0400] {processor.py:830} INFO - Processing file /opt/anaconda3/lib/python3.12/site-packages/airflow/example_dags/example_latest_only_with_trigger.py for tasks to queue
[2025-04-13T13:38:10.438-0400] {logging_mixin.py:188} INFO - [2025-04-13T13:38:10.438-0400] {dagbag.py:540} INFO - Filling up the DagBag from /opt/anaconda3/lib/python3.12/site-packages/airflow/example_dags/example_latest_only_with_trigger.py
[2025-04-13T13:38:10.441-0400] {processor.py:840} INFO - DAG(s) 'latest_only_with_trigger' retrieved from /opt/anaconda3/lib/python3.12/site-packages/airflow/example_dags/example_latest_only_with_trigger.py
[2025-04-13T13:38:10.478-0400] {logging_mixin.py:188} INFO - [2025-04-13T13:38:10.478-0400] {dag.py:3096} INFO - Sync 1 DAGs
[2025-04-13T13:38:10.483-0400] {logging_mixin.py:188} INFO - [2025-04-13T13:38:10.483-0400] {dag.py:3954} INFO - Setting next_dagrun for latest_only_with_trigger to 2025-04-13 12:00:00+00:00, run_after=2025-04-13 16:00:00+00:00
[2025-04-13T13:38:10.489-0400] {processor.py:183} INFO - Processing /opt/anaconda3/lib/python3.12/site-packages/airflow/example_dags/example_latest_only_with_trigger.py took 0.053 seconds
[2025-04-13T13:40:24.556-0400] {processor.py:161} INFO - Started process (PID=46836) to work on /opt/anaconda3/lib/python3.12/site-packages/airflow/example_dags/example_latest_only_with_trigger.py
[2025-04-13T13:40:24.556-0400] {processor.py:830} INFO - Processing file /opt/anaconda3/lib/python3.12/site-packages/airflow/example_dags/example_latest_only_with_trigger.py for tasks to queue
[2025-04-13T13:40:24.557-0400] {logging_mixin.py:188} INFO - [2025-04-13T13:40:24.556-0400] {dagbag.py:540} INFO - Filling up the DagBag from /opt/anaconda3/lib/python3.12/site-packages/airflow/example_dags/example_latest_only_with_trigger.py
[2025-04-13T13:40:24.559-0400] {processor.py:840} INFO - DAG(s) 'latest_only_with_trigger' retrieved from /opt/anaconda3/lib/python3.12/site-packages/airflow/example_dags/example_latest_only_with_trigger.py
[2025-04-13T13:40:24.595-0400] {logging_mixin.py:188} INFO - [2025-04-13T13:40:24.595-0400] {dag.py:3096} INFO - Sync 1 DAGs
[2025-04-13T13:40:24.600-0400] {logging_mixin.py:188} INFO - [2025-04-13T13:40:24.600-0400] {dag.py:3954} INFO - Setting next_dagrun for latest_only_with_trigger to 2025-04-13 12:00:00+00:00, run_after=2025-04-13 16:00:00+00:00
[2025-04-13T13:40:24.607-0400] {processor.py:183} INFO - Processing /opt/anaconda3/lib/python3.12/site-packages/airflow/example_dags/example_latest_only_with_trigger.py took 0.052 seconds
[2025-04-13T13:42:34.795-0400] {processor.py:161} INFO - Started process (PID=47701) to work on /opt/anaconda3/lib/python3.12/site-packages/airflow/example_dags/example_latest_only_with_trigger.py
[2025-04-13T13:42:34.796-0400] {processor.py:830} INFO - Processing file /opt/anaconda3/lib/python3.12/site-packages/airflow/example_dags/example_latest_only_with_trigger.py for tasks to queue
[2025-04-13T13:42:34.796-0400] {logging_mixin.py:188} INFO - [2025-04-13T13:42:34.796-0400] {dagbag.py:540} INFO - Filling up the DagBag from /opt/anaconda3/lib/python3.12/site-packages/airflow/example_dags/example_latest_only_with_trigger.py
[2025-04-13T13:42:34.799-0400] {processor.py:840} INFO - DAG(s) 'latest_only_with_trigger' retrieved from /opt/anaconda3/lib/python3.12/site-packages/airflow/example_dags/example_latest_only_with_trigger.py
[2025-04-13T13:42:34.845-0400] {logging_mixin.py:188} INFO - [2025-04-13T13:42:34.845-0400] {dag.py:3096} INFO - Sync 1 DAGs
[2025-04-13T13:42:34.850-0400] {logging_mixin.py:188} INFO - [2025-04-13T13:42:34.850-0400] {dag.py:3954} INFO - Setting next_dagrun for latest_only_with_trigger to 2025-04-13 12:00:00+00:00, run_after=2025-04-13 16:00:00+00:00
[2025-04-13T13:42:34.856-0400] {processor.py:183} INFO - Processing /opt/anaconda3/lib/python3.12/site-packages/airflow/example_dags/example_latest_only_with_trigger.py took 0.062 seconds
[2025-04-13T13:44:47.466-0400] {processor.py:161} INFO - Started process (PID=48610) to work on /opt/anaconda3/lib/python3.12/site-packages/airflow/example_dags/example_latest_only_with_trigger.py
[2025-04-13T13:44:47.467-0400] {processor.py:830} INFO - Processing file /opt/anaconda3/lib/python3.12/site-packages/airflow/example_dags/example_latest_only_with_trigger.py for tasks to queue
[2025-04-13T13:44:47.467-0400] {logging_mixin.py:188} INFO - [2025-04-13T13:44:47.467-0400] {dagbag.py:540} INFO - Filling up the DagBag from /opt/anaconda3/lib/python3.12/site-packages/airflow/example_dags/example_latest_only_with_trigger.py
[2025-04-13T13:44:47.470-0400] {processor.py:840} INFO - DAG(s) 'latest_only_with_trigger' retrieved from /opt/anaconda3/lib/python3.12/site-packages/airflow/example_dags/example_latest_only_with_trigger.py
[2025-04-13T13:44:47.507-0400] {logging_mixin.py:188} INFO - [2025-04-13T13:44:47.507-0400] {dag.py:3096} INFO - Sync 1 DAGs
[2025-04-13T13:44:47.512-0400] {logging_mixin.py:188} INFO - [2025-04-13T13:44:47.512-0400] {dag.py:3954} INFO - Setting next_dagrun for latest_only_with_trigger to 2025-04-13 12:00:00+00:00, run_after=2025-04-13 16:00:00+00:00
[2025-04-13T13:44:47.519-0400] {processor.py:183} INFO - Processing /opt/anaconda3/lib/python3.12/site-packages/airflow/example_dags/example_latest_only_with_trigger.py took 0.053 seconds
[2025-04-13T13:47:09.430-0400] {processor.py:161} INFO - Started process (PID=49551) to work on /opt/anaconda3/lib/python3.12/site-packages/airflow/example_dags/example_latest_only_with_trigger.py
[2025-04-13T13:47:09.431-0400] {processor.py:830} INFO - Processing file /opt/anaconda3/lib/python3.12/site-packages/airflow/example_dags/example_latest_only_with_trigger.py for tasks to queue
[2025-04-13T13:47:09.432-0400] {logging_mixin.py:188} INFO - [2025-04-13T13:47:09.432-0400] {dagbag.py:540} INFO - Filling up the DagBag from /opt/anaconda3/lib/python3.12/site-packages/airflow/example_dags/example_latest_only_with_trigger.py
[2025-04-13T13:47:09.435-0400] {processor.py:840} INFO - DAG(s) 'latest_only_with_trigger' retrieved from /opt/anaconda3/lib/python3.12/site-packages/airflow/example_dags/example_latest_only_with_trigger.py
[2025-04-13T13:47:09.471-0400] {logging_mixin.py:188} INFO - [2025-04-13T13:47:09.471-0400] {dag.py:3096} INFO - Sync 1 DAGs
[2025-04-13T13:47:09.476-0400] {logging_mixin.py:188} INFO - [2025-04-13T13:47:09.476-0400] {dag.py:3954} INFO - Setting next_dagrun for latest_only_with_trigger to 2025-04-13 12:00:00+00:00, run_after=2025-04-13 16:00:00+00:00
[2025-04-13T13:47:09.482-0400] {processor.py:183} INFO - Processing /opt/anaconda3/lib/python3.12/site-packages/airflow/example_dags/example_latest_only_with_trigger.py took 0.052 seconds
[2025-04-13T13:49:29.725-0400] {processor.py:161} INFO - Started process (PID=50467) to work on /opt/anaconda3/lib/python3.12/site-packages/airflow/example_dags/example_latest_only_with_trigger.py
[2025-04-13T13:49:29.726-0400] {processor.py:830} INFO - Processing file /opt/anaconda3/lib/python3.12/site-packages/airflow/example_dags/example_latest_only_with_trigger.py for tasks to queue
[2025-04-13T13:49:29.726-0400] {logging_mixin.py:188} INFO - [2025-04-13T13:49:29.726-0400] {dagbag.py:540} INFO - Filling up the DagBag from /opt/anaconda3/lib/python3.12/site-packages/airflow/example_dags/example_latest_only_with_trigger.py
[2025-04-13T13:49:29.730-0400] {processor.py:840} INFO - DAG(s) 'latest_only_with_trigger' retrieved from /opt/anaconda3/lib/python3.12/site-packages/airflow/example_dags/example_latest_only_with_trigger.py
[2025-04-13T13:49:29.767-0400] {logging_mixin.py:188} INFO - [2025-04-13T13:49:29.767-0400] {dag.py:3096} INFO - Sync 1 DAGs
[2025-04-13T13:49:29.773-0400] {logging_mixin.py:188} INFO - [2025-04-13T13:49:29.773-0400] {dag.py:3954} INFO - Setting next_dagrun for latest_only_with_trigger to 2025-04-13 12:00:00+00:00, run_after=2025-04-13 16:00:00+00:00
[2025-04-13T13:49:29.779-0400] {processor.py:183} INFO - Processing /opt/anaconda3/lib/python3.12/site-packages/airflow/example_dags/example_latest_only_with_trigger.py took 0.055 seconds
[2025-04-13T13:51:47.432-0400] {processor.py:161} INFO - Started process (PID=51404) to work on /opt/anaconda3/lib/python3.12/site-packages/airflow/example_dags/example_latest_only_with_trigger.py
[2025-04-13T13:51:47.433-0400] {processor.py:830} INFO - Processing file /opt/anaconda3/lib/python3.12/site-packages/airflow/example_dags/example_latest_only_with_trigger.py for tasks to queue
[2025-04-13T13:51:47.433-0400] {logging_mixin.py:188} INFO - [2025-04-13T13:51:47.433-0400] {dagbag.py:540} INFO - Filling up the DagBag from /opt/anaconda3/lib/python3.12/site-packages/airflow/example_dags/example_latest_only_with_trigger.py
[2025-04-13T13:51:47.436-0400] {processor.py:840} INFO - DAG(s) 'latest_only_with_trigger' retrieved from /opt/anaconda3/lib/python3.12/site-packages/airflow/example_dags/example_latest_only_with_trigger.py
[2025-04-13T13:51:47.476-0400] {logging_mixin.py:188} INFO - [2025-04-13T13:51:47.476-0400] {dag.py:3096} INFO - Sync 1 DAGs
[2025-04-13T13:51:47.482-0400] {logging_mixin.py:188} INFO - [2025-04-13T13:51:47.482-0400] {dag.py:3954} INFO - Setting next_dagrun for latest_only_with_trigger to 2025-04-13 12:00:00+00:00, run_after=2025-04-13 16:00:00+00:00
[2025-04-13T13:51:47.488-0400] {processor.py:183} INFO - Processing /opt/anaconda3/lib/python3.12/site-packages/airflow/example_dags/example_latest_only_with_trigger.py took 0.057 seconds
[2025-04-13T13:54:08.265-0400] {processor.py:161} INFO - Started process (PID=52350) to work on /opt/anaconda3/lib/python3.12/site-packages/airflow/example_dags/example_latest_only_with_trigger.py
[2025-04-13T13:54:08.266-0400] {processor.py:830} INFO - Processing file /opt/anaconda3/lib/python3.12/site-packages/airflow/example_dags/example_latest_only_with_trigger.py for tasks to queue
[2025-04-13T13:54:08.266-0400] {logging_mixin.py:188} INFO - [2025-04-13T13:54:08.266-0400] {dagbag.py:540} INFO - Filling up the DagBag from /opt/anaconda3/lib/python3.12/site-packages/airflow/example_dags/example_latest_only_with_trigger.py
[2025-04-13T13:54:08.269-0400] {processor.py:840} INFO - DAG(s) 'latest_only_with_trigger' retrieved from /opt/anaconda3/lib/python3.12/site-packages/airflow/example_dags/example_latest_only_with_trigger.py
[2025-04-13T13:54:08.305-0400] {logging_mixin.py:188} INFO - [2025-04-13T13:54:08.305-0400] {dag.py:3096} INFO - Sync 1 DAGs
[2025-04-13T13:54:08.310-0400] {logging_mixin.py:188} INFO - [2025-04-13T13:54:08.310-0400] {dag.py:3954} INFO - Setting next_dagrun for latest_only_with_trigger to 2025-04-13 12:00:00+00:00, run_after=2025-04-13 16:00:00+00:00
[2025-04-13T13:54:08.316-0400] {processor.py:183} INFO - Processing /opt/anaconda3/lib/python3.12/site-packages/airflow/example_dags/example_latest_only_with_trigger.py took 0.052 seconds
[2025-04-13T13:56:23.756-0400] {processor.py:161} INFO - Started process (PID=53255) to work on /opt/anaconda3/lib/python3.12/site-packages/airflow/example_dags/example_latest_only_with_trigger.py
[2025-04-13T13:56:23.757-0400] {processor.py:830} INFO - Processing file /opt/anaconda3/lib/python3.12/site-packages/airflow/example_dags/example_latest_only_with_trigger.py for tasks to queue
[2025-04-13T13:56:23.757-0400] {logging_mixin.py:188} INFO - [2025-04-13T13:56:23.757-0400] {dagbag.py:540} INFO - Filling up the DagBag from /opt/anaconda3/lib/python3.12/site-packages/airflow/example_dags/example_latest_only_with_trigger.py
[2025-04-13T13:56:23.760-0400] {processor.py:840} INFO - DAG(s) 'latest_only_with_trigger' retrieved from /opt/anaconda3/lib/python3.12/site-packages/airflow/example_dags/example_latest_only_with_trigger.py
[2025-04-13T13:56:23.797-0400] {logging_mixin.py:188} INFO - [2025-04-13T13:56:23.797-0400] {dag.py:3096} INFO - Sync 1 DAGs
[2025-04-13T13:56:23.802-0400] {logging_mixin.py:188} INFO - [2025-04-13T13:56:23.802-0400] {dag.py:3954} INFO - Setting next_dagrun for latest_only_with_trigger to 2025-04-13 12:00:00+00:00, run_after=2025-04-13 16:00:00+00:00
[2025-04-13T13:56:23.808-0400] {processor.py:183} INFO - Processing /opt/anaconda3/lib/python3.12/site-packages/airflow/example_dags/example_latest_only_with_trigger.py took 0.053 seconds
[2025-04-13T13:58:38.807-0400] {processor.py:161} INFO - Started process (PID=54180) to work on /opt/anaconda3/lib/python3.12/site-packages/airflow/example_dags/example_latest_only_with_trigger.py
[2025-04-13T13:58:38.808-0400] {processor.py:830} INFO - Processing file /opt/anaconda3/lib/python3.12/site-packages/airflow/example_dags/example_latest_only_with_trigger.py for tasks to queue
[2025-04-13T13:58:38.808-0400] {logging_mixin.py:188} INFO - [2025-04-13T13:58:38.808-0400] {dagbag.py:540} INFO - Filling up the DagBag from /opt/anaconda3/lib/python3.12/site-packages/airflow/example_dags/example_latest_only_with_trigger.py
[2025-04-13T13:58:38.811-0400] {processor.py:840} INFO - DAG(s) 'latest_only_with_trigger' retrieved from /opt/anaconda3/lib/python3.12/site-packages/airflow/example_dags/example_latest_only_with_trigger.py
[2025-04-13T13:58:38.848-0400] {logging_mixin.py:188} INFO - [2025-04-13T13:58:38.847-0400] {dag.py:3096} INFO - Sync 1 DAGs
[2025-04-13T13:58:38.852-0400] {logging_mixin.py:188} INFO - [2025-04-13T13:58:38.852-0400] {dag.py:3954} INFO - Setting next_dagrun for latest_only_with_trigger to 2025-04-13 12:00:00+00:00, run_after=2025-04-13 16:00:00+00:00
[2025-04-13T13:58:38.859-0400] {processor.py:183} INFO - Processing /opt/anaconda3/lib/python3.12/site-packages/airflow/example_dags/example_latest_only_with_trigger.py took 0.052 seconds
[2025-04-13T14:00:54.831-0400] {processor.py:161} INFO - Started process (PID=55151) to work on /opt/anaconda3/lib/python3.12/site-packages/airflow/example_dags/example_latest_only_with_trigger.py
[2025-04-13T14:00:54.832-0400] {processor.py:830} INFO - Processing file /opt/anaconda3/lib/python3.12/site-packages/airflow/example_dags/example_latest_only_with_trigger.py for tasks to queue
[2025-04-13T14:00:54.832-0400] {logging_mixin.py:188} INFO - [2025-04-13T14:00:54.832-0400] {dagbag.py:540} INFO - Filling up the DagBag from /opt/anaconda3/lib/python3.12/site-packages/airflow/example_dags/example_latest_only_with_trigger.py
[2025-04-13T14:00:54.835-0400] {processor.py:840} INFO - DAG(s) 'latest_only_with_trigger' retrieved from /opt/anaconda3/lib/python3.12/site-packages/airflow/example_dags/example_latest_only_with_trigger.py
[2025-04-13T14:00:54.872-0400] {logging_mixin.py:188} INFO - [2025-04-13T14:00:54.872-0400] {dag.py:3096} INFO - Sync 1 DAGs
[2025-04-13T14:00:54.877-0400] {logging_mixin.py:188} INFO - [2025-04-13T14:00:54.877-0400] {dag.py:3954} INFO - Setting next_dagrun for latest_only_with_trigger to 2025-04-13 12:00:00+00:00, run_after=2025-04-13 16:00:00+00:00
[2025-04-13T14:00:54.884-0400] {processor.py:183} INFO - Processing /opt/anaconda3/lib/python3.12/site-packages/airflow/example_dags/example_latest_only_with_trigger.py took 0.054 seconds
