[2025-04-13T13:09:00.441-0400] {processor.py:161} INFO - Started process (PID=34879) to work on /opt/anaconda3/lib/python3.12/site-packages/airflow/example_dags/example_bash_decorator.py
[2025-04-13T13:09:00.441-0400] {processor.py:830} INFO - Processing file /opt/anaconda3/lib/python3.12/site-packages/airflow/example_dags/example_bash_decorator.py for tasks to queue
[2025-04-13T13:09:00.441-0400] {logging_mixin.py:188} INFO - [2025-04-13T13:09:00.441-0400] {dagbag.py:540} INFO - Filling up the DagBag from /opt/anaconda3/lib/python3.12/site-packages/airflow/example_dags/example_bash_decorator.py
[2025-04-13T13:09:00.458-0400] {processor.py:840} INFO - DAG(s) 'example_bash_decorator' retrieved from /opt/anaconda3/lib/python3.12/site-packages/airflow/example_dags/example_bash_decorator.py
[2025-04-13T13:09:00.521-0400] {logging_mixin.py:188} INFO - [2025-04-13T13:09:00.521-0400] {override.py:1930} INFO - Created Permission View: can edit on DAG:example_bash_decorator
[2025-04-13T13:09:00.523-0400] {logging_mixin.py:188} INFO - [2025-04-13T13:09:00.523-0400] {override.py:1930} INFO - Created Permission View: can read on DAG:example_bash_decorator
[2025-04-13T13:09:00.525-0400] {logging_mixin.py:188} INFO - [2025-04-13T13:09:00.525-0400] {override.py:1930} INFO - Created Permission View: can delete on DAG:example_bash_decorator
[2025-04-13T13:09:00.525-0400] {logging_mixin.py:188} INFO - [2025-04-13T13:09:00.525-0400] {dag.py:3096} INFO - Sync 1 DAGs
[2025-04-13T13:09:00.528-0400] {logging_mixin.py:188} INFO - [2025-04-13T13:09:00.528-0400] {dag.py:3118} INFO - Creating ORM DAG for example_bash_decorator
[2025-04-13T13:09:00.528-0400] {logging_mixin.py:188} INFO - [2025-04-13T13:09:00.528-0400] {dag.py:3954} INFO - Setting next_dagrun for example_bash_decorator to None, run_after=None
[2025-04-13T13:09:00.533-0400] {processor.py:183} INFO - Processing /opt/anaconda3/lib/python3.12/site-packages/airflow/example_dags/example_bash_decorator.py took 0.094 seconds
[2025-04-13T13:20:13.004-0400] {processor.py:161} INFO - Started process (PID=39247) to work on /opt/anaconda3/lib/python3.12/site-packages/airflow/example_dags/example_bash_decorator.py
[2025-04-13T13:20:13.005-0400] {processor.py:830} INFO - Processing file /opt/anaconda3/lib/python3.12/site-packages/airflow/example_dags/example_bash_decorator.py for tasks to queue
[2025-04-13T13:20:13.005-0400] {logging_mixin.py:188} INFO - [2025-04-13T13:20:13.005-0400] {dagbag.py:540} INFO - Filling up the DagBag from /opt/anaconda3/lib/python3.12/site-packages/airflow/example_dags/example_bash_decorator.py
[2025-04-13T13:20:13.022-0400] {processor.py:840} INFO - DAG(s) 'example_bash_decorator' retrieved from /opt/anaconda3/lib/python3.12/site-packages/airflow/example_dags/example_bash_decorator.py
[2025-04-13T13:20:13.086-0400] {logging_mixin.py:188} INFO - [2025-04-13T13:20:13.086-0400] {dag.py:3096} INFO - Sync 1 DAGs
[2025-04-13T13:20:13.089-0400] {logging_mixin.py:188} INFO - [2025-04-13T13:20:13.089-0400] {dag.py:3954} INFO - Setting next_dagrun for example_bash_decorator to None, run_after=None
[2025-04-13T13:20:13.095-0400] {processor.py:183} INFO - Processing /opt/anaconda3/lib/python3.12/site-packages/airflow/example_dags/example_bash_decorator.py took 0.093 seconds
[2025-04-13T13:24:42.777-0400] {processor.py:161} INFO - Started process (PID=41125) to work on /opt/anaconda3/lib/python3.12/site-packages/airflow/example_dags/example_bash_decorator.py
[2025-04-13T13:24:42.778-0400] {processor.py:830} INFO - Processing file /opt/anaconda3/lib/python3.12/site-packages/airflow/example_dags/example_bash_decorator.py for tasks to queue
[2025-04-13T13:24:42.778-0400] {logging_mixin.py:188} INFO - [2025-04-13T13:24:42.778-0400] {dagbag.py:540} INFO - Filling up the DagBag from /opt/anaconda3/lib/python3.12/site-packages/airflow/example_dags/example_bash_decorator.py
[2025-04-13T13:24:42.794-0400] {processor.py:840} INFO - DAG(s) 'example_bash_decorator' retrieved from /opt/anaconda3/lib/python3.12/site-packages/airflow/example_dags/example_bash_decorator.py
[2025-04-13T13:24:42.855-0400] {logging_mixin.py:188} INFO - [2025-04-13T13:24:42.855-0400] {dag.py:3096} INFO - Sync 1 DAGs
[2025-04-13T13:24:42.857-0400] {logging_mixin.py:188} INFO - [2025-04-13T13:24:42.857-0400] {dag.py:3954} INFO - Setting next_dagrun for example_bash_decorator to None, run_after=None
[2025-04-13T13:24:42.864-0400] {processor.py:183} INFO - Processing /opt/anaconda3/lib/python3.12/site-packages/airflow/example_dags/example_bash_decorator.py took 0.088 seconds
[2025-04-13T13:26:49.485-0400] {processor.py:161} INFO - Started process (PID=41962) to work on /opt/anaconda3/lib/python3.12/site-packages/airflow/example_dags/example_bash_decorator.py
[2025-04-13T13:26:49.486-0400] {processor.py:830} INFO - Processing file /opt/anaconda3/lib/python3.12/site-packages/airflow/example_dags/example_bash_decorator.py for tasks to queue
[2025-04-13T13:26:49.487-0400] {logging_mixin.py:188} INFO - [2025-04-13T13:26:49.486-0400] {dagbag.py:540} INFO - Filling up the DagBag from /opt/anaconda3/lib/python3.12/site-packages/airflow/example_dags/example_bash_decorator.py
[2025-04-13T13:26:49.503-0400] {processor.py:840} INFO - DAG(s) 'example_bash_decorator' retrieved from /opt/anaconda3/lib/python3.12/site-packages/airflow/example_dags/example_bash_decorator.py
[2025-04-13T13:26:49.566-0400] {logging_mixin.py:188} INFO - [2025-04-13T13:26:49.566-0400] {dag.py:3096} INFO - Sync 1 DAGs
[2025-04-13T13:26:49.569-0400] {logging_mixin.py:188} INFO - [2025-04-13T13:26:49.569-0400] {dag.py:3954} INFO - Setting next_dagrun for example_bash_decorator to None, run_after=None
[2025-04-13T13:26:49.576-0400] {processor.py:183} INFO - Processing /opt/anaconda3/lib/python3.12/site-packages/airflow/example_dags/example_bash_decorator.py took 0.091 seconds
[2025-04-13T13:29:00.952-0400] {processor.py:161} INFO - Started process (PID=42835) to work on /opt/anaconda3/lib/python3.12/site-packages/airflow/example_dags/example_bash_decorator.py
[2025-04-13T13:29:00.953-0400] {processor.py:830} INFO - Processing file /opt/anaconda3/lib/python3.12/site-packages/airflow/example_dags/example_bash_decorator.py for tasks to queue
[2025-04-13T13:29:00.953-0400] {logging_mixin.py:188} INFO - [2025-04-13T13:29:00.953-0400] {dagbag.py:540} INFO - Filling up the DagBag from /opt/anaconda3/lib/python3.12/site-packages/airflow/example_dags/example_bash_decorator.py
[2025-04-13T13:29:00.969-0400] {processor.py:840} INFO - DAG(s) 'example_bash_decorator' retrieved from /opt/anaconda3/lib/python3.12/site-packages/airflow/example_dags/example_bash_decorator.py
[2025-04-13T13:29:01.030-0400] {logging_mixin.py:188} INFO - [2025-04-13T13:29:01.030-0400] {dag.py:3096} INFO - Sync 1 DAGs
[2025-04-13T13:29:01.033-0400] {logging_mixin.py:188} INFO - [2025-04-13T13:29:01.033-0400] {dag.py:3954} INFO - Setting next_dagrun for example_bash_decorator to None, run_after=None
[2025-04-13T13:29:01.039-0400] {processor.py:183} INFO - Processing /opt/anaconda3/lib/python3.12/site-packages/airflow/example_dags/example_bash_decorator.py took 0.088 seconds
[2025-04-13T13:32:57.377-0400] {processor.py:161} INFO - Started process (PID=44377) to work on /opt/anaconda3/lib/python3.12/site-packages/airflow/example_dags/example_bash_decorator.py
[2025-04-13T13:32:57.378-0400] {processor.py:830} INFO - Processing file /opt/anaconda3/lib/python3.12/site-packages/airflow/example_dags/example_bash_decorator.py for tasks to queue
[2025-04-13T13:32:57.378-0400] {logging_mixin.py:188} INFO - [2025-04-13T13:32:57.378-0400] {dagbag.py:540} INFO - Filling up the DagBag from /opt/anaconda3/lib/python3.12/site-packages/airflow/example_dags/example_bash_decorator.py
[2025-04-13T13:32:57.395-0400] {processor.py:840} INFO - DAG(s) 'example_bash_decorator' retrieved from /opt/anaconda3/lib/python3.12/site-packages/airflow/example_dags/example_bash_decorator.py
[2025-04-13T13:32:57.458-0400] {logging_mixin.py:188} INFO - [2025-04-13T13:32:57.458-0400] {dag.py:3096} INFO - Sync 1 DAGs
[2025-04-13T13:32:57.461-0400] {logging_mixin.py:188} INFO - [2025-04-13T13:32:57.461-0400] {dag.py:3954} INFO - Setting next_dagrun for example_bash_decorator to None, run_after=None
[2025-04-13T13:32:57.467-0400] {processor.py:183} INFO - Processing /opt/anaconda3/lib/python3.12/site-packages/airflow/example_dags/example_bash_decorator.py took 0.091 seconds
[2025-04-13T13:37:06.065-0400] {processor.py:161} INFO - Started process (PID=45494) to work on /opt/anaconda3/lib/python3.12/site-packages/airflow/example_dags/example_bash_decorator.py
[2025-04-13T13:37:06.066-0400] {processor.py:830} INFO - Processing file /opt/anaconda3/lib/python3.12/site-packages/airflow/example_dags/example_bash_decorator.py for tasks to queue
[2025-04-13T13:37:06.066-0400] {logging_mixin.py:188} INFO - [2025-04-13T13:37:06.066-0400] {dagbag.py:540} INFO - Filling up the DagBag from /opt/anaconda3/lib/python3.12/site-packages/airflow/example_dags/example_bash_decorator.py
[2025-04-13T13:37:06.082-0400] {processor.py:840} INFO - DAG(s) 'example_bash_decorator' retrieved from /opt/anaconda3/lib/python3.12/site-packages/airflow/example_dags/example_bash_decorator.py
[2025-04-13T13:37:06.146-0400] {logging_mixin.py:188} INFO - [2025-04-13T13:37:06.145-0400] {dag.py:3096} INFO - Sync 1 DAGs
[2025-04-13T13:37:06.148-0400] {logging_mixin.py:188} INFO - [2025-04-13T13:37:06.148-0400] {dag.py:3954} INFO - Setting next_dagrun for example_bash_decorator to None, run_after=None
[2025-04-13T13:37:06.155-0400] {processor.py:183} INFO - Processing /opt/anaconda3/lib/python3.12/site-packages/airflow/example_dags/example_bash_decorator.py took 0.091 seconds
[2025-04-13T13:39:22.095-0400] {processor.py:161} INFO - Started process (PID=46380) to work on /opt/anaconda3/lib/python3.12/site-packages/airflow/example_dags/example_bash_decorator.py
[2025-04-13T13:39:22.096-0400] {processor.py:830} INFO - Processing file /opt/anaconda3/lib/python3.12/site-packages/airflow/example_dags/example_bash_decorator.py for tasks to queue
[2025-04-13T13:39:22.096-0400] {logging_mixin.py:188} INFO - [2025-04-13T13:39:22.096-0400] {dagbag.py:540} INFO - Filling up the DagBag from /opt/anaconda3/lib/python3.12/site-packages/airflow/example_dags/example_bash_decorator.py
[2025-04-13T13:39:22.112-0400] {processor.py:840} INFO - DAG(s) 'example_bash_decorator' retrieved from /opt/anaconda3/lib/python3.12/site-packages/airflow/example_dags/example_bash_decorator.py
[2025-04-13T13:39:22.174-0400] {logging_mixin.py:188} INFO - [2025-04-13T13:39:22.174-0400] {dag.py:3096} INFO - Sync 1 DAGs
[2025-04-13T13:39:22.177-0400] {logging_mixin.py:188} INFO - [2025-04-13T13:39:22.177-0400] {dag.py:3954} INFO - Setting next_dagrun for example_bash_decorator to None, run_after=None
[2025-04-13T13:39:22.184-0400] {processor.py:183} INFO - Processing /opt/anaconda3/lib/python3.12/site-packages/airflow/example_dags/example_bash_decorator.py took 0.090 seconds
[2025-04-13T13:41:34.394-0400] {processor.py:161} INFO - Started process (PID=47307) to work on /opt/anaconda3/lib/python3.12/site-packages/airflow/example_dags/example_bash_decorator.py
[2025-04-13T13:41:34.395-0400] {processor.py:830} INFO - Processing file /opt/anaconda3/lib/python3.12/site-packages/airflow/example_dags/example_bash_decorator.py for tasks to queue
[2025-04-13T13:41:34.395-0400] {logging_mixin.py:188} INFO - [2025-04-13T13:41:34.395-0400] {dagbag.py:540} INFO - Filling up the DagBag from /opt/anaconda3/lib/python3.12/site-packages/airflow/example_dags/example_bash_decorator.py
[2025-04-13T13:41:34.413-0400] {processor.py:840} INFO - DAG(s) 'example_bash_decorator' retrieved from /opt/anaconda3/lib/python3.12/site-packages/airflow/example_dags/example_bash_decorator.py
[2025-04-13T13:41:34.476-0400] {logging_mixin.py:188} INFO - [2025-04-13T13:41:34.476-0400] {dag.py:3096} INFO - Sync 1 DAGs
[2025-04-13T13:41:34.479-0400] {logging_mixin.py:188} INFO - [2025-04-13T13:41:34.479-0400] {dag.py:3954} INFO - Setting next_dagrun for example_bash_decorator to None, run_after=None
[2025-04-13T13:41:34.486-0400] {processor.py:183} INFO - Processing /opt/anaconda3/lib/python3.12/site-packages/airflow/example_dags/example_bash_decorator.py took 0.093 seconds
[2025-04-13T13:43:44.986-0400] {processor.py:161} INFO - Started process (PID=48180) to work on /opt/anaconda3/lib/python3.12/site-packages/airflow/example_dags/example_bash_decorator.py
[2025-04-13T13:43:44.986-0400] {processor.py:830} INFO - Processing file /opt/anaconda3/lib/python3.12/site-packages/airflow/example_dags/example_bash_decorator.py for tasks to queue
[2025-04-13T13:43:44.987-0400] {logging_mixin.py:188} INFO - [2025-04-13T13:43:44.987-0400] {dagbag.py:540} INFO - Filling up the DagBag from /opt/anaconda3/lib/python3.12/site-packages/airflow/example_dags/example_bash_decorator.py
[2025-04-13T13:43:45.003-0400] {processor.py:840} INFO - DAG(s) 'example_bash_decorator' retrieved from /opt/anaconda3/lib/python3.12/site-packages/airflow/example_dags/example_bash_decorator.py
[2025-04-13T13:43:45.067-0400] {logging_mixin.py:188} INFO - [2025-04-13T13:43:45.067-0400] {dag.py:3096} INFO - Sync 1 DAGs
[2025-04-13T13:43:45.070-0400] {logging_mixin.py:188} INFO - [2025-04-13T13:43:45.070-0400] {dag.py:3954} INFO - Setting next_dagrun for example_bash_decorator to None, run_after=None
[2025-04-13T13:43:45.077-0400] {processor.py:183} INFO - Processing /opt/anaconda3/lib/python3.12/site-packages/airflow/example_dags/example_bash_decorator.py took 0.092 seconds
[2025-04-13T13:46:00.236-0400] {processor.py:161} INFO - Started process (PID=49104) to work on /opt/anaconda3/lib/python3.12/site-packages/airflow/example_dags/example_bash_decorator.py
[2025-04-13T13:46:00.237-0400] {processor.py:830} INFO - Processing file /opt/anaconda3/lib/python3.12/site-packages/airflow/example_dags/example_bash_decorator.py for tasks to queue
[2025-04-13T13:46:00.237-0400] {logging_mixin.py:188} INFO - [2025-04-13T13:46:00.237-0400] {dagbag.py:540} INFO - Filling up the DagBag from /opt/anaconda3/lib/python3.12/site-packages/airflow/example_dags/example_bash_decorator.py
[2025-04-13T13:46:00.258-0400] {processor.py:840} INFO - DAG(s) 'example_bash_decorator' retrieved from /opt/anaconda3/lib/python3.12/site-packages/airflow/example_dags/example_bash_decorator.py
[2025-04-13T13:46:00.340-0400] {logging_mixin.py:188} INFO - [2025-04-13T13:46:00.340-0400] {dag.py:3096} INFO - Sync 1 DAGs
[2025-04-13T13:46:00.342-0400] {logging_mixin.py:188} INFO - [2025-04-13T13:46:00.342-0400] {dag.py:3954} INFO - Setting next_dagrun for example_bash_decorator to None, run_after=None
[2025-04-13T13:46:00.349-0400] {processor.py:183} INFO - Processing /opt/anaconda3/lib/python3.12/site-packages/airflow/example_dags/example_bash_decorator.py took 0.114 seconds
[2025-04-13T13:48:24.044-0400] {processor.py:161} INFO - Started process (PID=50041) to work on /opt/anaconda3/lib/python3.12/site-packages/airflow/example_dags/example_bash_decorator.py
[2025-04-13T13:48:24.045-0400] {processor.py:830} INFO - Processing file /opt/anaconda3/lib/python3.12/site-packages/airflow/example_dags/example_bash_decorator.py for tasks to queue
[2025-04-13T13:48:24.045-0400] {logging_mixin.py:188} INFO - [2025-04-13T13:48:24.045-0400] {dagbag.py:540} INFO - Filling up the DagBag from /opt/anaconda3/lib/python3.12/site-packages/airflow/example_dags/example_bash_decorator.py
[2025-04-13T13:48:24.063-0400] {processor.py:840} INFO - DAG(s) 'example_bash_decorator' retrieved from /opt/anaconda3/lib/python3.12/site-packages/airflow/example_dags/example_bash_decorator.py
[2025-04-13T13:48:24.128-0400] {logging_mixin.py:188} INFO - [2025-04-13T13:48:24.128-0400] {dag.py:3096} INFO - Sync 1 DAGs
[2025-04-13T13:48:24.131-0400] {logging_mixin.py:188} INFO - [2025-04-13T13:48:24.131-0400] {dag.py:3954} INFO - Setting next_dagrun for example_bash_decorator to None, run_after=None
[2025-04-13T13:48:24.138-0400] {processor.py:183} INFO - Processing /opt/anaconda3/lib/python3.12/site-packages/airflow/example_dags/example_bash_decorator.py took 0.095 seconds
[2025-04-13T13:50:43.497-0400] {processor.py:161} INFO - Started process (PID=50952) to work on /opt/anaconda3/lib/python3.12/site-packages/airflow/example_dags/example_bash_decorator.py
[2025-04-13T13:50:43.497-0400] {processor.py:830} INFO - Processing file /opt/anaconda3/lib/python3.12/site-packages/airflow/example_dags/example_bash_decorator.py for tasks to queue
[2025-04-13T13:50:43.497-0400] {logging_mixin.py:188} INFO - [2025-04-13T13:50:43.497-0400] {dagbag.py:540} INFO - Filling up the DagBag from /opt/anaconda3/lib/python3.12/site-packages/airflow/example_dags/example_bash_decorator.py
[2025-04-13T13:50:43.514-0400] {processor.py:840} INFO - DAG(s) 'example_bash_decorator' retrieved from /opt/anaconda3/lib/python3.12/site-packages/airflow/example_dags/example_bash_decorator.py
[2025-04-13T13:50:43.576-0400] {logging_mixin.py:188} INFO - [2025-04-13T13:50:43.576-0400] {dag.py:3096} INFO - Sync 1 DAGs
[2025-04-13T13:50:43.579-0400] {logging_mixin.py:188} INFO - [2025-04-13T13:50:43.579-0400] {dag.py:3954} INFO - Setting next_dagrun for example_bash_decorator to None, run_after=None
[2025-04-13T13:50:43.585-0400] {processor.py:183} INFO - Processing /opt/anaconda3/lib/python3.12/site-packages/airflow/example_dags/example_bash_decorator.py took 0.089 seconds
[2025-04-13T13:53:01.897-0400] {processor.py:161} INFO - Started process (PID=51913) to work on /opt/anaconda3/lib/python3.12/site-packages/airflow/example_dags/example_bash_decorator.py
[2025-04-13T13:53:01.898-0400] {processor.py:830} INFO - Processing file /opt/anaconda3/lib/python3.12/site-packages/airflow/example_dags/example_bash_decorator.py for tasks to queue
[2025-04-13T13:53:01.898-0400] {logging_mixin.py:188} INFO - [2025-04-13T13:53:01.898-0400] {dagbag.py:540} INFO - Filling up the DagBag from /opt/anaconda3/lib/python3.12/site-packages/airflow/example_dags/example_bash_decorator.py
[2025-04-13T13:53:01.915-0400] {processor.py:840} INFO - DAG(s) 'example_bash_decorator' retrieved from /opt/anaconda3/lib/python3.12/site-packages/airflow/example_dags/example_bash_decorator.py
[2025-04-13T13:53:01.978-0400] {logging_mixin.py:188} INFO - [2025-04-13T13:53:01.978-0400] {dag.py:3096} INFO - Sync 1 DAGs
[2025-04-13T13:53:01.981-0400] {logging_mixin.py:188} INFO - [2025-04-13T13:53:01.981-0400] {dag.py:3954} INFO - Setting next_dagrun for example_bash_decorator to None, run_after=None
[2025-04-13T13:53:01.988-0400] {processor.py:183} INFO - Processing /opt/anaconda3/lib/python3.12/site-packages/airflow/example_dags/example_bash_decorator.py took 0.092 seconds
[2025-04-13T13:55:19.094-0400] {processor.py:161} INFO - Started process (PID=52809) to work on /opt/anaconda3/lib/python3.12/site-packages/airflow/example_dags/example_bash_decorator.py
[2025-04-13T13:55:19.095-0400] {processor.py:830} INFO - Processing file /opt/anaconda3/lib/python3.12/site-packages/airflow/example_dags/example_bash_decorator.py for tasks to queue
[2025-04-13T13:55:19.095-0400] {logging_mixin.py:188} INFO - [2025-04-13T13:55:19.095-0400] {dagbag.py:540} INFO - Filling up the DagBag from /opt/anaconda3/lib/python3.12/site-packages/airflow/example_dags/example_bash_decorator.py
[2025-04-13T13:55:19.112-0400] {processor.py:840} INFO - DAG(s) 'example_bash_decorator' retrieved from /opt/anaconda3/lib/python3.12/site-packages/airflow/example_dags/example_bash_decorator.py
[2025-04-13T13:55:19.174-0400] {logging_mixin.py:188} INFO - [2025-04-13T13:55:19.174-0400] {dag.py:3096} INFO - Sync 1 DAGs
[2025-04-13T13:55:19.177-0400] {logging_mixin.py:188} INFO - [2025-04-13T13:55:19.177-0400] {dag.py:3954} INFO - Setting next_dagrun for example_bash_decorator to None, run_after=None
[2025-04-13T13:55:19.183-0400] {processor.py:183} INFO - Processing /opt/anaconda3/lib/python3.12/site-packages/airflow/example_dags/example_bash_decorator.py took 0.089 seconds
[2025-04-13T13:57:36.923-0400] {processor.py:161} INFO - Started process (PID=53768) to work on /opt/anaconda3/lib/python3.12/site-packages/airflow/example_dags/example_bash_decorator.py
[2025-04-13T13:57:36.923-0400] {processor.py:830} INFO - Processing file /opt/anaconda3/lib/python3.12/site-packages/airflow/example_dags/example_bash_decorator.py for tasks to queue
[2025-04-13T13:57:36.924-0400] {logging_mixin.py:188} INFO - [2025-04-13T13:57:36.924-0400] {dagbag.py:540} INFO - Filling up the DagBag from /opt/anaconda3/lib/python3.12/site-packages/airflow/example_dags/example_bash_decorator.py
[2025-04-13T13:57:36.941-0400] {processor.py:840} INFO - DAG(s) 'example_bash_decorator' retrieved from /opt/anaconda3/lib/python3.12/site-packages/airflow/example_dags/example_bash_decorator.py
[2025-04-13T13:57:37.003-0400] {logging_mixin.py:188} INFO - [2025-04-13T13:57:37.003-0400] {dag.py:3096} INFO - Sync 1 DAGs
[2025-04-13T13:57:37.006-0400] {logging_mixin.py:188} INFO - [2025-04-13T13:57:37.006-0400] {dag.py:3954} INFO - Setting next_dagrun for example_bash_decorator to None, run_after=None
[2025-04-13T13:57:37.013-0400] {processor.py:183} INFO - Processing /opt/anaconda3/lib/python3.12/site-packages/airflow/example_dags/example_bash_decorator.py took 0.091 seconds
[2025-04-13T13:59:49.337-0400] {processor.py:161} INFO - Started process (PID=54708) to work on /opt/anaconda3/lib/python3.12/site-packages/airflow/example_dags/example_bash_decorator.py
[2025-04-13T13:59:49.338-0400] {processor.py:830} INFO - Processing file /opt/anaconda3/lib/python3.12/site-packages/airflow/example_dags/example_bash_decorator.py for tasks to queue
[2025-04-13T13:59:49.338-0400] {logging_mixin.py:188} INFO - [2025-04-13T13:59:49.338-0400] {dagbag.py:540} INFO - Filling up the DagBag from /opt/anaconda3/lib/python3.12/site-packages/airflow/example_dags/example_bash_decorator.py
[2025-04-13T13:59:49.356-0400] {processor.py:840} INFO - DAG(s) 'example_bash_decorator' retrieved from /opt/anaconda3/lib/python3.12/site-packages/airflow/example_dags/example_bash_decorator.py
[2025-04-13T13:59:49.420-0400] {logging_mixin.py:188} INFO - [2025-04-13T13:59:49.420-0400] {dag.py:3096} INFO - Sync 1 DAGs
[2025-04-13T13:59:49.423-0400] {logging_mixin.py:188} INFO - [2025-04-13T13:59:49.422-0400] {dag.py:3954} INFO - Setting next_dagrun for example_bash_decorator to None, run_after=None
[2025-04-13T13:59:49.430-0400] {processor.py:183} INFO - Processing /opt/anaconda3/lib/python3.12/site-packages/airflow/example_dags/example_bash_decorator.py took 0.093 seconds
[2025-04-13T14:02:08.905-0400] {processor.py:161} INFO - Started process (PID=55643) to work on /opt/anaconda3/lib/python3.12/site-packages/airflow/example_dags/example_bash_decorator.py
[2025-04-13T14:02:08.906-0400] {processor.py:830} INFO - Processing file /opt/anaconda3/lib/python3.12/site-packages/airflow/example_dags/example_bash_decorator.py for tasks to queue
[2025-04-13T14:02:08.906-0400] {logging_mixin.py:188} INFO - [2025-04-13T14:02:08.906-0400] {dagbag.py:540} INFO - Filling up the DagBag from /opt/anaconda3/lib/python3.12/site-packages/airflow/example_dags/example_bash_decorator.py
[2025-04-13T14:02:08.922-0400] {processor.py:840} INFO - DAG(s) 'example_bash_decorator' retrieved from /opt/anaconda3/lib/python3.12/site-packages/airflow/example_dags/example_bash_decorator.py
[2025-04-13T14:02:08.984-0400] {logging_mixin.py:188} INFO - [2025-04-13T14:02:08.983-0400] {dag.py:3096} INFO - Sync 1 DAGs
[2025-04-13T14:02:08.986-0400] {logging_mixin.py:188} INFO - [2025-04-13T14:02:08.986-0400] {dag.py:3954} INFO - Setting next_dagrun for example_bash_decorator to None, run_after=None
[2025-04-13T14:02:08.992-0400] {processor.py:183} INFO - Processing /opt/anaconda3/lib/python3.12/site-packages/airflow/example_dags/example_bash_decorator.py took 0.088 seconds
