[2025-04-13T13:08:50.438-0400] {processor.py:161} INFO - Started process (PID=34811) to work on /opt/anaconda3/lib/python3.12/site-packages/airflow/example_dags/example_branch_operator.py
[2025-04-13T13:08:50.438-0400] {processor.py:830} INFO - Processing file /opt/anaconda3/lib/python3.12/site-packages/airflow/example_dags/example_branch_operator.py for tasks to queue
[2025-04-13T13:08:50.439-0400] {logging_mixin.py:188} INFO - [2025-04-13T13:08:50.438-0400] {dagbag.py:540} INFO - Filling up the DagBag from /opt/anaconda3/lib/python3.12/site-packages/airflow/example_dags/example_branch_operator.py
[2025-04-13T13:08:50.452-0400] {processor.py:840} INFO - DAG(s) 'example_branch_operator' retrieved from /opt/anaconda3/lib/python3.12/site-packages/airflow/example_dags/example_branch_operator.py
[2025-04-13T13:08:50.517-0400] {logging_mixin.py:188} INFO - [2025-04-13T13:08:50.517-0400] {override.py:1930} INFO - Created Permission View: can edit on DAG:example_branch_operator
[2025-04-13T13:08:50.519-0400] {logging_mixin.py:188} INFO - [2025-04-13T13:08:50.519-0400] {override.py:1930} INFO - Created Permission View: can read on DAG:example_branch_operator
[2025-04-13T13:08:50.521-0400] {logging_mixin.py:188} INFO - [2025-04-13T13:08:50.521-0400] {override.py:1930} INFO - Created Permission View: can delete on DAG:example_branch_operator
[2025-04-13T13:08:50.521-0400] {logging_mixin.py:188} INFO - [2025-04-13T13:08:50.521-0400] {dag.py:3096} INFO - Sync 1 DAGs
[2025-04-13T13:08:50.524-0400] {logging_mixin.py:188} INFO - [2025-04-13T13:08:50.524-0400] {dag.py:3118} INFO - Creating ORM DAG for example_branch_operator
[2025-04-13T13:08:50.526-0400] {logging_mixin.py:188} INFO - [2025-04-13T13:08:50.526-0400] {dag.py:3954} INFO - Setting next_dagrun for example_branch_operator to 2025-04-12 00:00:00+00:00, run_after=2025-04-13 00:00:00+00:00
[2025-04-13T13:08:50.531-0400] {processor.py:183} INFO - Processing /opt/anaconda3/lib/python3.12/site-packages/airflow/example_dags/example_branch_operator.py took 0.094 seconds
[2025-04-13T13:16:22.681-0400] {processor.py:161} INFO - Started process (PID=37664) to work on /opt/anaconda3/lib/python3.12/site-packages/airflow/example_dags/example_branch_operator.py
[2025-04-13T13:16:22.682-0400] {processor.py:830} INFO - Processing file /opt/anaconda3/lib/python3.12/site-packages/airflow/example_dags/example_branch_operator.py for tasks to queue
[2025-04-13T13:16:22.682-0400] {logging_mixin.py:188} INFO - [2025-04-13T13:16:22.682-0400] {dagbag.py:540} INFO - Filling up the DagBag from /opt/anaconda3/lib/python3.12/site-packages/airflow/example_dags/example_branch_operator.py
[2025-04-13T13:16:22.696-0400] {processor.py:840} INFO - DAG(s) 'example_branch_operator' retrieved from /opt/anaconda3/lib/python3.12/site-packages/airflow/example_dags/example_branch_operator.py
[2025-04-13T13:16:22.762-0400] {logging_mixin.py:188} INFO - [2025-04-13T13:16:22.762-0400] {dag.py:3096} INFO - Sync 1 DAGs
[2025-04-13T13:16:22.767-0400] {logging_mixin.py:188} INFO - [2025-04-13T13:16:22.767-0400] {dag.py:3954} INFO - Setting next_dagrun for example_branch_operator to 2025-04-12 00:00:00+00:00, run_after=2025-04-13 00:00:00+00:00
[2025-04-13T13:16:22.774-0400] {processor.py:183} INFO - Processing /opt/anaconda3/lib/python3.12/site-packages/airflow/example_dags/example_branch_operator.py took 0.094 seconds
[2025-04-13T13:20:03.672-0400] {processor.py:161} INFO - Started process (PID=39178) to work on /opt/anaconda3/lib/python3.12/site-packages/airflow/example_dags/example_branch_operator.py
[2025-04-13T13:20:03.673-0400] {processor.py:830} INFO - Processing file /opt/anaconda3/lib/python3.12/site-packages/airflow/example_dags/example_branch_operator.py for tasks to queue
[2025-04-13T13:20:03.673-0400] {logging_mixin.py:188} INFO - [2025-04-13T13:20:03.673-0400] {dagbag.py:540} INFO - Filling up the DagBag from /opt/anaconda3/lib/python3.12/site-packages/airflow/example_dags/example_branch_operator.py
[2025-04-13T13:20:03.686-0400] {processor.py:840} INFO - DAG(s) 'example_branch_operator' retrieved from /opt/anaconda3/lib/python3.12/site-packages/airflow/example_dags/example_branch_operator.py
[2025-04-13T13:20:03.752-0400] {logging_mixin.py:188} INFO - [2025-04-13T13:20:03.752-0400] {dag.py:3096} INFO - Sync 1 DAGs
[2025-04-13T13:20:03.757-0400] {logging_mixin.py:188} INFO - [2025-04-13T13:20:03.757-0400] {dag.py:3954} INFO - Setting next_dagrun for example_branch_operator to 2025-04-12 00:00:00+00:00, run_after=2025-04-13 00:00:00+00:00
[2025-04-13T13:20:03.763-0400] {processor.py:183} INFO - Processing /opt/anaconda3/lib/python3.12/site-packages/airflow/example_dags/example_branch_operator.py took 0.092 seconds
[2025-04-13T13:24:32.841-0400] {processor.py:161} INFO - Started process (PID=41038) to work on /opt/anaconda3/lib/python3.12/site-packages/airflow/example_dags/example_branch_operator.py
[2025-04-13T13:24:32.842-0400] {processor.py:830} INFO - Processing file /opt/anaconda3/lib/python3.12/site-packages/airflow/example_dags/example_branch_operator.py for tasks to queue
[2025-04-13T13:24:32.842-0400] {logging_mixin.py:188} INFO - [2025-04-13T13:24:32.842-0400] {dagbag.py:540} INFO - Filling up the DagBag from /opt/anaconda3/lib/python3.12/site-packages/airflow/example_dags/example_branch_operator.py
[2025-04-13T13:24:32.855-0400] {processor.py:840} INFO - DAG(s) 'example_branch_operator' retrieved from /opt/anaconda3/lib/python3.12/site-packages/airflow/example_dags/example_branch_operator.py
[2025-04-13T13:24:32.922-0400] {logging_mixin.py:188} INFO - [2025-04-13T13:24:32.922-0400] {dag.py:3096} INFO - Sync 1 DAGs
[2025-04-13T13:24:32.928-0400] {logging_mixin.py:188} INFO - [2025-04-13T13:24:32.928-0400] {dag.py:3954} INFO - Setting next_dagrun for example_branch_operator to 2025-04-12 00:00:00+00:00, run_after=2025-04-13 00:00:00+00:00
[2025-04-13T13:24:32.936-0400] {processor.py:183} INFO - Processing /opt/anaconda3/lib/python3.12/site-packages/airflow/example_dags/example_branch_operator.py took 0.096 seconds
[2025-04-13T13:26:40.615-0400] {processor.py:161} INFO - Started process (PID=41905) to work on /opt/anaconda3/lib/python3.12/site-packages/airflow/example_dags/example_branch_operator.py
[2025-04-13T13:26:40.615-0400] {processor.py:830} INFO - Processing file /opt/anaconda3/lib/python3.12/site-packages/airflow/example_dags/example_branch_operator.py for tasks to queue
[2025-04-13T13:26:40.616-0400] {logging_mixin.py:188} INFO - [2025-04-13T13:26:40.616-0400] {dagbag.py:540} INFO - Filling up the DagBag from /opt/anaconda3/lib/python3.12/site-packages/airflow/example_dags/example_branch_operator.py
[2025-04-13T13:26:40.629-0400] {processor.py:840} INFO - DAG(s) 'example_branch_operator' retrieved from /opt/anaconda3/lib/python3.12/site-packages/airflow/example_dags/example_branch_operator.py
[2025-04-13T13:26:40.696-0400] {logging_mixin.py:188} INFO - [2025-04-13T13:26:40.696-0400] {dag.py:3096} INFO - Sync 1 DAGs
[2025-04-13T13:26:40.701-0400] {logging_mixin.py:188} INFO - [2025-04-13T13:26:40.701-0400] {dag.py:3954} INFO - Setting next_dagrun for example_branch_operator to 2025-04-12 00:00:00+00:00, run_after=2025-04-13 00:00:00+00:00
[2025-04-13T13:26:40.708-0400] {processor.py:183} INFO - Processing /opt/anaconda3/lib/python3.12/site-packages/airflow/example_dags/example_branch_operator.py took 0.094 seconds
[2025-04-13T13:28:53.179-0400] {processor.py:161} INFO - Started process (PID=42779) to work on /opt/anaconda3/lib/python3.12/site-packages/airflow/example_dags/example_branch_operator.py
[2025-04-13T13:28:53.180-0400] {processor.py:830} INFO - Processing file /opt/anaconda3/lib/python3.12/site-packages/airflow/example_dags/example_branch_operator.py for tasks to queue
[2025-04-13T13:28:53.181-0400] {logging_mixin.py:188} INFO - [2025-04-13T13:28:53.181-0400] {dagbag.py:540} INFO - Filling up the DagBag from /opt/anaconda3/lib/python3.12/site-packages/airflow/example_dags/example_branch_operator.py
[2025-04-13T13:28:53.193-0400] {processor.py:840} INFO - DAG(s) 'example_branch_operator' retrieved from /opt/anaconda3/lib/python3.12/site-packages/airflow/example_dags/example_branch_operator.py
[2025-04-13T13:28:53.257-0400] {logging_mixin.py:188} INFO - [2025-04-13T13:28:53.257-0400] {dag.py:3096} INFO - Sync 1 DAGs
[2025-04-13T13:28:53.262-0400] {logging_mixin.py:188} INFO - [2025-04-13T13:28:53.262-0400] {dag.py:3954} INFO - Setting next_dagrun for example_branch_operator to 2025-04-12 00:00:00+00:00, run_after=2025-04-13 00:00:00+00:00
[2025-04-13T13:28:53.269-0400] {processor.py:183} INFO - Processing /opt/anaconda3/lib/python3.12/site-packages/airflow/example_dags/example_branch_operator.py took 0.090 seconds
[2025-04-13T13:32:48.326-0400] {processor.py:161} INFO - Started process (PID=44321) to work on /opt/anaconda3/lib/python3.12/site-packages/airflow/example_dags/example_branch_operator.py
[2025-04-13T13:32:48.327-0400] {processor.py:830} INFO - Processing file /opt/anaconda3/lib/python3.12/site-packages/airflow/example_dags/example_branch_operator.py for tasks to queue
[2025-04-13T13:32:48.327-0400] {logging_mixin.py:188} INFO - [2025-04-13T13:32:48.327-0400] {dagbag.py:540} INFO - Filling up the DagBag from /opt/anaconda3/lib/python3.12/site-packages/airflow/example_dags/example_branch_operator.py
[2025-04-13T13:32:48.341-0400] {processor.py:840} INFO - DAG(s) 'example_branch_operator' retrieved from /opt/anaconda3/lib/python3.12/site-packages/airflow/example_dags/example_branch_operator.py
[2025-04-13T13:32:48.406-0400] {logging_mixin.py:188} INFO - [2025-04-13T13:32:48.406-0400] {dag.py:3096} INFO - Sync 1 DAGs
[2025-04-13T13:32:48.411-0400] {logging_mixin.py:188} INFO - [2025-04-13T13:32:48.411-0400] {dag.py:3954} INFO - Setting next_dagrun for example_branch_operator to 2025-04-12 00:00:00+00:00, run_after=2025-04-13 00:00:00+00:00
[2025-04-13T13:32:48.417-0400] {processor.py:183} INFO - Processing /opt/anaconda3/lib/python3.12/site-packages/airflow/example_dags/example_branch_operator.py took 0.092 seconds
[2025-04-13T13:36:55.819-0400] {processor.py:161} INFO - Started process (PID=45423) to work on /opt/anaconda3/lib/python3.12/site-packages/airflow/example_dags/example_branch_operator.py
[2025-04-13T13:36:55.820-0400] {processor.py:830} INFO - Processing file /opt/anaconda3/lib/python3.12/site-packages/airflow/example_dags/example_branch_operator.py for tasks to queue
[2025-04-13T13:36:55.820-0400] {logging_mixin.py:188} INFO - [2025-04-13T13:36:55.820-0400] {dagbag.py:540} INFO - Filling up the DagBag from /opt/anaconda3/lib/python3.12/site-packages/airflow/example_dags/example_branch_operator.py
[2025-04-13T13:36:55.833-0400] {processor.py:840} INFO - DAG(s) 'example_branch_operator' retrieved from /opt/anaconda3/lib/python3.12/site-packages/airflow/example_dags/example_branch_operator.py
[2025-04-13T13:36:55.898-0400] {logging_mixin.py:188} INFO - [2025-04-13T13:36:55.898-0400] {dag.py:3096} INFO - Sync 1 DAGs
[2025-04-13T13:36:55.903-0400] {logging_mixin.py:188} INFO - [2025-04-13T13:36:55.903-0400] {dag.py:3954} INFO - Setting next_dagrun for example_branch_operator to 2025-04-12 00:00:00+00:00, run_after=2025-04-13 00:00:00+00:00
[2025-04-13T13:36:55.909-0400] {processor.py:183} INFO - Processing /opt/anaconda3/lib/python3.12/site-packages/airflow/example_dags/example_branch_operator.py took 0.091 seconds
[2025-04-13T13:39:12.764-0400] {processor.py:161} INFO - Started process (PID=46324) to work on /opt/anaconda3/lib/python3.12/site-packages/airflow/example_dags/example_branch_operator.py
[2025-04-13T13:39:12.765-0400] {processor.py:830} INFO - Processing file /opt/anaconda3/lib/python3.12/site-packages/airflow/example_dags/example_branch_operator.py for tasks to queue
[2025-04-13T13:39:12.765-0400] {logging_mixin.py:188} INFO - [2025-04-13T13:39:12.765-0400] {dagbag.py:540} INFO - Filling up the DagBag from /opt/anaconda3/lib/python3.12/site-packages/airflow/example_dags/example_branch_operator.py
[2025-04-13T13:39:12.778-0400] {processor.py:840} INFO - DAG(s) 'example_branch_operator' retrieved from /opt/anaconda3/lib/python3.12/site-packages/airflow/example_dags/example_branch_operator.py
[2025-04-13T13:39:12.842-0400] {logging_mixin.py:188} INFO - [2025-04-13T13:39:12.842-0400] {dag.py:3096} INFO - Sync 1 DAGs
[2025-04-13T13:39:12.847-0400] {logging_mixin.py:188} INFO - [2025-04-13T13:39:12.847-0400] {dag.py:3954} INFO - Setting next_dagrun for example_branch_operator to 2025-04-12 00:00:00+00:00, run_after=2025-04-13 00:00:00+00:00
[2025-04-13T13:39:12.853-0400] {processor.py:183} INFO - Processing /opt/anaconda3/lib/python3.12/site-packages/airflow/example_dags/example_branch_operator.py took 0.090 seconds
[2025-04-13T13:41:24.410-0400] {processor.py:161} INFO - Started process (PID=47236) to work on /opt/anaconda3/lib/python3.12/site-packages/airflow/example_dags/example_branch_operator.py
[2025-04-13T13:41:24.410-0400] {processor.py:830} INFO - Processing file /opt/anaconda3/lib/python3.12/site-packages/airflow/example_dags/example_branch_operator.py for tasks to queue
[2025-04-13T13:41:24.410-0400] {logging_mixin.py:188} INFO - [2025-04-13T13:41:24.410-0400] {dagbag.py:540} INFO - Filling up the DagBag from /opt/anaconda3/lib/python3.12/site-packages/airflow/example_dags/example_branch_operator.py
[2025-04-13T13:41:24.423-0400] {processor.py:840} INFO - DAG(s) 'example_branch_operator' retrieved from /opt/anaconda3/lib/python3.12/site-packages/airflow/example_dags/example_branch_operator.py
[2025-04-13T13:41:24.486-0400] {logging_mixin.py:188} INFO - [2025-04-13T13:41:24.486-0400] {dag.py:3096} INFO - Sync 1 DAGs
[2025-04-13T13:41:24.491-0400] {logging_mixin.py:188} INFO - [2025-04-13T13:41:24.491-0400] {dag.py:3954} INFO - Setting next_dagrun for example_branch_operator to 2025-04-12 00:00:00+00:00, run_after=2025-04-13 00:00:00+00:00
[2025-04-13T13:41:24.497-0400] {processor.py:183} INFO - Processing /opt/anaconda3/lib/python3.12/site-packages/airflow/example_dags/example_branch_operator.py took 0.089 seconds
[2025-04-13T13:43:36.182-0400] {processor.py:161} INFO - Started process (PID=48124) to work on /opt/anaconda3/lib/python3.12/site-packages/airflow/example_dags/example_branch_operator.py
[2025-04-13T13:43:36.183-0400] {processor.py:830} INFO - Processing file /opt/anaconda3/lib/python3.12/site-packages/airflow/example_dags/example_branch_operator.py for tasks to queue
[2025-04-13T13:43:36.183-0400] {logging_mixin.py:188} INFO - [2025-04-13T13:43:36.183-0400] {dagbag.py:540} INFO - Filling up the DagBag from /opt/anaconda3/lib/python3.12/site-packages/airflow/example_dags/example_branch_operator.py
[2025-04-13T13:43:36.196-0400] {processor.py:840} INFO - DAG(s) 'example_branch_operator' retrieved from /opt/anaconda3/lib/python3.12/site-packages/airflow/example_dags/example_branch_operator.py
[2025-04-13T13:43:36.261-0400] {logging_mixin.py:188} INFO - [2025-04-13T13:43:36.261-0400] {dag.py:3096} INFO - Sync 1 DAGs
[2025-04-13T13:43:36.266-0400] {logging_mixin.py:188} INFO - [2025-04-13T13:43:36.266-0400] {dag.py:3954} INFO - Setting next_dagrun for example_branch_operator to 2025-04-12 00:00:00+00:00, run_after=2025-04-13 00:00:00+00:00
[2025-04-13T13:43:36.272-0400] {processor.py:183} INFO - Processing /opt/anaconda3/lib/python3.12/site-packages/airflow/example_dags/example_branch_operator.py took 0.091 seconds
[2025-04-13T13:45:50.051-0400] {processor.py:161} INFO - Started process (PID=49031) to work on /opt/anaconda3/lib/python3.12/site-packages/airflow/example_dags/example_branch_operator.py
[2025-04-13T13:45:50.051-0400] {processor.py:830} INFO - Processing file /opt/anaconda3/lib/python3.12/site-packages/airflow/example_dags/example_branch_operator.py for tasks to queue
[2025-04-13T13:45:50.052-0400] {logging_mixin.py:188} INFO - [2025-04-13T13:45:50.052-0400] {dagbag.py:540} INFO - Filling up the DagBag from /opt/anaconda3/lib/python3.12/site-packages/airflow/example_dags/example_branch_operator.py
[2025-04-13T13:45:50.066-0400] {processor.py:840} INFO - DAG(s) 'example_branch_operator' retrieved from /opt/anaconda3/lib/python3.12/site-packages/airflow/example_dags/example_branch_operator.py
[2025-04-13T13:45:50.133-0400] {logging_mixin.py:188} INFO - [2025-04-13T13:45:50.132-0400] {dag.py:3096} INFO - Sync 1 DAGs
[2025-04-13T13:45:50.138-0400] {logging_mixin.py:188} INFO - [2025-04-13T13:45:50.138-0400] {dag.py:3954} INFO - Setting next_dagrun for example_branch_operator to 2025-04-12 00:00:00+00:00, run_after=2025-04-13 00:00:00+00:00
[2025-04-13T13:45:50.144-0400] {processor.py:183} INFO - Processing /opt/anaconda3/lib/python3.12/site-packages/airflow/example_dags/example_branch_operator.py took 0.094 seconds
[2025-04-13T13:48:16.250-0400] {processor.py:161} INFO - Started process (PID=49997) to work on /opt/anaconda3/lib/python3.12/site-packages/airflow/example_dags/example_branch_operator.py
[2025-04-13T13:48:16.251-0400] {processor.py:830} INFO - Processing file /opt/anaconda3/lib/python3.12/site-packages/airflow/example_dags/example_branch_operator.py for tasks to queue
[2025-04-13T13:48:16.251-0400] {logging_mixin.py:188} INFO - [2025-04-13T13:48:16.251-0400] {dagbag.py:540} INFO - Filling up the DagBag from /opt/anaconda3/lib/python3.12/site-packages/airflow/example_dags/example_branch_operator.py
[2025-04-13T13:48:16.265-0400] {processor.py:840} INFO - DAG(s) 'example_branch_operator' retrieved from /opt/anaconda3/lib/python3.12/site-packages/airflow/example_dags/example_branch_operator.py
[2025-04-13T13:48:16.332-0400] {logging_mixin.py:188} INFO - [2025-04-13T13:48:16.332-0400] {dag.py:3096} INFO - Sync 1 DAGs
[2025-04-13T13:48:16.337-0400] {logging_mixin.py:188} INFO - [2025-04-13T13:48:16.337-0400] {dag.py:3954} INFO - Setting next_dagrun for example_branch_operator to 2025-04-12 00:00:00+00:00, run_after=2025-04-13 00:00:00+00:00
[2025-04-13T13:48:16.343-0400] {processor.py:183} INFO - Processing /opt/anaconda3/lib/python3.12/site-packages/airflow/example_dags/example_branch_operator.py took 0.094 seconds
[2025-04-13T13:50:34.592-0400] {processor.py:161} INFO - Started process (PID=50893) to work on /opt/anaconda3/lib/python3.12/site-packages/airflow/example_dags/example_branch_operator.py
[2025-04-13T13:50:34.593-0400] {processor.py:830} INFO - Processing file /opt/anaconda3/lib/python3.12/site-packages/airflow/example_dags/example_branch_operator.py for tasks to queue
[2025-04-13T13:50:34.593-0400] {logging_mixin.py:188} INFO - [2025-04-13T13:50:34.593-0400] {dagbag.py:540} INFO - Filling up the DagBag from /opt/anaconda3/lib/python3.12/site-packages/airflow/example_dags/example_branch_operator.py
[2025-04-13T13:50:34.606-0400] {processor.py:840} INFO - DAG(s) 'example_branch_operator' retrieved from /opt/anaconda3/lib/python3.12/site-packages/airflow/example_dags/example_branch_operator.py
[2025-04-13T13:50:34.671-0400] {logging_mixin.py:188} INFO - [2025-04-13T13:50:34.671-0400] {dag.py:3096} INFO - Sync 1 DAGs
[2025-04-13T13:50:34.676-0400] {logging_mixin.py:188} INFO - [2025-04-13T13:50:34.676-0400] {dag.py:3954} INFO - Setting next_dagrun for example_branch_operator to 2025-04-12 00:00:00+00:00, run_after=2025-04-13 00:00:00+00:00
[2025-04-13T13:50:34.683-0400] {processor.py:183} INFO - Processing /opt/anaconda3/lib/python3.12/site-packages/airflow/example_dags/example_branch_operator.py took 0.092 seconds
[2025-04-13T13:52:51.782-0400] {processor.py:161} INFO - Started process (PID=51839) to work on /opt/anaconda3/lib/python3.12/site-packages/airflow/example_dags/example_branch_operator.py
[2025-04-13T13:52:51.783-0400] {processor.py:830} INFO - Processing file /opt/anaconda3/lib/python3.12/site-packages/airflow/example_dags/example_branch_operator.py for tasks to queue
[2025-04-13T13:52:51.783-0400] {logging_mixin.py:188} INFO - [2025-04-13T13:52:51.783-0400] {dagbag.py:540} INFO - Filling up the DagBag from /opt/anaconda3/lib/python3.12/site-packages/airflow/example_dags/example_branch_operator.py
[2025-04-13T13:52:51.796-0400] {processor.py:840} INFO - DAG(s) 'example_branch_operator' retrieved from /opt/anaconda3/lib/python3.12/site-packages/airflow/example_dags/example_branch_operator.py
[2025-04-13T13:52:51.862-0400] {logging_mixin.py:188} INFO - [2025-04-13T13:52:51.862-0400] {dag.py:3096} INFO - Sync 1 DAGs
[2025-04-13T13:52:51.867-0400] {logging_mixin.py:188} INFO - [2025-04-13T13:52:51.867-0400] {dag.py:3954} INFO - Setting next_dagrun for example_branch_operator to 2025-04-12 00:00:00+00:00, run_after=2025-04-13 00:00:00+00:00
[2025-04-13T13:52:51.874-0400] {processor.py:183} INFO - Processing /opt/anaconda3/lib/python3.12/site-packages/airflow/example_dags/example_branch_operator.py took 0.093 seconds
[2025-04-13T13:55:09.659-0400] {processor.py:161} INFO - Started process (PID=52752) to work on /opt/anaconda3/lib/python3.12/site-packages/airflow/example_dags/example_branch_operator.py
[2025-04-13T13:55:09.660-0400] {processor.py:830} INFO - Processing file /opt/anaconda3/lib/python3.12/site-packages/airflow/example_dags/example_branch_operator.py for tasks to queue
[2025-04-13T13:55:09.660-0400] {logging_mixin.py:188} INFO - [2025-04-13T13:55:09.660-0400] {dagbag.py:540} INFO - Filling up the DagBag from /opt/anaconda3/lib/python3.12/site-packages/airflow/example_dags/example_branch_operator.py
[2025-04-13T13:55:09.673-0400] {processor.py:840} INFO - DAG(s) 'example_branch_operator' retrieved from /opt/anaconda3/lib/python3.12/site-packages/airflow/example_dags/example_branch_operator.py
[2025-04-13T13:55:09.739-0400] {logging_mixin.py:188} INFO - [2025-04-13T13:55:09.739-0400] {dag.py:3096} INFO - Sync 1 DAGs
[2025-04-13T13:55:09.744-0400] {logging_mixin.py:188} INFO - [2025-04-13T13:55:09.744-0400] {dag.py:3954} INFO - Setting next_dagrun for example_branch_operator to 2025-04-12 00:00:00+00:00, run_after=2025-04-13 00:00:00+00:00
[2025-04-13T13:55:09.751-0400] {processor.py:183} INFO - Processing /opt/anaconda3/lib/python3.12/site-packages/airflow/example_dags/example_branch_operator.py took 0.093 seconds
[2025-04-13T13:57:28.823-0400] {processor.py:161} INFO - Started process (PID=53711) to work on /opt/anaconda3/lib/python3.12/site-packages/airflow/example_dags/example_branch_operator.py
[2025-04-13T13:57:28.824-0400] {processor.py:830} INFO - Processing file /opt/anaconda3/lib/python3.12/site-packages/airflow/example_dags/example_branch_operator.py for tasks to queue
[2025-04-13T13:57:28.824-0400] {logging_mixin.py:188} INFO - [2025-04-13T13:57:28.824-0400] {dagbag.py:540} INFO - Filling up the DagBag from /opt/anaconda3/lib/python3.12/site-packages/airflow/example_dags/example_branch_operator.py
[2025-04-13T13:57:28.837-0400] {processor.py:840} INFO - DAG(s) 'example_branch_operator' retrieved from /opt/anaconda3/lib/python3.12/site-packages/airflow/example_dags/example_branch_operator.py
[2025-04-13T13:57:28.902-0400] {logging_mixin.py:188} INFO - [2025-04-13T13:57:28.902-0400] {dag.py:3096} INFO - Sync 1 DAGs
[2025-04-13T13:57:28.907-0400] {logging_mixin.py:188} INFO - [2025-04-13T13:57:28.907-0400] {dag.py:3954} INFO - Setting next_dagrun for example_branch_operator to 2025-04-12 00:00:00+00:00, run_after=2025-04-13 00:00:00+00:00
[2025-04-13T13:57:28.913-0400] {processor.py:183} INFO - Processing /opt/anaconda3/lib/python3.12/site-packages/airflow/example_dags/example_branch_operator.py took 0.091 seconds
[2025-04-13T13:59:40.297-0400] {processor.py:161} INFO - Started process (PID=54651) to work on /opt/anaconda3/lib/python3.12/site-packages/airflow/example_dags/example_branch_operator.py
[2025-04-13T13:59:40.298-0400] {processor.py:830} INFO - Processing file /opt/anaconda3/lib/python3.12/site-packages/airflow/example_dags/example_branch_operator.py for tasks to queue
[2025-04-13T13:59:40.298-0400] {logging_mixin.py:188} INFO - [2025-04-13T13:59:40.298-0400] {dagbag.py:540} INFO - Filling up the DagBag from /opt/anaconda3/lib/python3.12/site-packages/airflow/example_dags/example_branch_operator.py
[2025-04-13T13:59:40.311-0400] {processor.py:840} INFO - DAG(s) 'example_branch_operator' retrieved from /opt/anaconda3/lib/python3.12/site-packages/airflow/example_dags/example_branch_operator.py
[2025-04-13T13:59:40.377-0400] {logging_mixin.py:188} INFO - [2025-04-13T13:59:40.377-0400] {dag.py:3096} INFO - Sync 1 DAGs
[2025-04-13T13:59:40.382-0400] {logging_mixin.py:188} INFO - [2025-04-13T13:59:40.382-0400] {dag.py:3954} INFO - Setting next_dagrun for example_branch_operator to 2025-04-12 00:00:00+00:00, run_after=2025-04-13 00:00:00+00:00
[2025-04-13T13:59:40.390-0400] {processor.py:183} INFO - Processing /opt/anaconda3/lib/python3.12/site-packages/airflow/example_dags/example_branch_operator.py took 0.094 seconds
[2025-04-13T14:01:59.984-0400] {processor.py:161} INFO - Started process (PID=55588) to work on /opt/anaconda3/lib/python3.12/site-packages/airflow/example_dags/example_branch_operator.py
[2025-04-13T14:01:59.985-0400] {processor.py:830} INFO - Processing file /opt/anaconda3/lib/python3.12/site-packages/airflow/example_dags/example_branch_operator.py for tasks to queue
[2025-04-13T14:01:59.986-0400] {logging_mixin.py:188} INFO - [2025-04-13T14:01:59.985-0400] {dagbag.py:540} INFO - Filling up the DagBag from /opt/anaconda3/lib/python3.12/site-packages/airflow/example_dags/example_branch_operator.py
[2025-04-13T14:01:59.998-0400] {processor.py:840} INFO - DAG(s) 'example_branch_operator' retrieved from /opt/anaconda3/lib/python3.12/site-packages/airflow/example_dags/example_branch_operator.py
[2025-04-13T14:02:00.063-0400] {logging_mixin.py:188} INFO - [2025-04-13T14:02:00.063-0400] {dag.py:3096} INFO - Sync 1 DAGs
[2025-04-13T14:02:00.068-0400] {logging_mixin.py:188} INFO - [2025-04-13T14:02:00.068-0400] {dag.py:3954} INFO - Setting next_dagrun for example_branch_operator to 2025-04-12 00:00:00+00:00, run_after=2025-04-13 00:00:00+00:00
[2025-04-13T14:02:00.074-0400] {processor.py:183} INFO - Processing /opt/anaconda3/lib/python3.12/site-packages/airflow/example_dags/example_branch_operator.py took 0.091 seconds
