[2025-04-13T13:06:03.605-0400] {processor.py:161} INFO - Started process (PID=33662) to work on /opt/anaconda3/lib/python3.12/site-packages/airflow/example_dags/example_sla_dag.py
[2025-04-13T13:06:03.606-0400] {processor.py:830} INFO - Processing file /opt/anaconda3/lib/python3.12/site-packages/airflow/example_dags/example_sla_dag.py for tasks to queue
[2025-04-13T13:06:03.606-0400] {logging_mixin.py:188} INFO - [2025-04-13T13:06:03.606-0400] {dagbag.py:540} INFO - Filling up the DagBag from /opt/anaconda3/lib/python3.12/site-packages/airflow/example_dags/example_sla_dag.py
[2025-04-13T13:06:03.620-0400] {processor.py:840} INFO - DAG(s) 'example_sla_dag' retrieved from /opt/anaconda3/lib/python3.12/site-packages/airflow/example_dags/example_sla_dag.py
[2025-04-13T13:06:03.682-0400] {logging_mixin.py:188} INFO - [2025-04-13T13:06:03.682-0400] {override.py:1930} INFO - Created Permission View: can edit on DAG:example_sla_dag
[2025-04-13T13:06:03.684-0400] {logging_mixin.py:188} INFO - [2025-04-13T13:06:03.684-0400] {override.py:1930} INFO - Created Permission View: can delete on DAG:example_sla_dag
[2025-04-13T13:06:03.686-0400] {logging_mixin.py:188} INFO - [2025-04-13T13:06:03.686-0400] {override.py:1930} INFO - Created Permission View: can read on DAG:example_sla_dag
[2025-04-13T13:06:03.686-0400] {logging_mixin.py:188} INFO - [2025-04-13T13:06:03.686-0400] {dag.py:3096} INFO - Sync 1 DAGs
[2025-04-13T13:06:03.689-0400] {logging_mixin.py:188} INFO - [2025-04-13T13:06:03.689-0400] {dag.py:3118} INFO - Creating ORM DAG for example_sla_dag
[2025-04-13T13:06:03.693-0400] {logging_mixin.py:188} INFO - [2025-04-13T13:06:03.693-0400] {dag.py:3954} INFO - Setting next_dagrun for example_sla_dag to 2025-04-13 17:04:00+00:00, run_after=2025-04-13 17:06:00+00:00
[2025-04-13T13:06:03.698-0400] {processor.py:183} INFO - Processing /opt/anaconda3/lib/python3.12/site-packages/airflow/example_dags/example_sla_dag.py took 0.093 seconds
[2025-04-13T13:07:59.147-0400] {processor.py:161} INFO - Started process (PID=34466) to work on /opt/anaconda3/lib/python3.12/site-packages/airflow/example_dags/example_sla_dag.py
[2025-04-13T13:07:59.148-0400] {processor.py:830} INFO - Processing file /opt/anaconda3/lib/python3.12/site-packages/airflow/example_dags/example_sla_dag.py for tasks to queue
[2025-04-13T13:07:59.149-0400] {logging_mixin.py:188} INFO - [2025-04-13T13:07:59.149-0400] {dagbag.py:540} INFO - Filling up the DagBag from /opt/anaconda3/lib/python3.12/site-packages/airflow/example_dags/example_sla_dag.py
[2025-04-13T13:07:59.163-0400] {processor.py:840} INFO - DAG(s) 'example_sla_dag' retrieved from /opt/anaconda3/lib/python3.12/site-packages/airflow/example_dags/example_sla_dag.py
[2025-04-13T13:07:59.199-0400] {logging_mixin.py:188} INFO - [2025-04-13T13:07:59.199-0400] {dag.py:3096} INFO - Sync 1 DAGs
[2025-04-13T13:07:59.205-0400] {logging_mixin.py:188} INFO - [2025-04-13T13:07:59.205-0400] {dag.py:3954} INFO - Setting next_dagrun for example_sla_dag to 2025-04-13 17:04:00+00:00, run_after=2025-04-13 17:06:00+00:00
[2025-04-13T13:07:59.210-0400] {processor.py:183} INFO - Processing /opt/anaconda3/lib/python3.12/site-packages/airflow/example_dags/example_sla_dag.py took 0.064 seconds
[2025-04-13T13:09:38.929-0400] {processor.py:161} INFO - Started process (PID=35153) to work on /opt/anaconda3/lib/python3.12/site-packages/airflow/example_dags/example_sla_dag.py
[2025-04-13T13:09:38.929-0400] {processor.py:830} INFO - Processing file /opt/anaconda3/lib/python3.12/site-packages/airflow/example_dags/example_sla_dag.py for tasks to queue
[2025-04-13T13:09:38.929-0400] {logging_mixin.py:188} INFO - [2025-04-13T13:09:38.929-0400] {dagbag.py:540} INFO - Filling up the DagBag from /opt/anaconda3/lib/python3.12/site-packages/airflow/example_dags/example_sla_dag.py
[2025-04-13T13:09:38.946-0400] {processor.py:840} INFO - DAG(s) 'example_sla_dag' retrieved from /opt/anaconda3/lib/python3.12/site-packages/airflow/example_dags/example_sla_dag.py
[2025-04-13T13:09:38.982-0400] {logging_mixin.py:188} INFO - [2025-04-13T13:09:38.982-0400] {dag.py:3096} INFO - Sync 1 DAGs
[2025-04-13T13:09:38.988-0400] {logging_mixin.py:188} INFO - [2025-04-13T13:09:38.988-0400] {dag.py:3954} INFO - Setting next_dagrun for example_sla_dag to 2025-04-13 17:06:00+00:00, run_after=2025-04-13 17:08:00+00:00
[2025-04-13T13:09:38.993-0400] {processor.py:183} INFO - Processing /opt/anaconda3/lib/python3.12/site-packages/airflow/example_dags/example_sla_dag.py took 0.066 seconds
[2025-04-13T13:15:30.379-0400] {processor.py:161} INFO - Started process (PID=37291) to work on /opt/anaconda3/lib/python3.12/site-packages/airflow/example_dags/example_sla_dag.py
[2025-04-13T13:15:30.380-0400] {processor.py:830} INFO - Processing file /opt/anaconda3/lib/python3.12/site-packages/airflow/example_dags/example_sla_dag.py for tasks to queue
[2025-04-13T13:15:30.380-0400] {logging_mixin.py:188} INFO - [2025-04-13T13:15:30.380-0400] {dagbag.py:540} INFO - Filling up the DagBag from /opt/anaconda3/lib/python3.12/site-packages/airflow/example_dags/example_sla_dag.py
[2025-04-13T13:15:30.395-0400] {processor.py:840} INFO - DAG(s) 'example_sla_dag' retrieved from /opt/anaconda3/lib/python3.12/site-packages/airflow/example_dags/example_sla_dag.py
[2025-04-13T13:15:30.430-0400] {logging_mixin.py:188} INFO - [2025-04-13T13:15:30.430-0400] {dag.py:3096} INFO - Sync 1 DAGs
[2025-04-13T13:15:30.437-0400] {logging_mixin.py:188} INFO - [2025-04-13T13:15:30.436-0400] {dag.py:3954} INFO - Setting next_dagrun for example_sla_dag to 2025-04-13 17:12:00+00:00, run_after=2025-04-13 17:14:00+00:00
[2025-04-13T13:15:30.442-0400] {processor.py:183} INFO - Processing /opt/anaconda3/lib/python3.12/site-packages/airflow/example_dags/example_sla_dag.py took 0.064 seconds
[2025-04-13T13:19:12.123-0400] {processor.py:161} INFO - Started process (PID=38775) to work on /opt/anaconda3/lib/python3.12/site-packages/airflow/example_dags/example_sla_dag.py
[2025-04-13T13:19:12.124-0400] {processor.py:830} INFO - Processing file /opt/anaconda3/lib/python3.12/site-packages/airflow/example_dags/example_sla_dag.py for tasks to queue
[2025-04-13T13:19:12.124-0400] {logging_mixin.py:188} INFO - [2025-04-13T13:19:12.124-0400] {dagbag.py:540} INFO - Filling up the DagBag from /opt/anaconda3/lib/python3.12/site-packages/airflow/example_dags/example_sla_dag.py
[2025-04-13T13:19:12.138-0400] {processor.py:840} INFO - DAG(s) 'example_sla_dag' retrieved from /opt/anaconda3/lib/python3.12/site-packages/airflow/example_dags/example_sla_dag.py
[2025-04-13T13:19:12.199-0400] {logging_mixin.py:188} INFO - [2025-04-13T13:19:12.198-0400] {dag.py:3096} INFO - Sync 1 DAGs
[2025-04-13T13:19:12.205-0400] {logging_mixin.py:188} INFO - [2025-04-13T13:19:12.204-0400] {dag.py:3954} INFO - Setting next_dagrun for example_sla_dag to 2025-04-13 17:16:00+00:00, run_after=2025-04-13 17:18:00+00:00
[2025-04-13T13:19:12.211-0400] {processor.py:183} INFO - Processing /opt/anaconda3/lib/python3.12/site-packages/airflow/example_dags/example_sla_dag.py took 0.089 seconds
[2025-04-13T13:23:40.233-0400] {processor.py:161} INFO - Started process (PID=40692) to work on /opt/anaconda3/lib/python3.12/site-packages/airflow/example_dags/example_sla_dag.py
[2025-04-13T13:23:40.234-0400] {processor.py:830} INFO - Processing file /opt/anaconda3/lib/python3.12/site-packages/airflow/example_dags/example_sla_dag.py for tasks to queue
[2025-04-13T13:23:40.234-0400] {logging_mixin.py:188} INFO - [2025-04-13T13:23:40.234-0400] {dagbag.py:540} INFO - Filling up the DagBag from /opt/anaconda3/lib/python3.12/site-packages/airflow/example_dags/example_sla_dag.py
[2025-04-13T13:23:40.249-0400] {processor.py:840} INFO - DAG(s) 'example_sla_dag' retrieved from /opt/anaconda3/lib/python3.12/site-packages/airflow/example_dags/example_sla_dag.py
[2025-04-13T13:23:40.309-0400] {logging_mixin.py:188} INFO - [2025-04-13T13:23:40.309-0400] {dag.py:3096} INFO - Sync 1 DAGs
[2025-04-13T13:23:40.315-0400] {logging_mixin.py:188} INFO - [2025-04-13T13:23:40.315-0400] {dag.py:3954} INFO - Setting next_dagrun for example_sla_dag to 2025-04-13 17:20:00+00:00, run_after=2025-04-13 17:22:00+00:00
[2025-04-13T13:23:40.321-0400] {processor.py:183} INFO - Processing /opt/anaconda3/lib/python3.12/site-packages/airflow/example_dags/example_sla_dag.py took 0.089 seconds
[2025-04-13T13:25:20.385-0400] {processor.py:161} INFO - Started process (PID=41367) to work on /opt/anaconda3/lib/python3.12/site-packages/airflow/example_dags/example_sla_dag.py
[2025-04-13T13:25:20.386-0400] {processor.py:830} INFO - Processing file /opt/anaconda3/lib/python3.12/site-packages/airflow/example_dags/example_sla_dag.py for tasks to queue
[2025-04-13T13:25:20.386-0400] {logging_mixin.py:188} INFO - [2025-04-13T13:25:20.386-0400] {dagbag.py:540} INFO - Filling up the DagBag from /opt/anaconda3/lib/python3.12/site-packages/airflow/example_dags/example_sla_dag.py
[2025-04-13T13:25:20.401-0400] {processor.py:840} INFO - DAG(s) 'example_sla_dag' retrieved from /opt/anaconda3/lib/python3.12/site-packages/airflow/example_dags/example_sla_dag.py
[2025-04-13T13:25:20.435-0400] {logging_mixin.py:188} INFO - [2025-04-13T13:25:20.435-0400] {dag.py:3096} INFO - Sync 1 DAGs
[2025-04-13T13:25:20.441-0400] {logging_mixin.py:188} INFO - [2025-04-13T13:25:20.441-0400] {dag.py:3954} INFO - Setting next_dagrun for example_sla_dag to 2025-04-13 17:22:00+00:00, run_after=2025-04-13 17:24:00+00:00
[2025-04-13T13:25:20.446-0400] {processor.py:183} INFO - Processing /opt/anaconda3/lib/python3.12/site-packages/airflow/example_dags/example_sla_dag.py took 0.062 seconds
[2025-04-13T13:27:22.123-0400] {processor.py:161} INFO - Started process (PID=42180) to work on /opt/anaconda3/lib/python3.12/site-packages/airflow/example_dags/example_sla_dag.py
[2025-04-13T13:27:22.123-0400] {processor.py:830} INFO - Processing file /opt/anaconda3/lib/python3.12/site-packages/airflow/example_dags/example_sla_dag.py for tasks to queue
[2025-04-13T13:27:22.123-0400] {logging_mixin.py:188} INFO - [2025-04-13T13:27:22.123-0400] {dagbag.py:540} INFO - Filling up the DagBag from /opt/anaconda3/lib/python3.12/site-packages/airflow/example_dags/example_sla_dag.py
[2025-04-13T13:27:22.140-0400] {processor.py:840} INFO - DAG(s) 'example_sla_dag' retrieved from /opt/anaconda3/lib/python3.12/site-packages/airflow/example_dags/example_sla_dag.py
[2025-04-13T13:27:22.176-0400] {logging_mixin.py:188} INFO - [2025-04-13T13:27:22.176-0400] {dag.py:3096} INFO - Sync 1 DAGs
[2025-04-13T13:27:22.182-0400] {logging_mixin.py:188} INFO - [2025-04-13T13:27:22.182-0400] {dag.py:3954} INFO - Setting next_dagrun for example_sla_dag to 2025-04-13 17:24:00+00:00, run_after=2025-04-13 17:26:00+00:00
[2025-04-13T13:27:22.188-0400] {processor.py:183} INFO - Processing /opt/anaconda3/lib/python3.12/site-packages/airflow/example_dags/example_sla_dag.py took 0.066 seconds
[2025-04-13T13:28:29.900-0400] {processor.py:161} INFO - Started process (PID=42629) to work on /opt/anaconda3/lib/python3.12/site-packages/airflow/example_dags/example_sla_dag.py
[2025-04-13T13:28:29.901-0400] {processor.py:830} INFO - Processing file /opt/anaconda3/lib/python3.12/site-packages/airflow/example_dags/example_sla_dag.py for tasks to queue
[2025-04-13T13:28:29.901-0400] {logging_mixin.py:188} INFO - [2025-04-13T13:28:29.901-0400] {dagbag.py:540} INFO - Filling up the DagBag from /opt/anaconda3/lib/python3.12/site-packages/airflow/example_dags/example_sla_dag.py
[2025-04-13T13:28:29.916-0400] {processor.py:840} INFO - DAG(s) 'example_sla_dag' retrieved from /opt/anaconda3/lib/python3.12/site-packages/airflow/example_dags/example_sla_dag.py
[2025-04-13T13:28:29.951-0400] {logging_mixin.py:188} INFO - [2025-04-13T13:28:29.951-0400] {dag.py:3096} INFO - Sync 1 DAGs
[2025-04-13T13:28:29.957-0400] {logging_mixin.py:188} INFO - [2025-04-13T13:28:29.957-0400] {dag.py:3954} INFO - Setting next_dagrun for example_sla_dag to 2025-04-13 17:26:00+00:00, run_after=2025-04-13 17:28:00+00:00
[2025-04-13T13:28:29.963-0400] {processor.py:183} INFO - Processing /opt/anaconda3/lib/python3.12/site-packages/airflow/example_dags/example_sla_dag.py took 0.064 seconds
[2025-04-13T13:29:37.931-0400] {processor.py:161} INFO - Started process (PID=43077) to work on /opt/anaconda3/lib/python3.12/site-packages/airflow/example_dags/example_sla_dag.py
[2025-04-13T13:29:37.932-0400] {processor.py:830} INFO - Processing file /opt/anaconda3/lib/python3.12/site-packages/airflow/example_dags/example_sla_dag.py for tasks to queue
[2025-04-13T13:29:37.932-0400] {logging_mixin.py:188} INFO - [2025-04-13T13:29:37.932-0400] {dagbag.py:540} INFO - Filling up the DagBag from /opt/anaconda3/lib/python3.12/site-packages/airflow/example_dags/example_sla_dag.py
[2025-04-13T13:29:37.946-0400] {processor.py:840} INFO - DAG(s) 'example_sla_dag' retrieved from /opt/anaconda3/lib/python3.12/site-packages/airflow/example_dags/example_sla_dag.py
[2025-04-13T13:29:37.981-0400] {logging_mixin.py:188} INFO - [2025-04-13T13:29:37.981-0400] {dag.py:3096} INFO - Sync 1 DAGs
[2025-04-13T13:29:37.987-0400] {logging_mixin.py:188} INFO - [2025-04-13T13:29:37.987-0400] {dag.py:3954} INFO - Setting next_dagrun for example_sla_dag to 2025-04-13 17:26:00+00:00, run_after=2025-04-13 17:28:00+00:00
[2025-04-13T13:29:37.993-0400] {processor.py:183} INFO - Processing /opt/anaconda3/lib/python3.12/site-packages/airflow/example_dags/example_sla_dag.py took 0.063 seconds
[2025-04-13T13:31:57.488-0400] {processor.py:161} INFO - Started process (PID=43988) to work on /opt/anaconda3/lib/python3.12/site-packages/airflow/example_dags/example_sla_dag.py
[2025-04-13T13:31:57.489-0400] {processor.py:830} INFO - Processing file /opt/anaconda3/lib/python3.12/site-packages/airflow/example_dags/example_sla_dag.py for tasks to queue
[2025-04-13T13:31:57.489-0400] {logging_mixin.py:188} INFO - [2025-04-13T13:31:57.489-0400] {dagbag.py:540} INFO - Filling up the DagBag from /opt/anaconda3/lib/python3.12/site-packages/airflow/example_dags/example_sla_dag.py
[2025-04-13T13:31:57.504-0400] {processor.py:840} INFO - DAG(s) 'example_sla_dag' retrieved from /opt/anaconda3/lib/python3.12/site-packages/airflow/example_dags/example_sla_dag.py
[2025-04-13T13:31:57.539-0400] {logging_mixin.py:188} INFO - [2025-04-13T13:31:57.539-0400] {dag.py:3096} INFO - Sync 1 DAGs
[2025-04-13T13:31:57.545-0400] {logging_mixin.py:188} INFO - [2025-04-13T13:31:57.545-0400] {dag.py:3954} INFO - Setting next_dagrun for example_sla_dag to 2025-04-13 17:28:00+00:00, run_after=2025-04-13 17:30:00+00:00
[2025-04-13T13:31:57.551-0400] {processor.py:183} INFO - Processing /opt/anaconda3/lib/python3.12/site-packages/airflow/example_dags/example_sla_dag.py took 0.064 seconds
[2025-04-13T13:33:35.065-0400] {processor.py:161} INFO - Started process (PID=44632) to work on /opt/anaconda3/lib/python3.12/site-packages/airflow/example_dags/example_sla_dag.py
[2025-04-13T13:33:35.065-0400] {processor.py:830} INFO - Processing file /opt/anaconda3/lib/python3.12/site-packages/airflow/example_dags/example_sla_dag.py for tasks to queue
[2025-04-13T13:33:35.065-0400] {logging_mixin.py:188} INFO - [2025-04-13T13:33:35.065-0400] {dagbag.py:540} INFO - Filling up the DagBag from /opt/anaconda3/lib/python3.12/site-packages/airflow/example_dags/example_sla_dag.py
[2025-04-13T13:33:35.081-0400] {processor.py:840} INFO - DAG(s) 'example_sla_dag' retrieved from /opt/anaconda3/lib/python3.12/site-packages/airflow/example_dags/example_sla_dag.py
[2025-04-13T13:33:35.118-0400] {logging_mixin.py:188} INFO - [2025-04-13T13:33:35.118-0400] {dag.py:3096} INFO - Sync 1 DAGs
[2025-04-13T13:33:35.124-0400] {logging_mixin.py:188} INFO - [2025-04-13T13:33:35.124-0400] {dag.py:3954} INFO - Setting next_dagrun for example_sla_dag to 2025-04-13 17:30:00+00:00, run_after=2025-04-13 17:32:00+00:00
[2025-04-13T13:33:35.130-0400] {processor.py:183} INFO - Processing /opt/anaconda3/lib/python3.12/site-packages/airflow/example_dags/example_sla_dag.py took 0.066 seconds
[2025-04-13T13:36:20.033-0400] {processor.py:161} INFO - Started process (PID=45180) to work on /opt/anaconda3/lib/python3.12/site-packages/airflow/example_dags/example_sla_dag.py
[2025-04-13T13:36:20.033-0400] {processor.py:830} INFO - Processing file /opt/anaconda3/lib/python3.12/site-packages/airflow/example_dags/example_sla_dag.py for tasks to queue
[2025-04-13T13:36:20.034-0400] {logging_mixin.py:188} INFO - [2025-04-13T13:36:20.034-0400] {dagbag.py:540} INFO - Filling up the DagBag from /opt/anaconda3/lib/python3.12/site-packages/airflow/example_dags/example_sla_dag.py
[2025-04-13T13:36:20.049-0400] {processor.py:840} INFO - DAG(s) 'example_sla_dag' retrieved from /opt/anaconda3/lib/python3.12/site-packages/airflow/example_dags/example_sla_dag.py
[2025-04-13T13:36:20.085-0400] {logging_mixin.py:188} INFO - [2025-04-13T13:36:20.084-0400] {dag.py:3096} INFO - Sync 1 DAGs
[2025-04-13T13:36:20.090-0400] {logging_mixin.py:188} INFO - [2025-04-13T13:36:20.090-0400] {dag.py:3954} INFO - Setting next_dagrun for example_sla_dag to 2025-04-13 17:34:00+00:00, run_after=2025-04-13 17:36:00+00:00
[2025-04-13T13:36:20.096-0400] {processor.py:183} INFO - Processing /opt/anaconda3/lib/python3.12/site-packages/airflow/example_dags/example_sla_dag.py took 0.064 seconds
[2025-04-13T13:37:44.447-0400] {processor.py:161} INFO - Started process (PID=45745) to work on /opt/anaconda3/lib/python3.12/site-packages/airflow/example_dags/example_sla_dag.py
[2025-04-13T13:37:44.449-0400] {processor.py:830} INFO - Processing file /opt/anaconda3/lib/python3.12/site-packages/airflow/example_dags/example_sla_dag.py for tasks to queue
[2025-04-13T13:37:44.449-0400] {logging_mixin.py:188} INFO - [2025-04-13T13:37:44.449-0400] {dagbag.py:540} INFO - Filling up the DagBag from /opt/anaconda3/lib/python3.12/site-packages/airflow/example_dags/example_sla_dag.py
[2025-04-13T13:37:44.464-0400] {processor.py:840} INFO - DAG(s) 'example_sla_dag' retrieved from /opt/anaconda3/lib/python3.12/site-packages/airflow/example_dags/example_sla_dag.py
[2025-04-13T13:37:44.502-0400] {logging_mixin.py:188} INFO - [2025-04-13T13:37:44.502-0400] {dag.py:3096} INFO - Sync 1 DAGs
[2025-04-13T13:37:44.510-0400] {logging_mixin.py:188} INFO - [2025-04-13T13:37:44.510-0400] {dag.py:3954} INFO - Setting next_dagrun for example_sla_dag to 2025-04-13 17:34:00+00:00, run_after=2025-04-13 17:36:00+00:00
[2025-04-13T13:37:44.516-0400] {processor.py:183} INFO - Processing /opt/anaconda3/lib/python3.12/site-packages/airflow/example_dags/example_sla_dag.py took 0.070 seconds
[2025-04-13T13:38:52.824-0400] {processor.py:161} INFO - Started process (PID=46199) to work on /opt/anaconda3/lib/python3.12/site-packages/airflow/example_dags/example_sla_dag.py
[2025-04-13T13:38:52.825-0400] {processor.py:830} INFO - Processing file /opt/anaconda3/lib/python3.12/site-packages/airflow/example_dags/example_sla_dag.py for tasks to queue
[2025-04-13T13:38:52.825-0400] {logging_mixin.py:188} INFO - [2025-04-13T13:38:52.825-0400] {dagbag.py:540} INFO - Filling up the DagBag from /opt/anaconda3/lib/python3.12/site-packages/airflow/example_dags/example_sla_dag.py
[2025-04-13T13:38:52.840-0400] {processor.py:840} INFO - DAG(s) 'example_sla_dag' retrieved from /opt/anaconda3/lib/python3.12/site-packages/airflow/example_dags/example_sla_dag.py
[2025-04-13T13:38:52.875-0400] {logging_mixin.py:188} INFO - [2025-04-13T13:38:52.875-0400] {dag.py:3096} INFO - Sync 1 DAGs
[2025-04-13T13:38:52.881-0400] {logging_mixin.py:188} INFO - [2025-04-13T13:38:52.881-0400] {dag.py:3954} INFO - Setting next_dagrun for example_sla_dag to 2025-04-13 17:36:00+00:00, run_after=2025-04-13 17:38:00+00:00
[2025-04-13T13:38:52.887-0400] {processor.py:183} INFO - Processing /opt/anaconda3/lib/python3.12/site-packages/airflow/example_dags/example_sla_dag.py took 0.064 seconds
[2025-04-13T13:39:58.558-0400] {processor.py:161} INFO - Started process (PID=46638) to work on /opt/anaconda3/lib/python3.12/site-packages/airflow/example_dags/example_sla_dag.py
[2025-04-13T13:39:58.559-0400] {processor.py:830} INFO - Processing file /opt/anaconda3/lib/python3.12/site-packages/airflow/example_dags/example_sla_dag.py for tasks to queue
[2025-04-13T13:39:58.559-0400] {logging_mixin.py:188} INFO - [2025-04-13T13:39:58.559-0400] {dagbag.py:540} INFO - Filling up the DagBag from /opt/anaconda3/lib/python3.12/site-packages/airflow/example_dags/example_sla_dag.py
[2025-04-13T13:39:58.574-0400] {processor.py:840} INFO - DAG(s) 'example_sla_dag' retrieved from /opt/anaconda3/lib/python3.12/site-packages/airflow/example_dags/example_sla_dag.py
[2025-04-13T13:39:58.609-0400] {logging_mixin.py:188} INFO - [2025-04-13T13:39:58.609-0400] {dag.py:3096} INFO - Sync 1 DAGs
[2025-04-13T13:39:58.616-0400] {logging_mixin.py:188} INFO - [2025-04-13T13:39:58.616-0400] {dag.py:3954} INFO - Setting next_dagrun for example_sla_dag to 2025-04-13 17:36:00+00:00, run_after=2025-04-13 17:38:00+00:00
[2025-04-13T13:39:58.621-0400] {processor.py:183} INFO - Processing /opt/anaconda3/lib/python3.12/site-packages/airflow/example_dags/example_sla_dag.py took 0.065 seconds
[2025-04-13T13:42:08.676-0400] {processor.py:161} INFO - Started process (PID=47535) to work on /opt/anaconda3/lib/python3.12/site-packages/airflow/example_dags/example_sla_dag.py
[2025-04-13T13:42:08.678-0400] {processor.py:830} INFO - Processing file /opt/anaconda3/lib/python3.12/site-packages/airflow/example_dags/example_sla_dag.py for tasks to queue
[2025-04-13T13:42:08.678-0400] {logging_mixin.py:188} INFO - [2025-04-13T13:42:08.678-0400] {dagbag.py:540} INFO - Filling up the DagBag from /opt/anaconda3/lib/python3.12/site-packages/airflow/example_dags/example_sla_dag.py
[2025-04-13T13:42:08.692-0400] {processor.py:840} INFO - DAG(s) 'example_sla_dag' retrieved from /opt/anaconda3/lib/python3.12/site-packages/airflow/example_dags/example_sla_dag.py
[2025-04-13T13:42:08.728-0400] {logging_mixin.py:188} INFO - [2025-04-13T13:42:08.727-0400] {dag.py:3096} INFO - Sync 1 DAGs
[2025-04-13T13:42:08.734-0400] {logging_mixin.py:188} INFO - [2025-04-13T13:42:08.734-0400] {dag.py:3954} INFO - Setting next_dagrun for example_sla_dag to 2025-04-13 17:40:00+00:00, run_after=2025-04-13 17:42:00+00:00
[2025-04-13T13:42:08.740-0400] {processor.py:183} INFO - Processing /opt/anaconda3/lib/python3.12/site-packages/airflow/example_dags/example_sla_dag.py took 0.064 seconds
[2025-04-13T13:43:16.369-0400] {processor.py:161} INFO - Started process (PID=47998) to work on /opt/anaconda3/lib/python3.12/site-packages/airflow/example_dags/example_sla_dag.py
[2025-04-13T13:43:16.370-0400] {processor.py:830} INFO - Processing file /opt/anaconda3/lib/python3.12/site-packages/airflow/example_dags/example_sla_dag.py for tasks to queue
[2025-04-13T13:43:16.370-0400] {logging_mixin.py:188} INFO - [2025-04-13T13:43:16.370-0400] {dagbag.py:540} INFO - Filling up the DagBag from /opt/anaconda3/lib/python3.12/site-packages/airflow/example_dags/example_sla_dag.py
[2025-04-13T13:43:16.385-0400] {processor.py:840} INFO - DAG(s) 'example_sla_dag' retrieved from /opt/anaconda3/lib/python3.12/site-packages/airflow/example_dags/example_sla_dag.py
[2025-04-13T13:43:16.420-0400] {logging_mixin.py:188} INFO - [2025-04-13T13:43:16.420-0400] {dag.py:3096} INFO - Sync 1 DAGs
[2025-04-13T13:43:16.426-0400] {logging_mixin.py:188} INFO - [2025-04-13T13:43:16.426-0400] {dag.py:3954} INFO - Setting next_dagrun for example_sla_dag to 2025-04-13 17:40:00+00:00, run_after=2025-04-13 17:42:00+00:00
[2025-04-13T13:43:16.432-0400] {processor.py:183} INFO - Processing /opt/anaconda3/lib/python3.12/site-packages/airflow/example_dags/example_sla_dag.py took 0.065 seconds
[2025-04-13T13:45:27.200-0400] {processor.py:161} INFO - Started process (PID=48872) to work on /opt/anaconda3/lib/python3.12/site-packages/airflow/example_dags/example_sla_dag.py
[2025-04-13T13:45:27.201-0400] {processor.py:830} INFO - Processing file /opt/anaconda3/lib/python3.12/site-packages/airflow/example_dags/example_sla_dag.py for tasks to queue
[2025-04-13T13:45:27.201-0400] {logging_mixin.py:188} INFO - [2025-04-13T13:45:27.201-0400] {dagbag.py:540} INFO - Filling up the DagBag from /opt/anaconda3/lib/python3.12/site-packages/airflow/example_dags/example_sla_dag.py
[2025-04-13T13:45:27.216-0400] {processor.py:840} INFO - DAG(s) 'example_sla_dag' retrieved from /opt/anaconda3/lib/python3.12/site-packages/airflow/example_dags/example_sla_dag.py
[2025-04-13T13:45:27.251-0400] {logging_mixin.py:188} INFO - [2025-04-13T13:45:27.251-0400] {dag.py:3096} INFO - Sync 1 DAGs
[2025-04-13T13:45:27.257-0400] {logging_mixin.py:188} INFO - [2025-04-13T13:45:27.257-0400] {dag.py:3954} INFO - Setting next_dagrun for example_sla_dag to 2025-04-13 17:42:00+00:00, run_after=2025-04-13 17:44:00+00:00
[2025-04-13T13:45:27.263-0400] {processor.py:183} INFO - Processing /opt/anaconda3/lib/python3.12/site-packages/airflow/example_dags/example_sla_dag.py took 0.064 seconds
[2025-04-13T13:46:40.340-0400] {processor.py:161} INFO - Started process (PID=49353) to work on /opt/anaconda3/lib/python3.12/site-packages/airflow/example_dags/example_sla_dag.py
[2025-04-13T13:46:40.341-0400] {processor.py:830} INFO - Processing file /opt/anaconda3/lib/python3.12/site-packages/airflow/example_dags/example_sla_dag.py for tasks to queue
[2025-04-13T13:46:40.341-0400] {logging_mixin.py:188} INFO - [2025-04-13T13:46:40.341-0400] {dagbag.py:540} INFO - Filling up the DagBag from /opt/anaconda3/lib/python3.12/site-packages/airflow/example_dags/example_sla_dag.py
[2025-04-13T13:46:40.357-0400] {processor.py:840} INFO - DAG(s) 'example_sla_dag' retrieved from /opt/anaconda3/lib/python3.12/site-packages/airflow/example_dags/example_sla_dag.py
[2025-04-13T13:46:40.392-0400] {logging_mixin.py:188} INFO - [2025-04-13T13:46:40.392-0400] {dag.py:3096} INFO - Sync 1 DAGs
[2025-04-13T13:46:40.398-0400] {logging_mixin.py:188} INFO - [2025-04-13T13:46:40.398-0400] {dag.py:3954} INFO - Setting next_dagrun for example_sla_dag to 2025-04-13 17:44:00+00:00, run_after=2025-04-13 17:46:00+00:00
[2025-04-13T13:46:40.404-0400] {processor.py:183} INFO - Processing /opt/anaconda3/lib/python3.12/site-packages/airflow/example_dags/example_sla_dag.py took 0.065 seconds
[2025-04-13T13:47:52.831-0400] {processor.py:161} INFO - Started process (PID=49843) to work on /opt/anaconda3/lib/python3.12/site-packages/airflow/example_dags/example_sla_dag.py
[2025-04-13T13:47:52.832-0400] {processor.py:830} INFO - Processing file /opt/anaconda3/lib/python3.12/site-packages/airflow/example_dags/example_sla_dag.py for tasks to queue
[2025-04-13T13:47:52.832-0400] {logging_mixin.py:188} INFO - [2025-04-13T13:47:52.832-0400] {dagbag.py:540} INFO - Filling up the DagBag from /opt/anaconda3/lib/python3.12/site-packages/airflow/example_dags/example_sla_dag.py
[2025-04-13T13:47:52.847-0400] {processor.py:840} INFO - DAG(s) 'example_sla_dag' retrieved from /opt/anaconda3/lib/python3.12/site-packages/airflow/example_dags/example_sla_dag.py
[2025-04-13T13:47:52.883-0400] {logging_mixin.py:188} INFO - [2025-04-13T13:47:52.883-0400] {dag.py:3096} INFO - Sync 1 DAGs
[2025-04-13T13:47:52.889-0400] {logging_mixin.py:188} INFO - [2025-04-13T13:47:52.889-0400] {dag.py:3954} INFO - Setting next_dagrun for example_sla_dag to 2025-04-13 17:44:00+00:00, run_after=2025-04-13 17:46:00+00:00
[2025-04-13T13:47:52.895-0400] {processor.py:183} INFO - Processing /opt/anaconda3/lib/python3.12/site-packages/airflow/example_dags/example_sla_dag.py took 0.065 seconds
[2025-04-13T13:49:02.800-0400] {processor.py:161} INFO - Started process (PID=50300) to work on /opt/anaconda3/lib/python3.12/site-packages/airflow/example_dags/example_sla_dag.py
[2025-04-13T13:49:02.801-0400] {processor.py:830} INFO - Processing file /opt/anaconda3/lib/python3.12/site-packages/airflow/example_dags/example_sla_dag.py for tasks to queue
[2025-04-13T13:49:02.801-0400] {logging_mixin.py:188} INFO - [2025-04-13T13:49:02.801-0400] {dagbag.py:540} INFO - Filling up the DagBag from /opt/anaconda3/lib/python3.12/site-packages/airflow/example_dags/example_sla_dag.py
[2025-04-13T13:49:02.816-0400] {processor.py:840} INFO - DAG(s) 'example_sla_dag' retrieved from /opt/anaconda3/lib/python3.12/site-packages/airflow/example_dags/example_sla_dag.py
[2025-04-13T13:49:02.852-0400] {logging_mixin.py:188} INFO - [2025-04-13T13:49:02.852-0400] {dag.py:3096} INFO - Sync 1 DAGs
[2025-04-13T13:49:02.858-0400] {logging_mixin.py:188} INFO - [2025-04-13T13:49:02.858-0400] {dag.py:3954} INFO - Setting next_dagrun for example_sla_dag to 2025-04-13 17:46:00+00:00, run_after=2025-04-13 17:48:00+00:00
[2025-04-13T13:49:02.864-0400] {processor.py:183} INFO - Processing /opt/anaconda3/lib/python3.12/site-packages/airflow/example_dags/example_sla_dag.py took 0.065 seconds
[2025-04-13T13:50:12.694-0400] {processor.py:161} INFO - Started process (PID=50743) to work on /opt/anaconda3/lib/python3.12/site-packages/airflow/example_dags/example_sla_dag.py
[2025-04-13T13:50:12.696-0400] {processor.py:830} INFO - Processing file /opt/anaconda3/lib/python3.12/site-packages/airflow/example_dags/example_sla_dag.py for tasks to queue
[2025-04-13T13:50:12.696-0400] {logging_mixin.py:188} INFO - [2025-04-13T13:50:12.696-0400] {dagbag.py:540} INFO - Filling up the DagBag from /opt/anaconda3/lib/python3.12/site-packages/airflow/example_dags/example_sla_dag.py
[2025-04-13T13:50:12.711-0400] {processor.py:840} INFO - DAG(s) 'example_sla_dag' retrieved from /opt/anaconda3/lib/python3.12/site-packages/airflow/example_dags/example_sla_dag.py
[2025-04-13T13:50:12.746-0400] {logging_mixin.py:188} INFO - [2025-04-13T13:50:12.746-0400] {dag.py:3096} INFO - Sync 1 DAGs
[2025-04-13T13:50:12.752-0400] {logging_mixin.py:188} INFO - [2025-04-13T13:50:12.752-0400] {dag.py:3954} INFO - Setting next_dagrun for example_sla_dag to 2025-04-13 17:48:00+00:00, run_after=2025-04-13 17:50:00+00:00
[2025-04-13T13:50:12.758-0400] {processor.py:183} INFO - Processing /opt/anaconda3/lib/python3.12/site-packages/airflow/example_dags/example_sla_dag.py took 0.065 seconds
[2025-04-13T13:51:23.280-0400] {processor.py:161} INFO - Started process (PID=51251) to work on /opt/anaconda3/lib/python3.12/site-packages/airflow/example_dags/example_sla_dag.py
[2025-04-13T13:51:23.280-0400] {processor.py:830} INFO - Processing file /opt/anaconda3/lib/python3.12/site-packages/airflow/example_dags/example_sla_dag.py for tasks to queue
[2025-04-13T13:51:23.281-0400] {logging_mixin.py:188} INFO - [2025-04-13T13:51:23.280-0400] {dagbag.py:540} INFO - Filling up the DagBag from /opt/anaconda3/lib/python3.12/site-packages/airflow/example_dags/example_sla_dag.py
[2025-04-13T13:51:23.295-0400] {processor.py:840} INFO - DAG(s) 'example_sla_dag' retrieved from /opt/anaconda3/lib/python3.12/site-packages/airflow/example_dags/example_sla_dag.py
[2025-04-13T13:51:23.329-0400] {logging_mixin.py:188} INFO - [2025-04-13T13:51:23.329-0400] {dag.py:3096} INFO - Sync 1 DAGs
[2025-04-13T13:51:23.335-0400] {logging_mixin.py:188} INFO - [2025-04-13T13:51:23.335-0400] {dag.py:3954} INFO - Setting next_dagrun for example_sla_dag to 2025-04-13 17:48:00+00:00, run_after=2025-04-13 17:50:00+00:00
[2025-04-13T13:51:23.341-0400] {processor.py:183} INFO - Processing /opt/anaconda3/lib/python3.12/site-packages/airflow/example_dags/example_sla_dag.py took 0.062 seconds
[2025-04-13T13:53:40.283-0400] {processor.py:161} INFO - Started process (PID=52164) to work on /opt/anaconda3/lib/python3.12/site-packages/airflow/example_dags/example_sla_dag.py
[2025-04-13T13:53:40.284-0400] {processor.py:830} INFO - Processing file /opt/anaconda3/lib/python3.12/site-packages/airflow/example_dags/example_sla_dag.py for tasks to queue
[2025-04-13T13:53:40.284-0400] {logging_mixin.py:188} INFO - [2025-04-13T13:53:40.284-0400] {dagbag.py:540} INFO - Filling up the DagBag from /opt/anaconda3/lib/python3.12/site-packages/airflow/example_dags/example_sla_dag.py
[2025-04-13T13:53:40.299-0400] {processor.py:840} INFO - DAG(s) 'example_sla_dag' retrieved from /opt/anaconda3/lib/python3.12/site-packages/airflow/example_dags/example_sla_dag.py
[2025-04-13T13:53:40.336-0400] {logging_mixin.py:188} INFO - [2025-04-13T13:53:40.336-0400] {dag.py:3096} INFO - Sync 1 DAGs
[2025-04-13T13:53:40.342-0400] {logging_mixin.py:188} INFO - [2025-04-13T13:53:40.342-0400] {dag.py:3954} INFO - Setting next_dagrun for example_sla_dag to 2025-04-13 17:50:00+00:00, run_after=2025-04-13 17:52:00+00:00
[2025-04-13T13:53:40.348-0400] {processor.py:183} INFO - Processing /opt/anaconda3/lib/python3.12/site-packages/airflow/example_dags/example_sla_dag.py took 0.066 seconds
[2025-04-13T13:54:49.564-0400] {processor.py:161} INFO - Started process (PID=52625) to work on /opt/anaconda3/lib/python3.12/site-packages/airflow/example_dags/example_sla_dag.py
[2025-04-13T13:54:49.565-0400] {processor.py:830} INFO - Processing file /opt/anaconda3/lib/python3.12/site-packages/airflow/example_dags/example_sla_dag.py for tasks to queue
[2025-04-13T13:54:49.565-0400] {logging_mixin.py:188} INFO - [2025-04-13T13:54:49.565-0400] {dagbag.py:540} INFO - Filling up the DagBag from /opt/anaconda3/lib/python3.12/site-packages/airflow/example_dags/example_sla_dag.py
[2025-04-13T13:54:49.579-0400] {processor.py:840} INFO - DAG(s) 'example_sla_dag' retrieved from /opt/anaconda3/lib/python3.12/site-packages/airflow/example_dags/example_sla_dag.py
[2025-04-13T13:54:49.614-0400] {logging_mixin.py:188} INFO - [2025-04-13T13:54:49.614-0400] {dag.py:3096} INFO - Sync 1 DAGs
[2025-04-13T13:54:49.621-0400] {logging_mixin.py:188} INFO - [2025-04-13T13:54:49.621-0400] {dag.py:3954} INFO - Setting next_dagrun for example_sla_dag to 2025-04-13 17:52:00+00:00, run_after=2025-04-13 17:54:00+00:00
[2025-04-13T13:54:49.626-0400] {processor.py:183} INFO - Processing /opt/anaconda3/lib/python3.12/site-packages/airflow/example_dags/example_sla_dag.py took 0.064 seconds
[2025-04-13T13:55:56.478-0400] {processor.py:161} INFO - Started process (PID=53068) to work on /opt/anaconda3/lib/python3.12/site-packages/airflow/example_dags/example_sla_dag.py
[2025-04-13T13:55:56.480-0400] {processor.py:830} INFO - Processing file /opt/anaconda3/lib/python3.12/site-packages/airflow/example_dags/example_sla_dag.py for tasks to queue
[2025-04-13T13:55:56.480-0400] {logging_mixin.py:188} INFO - [2025-04-13T13:55:56.480-0400] {dagbag.py:540} INFO - Filling up the DagBag from /opt/anaconda3/lib/python3.12/site-packages/airflow/example_dags/example_sla_dag.py
[2025-04-13T13:55:56.494-0400] {processor.py:840} INFO - DAG(s) 'example_sla_dag' retrieved from /opt/anaconda3/lib/python3.12/site-packages/airflow/example_dags/example_sla_dag.py
[2025-04-13T13:55:56.529-0400] {logging_mixin.py:188} INFO - [2025-04-13T13:55:56.529-0400] {dag.py:3096} INFO - Sync 1 DAGs
[2025-04-13T13:55:56.536-0400] {logging_mixin.py:188} INFO - [2025-04-13T13:55:56.536-0400] {dag.py:3954} INFO - Setting next_dagrun for example_sla_dag to 2025-04-13 17:52:00+00:00, run_after=2025-04-13 17:54:00+00:00
[2025-04-13T13:55:56.542-0400] {processor.py:183} INFO - Processing /opt/anaconda3/lib/python3.12/site-packages/airflow/example_dags/example_sla_dag.py took 0.064 seconds
[2025-04-13T13:57:04.864-0400] {processor.py:161} INFO - Started process (PID=53551) to work on /opt/anaconda3/lib/python3.12/site-packages/airflow/example_dags/example_sla_dag.py
[2025-04-13T13:57:04.865-0400] {processor.py:830} INFO - Processing file /opt/anaconda3/lib/python3.12/site-packages/airflow/example_dags/example_sla_dag.py for tasks to queue
[2025-04-13T13:57:04.865-0400] {logging_mixin.py:188} INFO - [2025-04-13T13:57:04.865-0400] {dagbag.py:540} INFO - Filling up the DagBag from /opt/anaconda3/lib/python3.12/site-packages/airflow/example_dags/example_sla_dag.py
[2025-04-13T13:57:04.881-0400] {processor.py:840} INFO - DAG(s) 'example_sla_dag' retrieved from /opt/anaconda3/lib/python3.12/site-packages/airflow/example_dags/example_sla_dag.py
[2025-04-13T13:57:04.915-0400] {logging_mixin.py:188} INFO - [2025-04-13T13:57:04.915-0400] {dag.py:3096} INFO - Sync 1 DAGs
[2025-04-13T13:57:04.922-0400] {logging_mixin.py:188} INFO - [2025-04-13T13:57:04.922-0400] {dag.py:3954} INFO - Setting next_dagrun for example_sla_dag to 2025-04-13 17:54:00+00:00, run_after=2025-04-13 17:56:00+00:00
[2025-04-13T13:57:04.927-0400] {processor.py:183} INFO - Processing /opt/anaconda3/lib/python3.12/site-packages/airflow/example_dags/example_sla_dag.py took 0.064 seconds
[2025-04-13T13:58:13.762-0400] {processor.py:161} INFO - Started process (PID=54020) to work on /opt/anaconda3/lib/python3.12/site-packages/airflow/example_dags/example_sla_dag.py
[2025-04-13T13:58:13.763-0400] {processor.py:830} INFO - Processing file /opt/anaconda3/lib/python3.12/site-packages/airflow/example_dags/example_sla_dag.py for tasks to queue
[2025-04-13T13:58:13.763-0400] {logging_mixin.py:188} INFO - [2025-04-13T13:58:13.763-0400] {dagbag.py:540} INFO - Filling up the DagBag from /opt/anaconda3/lib/python3.12/site-packages/airflow/example_dags/example_sla_dag.py
[2025-04-13T13:58:13.778-0400] {processor.py:840} INFO - DAG(s) 'example_sla_dag' retrieved from /opt/anaconda3/lib/python3.12/site-packages/airflow/example_dags/example_sla_dag.py
[2025-04-13T13:58:13.813-0400] {logging_mixin.py:188} INFO - [2025-04-13T13:58:13.812-0400] {dag.py:3096} INFO - Sync 1 DAGs
[2025-04-13T13:58:13.819-0400] {logging_mixin.py:188} INFO - [2025-04-13T13:58:13.818-0400] {dag.py:3954} INFO - Setting next_dagrun for example_sla_dag to 2025-04-13 17:56:00+00:00, run_after=2025-04-13 17:58:00+00:00
[2025-04-13T13:58:13.824-0400] {processor.py:183} INFO - Processing /opt/anaconda3/lib/python3.12/site-packages/airflow/example_dags/example_sla_dag.py took 0.063 seconds
[2025-04-13T14:00:27.351-0400] {processor.py:161} INFO - Started process (PID=54964) to work on /opt/anaconda3/lib/python3.12/site-packages/airflow/example_dags/example_sla_dag.py
[2025-04-13T14:00:27.353-0400] {processor.py:830} INFO - Processing file /opt/anaconda3/lib/python3.12/site-packages/airflow/example_dags/example_sla_dag.py for tasks to queue
[2025-04-13T14:00:27.353-0400] {logging_mixin.py:188} INFO - [2025-04-13T14:00:27.353-0400] {dagbag.py:540} INFO - Filling up the DagBag from /opt/anaconda3/lib/python3.12/site-packages/airflow/example_dags/example_sla_dag.py
[2025-04-13T14:00:27.373-0400] {processor.py:840} INFO - DAG(s) 'example_sla_dag' retrieved from /opt/anaconda3/lib/python3.12/site-packages/airflow/example_dags/example_sla_dag.py
[2025-04-13T14:00:27.413-0400] {logging_mixin.py:188} INFO - [2025-04-13T14:00:27.413-0400] {dag.py:3096} INFO - Sync 1 DAGs
[2025-04-13T14:00:27.419-0400] {logging_mixin.py:188} INFO - [2025-04-13T14:00:27.419-0400] {dag.py:3954} INFO - Setting next_dagrun for example_sla_dag to 2025-04-13 17:58:00+00:00, run_after=2025-04-13 18:00:00+00:00
[2025-04-13T14:00:27.425-0400] {processor.py:183} INFO - Processing /opt/anaconda3/lib/python3.12/site-packages/airflow/example_dags/example_sla_dag.py took 0.074 seconds
[2025-04-13T14:01:37.068-0400] {processor.py:161} INFO - Started process (PID=55434) to work on /opt/anaconda3/lib/python3.12/site-packages/airflow/example_dags/example_sla_dag.py
[2025-04-13T14:01:37.069-0400] {processor.py:830} INFO - Processing file /opt/anaconda3/lib/python3.12/site-packages/airflow/example_dags/example_sla_dag.py for tasks to queue
[2025-04-13T14:01:37.069-0400] {logging_mixin.py:188} INFO - [2025-04-13T14:01:37.069-0400] {dagbag.py:540} INFO - Filling up the DagBag from /opt/anaconda3/lib/python3.12/site-packages/airflow/example_dags/example_sla_dag.py
[2025-04-13T14:01:37.084-0400] {processor.py:840} INFO - DAG(s) 'example_sla_dag' retrieved from /opt/anaconda3/lib/python3.12/site-packages/airflow/example_dags/example_sla_dag.py
[2025-04-13T14:01:37.119-0400] {logging_mixin.py:188} INFO - [2025-04-13T14:01:37.118-0400] {dag.py:3096} INFO - Sync 1 DAGs
[2025-04-13T14:01:37.124-0400] {logging_mixin.py:188} INFO - [2025-04-13T14:01:37.124-0400] {dag.py:3954} INFO - Setting next_dagrun for example_sla_dag to 2025-04-13 17:58:00+00:00, run_after=2025-04-13 18:00:00+00:00
[2025-04-13T14:01:37.130-0400] {processor.py:183} INFO - Processing /opt/anaconda3/lib/python3.12/site-packages/airflow/example_dags/example_sla_dag.py took 0.063 seconds
