[2025-04-13T13:05:49.237-0400] {processor.py:161} INFO - Started process (PID=33565) to work on /opt/anaconda3/lib/python3.12/site-packages/airflow/example_dags/example_xcomargs.py
[2025-04-13T13:05:49.237-0400] {processor.py:830} INFO - Processing file /opt/anaconda3/lib/python3.12/site-packages/airflow/example_dags/example_xcomargs.py for tasks to queue
[2025-04-13T13:05:49.238-0400] {logging_mixin.py:188} INFO - [2025-04-13T13:05:49.238-0400] {dagbag.py:540} INFO - Filling up the DagBag from /opt/anaconda3/lib/python3.12/site-packages/airflow/example_dags/example_xcomargs.py
[2025-04-13T13:05:49.252-0400] {processor.py:840} INFO - DAG(s) 'example_xcom_args_with_operators', 'example_xcom_args' retrieved from /opt/anaconda3/lib/python3.12/site-packages/airflow/example_dags/example_xcomargs.py
[2025-04-13T13:05:49.316-0400] {logging_mixin.py:188} INFO - [2025-04-13T13:05:49.316-0400] {override.py:1930} INFO - Created Permission View: can delete on DAG:example_xcom_args_with_operators
[2025-04-13T13:05:49.319-0400] {logging_mixin.py:188} INFO - [2025-04-13T13:05:49.319-0400] {override.py:1930} INFO - Created Permission View: can edit on DAG:example_xcom_args_with_operators
[2025-04-13T13:05:49.320-0400] {logging_mixin.py:188} INFO - [2025-04-13T13:05:49.320-0400] {override.py:1930} INFO - Created Permission View: can read on DAG:example_xcom_args_with_operators
[2025-04-13T13:05:49.324-0400] {logging_mixin.py:188} INFO - [2025-04-13T13:05:49.324-0400] {override.py:1930} INFO - Created Permission View: can delete on DAG:example_xcom_args
[2025-04-13T13:05:49.325-0400] {logging_mixin.py:188} INFO - [2025-04-13T13:05:49.325-0400] {override.py:1930} INFO - Created Permission View: can edit on DAG:example_xcom_args
[2025-04-13T13:05:49.326-0400] {logging_mixin.py:188} INFO - [2025-04-13T13:05:49.326-0400] {override.py:1930} INFO - Created Permission View: can read on DAG:example_xcom_args
[2025-04-13T13:05:49.327-0400] {logging_mixin.py:188} INFO - [2025-04-13T13:05:49.326-0400] {dag.py:3096} INFO - Sync 2 DAGs
[2025-04-13T13:05:49.330-0400] {logging_mixin.py:188} INFO - [2025-04-13T13:05:49.329-0400] {dag.py:3118} INFO - Creating ORM DAG for example_xcom_args
[2025-04-13T13:05:49.330-0400] {logging_mixin.py:188} INFO - [2025-04-13T13:05:49.330-0400] {dag.py:3118} INFO - Creating ORM DAG for example_xcom_args_with_operators
[2025-04-13T13:05:49.330-0400] {logging_mixin.py:188} INFO - [2025-04-13T13:05:49.330-0400] {dag.py:3954} INFO - Setting next_dagrun for example_xcom_args to None, run_after=None
[2025-04-13T13:05:49.330-0400] {logging_mixin.py:188} INFO - [2025-04-13T13:05:49.330-0400] {dag.py:3954} INFO - Setting next_dagrun for example_xcom_args_with_operators to None, run_after=None
[2025-04-13T13:05:49.336-0400] {processor.py:183} INFO - Processing /opt/anaconda3/lib/python3.12/site-packages/airflow/example_dags/example_xcomargs.py took 0.099 seconds
[2025-04-13T13:07:43.034-0400] {processor.py:161} INFO - Started process (PID=34339) to work on /opt/anaconda3/lib/python3.12/site-packages/airflow/example_dags/example_xcomargs.py
[2025-04-13T13:07:43.034-0400] {processor.py:830} INFO - Processing file /opt/anaconda3/lib/python3.12/site-packages/airflow/example_dags/example_xcomargs.py for tasks to queue
[2025-04-13T13:07:43.034-0400] {logging_mixin.py:188} INFO - [2025-04-13T13:07:43.034-0400] {dagbag.py:540} INFO - Filling up the DagBag from /opt/anaconda3/lib/python3.12/site-packages/airflow/example_dags/example_xcomargs.py
[2025-04-13T13:07:43.050-0400] {processor.py:840} INFO - DAG(s) 'example_xcom_args', 'example_xcom_args_with_operators' retrieved from /opt/anaconda3/lib/python3.12/site-packages/airflow/example_dags/example_xcomargs.py
[2025-04-13T13:07:43.087-0400] {logging_mixin.py:188} INFO - [2025-04-13T13:07:43.087-0400] {dag.py:3096} INFO - Sync 2 DAGs
[2025-04-13T13:07:43.090-0400] {logging_mixin.py:188} INFO - [2025-04-13T13:07:43.090-0400] {dag.py:3954} INFO - Setting next_dagrun for example_xcom_args to None, run_after=None
[2025-04-13T13:07:43.091-0400] {logging_mixin.py:188} INFO - [2025-04-13T13:07:43.091-0400] {dag.py:3954} INFO - Setting next_dagrun for example_xcom_args_with_operators to None, run_after=None
[2025-04-13T13:07:43.096-0400] {processor.py:183} INFO - Processing /opt/anaconda3/lib/python3.12/site-packages/airflow/example_dags/example_xcomargs.py took 0.063 seconds
[2025-04-13T13:09:23.068-0400] {processor.py:161} INFO - Started process (PID=35033) to work on /opt/anaconda3/lib/python3.12/site-packages/airflow/example_dags/example_xcomargs.py
[2025-04-13T13:09:23.069-0400] {processor.py:830} INFO - Processing file /opt/anaconda3/lib/python3.12/site-packages/airflow/example_dags/example_xcomargs.py for tasks to queue
[2025-04-13T13:09:23.069-0400] {logging_mixin.py:188} INFO - [2025-04-13T13:09:23.069-0400] {dagbag.py:540} INFO - Filling up the DagBag from /opt/anaconda3/lib/python3.12/site-packages/airflow/example_dags/example_xcomargs.py
[2025-04-13T13:09:23.084-0400] {processor.py:840} INFO - DAG(s) 'example_xcom_args_with_operators', 'example_xcom_args' retrieved from /opt/anaconda3/lib/python3.12/site-packages/airflow/example_dags/example_xcomargs.py
[2025-04-13T13:09:23.119-0400] {logging_mixin.py:188} INFO - [2025-04-13T13:09:23.119-0400] {dag.py:3096} INFO - Sync 2 DAGs
[2025-04-13T13:09:23.122-0400] {logging_mixin.py:188} INFO - [2025-04-13T13:09:23.122-0400] {dag.py:3954} INFO - Setting next_dagrun for example_xcom_args to None, run_after=None
[2025-04-13T13:09:23.123-0400] {logging_mixin.py:188} INFO - [2025-04-13T13:09:23.123-0400] {dag.py:3954} INFO - Setting next_dagrun for example_xcom_args_with_operators to None, run_after=None
[2025-04-13T13:09:23.128-0400] {processor.py:183} INFO - Processing /opt/anaconda3/lib/python3.12/site-packages/airflow/example_dags/example_xcomargs.py took 0.061 seconds
[2025-04-13T13:15:16.400-0400] {processor.py:161} INFO - Started process (PID=37178) to work on /opt/anaconda3/lib/python3.12/site-packages/airflow/example_dags/example_xcomargs.py
[2025-04-13T13:15:16.401-0400] {processor.py:830} INFO - Processing file /opt/anaconda3/lib/python3.12/site-packages/airflow/example_dags/example_xcomargs.py for tasks to queue
[2025-04-13T13:15:16.401-0400] {logging_mixin.py:188} INFO - [2025-04-13T13:15:16.401-0400] {dagbag.py:540} INFO - Filling up the DagBag from /opt/anaconda3/lib/python3.12/site-packages/airflow/example_dags/example_xcomargs.py
[2025-04-13T13:15:16.415-0400] {processor.py:840} INFO - DAG(s) 'example_xcom_args_with_operators', 'example_xcom_args' retrieved from /opt/anaconda3/lib/python3.12/site-packages/airflow/example_dags/example_xcomargs.py
[2025-04-13T13:15:16.452-0400] {logging_mixin.py:188} INFO - [2025-04-13T13:15:16.452-0400] {dag.py:3096} INFO - Sync 2 DAGs
[2025-04-13T13:15:16.455-0400] {logging_mixin.py:188} INFO - [2025-04-13T13:15:16.455-0400] {dag.py:3954} INFO - Setting next_dagrun for example_xcom_args to None, run_after=None
[2025-04-13T13:15:16.456-0400] {logging_mixin.py:188} INFO - [2025-04-13T13:15:16.456-0400] {dag.py:3954} INFO - Setting next_dagrun for example_xcom_args_with_operators to None, run_after=None
[2025-04-13T13:15:16.461-0400] {processor.py:183} INFO - Processing /opt/anaconda3/lib/python3.12/site-packages/airflow/example_dags/example_xcomargs.py took 0.063 seconds
[2025-04-13T13:18:56.134-0400] {processor.py:161} INFO - Started process (PID=38666) to work on /opt/anaconda3/lib/python3.12/site-packages/airflow/example_dags/example_xcomargs.py
[2025-04-13T13:18:56.135-0400] {processor.py:830} INFO - Processing file /opt/anaconda3/lib/python3.12/site-packages/airflow/example_dags/example_xcomargs.py for tasks to queue
[2025-04-13T13:18:56.136-0400] {logging_mixin.py:188} INFO - [2025-04-13T13:18:56.136-0400] {dagbag.py:540} INFO - Filling up the DagBag from /opt/anaconda3/lib/python3.12/site-packages/airflow/example_dags/example_xcomargs.py
[2025-04-13T13:18:56.150-0400] {processor.py:840} INFO - DAG(s) 'example_xcom_args_with_operators', 'example_xcom_args' retrieved from /opt/anaconda3/lib/python3.12/site-packages/airflow/example_dags/example_xcomargs.py
[2025-04-13T13:18:56.213-0400] {logging_mixin.py:188} INFO - [2025-04-13T13:18:56.213-0400] {dag.py:3096} INFO - Sync 2 DAGs
[2025-04-13T13:18:56.216-0400] {logging_mixin.py:188} INFO - [2025-04-13T13:18:56.216-0400] {dag.py:3954} INFO - Setting next_dagrun for example_xcom_args to None, run_after=None
[2025-04-13T13:18:56.217-0400] {logging_mixin.py:188} INFO - [2025-04-13T13:18:56.217-0400] {dag.py:3954} INFO - Setting next_dagrun for example_xcom_args_with_operators to None, run_after=None
[2025-04-13T13:18:56.222-0400] {processor.py:183} INFO - Processing /opt/anaconda3/lib/python3.12/site-packages/airflow/example_dags/example_xcomargs.py took 0.089 seconds
[2025-04-13T13:21:11.416-0400] {processor.py:161} INFO - Started process (PID=39683) to work on /opt/anaconda3/lib/python3.12/site-packages/airflow/example_dags/example_xcomargs.py
[2025-04-13T13:21:11.417-0400] {processor.py:830} INFO - Processing file /opt/anaconda3/lib/python3.12/site-packages/airflow/example_dags/example_xcomargs.py for tasks to queue
[2025-04-13T13:21:11.417-0400] {logging_mixin.py:188} INFO - [2025-04-13T13:21:11.417-0400] {dagbag.py:540} INFO - Filling up the DagBag from /opt/anaconda3/lib/python3.12/site-packages/airflow/example_dags/example_xcomargs.py
[2025-04-13T13:21:11.432-0400] {processor.py:840} INFO - DAG(s) 'example_xcom_args', 'example_xcom_args_with_operators' retrieved from /opt/anaconda3/lib/python3.12/site-packages/airflow/example_dags/example_xcomargs.py
[2025-04-13T13:21:11.496-0400] {logging_mixin.py:188} INFO - [2025-04-13T13:21:11.496-0400] {dag.py:3096} INFO - Sync 2 DAGs
[2025-04-13T13:21:11.499-0400] {logging_mixin.py:188} INFO - [2025-04-13T13:21:11.499-0400] {dag.py:3954} INFO - Setting next_dagrun for example_xcom_args to None, run_after=None
[2025-04-13T13:21:11.500-0400] {logging_mixin.py:188} INFO - [2025-04-13T13:21:11.500-0400] {dag.py:3954} INFO - Setting next_dagrun for example_xcom_args_with_operators to None, run_after=None
[2025-04-13T13:21:11.505-0400] {processor.py:183} INFO - Processing /opt/anaconda3/lib/python3.12/site-packages/airflow/example_dags/example_xcomargs.py took 0.090 seconds
[2025-04-13T13:23:25.098-0400] {processor.py:161} INFO - Started process (PID=40597) to work on /opt/anaconda3/lib/python3.12/site-packages/airflow/example_dags/example_xcomargs.py
[2025-04-13T13:23:25.099-0400] {processor.py:830} INFO - Processing file /opt/anaconda3/lib/python3.12/site-packages/airflow/example_dags/example_xcomargs.py for tasks to queue
[2025-04-13T13:23:25.099-0400] {logging_mixin.py:188} INFO - [2025-04-13T13:23:25.099-0400] {dagbag.py:540} INFO - Filling up the DagBag from /opt/anaconda3/lib/python3.12/site-packages/airflow/example_dags/example_xcomargs.py
[2025-04-13T13:23:25.114-0400] {processor.py:840} INFO - DAG(s) 'example_xcom_args_with_operators', 'example_xcom_args' retrieved from /opt/anaconda3/lib/python3.12/site-packages/airflow/example_dags/example_xcomargs.py
[2025-04-13T13:23:25.151-0400] {logging_mixin.py:188} INFO - [2025-04-13T13:23:25.151-0400] {dag.py:3096} INFO - Sync 2 DAGs
[2025-04-13T13:23:25.154-0400] {logging_mixin.py:188} INFO - [2025-04-13T13:23:25.154-0400] {dag.py:3954} INFO - Setting next_dagrun for example_xcom_args to None, run_after=None
[2025-04-13T13:23:25.155-0400] {logging_mixin.py:188} INFO - [2025-04-13T13:23:25.155-0400] {dag.py:3954} INFO - Setting next_dagrun for example_xcom_args_with_operators to None, run_after=None
[2025-04-13T13:23:25.160-0400] {processor.py:183} INFO - Processing /opt/anaconda3/lib/python3.12/site-packages/airflow/example_dags/example_xcomargs.py took 0.063 seconds
[2025-04-13T13:25:04.697-0400] {processor.py:161} INFO - Started process (PID=41269) to work on /opt/anaconda3/lib/python3.12/site-packages/airflow/example_dags/example_xcomargs.py
[2025-04-13T13:25:04.698-0400] {processor.py:830} INFO - Processing file /opt/anaconda3/lib/python3.12/site-packages/airflow/example_dags/example_xcomargs.py for tasks to queue
[2025-04-13T13:25:04.698-0400] {logging_mixin.py:188} INFO - [2025-04-13T13:25:04.698-0400] {dagbag.py:540} INFO - Filling up the DagBag from /opt/anaconda3/lib/python3.12/site-packages/airflow/example_dags/example_xcomargs.py
[2025-04-13T13:25:04.714-0400] {processor.py:840} INFO - DAG(s) 'example_xcom_args', 'example_xcom_args_with_operators' retrieved from /opt/anaconda3/lib/python3.12/site-packages/airflow/example_dags/example_xcomargs.py
[2025-04-13T13:25:04.751-0400] {logging_mixin.py:188} INFO - [2025-04-13T13:25:04.751-0400] {dag.py:3096} INFO - Sync 2 DAGs
[2025-04-13T13:25:04.755-0400] {logging_mixin.py:188} INFO - [2025-04-13T13:25:04.755-0400] {dag.py:3954} INFO - Setting next_dagrun for example_xcom_args to None, run_after=None
[2025-04-13T13:25:04.756-0400] {logging_mixin.py:188} INFO - [2025-04-13T13:25:04.756-0400] {dag.py:3954} INFO - Setting next_dagrun for example_xcom_args_with_operators to None, run_after=None
[2025-04-13T13:25:04.763-0400] {processor.py:183} INFO - Processing /opt/anaconda3/lib/python3.12/site-packages/airflow/example_dags/example_xcomargs.py took 0.067 seconds
[2025-04-13T13:26:11.181-0400] {processor.py:161} INFO - Started process (PID=41703) to work on /opt/anaconda3/lib/python3.12/site-packages/airflow/example_dags/example_xcomargs.py
[2025-04-13T13:26:11.181-0400] {processor.py:830} INFO - Processing file /opt/anaconda3/lib/python3.12/site-packages/airflow/example_dags/example_xcomargs.py for tasks to queue
[2025-04-13T13:26:11.181-0400] {logging_mixin.py:188} INFO - [2025-04-13T13:26:11.181-0400] {dagbag.py:540} INFO - Filling up the DagBag from /opt/anaconda3/lib/python3.12/site-packages/airflow/example_dags/example_xcomargs.py
[2025-04-13T13:26:11.196-0400] {processor.py:840} INFO - DAG(s) 'example_xcom_args_with_operators', 'example_xcom_args' retrieved from /opt/anaconda3/lib/python3.12/site-packages/airflow/example_dags/example_xcomargs.py
[2025-04-13T13:26:11.232-0400] {logging_mixin.py:188} INFO - [2025-04-13T13:26:11.232-0400] {dag.py:3096} INFO - Sync 2 DAGs
[2025-04-13T13:26:11.236-0400] {logging_mixin.py:188} INFO - [2025-04-13T13:26:11.236-0400] {dag.py:3954} INFO - Setting next_dagrun for example_xcom_args to None, run_after=None
[2025-04-13T13:26:11.237-0400] {logging_mixin.py:188} INFO - [2025-04-13T13:26:11.236-0400] {dag.py:3954} INFO - Setting next_dagrun for example_xcom_args_with_operators to None, run_after=None
[2025-04-13T13:26:11.242-0400] {processor.py:183} INFO - Processing /opt/anaconda3/lib/python3.12/site-packages/airflow/example_dags/example_xcomargs.py took 0.062 seconds
[2025-04-13T13:27:12.588-0400] {processor.py:161} INFO - Started process (PID=42115) to work on /opt/anaconda3/lib/python3.12/site-packages/airflow/example_dags/example_xcomargs.py
[2025-04-13T13:27:12.589-0400] {processor.py:830} INFO - Processing file /opt/anaconda3/lib/python3.12/site-packages/airflow/example_dags/example_xcomargs.py for tasks to queue
[2025-04-13T13:27:12.589-0400] {logging_mixin.py:188} INFO - [2025-04-13T13:27:12.589-0400] {dagbag.py:540} INFO - Filling up the DagBag from /opt/anaconda3/lib/python3.12/site-packages/airflow/example_dags/example_xcomargs.py
[2025-04-13T13:27:12.605-0400] {processor.py:840} INFO - DAG(s) 'example_xcom_args_with_operators', 'example_xcom_args' retrieved from /opt/anaconda3/lib/python3.12/site-packages/airflow/example_dags/example_xcomargs.py
[2025-04-13T13:27:12.643-0400] {logging_mixin.py:188} INFO - [2025-04-13T13:27:12.643-0400] {dag.py:3096} INFO - Sync 2 DAGs
[2025-04-13T13:27:12.652-0400] {logging_mixin.py:188} INFO - [2025-04-13T13:27:12.652-0400] {dag.py:3954} INFO - Setting next_dagrun for example_xcom_args to None, run_after=None
[2025-04-13T13:27:12.653-0400] {logging_mixin.py:188} INFO - [2025-04-13T13:27:12.653-0400] {dag.py:3954} INFO - Setting next_dagrun for example_xcom_args_with_operators to None, run_after=None
[2025-04-13T13:27:12.668-0400] {processor.py:183} INFO - Processing /opt/anaconda3/lib/python3.12/site-packages/airflow/example_dags/example_xcomargs.py took 0.081 seconds
[2025-04-13T13:28:16.083-0400] {processor.py:161} INFO - Started process (PID=42545) to work on /opt/anaconda3/lib/python3.12/site-packages/airflow/example_dags/example_xcomargs.py
[2025-04-13T13:28:16.084-0400] {processor.py:830} INFO - Processing file /opt/anaconda3/lib/python3.12/site-packages/airflow/example_dags/example_xcomargs.py for tasks to queue
[2025-04-13T13:28:16.085-0400] {logging_mixin.py:188} INFO - [2025-04-13T13:28:16.085-0400] {dagbag.py:540} INFO - Filling up the DagBag from /opt/anaconda3/lib/python3.12/site-packages/airflow/example_dags/example_xcomargs.py
[2025-04-13T13:28:16.099-0400] {processor.py:840} INFO - DAG(s) 'example_xcom_args_with_operators', 'example_xcom_args' retrieved from /opt/anaconda3/lib/python3.12/site-packages/airflow/example_dags/example_xcomargs.py
[2025-04-13T13:28:16.135-0400] {logging_mixin.py:188} INFO - [2025-04-13T13:28:16.135-0400] {dag.py:3096} INFO - Sync 2 DAGs
[2025-04-13T13:28:16.138-0400] {logging_mixin.py:188} INFO - [2025-04-13T13:28:16.138-0400] {dag.py:3954} INFO - Setting next_dagrun for example_xcom_args to None, run_after=None
[2025-04-13T13:28:16.139-0400] {logging_mixin.py:188} INFO - [2025-04-13T13:28:16.139-0400] {dag.py:3954} INFO - Setting next_dagrun for example_xcom_args_with_operators to None, run_after=None
[2025-04-13T13:28:16.145-0400] {processor.py:183} INFO - Processing /opt/anaconda3/lib/python3.12/site-packages/airflow/example_dags/example_xcomargs.py took 0.062 seconds
[2025-04-13T13:29:25.021-0400] {processor.py:161} INFO - Started process (PID=42992) to work on /opt/anaconda3/lib/python3.12/site-packages/airflow/example_dags/example_xcomargs.py
[2025-04-13T13:29:25.022-0400] {processor.py:830} INFO - Processing file /opt/anaconda3/lib/python3.12/site-packages/airflow/example_dags/example_xcomargs.py for tasks to queue
[2025-04-13T13:29:25.022-0400] {logging_mixin.py:188} INFO - [2025-04-13T13:29:25.022-0400] {dagbag.py:540} INFO - Filling up the DagBag from /opt/anaconda3/lib/python3.12/site-packages/airflow/example_dags/example_xcomargs.py
[2025-04-13T13:29:25.037-0400] {processor.py:840} INFO - DAG(s) 'example_xcom_args', 'example_xcom_args_with_operators' retrieved from /opt/anaconda3/lib/python3.12/site-packages/airflow/example_dags/example_xcomargs.py
[2025-04-13T13:29:25.072-0400] {logging_mixin.py:188} INFO - [2025-04-13T13:29:25.072-0400] {dag.py:3096} INFO - Sync 2 DAGs
[2025-04-13T13:29:25.075-0400] {logging_mixin.py:188} INFO - [2025-04-13T13:29:25.075-0400] {dag.py:3954} INFO - Setting next_dagrun for example_xcom_args to None, run_after=None
[2025-04-13T13:29:25.076-0400] {logging_mixin.py:188} INFO - [2025-04-13T13:29:25.076-0400] {dag.py:3954} INFO - Setting next_dagrun for example_xcom_args_with_operators to None, run_after=None
[2025-04-13T13:29:25.082-0400] {processor.py:183} INFO - Processing /opt/anaconda3/lib/python3.12/site-packages/airflow/example_dags/example_xcomargs.py took 0.061 seconds
[2025-04-13T13:31:41.457-0400] {processor.py:161} INFO - Started process (PID=43879) to work on /opt/anaconda3/lib/python3.12/site-packages/airflow/example_dags/example_xcomargs.py
[2025-04-13T13:31:41.457-0400] {processor.py:830} INFO - Processing file /opt/anaconda3/lib/python3.12/site-packages/airflow/example_dags/example_xcomargs.py for tasks to queue
[2025-04-13T13:31:41.457-0400] {logging_mixin.py:188} INFO - [2025-04-13T13:31:41.457-0400] {dagbag.py:540} INFO - Filling up the DagBag from /opt/anaconda3/lib/python3.12/site-packages/airflow/example_dags/example_xcomargs.py
[2025-04-13T13:31:41.473-0400] {processor.py:840} INFO - DAG(s) 'example_xcom_args_with_operators', 'example_xcom_args' retrieved from /opt/anaconda3/lib/python3.12/site-packages/airflow/example_dags/example_xcomargs.py
[2025-04-13T13:31:41.511-0400] {logging_mixin.py:188} INFO - [2025-04-13T13:31:41.511-0400] {dag.py:3096} INFO - Sync 2 DAGs
[2025-04-13T13:31:41.515-0400] {logging_mixin.py:188} INFO - [2025-04-13T13:31:41.515-0400] {dag.py:3954} INFO - Setting next_dagrun for example_xcom_args to None, run_after=None
[2025-04-13T13:31:41.516-0400] {logging_mixin.py:188} INFO - [2025-04-13T13:31:41.516-0400] {dag.py:3954} INFO - Setting next_dagrun for example_xcom_args_with_operators to None, run_after=None
[2025-04-13T13:31:41.521-0400] {processor.py:183} INFO - Processing /opt/anaconda3/lib/python3.12/site-packages/airflow/example_dags/example_xcomargs.py took 0.065 seconds
[2025-04-13T13:33:19.770-0400] {processor.py:161} INFO - Started process (PID=44524) to work on /opt/anaconda3/lib/python3.12/site-packages/airflow/example_dags/example_xcomargs.py
[2025-04-13T13:33:19.771-0400] {processor.py:830} INFO - Processing file /opt/anaconda3/lib/python3.12/site-packages/airflow/example_dags/example_xcomargs.py for tasks to queue
[2025-04-13T13:33:19.771-0400] {logging_mixin.py:188} INFO - [2025-04-13T13:33:19.771-0400] {dagbag.py:540} INFO - Filling up the DagBag from /opt/anaconda3/lib/python3.12/site-packages/airflow/example_dags/example_xcomargs.py
[2025-04-13T13:33:19.787-0400] {processor.py:840} INFO - DAG(s) 'example_xcom_args_with_operators', 'example_xcom_args' retrieved from /opt/anaconda3/lib/python3.12/site-packages/airflow/example_dags/example_xcomargs.py
[2025-04-13T13:33:19.824-0400] {logging_mixin.py:188} INFO - [2025-04-13T13:33:19.823-0400] {dag.py:3096} INFO - Sync 2 DAGs
[2025-04-13T13:33:19.827-0400] {logging_mixin.py:188} INFO - [2025-04-13T13:33:19.827-0400] {dag.py:3954} INFO - Setting next_dagrun for example_xcom_args to None, run_after=None
[2025-04-13T13:33:19.828-0400] {logging_mixin.py:188} INFO - [2025-04-13T13:33:19.828-0400] {dag.py:3954} INFO - Setting next_dagrun for example_xcom_args_with_operators to None, run_after=None
[2025-04-13T13:33:19.833-0400] {processor.py:183} INFO - Processing /opt/anaconda3/lib/python3.12/site-packages/airflow/example_dags/example_xcomargs.py took 0.064 seconds
[2025-04-13T13:36:04.842-0400] {processor.py:161} INFO - Started process (PID=45070) to work on /opt/anaconda3/lib/python3.12/site-packages/airflow/example_dags/example_xcomargs.py
[2025-04-13T13:36:04.843-0400] {processor.py:830} INFO - Processing file /opt/anaconda3/lib/python3.12/site-packages/airflow/example_dags/example_xcomargs.py for tasks to queue
[2025-04-13T13:36:04.843-0400] {logging_mixin.py:188} INFO - [2025-04-13T13:36:04.843-0400] {dagbag.py:540} INFO - Filling up the DagBag from /opt/anaconda3/lib/python3.12/site-packages/airflow/example_dags/example_xcomargs.py
[2025-04-13T13:36:04.858-0400] {processor.py:840} INFO - DAG(s) 'example_xcom_args', 'example_xcom_args_with_operators' retrieved from /opt/anaconda3/lib/python3.12/site-packages/airflow/example_dags/example_xcomargs.py
[2025-04-13T13:36:04.894-0400] {logging_mixin.py:188} INFO - [2025-04-13T13:36:04.894-0400] {dag.py:3096} INFO - Sync 2 DAGs
[2025-04-13T13:36:04.898-0400] {logging_mixin.py:188} INFO - [2025-04-13T13:36:04.897-0400] {dag.py:3954} INFO - Setting next_dagrun for example_xcom_args to None, run_after=None
[2025-04-13T13:36:04.898-0400] {logging_mixin.py:188} INFO - [2025-04-13T13:36:04.898-0400] {dag.py:3954} INFO - Setting next_dagrun for example_xcom_args_with_operators to None, run_after=None
[2025-04-13T13:36:04.904-0400] {processor.py:183} INFO - Processing /opt/anaconda3/lib/python3.12/site-packages/airflow/example_dags/example_xcomargs.py took 0.063 seconds
[2025-04-13T13:37:29.329-0400] {processor.py:161} INFO - Started process (PID=45636) to work on /opt/anaconda3/lib/python3.12/site-packages/airflow/example_dags/example_xcomargs.py
[2025-04-13T13:37:29.330-0400] {processor.py:830} INFO - Processing file /opt/anaconda3/lib/python3.12/site-packages/airflow/example_dags/example_xcomargs.py for tasks to queue
[2025-04-13T13:37:29.330-0400] {logging_mixin.py:188} INFO - [2025-04-13T13:37:29.330-0400] {dagbag.py:540} INFO - Filling up the DagBag from /opt/anaconda3/lib/python3.12/site-packages/airflow/example_dags/example_xcomargs.py
[2025-04-13T13:37:29.344-0400] {processor.py:840} INFO - DAG(s) 'example_xcom_args_with_operators', 'example_xcom_args' retrieved from /opt/anaconda3/lib/python3.12/site-packages/airflow/example_dags/example_xcomargs.py
[2025-04-13T13:37:29.384-0400] {logging_mixin.py:188} INFO - [2025-04-13T13:37:29.384-0400] {dag.py:3096} INFO - Sync 2 DAGs
[2025-04-13T13:37:29.390-0400] {logging_mixin.py:188} INFO - [2025-04-13T13:37:29.390-0400] {dag.py:3954} INFO - Setting next_dagrun for example_xcom_args to None, run_after=None
[2025-04-13T13:37:29.391-0400] {logging_mixin.py:188} INFO - [2025-04-13T13:37:29.391-0400] {dag.py:3954} INFO - Setting next_dagrun for example_xcom_args_with_operators to None, run_after=None
[2025-04-13T13:37:29.397-0400] {processor.py:183} INFO - Processing /opt/anaconda3/lib/python3.12/site-packages/airflow/example_dags/example_xcomargs.py took 0.069 seconds
[2025-04-13T13:38:36.956-0400] {processor.py:161} INFO - Started process (PID=46085) to work on /opt/anaconda3/lib/python3.12/site-packages/airflow/example_dags/example_xcomargs.py
[2025-04-13T13:38:36.957-0400] {processor.py:830} INFO - Processing file /opt/anaconda3/lib/python3.12/site-packages/airflow/example_dags/example_xcomargs.py for tasks to queue
[2025-04-13T13:38:36.958-0400] {logging_mixin.py:188} INFO - [2025-04-13T13:38:36.958-0400] {dagbag.py:540} INFO - Filling up the DagBag from /opt/anaconda3/lib/python3.12/site-packages/airflow/example_dags/example_xcomargs.py
[2025-04-13T13:38:36.973-0400] {processor.py:840} INFO - DAG(s) 'example_xcom_args', 'example_xcom_args_with_operators' retrieved from /opt/anaconda3/lib/python3.12/site-packages/airflow/example_dags/example_xcomargs.py
[2025-04-13T13:38:37.009-0400] {logging_mixin.py:188} INFO - [2025-04-13T13:38:37.008-0400] {dag.py:3096} INFO - Sync 2 DAGs
[2025-04-13T13:38:37.012-0400] {logging_mixin.py:188} INFO - [2025-04-13T13:38:37.012-0400] {dag.py:3954} INFO - Setting next_dagrun for example_xcom_args to None, run_after=None
[2025-04-13T13:38:37.013-0400] {logging_mixin.py:188} INFO - [2025-04-13T13:38:37.013-0400] {dag.py:3954} INFO - Setting next_dagrun for example_xcom_args_with_operators to None, run_after=None
[2025-04-13T13:38:37.018-0400] {processor.py:183} INFO - Processing /opt/anaconda3/lib/python3.12/site-packages/airflow/example_dags/example_xcomargs.py took 0.062 seconds
[2025-04-13T13:39:45.415-0400] {processor.py:161} INFO - Started process (PID=46534) to work on /opt/anaconda3/lib/python3.12/site-packages/airflow/example_dags/example_xcomargs.py
[2025-04-13T13:39:45.416-0400] {processor.py:830} INFO - Processing file /opt/anaconda3/lib/python3.12/site-packages/airflow/example_dags/example_xcomargs.py for tasks to queue
[2025-04-13T13:39:45.416-0400] {logging_mixin.py:188} INFO - [2025-04-13T13:39:45.416-0400] {dagbag.py:540} INFO - Filling up the DagBag from /opt/anaconda3/lib/python3.12/site-packages/airflow/example_dags/example_xcomargs.py
[2025-04-13T13:39:45.431-0400] {processor.py:840} INFO - DAG(s) 'example_xcom_args_with_operators', 'example_xcom_args' retrieved from /opt/anaconda3/lib/python3.12/site-packages/airflow/example_dags/example_xcomargs.py
[2025-04-13T13:39:45.466-0400] {logging_mixin.py:188} INFO - [2025-04-13T13:39:45.466-0400] {dag.py:3096} INFO - Sync 2 DAGs
[2025-04-13T13:39:45.469-0400] {logging_mixin.py:188} INFO - [2025-04-13T13:39:45.469-0400] {dag.py:3954} INFO - Setting next_dagrun for example_xcom_args to None, run_after=None
[2025-04-13T13:39:45.470-0400] {logging_mixin.py:188} INFO - [2025-04-13T13:39:45.470-0400] {dag.py:3954} INFO - Setting next_dagrun for example_xcom_args_with_operators to None, run_after=None
[2025-04-13T13:39:45.475-0400] {processor.py:183} INFO - Processing /opt/anaconda3/lib/python3.12/site-packages/airflow/example_dags/example_xcomargs.py took 0.061 seconds
[2025-04-13T13:40:51.173-0400] {processor.py:161} INFO - Started process (PID=47005) to work on /opt/anaconda3/lib/python3.12/site-packages/airflow/example_dags/example_xcomargs.py
[2025-04-13T13:40:51.174-0400] {processor.py:830} INFO - Processing file /opt/anaconda3/lib/python3.12/site-packages/airflow/example_dags/example_xcomargs.py for tasks to queue
[2025-04-13T13:40:51.174-0400] {logging_mixin.py:188} INFO - [2025-04-13T13:40:51.174-0400] {dagbag.py:540} INFO - Filling up the DagBag from /opt/anaconda3/lib/python3.12/site-packages/airflow/example_dags/example_xcomargs.py
[2025-04-13T13:40:51.189-0400] {processor.py:840} INFO - DAG(s) 'example_xcom_args', 'example_xcom_args_with_operators' retrieved from /opt/anaconda3/lib/python3.12/site-packages/airflow/example_dags/example_xcomargs.py
[2025-04-13T13:40:51.224-0400] {logging_mixin.py:188} INFO - [2025-04-13T13:40:51.224-0400] {dag.py:3096} INFO - Sync 2 DAGs
[2025-04-13T13:40:51.227-0400] {logging_mixin.py:188} INFO - [2025-04-13T13:40:51.227-0400] {dag.py:3954} INFO - Setting next_dagrun for example_xcom_args to None, run_after=None
[2025-04-13T13:40:51.228-0400] {logging_mixin.py:188} INFO - [2025-04-13T13:40:51.228-0400] {dag.py:3954} INFO - Setting next_dagrun for example_xcom_args_with_operators to None, run_after=None
[2025-04-13T13:40:51.233-0400] {processor.py:183} INFO - Processing /opt/anaconda3/lib/python3.12/site-packages/airflow/example_dags/example_xcomargs.py took 0.061 seconds
[2025-04-13T13:41:56.849-0400] {processor.py:161} INFO - Started process (PID=47449) to work on /opt/anaconda3/lib/python3.12/site-packages/airflow/example_dags/example_xcomargs.py
[2025-04-13T13:41:56.850-0400] {processor.py:830} INFO - Processing file /opt/anaconda3/lib/python3.12/site-packages/airflow/example_dags/example_xcomargs.py for tasks to queue
[2025-04-13T13:41:56.851-0400] {logging_mixin.py:188} INFO - [2025-04-13T13:41:56.851-0400] {dagbag.py:540} INFO - Filling up the DagBag from /opt/anaconda3/lib/python3.12/site-packages/airflow/example_dags/example_xcomargs.py
[2025-04-13T13:41:56.865-0400] {processor.py:840} INFO - DAG(s) 'example_xcom_args', 'example_xcom_args_with_operators' retrieved from /opt/anaconda3/lib/python3.12/site-packages/airflow/example_dags/example_xcomargs.py
[2025-04-13T13:41:56.900-0400] {logging_mixin.py:188} INFO - [2025-04-13T13:41:56.900-0400] {dag.py:3096} INFO - Sync 2 DAGs
[2025-04-13T13:41:56.903-0400] {logging_mixin.py:188} INFO - [2025-04-13T13:41:56.903-0400] {dag.py:3954} INFO - Setting next_dagrun for example_xcom_args to None, run_after=None
[2025-04-13T13:41:56.904-0400] {logging_mixin.py:188} INFO - [2025-04-13T13:41:56.904-0400] {dag.py:3954} INFO - Setting next_dagrun for example_xcom_args_with_operators to None, run_after=None
[2025-04-13T13:41:56.909-0400] {processor.py:183} INFO - Processing /opt/anaconda3/lib/python3.12/site-packages/airflow/example_dags/example_xcomargs.py took 0.061 seconds
[2025-04-13T13:43:02.279-0400] {processor.py:161} INFO - Started process (PID=47902) to work on /opt/anaconda3/lib/python3.12/site-packages/airflow/example_dags/example_xcomargs.py
[2025-04-13T13:43:02.280-0400] {processor.py:830} INFO - Processing file /opt/anaconda3/lib/python3.12/site-packages/airflow/example_dags/example_xcomargs.py for tasks to queue
[2025-04-13T13:43:02.280-0400] {logging_mixin.py:188} INFO - [2025-04-13T13:43:02.280-0400] {dagbag.py:540} INFO - Filling up the DagBag from /opt/anaconda3/lib/python3.12/site-packages/airflow/example_dags/example_xcomargs.py
[2025-04-13T13:43:02.294-0400] {processor.py:840} INFO - DAG(s) 'example_xcom_args_with_operators', 'example_xcom_args' retrieved from /opt/anaconda3/lib/python3.12/site-packages/airflow/example_dags/example_xcomargs.py
[2025-04-13T13:43:02.330-0400] {logging_mixin.py:188} INFO - [2025-04-13T13:43:02.330-0400] {dag.py:3096} INFO - Sync 2 DAGs
[2025-04-13T13:43:02.333-0400] {logging_mixin.py:188} INFO - [2025-04-13T13:43:02.333-0400] {dag.py:3954} INFO - Setting next_dagrun for example_xcom_args to None, run_after=None
[2025-04-13T13:43:02.334-0400] {logging_mixin.py:188} INFO - [2025-04-13T13:43:02.334-0400] {dag.py:3954} INFO - Setting next_dagrun for example_xcom_args_with_operators to None, run_after=None
[2025-04-13T13:43:02.340-0400] {processor.py:183} INFO - Processing /opt/anaconda3/lib/python3.12/site-packages/airflow/example_dags/example_xcomargs.py took 0.062 seconds
[2025-04-13T13:44:07.465-0400] {processor.py:161} INFO - Started process (PID=48339) to work on /opt/anaconda3/lib/python3.12/site-packages/airflow/example_dags/example_xcomargs.py
[2025-04-13T13:44:07.466-0400] {processor.py:830} INFO - Processing file /opt/anaconda3/lib/python3.12/site-packages/airflow/example_dags/example_xcomargs.py for tasks to queue
[2025-04-13T13:44:07.467-0400] {logging_mixin.py:188} INFO - [2025-04-13T13:44:07.467-0400] {dagbag.py:540} INFO - Filling up the DagBag from /opt/anaconda3/lib/python3.12/site-packages/airflow/example_dags/example_xcomargs.py
[2025-04-13T13:44:07.482-0400] {processor.py:840} INFO - DAG(s) 'example_xcom_args', 'example_xcom_args_with_operators' retrieved from /opt/anaconda3/lib/python3.12/site-packages/airflow/example_dags/example_xcomargs.py
[2025-04-13T13:44:07.518-0400] {logging_mixin.py:188} INFO - [2025-04-13T13:44:07.518-0400] {dag.py:3096} INFO - Sync 2 DAGs
[2025-04-13T13:44:07.521-0400] {logging_mixin.py:188} INFO - [2025-04-13T13:44:07.521-0400] {dag.py:3954} INFO - Setting next_dagrun for example_xcom_args to None, run_after=None
[2025-04-13T13:44:07.522-0400] {logging_mixin.py:188} INFO - [2025-04-13T13:44:07.522-0400] {dag.py:3954} INFO - Setting next_dagrun for example_xcom_args_with_operators to None, run_after=None
[2025-04-13T13:44:07.527-0400] {processor.py:183} INFO - Processing /opt/anaconda3/lib/python3.12/site-packages/airflow/example_dags/example_xcomargs.py took 0.063 seconds
[2025-04-13T13:45:13.214-0400] {processor.py:161} INFO - Started process (PID=48787) to work on /opt/anaconda3/lib/python3.12/site-packages/airflow/example_dags/example_xcomargs.py
[2025-04-13T13:45:13.215-0400] {processor.py:830} INFO - Processing file /opt/anaconda3/lib/python3.12/site-packages/airflow/example_dags/example_xcomargs.py for tasks to queue
[2025-04-13T13:45:13.215-0400] {logging_mixin.py:188} INFO - [2025-04-13T13:45:13.215-0400] {dagbag.py:540} INFO - Filling up the DagBag from /opt/anaconda3/lib/python3.12/site-packages/airflow/example_dags/example_xcomargs.py
[2025-04-13T13:45:13.229-0400] {processor.py:840} INFO - DAG(s) 'example_xcom_args_with_operators', 'example_xcom_args' retrieved from /opt/anaconda3/lib/python3.12/site-packages/airflow/example_dags/example_xcomargs.py
[2025-04-13T13:45:13.265-0400] {logging_mixin.py:188} INFO - [2025-04-13T13:45:13.264-0400] {dag.py:3096} INFO - Sync 2 DAGs
[2025-04-13T13:45:13.267-0400] {logging_mixin.py:188} INFO - [2025-04-13T13:45:13.267-0400] {dag.py:3954} INFO - Setting next_dagrun for example_xcom_args to None, run_after=None
[2025-04-13T13:45:13.268-0400] {logging_mixin.py:188} INFO - [2025-04-13T13:45:13.268-0400] {dag.py:3954} INFO - Setting next_dagrun for example_xcom_args_with_operators to None, run_after=None
[2025-04-13T13:45:13.273-0400] {processor.py:183} INFO - Processing /opt/anaconda3/lib/python3.12/site-packages/airflow/example_dags/example_xcomargs.py took 0.060 seconds
[2025-04-13T13:46:24.133-0400] {processor.py:161} INFO - Started process (PID=49254) to work on /opt/anaconda3/lib/python3.12/site-packages/airflow/example_dags/example_xcomargs.py
[2025-04-13T13:46:24.134-0400] {processor.py:830} INFO - Processing file /opt/anaconda3/lib/python3.12/site-packages/airflow/example_dags/example_xcomargs.py for tasks to queue
[2025-04-13T13:46:24.134-0400] {logging_mixin.py:188} INFO - [2025-04-13T13:46:24.134-0400] {dagbag.py:540} INFO - Filling up the DagBag from /opt/anaconda3/lib/python3.12/site-packages/airflow/example_dags/example_xcomargs.py
[2025-04-13T13:46:24.149-0400] {processor.py:840} INFO - DAG(s) 'example_xcom_args_with_operators', 'example_xcom_args' retrieved from /opt/anaconda3/lib/python3.12/site-packages/airflow/example_dags/example_xcomargs.py
[2025-04-13T13:46:24.185-0400] {logging_mixin.py:188} INFO - [2025-04-13T13:46:24.185-0400] {dag.py:3096} INFO - Sync 2 DAGs
[2025-04-13T13:46:24.188-0400] {logging_mixin.py:188} INFO - [2025-04-13T13:46:24.188-0400] {dag.py:3954} INFO - Setting next_dagrun for example_xcom_args to None, run_after=None
[2025-04-13T13:46:24.189-0400] {logging_mixin.py:188} INFO - [2025-04-13T13:46:24.189-0400] {dag.py:3954} INFO - Setting next_dagrun for example_xcom_args_with_operators to None, run_after=None
[2025-04-13T13:46:24.194-0400] {processor.py:183} INFO - Processing /opt/anaconda3/lib/python3.12/site-packages/airflow/example_dags/example_xcomargs.py took 0.061 seconds
[2025-04-13T13:47:36.624-0400] {processor.py:161} INFO - Started process (PID=49732) to work on /opt/anaconda3/lib/python3.12/site-packages/airflow/example_dags/example_xcomargs.py
[2025-04-13T13:47:36.625-0400] {processor.py:830} INFO - Processing file /opt/anaconda3/lib/python3.12/site-packages/airflow/example_dags/example_xcomargs.py for tasks to queue
[2025-04-13T13:47:36.625-0400] {logging_mixin.py:188} INFO - [2025-04-13T13:47:36.625-0400] {dagbag.py:540} INFO - Filling up the DagBag from /opt/anaconda3/lib/python3.12/site-packages/airflow/example_dags/example_xcomargs.py
[2025-04-13T13:47:36.640-0400] {processor.py:840} INFO - DAG(s) 'example_xcom_args', 'example_xcom_args_with_operators' retrieved from /opt/anaconda3/lib/python3.12/site-packages/airflow/example_dags/example_xcomargs.py
[2025-04-13T13:47:36.679-0400] {logging_mixin.py:188} INFO - [2025-04-13T13:47:36.678-0400] {dag.py:3096} INFO - Sync 2 DAGs
[2025-04-13T13:47:36.682-0400] {logging_mixin.py:188} INFO - [2025-04-13T13:47:36.682-0400] {dag.py:3954} INFO - Setting next_dagrun for example_xcom_args to None, run_after=None
[2025-04-13T13:47:36.683-0400] {logging_mixin.py:188} INFO - [2025-04-13T13:47:36.683-0400] {dag.py:3954} INFO - Setting next_dagrun for example_xcom_args_with_operators to None, run_after=None
[2025-04-13T13:47:36.688-0400] {processor.py:183} INFO - Processing /opt/anaconda3/lib/python3.12/site-packages/airflow/example_dags/example_xcomargs.py took 0.065 seconds
[2025-04-13T13:48:48.021-0400] {processor.py:161} INFO - Started process (PID=50204) to work on /opt/anaconda3/lib/python3.12/site-packages/airflow/example_dags/example_xcomargs.py
[2025-04-13T13:48:48.022-0400] {processor.py:830} INFO - Processing file /opt/anaconda3/lib/python3.12/site-packages/airflow/example_dags/example_xcomargs.py for tasks to queue
[2025-04-13T13:48:48.022-0400] {logging_mixin.py:188} INFO - [2025-04-13T13:48:48.022-0400] {dagbag.py:540} INFO - Filling up the DagBag from /opt/anaconda3/lib/python3.12/site-packages/airflow/example_dags/example_xcomargs.py
[2025-04-13T13:48:48.037-0400] {processor.py:840} INFO - DAG(s) 'example_xcom_args_with_operators', 'example_xcom_args' retrieved from /opt/anaconda3/lib/python3.12/site-packages/airflow/example_dags/example_xcomargs.py
[2025-04-13T13:48:48.074-0400] {logging_mixin.py:188} INFO - [2025-04-13T13:48:48.073-0400] {dag.py:3096} INFO - Sync 2 DAGs
[2025-04-13T13:48:48.077-0400] {logging_mixin.py:188} INFO - [2025-04-13T13:48:48.077-0400] {dag.py:3954} INFO - Setting next_dagrun for example_xcom_args to None, run_after=None
[2025-04-13T13:48:48.078-0400] {logging_mixin.py:188} INFO - [2025-04-13T13:48:48.078-0400] {dag.py:3954} INFO - Setting next_dagrun for example_xcom_args_with_operators to None, run_after=None
[2025-04-13T13:48:48.083-0400] {processor.py:183} INFO - Processing /opt/anaconda3/lib/python3.12/site-packages/airflow/example_dags/example_xcomargs.py took 0.063 seconds
[2025-04-13T13:49:57.628-0400] {processor.py:161} INFO - Started process (PID=50647) to work on /opt/anaconda3/lib/python3.12/site-packages/airflow/example_dags/example_xcomargs.py
[2025-04-13T13:49:57.629-0400] {processor.py:830} INFO - Processing file /opt/anaconda3/lib/python3.12/site-packages/airflow/example_dags/example_xcomargs.py for tasks to queue
[2025-04-13T13:49:57.629-0400] {logging_mixin.py:188} INFO - [2025-04-13T13:49:57.629-0400] {dagbag.py:540} INFO - Filling up the DagBag from /opt/anaconda3/lib/python3.12/site-packages/airflow/example_dags/example_xcomargs.py
[2025-04-13T13:49:57.644-0400] {processor.py:840} INFO - DAG(s) 'example_xcom_args_with_operators', 'example_xcom_args' retrieved from /opt/anaconda3/lib/python3.12/site-packages/airflow/example_dags/example_xcomargs.py
[2025-04-13T13:49:57.681-0400] {logging_mixin.py:188} INFO - [2025-04-13T13:49:57.681-0400] {dag.py:3096} INFO - Sync 2 DAGs
[2025-04-13T13:49:57.684-0400] {logging_mixin.py:188} INFO - [2025-04-13T13:49:57.684-0400] {dag.py:3954} INFO - Setting next_dagrun for example_xcom_args to None, run_after=None
[2025-04-13T13:49:57.685-0400] {logging_mixin.py:188} INFO - [2025-04-13T13:49:57.685-0400] {dag.py:3954} INFO - Setting next_dagrun for example_xcom_args_with_operators to None, run_after=None
[2025-04-13T13:49:57.690-0400] {processor.py:183} INFO - Processing /opt/anaconda3/lib/python3.12/site-packages/airflow/example_dags/example_xcomargs.py took 0.064 seconds
[2025-04-13T13:51:08.113-0400] {processor.py:161} INFO - Started process (PID=51154) to work on /opt/anaconda3/lib/python3.12/site-packages/airflow/example_dags/example_xcomargs.py
[2025-04-13T13:51:08.114-0400] {processor.py:830} INFO - Processing file /opt/anaconda3/lib/python3.12/site-packages/airflow/example_dags/example_xcomargs.py for tasks to queue
[2025-04-13T13:51:08.115-0400] {logging_mixin.py:188} INFO - [2025-04-13T13:51:08.115-0400] {dagbag.py:540} INFO - Filling up the DagBag from /opt/anaconda3/lib/python3.12/site-packages/airflow/example_dags/example_xcomargs.py
[2025-04-13T13:51:08.129-0400] {processor.py:840} INFO - DAG(s) 'example_xcom_args', 'example_xcom_args_with_operators' retrieved from /opt/anaconda3/lib/python3.12/site-packages/airflow/example_dags/example_xcomargs.py
[2025-04-13T13:51:08.165-0400] {logging_mixin.py:188} INFO - [2025-04-13T13:51:08.165-0400] {dag.py:3096} INFO - Sync 2 DAGs
[2025-04-13T13:51:08.168-0400] {logging_mixin.py:188} INFO - [2025-04-13T13:51:08.168-0400] {dag.py:3954} INFO - Setting next_dagrun for example_xcom_args to None, run_after=None
[2025-04-13T13:51:08.169-0400] {logging_mixin.py:188} INFO - [2025-04-13T13:51:08.169-0400] {dag.py:3954} INFO - Setting next_dagrun for example_xcom_args_with_operators to None, run_after=None
[2025-04-13T13:51:08.175-0400] {processor.py:183} INFO - Processing /opt/anaconda3/lib/python3.12/site-packages/airflow/example_dags/example_xcomargs.py took 0.062 seconds
[2025-04-13T13:52:15.343-0400] {processor.py:161} INFO - Started process (PID=51602) to work on /opt/anaconda3/lib/python3.12/site-packages/airflow/example_dags/example_xcomargs.py
[2025-04-13T13:52:15.344-0400] {processor.py:830} INFO - Processing file /opt/anaconda3/lib/python3.12/site-packages/airflow/example_dags/example_xcomargs.py for tasks to queue
[2025-04-13T13:52:15.345-0400] {logging_mixin.py:188} INFO - [2025-04-13T13:52:15.345-0400] {dagbag.py:540} INFO - Filling up the DagBag from /opt/anaconda3/lib/python3.12/site-packages/airflow/example_dags/example_xcomargs.py
[2025-04-13T13:52:15.359-0400] {processor.py:840} INFO - DAG(s) 'example_xcom_args_with_operators', 'example_xcom_args' retrieved from /opt/anaconda3/lib/python3.12/site-packages/airflow/example_dags/example_xcomargs.py
[2025-04-13T13:52:15.395-0400] {logging_mixin.py:188} INFO - [2025-04-13T13:52:15.394-0400] {dag.py:3096} INFO - Sync 2 DAGs
[2025-04-13T13:52:15.397-0400] {logging_mixin.py:188} INFO - [2025-04-13T13:52:15.397-0400] {dag.py:3954} INFO - Setting next_dagrun for example_xcom_args to None, run_after=None
[2025-04-13T13:52:15.398-0400] {logging_mixin.py:188} INFO - [2025-04-13T13:52:15.398-0400] {dag.py:3954} INFO - Setting next_dagrun for example_xcom_args_with_operators to None, run_after=None
[2025-04-13T13:52:15.403-0400] {processor.py:183} INFO - Processing /opt/anaconda3/lib/python3.12/site-packages/airflow/example_dags/example_xcomargs.py took 0.061 seconds
[2025-04-13T13:53:26.256-0400] {processor.py:161} INFO - Started process (PID=52066) to work on /opt/anaconda3/lib/python3.12/site-packages/airflow/example_dags/example_xcomargs.py
[2025-04-13T13:53:26.257-0400] {processor.py:830} INFO - Processing file /opt/anaconda3/lib/python3.12/site-packages/airflow/example_dags/example_xcomargs.py for tasks to queue
[2025-04-13T13:53:26.257-0400] {logging_mixin.py:188} INFO - [2025-04-13T13:53:26.257-0400] {dagbag.py:540} INFO - Filling up the DagBag from /opt/anaconda3/lib/python3.12/site-packages/airflow/example_dags/example_xcomargs.py
[2025-04-13T13:53:26.273-0400] {processor.py:840} INFO - DAG(s) 'example_xcom_args_with_operators', 'example_xcom_args' retrieved from /opt/anaconda3/lib/python3.12/site-packages/airflow/example_dags/example_xcomargs.py
[2025-04-13T13:53:26.309-0400] {logging_mixin.py:188} INFO - [2025-04-13T13:53:26.309-0400] {dag.py:3096} INFO - Sync 2 DAGs
[2025-04-13T13:53:26.312-0400] {logging_mixin.py:188} INFO - [2025-04-13T13:53:26.312-0400] {dag.py:3954} INFO - Setting next_dagrun for example_xcom_args to None, run_after=None
[2025-04-13T13:53:26.313-0400] {logging_mixin.py:188} INFO - [2025-04-13T13:53:26.313-0400] {dag.py:3954} INFO - Setting next_dagrun for example_xcom_args_with_operators to None, run_after=None
[2025-04-13T13:53:26.318-0400] {processor.py:183} INFO - Processing /opt/anaconda3/lib/python3.12/site-packages/airflow/example_dags/example_xcomargs.py took 0.063 seconds
[2025-04-13T13:54:35.719-0400] {processor.py:161} INFO - Started process (PID=52527) to work on /opt/anaconda3/lib/python3.12/site-packages/airflow/example_dags/example_xcomargs.py
[2025-04-13T13:54:35.720-0400] {processor.py:830} INFO - Processing file /opt/anaconda3/lib/python3.12/site-packages/airflow/example_dags/example_xcomargs.py for tasks to queue
[2025-04-13T13:54:35.720-0400] {logging_mixin.py:188} INFO - [2025-04-13T13:54:35.720-0400] {dagbag.py:540} INFO - Filling up the DagBag from /opt/anaconda3/lib/python3.12/site-packages/airflow/example_dags/example_xcomargs.py
[2025-04-13T13:54:35.734-0400] {processor.py:840} INFO - DAG(s) 'example_xcom_args_with_operators', 'example_xcom_args' retrieved from /opt/anaconda3/lib/python3.12/site-packages/airflow/example_dags/example_xcomargs.py
[2025-04-13T13:54:35.771-0400] {logging_mixin.py:188} INFO - [2025-04-13T13:54:35.771-0400] {dag.py:3096} INFO - Sync 2 DAGs
[2025-04-13T13:54:35.774-0400] {logging_mixin.py:188} INFO - [2025-04-13T13:54:35.774-0400] {dag.py:3954} INFO - Setting next_dagrun for example_xcom_args to None, run_after=None
[2025-04-13T13:54:35.775-0400] {logging_mixin.py:188} INFO - [2025-04-13T13:54:35.775-0400] {dag.py:3954} INFO - Setting next_dagrun for example_xcom_args_with_operators to None, run_after=None
[2025-04-13T13:54:35.780-0400] {processor.py:183} INFO - Processing /opt/anaconda3/lib/python3.12/site-packages/airflow/example_dags/example_xcomargs.py took 0.062 seconds
[2025-04-13T13:55:42.747-0400] {processor.py:161} INFO - Started process (PID=52980) to work on /opt/anaconda3/lib/python3.12/site-packages/airflow/example_dags/example_xcomargs.py
[2025-04-13T13:55:42.748-0400] {processor.py:830} INFO - Processing file /opt/anaconda3/lib/python3.12/site-packages/airflow/example_dags/example_xcomargs.py for tasks to queue
[2025-04-13T13:55:42.748-0400] {logging_mixin.py:188} INFO - [2025-04-13T13:55:42.748-0400] {dagbag.py:540} INFO - Filling up the DagBag from /opt/anaconda3/lib/python3.12/site-packages/airflow/example_dags/example_xcomargs.py
[2025-04-13T13:55:42.763-0400] {processor.py:840} INFO - DAG(s) 'example_xcom_args_with_operators', 'example_xcom_args' retrieved from /opt/anaconda3/lib/python3.12/site-packages/airflow/example_dags/example_xcomargs.py
[2025-04-13T13:55:42.799-0400] {logging_mixin.py:188} INFO - [2025-04-13T13:55:42.799-0400] {dag.py:3096} INFO - Sync 2 DAGs
[2025-04-13T13:55:42.802-0400] {logging_mixin.py:188} INFO - [2025-04-13T13:55:42.802-0400] {dag.py:3954} INFO - Setting next_dagrun for example_xcom_args to None, run_after=None
[2025-04-13T13:55:42.803-0400] {logging_mixin.py:188} INFO - [2025-04-13T13:55:42.803-0400] {dag.py:3954} INFO - Setting next_dagrun for example_xcom_args_with_operators to None, run_after=None
[2025-04-13T13:55:42.808-0400] {processor.py:183} INFO - Processing /opt/anaconda3/lib/python3.12/site-packages/airflow/example_dags/example_xcomargs.py took 0.062 seconds
[2025-04-13T13:56:50.891-0400] {processor.py:161} INFO - Started process (PID=53456) to work on /opt/anaconda3/lib/python3.12/site-packages/airflow/example_dags/example_xcomargs.py
[2025-04-13T13:56:50.892-0400] {processor.py:830} INFO - Processing file /opt/anaconda3/lib/python3.12/site-packages/airflow/example_dags/example_xcomargs.py for tasks to queue
[2025-04-13T13:56:50.892-0400] {logging_mixin.py:188} INFO - [2025-04-13T13:56:50.892-0400] {dagbag.py:540} INFO - Filling up the DagBag from /opt/anaconda3/lib/python3.12/site-packages/airflow/example_dags/example_xcomargs.py
[2025-04-13T13:56:50.907-0400] {processor.py:840} INFO - DAG(s) 'example_xcom_args_with_operators', 'example_xcom_args' retrieved from /opt/anaconda3/lib/python3.12/site-packages/airflow/example_dags/example_xcomargs.py
[2025-04-13T13:56:50.942-0400] {logging_mixin.py:188} INFO - [2025-04-13T13:56:50.942-0400] {dag.py:3096} INFO - Sync 2 DAGs
[2025-04-13T13:56:50.945-0400] {logging_mixin.py:188} INFO - [2025-04-13T13:56:50.945-0400] {dag.py:3954} INFO - Setting next_dagrun for example_xcom_args to None, run_after=None
[2025-04-13T13:56:50.946-0400] {logging_mixin.py:188} INFO - [2025-04-13T13:56:50.946-0400] {dag.py:3954} INFO - Setting next_dagrun for example_xcom_args_with_operators to None, run_after=None
[2025-04-13T13:56:50.951-0400] {processor.py:183} INFO - Processing /opt/anaconda3/lib/python3.12/site-packages/airflow/example_dags/example_xcomargs.py took 0.061 seconds
[2025-04-13T13:58:00.639-0400] {processor.py:161} INFO - Started process (PID=53921) to work on /opt/anaconda3/lib/python3.12/site-packages/airflow/example_dags/example_xcomargs.py
[2025-04-13T13:58:00.640-0400] {processor.py:830} INFO - Processing file /opt/anaconda3/lib/python3.12/site-packages/airflow/example_dags/example_xcomargs.py for tasks to queue
[2025-04-13T13:58:00.640-0400] {logging_mixin.py:188} INFO - [2025-04-13T13:58:00.640-0400] {dagbag.py:540} INFO - Filling up the DagBag from /opt/anaconda3/lib/python3.12/site-packages/airflow/example_dags/example_xcomargs.py
[2025-04-13T13:58:00.655-0400] {processor.py:840} INFO - DAG(s) 'example_xcom_args', 'example_xcom_args_with_operators' retrieved from /opt/anaconda3/lib/python3.12/site-packages/airflow/example_dags/example_xcomargs.py
[2025-04-13T13:58:00.690-0400] {logging_mixin.py:188} INFO - [2025-04-13T13:58:00.690-0400] {dag.py:3096} INFO - Sync 2 DAGs
[2025-04-13T13:58:00.693-0400] {logging_mixin.py:188} INFO - [2025-04-13T13:58:00.693-0400] {dag.py:3954} INFO - Setting next_dagrun for example_xcom_args to None, run_after=None
[2025-04-13T13:58:00.694-0400] {logging_mixin.py:188} INFO - [2025-04-13T13:58:00.694-0400] {dag.py:3954} INFO - Setting next_dagrun for example_xcom_args_with_operators to None, run_after=None
[2025-04-13T13:58:00.699-0400] {processor.py:183} INFO - Processing /opt/anaconda3/lib/python3.12/site-packages/airflow/example_dags/example_xcomargs.py took 0.061 seconds
[2025-04-13T13:59:06.095-0400] {processor.py:161} INFO - Started process (PID=54392) to work on /opt/anaconda3/lib/python3.12/site-packages/airflow/example_dags/example_xcomargs.py
[2025-04-13T13:59:06.095-0400] {processor.py:830} INFO - Processing file /opt/anaconda3/lib/python3.12/site-packages/airflow/example_dags/example_xcomargs.py for tasks to queue
[2025-04-13T13:59:06.095-0400] {logging_mixin.py:188} INFO - [2025-04-13T13:59:06.095-0400] {dagbag.py:540} INFO - Filling up the DagBag from /opt/anaconda3/lib/python3.12/site-packages/airflow/example_dags/example_xcomargs.py
[2025-04-13T13:59:06.111-0400] {processor.py:840} INFO - DAG(s) 'example_xcom_args_with_operators', 'example_xcom_args' retrieved from /opt/anaconda3/lib/python3.12/site-packages/airflow/example_dags/example_xcomargs.py
[2025-04-13T13:59:06.147-0400] {logging_mixin.py:188} INFO - [2025-04-13T13:59:06.147-0400] {dag.py:3096} INFO - Sync 2 DAGs
[2025-04-13T13:59:06.150-0400] {logging_mixin.py:188} INFO - [2025-04-13T13:59:06.150-0400] {dag.py:3954} INFO - Setting next_dagrun for example_xcom_args to None, run_after=None
[2025-04-13T13:59:06.151-0400] {logging_mixin.py:188} INFO - [2025-04-13T13:59:06.151-0400] {dag.py:3954} INFO - Setting next_dagrun for example_xcom_args_with_operators to None, run_after=None
[2025-04-13T13:59:06.156-0400] {processor.py:183} INFO - Processing /opt/anaconda3/lib/python3.12/site-packages/airflow/example_dags/example_xcomargs.py took 0.063 seconds
[2025-04-13T14:00:12.490-0400] {processor.py:161} INFO - Started process (PID=54867) to work on /opt/anaconda3/lib/python3.12/site-packages/airflow/example_dags/example_xcomargs.py
[2025-04-13T14:00:12.491-0400] {processor.py:830} INFO - Processing file /opt/anaconda3/lib/python3.12/site-packages/airflow/example_dags/example_xcomargs.py for tasks to queue
[2025-04-13T14:00:12.491-0400] {logging_mixin.py:188} INFO - [2025-04-13T14:00:12.491-0400] {dagbag.py:540} INFO - Filling up the DagBag from /opt/anaconda3/lib/python3.12/site-packages/airflow/example_dags/example_xcomargs.py
[2025-04-13T14:00:12.506-0400] {processor.py:840} INFO - DAG(s) 'example_xcom_args', 'example_xcom_args_with_operators' retrieved from /opt/anaconda3/lib/python3.12/site-packages/airflow/example_dags/example_xcomargs.py
[2025-04-13T14:00:12.542-0400] {logging_mixin.py:188} INFO - [2025-04-13T14:00:12.542-0400] {dag.py:3096} INFO - Sync 2 DAGs
[2025-04-13T14:00:12.545-0400] {logging_mixin.py:188} INFO - [2025-04-13T14:00:12.545-0400] {dag.py:3954} INFO - Setting next_dagrun for example_xcom_args to None, run_after=None
[2025-04-13T14:00:12.546-0400] {logging_mixin.py:188} INFO - [2025-04-13T14:00:12.545-0400] {dag.py:3954} INFO - Setting next_dagrun for example_xcom_args_with_operators to None, run_after=None
[2025-04-13T14:00:12.551-0400] {processor.py:183} INFO - Processing /opt/anaconda3/lib/python3.12/site-packages/airflow/example_dags/example_xcomargs.py took 0.062 seconds
[2025-04-13T14:01:22.189-0400] {processor.py:161} INFO - Started process (PID=55336) to work on /opt/anaconda3/lib/python3.12/site-packages/airflow/example_dags/example_xcomargs.py
[2025-04-13T14:01:22.190-0400] {processor.py:830} INFO - Processing file /opt/anaconda3/lib/python3.12/site-packages/airflow/example_dags/example_xcomargs.py for tasks to queue
[2025-04-13T14:01:22.190-0400] {logging_mixin.py:188} INFO - [2025-04-13T14:01:22.190-0400] {dagbag.py:540} INFO - Filling up the DagBag from /opt/anaconda3/lib/python3.12/site-packages/airflow/example_dags/example_xcomargs.py
[2025-04-13T14:01:22.207-0400] {processor.py:840} INFO - DAG(s) 'example_xcom_args_with_operators', 'example_xcom_args' retrieved from /opt/anaconda3/lib/python3.12/site-packages/airflow/example_dags/example_xcomargs.py
[2025-04-13T14:01:22.242-0400] {logging_mixin.py:188} INFO - [2025-04-13T14:01:22.242-0400] {dag.py:3096} INFO - Sync 2 DAGs
[2025-04-13T14:01:22.245-0400] {logging_mixin.py:188} INFO - [2025-04-13T14:01:22.245-0400] {dag.py:3954} INFO - Setting next_dagrun for example_xcom_args to None, run_after=None
[2025-04-13T14:01:22.246-0400] {logging_mixin.py:188} INFO - [2025-04-13T14:01:22.246-0400] {dag.py:3954} INFO - Setting next_dagrun for example_xcom_args_with_operators to None, run_after=None
[2025-04-13T14:01:22.251-0400] {processor.py:183} INFO - Processing /opt/anaconda3/lib/python3.12/site-packages/airflow/example_dags/example_xcomargs.py took 0.062 seconds
[2025-04-13T14:02:32.010-0400] {processor.py:161} INFO - Started process (PID=55828) to work on /opt/anaconda3/lib/python3.12/site-packages/airflow/example_dags/example_xcomargs.py
[2025-04-13T14:02:32.011-0400] {processor.py:830} INFO - Processing file /opt/anaconda3/lib/python3.12/site-packages/airflow/example_dags/example_xcomargs.py for tasks to queue
[2025-04-13T14:02:32.011-0400] {logging_mixin.py:188} INFO - [2025-04-13T14:02:32.011-0400] {dagbag.py:540} INFO - Filling up the DagBag from /opt/anaconda3/lib/python3.12/site-packages/airflow/example_dags/example_xcomargs.py
[2025-04-13T14:02:32.026-0400] {processor.py:840} INFO - DAG(s) 'example_xcom_args_with_operators', 'example_xcom_args' retrieved from /opt/anaconda3/lib/python3.12/site-packages/airflow/example_dags/example_xcomargs.py
[2025-04-13T14:02:32.062-0400] {logging_mixin.py:188} INFO - [2025-04-13T14:02:32.061-0400] {dag.py:3096} INFO - Sync 2 DAGs
[2025-04-13T14:02:32.064-0400] {logging_mixin.py:188} INFO - [2025-04-13T14:02:32.064-0400] {dag.py:3954} INFO - Setting next_dagrun for example_xcom_args to None, run_after=None
[2025-04-13T14:02:32.065-0400] {logging_mixin.py:188} INFO - [2025-04-13T14:02:32.065-0400] {dag.py:3954} INFO - Setting next_dagrun for example_xcom_args_with_operators to None, run_after=None
[2025-04-13T14:02:32.071-0400] {processor.py:183} INFO - Processing /opt/anaconda3/lib/python3.12/site-packages/airflow/example_dags/example_xcomargs.py took 0.061 seconds
