[2025-04-13T13:06:13.645-0400] {processor.py:161} INFO - Started process (PID=33741) to work on /opt/anaconda3/lib/python3.12/site-packages/airflow/example_dags/example_setup_teardown.py
[2025-04-13T13:06:13.645-0400] {processor.py:830} INFO - Processing file /opt/anaconda3/lib/python3.12/site-packages/airflow/example_dags/example_setup_teardown.py for tasks to queue
[2025-04-13T13:06:13.646-0400] {logging_mixin.py:188} INFO - [2025-04-13T13:06:13.646-0400] {dagbag.py:540} INFO - Filling up the DagBag from /opt/anaconda3/lib/python3.12/site-packages/airflow/example_dags/example_setup_teardown.py
[2025-04-13T13:06:13.649-0400] {processor.py:840} INFO - DAG(s) 'example_setup_teardown' retrieved from /opt/anaconda3/lib/python3.12/site-packages/airflow/example_dags/example_setup_teardown.py
[2025-04-13T13:06:13.715-0400] {logging_mixin.py:188} INFO - [2025-04-13T13:06:13.715-0400] {override.py:1930} INFO - Created Permission View: can delete on DAG:example_setup_teardown
[2025-04-13T13:06:13.718-0400] {logging_mixin.py:188} INFO - [2025-04-13T13:06:13.718-0400] {override.py:1930} INFO - Created Permission View: can edit on DAG:example_setup_teardown
[2025-04-13T13:06:13.720-0400] {logging_mixin.py:188} INFO - [2025-04-13T13:06:13.720-0400] {override.py:1930} INFO - Created Permission View: can read on DAG:example_setup_teardown
[2025-04-13T13:06:13.720-0400] {logging_mixin.py:188} INFO - [2025-04-13T13:06:13.720-0400] {dag.py:3096} INFO - Sync 1 DAGs
[2025-04-13T13:06:13.724-0400] {logging_mixin.py:188} INFO - [2025-04-13T13:06:13.724-0400] {dag.py:3118} INFO - Creating ORM DAG for example_setup_teardown
[2025-04-13T13:06:13.726-0400] {logging_mixin.py:188} INFO - [2025-04-13T13:06:13.726-0400] {dag.py:3954} INFO - Setting next_dagrun for example_setup_teardown to 2025-04-12 00:00:00+00:00, run_after=2025-04-13 00:00:00+00:00
[2025-04-13T13:06:13.732-0400] {processor.py:183} INFO - Processing /opt/anaconda3/lib/python3.12/site-packages/airflow/example_dags/example_setup_teardown.py took 0.088 seconds
[2025-04-13T13:08:08.916-0400] {processor.py:161} INFO - Started process (PID=34523) to work on /opt/anaconda3/lib/python3.12/site-packages/airflow/example_dags/example_setup_teardown.py
[2025-04-13T13:08:08.917-0400] {processor.py:830} INFO - Processing file /opt/anaconda3/lib/python3.12/site-packages/airflow/example_dags/example_setup_teardown.py for tasks to queue
[2025-04-13T13:08:08.917-0400] {logging_mixin.py:188} INFO - [2025-04-13T13:08:08.917-0400] {dagbag.py:540} INFO - Filling up the DagBag from /opt/anaconda3/lib/python3.12/site-packages/airflow/example_dags/example_setup_teardown.py
[2025-04-13T13:08:08.920-0400] {processor.py:840} INFO - DAG(s) 'example_setup_teardown' retrieved from /opt/anaconda3/lib/python3.12/site-packages/airflow/example_dags/example_setup_teardown.py
[2025-04-13T13:08:08.956-0400] {logging_mixin.py:188} INFO - [2025-04-13T13:08:08.956-0400] {dag.py:3096} INFO - Sync 1 DAGs
[2025-04-13T13:08:08.962-0400] {logging_mixin.py:188} INFO - [2025-04-13T13:08:08.961-0400] {dag.py:3954} INFO - Setting next_dagrun for example_setup_teardown to 2025-04-12 00:00:00+00:00, run_after=2025-04-13 00:00:00+00:00
[2025-04-13T13:08:08.968-0400] {processor.py:183} INFO - Processing /opt/anaconda3/lib/python3.12/site-packages/airflow/example_dags/example_setup_teardown.py took 0.053 seconds
[2025-04-13T13:09:48.016-0400] {processor.py:161} INFO - Started process (PID=35211) to work on /opt/anaconda3/lib/python3.12/site-packages/airflow/example_dags/example_setup_teardown.py
[2025-04-13T13:09:48.017-0400] {processor.py:830} INFO - Processing file /opt/anaconda3/lib/python3.12/site-packages/airflow/example_dags/example_setup_teardown.py for tasks to queue
[2025-04-13T13:09:48.017-0400] {logging_mixin.py:188} INFO - [2025-04-13T13:09:48.017-0400] {dagbag.py:540} INFO - Filling up the DagBag from /opt/anaconda3/lib/python3.12/site-packages/airflow/example_dags/example_setup_teardown.py
[2025-04-13T13:09:48.020-0400] {processor.py:840} INFO - DAG(s) 'example_setup_teardown' retrieved from /opt/anaconda3/lib/python3.12/site-packages/airflow/example_dags/example_setup_teardown.py
[2025-04-13T13:09:48.059-0400] {logging_mixin.py:188} INFO - [2025-04-13T13:09:48.059-0400] {dag.py:3096} INFO - Sync 1 DAGs
[2025-04-13T13:09:48.064-0400] {logging_mixin.py:188} INFO - [2025-04-13T13:09:48.064-0400] {dag.py:3954} INFO - Setting next_dagrun for example_setup_teardown to 2025-04-12 00:00:00+00:00, run_after=2025-04-13 00:00:00+00:00
[2025-04-13T13:09:48.070-0400] {processor.py:183} INFO - Processing /opt/anaconda3/lib/python3.12/site-packages/airflow/example_dags/example_setup_teardown.py took 0.055 seconds
[2025-04-13T13:15:40.267-0400] {processor.py:161} INFO - Started process (PID=37354) to work on /opt/anaconda3/lib/python3.12/site-packages/airflow/example_dags/example_setup_teardown.py
[2025-04-13T13:15:40.268-0400] {processor.py:830} INFO - Processing file /opt/anaconda3/lib/python3.12/site-packages/airflow/example_dags/example_setup_teardown.py for tasks to queue
[2025-04-13T13:15:40.268-0400] {logging_mixin.py:188} INFO - [2025-04-13T13:15:40.268-0400] {dagbag.py:540} INFO - Filling up the DagBag from /opt/anaconda3/lib/python3.12/site-packages/airflow/example_dags/example_setup_teardown.py
[2025-04-13T13:15:40.271-0400] {processor.py:840} INFO - DAG(s) 'example_setup_teardown' retrieved from /opt/anaconda3/lib/python3.12/site-packages/airflow/example_dags/example_setup_teardown.py
[2025-04-13T13:15:40.307-0400] {logging_mixin.py:188} INFO - [2025-04-13T13:15:40.307-0400] {dag.py:3096} INFO - Sync 1 DAGs
[2025-04-13T13:15:40.313-0400] {logging_mixin.py:188} INFO - [2025-04-13T13:15:40.313-0400] {dag.py:3954} INFO - Setting next_dagrun for example_setup_teardown to 2025-04-12 00:00:00+00:00, run_after=2025-04-13 00:00:00+00:00
[2025-04-13T13:15:40.320-0400] {processor.py:183} INFO - Processing /opt/anaconda3/lib/python3.12/site-packages/airflow/example_dags/example_setup_teardown.py took 0.053 seconds
[2025-04-13T13:19:21.219-0400] {processor.py:161} INFO - Started process (PID=38835) to work on /opt/anaconda3/lib/python3.12/site-packages/airflow/example_dags/example_setup_teardown.py
[2025-04-13T13:19:21.220-0400] {processor.py:830} INFO - Processing file /opt/anaconda3/lib/python3.12/site-packages/airflow/example_dags/example_setup_teardown.py for tasks to queue
[2025-04-13T13:19:21.220-0400] {logging_mixin.py:188} INFO - [2025-04-13T13:19:21.220-0400] {dagbag.py:540} INFO - Filling up the DagBag from /opt/anaconda3/lib/python3.12/site-packages/airflow/example_dags/example_setup_teardown.py
[2025-04-13T13:19:21.223-0400] {processor.py:840} INFO - DAG(s) 'example_setup_teardown' retrieved from /opt/anaconda3/lib/python3.12/site-packages/airflow/example_dags/example_setup_teardown.py
[2025-04-13T13:19:21.286-0400] {logging_mixin.py:188} INFO - [2025-04-13T13:19:21.286-0400] {dag.py:3096} INFO - Sync 1 DAGs
[2025-04-13T13:19:21.291-0400] {logging_mixin.py:188} INFO - [2025-04-13T13:19:21.291-0400] {dag.py:3954} INFO - Setting next_dagrun for example_setup_teardown to 2025-04-12 00:00:00+00:00, run_after=2025-04-13 00:00:00+00:00
[2025-04-13T13:19:21.297-0400] {processor.py:183} INFO - Processing /opt/anaconda3/lib/python3.12/site-packages/airflow/example_dags/example_setup_teardown.py took 0.080 seconds
[2025-04-13T13:23:50.299-0400] {processor.py:161} INFO - Started process (PID=40760) to work on /opt/anaconda3/lib/python3.12/site-packages/airflow/example_dags/example_setup_teardown.py
[2025-04-13T13:23:50.300-0400] {processor.py:830} INFO - Processing file /opt/anaconda3/lib/python3.12/site-packages/airflow/example_dags/example_setup_teardown.py for tasks to queue
[2025-04-13T13:23:50.300-0400] {logging_mixin.py:188} INFO - [2025-04-13T13:23:50.300-0400] {dagbag.py:540} INFO - Filling up the DagBag from /opt/anaconda3/lib/python3.12/site-packages/airflow/example_dags/example_setup_teardown.py
[2025-04-13T13:23:50.303-0400] {processor.py:840} INFO - DAG(s) 'example_setup_teardown' retrieved from /opt/anaconda3/lib/python3.12/site-packages/airflow/example_dags/example_setup_teardown.py
[2025-04-13T13:23:50.365-0400] {logging_mixin.py:188} INFO - [2025-04-13T13:23:50.365-0400] {dag.py:3096} INFO - Sync 1 DAGs
[2025-04-13T13:23:50.370-0400] {logging_mixin.py:188} INFO - [2025-04-13T13:23:50.370-0400] {dag.py:3954} INFO - Setting next_dagrun for example_setup_teardown to 2025-04-12 00:00:00+00:00, run_after=2025-04-13 00:00:00+00:00
[2025-04-13T13:23:50.376-0400] {processor.py:183} INFO - Processing /opt/anaconda3/lib/python3.12/site-packages/airflow/example_dags/example_setup_teardown.py took 0.078 seconds
[2025-04-13T13:25:29.150-0400] {processor.py:161} INFO - Started process (PID=41423) to work on /opt/anaconda3/lib/python3.12/site-packages/airflow/example_dags/example_setup_teardown.py
[2025-04-13T13:25:29.151-0400] {processor.py:830} INFO - Processing file /opt/anaconda3/lib/python3.12/site-packages/airflow/example_dags/example_setup_teardown.py for tasks to queue
[2025-04-13T13:25:29.151-0400] {logging_mixin.py:188} INFO - [2025-04-13T13:25:29.151-0400] {dagbag.py:540} INFO - Filling up the DagBag from /opt/anaconda3/lib/python3.12/site-packages/airflow/example_dags/example_setup_teardown.py
[2025-04-13T13:25:29.154-0400] {processor.py:840} INFO - DAG(s) 'example_setup_teardown' retrieved from /opt/anaconda3/lib/python3.12/site-packages/airflow/example_dags/example_setup_teardown.py
[2025-04-13T13:25:29.191-0400] {logging_mixin.py:188} INFO - [2025-04-13T13:25:29.191-0400] {dag.py:3096} INFO - Sync 1 DAGs
[2025-04-13T13:25:29.196-0400] {logging_mixin.py:188} INFO - [2025-04-13T13:25:29.196-0400] {dag.py:3954} INFO - Setting next_dagrun for example_setup_teardown to 2025-04-12 00:00:00+00:00, run_after=2025-04-13 00:00:00+00:00
[2025-04-13T13:25:29.202-0400] {processor.py:183} INFO - Processing /opt/anaconda3/lib/python3.12/site-packages/airflow/example_dags/example_setup_teardown.py took 0.053 seconds
[2025-04-13T13:27:32.358-0400] {processor.py:161} INFO - Started process (PID=42253) to work on /opt/anaconda3/lib/python3.12/site-packages/airflow/example_dags/example_setup_teardown.py
[2025-04-13T13:27:32.359-0400] {processor.py:830} INFO - Processing file /opt/anaconda3/lib/python3.12/site-packages/airflow/example_dags/example_setup_teardown.py for tasks to queue
[2025-04-13T13:27:32.359-0400] {logging_mixin.py:188} INFO - [2025-04-13T13:27:32.359-0400] {dagbag.py:540} INFO - Filling up the DagBag from /opt/anaconda3/lib/python3.12/site-packages/airflow/example_dags/example_setup_teardown.py
[2025-04-13T13:27:32.362-0400] {processor.py:840} INFO - DAG(s) 'example_setup_teardown' retrieved from /opt/anaconda3/lib/python3.12/site-packages/airflow/example_dags/example_setup_teardown.py
[2025-04-13T13:27:32.400-0400] {logging_mixin.py:188} INFO - [2025-04-13T13:27:32.400-0400] {dag.py:3096} INFO - Sync 1 DAGs
[2025-04-13T13:27:32.405-0400] {logging_mixin.py:188} INFO - [2025-04-13T13:27:32.405-0400] {dag.py:3954} INFO - Setting next_dagrun for example_setup_teardown to 2025-04-12 00:00:00+00:00, run_after=2025-04-13 00:00:00+00:00
[2025-04-13T13:27:32.411-0400] {processor.py:183} INFO - Processing /opt/anaconda3/lib/python3.12/site-packages/airflow/example_dags/example_setup_teardown.py took 0.055 seconds
[2025-04-13T13:29:44.965-0400] {processor.py:161} INFO - Started process (PID=43130) to work on /opt/anaconda3/lib/python3.12/site-packages/airflow/example_dags/example_setup_teardown.py
[2025-04-13T13:29:44.966-0400] {processor.py:830} INFO - Processing file /opt/anaconda3/lib/python3.12/site-packages/airflow/example_dags/example_setup_teardown.py for tasks to queue
[2025-04-13T13:29:44.966-0400] {logging_mixin.py:188} INFO - [2025-04-13T13:29:44.966-0400] {dagbag.py:540} INFO - Filling up the DagBag from /opt/anaconda3/lib/python3.12/site-packages/airflow/example_dags/example_setup_teardown.py
[2025-04-13T13:29:44.969-0400] {processor.py:840} INFO - DAG(s) 'example_setup_teardown' retrieved from /opt/anaconda3/lib/python3.12/site-packages/airflow/example_dags/example_setup_teardown.py
[2025-04-13T13:29:45.005-0400] {logging_mixin.py:188} INFO - [2025-04-13T13:29:45.005-0400] {dag.py:3096} INFO - Sync 1 DAGs
[2025-04-13T13:29:45.010-0400] {logging_mixin.py:188} INFO - [2025-04-13T13:29:45.010-0400] {dag.py:3954} INFO - Setting next_dagrun for example_setup_teardown to 2025-04-12 00:00:00+00:00, run_after=2025-04-13 00:00:00+00:00
[2025-04-13T13:29:45.016-0400] {processor.py:183} INFO - Processing /opt/anaconda3/lib/python3.12/site-packages/airflow/example_dags/example_setup_teardown.py took 0.052 seconds
[2025-04-13T13:32:06.574-0400] {processor.py:161} INFO - Started process (PID=44045) to work on /opt/anaconda3/lib/python3.12/site-packages/airflow/example_dags/example_setup_teardown.py
[2025-04-13T13:32:06.575-0400] {processor.py:830} INFO - Processing file /opt/anaconda3/lib/python3.12/site-packages/airflow/example_dags/example_setup_teardown.py for tasks to queue
[2025-04-13T13:32:06.575-0400] {logging_mixin.py:188} INFO - [2025-04-13T13:32:06.575-0400] {dagbag.py:540} INFO - Filling up the DagBag from /opt/anaconda3/lib/python3.12/site-packages/airflow/example_dags/example_setup_teardown.py
[2025-04-13T13:32:06.578-0400] {processor.py:840} INFO - DAG(s) 'example_setup_teardown' retrieved from /opt/anaconda3/lib/python3.12/site-packages/airflow/example_dags/example_setup_teardown.py
[2025-04-13T13:32:06.614-0400] {logging_mixin.py:188} INFO - [2025-04-13T13:32:06.614-0400] {dag.py:3096} INFO - Sync 1 DAGs
[2025-04-13T13:32:06.619-0400] {logging_mixin.py:188} INFO - [2025-04-13T13:32:06.619-0400] {dag.py:3954} INFO - Setting next_dagrun for example_setup_teardown to 2025-04-12 00:00:00+00:00, run_after=2025-04-13 00:00:00+00:00
[2025-04-13T13:32:06.625-0400] {processor.py:183} INFO - Processing /opt/anaconda3/lib/python3.12/site-packages/airflow/example_dags/example_setup_teardown.py took 0.052 seconds
[2025-04-13T13:33:43.092-0400] {processor.py:161} INFO - Started process (PID=44675) to work on /opt/anaconda3/lib/python3.12/site-packages/airflow/example_dags/example_setup_teardown.py
[2025-04-13T13:33:43.093-0400] {processor.py:830} INFO - Processing file /opt/anaconda3/lib/python3.12/site-packages/airflow/example_dags/example_setup_teardown.py for tasks to queue
[2025-04-13T13:33:43.093-0400] {logging_mixin.py:188} INFO - [2025-04-13T13:33:43.093-0400] {dagbag.py:540} INFO - Filling up the DagBag from /opt/anaconda3/lib/python3.12/site-packages/airflow/example_dags/example_setup_teardown.py
[2025-04-13T13:33:43.096-0400] {processor.py:840} INFO - DAG(s) 'example_setup_teardown' retrieved from /opt/anaconda3/lib/python3.12/site-packages/airflow/example_dags/example_setup_teardown.py
[2025-04-13T13:33:43.133-0400] {logging_mixin.py:188} INFO - [2025-04-13T13:33:43.133-0400] {dag.py:3096} INFO - Sync 1 DAGs
[2025-04-13T13:33:43.139-0400] {logging_mixin.py:188} INFO - [2025-04-13T13:33:43.139-0400] {dag.py:3954} INFO - Setting next_dagrun for example_setup_teardown to 2025-04-12 00:00:00+00:00, run_after=2025-04-13 00:00:00+00:00
[2025-04-13T13:33:43.149-0400] {processor.py:183} INFO - Processing /opt/anaconda3/lib/python3.12/site-packages/airflow/example_dags/example_setup_teardown.py took 0.058 seconds
[2025-04-13T13:36:27.915-0400] {processor.py:161} INFO - Started process (PID=45238) to work on /opt/anaconda3/lib/python3.12/site-packages/airflow/example_dags/example_setup_teardown.py
[2025-04-13T13:36:27.916-0400] {processor.py:830} INFO - Processing file /opt/anaconda3/lib/python3.12/site-packages/airflow/example_dags/example_setup_teardown.py for tasks to queue
[2025-04-13T13:36:27.916-0400] {logging_mixin.py:188} INFO - [2025-04-13T13:36:27.916-0400] {dagbag.py:540} INFO - Filling up the DagBag from /opt/anaconda3/lib/python3.12/site-packages/airflow/example_dags/example_setup_teardown.py
[2025-04-13T13:36:27.919-0400] {processor.py:840} INFO - DAG(s) 'example_setup_teardown' retrieved from /opt/anaconda3/lib/python3.12/site-packages/airflow/example_dags/example_setup_teardown.py
[2025-04-13T13:36:27.955-0400] {logging_mixin.py:188} INFO - [2025-04-13T13:36:27.955-0400] {dag.py:3096} INFO - Sync 1 DAGs
[2025-04-13T13:36:27.960-0400] {logging_mixin.py:188} INFO - [2025-04-13T13:36:27.960-0400] {dag.py:3954} INFO - Setting next_dagrun for example_setup_teardown to 2025-04-12 00:00:00+00:00, run_after=2025-04-13 00:00:00+00:00
[2025-04-13T13:36:27.966-0400] {processor.py:183} INFO - Processing /opt/anaconda3/lib/python3.12/site-packages/airflow/example_dags/example_setup_teardown.py took 0.052 seconds
[2025-04-13T13:37:54.543-0400] {processor.py:161} INFO - Started process (PID=45803) to work on /opt/anaconda3/lib/python3.12/site-packages/airflow/example_dags/example_setup_teardown.py
[2025-04-13T13:37:54.544-0400] {processor.py:830} INFO - Processing file /opt/anaconda3/lib/python3.12/site-packages/airflow/example_dags/example_setup_teardown.py for tasks to queue
[2025-04-13T13:37:54.544-0400] {logging_mixin.py:188} INFO - [2025-04-13T13:37:54.544-0400] {dagbag.py:540} INFO - Filling up the DagBag from /opt/anaconda3/lib/python3.12/site-packages/airflow/example_dags/example_setup_teardown.py
[2025-04-13T13:37:54.547-0400] {processor.py:840} INFO - DAG(s) 'example_setup_teardown' retrieved from /opt/anaconda3/lib/python3.12/site-packages/airflow/example_dags/example_setup_teardown.py
[2025-04-13T13:37:54.584-0400] {logging_mixin.py:188} INFO - [2025-04-13T13:37:54.583-0400] {dag.py:3096} INFO - Sync 1 DAGs
[2025-04-13T13:37:54.589-0400] {logging_mixin.py:188} INFO - [2025-04-13T13:37:54.589-0400] {dag.py:3954} INFO - Setting next_dagrun for example_setup_teardown to 2025-04-12 00:00:00+00:00, run_after=2025-04-13 00:00:00+00:00
[2025-04-13T13:37:54.595-0400] {processor.py:183} INFO - Processing /opt/anaconda3/lib/python3.12/site-packages/airflow/example_dags/example_setup_teardown.py took 0.053 seconds
[2025-04-13T13:40:07.517-0400] {processor.py:161} INFO - Started process (PID=46710) to work on /opt/anaconda3/lib/python3.12/site-packages/airflow/example_dags/example_setup_teardown.py
[2025-04-13T13:40:07.517-0400] {processor.py:830} INFO - Processing file /opt/anaconda3/lib/python3.12/site-packages/airflow/example_dags/example_setup_teardown.py for tasks to queue
[2025-04-13T13:40:07.517-0400] {logging_mixin.py:188} INFO - [2025-04-13T13:40:07.517-0400] {dagbag.py:540} INFO - Filling up the DagBag from /opt/anaconda3/lib/python3.12/site-packages/airflow/example_dags/example_setup_teardown.py
[2025-04-13T13:40:07.520-0400] {processor.py:840} INFO - DAG(s) 'example_setup_teardown' retrieved from /opt/anaconda3/lib/python3.12/site-packages/airflow/example_dags/example_setup_teardown.py
[2025-04-13T13:40:07.558-0400] {logging_mixin.py:188} INFO - [2025-04-13T13:40:07.558-0400] {dag.py:3096} INFO - Sync 1 DAGs
[2025-04-13T13:40:07.563-0400] {logging_mixin.py:188} INFO - [2025-04-13T13:40:07.563-0400] {dag.py:3954} INFO - Setting next_dagrun for example_setup_teardown to 2025-04-12 00:00:00+00:00, run_after=2025-04-13 00:00:00+00:00
[2025-04-13T13:40:07.569-0400] {processor.py:183} INFO - Processing /opt/anaconda3/lib/python3.12/site-packages/airflow/example_dags/example_setup_teardown.py took 0.054 seconds
[2025-04-13T13:42:17.807-0400] {processor.py:161} INFO - Started process (PID=47591) to work on /opt/anaconda3/lib/python3.12/site-packages/airflow/example_dags/example_setup_teardown.py
[2025-04-13T13:42:17.807-0400] {processor.py:830} INFO - Processing file /opt/anaconda3/lib/python3.12/site-packages/airflow/example_dags/example_setup_teardown.py for tasks to queue
[2025-04-13T13:42:17.808-0400] {logging_mixin.py:188} INFO - [2025-04-13T13:42:17.808-0400] {dagbag.py:540} INFO - Filling up the DagBag from /opt/anaconda3/lib/python3.12/site-packages/airflow/example_dags/example_setup_teardown.py
[2025-04-13T13:42:17.810-0400] {processor.py:840} INFO - DAG(s) 'example_setup_teardown' retrieved from /opt/anaconda3/lib/python3.12/site-packages/airflow/example_dags/example_setup_teardown.py
[2025-04-13T13:42:17.846-0400] {logging_mixin.py:188} INFO - [2025-04-13T13:42:17.846-0400] {dag.py:3096} INFO - Sync 1 DAGs
[2025-04-13T13:42:17.851-0400] {logging_mixin.py:188} INFO - [2025-04-13T13:42:17.851-0400] {dag.py:3954} INFO - Setting next_dagrun for example_setup_teardown to 2025-04-12 00:00:00+00:00, run_after=2025-04-13 00:00:00+00:00
[2025-04-13T13:42:17.857-0400] {processor.py:183} INFO - Processing /opt/anaconda3/lib/python3.12/site-packages/airflow/example_dags/example_setup_teardown.py took 0.051 seconds
[2025-04-13T13:44:29.383-0400] {processor.py:161} INFO - Started process (PID=48495) to work on /opt/anaconda3/lib/python3.12/site-packages/airflow/example_dags/example_setup_teardown.py
[2025-04-13T13:44:29.384-0400] {processor.py:830} INFO - Processing file /opt/anaconda3/lib/python3.12/site-packages/airflow/example_dags/example_setup_teardown.py for tasks to queue
[2025-04-13T13:44:29.384-0400] {logging_mixin.py:188} INFO - [2025-04-13T13:44:29.384-0400] {dagbag.py:540} INFO - Filling up the DagBag from /opt/anaconda3/lib/python3.12/site-packages/airflow/example_dags/example_setup_teardown.py
[2025-04-13T13:44:29.387-0400] {processor.py:840} INFO - DAG(s) 'example_setup_teardown' retrieved from /opt/anaconda3/lib/python3.12/site-packages/airflow/example_dags/example_setup_teardown.py
[2025-04-13T13:44:29.423-0400] {logging_mixin.py:188} INFO - [2025-04-13T13:44:29.423-0400] {dag.py:3096} INFO - Sync 1 DAGs
[2025-04-13T13:44:29.428-0400] {logging_mixin.py:188} INFO - [2025-04-13T13:44:29.428-0400] {dag.py:3954} INFO - Setting next_dagrun for example_setup_teardown to 2025-04-12 00:00:00+00:00, run_after=2025-04-13 00:00:00+00:00
[2025-04-13T13:44:29.435-0400] {processor.py:183} INFO - Processing /opt/anaconda3/lib/python3.12/site-packages/airflow/example_dags/example_setup_teardown.py took 0.053 seconds
[2025-04-13T13:46:50.316-0400] {processor.py:161} INFO - Started process (PID=49421) to work on /opt/anaconda3/lib/python3.12/site-packages/airflow/example_dags/example_setup_teardown.py
[2025-04-13T13:46:50.317-0400] {processor.py:830} INFO - Processing file /opt/anaconda3/lib/python3.12/site-packages/airflow/example_dags/example_setup_teardown.py for tasks to queue
[2025-04-13T13:46:50.317-0400] {logging_mixin.py:188} INFO - [2025-04-13T13:46:50.317-0400] {dagbag.py:540} INFO - Filling up the DagBag from /opt/anaconda3/lib/python3.12/site-packages/airflow/example_dags/example_setup_teardown.py
[2025-04-13T13:46:50.320-0400] {processor.py:840} INFO - DAG(s) 'example_setup_teardown' retrieved from /opt/anaconda3/lib/python3.12/site-packages/airflow/example_dags/example_setup_teardown.py
[2025-04-13T13:46:50.357-0400] {logging_mixin.py:188} INFO - [2025-04-13T13:46:50.357-0400] {dag.py:3096} INFO - Sync 1 DAGs
[2025-04-13T13:46:50.362-0400] {logging_mixin.py:188} INFO - [2025-04-13T13:46:50.362-0400] {dag.py:3954} INFO - Setting next_dagrun for example_setup_teardown to 2025-04-12 00:00:00+00:00, run_after=2025-04-13 00:00:00+00:00
[2025-04-13T13:46:50.369-0400] {processor.py:183} INFO - Processing /opt/anaconda3/lib/python3.12/site-packages/airflow/example_dags/example_setup_teardown.py took 0.053 seconds
[2025-04-13T13:49:09.904-0400] {processor.py:161} INFO - Started process (PID=50343) to work on /opt/anaconda3/lib/python3.12/site-packages/airflow/example_dags/example_setup_teardown.py
[2025-04-13T13:49:09.905-0400] {processor.py:830} INFO - Processing file /opt/anaconda3/lib/python3.12/site-packages/airflow/example_dags/example_setup_teardown.py for tasks to queue
[2025-04-13T13:49:09.906-0400] {logging_mixin.py:188} INFO - [2025-04-13T13:49:09.905-0400] {dagbag.py:540} INFO - Filling up the DagBag from /opt/anaconda3/lib/python3.12/site-packages/airflow/example_dags/example_setup_teardown.py
[2025-04-13T13:49:09.909-0400] {processor.py:840} INFO - DAG(s) 'example_setup_teardown' retrieved from /opt/anaconda3/lib/python3.12/site-packages/airflow/example_dags/example_setup_teardown.py
[2025-04-13T13:49:09.945-0400] {logging_mixin.py:188} INFO - [2025-04-13T13:49:09.945-0400] {dag.py:3096} INFO - Sync 1 DAGs
[2025-04-13T13:49:09.951-0400] {logging_mixin.py:188} INFO - [2025-04-13T13:49:09.951-0400] {dag.py:3954} INFO - Setting next_dagrun for example_setup_teardown to 2025-04-12 00:00:00+00:00, run_after=2025-04-13 00:00:00+00:00
[2025-04-13T13:49:09.957-0400] {processor.py:183} INFO - Processing /opt/anaconda3/lib/python3.12/site-packages/airflow/example_dags/example_setup_teardown.py took 0.054 seconds
[2025-04-13T13:51:28.267-0400] {processor.py:161} INFO - Started process (PID=51280) to work on /opt/anaconda3/lib/python3.12/site-packages/airflow/example_dags/example_setup_teardown.py
[2025-04-13T13:51:28.268-0400] {processor.py:830} INFO - Processing file /opt/anaconda3/lib/python3.12/site-packages/airflow/example_dags/example_setup_teardown.py for tasks to queue
[2025-04-13T13:51:28.268-0400] {logging_mixin.py:188} INFO - [2025-04-13T13:51:28.268-0400] {dagbag.py:540} INFO - Filling up the DagBag from /opt/anaconda3/lib/python3.12/site-packages/airflow/example_dags/example_setup_teardown.py
[2025-04-13T13:51:28.270-0400] {processor.py:840} INFO - DAG(s) 'example_setup_teardown' retrieved from /opt/anaconda3/lib/python3.12/site-packages/airflow/example_dags/example_setup_teardown.py
[2025-04-13T13:51:28.306-0400] {logging_mixin.py:188} INFO - [2025-04-13T13:51:28.306-0400] {dag.py:3096} INFO - Sync 1 DAGs
[2025-04-13T13:51:28.311-0400] {logging_mixin.py:188} INFO - [2025-04-13T13:51:28.311-0400] {dag.py:3954} INFO - Setting next_dagrun for example_setup_teardown to 2025-04-12 00:00:00+00:00, run_after=2025-04-13 00:00:00+00:00
[2025-04-13T13:51:28.317-0400] {processor.py:183} INFO - Processing /opt/anaconda3/lib/python3.12/site-packages/airflow/example_dags/example_setup_teardown.py took 0.051 seconds
[2025-04-13T13:53:50.320-0400] {processor.py:161} INFO - Started process (PID=52237) to work on /opt/anaconda3/lib/python3.12/site-packages/airflow/example_dags/example_setup_teardown.py
[2025-04-13T13:53:50.322-0400] {processor.py:830} INFO - Processing file /opt/anaconda3/lib/python3.12/site-packages/airflow/example_dags/example_setup_teardown.py for tasks to queue
[2025-04-13T13:53:50.323-0400] {logging_mixin.py:188} INFO - [2025-04-13T13:53:50.323-0400] {dagbag.py:540} INFO - Filling up the DagBag from /opt/anaconda3/lib/python3.12/site-packages/airflow/example_dags/example_setup_teardown.py
[2025-04-13T13:53:50.326-0400] {processor.py:840} INFO - DAG(s) 'example_setup_teardown' retrieved from /opt/anaconda3/lib/python3.12/site-packages/airflow/example_dags/example_setup_teardown.py
[2025-04-13T13:53:50.361-0400] {logging_mixin.py:188} INFO - [2025-04-13T13:53:50.361-0400] {dag.py:3096} INFO - Sync 1 DAGs
[2025-04-13T13:53:50.366-0400] {logging_mixin.py:188} INFO - [2025-04-13T13:53:50.366-0400] {dag.py:3954} INFO - Setting next_dagrun for example_setup_teardown to 2025-04-12 00:00:00+00:00, run_after=2025-04-13 00:00:00+00:00
[2025-04-13T13:53:50.372-0400] {processor.py:183} INFO - Processing /opt/anaconda3/lib/python3.12/site-packages/airflow/example_dags/example_setup_teardown.py took 0.053 seconds
[2025-04-13T13:56:04.547-0400] {processor.py:161} INFO - Started process (PID=53122) to work on /opt/anaconda3/lib/python3.12/site-packages/airflow/example_dags/example_setup_teardown.py
[2025-04-13T13:56:04.549-0400] {processor.py:830} INFO - Processing file /opt/anaconda3/lib/python3.12/site-packages/airflow/example_dags/example_setup_teardown.py for tasks to queue
[2025-04-13T13:56:04.550-0400] {logging_mixin.py:188} INFO - [2025-04-13T13:56:04.549-0400] {dagbag.py:540} INFO - Filling up the DagBag from /opt/anaconda3/lib/python3.12/site-packages/airflow/example_dags/example_setup_teardown.py
[2025-04-13T13:56:04.553-0400] {processor.py:840} INFO - DAG(s) 'example_setup_teardown' retrieved from /opt/anaconda3/lib/python3.12/site-packages/airflow/example_dags/example_setup_teardown.py
[2025-04-13T13:56:04.591-0400] {logging_mixin.py:188} INFO - [2025-04-13T13:56:04.590-0400] {dag.py:3096} INFO - Sync 1 DAGs
[2025-04-13T13:56:04.596-0400] {logging_mixin.py:188} INFO - [2025-04-13T13:56:04.596-0400] {dag.py:3954} INFO - Setting next_dagrun for example_setup_teardown to 2025-04-12 00:00:00+00:00, run_after=2025-04-13 00:00:00+00:00
[2025-04-13T13:56:04.602-0400] {processor.py:183} INFO - Processing /opt/anaconda3/lib/python3.12/site-packages/airflow/example_dags/example_setup_teardown.py took 0.056 seconds
[2025-04-13T13:58:20.620-0400] {processor.py:161} INFO - Started process (PID=54068) to work on /opt/anaconda3/lib/python3.12/site-packages/airflow/example_dags/example_setup_teardown.py
[2025-04-13T13:58:20.622-0400] {processor.py:830} INFO - Processing file /opt/anaconda3/lib/python3.12/site-packages/airflow/example_dags/example_setup_teardown.py for tasks to queue
[2025-04-13T13:58:20.622-0400] {logging_mixin.py:188} INFO - [2025-04-13T13:58:20.622-0400] {dagbag.py:540} INFO - Filling up the DagBag from /opt/anaconda3/lib/python3.12/site-packages/airflow/example_dags/example_setup_teardown.py
[2025-04-13T13:58:20.625-0400] {processor.py:840} INFO - DAG(s) 'example_setup_teardown' retrieved from /opt/anaconda3/lib/python3.12/site-packages/airflow/example_dags/example_setup_teardown.py
[2025-04-13T13:58:20.660-0400] {logging_mixin.py:188} INFO - [2025-04-13T13:58:20.660-0400] {dag.py:3096} INFO - Sync 1 DAGs
[2025-04-13T13:58:20.665-0400] {logging_mixin.py:188} INFO - [2025-04-13T13:58:20.665-0400] {dag.py:3954} INFO - Setting next_dagrun for example_setup_teardown to 2025-04-12 00:00:00+00:00, run_after=2025-04-13 00:00:00+00:00
[2025-04-13T13:58:20.671-0400] {processor.py:183} INFO - Processing /opt/anaconda3/lib/python3.12/site-packages/airflow/example_dags/example_setup_teardown.py took 0.052 seconds
[2025-04-13T14:00:34.536-0400] {processor.py:161} INFO - Started process (PID=55025) to work on /opt/anaconda3/lib/python3.12/site-packages/airflow/example_dags/example_setup_teardown.py
[2025-04-13T14:00:34.537-0400] {processor.py:830} INFO - Processing file /opt/anaconda3/lib/python3.12/site-packages/airflow/example_dags/example_setup_teardown.py for tasks to queue
[2025-04-13T14:00:34.537-0400] {logging_mixin.py:188} INFO - [2025-04-13T14:00:34.537-0400] {dagbag.py:540} INFO - Filling up the DagBag from /opt/anaconda3/lib/python3.12/site-packages/airflow/example_dags/example_setup_teardown.py
[2025-04-13T14:00:34.540-0400] {processor.py:840} INFO - DAG(s) 'example_setup_teardown' retrieved from /opt/anaconda3/lib/python3.12/site-packages/airflow/example_dags/example_setup_teardown.py
[2025-04-13T14:00:34.578-0400] {logging_mixin.py:188} INFO - [2025-04-13T14:00:34.578-0400] {dag.py:3096} INFO - Sync 1 DAGs
[2025-04-13T14:00:34.583-0400] {logging_mixin.py:188} INFO - [2025-04-13T14:00:34.583-0400] {dag.py:3954} INFO - Setting next_dagrun for example_setup_teardown to 2025-04-12 00:00:00+00:00, run_after=2025-04-13 00:00:00+00:00
[2025-04-13T14:00:34.591-0400] {processor.py:183} INFO - Processing /opt/anaconda3/lib/python3.12/site-packages/airflow/example_dags/example_setup_teardown.py took 0.056 seconds
