[2025-04-13T13:06:01.619-0400] {processor.py:161} INFO - Started process (PID=33659) to work on /opt/anaconda3/lib/python3.12/site-packages/airflow/example_dags/example_subdag_operator.py
[2025-04-13T13:06:01.619-0400] {processor.py:830} INFO - Processing file /opt/anaconda3/lib/python3.12/site-packages/airflow/example_dags/example_subdag_operator.py for tasks to queue
[2025-04-13T13:06:01.619-0400] {logging_mixin.py:188} INFO - [2025-04-13T13:06:01.619-0400] {dagbag.py:540} INFO - Filling up the DagBag from /opt/anaconda3/lib/python3.12/site-packages/airflow/example_dags/example_subdag_operator.py
[2025-04-13T13:06:01.647-0400] {processor.py:840} INFO - DAG(s) 'example_subdag_operator.section-1', 'example_subdag_operator.section-2', 'example_subdag_operator' retrieved from /opt/anaconda3/lib/python3.12/site-packages/airflow/example_dags/example_subdag_operator.py
[2025-04-13T13:06:01.703-0400] {logging_mixin.py:188} INFO - [2025-04-13T13:06:01.703-0400] {override.py:1930} INFO - Created Permission View: can edit on DAG:example_subdag_operator
[2025-04-13T13:06:01.705-0400] {logging_mixin.py:188} INFO - [2025-04-13T13:06:01.705-0400] {override.py:1930} INFO - Created Permission View: can read on DAG:example_subdag_operator
[2025-04-13T13:06:01.707-0400] {logging_mixin.py:188} INFO - [2025-04-13T13:06:01.707-0400] {override.py:1930} INFO - Created Permission View: can delete on DAG:example_subdag_operator
[2025-04-13T13:06:01.707-0400] {logging_mixin.py:188} INFO - [2025-04-13T13:06:01.707-0400] {dag.py:3096} INFO - Sync 3 DAGs
[2025-04-13T13:06:01.710-0400] {logging_mixin.py:188} INFO - [2025-04-13T13:06:01.710-0400] {dag.py:3118} INFO - Creating ORM DAG for example_subdag_operator
[2025-04-13T13:06:01.710-0400] {logging_mixin.py:188} INFO - [2025-04-13T13:06:01.710-0400] {dag.py:3118} INFO - Creating ORM DAG for example_subdag_operator.section-1
[2025-04-13T13:06:01.710-0400] {logging_mixin.py:188} INFO - [2025-04-13T13:06:01.710-0400] {dag.py:3118} INFO - Creating ORM DAG for example_subdag_operator.section-2
[2025-04-13T13:06:01.712-0400] {logging_mixin.py:188} INFO - [2025-04-13T13:06:01.712-0400] {dag.py:3954} INFO - Setting next_dagrun for example_subdag_operator to 2022-01-01 00:00:00+00:00, run_after=2022-01-01 00:00:00+00:00
[2025-04-13T13:06:01.712-0400] {logging_mixin.py:188} INFO - [2025-04-13T13:06:01.712-0400] {dag.py:3954} INFO - Setting next_dagrun for example_subdag_operator.section-1 to None, run_after=None
[2025-04-13T13:06:01.713-0400] {logging_mixin.py:188} INFO - [2025-04-13T13:06:01.713-0400] {dag.py:3954} INFO - Setting next_dagrun for example_subdag_operator.section-2 to None, run_after=None
[2025-04-13T13:06:01.714-0400] {logging_mixin.py:188} INFO - [2025-04-13T13:06:01.714-0400] {dag.py:3096} INFO - Sync 2 DAGs
[2025-04-13T13:06:01.715-0400] {logging_mixin.py:188} INFO - [2025-04-13T13:06:01.715-0400] {dag.py:3954} INFO - Setting next_dagrun for example_subdag_operator.section-1 to None, run_after=None
[2025-04-13T13:06:01.716-0400] {logging_mixin.py:188} INFO - [2025-04-13T13:06:01.716-0400] {dag.py:3954} INFO - Setting next_dagrun for example_subdag_operator.section-2 to None, run_after=None
[2025-04-13T13:06:01.723-0400] {processor.py:183} INFO - Processing /opt/anaconda3/lib/python3.12/site-packages/airflow/example_dags/example_subdag_operator.py took 0.105 seconds
[2025-04-13T13:07:57.103-0400] {processor.py:161} INFO - Started process (PID=34449) to work on /opt/anaconda3/lib/python3.12/site-packages/airflow/example_dags/example_subdag_operator.py
[2025-04-13T13:07:57.104-0400] {processor.py:830} INFO - Processing file /opt/anaconda3/lib/python3.12/site-packages/airflow/example_dags/example_subdag_operator.py for tasks to queue
[2025-04-13T13:07:57.104-0400] {logging_mixin.py:188} INFO - [2025-04-13T13:07:57.104-0400] {dagbag.py:540} INFO - Filling up the DagBag from /opt/anaconda3/lib/python3.12/site-packages/airflow/example_dags/example_subdag_operator.py
[2025-04-13T13:07:57.133-0400] {processor.py:840} INFO - DAG(s) 'example_subdag_operator.section-1', 'example_subdag_operator.section-2', 'example_subdag_operator' retrieved from /opt/anaconda3/lib/python3.12/site-packages/airflow/example_dags/example_subdag_operator.py
[2025-04-13T13:07:57.163-0400] {logging_mixin.py:188} INFO - [2025-04-13T13:07:57.163-0400] {dag.py:3096} INFO - Sync 3 DAGs
[2025-04-13T13:07:57.169-0400] {logging_mixin.py:188} INFO - [2025-04-13T13:07:57.169-0400] {dag.py:3954} INFO - Setting next_dagrun for example_subdag_operator to 2022-01-01 00:00:00+00:00, run_after=2022-01-01 00:00:00+00:00
[2025-04-13T13:07:57.170-0400] {logging_mixin.py:188} INFO - [2025-04-13T13:07:57.170-0400] {dag.py:3954} INFO - Setting next_dagrun for example_subdag_operator.section-1 to None, run_after=None
[2025-04-13T13:07:57.171-0400] {logging_mixin.py:188} INFO - [2025-04-13T13:07:57.170-0400] {dag.py:3954} INFO - Setting next_dagrun for example_subdag_operator.section-2 to None, run_after=None
[2025-04-13T13:07:57.172-0400] {logging_mixin.py:188} INFO - [2025-04-13T13:07:57.172-0400] {dag.py:3096} INFO - Sync 2 DAGs
[2025-04-13T13:07:57.173-0400] {logging_mixin.py:188} INFO - [2025-04-13T13:07:57.173-0400] {dag.py:3954} INFO - Setting next_dagrun for example_subdag_operator.section-1 to None, run_after=None
[2025-04-13T13:07:57.173-0400] {logging_mixin.py:188} INFO - [2025-04-13T13:07:57.173-0400] {dag.py:3954} INFO - Setting next_dagrun for example_subdag_operator.section-2 to None, run_after=None
[2025-04-13T13:07:57.177-0400] {processor.py:183} INFO - Processing /opt/anaconda3/lib/python3.12/site-packages/airflow/example_dags/example_subdag_operator.py took 0.075 seconds
[2025-04-13T13:09:36.715-0400] {processor.py:161} INFO - Started process (PID=35133) to work on /opt/anaconda3/lib/python3.12/site-packages/airflow/example_dags/example_subdag_operator.py
[2025-04-13T13:09:36.716-0400] {processor.py:830} INFO - Processing file /opt/anaconda3/lib/python3.12/site-packages/airflow/example_dags/example_subdag_operator.py for tasks to queue
[2025-04-13T13:09:36.717-0400] {logging_mixin.py:188} INFO - [2025-04-13T13:09:36.716-0400] {dagbag.py:540} INFO - Filling up the DagBag from /opt/anaconda3/lib/python3.12/site-packages/airflow/example_dags/example_subdag_operator.py
[2025-04-13T13:09:36.746-0400] {processor.py:840} INFO - DAG(s) 'example_subdag_operator.section-1', 'example_subdag_operator.section-2', 'example_subdag_operator' retrieved from /opt/anaconda3/lib/python3.12/site-packages/airflow/example_dags/example_subdag_operator.py
[2025-04-13T13:09:36.775-0400] {logging_mixin.py:188} INFO - [2025-04-13T13:09:36.775-0400] {dag.py:3096} INFO - Sync 3 DAGs
[2025-04-13T13:09:36.780-0400] {logging_mixin.py:188} INFO - [2025-04-13T13:09:36.780-0400] {dag.py:3954} INFO - Setting next_dagrun for example_subdag_operator to 2022-01-01 00:00:00+00:00, run_after=2022-01-01 00:00:00+00:00
[2025-04-13T13:09:36.781-0400] {logging_mixin.py:188} INFO - [2025-04-13T13:09:36.781-0400] {dag.py:3954} INFO - Setting next_dagrun for example_subdag_operator.section-1 to None, run_after=None
[2025-04-13T13:09:36.782-0400] {logging_mixin.py:188} INFO - [2025-04-13T13:09:36.782-0400] {dag.py:3954} INFO - Setting next_dagrun for example_subdag_operator.section-2 to None, run_after=None
[2025-04-13T13:09:36.783-0400] {logging_mixin.py:188} INFO - [2025-04-13T13:09:36.783-0400] {dag.py:3096} INFO - Sync 2 DAGs
[2025-04-13T13:09:36.784-0400] {logging_mixin.py:188} INFO - [2025-04-13T13:09:36.784-0400] {dag.py:3954} INFO - Setting next_dagrun for example_subdag_operator.section-1 to None, run_after=None
[2025-04-13T13:09:36.784-0400] {logging_mixin.py:188} INFO - [2025-04-13T13:09:36.784-0400] {dag.py:3954} INFO - Setting next_dagrun for example_subdag_operator.section-2 to None, run_after=None
[2025-04-13T13:09:36.788-0400] {processor.py:183} INFO - Processing /opt/anaconda3/lib/python3.12/site-packages/airflow/example_dags/example_subdag_operator.py took 0.074 seconds
[2025-04-13T13:15:28.338-0400] {processor.py:161} INFO - Started process (PID=37274) to work on /opt/anaconda3/lib/python3.12/site-packages/airflow/example_dags/example_subdag_operator.py
[2025-04-13T13:15:28.340-0400] {processor.py:830} INFO - Processing file /opt/anaconda3/lib/python3.12/site-packages/airflow/example_dags/example_subdag_operator.py for tasks to queue
[2025-04-13T13:15:28.340-0400] {logging_mixin.py:188} INFO - [2025-04-13T13:15:28.340-0400] {dagbag.py:540} INFO - Filling up the DagBag from /opt/anaconda3/lib/python3.12/site-packages/airflow/example_dags/example_subdag_operator.py
[2025-04-13T13:15:28.369-0400] {processor.py:840} INFO - DAG(s) 'example_subdag_operator.section-1', 'example_subdag_operator.section-2', 'example_subdag_operator' retrieved from /opt/anaconda3/lib/python3.12/site-packages/airflow/example_dags/example_subdag_operator.py
[2025-04-13T13:15:28.400-0400] {logging_mixin.py:188} INFO - [2025-04-13T13:15:28.400-0400] {dag.py:3096} INFO - Sync 3 DAGs
[2025-04-13T13:15:28.406-0400] {logging_mixin.py:188} INFO - [2025-04-13T13:15:28.406-0400] {dag.py:3954} INFO - Setting next_dagrun for example_subdag_operator to 2022-01-01 00:00:00+00:00, run_after=2022-01-01 00:00:00+00:00
[2025-04-13T13:15:28.407-0400] {logging_mixin.py:188} INFO - [2025-04-13T13:15:28.407-0400] {dag.py:3954} INFO - Setting next_dagrun for example_subdag_operator.section-1 to None, run_after=None
[2025-04-13T13:15:28.408-0400] {logging_mixin.py:188} INFO - [2025-04-13T13:15:28.407-0400] {dag.py:3954} INFO - Setting next_dagrun for example_subdag_operator.section-2 to None, run_after=None
[2025-04-13T13:15:28.409-0400] {logging_mixin.py:188} INFO - [2025-04-13T13:15:28.409-0400] {dag.py:3096} INFO - Sync 2 DAGs
[2025-04-13T13:15:28.410-0400] {logging_mixin.py:188} INFO - [2025-04-13T13:15:28.410-0400] {dag.py:3954} INFO - Setting next_dagrun for example_subdag_operator.section-1 to None, run_after=None
[2025-04-13T13:15:28.411-0400] {logging_mixin.py:188} INFO - [2025-04-13T13:15:28.410-0400] {dag.py:3954} INFO - Setting next_dagrun for example_subdag_operator.section-2 to None, run_after=None
[2025-04-13T13:15:28.415-0400] {processor.py:183} INFO - Processing /opt/anaconda3/lib/python3.12/site-packages/airflow/example_dags/example_subdag_operator.py took 0.077 seconds
[2025-04-13T13:19:10.125-0400] {processor.py:161} INFO - Started process (PID=38760) to work on /opt/anaconda3/lib/python3.12/site-packages/airflow/example_dags/example_subdag_operator.py
[2025-04-13T13:19:10.126-0400] {processor.py:830} INFO - Processing file /opt/anaconda3/lib/python3.12/site-packages/airflow/example_dags/example_subdag_operator.py for tasks to queue
[2025-04-13T13:19:10.126-0400] {logging_mixin.py:188} INFO - [2025-04-13T13:19:10.126-0400] {dagbag.py:540} INFO - Filling up the DagBag from /opt/anaconda3/lib/python3.12/site-packages/airflow/example_dags/example_subdag_operator.py
[2025-04-13T13:19:10.155-0400] {processor.py:840} INFO - DAG(s) 'example_subdag_operator.section-1', 'example_subdag_operator.section-2', 'example_subdag_operator' retrieved from /opt/anaconda3/lib/python3.12/site-packages/airflow/example_dags/example_subdag_operator.py
[2025-04-13T13:19:10.211-0400] {logging_mixin.py:188} INFO - [2025-04-13T13:19:10.211-0400] {dag.py:3096} INFO - Sync 3 DAGs
[2025-04-13T13:19:10.216-0400] {logging_mixin.py:188} INFO - [2025-04-13T13:19:10.216-0400] {dag.py:3954} INFO - Setting next_dagrun for example_subdag_operator to 2022-01-01 00:00:00+00:00, run_after=2022-01-01 00:00:00+00:00
[2025-04-13T13:19:10.217-0400] {logging_mixin.py:188} INFO - [2025-04-13T13:19:10.217-0400] {dag.py:3954} INFO - Setting next_dagrun for example_subdag_operator.section-1 to None, run_after=None
[2025-04-13T13:19:10.217-0400] {logging_mixin.py:188} INFO - [2025-04-13T13:19:10.217-0400] {dag.py:3954} INFO - Setting next_dagrun for example_subdag_operator.section-2 to None, run_after=None
[2025-04-13T13:19:10.219-0400] {logging_mixin.py:188} INFO - [2025-04-13T13:19:10.219-0400] {dag.py:3096} INFO - Sync 2 DAGs
[2025-04-13T13:19:10.220-0400] {logging_mixin.py:188} INFO - [2025-04-13T13:19:10.220-0400] {dag.py:3954} INFO - Setting next_dagrun for example_subdag_operator.section-1 to None, run_after=None
[2025-04-13T13:19:10.220-0400] {logging_mixin.py:188} INFO - [2025-04-13T13:19:10.220-0400] {dag.py:3954} INFO - Setting next_dagrun for example_subdag_operator.section-2 to None, run_after=None
[2025-04-13T13:19:10.224-0400] {processor.py:183} INFO - Processing /opt/anaconda3/lib/python3.12/site-packages/airflow/example_dags/example_subdag_operator.py took 0.100 seconds
[2025-04-13T13:23:38.234-0400] {processor.py:161} INFO - Started process (PID=40679) to work on /opt/anaconda3/lib/python3.12/site-packages/airflow/example_dags/example_subdag_operator.py
[2025-04-13T13:23:38.235-0400] {processor.py:830} INFO - Processing file /opt/anaconda3/lib/python3.12/site-packages/airflow/example_dags/example_subdag_operator.py for tasks to queue
[2025-04-13T13:23:38.235-0400] {logging_mixin.py:188} INFO - [2025-04-13T13:23:38.235-0400] {dagbag.py:540} INFO - Filling up the DagBag from /opt/anaconda3/lib/python3.12/site-packages/airflow/example_dags/example_subdag_operator.py
[2025-04-13T13:23:38.263-0400] {processor.py:840} INFO - DAG(s) 'example_subdag_operator.section-1', 'example_subdag_operator.section-2', 'example_subdag_operator' retrieved from /opt/anaconda3/lib/python3.12/site-packages/airflow/example_dags/example_subdag_operator.py
[2025-04-13T13:23:38.320-0400] {logging_mixin.py:188} INFO - [2025-04-13T13:23:38.319-0400] {dag.py:3096} INFO - Sync 3 DAGs
[2025-04-13T13:23:38.324-0400] {logging_mixin.py:188} INFO - [2025-04-13T13:23:38.324-0400] {dag.py:3954} INFO - Setting next_dagrun for example_subdag_operator to 2022-01-01 00:00:00+00:00, run_after=2022-01-01 00:00:00+00:00
[2025-04-13T13:23:38.325-0400] {logging_mixin.py:188} INFO - [2025-04-13T13:23:38.325-0400] {dag.py:3954} INFO - Setting next_dagrun for example_subdag_operator.section-1 to None, run_after=None
[2025-04-13T13:23:38.325-0400] {logging_mixin.py:188} INFO - [2025-04-13T13:23:38.325-0400] {dag.py:3954} INFO - Setting next_dagrun for example_subdag_operator.section-2 to None, run_after=None
[2025-04-13T13:23:38.327-0400] {logging_mixin.py:188} INFO - [2025-04-13T13:23:38.327-0400] {dag.py:3096} INFO - Sync 2 DAGs
[2025-04-13T13:23:38.328-0400] {logging_mixin.py:188} INFO - [2025-04-13T13:23:38.328-0400] {dag.py:3954} INFO - Setting next_dagrun for example_subdag_operator.section-1 to None, run_after=None
[2025-04-13T13:23:38.328-0400] {logging_mixin.py:188} INFO - [2025-04-13T13:23:38.328-0400] {dag.py:3954} INFO - Setting next_dagrun for example_subdag_operator.section-2 to None, run_after=None
[2025-04-13T13:23:38.332-0400] {processor.py:183} INFO - Processing /opt/anaconda3/lib/python3.12/site-packages/airflow/example_dags/example_subdag_operator.py took 0.099 seconds
[2025-04-13T13:25:18.338-0400] {processor.py:161} INFO - Started process (PID=41354) to work on /opt/anaconda3/lib/python3.12/site-packages/airflow/example_dags/example_subdag_operator.py
[2025-04-13T13:25:18.339-0400] {processor.py:830} INFO - Processing file /opt/anaconda3/lib/python3.12/site-packages/airflow/example_dags/example_subdag_operator.py for tasks to queue
[2025-04-13T13:25:18.339-0400] {logging_mixin.py:188} INFO - [2025-04-13T13:25:18.339-0400] {dagbag.py:540} INFO - Filling up the DagBag from /opt/anaconda3/lib/python3.12/site-packages/airflow/example_dags/example_subdag_operator.py
[2025-04-13T13:25:18.369-0400] {processor.py:840} INFO - DAG(s) 'example_subdag_operator.section-1', 'example_subdag_operator.section-2', 'example_subdag_operator' retrieved from /opt/anaconda3/lib/python3.12/site-packages/airflow/example_dags/example_subdag_operator.py
[2025-04-13T13:25:18.398-0400] {logging_mixin.py:188} INFO - [2025-04-13T13:25:18.398-0400] {dag.py:3096} INFO - Sync 3 DAGs
[2025-04-13T13:25:18.403-0400] {logging_mixin.py:188} INFO - [2025-04-13T13:25:18.403-0400] {dag.py:3954} INFO - Setting next_dagrun for example_subdag_operator to 2022-01-01 00:00:00+00:00, run_after=2022-01-01 00:00:00+00:00
[2025-04-13T13:25:18.404-0400] {logging_mixin.py:188} INFO - [2025-04-13T13:25:18.404-0400] {dag.py:3954} INFO - Setting next_dagrun for example_subdag_operator.section-1 to None, run_after=None
[2025-04-13T13:25:18.405-0400] {logging_mixin.py:188} INFO - [2025-04-13T13:25:18.405-0400] {dag.py:3954} INFO - Setting next_dagrun for example_subdag_operator.section-2 to None, run_after=None
[2025-04-13T13:25:18.406-0400] {logging_mixin.py:188} INFO - [2025-04-13T13:25:18.406-0400] {dag.py:3096} INFO - Sync 2 DAGs
[2025-04-13T13:25:18.407-0400] {logging_mixin.py:188} INFO - [2025-04-13T13:25:18.407-0400] {dag.py:3954} INFO - Setting next_dagrun for example_subdag_operator.section-1 to None, run_after=None
[2025-04-13T13:25:18.408-0400] {logging_mixin.py:188} INFO - [2025-04-13T13:25:18.407-0400] {dag.py:3954} INFO - Setting next_dagrun for example_subdag_operator.section-2 to None, run_after=None
[2025-04-13T13:25:18.411-0400] {processor.py:183} INFO - Processing /opt/anaconda3/lib/python3.12/site-packages/airflow/example_dags/example_subdag_operator.py took 0.074 seconds
[2025-04-13T13:26:24.647-0400] {processor.py:161} INFO - Started process (PID=41787) to work on /opt/anaconda3/lib/python3.12/site-packages/airflow/example_dags/example_subdag_operator.py
[2025-04-13T13:26:24.648-0400] {processor.py:830} INFO - Processing file /opt/anaconda3/lib/python3.12/site-packages/airflow/example_dags/example_subdag_operator.py for tasks to queue
[2025-04-13T13:26:24.648-0400] {logging_mixin.py:188} INFO - [2025-04-13T13:26:24.648-0400] {dagbag.py:540} INFO - Filling up the DagBag from /opt/anaconda3/lib/python3.12/site-packages/airflow/example_dags/example_subdag_operator.py
[2025-04-13T13:26:24.680-0400] {processor.py:840} INFO - DAG(s) 'example_subdag_operator.section-1', 'example_subdag_operator.section-2', 'example_subdag_operator' retrieved from /opt/anaconda3/lib/python3.12/site-packages/airflow/example_dags/example_subdag_operator.py
[2025-04-13T13:26:24.709-0400] {logging_mixin.py:188} INFO - [2025-04-13T13:26:24.709-0400] {dag.py:3096} INFO - Sync 3 DAGs
[2025-04-13T13:26:24.714-0400] {logging_mixin.py:188} INFO - [2025-04-13T13:26:24.714-0400] {dag.py:3954} INFO - Setting next_dagrun for example_subdag_operator to 2022-01-01 00:00:00+00:00, run_after=2022-01-01 00:00:00+00:00
[2025-04-13T13:26:24.715-0400] {logging_mixin.py:188} INFO - [2025-04-13T13:26:24.715-0400] {dag.py:3954} INFO - Setting next_dagrun for example_subdag_operator.section-1 to None, run_after=None
[2025-04-13T13:26:24.716-0400] {logging_mixin.py:188} INFO - [2025-04-13T13:26:24.716-0400] {dag.py:3954} INFO - Setting next_dagrun for example_subdag_operator.section-2 to None, run_after=None
[2025-04-13T13:26:24.717-0400] {logging_mixin.py:188} INFO - [2025-04-13T13:26:24.717-0400] {dag.py:3096} INFO - Sync 2 DAGs
[2025-04-13T13:26:24.718-0400] {logging_mixin.py:188} INFO - [2025-04-13T13:26:24.718-0400] {dag.py:3954} INFO - Setting next_dagrun for example_subdag_operator.section-1 to None, run_after=None
[2025-04-13T13:26:24.718-0400] {logging_mixin.py:188} INFO - [2025-04-13T13:26:24.718-0400] {dag.py:3954} INFO - Setting next_dagrun for example_subdag_operator.section-2 to None, run_after=None
[2025-04-13T13:26:24.722-0400] {processor.py:183} INFO - Processing /opt/anaconda3/lib/python3.12/site-packages/airflow/example_dags/example_subdag_operator.py took 0.076 seconds
[2025-04-13T13:28:27.957-0400] {processor.py:161} INFO - Started process (PID=42616) to work on /opt/anaconda3/lib/python3.12/site-packages/airflow/example_dags/example_subdag_operator.py
[2025-04-13T13:28:27.958-0400] {processor.py:830} INFO - Processing file /opt/anaconda3/lib/python3.12/site-packages/airflow/example_dags/example_subdag_operator.py for tasks to queue
[2025-04-13T13:28:27.958-0400] {logging_mixin.py:188} INFO - [2025-04-13T13:28:27.958-0400] {dagbag.py:540} INFO - Filling up the DagBag from /opt/anaconda3/lib/python3.12/site-packages/airflow/example_dags/example_subdag_operator.py
[2025-04-13T13:28:27.986-0400] {processor.py:840} INFO - DAG(s) 'example_subdag_operator.section-1', 'example_subdag_operator.section-2', 'example_subdag_operator' retrieved from /opt/anaconda3/lib/python3.12/site-packages/airflow/example_dags/example_subdag_operator.py
[2025-04-13T13:28:28.015-0400] {logging_mixin.py:188} INFO - [2025-04-13T13:28:28.014-0400] {dag.py:3096} INFO - Sync 3 DAGs
[2025-04-13T13:28:28.020-0400] {logging_mixin.py:188} INFO - [2025-04-13T13:28:28.020-0400] {dag.py:3954} INFO - Setting next_dagrun for example_subdag_operator to 2022-01-01 00:00:00+00:00, run_after=2022-01-01 00:00:00+00:00
[2025-04-13T13:28:28.021-0400] {logging_mixin.py:188} INFO - [2025-04-13T13:28:28.021-0400] {dag.py:3954} INFO - Setting next_dagrun for example_subdag_operator.section-1 to None, run_after=None
[2025-04-13T13:28:28.021-0400] {logging_mixin.py:188} INFO - [2025-04-13T13:28:28.021-0400] {dag.py:3954} INFO - Setting next_dagrun for example_subdag_operator.section-2 to None, run_after=None
[2025-04-13T13:28:28.023-0400] {logging_mixin.py:188} INFO - [2025-04-13T13:28:28.023-0400] {dag.py:3096} INFO - Sync 2 DAGs
[2025-04-13T13:28:28.024-0400] {logging_mixin.py:188} INFO - [2025-04-13T13:28:28.024-0400] {dag.py:3954} INFO - Setting next_dagrun for example_subdag_operator.section-1 to None, run_after=None
[2025-04-13T13:28:28.024-0400] {logging_mixin.py:188} INFO - [2025-04-13T13:28:28.024-0400] {dag.py:3954} INFO - Setting next_dagrun for example_subdag_operator.section-2 to None, run_after=None
[2025-04-13T13:28:28.028-0400] {processor.py:183} INFO - Processing /opt/anaconda3/lib/python3.12/site-packages/airflow/example_dags/example_subdag_operator.py took 0.072 seconds
[2025-04-13T13:29:35.976-0400] {processor.py:161} INFO - Started process (PID=43063) to work on /opt/anaconda3/lib/python3.12/site-packages/airflow/example_dags/example_subdag_operator.py
[2025-04-13T13:29:35.977-0400] {processor.py:830} INFO - Processing file /opt/anaconda3/lib/python3.12/site-packages/airflow/example_dags/example_subdag_operator.py for tasks to queue
[2025-04-13T13:29:35.977-0400] {logging_mixin.py:188} INFO - [2025-04-13T13:29:35.977-0400] {dagbag.py:540} INFO - Filling up the DagBag from /opt/anaconda3/lib/python3.12/site-packages/airflow/example_dags/example_subdag_operator.py
[2025-04-13T13:29:36.006-0400] {processor.py:840} INFO - DAG(s) 'example_subdag_operator.section-1', 'example_subdag_operator.section-2', 'example_subdag_operator' retrieved from /opt/anaconda3/lib/python3.12/site-packages/airflow/example_dags/example_subdag_operator.py
[2025-04-13T13:29:36.036-0400] {logging_mixin.py:188} INFO - [2025-04-13T13:29:36.036-0400] {dag.py:3096} INFO - Sync 3 DAGs
[2025-04-13T13:29:36.042-0400] {logging_mixin.py:188} INFO - [2025-04-13T13:29:36.042-0400] {dag.py:3954} INFO - Setting next_dagrun for example_subdag_operator to 2022-01-01 00:00:00+00:00, run_after=2022-01-01 00:00:00+00:00
[2025-04-13T13:29:36.043-0400] {logging_mixin.py:188} INFO - [2025-04-13T13:29:36.043-0400] {dag.py:3954} INFO - Setting next_dagrun for example_subdag_operator.section-1 to None, run_after=None
[2025-04-13T13:29:36.043-0400] {logging_mixin.py:188} INFO - [2025-04-13T13:29:36.043-0400] {dag.py:3954} INFO - Setting next_dagrun for example_subdag_operator.section-2 to None, run_after=None
[2025-04-13T13:29:36.045-0400] {logging_mixin.py:188} INFO - [2025-04-13T13:29:36.045-0400] {dag.py:3096} INFO - Sync 2 DAGs
[2025-04-13T13:29:36.046-0400] {logging_mixin.py:188} INFO - [2025-04-13T13:29:36.046-0400] {dag.py:3954} INFO - Setting next_dagrun for example_subdag_operator.section-1 to None, run_after=None
[2025-04-13T13:29:36.046-0400] {logging_mixin.py:188} INFO - [2025-04-13T13:29:36.046-0400] {dag.py:3954} INFO - Setting next_dagrun for example_subdag_operator.section-2 to None, run_after=None
[2025-04-13T13:29:36.050-0400] {processor.py:183} INFO - Processing /opt/anaconda3/lib/python3.12/site-packages/airflow/example_dags/example_subdag_operator.py took 0.075 seconds
[2025-04-13T13:31:55.487-0400] {processor.py:161} INFO - Started process (PID=43975) to work on /opt/anaconda3/lib/python3.12/site-packages/airflow/example_dags/example_subdag_operator.py
[2025-04-13T13:31:55.488-0400] {processor.py:830} INFO - Processing file /opt/anaconda3/lib/python3.12/site-packages/airflow/example_dags/example_subdag_operator.py for tasks to queue
[2025-04-13T13:31:55.488-0400] {logging_mixin.py:188} INFO - [2025-04-13T13:31:55.488-0400] {dagbag.py:540} INFO - Filling up the DagBag from /opt/anaconda3/lib/python3.12/site-packages/airflow/example_dags/example_subdag_operator.py
[2025-04-13T13:31:55.517-0400] {processor.py:840} INFO - DAG(s) 'example_subdag_operator.section-1', 'example_subdag_operator.section-2', 'example_subdag_operator' retrieved from /opt/anaconda3/lib/python3.12/site-packages/airflow/example_dags/example_subdag_operator.py
[2025-04-13T13:31:55.546-0400] {logging_mixin.py:188} INFO - [2025-04-13T13:31:55.546-0400] {dag.py:3096} INFO - Sync 3 DAGs
[2025-04-13T13:31:55.551-0400] {logging_mixin.py:188} INFO - [2025-04-13T13:31:55.551-0400] {dag.py:3954} INFO - Setting next_dagrun for example_subdag_operator to 2022-01-01 00:00:00+00:00, run_after=2022-01-01 00:00:00+00:00
[2025-04-13T13:31:55.552-0400] {logging_mixin.py:188} INFO - [2025-04-13T13:31:55.552-0400] {dag.py:3954} INFO - Setting next_dagrun for example_subdag_operator.section-1 to None, run_after=None
[2025-04-13T13:31:55.553-0400] {logging_mixin.py:188} INFO - [2025-04-13T13:31:55.553-0400] {dag.py:3954} INFO - Setting next_dagrun for example_subdag_operator.section-2 to None, run_after=None
[2025-04-13T13:31:55.554-0400] {logging_mixin.py:188} INFO - [2025-04-13T13:31:55.554-0400] {dag.py:3096} INFO - Sync 2 DAGs
[2025-04-13T13:31:55.555-0400] {logging_mixin.py:188} INFO - [2025-04-13T13:31:55.555-0400] {dag.py:3954} INFO - Setting next_dagrun for example_subdag_operator.section-1 to None, run_after=None
[2025-04-13T13:31:55.556-0400] {logging_mixin.py:188} INFO - [2025-04-13T13:31:55.555-0400] {dag.py:3954} INFO - Setting next_dagrun for example_subdag_operator.section-2 to None, run_after=None
[2025-04-13T13:31:55.559-0400] {processor.py:183} INFO - Processing /opt/anaconda3/lib/python3.12/site-packages/airflow/example_dags/example_subdag_operator.py took 0.074 seconds
[2025-04-13T13:33:33.006-0400] {processor.py:161} INFO - Started process (PID=44617) to work on /opt/anaconda3/lib/python3.12/site-packages/airflow/example_dags/example_subdag_operator.py
[2025-04-13T13:33:33.007-0400] {processor.py:830} INFO - Processing file /opt/anaconda3/lib/python3.12/site-packages/airflow/example_dags/example_subdag_operator.py for tasks to queue
[2025-04-13T13:33:33.007-0400] {logging_mixin.py:188} INFO - [2025-04-13T13:33:33.007-0400] {dagbag.py:540} INFO - Filling up the DagBag from /opt/anaconda3/lib/python3.12/site-packages/airflow/example_dags/example_subdag_operator.py
[2025-04-13T13:33:33.036-0400] {processor.py:840} INFO - DAG(s) 'example_subdag_operator.section-1', 'example_subdag_operator.section-2', 'example_subdag_operator' retrieved from /opt/anaconda3/lib/python3.12/site-packages/airflow/example_dags/example_subdag_operator.py
[2025-04-13T13:33:33.065-0400] {logging_mixin.py:188} INFO - [2025-04-13T13:33:33.065-0400] {dag.py:3096} INFO - Sync 3 DAGs
[2025-04-13T13:33:33.070-0400] {logging_mixin.py:188} INFO - [2025-04-13T13:33:33.070-0400] {dag.py:3954} INFO - Setting next_dagrun for example_subdag_operator to 2022-01-01 00:00:00+00:00, run_after=2022-01-01 00:00:00+00:00
[2025-04-13T13:33:33.071-0400] {logging_mixin.py:188} INFO - [2025-04-13T13:33:33.071-0400] {dag.py:3954} INFO - Setting next_dagrun for example_subdag_operator.section-1 to None, run_after=None
[2025-04-13T13:33:33.072-0400] {logging_mixin.py:188} INFO - [2025-04-13T13:33:33.072-0400] {dag.py:3954} INFO - Setting next_dagrun for example_subdag_operator.section-2 to None, run_after=None
[2025-04-13T13:33:33.073-0400] {logging_mixin.py:188} INFO - [2025-04-13T13:33:33.073-0400] {dag.py:3096} INFO - Sync 2 DAGs
[2025-04-13T13:33:33.075-0400] {logging_mixin.py:188} INFO - [2025-04-13T13:33:33.074-0400] {dag.py:3954} INFO - Setting next_dagrun for example_subdag_operator.section-1 to None, run_after=None
[2025-04-13T13:33:33.075-0400] {logging_mixin.py:188} INFO - [2025-04-13T13:33:33.075-0400] {dag.py:3954} INFO - Setting next_dagrun for example_subdag_operator.section-2 to None, run_after=None
[2025-04-13T13:33:33.078-0400] {processor.py:183} INFO - Processing /opt/anaconda3/lib/python3.12/site-packages/airflow/example_dags/example_subdag_operator.py took 0.074 seconds
[2025-04-13T13:36:17.957-0400] {processor.py:161} INFO - Started process (PID=45166) to work on /opt/anaconda3/lib/python3.12/site-packages/airflow/example_dags/example_subdag_operator.py
[2025-04-13T13:36:17.957-0400] {processor.py:830} INFO - Processing file /opt/anaconda3/lib/python3.12/site-packages/airflow/example_dags/example_subdag_operator.py for tasks to queue
[2025-04-13T13:36:17.958-0400] {logging_mixin.py:188} INFO - [2025-04-13T13:36:17.957-0400] {dagbag.py:540} INFO - Filling up the DagBag from /opt/anaconda3/lib/python3.12/site-packages/airflow/example_dags/example_subdag_operator.py
[2025-04-13T13:36:17.986-0400] {processor.py:840} INFO - DAG(s) 'example_subdag_operator.section-1', 'example_subdag_operator.section-2', 'example_subdag_operator' retrieved from /opt/anaconda3/lib/python3.12/site-packages/airflow/example_dags/example_subdag_operator.py
[2025-04-13T13:36:18.015-0400] {logging_mixin.py:188} INFO - [2025-04-13T13:36:18.015-0400] {dag.py:3096} INFO - Sync 3 DAGs
[2025-04-13T13:36:18.020-0400] {logging_mixin.py:188} INFO - [2025-04-13T13:36:18.020-0400] {dag.py:3954} INFO - Setting next_dagrun for example_subdag_operator to 2022-01-01 00:00:00+00:00, run_after=2022-01-01 00:00:00+00:00
[2025-04-13T13:36:18.021-0400] {logging_mixin.py:188} INFO - [2025-04-13T13:36:18.021-0400] {dag.py:3954} INFO - Setting next_dagrun for example_subdag_operator.section-1 to None, run_after=None
[2025-04-13T13:36:18.021-0400] {logging_mixin.py:188} INFO - [2025-04-13T13:36:18.021-0400] {dag.py:3954} INFO - Setting next_dagrun for example_subdag_operator.section-2 to None, run_after=None
[2025-04-13T13:36:18.023-0400] {logging_mixin.py:188} INFO - [2025-04-13T13:36:18.023-0400] {dag.py:3096} INFO - Sync 2 DAGs
[2025-04-13T13:36:18.024-0400] {logging_mixin.py:188} INFO - [2025-04-13T13:36:18.024-0400] {dag.py:3954} INFO - Setting next_dagrun for example_subdag_operator.section-1 to None, run_after=None
[2025-04-13T13:36:18.024-0400] {logging_mixin.py:188} INFO - [2025-04-13T13:36:18.024-0400] {dag.py:3954} INFO - Setting next_dagrun for example_subdag_operator.section-2 to None, run_after=None
[2025-04-13T13:36:18.028-0400] {processor.py:183} INFO - Processing /opt/anaconda3/lib/python3.12/site-packages/airflow/example_dags/example_subdag_operator.py took 0.072 seconds
[2025-04-13T13:37:42.435-0400] {processor.py:161} INFO - Started process (PID=45731) to work on /opt/anaconda3/lib/python3.12/site-packages/airflow/example_dags/example_subdag_operator.py
[2025-04-13T13:37:42.436-0400] {processor.py:830} INFO - Processing file /opt/anaconda3/lib/python3.12/site-packages/airflow/example_dags/example_subdag_operator.py for tasks to queue
[2025-04-13T13:37:42.436-0400] {logging_mixin.py:188} INFO - [2025-04-13T13:37:42.436-0400] {dagbag.py:540} INFO - Filling up the DagBag from /opt/anaconda3/lib/python3.12/site-packages/airflow/example_dags/example_subdag_operator.py
[2025-04-13T13:37:42.466-0400] {processor.py:840} INFO - DAG(s) 'example_subdag_operator.section-1', 'example_subdag_operator.section-2', 'example_subdag_operator' retrieved from /opt/anaconda3/lib/python3.12/site-packages/airflow/example_dags/example_subdag_operator.py
[2025-04-13T13:37:42.497-0400] {logging_mixin.py:188} INFO - [2025-04-13T13:37:42.496-0400] {dag.py:3096} INFO - Sync 3 DAGs
[2025-04-13T13:37:42.503-0400] {logging_mixin.py:188} INFO - [2025-04-13T13:37:42.503-0400] {dag.py:3954} INFO - Setting next_dagrun for example_subdag_operator to 2022-01-01 00:00:00+00:00, run_after=2022-01-01 00:00:00+00:00
[2025-04-13T13:37:42.504-0400] {logging_mixin.py:188} INFO - [2025-04-13T13:37:42.504-0400] {dag.py:3954} INFO - Setting next_dagrun for example_subdag_operator.section-1 to None, run_after=None
[2025-04-13T13:37:42.504-0400] {logging_mixin.py:188} INFO - [2025-04-13T13:37:42.504-0400] {dag.py:3954} INFO - Setting next_dagrun for example_subdag_operator.section-2 to None, run_after=None
[2025-04-13T13:37:42.506-0400] {logging_mixin.py:188} INFO - [2025-04-13T13:37:42.506-0400] {dag.py:3096} INFO - Sync 2 DAGs
[2025-04-13T13:37:42.507-0400] {logging_mixin.py:188} INFO - [2025-04-13T13:37:42.507-0400] {dag.py:3954} INFO - Setting next_dagrun for example_subdag_operator.section-1 to None, run_after=None
[2025-04-13T13:37:42.507-0400] {logging_mixin.py:188} INFO - [2025-04-13T13:37:42.507-0400] {dag.py:3954} INFO - Setting next_dagrun for example_subdag_operator.section-2 to None, run_after=None
[2025-04-13T13:37:42.511-0400] {processor.py:183} INFO - Processing /opt/anaconda3/lib/python3.12/site-packages/airflow/example_dags/example_subdag_operator.py took 0.076 seconds
[2025-04-13T13:38:50.829-0400] {processor.py:161} INFO - Started process (PID=46186) to work on /opt/anaconda3/lib/python3.12/site-packages/airflow/example_dags/example_subdag_operator.py
[2025-04-13T13:38:50.830-0400] {processor.py:830} INFO - Processing file /opt/anaconda3/lib/python3.12/site-packages/airflow/example_dags/example_subdag_operator.py for tasks to queue
[2025-04-13T13:38:50.830-0400] {logging_mixin.py:188} INFO - [2025-04-13T13:38:50.830-0400] {dagbag.py:540} INFO - Filling up the DagBag from /opt/anaconda3/lib/python3.12/site-packages/airflow/example_dags/example_subdag_operator.py
[2025-04-13T13:38:50.859-0400] {processor.py:840} INFO - DAG(s) 'example_subdag_operator.section-1', 'example_subdag_operator.section-2', 'example_subdag_operator' retrieved from /opt/anaconda3/lib/python3.12/site-packages/airflow/example_dags/example_subdag_operator.py
[2025-04-13T13:38:50.888-0400] {logging_mixin.py:188} INFO - [2025-04-13T13:38:50.887-0400] {dag.py:3096} INFO - Sync 3 DAGs
[2025-04-13T13:38:50.894-0400] {logging_mixin.py:188} INFO - [2025-04-13T13:38:50.894-0400] {dag.py:3954} INFO - Setting next_dagrun for example_subdag_operator to 2022-01-01 00:00:00+00:00, run_after=2022-01-01 00:00:00+00:00
[2025-04-13T13:38:50.895-0400] {logging_mixin.py:188} INFO - [2025-04-13T13:38:50.895-0400] {dag.py:3954} INFO - Setting next_dagrun for example_subdag_operator.section-1 to None, run_after=None
[2025-04-13T13:38:50.895-0400] {logging_mixin.py:188} INFO - [2025-04-13T13:38:50.895-0400] {dag.py:3954} INFO - Setting next_dagrun for example_subdag_operator.section-2 to None, run_after=None
[2025-04-13T13:38:50.897-0400] {logging_mixin.py:188} INFO - [2025-04-13T13:38:50.897-0400] {dag.py:3096} INFO - Sync 2 DAGs
[2025-04-13T13:38:50.899-0400] {logging_mixin.py:188} INFO - [2025-04-13T13:38:50.898-0400] {dag.py:3954} INFO - Setting next_dagrun for example_subdag_operator.section-1 to None, run_after=None
[2025-04-13T13:38:50.899-0400] {logging_mixin.py:188} INFO - [2025-04-13T13:38:50.899-0400] {dag.py:3954} INFO - Setting next_dagrun for example_subdag_operator.section-2 to None, run_after=None
[2025-04-13T13:38:50.903-0400] {processor.py:183} INFO - Processing /opt/anaconda3/lib/python3.12/site-packages/airflow/example_dags/example_subdag_operator.py took 0.075 seconds
[2025-04-13T13:39:56.594-0400] {processor.py:161} INFO - Started process (PID=46623) to work on /opt/anaconda3/lib/python3.12/site-packages/airflow/example_dags/example_subdag_operator.py
[2025-04-13T13:39:56.595-0400] {processor.py:830} INFO - Processing file /opt/anaconda3/lib/python3.12/site-packages/airflow/example_dags/example_subdag_operator.py for tasks to queue
[2025-04-13T13:39:56.595-0400] {logging_mixin.py:188} INFO - [2025-04-13T13:39:56.595-0400] {dagbag.py:540} INFO - Filling up the DagBag from /opt/anaconda3/lib/python3.12/site-packages/airflow/example_dags/example_subdag_operator.py
[2025-04-13T13:39:56.623-0400] {processor.py:840} INFO - DAG(s) 'example_subdag_operator.section-1', 'example_subdag_operator.section-2', 'example_subdag_operator' retrieved from /opt/anaconda3/lib/python3.12/site-packages/airflow/example_dags/example_subdag_operator.py
[2025-04-13T13:39:56.652-0400] {logging_mixin.py:188} INFO - [2025-04-13T13:39:56.652-0400] {dag.py:3096} INFO - Sync 3 DAGs
[2025-04-13T13:39:56.657-0400] {logging_mixin.py:188} INFO - [2025-04-13T13:39:56.657-0400] {dag.py:3954} INFO - Setting next_dagrun for example_subdag_operator to 2022-01-01 00:00:00+00:00, run_after=2022-01-01 00:00:00+00:00
[2025-04-13T13:39:56.658-0400] {logging_mixin.py:188} INFO - [2025-04-13T13:39:56.658-0400] {dag.py:3954} INFO - Setting next_dagrun for example_subdag_operator.section-1 to None, run_after=None
[2025-04-13T13:39:56.658-0400] {logging_mixin.py:188} INFO - [2025-04-13T13:39:56.658-0400] {dag.py:3954} INFO - Setting next_dagrun for example_subdag_operator.section-2 to None, run_after=None
[2025-04-13T13:39:56.660-0400] {logging_mixin.py:188} INFO - [2025-04-13T13:39:56.660-0400] {dag.py:3096} INFO - Sync 2 DAGs
[2025-04-13T13:39:56.661-0400] {logging_mixin.py:188} INFO - [2025-04-13T13:39:56.661-0400] {dag.py:3954} INFO - Setting next_dagrun for example_subdag_operator.section-1 to None, run_after=None
[2025-04-13T13:39:56.661-0400] {logging_mixin.py:188} INFO - [2025-04-13T13:39:56.661-0400] {dag.py:3954} INFO - Setting next_dagrun for example_subdag_operator.section-2 to None, run_after=None
[2025-04-13T13:39:56.665-0400] {processor.py:183} INFO - Processing /opt/anaconda3/lib/python3.12/site-packages/airflow/example_dags/example_subdag_operator.py took 0.072 seconds
[2025-04-13T13:41:03.255-0400] {processor.py:161} INFO - Started process (PID=47090) to work on /opt/anaconda3/lib/python3.12/site-packages/airflow/example_dags/example_subdag_operator.py
[2025-04-13T13:41:03.256-0400] {processor.py:830} INFO - Processing file /opt/anaconda3/lib/python3.12/site-packages/airflow/example_dags/example_subdag_operator.py for tasks to queue
[2025-04-13T13:41:03.256-0400] {logging_mixin.py:188} INFO - [2025-04-13T13:41:03.256-0400] {dagbag.py:540} INFO - Filling up the DagBag from /opt/anaconda3/lib/python3.12/site-packages/airflow/example_dags/example_subdag_operator.py
[2025-04-13T13:41:03.285-0400] {processor.py:840} INFO - DAG(s) 'example_subdag_operator.section-1', 'example_subdag_operator.section-2', 'example_subdag_operator' retrieved from /opt/anaconda3/lib/python3.12/site-packages/airflow/example_dags/example_subdag_operator.py
[2025-04-13T13:41:03.314-0400] {logging_mixin.py:188} INFO - [2025-04-13T13:41:03.314-0400] {dag.py:3096} INFO - Sync 3 DAGs
[2025-04-13T13:41:03.320-0400] {logging_mixin.py:188} INFO - [2025-04-13T13:41:03.320-0400] {dag.py:3954} INFO - Setting next_dagrun for example_subdag_operator to 2022-01-01 00:00:00+00:00, run_after=2022-01-01 00:00:00+00:00
[2025-04-13T13:41:03.321-0400] {logging_mixin.py:188} INFO - [2025-04-13T13:41:03.321-0400] {dag.py:3954} INFO - Setting next_dagrun for example_subdag_operator.section-1 to None, run_after=None
[2025-04-13T13:41:03.321-0400] {logging_mixin.py:188} INFO - [2025-04-13T13:41:03.321-0400] {dag.py:3954} INFO - Setting next_dagrun for example_subdag_operator.section-2 to None, run_after=None
[2025-04-13T13:41:03.323-0400] {logging_mixin.py:188} INFO - [2025-04-13T13:41:03.323-0400] {dag.py:3096} INFO - Sync 2 DAGs
[2025-04-13T13:41:03.324-0400] {logging_mixin.py:188} INFO - [2025-04-13T13:41:03.324-0400] {dag.py:3954} INFO - Setting next_dagrun for example_subdag_operator.section-1 to None, run_after=None
[2025-04-13T13:41:03.324-0400] {logging_mixin.py:188} INFO - [2025-04-13T13:41:03.324-0400] {dag.py:3954} INFO - Setting next_dagrun for example_subdag_operator.section-2 to None, run_after=None
[2025-04-13T13:41:03.328-0400] {processor.py:183} INFO - Processing /opt/anaconda3/lib/python3.12/site-packages/airflow/example_dags/example_subdag_operator.py took 0.074 seconds
[2025-04-13T13:42:06.727-0400] {processor.py:161} INFO - Started process (PID=47521) to work on /opt/anaconda3/lib/python3.12/site-packages/airflow/example_dags/example_subdag_operator.py
[2025-04-13T13:42:06.728-0400] {processor.py:830} INFO - Processing file /opt/anaconda3/lib/python3.12/site-packages/airflow/example_dags/example_subdag_operator.py for tasks to queue
[2025-04-13T13:42:06.728-0400] {logging_mixin.py:188} INFO - [2025-04-13T13:42:06.728-0400] {dagbag.py:540} INFO - Filling up the DagBag from /opt/anaconda3/lib/python3.12/site-packages/airflow/example_dags/example_subdag_operator.py
[2025-04-13T13:42:06.756-0400] {processor.py:840} INFO - DAG(s) 'example_subdag_operator.section-1', 'example_subdag_operator.section-2', 'example_subdag_operator' retrieved from /opt/anaconda3/lib/python3.12/site-packages/airflow/example_dags/example_subdag_operator.py
[2025-04-13T13:42:06.785-0400] {logging_mixin.py:188} INFO - [2025-04-13T13:42:06.784-0400] {dag.py:3096} INFO - Sync 3 DAGs
[2025-04-13T13:42:06.790-0400] {logging_mixin.py:188} INFO - [2025-04-13T13:42:06.790-0400] {dag.py:3954} INFO - Setting next_dagrun for example_subdag_operator to 2022-01-01 00:00:00+00:00, run_after=2022-01-01 00:00:00+00:00
[2025-04-13T13:42:06.791-0400] {logging_mixin.py:188} INFO - [2025-04-13T13:42:06.791-0400] {dag.py:3954} INFO - Setting next_dagrun for example_subdag_operator.section-1 to None, run_after=None
[2025-04-13T13:42:06.791-0400] {logging_mixin.py:188} INFO - [2025-04-13T13:42:06.791-0400] {dag.py:3954} INFO - Setting next_dagrun for example_subdag_operator.section-2 to None, run_after=None
[2025-04-13T13:42:06.793-0400] {logging_mixin.py:188} INFO - [2025-04-13T13:42:06.793-0400] {dag.py:3096} INFO - Sync 2 DAGs
[2025-04-13T13:42:06.794-0400] {logging_mixin.py:188} INFO - [2025-04-13T13:42:06.794-0400] {dag.py:3954} INFO - Setting next_dagrun for example_subdag_operator.section-1 to None, run_after=None
[2025-04-13T13:42:06.794-0400] {logging_mixin.py:188} INFO - [2025-04-13T13:42:06.794-0400] {dag.py:3954} INFO - Setting next_dagrun for example_subdag_operator.section-2 to None, run_after=None
[2025-04-13T13:42:06.797-0400] {processor.py:183} INFO - Processing /opt/anaconda3/lib/python3.12/site-packages/airflow/example_dags/example_subdag_operator.py took 0.072 seconds
[2025-04-13T13:43:14.418-0400] {processor.py:161} INFO - Started process (PID=47985) to work on /opt/anaconda3/lib/python3.12/site-packages/airflow/example_dags/example_subdag_operator.py
[2025-04-13T13:43:14.419-0400] {processor.py:830} INFO - Processing file /opt/anaconda3/lib/python3.12/site-packages/airflow/example_dags/example_subdag_operator.py for tasks to queue
[2025-04-13T13:43:14.419-0400] {logging_mixin.py:188} INFO - [2025-04-13T13:43:14.419-0400] {dagbag.py:540} INFO - Filling up the DagBag from /opt/anaconda3/lib/python3.12/site-packages/airflow/example_dags/example_subdag_operator.py
[2025-04-13T13:43:14.448-0400] {processor.py:840} INFO - DAG(s) 'example_subdag_operator.section-1', 'example_subdag_operator.section-2', 'example_subdag_operator' retrieved from /opt/anaconda3/lib/python3.12/site-packages/airflow/example_dags/example_subdag_operator.py
[2025-04-13T13:43:14.477-0400] {logging_mixin.py:188} INFO - [2025-04-13T13:43:14.476-0400] {dag.py:3096} INFO - Sync 3 DAGs
[2025-04-13T13:43:14.482-0400] {logging_mixin.py:188} INFO - [2025-04-13T13:43:14.482-0400] {dag.py:3954} INFO - Setting next_dagrun for example_subdag_operator to 2022-01-01 00:00:00+00:00, run_after=2022-01-01 00:00:00+00:00
[2025-04-13T13:43:14.483-0400] {logging_mixin.py:188} INFO - [2025-04-13T13:43:14.483-0400] {dag.py:3954} INFO - Setting next_dagrun for example_subdag_operator.section-1 to None, run_after=None
[2025-04-13T13:43:14.483-0400] {logging_mixin.py:188} INFO - [2025-04-13T13:43:14.483-0400] {dag.py:3954} INFO - Setting next_dagrun for example_subdag_operator.section-2 to None, run_after=None
[2025-04-13T13:43:14.485-0400] {logging_mixin.py:188} INFO - [2025-04-13T13:43:14.485-0400] {dag.py:3096} INFO - Sync 2 DAGs
[2025-04-13T13:43:14.486-0400] {logging_mixin.py:188} INFO - [2025-04-13T13:43:14.486-0400] {dag.py:3954} INFO - Setting next_dagrun for example_subdag_operator.section-1 to None, run_after=None
[2025-04-13T13:43:14.486-0400] {logging_mixin.py:188} INFO - [2025-04-13T13:43:14.486-0400] {dag.py:3954} INFO - Setting next_dagrun for example_subdag_operator.section-2 to None, run_after=None
[2025-04-13T13:43:14.489-0400] {processor.py:183} INFO - Processing /opt/anaconda3/lib/python3.12/site-packages/airflow/example_dags/example_subdag_operator.py took 0.072 seconds
[2025-04-13T13:44:20.268-0400] {processor.py:161} INFO - Started process (PID=48429) to work on /opt/anaconda3/lib/python3.12/site-packages/airflow/example_dags/example_subdag_operator.py
[2025-04-13T13:44:20.269-0400] {processor.py:830} INFO - Processing file /opt/anaconda3/lib/python3.12/site-packages/airflow/example_dags/example_subdag_operator.py for tasks to queue
[2025-04-13T13:44:20.269-0400] {logging_mixin.py:188} INFO - [2025-04-13T13:44:20.269-0400] {dagbag.py:540} INFO - Filling up the DagBag from /opt/anaconda3/lib/python3.12/site-packages/airflow/example_dags/example_subdag_operator.py
[2025-04-13T13:44:20.297-0400] {processor.py:840} INFO - DAG(s) 'example_subdag_operator.section-1', 'example_subdag_operator.section-2', 'example_subdag_operator' retrieved from /opt/anaconda3/lib/python3.12/site-packages/airflow/example_dags/example_subdag_operator.py
[2025-04-13T13:44:20.326-0400] {logging_mixin.py:188} INFO - [2025-04-13T13:44:20.326-0400] {dag.py:3096} INFO - Sync 3 DAGs
[2025-04-13T13:44:20.331-0400] {logging_mixin.py:188} INFO - [2025-04-13T13:44:20.331-0400] {dag.py:3954} INFO - Setting next_dagrun for example_subdag_operator to 2022-01-01 00:00:00+00:00, run_after=2022-01-01 00:00:00+00:00
[2025-04-13T13:44:20.332-0400] {logging_mixin.py:188} INFO - [2025-04-13T13:44:20.332-0400] {dag.py:3954} INFO - Setting next_dagrun for example_subdag_operator.section-1 to None, run_after=None
[2025-04-13T13:44:20.332-0400] {logging_mixin.py:188} INFO - [2025-04-13T13:44:20.332-0400] {dag.py:3954} INFO - Setting next_dagrun for example_subdag_operator.section-2 to None, run_after=None
[2025-04-13T13:44:20.334-0400] {logging_mixin.py:188} INFO - [2025-04-13T13:44:20.334-0400] {dag.py:3096} INFO - Sync 2 DAGs
[2025-04-13T13:44:20.335-0400] {logging_mixin.py:188} INFO - [2025-04-13T13:44:20.335-0400] {dag.py:3954} INFO - Setting next_dagrun for example_subdag_operator.section-1 to None, run_after=None
[2025-04-13T13:44:20.335-0400] {logging_mixin.py:188} INFO - [2025-04-13T13:44:20.335-0400] {dag.py:3954} INFO - Setting next_dagrun for example_subdag_operator.section-2 to None, run_after=None
[2025-04-13T13:44:20.339-0400] {processor.py:183} INFO - Processing /opt/anaconda3/lib/python3.12/site-packages/airflow/example_dags/example_subdag_operator.py took 0.072 seconds
[2025-04-13T13:45:26.051-0400] {processor.py:161} INFO - Started process (PID=48870) to work on /opt/anaconda3/lib/python3.12/site-packages/airflow/example_dags/example_subdag_operator.py
[2025-04-13T13:45:26.052-0400] {processor.py:830} INFO - Processing file /opt/anaconda3/lib/python3.12/site-packages/airflow/example_dags/example_subdag_operator.py for tasks to queue
[2025-04-13T13:45:26.052-0400] {logging_mixin.py:188} INFO - [2025-04-13T13:45:26.052-0400] {dagbag.py:540} INFO - Filling up the DagBag from /opt/anaconda3/lib/python3.12/site-packages/airflow/example_dags/example_subdag_operator.py
[2025-04-13T13:45:26.081-0400] {processor.py:840} INFO - DAG(s) 'example_subdag_operator.section-1', 'example_subdag_operator.section-2', 'example_subdag_operator' retrieved from /opt/anaconda3/lib/python3.12/site-packages/airflow/example_dags/example_subdag_operator.py
[2025-04-13T13:45:26.110-0400] {logging_mixin.py:188} INFO - [2025-04-13T13:45:26.109-0400] {dag.py:3096} INFO - Sync 3 DAGs
[2025-04-13T13:45:26.115-0400] {logging_mixin.py:188} INFO - [2025-04-13T13:45:26.115-0400] {dag.py:3954} INFO - Setting next_dagrun for example_subdag_operator to 2022-01-01 00:00:00+00:00, run_after=2022-01-01 00:00:00+00:00
[2025-04-13T13:45:26.116-0400] {logging_mixin.py:188} INFO - [2025-04-13T13:45:26.116-0400] {dag.py:3954} INFO - Setting next_dagrun for example_subdag_operator.section-1 to None, run_after=None
[2025-04-13T13:45:26.116-0400] {logging_mixin.py:188} INFO - [2025-04-13T13:45:26.116-0400] {dag.py:3954} INFO - Setting next_dagrun for example_subdag_operator.section-2 to None, run_after=None
[2025-04-13T13:45:26.118-0400] {logging_mixin.py:188} INFO - [2025-04-13T13:45:26.118-0400] {dag.py:3096} INFO - Sync 2 DAGs
[2025-04-13T13:45:26.119-0400] {logging_mixin.py:188} INFO - [2025-04-13T13:45:26.119-0400] {dag.py:3954} INFO - Setting next_dagrun for example_subdag_operator.section-1 to None, run_after=None
[2025-04-13T13:45:26.119-0400] {logging_mixin.py:188} INFO - [2025-04-13T13:45:26.119-0400] {dag.py:3954} INFO - Setting next_dagrun for example_subdag_operator.section-2 to None, run_after=None
[2025-04-13T13:45:26.123-0400] {processor.py:183} INFO - Processing /opt/anaconda3/lib/python3.12/site-packages/airflow/example_dags/example_subdag_operator.py took 0.073 seconds
[2025-04-13T13:46:38.249-0400] {processor.py:161} INFO - Started process (PID=49340) to work on /opt/anaconda3/lib/python3.12/site-packages/airflow/example_dags/example_subdag_operator.py
[2025-04-13T13:46:38.250-0400] {processor.py:830} INFO - Processing file /opt/anaconda3/lib/python3.12/site-packages/airflow/example_dags/example_subdag_operator.py for tasks to queue
[2025-04-13T13:46:38.250-0400] {logging_mixin.py:188} INFO - [2025-04-13T13:46:38.250-0400] {dagbag.py:540} INFO - Filling up the DagBag from /opt/anaconda3/lib/python3.12/site-packages/airflow/example_dags/example_subdag_operator.py
[2025-04-13T13:46:38.280-0400] {processor.py:840} INFO - DAG(s) 'example_subdag_operator.section-1', 'example_subdag_operator.section-2', 'example_subdag_operator' retrieved from /opt/anaconda3/lib/python3.12/site-packages/airflow/example_dags/example_subdag_operator.py
[2025-04-13T13:46:38.310-0400] {logging_mixin.py:188} INFO - [2025-04-13T13:46:38.310-0400] {dag.py:3096} INFO - Sync 3 DAGs
[2025-04-13T13:46:38.315-0400] {logging_mixin.py:188} INFO - [2025-04-13T13:46:38.315-0400] {dag.py:3954} INFO - Setting next_dagrun for example_subdag_operator to 2022-01-01 00:00:00+00:00, run_after=2022-01-01 00:00:00+00:00
[2025-04-13T13:46:38.317-0400] {logging_mixin.py:188} INFO - [2025-04-13T13:46:38.316-0400] {dag.py:3954} INFO - Setting next_dagrun for example_subdag_operator.section-1 to None, run_after=None
[2025-04-13T13:46:38.317-0400] {logging_mixin.py:188} INFO - [2025-04-13T13:46:38.317-0400] {dag.py:3954} INFO - Setting next_dagrun for example_subdag_operator.section-2 to None, run_after=None
[2025-04-13T13:46:38.319-0400] {logging_mixin.py:188} INFO - [2025-04-13T13:46:38.319-0400] {dag.py:3096} INFO - Sync 2 DAGs
[2025-04-13T13:46:38.320-0400] {logging_mixin.py:188} INFO - [2025-04-13T13:46:38.320-0400] {dag.py:3954} INFO - Setting next_dagrun for example_subdag_operator.section-1 to None, run_after=None
[2025-04-13T13:46:38.320-0400] {logging_mixin.py:188} INFO - [2025-04-13T13:46:38.320-0400] {dag.py:3954} INFO - Setting next_dagrun for example_subdag_operator.section-2 to None, run_after=None
[2025-04-13T13:46:38.324-0400] {processor.py:183} INFO - Processing /opt/anaconda3/lib/python3.12/site-packages/airflow/example_dags/example_subdag_operator.py took 0.076 seconds
[2025-04-13T13:47:50.797-0400] {processor.py:161} INFO - Started process (PID=49829) to work on /opt/anaconda3/lib/python3.12/site-packages/airflow/example_dags/example_subdag_operator.py
[2025-04-13T13:47:50.798-0400] {processor.py:830} INFO - Processing file /opt/anaconda3/lib/python3.12/site-packages/airflow/example_dags/example_subdag_operator.py for tasks to queue
[2025-04-13T13:47:50.798-0400] {logging_mixin.py:188} INFO - [2025-04-13T13:47:50.798-0400] {dagbag.py:540} INFO - Filling up the DagBag from /opt/anaconda3/lib/python3.12/site-packages/airflow/example_dags/example_subdag_operator.py
[2025-04-13T13:47:50.829-0400] {processor.py:840} INFO - DAG(s) 'example_subdag_operator.section-1', 'example_subdag_operator.section-2', 'example_subdag_operator' retrieved from /opt/anaconda3/lib/python3.12/site-packages/airflow/example_dags/example_subdag_operator.py
[2025-04-13T13:47:50.859-0400] {logging_mixin.py:188} INFO - [2025-04-13T13:47:50.858-0400] {dag.py:3096} INFO - Sync 3 DAGs
[2025-04-13T13:47:50.864-0400] {logging_mixin.py:188} INFO - [2025-04-13T13:47:50.864-0400] {dag.py:3954} INFO - Setting next_dagrun for example_subdag_operator to 2022-01-01 00:00:00+00:00, run_after=2022-01-01 00:00:00+00:00
[2025-04-13T13:47:50.865-0400] {logging_mixin.py:188} INFO - [2025-04-13T13:47:50.865-0400] {dag.py:3954} INFO - Setting next_dagrun for example_subdag_operator.section-1 to None, run_after=None
[2025-04-13T13:47:50.866-0400] {logging_mixin.py:188} INFO - [2025-04-13T13:47:50.866-0400] {dag.py:3954} INFO - Setting next_dagrun for example_subdag_operator.section-2 to None, run_after=None
[2025-04-13T13:47:50.867-0400] {logging_mixin.py:188} INFO - [2025-04-13T13:47:50.867-0400] {dag.py:3096} INFO - Sync 2 DAGs
[2025-04-13T13:47:50.868-0400] {logging_mixin.py:188} INFO - [2025-04-13T13:47:50.868-0400] {dag.py:3954} INFO - Setting next_dagrun for example_subdag_operator.section-1 to None, run_after=None
[2025-04-13T13:47:50.868-0400] {logging_mixin.py:188} INFO - [2025-04-13T13:47:50.868-0400] {dag.py:3954} INFO - Setting next_dagrun for example_subdag_operator.section-2 to None, run_after=None
[2025-04-13T13:47:50.873-0400] {processor.py:183} INFO - Processing /opt/anaconda3/lib/python3.12/site-packages/airflow/example_dags/example_subdag_operator.py took 0.076 seconds
[2025-04-13T13:49:01.140-0400] {processor.py:161} INFO - Started process (PID=50287) to work on /opt/anaconda3/lib/python3.12/site-packages/airflow/example_dags/example_subdag_operator.py
[2025-04-13T13:49:01.141-0400] {processor.py:830} INFO - Processing file /opt/anaconda3/lib/python3.12/site-packages/airflow/example_dags/example_subdag_operator.py for tasks to queue
[2025-04-13T13:49:01.141-0400] {logging_mixin.py:188} INFO - [2025-04-13T13:49:01.141-0400] {dagbag.py:540} INFO - Filling up the DagBag from /opt/anaconda3/lib/python3.12/site-packages/airflow/example_dags/example_subdag_operator.py
[2025-04-13T13:49:01.170-0400] {processor.py:840} INFO - DAG(s) 'example_subdag_operator.section-1', 'example_subdag_operator.section-2', 'example_subdag_operator' retrieved from /opt/anaconda3/lib/python3.12/site-packages/airflow/example_dags/example_subdag_operator.py
[2025-04-13T13:49:01.200-0400] {logging_mixin.py:188} INFO - [2025-04-13T13:49:01.199-0400] {dag.py:3096} INFO - Sync 3 DAGs
[2025-04-13T13:49:01.205-0400] {logging_mixin.py:188} INFO - [2025-04-13T13:49:01.205-0400] {dag.py:3954} INFO - Setting next_dagrun for example_subdag_operator to 2022-01-01 00:00:00+00:00, run_after=2022-01-01 00:00:00+00:00
[2025-04-13T13:49:01.206-0400] {logging_mixin.py:188} INFO - [2025-04-13T13:49:01.206-0400] {dag.py:3954} INFO - Setting next_dagrun for example_subdag_operator.section-1 to None, run_after=None
[2025-04-13T13:49:01.207-0400] {logging_mixin.py:188} INFO - [2025-04-13T13:49:01.207-0400] {dag.py:3954} INFO - Setting next_dagrun for example_subdag_operator.section-2 to None, run_after=None
[2025-04-13T13:49:01.208-0400] {logging_mixin.py:188} INFO - [2025-04-13T13:49:01.208-0400] {dag.py:3096} INFO - Sync 2 DAGs
[2025-04-13T13:49:01.210-0400] {logging_mixin.py:188} INFO - [2025-04-13T13:49:01.209-0400] {dag.py:3954} INFO - Setting next_dagrun for example_subdag_operator.section-1 to None, run_after=None
[2025-04-13T13:49:01.210-0400] {logging_mixin.py:188} INFO - [2025-04-13T13:49:01.210-0400] {dag.py:3954} INFO - Setting next_dagrun for example_subdag_operator.section-2 to None, run_after=None
[2025-04-13T13:49:01.213-0400] {processor.py:183} INFO - Processing /opt/anaconda3/lib/python3.12/site-packages/airflow/example_dags/example_subdag_operator.py took 0.074 seconds
[2025-04-13T13:50:10.721-0400] {processor.py:161} INFO - Started process (PID=50741) to work on /opt/anaconda3/lib/python3.12/site-packages/airflow/example_dags/example_subdag_operator.py
[2025-04-13T13:50:10.722-0400] {processor.py:830} INFO - Processing file /opt/anaconda3/lib/python3.12/site-packages/airflow/example_dags/example_subdag_operator.py for tasks to queue
[2025-04-13T13:50:10.722-0400] {logging_mixin.py:188} INFO - [2025-04-13T13:50:10.722-0400] {dagbag.py:540} INFO - Filling up the DagBag from /opt/anaconda3/lib/python3.12/site-packages/airflow/example_dags/example_subdag_operator.py
[2025-04-13T13:50:10.751-0400] {processor.py:840} INFO - DAG(s) 'example_subdag_operator.section-1', 'example_subdag_operator.section-2', 'example_subdag_operator' retrieved from /opt/anaconda3/lib/python3.12/site-packages/airflow/example_dags/example_subdag_operator.py
[2025-04-13T13:50:10.781-0400] {logging_mixin.py:188} INFO - [2025-04-13T13:50:10.780-0400] {dag.py:3096} INFO - Sync 3 DAGs
[2025-04-13T13:50:10.786-0400] {logging_mixin.py:188} INFO - [2025-04-13T13:50:10.786-0400] {dag.py:3954} INFO - Setting next_dagrun for example_subdag_operator to 2022-01-01 00:00:00+00:00, run_after=2022-01-01 00:00:00+00:00
[2025-04-13T13:50:10.787-0400] {logging_mixin.py:188} INFO - [2025-04-13T13:50:10.787-0400] {dag.py:3954} INFO - Setting next_dagrun for example_subdag_operator.section-1 to None, run_after=None
[2025-04-13T13:50:10.787-0400] {logging_mixin.py:188} INFO - [2025-04-13T13:50:10.787-0400] {dag.py:3954} INFO - Setting next_dagrun for example_subdag_operator.section-2 to None, run_after=None
[2025-04-13T13:50:10.789-0400] {logging_mixin.py:188} INFO - [2025-04-13T13:50:10.789-0400] {dag.py:3096} INFO - Sync 2 DAGs
[2025-04-13T13:50:10.790-0400] {logging_mixin.py:188} INFO - [2025-04-13T13:50:10.790-0400] {dag.py:3954} INFO - Setting next_dagrun for example_subdag_operator.section-1 to None, run_after=None
[2025-04-13T13:50:10.790-0400] {logging_mixin.py:188} INFO - [2025-04-13T13:50:10.790-0400] {dag.py:3954} INFO - Setting next_dagrun for example_subdag_operator.section-2 to None, run_after=None
[2025-04-13T13:50:10.794-0400] {processor.py:183} INFO - Processing /opt/anaconda3/lib/python3.12/site-packages/airflow/example_dags/example_subdag_operator.py took 0.074 seconds
[2025-04-13T13:51:21.322-0400] {processor.py:161} INFO - Started process (PID=51238) to work on /opt/anaconda3/lib/python3.12/site-packages/airflow/example_dags/example_subdag_operator.py
[2025-04-13T13:51:21.323-0400] {processor.py:830} INFO - Processing file /opt/anaconda3/lib/python3.12/site-packages/airflow/example_dags/example_subdag_operator.py for tasks to queue
[2025-04-13T13:51:21.323-0400] {logging_mixin.py:188} INFO - [2025-04-13T13:51:21.323-0400] {dagbag.py:540} INFO - Filling up the DagBag from /opt/anaconda3/lib/python3.12/site-packages/airflow/example_dags/example_subdag_operator.py
[2025-04-13T13:51:21.353-0400] {processor.py:840} INFO - DAG(s) 'example_subdag_operator.section-1', 'example_subdag_operator.section-2', 'example_subdag_operator' retrieved from /opt/anaconda3/lib/python3.12/site-packages/airflow/example_dags/example_subdag_operator.py
[2025-04-13T13:51:21.383-0400] {logging_mixin.py:188} INFO - [2025-04-13T13:51:21.383-0400] {dag.py:3096} INFO - Sync 3 DAGs
[2025-04-13T13:51:21.389-0400] {logging_mixin.py:188} INFO - [2025-04-13T13:51:21.389-0400] {dag.py:3954} INFO - Setting next_dagrun for example_subdag_operator to 2022-01-01 00:00:00+00:00, run_after=2022-01-01 00:00:00+00:00
[2025-04-13T13:51:21.390-0400] {logging_mixin.py:188} INFO - [2025-04-13T13:51:21.390-0400] {dag.py:3954} INFO - Setting next_dagrun for example_subdag_operator.section-1 to None, run_after=None
[2025-04-13T13:51:21.390-0400] {logging_mixin.py:188} INFO - [2025-04-13T13:51:21.390-0400] {dag.py:3954} INFO - Setting next_dagrun for example_subdag_operator.section-2 to None, run_after=None
[2025-04-13T13:51:21.392-0400] {logging_mixin.py:188} INFO - [2025-04-13T13:51:21.392-0400] {dag.py:3096} INFO - Sync 2 DAGs
[2025-04-13T13:51:21.393-0400] {logging_mixin.py:188} INFO - [2025-04-13T13:51:21.393-0400] {dag.py:3954} INFO - Setting next_dagrun for example_subdag_operator.section-1 to None, run_after=None
[2025-04-13T13:51:21.393-0400] {logging_mixin.py:188} INFO - [2025-04-13T13:51:21.393-0400] {dag.py:3954} INFO - Setting next_dagrun for example_subdag_operator.section-2 to None, run_after=None
[2025-04-13T13:51:21.397-0400] {processor.py:183} INFO - Processing /opt/anaconda3/lib/python3.12/site-packages/airflow/example_dags/example_subdag_operator.py took 0.076 seconds
[2025-04-13T13:52:28.406-0400] {processor.py:161} INFO - Started process (PID=51687) to work on /opt/anaconda3/lib/python3.12/site-packages/airflow/example_dags/example_subdag_operator.py
[2025-04-13T13:52:28.407-0400] {processor.py:830} INFO - Processing file /opt/anaconda3/lib/python3.12/site-packages/airflow/example_dags/example_subdag_operator.py for tasks to queue
[2025-04-13T13:52:28.407-0400] {logging_mixin.py:188} INFO - [2025-04-13T13:52:28.407-0400] {dagbag.py:540} INFO - Filling up the DagBag from /opt/anaconda3/lib/python3.12/site-packages/airflow/example_dags/example_subdag_operator.py
[2025-04-13T13:52:28.437-0400] {processor.py:840} INFO - DAG(s) 'example_subdag_operator.section-1', 'example_subdag_operator.section-2', 'example_subdag_operator' retrieved from /opt/anaconda3/lib/python3.12/site-packages/airflow/example_dags/example_subdag_operator.py
[2025-04-13T13:52:28.467-0400] {logging_mixin.py:188} INFO - [2025-04-13T13:52:28.466-0400] {dag.py:3096} INFO - Sync 3 DAGs
[2025-04-13T13:52:28.472-0400] {logging_mixin.py:188} INFO - [2025-04-13T13:52:28.472-0400] {dag.py:3954} INFO - Setting next_dagrun for example_subdag_operator to 2022-01-01 00:00:00+00:00, run_after=2022-01-01 00:00:00+00:00
[2025-04-13T13:52:28.473-0400] {logging_mixin.py:188} INFO - [2025-04-13T13:52:28.473-0400] {dag.py:3954} INFO - Setting next_dagrun for example_subdag_operator.section-1 to None, run_after=None
[2025-04-13T13:52:28.473-0400] {logging_mixin.py:188} INFO - [2025-04-13T13:52:28.473-0400] {dag.py:3954} INFO - Setting next_dagrun for example_subdag_operator.section-2 to None, run_after=None
[2025-04-13T13:52:28.475-0400] {logging_mixin.py:188} INFO - [2025-04-13T13:52:28.475-0400] {dag.py:3096} INFO - Sync 2 DAGs
[2025-04-13T13:52:28.476-0400] {logging_mixin.py:188} INFO - [2025-04-13T13:52:28.476-0400] {dag.py:3954} INFO - Setting next_dagrun for example_subdag_operator.section-1 to None, run_after=None
[2025-04-13T13:52:28.476-0400] {logging_mixin.py:188} INFO - [2025-04-13T13:52:28.476-0400] {dag.py:3954} INFO - Setting next_dagrun for example_subdag_operator.section-2 to None, run_after=None
[2025-04-13T13:52:28.480-0400] {processor.py:183} INFO - Processing /opt/anaconda3/lib/python3.12/site-packages/airflow/example_dags/example_subdag_operator.py took 0.075 seconds
[2025-04-13T13:53:38.327-0400] {processor.py:161} INFO - Started process (PID=52150) to work on /opt/anaconda3/lib/python3.12/site-packages/airflow/example_dags/example_subdag_operator.py
[2025-04-13T13:53:38.328-0400] {processor.py:830} INFO - Processing file /opt/anaconda3/lib/python3.12/site-packages/airflow/example_dags/example_subdag_operator.py for tasks to queue
[2025-04-13T13:53:38.328-0400] {logging_mixin.py:188} INFO - [2025-04-13T13:53:38.328-0400] {dagbag.py:540} INFO - Filling up the DagBag from /opt/anaconda3/lib/python3.12/site-packages/airflow/example_dags/example_subdag_operator.py
[2025-04-13T13:53:38.356-0400] {processor.py:840} INFO - DAG(s) 'example_subdag_operator.section-1', 'example_subdag_operator.section-2', 'example_subdag_operator' retrieved from /opt/anaconda3/lib/python3.12/site-packages/airflow/example_dags/example_subdag_operator.py
[2025-04-13T13:53:38.384-0400] {logging_mixin.py:188} INFO - [2025-04-13T13:53:38.384-0400] {dag.py:3096} INFO - Sync 3 DAGs
[2025-04-13T13:53:38.390-0400] {logging_mixin.py:188} INFO - [2025-04-13T13:53:38.390-0400] {dag.py:3954} INFO - Setting next_dagrun for example_subdag_operator to 2022-01-01 00:00:00+00:00, run_after=2022-01-01 00:00:00+00:00
[2025-04-13T13:53:38.391-0400] {logging_mixin.py:188} INFO - [2025-04-13T13:53:38.391-0400] {dag.py:3954} INFO - Setting next_dagrun for example_subdag_operator.section-1 to None, run_after=None
[2025-04-13T13:53:38.391-0400] {logging_mixin.py:188} INFO - [2025-04-13T13:53:38.391-0400] {dag.py:3954} INFO - Setting next_dagrun for example_subdag_operator.section-2 to None, run_after=None
[2025-04-13T13:53:38.393-0400] {logging_mixin.py:188} INFO - [2025-04-13T13:53:38.392-0400] {dag.py:3096} INFO - Sync 2 DAGs
[2025-04-13T13:53:38.394-0400] {logging_mixin.py:188} INFO - [2025-04-13T13:53:38.393-0400] {dag.py:3954} INFO - Setting next_dagrun for example_subdag_operator.section-1 to None, run_after=None
[2025-04-13T13:53:38.394-0400] {logging_mixin.py:188} INFO - [2025-04-13T13:53:38.394-0400] {dag.py:3954} INFO - Setting next_dagrun for example_subdag_operator.section-2 to None, run_after=None
[2025-04-13T13:53:38.397-0400] {processor.py:183} INFO - Processing /opt/anaconda3/lib/python3.12/site-packages/airflow/example_dags/example_subdag_operator.py took 0.071 seconds
[2025-04-13T13:54:47.536-0400] {processor.py:161} INFO - Started process (PID=52610) to work on /opt/anaconda3/lib/python3.12/site-packages/airflow/example_dags/example_subdag_operator.py
[2025-04-13T13:54:47.537-0400] {processor.py:830} INFO - Processing file /opt/anaconda3/lib/python3.12/site-packages/airflow/example_dags/example_subdag_operator.py for tasks to queue
[2025-04-13T13:54:47.537-0400] {logging_mixin.py:188} INFO - [2025-04-13T13:54:47.537-0400] {dagbag.py:540} INFO - Filling up the DagBag from /opt/anaconda3/lib/python3.12/site-packages/airflow/example_dags/example_subdag_operator.py
[2025-04-13T13:54:47.565-0400] {processor.py:840} INFO - DAG(s) 'example_subdag_operator.section-1', 'example_subdag_operator.section-2', 'example_subdag_operator' retrieved from /opt/anaconda3/lib/python3.12/site-packages/airflow/example_dags/example_subdag_operator.py
[2025-04-13T13:54:47.594-0400] {logging_mixin.py:188} INFO - [2025-04-13T13:54:47.593-0400] {dag.py:3096} INFO - Sync 3 DAGs
[2025-04-13T13:54:47.599-0400] {logging_mixin.py:188} INFO - [2025-04-13T13:54:47.599-0400] {dag.py:3954} INFO - Setting next_dagrun for example_subdag_operator to 2022-01-01 00:00:00+00:00, run_after=2022-01-01 00:00:00+00:00
[2025-04-13T13:54:47.600-0400] {logging_mixin.py:188} INFO - [2025-04-13T13:54:47.600-0400] {dag.py:3954} INFO - Setting next_dagrun for example_subdag_operator.section-1 to None, run_after=None
[2025-04-13T13:54:47.600-0400] {logging_mixin.py:188} INFO - [2025-04-13T13:54:47.600-0400] {dag.py:3954} INFO - Setting next_dagrun for example_subdag_operator.section-2 to None, run_after=None
[2025-04-13T13:54:47.602-0400] {logging_mixin.py:188} INFO - [2025-04-13T13:54:47.602-0400] {dag.py:3096} INFO - Sync 2 DAGs
[2025-04-13T13:54:47.603-0400] {logging_mixin.py:188} INFO - [2025-04-13T13:54:47.603-0400] {dag.py:3954} INFO - Setting next_dagrun for example_subdag_operator.section-1 to None, run_after=None
[2025-04-13T13:54:47.603-0400] {logging_mixin.py:188} INFO - [2025-04-13T13:54:47.603-0400] {dag.py:3954} INFO - Setting next_dagrun for example_subdag_operator.section-2 to None, run_after=None
[2025-04-13T13:54:47.607-0400] {processor.py:183} INFO - Processing /opt/anaconda3/lib/python3.12/site-packages/airflow/example_dags/example_subdag_operator.py took 0.072 seconds
[2025-04-13T13:55:54.520-0400] {processor.py:161} INFO - Started process (PID=53055) to work on /opt/anaconda3/lib/python3.12/site-packages/airflow/example_dags/example_subdag_operator.py
[2025-04-13T13:55:54.521-0400] {processor.py:830} INFO - Processing file /opt/anaconda3/lib/python3.12/site-packages/airflow/example_dags/example_subdag_operator.py for tasks to queue
[2025-04-13T13:55:54.521-0400] {logging_mixin.py:188} INFO - [2025-04-13T13:55:54.521-0400] {dagbag.py:540} INFO - Filling up the DagBag from /opt/anaconda3/lib/python3.12/site-packages/airflow/example_dags/example_subdag_operator.py
[2025-04-13T13:55:54.549-0400] {processor.py:840} INFO - DAG(s) 'example_subdag_operator.section-1', 'example_subdag_operator.section-2', 'example_subdag_operator' retrieved from /opt/anaconda3/lib/python3.12/site-packages/airflow/example_dags/example_subdag_operator.py
[2025-04-13T13:55:54.578-0400] {logging_mixin.py:188} INFO - [2025-04-13T13:55:54.578-0400] {dag.py:3096} INFO - Sync 3 DAGs
[2025-04-13T13:55:54.583-0400] {logging_mixin.py:188} INFO - [2025-04-13T13:55:54.583-0400] {dag.py:3954} INFO - Setting next_dagrun for example_subdag_operator to 2022-01-01 00:00:00+00:00, run_after=2022-01-01 00:00:00+00:00
[2025-04-13T13:55:54.584-0400] {logging_mixin.py:188} INFO - [2025-04-13T13:55:54.584-0400] {dag.py:3954} INFO - Setting next_dagrun for example_subdag_operator.section-1 to None, run_after=None
[2025-04-13T13:55:54.585-0400] {logging_mixin.py:188} INFO - [2025-04-13T13:55:54.585-0400] {dag.py:3954} INFO - Setting next_dagrun for example_subdag_operator.section-2 to None, run_after=None
[2025-04-13T13:55:54.586-0400] {logging_mixin.py:188} INFO - [2025-04-13T13:55:54.586-0400] {dag.py:3096} INFO - Sync 2 DAGs
[2025-04-13T13:55:54.587-0400] {logging_mixin.py:188} INFO - [2025-04-13T13:55:54.587-0400] {dag.py:3954} INFO - Setting next_dagrun for example_subdag_operator.section-1 to None, run_after=None
[2025-04-13T13:55:54.587-0400] {logging_mixin.py:188} INFO - [2025-04-13T13:55:54.587-0400] {dag.py:3954} INFO - Setting next_dagrun for example_subdag_operator.section-2 to None, run_after=None
[2025-04-13T13:55:54.591-0400] {processor.py:183} INFO - Processing /opt/anaconda3/lib/python3.12/site-packages/airflow/example_dags/example_subdag_operator.py took 0.073 seconds
[2025-04-13T13:57:02.864-0400] {processor.py:161} INFO - Started process (PID=53538) to work on /opt/anaconda3/lib/python3.12/site-packages/airflow/example_dags/example_subdag_operator.py
[2025-04-13T13:57:02.865-0400] {processor.py:830} INFO - Processing file /opt/anaconda3/lib/python3.12/site-packages/airflow/example_dags/example_subdag_operator.py for tasks to queue
[2025-04-13T13:57:02.865-0400] {logging_mixin.py:188} INFO - [2025-04-13T13:57:02.865-0400] {dagbag.py:540} INFO - Filling up the DagBag from /opt/anaconda3/lib/python3.12/site-packages/airflow/example_dags/example_subdag_operator.py
[2025-04-13T13:57:02.894-0400] {processor.py:840} INFO - DAG(s) 'example_subdag_operator.section-1', 'example_subdag_operator.section-2', 'example_subdag_operator' retrieved from /opt/anaconda3/lib/python3.12/site-packages/airflow/example_dags/example_subdag_operator.py
[2025-04-13T13:57:02.924-0400] {logging_mixin.py:188} INFO - [2025-04-13T13:57:02.924-0400] {dag.py:3096} INFO - Sync 3 DAGs
[2025-04-13T13:57:02.931-0400] {logging_mixin.py:188} INFO - [2025-04-13T13:57:02.931-0400] {dag.py:3954} INFO - Setting next_dagrun for example_subdag_operator to 2022-01-01 00:00:00+00:00, run_after=2022-01-01 00:00:00+00:00
[2025-04-13T13:57:02.932-0400] {logging_mixin.py:188} INFO - [2025-04-13T13:57:02.932-0400] {dag.py:3954} INFO - Setting next_dagrun for example_subdag_operator.section-1 to None, run_after=None
[2025-04-13T13:57:02.932-0400] {logging_mixin.py:188} INFO - [2025-04-13T13:57:02.932-0400] {dag.py:3954} INFO - Setting next_dagrun for example_subdag_operator.section-2 to None, run_after=None
[2025-04-13T13:57:02.934-0400] {logging_mixin.py:188} INFO - [2025-04-13T13:57:02.934-0400] {dag.py:3096} INFO - Sync 2 DAGs
[2025-04-13T13:57:02.935-0400] {logging_mixin.py:188} INFO - [2025-04-13T13:57:02.935-0400] {dag.py:3954} INFO - Setting next_dagrun for example_subdag_operator.section-1 to None, run_after=None
[2025-04-13T13:57:02.935-0400] {logging_mixin.py:188} INFO - [2025-04-13T13:57:02.935-0400] {dag.py:3954} INFO - Setting next_dagrun for example_subdag_operator.section-2 to None, run_after=None
[2025-04-13T13:57:02.941-0400] {processor.py:183} INFO - Processing /opt/anaconda3/lib/python3.12/site-packages/airflow/example_dags/example_subdag_operator.py took 0.077 seconds
[2025-04-13T13:58:11.799-0400] {processor.py:161} INFO - Started process (PID=54005) to work on /opt/anaconda3/lib/python3.12/site-packages/airflow/example_dags/example_subdag_operator.py
[2025-04-13T13:58:11.800-0400] {processor.py:830} INFO - Processing file /opt/anaconda3/lib/python3.12/site-packages/airflow/example_dags/example_subdag_operator.py for tasks to queue
[2025-04-13T13:58:11.800-0400] {logging_mixin.py:188} INFO - [2025-04-13T13:58:11.800-0400] {dagbag.py:540} INFO - Filling up the DagBag from /opt/anaconda3/lib/python3.12/site-packages/airflow/example_dags/example_subdag_operator.py
[2025-04-13T13:58:11.828-0400] {processor.py:840} INFO - DAG(s) 'example_subdag_operator.section-1', 'example_subdag_operator.section-2', 'example_subdag_operator' retrieved from /opt/anaconda3/lib/python3.12/site-packages/airflow/example_dags/example_subdag_operator.py
[2025-04-13T13:58:11.857-0400] {logging_mixin.py:188} INFO - [2025-04-13T13:58:11.856-0400] {dag.py:3096} INFO - Sync 3 DAGs
[2025-04-13T13:58:11.862-0400] {logging_mixin.py:188} INFO - [2025-04-13T13:58:11.862-0400] {dag.py:3954} INFO - Setting next_dagrun for example_subdag_operator to 2022-01-01 00:00:00+00:00, run_after=2022-01-01 00:00:00+00:00
[2025-04-13T13:58:11.863-0400] {logging_mixin.py:188} INFO - [2025-04-13T13:58:11.863-0400] {dag.py:3954} INFO - Setting next_dagrun for example_subdag_operator.section-1 to None, run_after=None
[2025-04-13T13:58:11.863-0400] {logging_mixin.py:188} INFO - [2025-04-13T13:58:11.863-0400] {dag.py:3954} INFO - Setting next_dagrun for example_subdag_operator.section-2 to None, run_after=None
[2025-04-13T13:58:11.865-0400] {logging_mixin.py:188} INFO - [2025-04-13T13:58:11.865-0400] {dag.py:3096} INFO - Sync 2 DAGs
[2025-04-13T13:58:11.866-0400] {logging_mixin.py:188} INFO - [2025-04-13T13:58:11.866-0400] {dag.py:3954} INFO - Setting next_dagrun for example_subdag_operator.section-1 to None, run_after=None
[2025-04-13T13:58:11.866-0400] {logging_mixin.py:188} INFO - [2025-04-13T13:58:11.866-0400] {dag.py:3954} INFO - Setting next_dagrun for example_subdag_operator.section-2 to None, run_after=None
[2025-04-13T13:58:11.870-0400] {processor.py:183} INFO - Processing /opt/anaconda3/lib/python3.12/site-packages/airflow/example_dags/example_subdag_operator.py took 0.072 seconds
[2025-04-13T13:59:19.171-0400] {processor.py:161} INFO - Started process (PID=54503) to work on /opt/anaconda3/lib/python3.12/site-packages/airflow/example_dags/example_subdag_operator.py
[2025-04-13T13:59:19.172-0400] {processor.py:830} INFO - Processing file /opt/anaconda3/lib/python3.12/site-packages/airflow/example_dags/example_subdag_operator.py for tasks to queue
[2025-04-13T13:59:19.173-0400] {logging_mixin.py:188} INFO - [2025-04-13T13:59:19.172-0400] {dagbag.py:540} INFO - Filling up the DagBag from /opt/anaconda3/lib/python3.12/site-packages/airflow/example_dags/example_subdag_operator.py
[2025-04-13T13:59:19.202-0400] {processor.py:840} INFO - DAG(s) 'example_subdag_operator.section-1', 'example_subdag_operator.section-2', 'example_subdag_operator' retrieved from /opt/anaconda3/lib/python3.12/site-packages/airflow/example_dags/example_subdag_operator.py
[2025-04-13T13:59:19.230-0400] {logging_mixin.py:188} INFO - [2025-04-13T13:59:19.230-0400] {dag.py:3096} INFO - Sync 3 DAGs
[2025-04-13T13:59:19.236-0400] {logging_mixin.py:188} INFO - [2025-04-13T13:59:19.235-0400] {dag.py:3954} INFO - Setting next_dagrun for example_subdag_operator to 2022-01-01 00:00:00+00:00, run_after=2022-01-01 00:00:00+00:00
[2025-04-13T13:59:19.237-0400] {logging_mixin.py:188} INFO - [2025-04-13T13:59:19.236-0400] {dag.py:3954} INFO - Setting next_dagrun for example_subdag_operator.section-1 to None, run_after=None
[2025-04-13T13:59:19.237-0400] {logging_mixin.py:188} INFO - [2025-04-13T13:59:19.237-0400] {dag.py:3954} INFO - Setting next_dagrun for example_subdag_operator.section-2 to None, run_after=None
[2025-04-13T13:59:19.238-0400] {logging_mixin.py:188} INFO - [2025-04-13T13:59:19.238-0400] {dag.py:3096} INFO - Sync 2 DAGs
[2025-04-13T13:59:19.239-0400] {logging_mixin.py:188} INFO - [2025-04-13T13:59:19.239-0400] {dag.py:3954} INFO - Setting next_dagrun for example_subdag_operator.section-1 to None, run_after=None
[2025-04-13T13:59:19.240-0400] {logging_mixin.py:188} INFO - [2025-04-13T13:59:19.240-0400] {dag.py:3954} INFO - Setting next_dagrun for example_subdag_operator.section-2 to None, run_after=None
[2025-04-13T13:59:19.243-0400] {processor.py:183} INFO - Processing /opt/anaconda3/lib/python3.12/site-packages/airflow/example_dags/example_subdag_operator.py took 0.073 seconds
[2025-04-13T14:00:25.377-0400] {processor.py:161} INFO - Started process (PID=54951) to work on /opt/anaconda3/lib/python3.12/site-packages/airflow/example_dags/example_subdag_operator.py
[2025-04-13T14:00:25.378-0400] {processor.py:830} INFO - Processing file /opt/anaconda3/lib/python3.12/site-packages/airflow/example_dags/example_subdag_operator.py for tasks to queue
[2025-04-13T14:00:25.379-0400] {logging_mixin.py:188} INFO - [2025-04-13T14:00:25.379-0400] {dagbag.py:540} INFO - Filling up the DagBag from /opt/anaconda3/lib/python3.12/site-packages/airflow/example_dags/example_subdag_operator.py
[2025-04-13T14:00:25.407-0400] {processor.py:840} INFO - DAG(s) 'example_subdag_operator.section-1', 'example_subdag_operator.section-2', 'example_subdag_operator' retrieved from /opt/anaconda3/lib/python3.12/site-packages/airflow/example_dags/example_subdag_operator.py
[2025-04-13T14:00:25.436-0400] {logging_mixin.py:188} INFO - [2025-04-13T14:00:25.436-0400] {dag.py:3096} INFO - Sync 3 DAGs
[2025-04-13T14:00:25.441-0400] {logging_mixin.py:188} INFO - [2025-04-13T14:00:25.441-0400] {dag.py:3954} INFO - Setting next_dagrun for example_subdag_operator to 2022-01-01 00:00:00+00:00, run_after=2022-01-01 00:00:00+00:00
[2025-04-13T14:00:25.442-0400] {logging_mixin.py:188} INFO - [2025-04-13T14:00:25.442-0400] {dag.py:3954} INFO - Setting next_dagrun for example_subdag_operator.section-1 to None, run_after=None
[2025-04-13T14:00:25.443-0400] {logging_mixin.py:188} INFO - [2025-04-13T14:00:25.443-0400] {dag.py:3954} INFO - Setting next_dagrun for example_subdag_operator.section-2 to None, run_after=None
[2025-04-13T14:00:25.444-0400] {logging_mixin.py:188} INFO - [2025-04-13T14:00:25.444-0400] {dag.py:3096} INFO - Sync 2 DAGs
[2025-04-13T14:00:25.445-0400] {logging_mixin.py:188} INFO - [2025-04-13T14:00:25.445-0400] {dag.py:3954} INFO - Setting next_dagrun for example_subdag_operator.section-1 to None, run_after=None
[2025-04-13T14:00:25.446-0400] {logging_mixin.py:188} INFO - [2025-04-13T14:00:25.445-0400] {dag.py:3954} INFO - Setting next_dagrun for example_subdag_operator.section-2 to None, run_after=None
[2025-04-13T14:00:25.449-0400] {processor.py:183} INFO - Processing /opt/anaconda3/lib/python3.12/site-packages/airflow/example_dags/example_subdag_operator.py took 0.073 seconds
[2025-04-13T14:01:35.105-0400] {processor.py:161} INFO - Started process (PID=55421) to work on /opt/anaconda3/lib/python3.12/site-packages/airflow/example_dags/example_subdag_operator.py
[2025-04-13T14:01:35.106-0400] {processor.py:830} INFO - Processing file /opt/anaconda3/lib/python3.12/site-packages/airflow/example_dags/example_subdag_operator.py for tasks to queue
[2025-04-13T14:01:35.106-0400] {logging_mixin.py:188} INFO - [2025-04-13T14:01:35.106-0400] {dagbag.py:540} INFO - Filling up the DagBag from /opt/anaconda3/lib/python3.12/site-packages/airflow/example_dags/example_subdag_operator.py
[2025-04-13T14:01:35.135-0400] {processor.py:840} INFO - DAG(s) 'example_subdag_operator.section-1', 'example_subdag_operator.section-2', 'example_subdag_operator' retrieved from /opt/anaconda3/lib/python3.12/site-packages/airflow/example_dags/example_subdag_operator.py
[2025-04-13T14:01:35.164-0400] {logging_mixin.py:188} INFO - [2025-04-13T14:01:35.164-0400] {dag.py:3096} INFO - Sync 3 DAGs
[2025-04-13T14:01:35.170-0400] {logging_mixin.py:188} INFO - [2025-04-13T14:01:35.170-0400] {dag.py:3954} INFO - Setting next_dagrun for example_subdag_operator to 2022-01-01 00:00:00+00:00, run_after=2022-01-01 00:00:00+00:00
[2025-04-13T14:01:35.171-0400] {logging_mixin.py:188} INFO - [2025-04-13T14:01:35.171-0400] {dag.py:3954} INFO - Setting next_dagrun for example_subdag_operator.section-1 to None, run_after=None
[2025-04-13T14:01:35.171-0400] {logging_mixin.py:188} INFO - [2025-04-13T14:01:35.171-0400] {dag.py:3954} INFO - Setting next_dagrun for example_subdag_operator.section-2 to None, run_after=None
[2025-04-13T14:01:35.173-0400] {logging_mixin.py:188} INFO - [2025-04-13T14:01:35.173-0400] {dag.py:3096} INFO - Sync 2 DAGs
[2025-04-13T14:01:35.174-0400] {logging_mixin.py:188} INFO - [2025-04-13T14:01:35.174-0400] {dag.py:3954} INFO - Setting next_dagrun for example_subdag_operator.section-1 to None, run_after=None
[2025-04-13T14:01:35.174-0400] {logging_mixin.py:188} INFO - [2025-04-13T14:01:35.174-0400] {dag.py:3954} INFO - Setting next_dagrun for example_subdag_operator.section-2 to None, run_after=None
[2025-04-13T14:01:35.178-0400] {processor.py:183} INFO - Processing /opt/anaconda3/lib/python3.12/site-packages/airflow/example_dags/example_subdag_operator.py took 0.073 seconds
