[2025-04-13T13:04:49.898-0400] {processor.py:161} INFO - Started process (PID=33136) to work on /opt/anaconda3/lib/python3.12/site-packages/airflow/example_dags/tutorial_taskflow_api_virtualenv.py
[2025-04-13T13:04:49.899-0400] {processor.py:830} INFO - Processing file /opt/anaconda3/lib/python3.12/site-packages/airflow/example_dags/tutorial_taskflow_api_virtualenv.py for tasks to queue
[2025-04-13T13:04:49.899-0400] {logging_mixin.py:188} INFO - [2025-04-13T13:04:49.899-0400] {dagbag.py:540} INFO - Filling up the DagBag from /opt/anaconda3/lib/python3.12/site-packages/airflow/example_dags/tutorial_taskflow_api_virtualenv.py
[2025-04-13T13:04:49.914-0400] {processor.py:840} INFO - DAG(s) 'tutorial_taskflow_api_virtualenv' retrieved from /opt/anaconda3/lib/python3.12/site-packages/airflow/example_dags/tutorial_taskflow_api_virtualenv.py
[2025-04-13T13:04:49.980-0400] {logging_mixin.py:188} INFO - [2025-04-13T13:04:49.980-0400] {override.py:1930} INFO - Created Permission View: can edit on DAG:tutorial_taskflow_api_virtualenv
[2025-04-13T13:04:49.983-0400] {logging_mixin.py:188} INFO - [2025-04-13T13:04:49.983-0400] {override.py:1930} INFO - Created Permission View: can delete on DAG:tutorial_taskflow_api_virtualenv
[2025-04-13T13:04:49.985-0400] {logging_mixin.py:188} INFO - [2025-04-13T13:04:49.984-0400] {override.py:1930} INFO - Created Permission View: can read on DAG:tutorial_taskflow_api_virtualenv
[2025-04-13T13:04:49.985-0400] {logging_mixin.py:188} INFO - [2025-04-13T13:04:49.985-0400] {dag.py:3096} INFO - Sync 1 DAGs
[2025-04-13T13:04:49.988-0400] {logging_mixin.py:188} INFO - [2025-04-13T13:04:49.988-0400] {dag.py:3118} INFO - Creating ORM DAG for tutorial_taskflow_api_virtualenv
[2025-04-13T13:04:49.988-0400] {logging_mixin.py:188} INFO - [2025-04-13T13:04:49.988-0400] {dag.py:3954} INFO - Setting next_dagrun for tutorial_taskflow_api_virtualenv to None, run_after=None
[2025-04-13T13:04:49.993-0400] {processor.py:183} INFO - Processing /opt/anaconda3/lib/python3.12/site-packages/airflow/example_dags/tutorial_taskflow_api_virtualenv.py took 0.096 seconds
[2025-04-13T13:07:32.992-0400] {processor.py:161} INFO - Started process (PID=34272) to work on /opt/anaconda3/lib/python3.12/site-packages/airflow/example_dags/tutorial_taskflow_api_virtualenv.py
[2025-04-13T13:07:32.993-0400] {processor.py:830} INFO - Processing file /opt/anaconda3/lib/python3.12/site-packages/airflow/example_dags/tutorial_taskflow_api_virtualenv.py for tasks to queue
[2025-04-13T13:07:32.994-0400] {logging_mixin.py:188} INFO - [2025-04-13T13:07:32.994-0400] {dagbag.py:540} INFO - Filling up the DagBag from /opt/anaconda3/lib/python3.12/site-packages/airflow/example_dags/tutorial_taskflow_api_virtualenv.py
[2025-04-13T13:07:33.010-0400] {processor.py:840} INFO - DAG(s) 'tutorial_taskflow_api_virtualenv' retrieved from /opt/anaconda3/lib/python3.12/site-packages/airflow/example_dags/tutorial_taskflow_api_virtualenv.py
[2025-04-13T13:07:33.085-0400] {logging_mixin.py:188} INFO - [2025-04-13T13:07:33.085-0400] {dag.py:3096} INFO - Sync 1 DAGs
[2025-04-13T13:07:33.088-0400] {logging_mixin.py:188} INFO - [2025-04-13T13:07:33.088-0400] {dag.py:3954} INFO - Setting next_dagrun for tutorial_taskflow_api_virtualenv to None, run_after=None
[2025-04-13T13:07:33.094-0400] {processor.py:183} INFO - Processing /opt/anaconda3/lib/python3.12/site-packages/airflow/example_dags/tutorial_taskflow_api_virtualenv.py took 0.102 seconds
[2025-04-13T13:09:13.828-0400] {processor.py:161} INFO - Started process (PID=34963) to work on /opt/anaconda3/lib/python3.12/site-packages/airflow/example_dags/tutorial_taskflow_api_virtualenv.py
[2025-04-13T13:09:13.830-0400] {processor.py:830} INFO - Processing file /opt/anaconda3/lib/python3.12/site-packages/airflow/example_dags/tutorial_taskflow_api_virtualenv.py for tasks to queue
[2025-04-13T13:09:13.830-0400] {logging_mixin.py:188} INFO - [2025-04-13T13:09:13.830-0400] {dagbag.py:540} INFO - Filling up the DagBag from /opt/anaconda3/lib/python3.12/site-packages/airflow/example_dags/tutorial_taskflow_api_virtualenv.py
[2025-04-13T13:09:13.846-0400] {processor.py:840} INFO - DAG(s) 'tutorial_taskflow_api_virtualenv' retrieved from /opt/anaconda3/lib/python3.12/site-packages/airflow/example_dags/tutorial_taskflow_api_virtualenv.py
[2025-04-13T13:09:13.909-0400] {logging_mixin.py:188} INFO - [2025-04-13T13:09:13.909-0400] {dag.py:3096} INFO - Sync 1 DAGs
[2025-04-13T13:09:13.912-0400] {logging_mixin.py:188} INFO - [2025-04-13T13:09:13.912-0400] {dag.py:3954} INFO - Setting next_dagrun for tutorial_taskflow_api_virtualenv to None, run_after=None
[2025-04-13T13:09:13.918-0400] {processor.py:183} INFO - Processing /opt/anaconda3/lib/python3.12/site-packages/airflow/example_dags/tutorial_taskflow_api_virtualenv.py took 0.091 seconds
[2025-04-13T13:15:07.457-0400] {processor.py:161} INFO - Started process (PID=37119) to work on /opt/anaconda3/lib/python3.12/site-packages/airflow/example_dags/tutorial_taskflow_api_virtualenv.py
[2025-04-13T13:15:07.458-0400] {processor.py:830} INFO - Processing file /opt/anaconda3/lib/python3.12/site-packages/airflow/example_dags/tutorial_taskflow_api_virtualenv.py for tasks to queue
[2025-04-13T13:15:07.458-0400] {logging_mixin.py:188} INFO - [2025-04-13T13:15:07.458-0400] {dagbag.py:540} INFO - Filling up the DagBag from /opt/anaconda3/lib/python3.12/site-packages/airflow/example_dags/tutorial_taskflow_api_virtualenv.py
[2025-04-13T13:15:07.477-0400] {processor.py:840} INFO - DAG(s) 'tutorial_taskflow_api_virtualenv' retrieved from /opt/anaconda3/lib/python3.12/site-packages/airflow/example_dags/tutorial_taskflow_api_virtualenv.py
[2025-04-13T13:15:07.564-0400] {logging_mixin.py:188} INFO - [2025-04-13T13:15:07.564-0400] {dag.py:3096} INFO - Sync 1 DAGs
[2025-04-13T13:15:07.568-0400] {logging_mixin.py:188} INFO - [2025-04-13T13:15:07.568-0400] {dag.py:3954} INFO - Setting next_dagrun for tutorial_taskflow_api_virtualenv to None, run_after=None
[2025-04-13T13:15:07.575-0400] {processor.py:183} INFO - Processing /opt/anaconda3/lib/python3.12/site-packages/airflow/example_dags/tutorial_taskflow_api_virtualenv.py took 0.120 seconds
[2025-04-13T13:18:47.155-0400] {processor.py:161} INFO - Started process (PID=38599) to work on /opt/anaconda3/lib/python3.12/site-packages/airflow/example_dags/tutorial_taskflow_api_virtualenv.py
[2025-04-13T13:18:47.156-0400] {processor.py:830} INFO - Processing file /opt/anaconda3/lib/python3.12/site-packages/airflow/example_dags/tutorial_taskflow_api_virtualenv.py for tasks to queue
[2025-04-13T13:18:47.156-0400] {logging_mixin.py:188} INFO - [2025-04-13T13:18:47.156-0400] {dagbag.py:540} INFO - Filling up the DagBag from /opt/anaconda3/lib/python3.12/site-packages/airflow/example_dags/tutorial_taskflow_api_virtualenv.py
[2025-04-13T13:18:47.173-0400] {processor.py:840} INFO - DAG(s) 'tutorial_taskflow_api_virtualenv' retrieved from /opt/anaconda3/lib/python3.12/site-packages/airflow/example_dags/tutorial_taskflow_api_virtualenv.py
[2025-04-13T13:18:47.245-0400] {logging_mixin.py:188} INFO - [2025-04-13T13:18:47.245-0400] {dag.py:3096} INFO - Sync 1 DAGs
[2025-04-13T13:18:47.247-0400] {logging_mixin.py:188} INFO - [2025-04-13T13:18:47.247-0400] {dag.py:3954} INFO - Setting next_dagrun for tutorial_taskflow_api_virtualenv to None, run_after=None
[2025-04-13T13:18:47.253-0400] {processor.py:183} INFO - Processing /opt/anaconda3/lib/python3.12/site-packages/airflow/example_dags/tutorial_taskflow_api_virtualenv.py took 0.099 seconds
[2025-04-13T13:21:02.295-0400] {processor.py:161} INFO - Started process (PID=39616) to work on /opt/anaconda3/lib/python3.12/site-packages/airflow/example_dags/tutorial_taskflow_api_virtualenv.py
[2025-04-13T13:21:02.296-0400] {processor.py:830} INFO - Processing file /opt/anaconda3/lib/python3.12/site-packages/airflow/example_dags/tutorial_taskflow_api_virtualenv.py for tasks to queue
[2025-04-13T13:21:02.297-0400] {logging_mixin.py:188} INFO - [2025-04-13T13:21:02.297-0400] {dagbag.py:540} INFO - Filling up the DagBag from /opt/anaconda3/lib/python3.12/site-packages/airflow/example_dags/tutorial_taskflow_api_virtualenv.py
[2025-04-13T13:21:02.313-0400] {processor.py:840} INFO - DAG(s) 'tutorial_taskflow_api_virtualenv' retrieved from /opt/anaconda3/lib/python3.12/site-packages/airflow/example_dags/tutorial_taskflow_api_virtualenv.py
[2025-04-13T13:21:02.377-0400] {logging_mixin.py:188} INFO - [2025-04-13T13:21:02.376-0400] {dag.py:3096} INFO - Sync 1 DAGs
[2025-04-13T13:21:02.379-0400] {logging_mixin.py:188} INFO - [2025-04-13T13:21:02.379-0400] {dag.py:3954} INFO - Setting next_dagrun for tutorial_taskflow_api_virtualenv to None, run_after=None
[2025-04-13T13:21:02.385-0400] {processor.py:183} INFO - Processing /opt/anaconda3/lib/python3.12/site-packages/airflow/example_dags/tutorial_taskflow_api_virtualenv.py took 0.091 seconds
[2025-04-13T13:23:16.229-0400] {processor.py:161} INFO - Started process (PID=40535) to work on /opt/anaconda3/lib/python3.12/site-packages/airflow/example_dags/tutorial_taskflow_api_virtualenv.py
[2025-04-13T13:23:16.230-0400] {processor.py:830} INFO - Processing file /opt/anaconda3/lib/python3.12/site-packages/airflow/example_dags/tutorial_taskflow_api_virtualenv.py for tasks to queue
[2025-04-13T13:23:16.231-0400] {logging_mixin.py:188} INFO - [2025-04-13T13:23:16.230-0400] {dagbag.py:540} INFO - Filling up the DagBag from /opt/anaconda3/lib/python3.12/site-packages/airflow/example_dags/tutorial_taskflow_api_virtualenv.py
[2025-04-13T13:23:16.249-0400] {processor.py:840} INFO - DAG(s) 'tutorial_taskflow_api_virtualenv' retrieved from /opt/anaconda3/lib/python3.12/site-packages/airflow/example_dags/tutorial_taskflow_api_virtualenv.py
[2025-04-13T13:23:16.326-0400] {logging_mixin.py:188} INFO - [2025-04-13T13:23:16.326-0400] {dag.py:3096} INFO - Sync 1 DAGs
[2025-04-13T13:23:16.329-0400] {logging_mixin.py:188} INFO - [2025-04-13T13:23:16.329-0400] {dag.py:3954} INFO - Setting next_dagrun for tutorial_taskflow_api_virtualenv to None, run_after=None
[2025-04-13T13:23:16.334-0400] {processor.py:183} INFO - Processing /opt/anaconda3/lib/python3.12/site-packages/airflow/example_dags/tutorial_taskflow_api_virtualenv.py took 0.106 seconds
[2025-04-13T13:24:56.727-0400] {processor.py:161} INFO - Started process (PID=41212) to work on /opt/anaconda3/lib/python3.12/site-packages/airflow/example_dags/tutorial_taskflow_api_virtualenv.py
[2025-04-13T13:24:56.728-0400] {processor.py:830} INFO - Processing file /opt/anaconda3/lib/python3.12/site-packages/airflow/example_dags/tutorial_taskflow_api_virtualenv.py for tasks to queue
[2025-04-13T13:24:56.728-0400] {logging_mixin.py:188} INFO - [2025-04-13T13:24:56.728-0400] {dagbag.py:540} INFO - Filling up the DagBag from /opt/anaconda3/lib/python3.12/site-packages/airflow/example_dags/tutorial_taskflow_api_virtualenv.py
[2025-04-13T13:24:56.743-0400] {processor.py:840} INFO - DAG(s) 'tutorial_taskflow_api_virtualenv' retrieved from /opt/anaconda3/lib/python3.12/site-packages/airflow/example_dags/tutorial_taskflow_api_virtualenv.py
[2025-04-13T13:24:56.804-0400] {logging_mixin.py:188} INFO - [2025-04-13T13:24:56.804-0400] {dag.py:3096} INFO - Sync 1 DAGs
[2025-04-13T13:24:56.807-0400] {logging_mixin.py:188} INFO - [2025-04-13T13:24:56.807-0400] {dag.py:3954} INFO - Setting next_dagrun for tutorial_taskflow_api_virtualenv to None, run_after=None
[2025-04-13T13:24:56.813-0400] {processor.py:183} INFO - Processing /opt/anaconda3/lib/python3.12/site-packages/airflow/example_dags/tutorial_taskflow_api_virtualenv.py took 0.088 seconds
[2025-04-13T13:26:02.634-0400] {processor.py:161} INFO - Started process (PID=41647) to work on /opt/anaconda3/lib/python3.12/site-packages/airflow/example_dags/tutorial_taskflow_api_virtualenv.py
[2025-04-13T13:26:02.635-0400] {processor.py:830} INFO - Processing file /opt/anaconda3/lib/python3.12/site-packages/airflow/example_dags/tutorial_taskflow_api_virtualenv.py for tasks to queue
[2025-04-13T13:26:02.635-0400] {logging_mixin.py:188} INFO - [2025-04-13T13:26:02.635-0400] {dagbag.py:540} INFO - Filling up the DagBag from /opt/anaconda3/lib/python3.12/site-packages/airflow/example_dags/tutorial_taskflow_api_virtualenv.py
[2025-04-13T13:26:02.652-0400] {processor.py:840} INFO - DAG(s) 'tutorial_taskflow_api_virtualenv' retrieved from /opt/anaconda3/lib/python3.12/site-packages/airflow/example_dags/tutorial_taskflow_api_virtualenv.py
[2025-04-13T13:26:02.725-0400] {logging_mixin.py:188} INFO - [2025-04-13T13:26:02.725-0400] {dag.py:3096} INFO - Sync 1 DAGs
[2025-04-13T13:26:02.728-0400] {logging_mixin.py:188} INFO - [2025-04-13T13:26:02.728-0400] {dag.py:3954} INFO - Setting next_dagrun for tutorial_taskflow_api_virtualenv to None, run_after=None
[2025-04-13T13:26:02.734-0400] {processor.py:183} INFO - Processing /opt/anaconda3/lib/python3.12/site-packages/airflow/example_dags/tutorial_taskflow_api_virtualenv.py took 0.100 seconds
[2025-04-13T13:27:03.891-0400] {processor.py:161} INFO - Started process (PID=42057) to work on /opt/anaconda3/lib/python3.12/site-packages/airflow/example_dags/tutorial_taskflow_api_virtualenv.py
[2025-04-13T13:27:03.892-0400] {processor.py:830} INFO - Processing file /opt/anaconda3/lib/python3.12/site-packages/airflow/example_dags/tutorial_taskflow_api_virtualenv.py for tasks to queue
[2025-04-13T13:27:03.892-0400] {logging_mixin.py:188} INFO - [2025-04-13T13:27:03.892-0400] {dagbag.py:540} INFO - Filling up the DagBag from /opt/anaconda3/lib/python3.12/site-packages/airflow/example_dags/tutorial_taskflow_api_virtualenv.py
[2025-04-13T13:27:03.913-0400] {processor.py:840} INFO - DAG(s) 'tutorial_taskflow_api_virtualenv' retrieved from /opt/anaconda3/lib/python3.12/site-packages/airflow/example_dags/tutorial_taskflow_api_virtualenv.py
[2025-04-13T13:27:03.992-0400] {logging_mixin.py:188} INFO - [2025-04-13T13:27:03.992-0400] {dag.py:3096} INFO - Sync 1 DAGs
[2025-04-13T13:27:03.994-0400] {logging_mixin.py:188} INFO - [2025-04-13T13:27:03.994-0400] {dag.py:3954} INFO - Setting next_dagrun for tutorial_taskflow_api_virtualenv to None, run_after=None
[2025-04-13T13:27:04.000-0400] {processor.py:183} INFO - Processing /opt/anaconda3/lib/python3.12/site-packages/airflow/example_dags/tutorial_taskflow_api_virtualenv.py took 0.110 seconds
[2025-04-13T13:28:08.985-0400] {processor.py:161} INFO - Started process (PID=42489) to work on /opt/anaconda3/lib/python3.12/site-packages/airflow/example_dags/tutorial_taskflow_api_virtualenv.py
[2025-04-13T13:28:08.986-0400] {processor.py:830} INFO - Processing file /opt/anaconda3/lib/python3.12/site-packages/airflow/example_dags/tutorial_taskflow_api_virtualenv.py for tasks to queue
[2025-04-13T13:28:08.987-0400] {logging_mixin.py:188} INFO - [2025-04-13T13:28:08.986-0400] {dagbag.py:540} INFO - Filling up the DagBag from /opt/anaconda3/lib/python3.12/site-packages/airflow/example_dags/tutorial_taskflow_api_virtualenv.py
[2025-04-13T13:28:09.002-0400] {processor.py:840} INFO - DAG(s) 'tutorial_taskflow_api_virtualenv' retrieved from /opt/anaconda3/lib/python3.12/site-packages/airflow/example_dags/tutorial_taskflow_api_virtualenv.py
[2025-04-13T13:28:09.077-0400] {logging_mixin.py:188} INFO - [2025-04-13T13:28:09.077-0400] {dag.py:3096} INFO - Sync 1 DAGs
[2025-04-13T13:28:09.079-0400] {logging_mixin.py:188} INFO - [2025-04-13T13:28:09.079-0400] {dag.py:3954} INFO - Setting next_dagrun for tutorial_taskflow_api_virtualenv to None, run_after=None
[2025-04-13T13:28:09.085-0400] {processor.py:183} INFO - Processing /opt/anaconda3/lib/python3.12/site-packages/airflow/example_dags/tutorial_taskflow_api_virtualenv.py took 0.101 seconds
[2025-04-13T13:29:15.099-0400] {processor.py:161} INFO - Started process (PID=42922) to work on /opt/anaconda3/lib/python3.12/site-packages/airflow/example_dags/tutorial_taskflow_api_virtualenv.py
[2025-04-13T13:29:15.100-0400] {processor.py:830} INFO - Processing file /opt/anaconda3/lib/python3.12/site-packages/airflow/example_dags/tutorial_taskflow_api_virtualenv.py for tasks to queue
[2025-04-13T13:29:15.101-0400] {logging_mixin.py:188} INFO - [2025-04-13T13:29:15.101-0400] {dagbag.py:540} INFO - Filling up the DagBag from /opt/anaconda3/lib/python3.12/site-packages/airflow/example_dags/tutorial_taskflow_api_virtualenv.py
[2025-04-13T13:29:15.117-0400] {processor.py:840} INFO - DAG(s) 'tutorial_taskflow_api_virtualenv' retrieved from /opt/anaconda3/lib/python3.12/site-packages/airflow/example_dags/tutorial_taskflow_api_virtualenv.py
[2025-04-13T13:29:15.181-0400] {logging_mixin.py:188} INFO - [2025-04-13T13:29:15.181-0400] {dag.py:3096} INFO - Sync 1 DAGs
[2025-04-13T13:29:15.184-0400] {logging_mixin.py:188} INFO - [2025-04-13T13:29:15.184-0400] {dag.py:3954} INFO - Setting next_dagrun for tutorial_taskflow_api_virtualenv to None, run_after=None
[2025-04-13T13:29:15.190-0400] {processor.py:183} INFO - Processing /opt/anaconda3/lib/python3.12/site-packages/airflow/example_dags/tutorial_taskflow_api_virtualenv.py took 0.091 seconds
[2025-04-13T13:31:32.495-0400] {processor.py:161} INFO - Started process (PID=43819) to work on /opt/anaconda3/lib/python3.12/site-packages/airflow/example_dags/tutorial_taskflow_api_virtualenv.py
[2025-04-13T13:31:32.496-0400] {processor.py:830} INFO - Processing file /opt/anaconda3/lib/python3.12/site-packages/airflow/example_dags/tutorial_taskflow_api_virtualenv.py for tasks to queue
[2025-04-13T13:31:32.496-0400] {logging_mixin.py:188} INFO - [2025-04-13T13:31:32.496-0400] {dagbag.py:540} INFO - Filling up the DagBag from /opt/anaconda3/lib/python3.12/site-packages/airflow/example_dags/tutorial_taskflow_api_virtualenv.py
[2025-04-13T13:31:32.512-0400] {processor.py:840} INFO - DAG(s) 'tutorial_taskflow_api_virtualenv' retrieved from /opt/anaconda3/lib/python3.12/site-packages/airflow/example_dags/tutorial_taskflow_api_virtualenv.py
[2025-04-13T13:31:32.584-0400] {logging_mixin.py:188} INFO - [2025-04-13T13:31:32.584-0400] {dag.py:3096} INFO - Sync 1 DAGs
[2025-04-13T13:31:32.586-0400] {logging_mixin.py:188} INFO - [2025-04-13T13:31:32.586-0400] {dag.py:3954} INFO - Setting next_dagrun for tutorial_taskflow_api_virtualenv to None, run_after=None
[2025-04-13T13:31:32.592-0400] {processor.py:183} INFO - Processing /opt/anaconda3/lib/python3.12/site-packages/airflow/example_dags/tutorial_taskflow_api_virtualenv.py took 0.099 seconds
[2025-04-13T13:33:11.797-0400] {processor.py:161} INFO - Started process (PID=44471) to work on /opt/anaconda3/lib/python3.12/site-packages/airflow/example_dags/tutorial_taskflow_api_virtualenv.py
[2025-04-13T13:33:11.798-0400] {processor.py:830} INFO - Processing file /opt/anaconda3/lib/python3.12/site-packages/airflow/example_dags/tutorial_taskflow_api_virtualenv.py for tasks to queue
[2025-04-13T13:33:11.798-0400] {logging_mixin.py:188} INFO - [2025-04-13T13:33:11.798-0400] {dagbag.py:540} INFO - Filling up the DagBag from /opt/anaconda3/lib/python3.12/site-packages/airflow/example_dags/tutorial_taskflow_api_virtualenv.py
[2025-04-13T13:33:11.813-0400] {processor.py:840} INFO - DAG(s) 'tutorial_taskflow_api_virtualenv' retrieved from /opt/anaconda3/lib/python3.12/site-packages/airflow/example_dags/tutorial_taskflow_api_virtualenv.py
[2025-04-13T13:33:11.876-0400] {logging_mixin.py:188} INFO - [2025-04-13T13:33:11.876-0400] {dag.py:3096} INFO - Sync 1 DAGs
[2025-04-13T13:33:11.879-0400] {logging_mixin.py:188} INFO - [2025-04-13T13:33:11.879-0400] {dag.py:3954} INFO - Setting next_dagrun for tutorial_taskflow_api_virtualenv to None, run_after=None
[2025-04-13T13:33:11.885-0400] {processor.py:183} INFO - Processing /opt/anaconda3/lib/python3.12/site-packages/airflow/example_dags/tutorial_taskflow_api_virtualenv.py took 0.089 seconds
[2025-04-13T13:35:54.702-0400] {processor.py:161} INFO - Started process (PID=44993) to work on /opt/anaconda3/lib/python3.12/site-packages/airflow/example_dags/tutorial_taskflow_api_virtualenv.py
[2025-04-13T13:35:54.703-0400] {processor.py:830} INFO - Processing file /opt/anaconda3/lib/python3.12/site-packages/airflow/example_dags/tutorial_taskflow_api_virtualenv.py for tasks to queue
[2025-04-13T13:35:54.703-0400] {logging_mixin.py:188} INFO - [2025-04-13T13:35:54.703-0400] {dagbag.py:540} INFO - Filling up the DagBag from /opt/anaconda3/lib/python3.12/site-packages/airflow/example_dags/tutorial_taskflow_api_virtualenv.py
[2025-04-13T13:35:54.721-0400] {processor.py:840} INFO - DAG(s) 'tutorial_taskflow_api_virtualenv' retrieved from /opt/anaconda3/lib/python3.12/site-packages/airflow/example_dags/tutorial_taskflow_api_virtualenv.py
[2025-04-13T13:35:54.796-0400] {logging_mixin.py:188} INFO - [2025-04-13T13:35:54.796-0400] {dag.py:3096} INFO - Sync 1 DAGs
[2025-04-13T13:35:54.799-0400] {logging_mixin.py:188} INFO - [2025-04-13T13:35:54.799-0400] {dag.py:3954} INFO - Setting next_dagrun for tutorial_taskflow_api_virtualenv to None, run_after=None
[2025-04-13T13:35:54.804-0400] {processor.py:183} INFO - Processing /opt/anaconda3/lib/python3.12/site-packages/airflow/example_dags/tutorial_taskflow_api_virtualenv.py took 0.104 seconds
[2025-04-13T13:37:19.904-0400] {processor.py:161} INFO - Started process (PID=45579) to work on /opt/anaconda3/lib/python3.12/site-packages/airflow/example_dags/tutorial_taskflow_api_virtualenv.py
[2025-04-13T13:37:19.905-0400] {processor.py:830} INFO - Processing file /opt/anaconda3/lib/python3.12/site-packages/airflow/example_dags/tutorial_taskflow_api_virtualenv.py for tasks to queue
[2025-04-13T13:37:19.905-0400] {logging_mixin.py:188} INFO - [2025-04-13T13:37:19.905-0400] {dagbag.py:540} INFO - Filling up the DagBag from /opt/anaconda3/lib/python3.12/site-packages/airflow/example_dags/tutorial_taskflow_api_virtualenv.py
[2025-04-13T13:37:19.920-0400] {processor.py:840} INFO - DAG(s) 'tutorial_taskflow_api_virtualenv' retrieved from /opt/anaconda3/lib/python3.12/site-packages/airflow/example_dags/tutorial_taskflow_api_virtualenv.py
[2025-04-13T13:37:19.982-0400] {logging_mixin.py:188} INFO - [2025-04-13T13:37:19.981-0400] {dag.py:3096} INFO - Sync 1 DAGs
[2025-04-13T13:37:19.984-0400] {logging_mixin.py:188} INFO - [2025-04-13T13:37:19.984-0400] {dag.py:3954} INFO - Setting next_dagrun for tutorial_taskflow_api_virtualenv to None, run_after=None
[2025-04-13T13:37:19.990-0400] {processor.py:183} INFO - Processing /opt/anaconda3/lib/python3.12/site-packages/airflow/example_dags/tutorial_taskflow_api_virtualenv.py took 0.087 seconds
[2025-04-13T13:38:28.084-0400] {processor.py:161} INFO - Started process (PID=46029) to work on /opt/anaconda3/lib/python3.12/site-packages/airflow/example_dags/tutorial_taskflow_api_virtualenv.py
[2025-04-13T13:38:28.085-0400] {processor.py:830} INFO - Processing file /opt/anaconda3/lib/python3.12/site-packages/airflow/example_dags/tutorial_taskflow_api_virtualenv.py for tasks to queue
[2025-04-13T13:38:28.085-0400] {logging_mixin.py:188} INFO - [2025-04-13T13:38:28.085-0400] {dagbag.py:540} INFO - Filling up the DagBag from /opt/anaconda3/lib/python3.12/site-packages/airflow/example_dags/tutorial_taskflow_api_virtualenv.py
[2025-04-13T13:38:28.101-0400] {processor.py:840} INFO - DAG(s) 'tutorial_taskflow_api_virtualenv' retrieved from /opt/anaconda3/lib/python3.12/site-packages/airflow/example_dags/tutorial_taskflow_api_virtualenv.py
[2025-04-13T13:38:28.172-0400] {logging_mixin.py:188} INFO - [2025-04-13T13:38:28.172-0400] {dag.py:3096} INFO - Sync 1 DAGs
[2025-04-13T13:38:28.175-0400] {logging_mixin.py:188} INFO - [2025-04-13T13:38:28.175-0400] {dag.py:3954} INFO - Setting next_dagrun for tutorial_taskflow_api_virtualenv to None, run_after=None
[2025-04-13T13:38:28.180-0400] {processor.py:183} INFO - Processing /opt/anaconda3/lib/python3.12/site-packages/airflow/example_dags/tutorial_taskflow_api_virtualenv.py took 0.098 seconds
[2025-04-13T13:39:36.308-0400] {processor.py:161} INFO - Started process (PID=46474) to work on /opt/anaconda3/lib/python3.12/site-packages/airflow/example_dags/tutorial_taskflow_api_virtualenv.py
[2025-04-13T13:39:36.309-0400] {processor.py:830} INFO - Processing file /opt/anaconda3/lib/python3.12/site-packages/airflow/example_dags/tutorial_taskflow_api_virtualenv.py for tasks to queue
[2025-04-13T13:39:36.309-0400] {logging_mixin.py:188} INFO - [2025-04-13T13:39:36.309-0400] {dagbag.py:540} INFO - Filling up the DagBag from /opt/anaconda3/lib/python3.12/site-packages/airflow/example_dags/tutorial_taskflow_api_virtualenv.py
[2025-04-13T13:39:36.325-0400] {processor.py:840} INFO - DAG(s) 'tutorial_taskflow_api_virtualenv' retrieved from /opt/anaconda3/lib/python3.12/site-packages/airflow/example_dags/tutorial_taskflow_api_virtualenv.py
[2025-04-13T13:39:36.387-0400] {logging_mixin.py:188} INFO - [2025-04-13T13:39:36.386-0400] {dag.py:3096} INFO - Sync 1 DAGs
[2025-04-13T13:39:36.389-0400] {logging_mixin.py:188} INFO - [2025-04-13T13:39:36.389-0400] {dag.py:3954} INFO - Setting next_dagrun for tutorial_taskflow_api_virtualenv to None, run_after=None
[2025-04-13T13:39:36.395-0400] {processor.py:183} INFO - Processing /opt/anaconda3/lib/python3.12/site-packages/airflow/example_dags/tutorial_taskflow_api_virtualenv.py took 0.087 seconds
[2025-04-13T13:40:41.342-0400] {processor.py:161} INFO - Started process (PID=46949) to work on /opt/anaconda3/lib/python3.12/site-packages/airflow/example_dags/tutorial_taskflow_api_virtualenv.py
[2025-04-13T13:40:41.343-0400] {processor.py:830} INFO - Processing file /opt/anaconda3/lib/python3.12/site-packages/airflow/example_dags/tutorial_taskflow_api_virtualenv.py for tasks to queue
[2025-04-13T13:40:41.343-0400] {logging_mixin.py:188} INFO - [2025-04-13T13:40:41.343-0400] {dagbag.py:540} INFO - Filling up the DagBag from /opt/anaconda3/lib/python3.12/site-packages/airflow/example_dags/tutorial_taskflow_api_virtualenv.py
[2025-04-13T13:40:41.358-0400] {processor.py:840} INFO - DAG(s) 'tutorial_taskflow_api_virtualenv' retrieved from /opt/anaconda3/lib/python3.12/site-packages/airflow/example_dags/tutorial_taskflow_api_virtualenv.py
[2025-04-13T13:40:41.431-0400] {logging_mixin.py:188} INFO - [2025-04-13T13:40:41.431-0400] {dag.py:3096} INFO - Sync 1 DAGs
[2025-04-13T13:40:41.434-0400] {logging_mixin.py:188} INFO - [2025-04-13T13:40:41.434-0400] {dag.py:3954} INFO - Setting next_dagrun for tutorial_taskflow_api_virtualenv to None, run_after=None
[2025-04-13T13:40:41.440-0400] {processor.py:183} INFO - Processing /opt/anaconda3/lib/python3.12/site-packages/airflow/example_dags/tutorial_taskflow_api_virtualenv.py took 0.099 seconds
[2025-04-13T13:41:46.960-0400] {processor.py:161} INFO - Started process (PID=47382) to work on /opt/anaconda3/lib/python3.12/site-packages/airflow/example_dags/tutorial_taskflow_api_virtualenv.py
[2025-04-13T13:41:46.961-0400] {processor.py:830} INFO - Processing file /opt/anaconda3/lib/python3.12/site-packages/airflow/example_dags/tutorial_taskflow_api_virtualenv.py for tasks to queue
[2025-04-13T13:41:46.961-0400] {logging_mixin.py:188} INFO - [2025-04-13T13:41:46.961-0400] {dagbag.py:540} INFO - Filling up the DagBag from /opt/anaconda3/lib/python3.12/site-packages/airflow/example_dags/tutorial_taskflow_api_virtualenv.py
[2025-04-13T13:41:46.978-0400] {processor.py:840} INFO - DAG(s) 'tutorial_taskflow_api_virtualenv' retrieved from /opt/anaconda3/lib/python3.12/site-packages/airflow/example_dags/tutorial_taskflow_api_virtualenv.py
[2025-04-13T13:41:47.040-0400] {logging_mixin.py:188} INFO - [2025-04-13T13:41:47.040-0400] {dag.py:3096} INFO - Sync 1 DAGs
[2025-04-13T13:41:47.043-0400] {logging_mixin.py:188} INFO - [2025-04-13T13:41:47.043-0400] {dag.py:3954} INFO - Setting next_dagrun for tutorial_taskflow_api_virtualenv to None, run_after=None
[2025-04-13T13:41:47.049-0400] {processor.py:183} INFO - Processing /opt/anaconda3/lib/python3.12/site-packages/airflow/example_dags/tutorial_taskflow_api_virtualenv.py took 0.090 seconds
[2025-04-13T13:42:52.354-0400] {processor.py:161} INFO - Started process (PID=47829) to work on /opt/anaconda3/lib/python3.12/site-packages/airflow/example_dags/tutorial_taskflow_api_virtualenv.py
[2025-04-13T13:42:52.355-0400] {processor.py:830} INFO - Processing file /opt/anaconda3/lib/python3.12/site-packages/airflow/example_dags/tutorial_taskflow_api_virtualenv.py for tasks to queue
[2025-04-13T13:42:52.356-0400] {logging_mixin.py:188} INFO - [2025-04-13T13:42:52.356-0400] {dagbag.py:540} INFO - Filling up the DagBag from /opt/anaconda3/lib/python3.12/site-packages/airflow/example_dags/tutorial_taskflow_api_virtualenv.py
[2025-04-13T13:42:52.371-0400] {processor.py:840} INFO - DAG(s) 'tutorial_taskflow_api_virtualenv' retrieved from /opt/anaconda3/lib/python3.12/site-packages/airflow/example_dags/tutorial_taskflow_api_virtualenv.py
[2025-04-13T13:42:52.444-0400] {logging_mixin.py:188} INFO - [2025-04-13T13:42:52.444-0400] {dag.py:3096} INFO - Sync 1 DAGs
[2025-04-13T13:42:52.447-0400] {logging_mixin.py:188} INFO - [2025-04-13T13:42:52.447-0400] {dag.py:3954} INFO - Setting next_dagrun for tutorial_taskflow_api_virtualenv to None, run_after=None
[2025-04-13T13:42:52.452-0400] {processor.py:183} INFO - Processing /opt/anaconda3/lib/python3.12/site-packages/airflow/example_dags/tutorial_taskflow_api_virtualenv.py took 0.099 seconds
[2025-04-13T13:43:58.492-0400] {processor.py:161} INFO - Started process (PID=48269) to work on /opt/anaconda3/lib/python3.12/site-packages/airflow/example_dags/tutorial_taskflow_api_virtualenv.py
[2025-04-13T13:43:58.493-0400] {processor.py:830} INFO - Processing file /opt/anaconda3/lib/python3.12/site-packages/airflow/example_dags/tutorial_taskflow_api_virtualenv.py for tasks to queue
[2025-04-13T13:43:58.493-0400] {logging_mixin.py:188} INFO - [2025-04-13T13:43:58.493-0400] {dagbag.py:540} INFO - Filling up the DagBag from /opt/anaconda3/lib/python3.12/site-packages/airflow/example_dags/tutorial_taskflow_api_virtualenv.py
[2025-04-13T13:43:58.512-0400] {processor.py:840} INFO - DAG(s) 'tutorial_taskflow_api_virtualenv' retrieved from /opt/anaconda3/lib/python3.12/site-packages/airflow/example_dags/tutorial_taskflow_api_virtualenv.py
[2025-04-13T13:43:58.583-0400] {logging_mixin.py:188} INFO - [2025-04-13T13:43:58.583-0400] {dag.py:3096} INFO - Sync 1 DAGs
[2025-04-13T13:43:58.586-0400] {logging_mixin.py:188} INFO - [2025-04-13T13:43:58.586-0400] {dag.py:3954} INFO - Setting next_dagrun for tutorial_taskflow_api_virtualenv to None, run_after=None
[2025-04-13T13:43:58.591-0400] {processor.py:183} INFO - Processing /opt/anaconda3/lib/python3.12/site-packages/airflow/example_dags/tutorial_taskflow_api_virtualenv.py took 0.100 seconds
[2025-04-13T13:45:04.422-0400] {processor.py:161} INFO - Started process (PID=48720) to work on /opt/anaconda3/lib/python3.12/site-packages/airflow/example_dags/tutorial_taskflow_api_virtualenv.py
[2025-04-13T13:45:04.423-0400] {processor.py:830} INFO - Processing file /opt/anaconda3/lib/python3.12/site-packages/airflow/example_dags/tutorial_taskflow_api_virtualenv.py for tasks to queue
[2025-04-13T13:45:04.423-0400] {logging_mixin.py:188} INFO - [2025-04-13T13:45:04.423-0400] {dagbag.py:540} INFO - Filling up the DagBag from /opt/anaconda3/lib/python3.12/site-packages/airflow/example_dags/tutorial_taskflow_api_virtualenv.py
[2025-04-13T13:45:04.438-0400] {processor.py:840} INFO - DAG(s) 'tutorial_taskflow_api_virtualenv' retrieved from /opt/anaconda3/lib/python3.12/site-packages/airflow/example_dags/tutorial_taskflow_api_virtualenv.py
[2025-04-13T13:45:04.506-0400] {logging_mixin.py:188} INFO - [2025-04-13T13:45:04.506-0400] {dag.py:3096} INFO - Sync 1 DAGs
[2025-04-13T13:45:04.509-0400] {logging_mixin.py:188} INFO - [2025-04-13T13:45:04.509-0400] {dag.py:3954} INFO - Setting next_dagrun for tutorial_taskflow_api_virtualenv to None, run_after=None
[2025-04-13T13:45:04.514-0400] {processor.py:183} INFO - Processing /opt/anaconda3/lib/python3.12/site-packages/airflow/example_dags/tutorial_taskflow_api_virtualenv.py took 0.094 seconds
[2025-04-13T13:46:14.175-0400] {processor.py:161} INFO - Started process (PID=49186) to work on /opt/anaconda3/lib/python3.12/site-packages/airflow/example_dags/tutorial_taskflow_api_virtualenv.py
[2025-04-13T13:46:14.175-0400] {processor.py:830} INFO - Processing file /opt/anaconda3/lib/python3.12/site-packages/airflow/example_dags/tutorial_taskflow_api_virtualenv.py for tasks to queue
[2025-04-13T13:46:14.176-0400] {logging_mixin.py:188} INFO - [2025-04-13T13:46:14.176-0400] {dagbag.py:540} INFO - Filling up the DagBag from /opt/anaconda3/lib/python3.12/site-packages/airflow/example_dags/tutorial_taskflow_api_virtualenv.py
[2025-04-13T13:46:14.193-0400] {processor.py:840} INFO - DAG(s) 'tutorial_taskflow_api_virtualenv' retrieved from /opt/anaconda3/lib/python3.12/site-packages/airflow/example_dags/tutorial_taskflow_api_virtualenv.py
[2025-04-13T13:46:14.264-0400] {logging_mixin.py:188} INFO - [2025-04-13T13:46:14.264-0400] {dag.py:3096} INFO - Sync 1 DAGs
[2025-04-13T13:46:14.267-0400] {logging_mixin.py:188} INFO - [2025-04-13T13:46:14.267-0400] {dag.py:3954} INFO - Setting next_dagrun for tutorial_taskflow_api_virtualenv to None, run_after=None
[2025-04-13T13:46:14.272-0400] {processor.py:183} INFO - Processing /opt/anaconda3/lib/python3.12/site-packages/airflow/example_dags/tutorial_taskflow_api_virtualenv.py took 0.098 seconds
[2025-04-13T13:47:27.455-0400] {processor.py:161} INFO - Started process (PID=49671) to work on /opt/anaconda3/lib/python3.12/site-packages/airflow/example_dags/tutorial_taskflow_api_virtualenv.py
[2025-04-13T13:47:27.456-0400] {processor.py:830} INFO - Processing file /opt/anaconda3/lib/python3.12/site-packages/airflow/example_dags/tutorial_taskflow_api_virtualenv.py for tasks to queue
[2025-04-13T13:47:27.456-0400] {logging_mixin.py:188} INFO - [2025-04-13T13:47:27.456-0400] {dagbag.py:540} INFO - Filling up the DagBag from /opt/anaconda3/lib/python3.12/site-packages/airflow/example_dags/tutorial_taskflow_api_virtualenv.py
[2025-04-13T13:47:27.474-0400] {processor.py:840} INFO - DAG(s) 'tutorial_taskflow_api_virtualenv' retrieved from /opt/anaconda3/lib/python3.12/site-packages/airflow/example_dags/tutorial_taskflow_api_virtualenv.py
[2025-04-13T13:47:27.545-0400] {logging_mixin.py:188} INFO - [2025-04-13T13:47:27.545-0400] {dag.py:3096} INFO - Sync 1 DAGs
[2025-04-13T13:47:27.548-0400] {logging_mixin.py:188} INFO - [2025-04-13T13:47:27.548-0400] {dag.py:3954} INFO - Setting next_dagrun for tutorial_taskflow_api_virtualenv to None, run_after=None
[2025-04-13T13:47:27.553-0400] {processor.py:183} INFO - Processing /opt/anaconda3/lib/python3.12/site-packages/airflow/example_dags/tutorial_taskflow_api_virtualenv.py took 0.099 seconds
[2025-04-13T13:48:37.993-0400] {processor.py:161} INFO - Started process (PID=50136) to work on /opt/anaconda3/lib/python3.12/site-packages/airflow/example_dags/tutorial_taskflow_api_virtualenv.py
[2025-04-13T13:48:37.994-0400] {processor.py:830} INFO - Processing file /opt/anaconda3/lib/python3.12/site-packages/airflow/example_dags/tutorial_taskflow_api_virtualenv.py for tasks to queue
[2025-04-13T13:48:37.994-0400] {logging_mixin.py:188} INFO - [2025-04-13T13:48:37.994-0400] {dagbag.py:540} INFO - Filling up the DagBag from /opt/anaconda3/lib/python3.12/site-packages/airflow/example_dags/tutorial_taskflow_api_virtualenv.py
[2025-04-13T13:48:38.011-0400] {processor.py:840} INFO - DAG(s) 'tutorial_taskflow_api_virtualenv' retrieved from /opt/anaconda3/lib/python3.12/site-packages/airflow/example_dags/tutorial_taskflow_api_virtualenv.py
[2025-04-13T13:48:38.083-0400] {logging_mixin.py:188} INFO - [2025-04-13T13:48:38.083-0400] {dag.py:3096} INFO - Sync 1 DAGs
[2025-04-13T13:48:38.086-0400] {logging_mixin.py:188} INFO - [2025-04-13T13:48:38.086-0400] {dag.py:3954} INFO - Setting next_dagrun for tutorial_taskflow_api_virtualenv to None, run_after=None
[2025-04-13T13:48:38.091-0400] {processor.py:183} INFO - Processing /opt/anaconda3/lib/python3.12/site-packages/airflow/example_dags/tutorial_taskflow_api_virtualenv.py took 0.100 seconds
[2025-04-13T13:49:48.238-0400] {processor.py:161} INFO - Started process (PID=50589) to work on /opt/anaconda3/lib/python3.12/site-packages/airflow/example_dags/tutorial_taskflow_api_virtualenv.py
[2025-04-13T13:49:48.239-0400] {processor.py:830} INFO - Processing file /opt/anaconda3/lib/python3.12/site-packages/airflow/example_dags/tutorial_taskflow_api_virtualenv.py for tasks to queue
[2025-04-13T13:49:48.239-0400] {logging_mixin.py:188} INFO - [2025-04-13T13:49:48.239-0400] {dagbag.py:540} INFO - Filling up the DagBag from /opt/anaconda3/lib/python3.12/site-packages/airflow/example_dags/tutorial_taskflow_api_virtualenv.py
[2025-04-13T13:49:48.256-0400] {processor.py:840} INFO - DAG(s) 'tutorial_taskflow_api_virtualenv' retrieved from /opt/anaconda3/lib/python3.12/site-packages/airflow/example_dags/tutorial_taskflow_api_virtualenv.py
[2025-04-13T13:49:48.331-0400] {logging_mixin.py:188} INFO - [2025-04-13T13:49:48.331-0400] {dag.py:3096} INFO - Sync 1 DAGs
[2025-04-13T13:49:48.334-0400] {logging_mixin.py:188} INFO - [2025-04-13T13:49:48.334-0400] {dag.py:3954} INFO - Setting next_dagrun for tutorial_taskflow_api_virtualenv to None, run_after=None
[2025-04-13T13:49:48.339-0400] {processor.py:183} INFO - Processing /opt/anaconda3/lib/python3.12/site-packages/airflow/example_dags/tutorial_taskflow_api_virtualenv.py took 0.102 seconds
[2025-04-13T13:50:57.705-0400] {processor.py:161} INFO - Started process (PID=51078) to work on /opt/anaconda3/lib/python3.12/site-packages/airflow/example_dags/tutorial_taskflow_api_virtualenv.py
[2025-04-13T13:50:57.705-0400] {processor.py:830} INFO - Processing file /opt/anaconda3/lib/python3.12/site-packages/airflow/example_dags/tutorial_taskflow_api_virtualenv.py for tasks to queue
[2025-04-13T13:50:57.705-0400] {logging_mixin.py:188} INFO - [2025-04-13T13:50:57.705-0400] {dagbag.py:540} INFO - Filling up the DagBag from /opt/anaconda3/lib/python3.12/site-packages/airflow/example_dags/tutorial_taskflow_api_virtualenv.py
[2025-04-13T13:50:57.721-0400] {processor.py:840} INFO - DAG(s) 'tutorial_taskflow_api_virtualenv' retrieved from /opt/anaconda3/lib/python3.12/site-packages/airflow/example_dags/tutorial_taskflow_api_virtualenv.py
[2025-04-13T13:50:57.785-0400] {logging_mixin.py:188} INFO - [2025-04-13T13:50:57.785-0400] {dag.py:3096} INFO - Sync 1 DAGs
[2025-04-13T13:50:57.787-0400] {logging_mixin.py:188} INFO - [2025-04-13T13:50:57.787-0400] {dag.py:3954} INFO - Setting next_dagrun for tutorial_taskflow_api_virtualenv to None, run_after=None
[2025-04-13T13:50:57.794-0400] {processor.py:183} INFO - Processing /opt/anaconda3/lib/python3.12/site-packages/airflow/example_dags/tutorial_taskflow_api_virtualenv.py took 0.090 seconds
[2025-04-13T13:52:05.446-0400] {processor.py:161} INFO - Started process (PID=51527) to work on /opt/anaconda3/lib/python3.12/site-packages/airflow/example_dags/tutorial_taskflow_api_virtualenv.py
[2025-04-13T13:52:05.447-0400] {processor.py:830} INFO - Processing file /opt/anaconda3/lib/python3.12/site-packages/airflow/example_dags/tutorial_taskflow_api_virtualenv.py for tasks to queue
[2025-04-13T13:52:05.447-0400] {logging_mixin.py:188} INFO - [2025-04-13T13:52:05.447-0400] {dagbag.py:540} INFO - Filling up the DagBag from /opt/anaconda3/lib/python3.12/site-packages/airflow/example_dags/tutorial_taskflow_api_virtualenv.py
[2025-04-13T13:52:05.466-0400] {processor.py:840} INFO - DAG(s) 'tutorial_taskflow_api_virtualenv' retrieved from /opt/anaconda3/lib/python3.12/site-packages/airflow/example_dags/tutorial_taskflow_api_virtualenv.py
[2025-04-13T13:52:05.538-0400] {logging_mixin.py:188} INFO - [2025-04-13T13:52:05.538-0400] {dag.py:3096} INFO - Sync 1 DAGs
[2025-04-13T13:52:05.541-0400] {logging_mixin.py:188} INFO - [2025-04-13T13:52:05.541-0400] {dag.py:3954} INFO - Setting next_dagrun for tutorial_taskflow_api_virtualenv to None, run_after=None
[2025-04-13T13:52:05.547-0400] {processor.py:183} INFO - Processing /opt/anaconda3/lib/python3.12/site-packages/airflow/example_dags/tutorial_taskflow_api_virtualenv.py took 0.101 seconds
[2025-04-13T13:53:16.354-0400] {processor.py:161} INFO - Started process (PID=52010) to work on /opt/anaconda3/lib/python3.12/site-packages/airflow/example_dags/tutorial_taskflow_api_virtualenv.py
[2025-04-13T13:53:16.355-0400] {processor.py:830} INFO - Processing file /opt/anaconda3/lib/python3.12/site-packages/airflow/example_dags/tutorial_taskflow_api_virtualenv.py for tasks to queue
[2025-04-13T13:53:16.356-0400] {logging_mixin.py:188} INFO - [2025-04-13T13:53:16.356-0400] {dagbag.py:540} INFO - Filling up the DagBag from /opt/anaconda3/lib/python3.12/site-packages/airflow/example_dags/tutorial_taskflow_api_virtualenv.py
[2025-04-13T13:53:16.371-0400] {processor.py:840} INFO - DAG(s) 'tutorial_taskflow_api_virtualenv' retrieved from /opt/anaconda3/lib/python3.12/site-packages/airflow/example_dags/tutorial_taskflow_api_virtualenv.py
[2025-04-13T13:53:16.433-0400] {logging_mixin.py:188} INFO - [2025-04-13T13:53:16.433-0400] {dag.py:3096} INFO - Sync 1 DAGs
[2025-04-13T13:53:16.436-0400] {logging_mixin.py:188} INFO - [2025-04-13T13:53:16.436-0400] {dag.py:3954} INFO - Setting next_dagrun for tutorial_taskflow_api_virtualenv to None, run_after=None
[2025-04-13T13:53:16.442-0400] {processor.py:183} INFO - Processing /opt/anaconda3/lib/python3.12/site-packages/airflow/example_dags/tutorial_taskflow_api_virtualenv.py took 0.088 seconds
[2025-04-13T13:54:26.146-0400] {processor.py:161} INFO - Started process (PID=52471) to work on /opt/anaconda3/lib/python3.12/site-packages/airflow/example_dags/tutorial_taskflow_api_virtualenv.py
[2025-04-13T13:54:26.147-0400] {processor.py:830} INFO - Processing file /opt/anaconda3/lib/python3.12/site-packages/airflow/example_dags/tutorial_taskflow_api_virtualenv.py for tasks to queue
[2025-04-13T13:54:26.148-0400] {logging_mixin.py:188} INFO - [2025-04-13T13:54:26.148-0400] {dagbag.py:540} INFO - Filling up the DagBag from /opt/anaconda3/lib/python3.12/site-packages/airflow/example_dags/tutorial_taskflow_api_virtualenv.py
[2025-04-13T13:54:26.163-0400] {processor.py:840} INFO - DAG(s) 'tutorial_taskflow_api_virtualenv' retrieved from /opt/anaconda3/lib/python3.12/site-packages/airflow/example_dags/tutorial_taskflow_api_virtualenv.py
[2025-04-13T13:54:26.233-0400] {logging_mixin.py:188} INFO - [2025-04-13T13:54:26.233-0400] {dag.py:3096} INFO - Sync 1 DAGs
[2025-04-13T13:54:26.235-0400] {logging_mixin.py:188} INFO - [2025-04-13T13:54:26.235-0400] {dag.py:3954} INFO - Setting next_dagrun for tutorial_taskflow_api_virtualenv to None, run_after=None
[2025-04-13T13:54:26.241-0400] {processor.py:183} INFO - Processing /opt/anaconda3/lib/python3.12/site-packages/airflow/example_dags/tutorial_taskflow_api_virtualenv.py took 0.095 seconds
[2025-04-13T13:55:32.732-0400] {processor.py:161} INFO - Started process (PID=52903) to work on /opt/anaconda3/lib/python3.12/site-packages/airflow/example_dags/tutorial_taskflow_api_virtualenv.py
[2025-04-13T13:55:32.733-0400] {processor.py:830} INFO - Processing file /opt/anaconda3/lib/python3.12/site-packages/airflow/example_dags/tutorial_taskflow_api_virtualenv.py for tasks to queue
[2025-04-13T13:55:32.734-0400] {logging_mixin.py:188} INFO - [2025-04-13T13:55:32.734-0400] {dagbag.py:540} INFO - Filling up the DagBag from /opt/anaconda3/lib/python3.12/site-packages/airflow/example_dags/tutorial_taskflow_api_virtualenv.py
[2025-04-13T13:55:32.752-0400] {processor.py:840} INFO - DAG(s) 'tutorial_taskflow_api_virtualenv' retrieved from /opt/anaconda3/lib/python3.12/site-packages/airflow/example_dags/tutorial_taskflow_api_virtualenv.py
[2025-04-13T13:55:32.826-0400] {logging_mixin.py:188} INFO - [2025-04-13T13:55:32.826-0400] {dag.py:3096} INFO - Sync 1 DAGs
[2025-04-13T13:55:32.829-0400] {logging_mixin.py:188} INFO - [2025-04-13T13:55:32.829-0400] {dag.py:3954} INFO - Setting next_dagrun for tutorial_taskflow_api_virtualenv to None, run_after=None
[2025-04-13T13:55:32.835-0400] {processor.py:183} INFO - Processing /opt/anaconda3/lib/python3.12/site-packages/airflow/example_dags/tutorial_taskflow_api_virtualenv.py took 0.104 seconds
[2025-04-13T13:56:41.519-0400] {processor.py:161} INFO - Started process (PID=53389) to work on /opt/anaconda3/lib/python3.12/site-packages/airflow/example_dags/tutorial_taskflow_api_virtualenv.py
[2025-04-13T13:56:41.520-0400] {processor.py:830} INFO - Processing file /opt/anaconda3/lib/python3.12/site-packages/airflow/example_dags/tutorial_taskflow_api_virtualenv.py for tasks to queue
[2025-04-13T13:56:41.520-0400] {logging_mixin.py:188} INFO - [2025-04-13T13:56:41.520-0400] {dagbag.py:540} INFO - Filling up the DagBag from /opt/anaconda3/lib/python3.12/site-packages/airflow/example_dags/tutorial_taskflow_api_virtualenv.py
[2025-04-13T13:56:41.542-0400] {processor.py:840} INFO - DAG(s) 'tutorial_taskflow_api_virtualenv' retrieved from /opt/anaconda3/lib/python3.12/site-packages/airflow/example_dags/tutorial_taskflow_api_virtualenv.py
[2025-04-13T13:56:41.621-0400] {logging_mixin.py:188} INFO - [2025-04-13T13:56:41.621-0400] {dag.py:3096} INFO - Sync 1 DAGs
[2025-04-13T13:56:41.624-0400] {logging_mixin.py:188} INFO - [2025-04-13T13:56:41.624-0400] {dag.py:3954} INFO - Setting next_dagrun for tutorial_taskflow_api_virtualenv to None, run_after=None
[2025-04-13T13:56:41.630-0400] {processor.py:183} INFO - Processing /opt/anaconda3/lib/python3.12/site-packages/airflow/example_dags/tutorial_taskflow_api_virtualenv.py took 0.112 seconds
[2025-04-13T13:57:50.733-0400] {processor.py:161} INFO - Started process (PID=53863) to work on /opt/anaconda3/lib/python3.12/site-packages/airflow/example_dags/tutorial_taskflow_api_virtualenv.py
[2025-04-13T13:57:50.734-0400] {processor.py:830} INFO - Processing file /opt/anaconda3/lib/python3.12/site-packages/airflow/example_dags/tutorial_taskflow_api_virtualenv.py for tasks to queue
[2025-04-13T13:57:50.735-0400] {logging_mixin.py:188} INFO - [2025-04-13T13:57:50.734-0400] {dagbag.py:540} INFO - Filling up the DagBag from /opt/anaconda3/lib/python3.12/site-packages/airflow/example_dags/tutorial_taskflow_api_virtualenv.py
[2025-04-13T13:57:50.750-0400] {processor.py:840} INFO - DAG(s) 'tutorial_taskflow_api_virtualenv' retrieved from /opt/anaconda3/lib/python3.12/site-packages/airflow/example_dags/tutorial_taskflow_api_virtualenv.py
[2025-04-13T13:57:50.812-0400] {logging_mixin.py:188} INFO - [2025-04-13T13:57:50.812-0400] {dag.py:3096} INFO - Sync 1 DAGs
[2025-04-13T13:57:50.815-0400] {logging_mixin.py:188} INFO - [2025-04-13T13:57:50.815-0400] {dag.py:3954} INFO - Setting next_dagrun for tutorial_taskflow_api_virtualenv to None, run_after=None
[2025-04-13T13:57:50.820-0400] {processor.py:183} INFO - Processing /opt/anaconda3/lib/python3.12/site-packages/airflow/example_dags/tutorial_taskflow_api_virtualenv.py took 0.088 seconds
[2025-04-13T13:58:56.071-0400] {processor.py:161} INFO - Started process (PID=54290) to work on /opt/anaconda3/lib/python3.12/site-packages/airflow/example_dags/tutorial_taskflow_api_virtualenv.py
[2025-04-13T13:58:56.071-0400] {processor.py:830} INFO - Processing file /opt/anaconda3/lib/python3.12/site-packages/airflow/example_dags/tutorial_taskflow_api_virtualenv.py for tasks to queue
[2025-04-13T13:58:56.072-0400] {logging_mixin.py:188} INFO - [2025-04-13T13:58:56.072-0400] {dagbag.py:540} INFO - Filling up the DagBag from /opt/anaconda3/lib/python3.12/site-packages/airflow/example_dags/tutorial_taskflow_api_virtualenv.py
[2025-04-13T13:58:56.088-0400] {processor.py:840} INFO - DAG(s) 'tutorial_taskflow_api_virtualenv' retrieved from /opt/anaconda3/lib/python3.12/site-packages/airflow/example_dags/tutorial_taskflow_api_virtualenv.py
[2025-04-13T13:58:56.151-0400] {logging_mixin.py:188} INFO - [2025-04-13T13:58:56.151-0400] {dag.py:3096} INFO - Sync 1 DAGs
[2025-04-13T13:58:56.154-0400] {logging_mixin.py:188} INFO - [2025-04-13T13:58:56.154-0400] {dag.py:3954} INFO - Setting next_dagrun for tutorial_taskflow_api_virtualenv to None, run_after=None
[2025-04-13T13:58:56.160-0400] {processor.py:183} INFO - Processing /opt/anaconda3/lib/python3.12/site-packages/airflow/example_dags/tutorial_taskflow_api_virtualenv.py took 0.091 seconds
[2025-04-13T14:00:03.473-0400] {processor.py:161} INFO - Started process (PID=54802) to work on /opt/anaconda3/lib/python3.12/site-packages/airflow/example_dags/tutorial_taskflow_api_virtualenv.py
[2025-04-13T14:00:03.474-0400] {processor.py:830} INFO - Processing file /opt/anaconda3/lib/python3.12/site-packages/airflow/example_dags/tutorial_taskflow_api_virtualenv.py for tasks to queue
[2025-04-13T14:00:03.474-0400] {logging_mixin.py:188} INFO - [2025-04-13T14:00:03.474-0400] {dagbag.py:540} INFO - Filling up the DagBag from /opt/anaconda3/lib/python3.12/site-packages/airflow/example_dags/tutorial_taskflow_api_virtualenv.py
[2025-04-13T14:00:03.491-0400] {processor.py:840} INFO - DAG(s) 'tutorial_taskflow_api_virtualenv' retrieved from /opt/anaconda3/lib/python3.12/site-packages/airflow/example_dags/tutorial_taskflow_api_virtualenv.py
[2025-04-13T14:00:03.560-0400] {logging_mixin.py:188} INFO - [2025-04-13T14:00:03.560-0400] {dag.py:3096} INFO - Sync 1 DAGs
[2025-04-13T14:00:03.562-0400] {logging_mixin.py:188} INFO - [2025-04-13T14:00:03.562-0400] {dag.py:3954} INFO - Setting next_dagrun for tutorial_taskflow_api_virtualenv to None, run_after=None
[2025-04-13T14:00:03.568-0400] {processor.py:183} INFO - Processing /opt/anaconda3/lib/python3.12/site-packages/airflow/example_dags/tutorial_taskflow_api_virtualenv.py took 0.096 seconds
[2025-04-13T14:01:12.475-0400] {processor.py:161} INFO - Started process (PID=55262) to work on /opt/anaconda3/lib/python3.12/site-packages/airflow/example_dags/tutorial_taskflow_api_virtualenv.py
[2025-04-13T14:01:12.475-0400] {processor.py:830} INFO - Processing file /opt/anaconda3/lib/python3.12/site-packages/airflow/example_dags/tutorial_taskflow_api_virtualenv.py for tasks to queue
[2025-04-13T14:01:12.475-0400] {logging_mixin.py:188} INFO - [2025-04-13T14:01:12.475-0400] {dagbag.py:540} INFO - Filling up the DagBag from /opt/anaconda3/lib/python3.12/site-packages/airflow/example_dags/tutorial_taskflow_api_virtualenv.py
[2025-04-13T14:01:12.490-0400] {processor.py:840} INFO - DAG(s) 'tutorial_taskflow_api_virtualenv' retrieved from /opt/anaconda3/lib/python3.12/site-packages/airflow/example_dags/tutorial_taskflow_api_virtualenv.py
[2025-04-13T14:01:12.562-0400] {logging_mixin.py:188} INFO - [2025-04-13T14:01:12.562-0400] {dag.py:3096} INFO - Sync 1 DAGs
[2025-04-13T14:01:12.564-0400] {logging_mixin.py:188} INFO - [2025-04-13T14:01:12.564-0400] {dag.py:3954} INFO - Setting next_dagrun for tutorial_taskflow_api_virtualenv to None, run_after=None
[2025-04-13T14:01:12.570-0400] {processor.py:183} INFO - Processing /opt/anaconda3/lib/python3.12/site-packages/airflow/example_dags/tutorial_taskflow_api_virtualenv.py took 0.096 seconds
[2025-04-13T14:02:21.742-0400] {processor.py:161} INFO - Started process (PID=55732) to work on /opt/anaconda3/lib/python3.12/site-packages/airflow/example_dags/tutorial_taskflow_api_virtualenv.py
[2025-04-13T14:02:21.743-0400] {processor.py:830} INFO - Processing file /opt/anaconda3/lib/python3.12/site-packages/airflow/example_dags/tutorial_taskflow_api_virtualenv.py for tasks to queue
[2025-04-13T14:02:21.743-0400] {logging_mixin.py:188} INFO - [2025-04-13T14:02:21.743-0400] {dagbag.py:540} INFO - Filling up the DagBag from /opt/anaconda3/lib/python3.12/site-packages/airflow/example_dags/tutorial_taskflow_api_virtualenv.py
[2025-04-13T14:02:21.764-0400] {processor.py:840} INFO - DAG(s) 'tutorial_taskflow_api_virtualenv' retrieved from /opt/anaconda3/lib/python3.12/site-packages/airflow/example_dags/tutorial_taskflow_api_virtualenv.py
[2025-04-13T14:02:21.848-0400] {logging_mixin.py:188} INFO - [2025-04-13T14:02:21.848-0400] {dag.py:3096} INFO - Sync 1 DAGs
[2025-04-13T14:02:21.851-0400] {logging_mixin.py:188} INFO - [2025-04-13T14:02:21.851-0400] {dag.py:3954} INFO - Setting next_dagrun for tutorial_taskflow_api_virtualenv to None, run_after=None
[2025-04-13T14:02:21.857-0400] {processor.py:183} INFO - Processing /opt/anaconda3/lib/python3.12/site-packages/airflow/example_dags/tutorial_taskflow_api_virtualenv.py took 0.116 seconds
