[2025-04-13T13:04:51.725-0400] {processor.py:161} INFO - Started process (PID=33162) to work on /opt/anaconda3/lib/python3.12/site-packages/airflow/example_dags/tutorial_taskflow_api.py
[2025-04-13T13:04:51.725-0400] {processor.py:830} INFO - Processing file /opt/anaconda3/lib/python3.12/site-packages/airflow/example_dags/tutorial_taskflow_api.py for tasks to queue
[2025-04-13T13:04:51.725-0400] {logging_mixin.py:188} INFO - [2025-04-13T13:04:51.725-0400] {dagbag.py:540} INFO - Filling up the DagBag from /opt/anaconda3/lib/python3.12/site-packages/airflow/example_dags/tutorial_taskflow_api.py
[2025-04-13T13:04:51.742-0400] {processor.py:840} INFO - DAG(s) 'tutorial_taskflow_api' retrieved from /opt/anaconda3/lib/python3.12/site-packages/airflow/example_dags/tutorial_taskflow_api.py
[2025-04-13T13:04:51.812-0400] {logging_mixin.py:188} INFO - [2025-04-13T13:04:51.811-0400] {override.py:1930} INFO - Created Permission View: can read on DAG:tutorial_taskflow_api
[2025-04-13T13:04:51.815-0400] {logging_mixin.py:188} INFO - [2025-04-13T13:04:51.815-0400] {override.py:1930} INFO - Created Permission View: can edit on DAG:tutorial_taskflow_api
[2025-04-13T13:04:51.817-0400] {logging_mixin.py:188} INFO - [2025-04-13T13:04:51.817-0400] {override.py:1930} INFO - Created Permission View: can delete on DAG:tutorial_taskflow_api
[2025-04-13T13:04:51.817-0400] {logging_mixin.py:188} INFO - [2025-04-13T13:04:51.817-0400] {dag.py:3096} INFO - Sync 1 DAGs
[2025-04-13T13:04:51.820-0400] {logging_mixin.py:188} INFO - [2025-04-13T13:04:51.820-0400] {dag.py:3118} INFO - Creating ORM DAG for tutorial_taskflow_api
[2025-04-13T13:04:51.821-0400] {logging_mixin.py:188} INFO - [2025-04-13T13:04:51.821-0400] {dag.py:3954} INFO - Setting next_dagrun for tutorial_taskflow_api to None, run_after=None
[2025-04-13T13:04:51.826-0400] {processor.py:183} INFO - Processing /opt/anaconda3/lib/python3.12/site-packages/airflow/example_dags/tutorial_taskflow_api.py took 0.102 seconds
[2025-04-13T13:07:34.852-0400] {processor.py:161} INFO - Started process (PID=34286) to work on /opt/anaconda3/lib/python3.12/site-packages/airflow/example_dags/tutorial_taskflow_api.py
[2025-04-13T13:07:34.853-0400] {processor.py:830} INFO - Processing file /opt/anaconda3/lib/python3.12/site-packages/airflow/example_dags/tutorial_taskflow_api.py for tasks to queue
[2025-04-13T13:07:34.853-0400] {logging_mixin.py:188} INFO - [2025-04-13T13:07:34.853-0400] {dagbag.py:540} INFO - Filling up the DagBag from /opt/anaconda3/lib/python3.12/site-packages/airflow/example_dags/tutorial_taskflow_api.py
[2025-04-13T13:07:34.868-0400] {processor.py:840} INFO - DAG(s) 'tutorial_taskflow_api' retrieved from /opt/anaconda3/lib/python3.12/site-packages/airflow/example_dags/tutorial_taskflow_api.py
[2025-04-13T13:07:34.904-0400] {logging_mixin.py:188} INFO - [2025-04-13T13:07:34.904-0400] {dag.py:3096} INFO - Sync 1 DAGs
[2025-04-13T13:07:34.907-0400] {logging_mixin.py:188} INFO - [2025-04-13T13:07:34.907-0400] {dag.py:3954} INFO - Setting next_dagrun for tutorial_taskflow_api to None, run_after=None
[2025-04-13T13:07:34.914-0400] {processor.py:183} INFO - Processing /opt/anaconda3/lib/python3.12/site-packages/airflow/example_dags/tutorial_taskflow_api.py took 0.062 seconds
[2025-04-13T13:09:16.090-0400] {processor.py:161} INFO - Started process (PID=34981) to work on /opt/anaconda3/lib/python3.12/site-packages/airflow/example_dags/tutorial_taskflow_api.py
[2025-04-13T13:09:16.091-0400] {processor.py:830} INFO - Processing file /opt/anaconda3/lib/python3.12/site-packages/airflow/example_dags/tutorial_taskflow_api.py for tasks to queue
[2025-04-13T13:09:16.091-0400] {logging_mixin.py:188} INFO - [2025-04-13T13:09:16.091-0400] {dagbag.py:540} INFO - Filling up the DagBag from /opt/anaconda3/lib/python3.12/site-packages/airflow/example_dags/tutorial_taskflow_api.py
[2025-04-13T13:09:16.106-0400] {processor.py:840} INFO - DAG(s) 'tutorial_taskflow_api' retrieved from /opt/anaconda3/lib/python3.12/site-packages/airflow/example_dags/tutorial_taskflow_api.py
[2025-04-13T13:09:16.142-0400] {logging_mixin.py:188} INFO - [2025-04-13T13:09:16.142-0400] {dag.py:3096} INFO - Sync 1 DAGs
[2025-04-13T13:09:16.145-0400] {logging_mixin.py:188} INFO - [2025-04-13T13:09:16.145-0400] {dag.py:3954} INFO - Setting next_dagrun for tutorial_taskflow_api to None, run_after=None
[2025-04-13T13:09:16.151-0400] {processor.py:183} INFO - Processing /opt/anaconda3/lib/python3.12/site-packages/airflow/example_dags/tutorial_taskflow_api.py took 0.062 seconds
[2025-04-13T13:15:09.057-0400] {processor.py:161} INFO - Started process (PID=37132) to work on /opt/anaconda3/lib/python3.12/site-packages/airflow/example_dags/tutorial_taskflow_api.py
[2025-04-13T13:15:09.058-0400] {processor.py:830} INFO - Processing file /opt/anaconda3/lib/python3.12/site-packages/airflow/example_dags/tutorial_taskflow_api.py for tasks to queue
[2025-04-13T13:15:09.059-0400] {logging_mixin.py:188} INFO - [2025-04-13T13:15:09.059-0400] {dagbag.py:540} INFO - Filling up the DagBag from /opt/anaconda3/lib/python3.12/site-packages/airflow/example_dags/tutorial_taskflow_api.py
[2025-04-13T13:15:09.073-0400] {processor.py:840} INFO - DAG(s) 'tutorial_taskflow_api' retrieved from /opt/anaconda3/lib/python3.12/site-packages/airflow/example_dags/tutorial_taskflow_api.py
[2025-04-13T13:15:09.107-0400] {logging_mixin.py:188} INFO - [2025-04-13T13:15:09.107-0400] {dag.py:3096} INFO - Sync 1 DAGs
[2025-04-13T13:15:09.110-0400] {logging_mixin.py:188} INFO - [2025-04-13T13:15:09.110-0400] {dag.py:3954} INFO - Setting next_dagrun for tutorial_taskflow_api to None, run_after=None
[2025-04-13T13:15:09.116-0400] {processor.py:183} INFO - Processing /opt/anaconda3/lib/python3.12/site-packages/airflow/example_dags/tutorial_taskflow_api.py took 0.060 seconds
[2025-04-13T13:18:49.001-0400] {processor.py:161} INFO - Started process (PID=38612) to work on /opt/anaconda3/lib/python3.12/site-packages/airflow/example_dags/tutorial_taskflow_api.py
[2025-04-13T13:18:49.001-0400] {processor.py:830} INFO - Processing file /opt/anaconda3/lib/python3.12/site-packages/airflow/example_dags/tutorial_taskflow_api.py for tasks to queue
[2025-04-13T13:18:49.002-0400] {logging_mixin.py:188} INFO - [2025-04-13T13:18:49.002-0400] {dagbag.py:540} INFO - Filling up the DagBag from /opt/anaconda3/lib/python3.12/site-packages/airflow/example_dags/tutorial_taskflow_api.py
[2025-04-13T13:18:49.017-0400] {processor.py:840} INFO - DAG(s) 'tutorial_taskflow_api' retrieved from /opt/anaconda3/lib/python3.12/site-packages/airflow/example_dags/tutorial_taskflow_api.py
[2025-04-13T13:18:49.078-0400] {logging_mixin.py:188} INFO - [2025-04-13T13:18:49.078-0400] {dag.py:3096} INFO - Sync 1 DAGs
[2025-04-13T13:18:49.081-0400] {logging_mixin.py:188} INFO - [2025-04-13T13:18:49.081-0400] {dag.py:3954} INFO - Setting next_dagrun for tutorial_taskflow_api to None, run_after=None
[2025-04-13T13:18:49.086-0400] {processor.py:183} INFO - Processing /opt/anaconda3/lib/python3.12/site-packages/airflow/example_dags/tutorial_taskflow_api.py took 0.087 seconds
[2025-04-13T13:21:03.643-0400] {processor.py:161} INFO - Started process (PID=39632) to work on /opt/anaconda3/lib/python3.12/site-packages/airflow/example_dags/tutorial_taskflow_api.py
[2025-04-13T13:21:03.644-0400] {processor.py:830} INFO - Processing file /opt/anaconda3/lib/python3.12/site-packages/airflow/example_dags/tutorial_taskflow_api.py for tasks to queue
[2025-04-13T13:21:03.644-0400] {logging_mixin.py:188} INFO - [2025-04-13T13:21:03.644-0400] {dagbag.py:540} INFO - Filling up the DagBag from /opt/anaconda3/lib/python3.12/site-packages/airflow/example_dags/tutorial_taskflow_api.py
[2025-04-13T13:21:03.658-0400] {processor.py:840} INFO - DAG(s) 'tutorial_taskflow_api' retrieved from /opt/anaconda3/lib/python3.12/site-packages/airflow/example_dags/tutorial_taskflow_api.py
[2025-04-13T13:21:03.719-0400] {logging_mixin.py:188} INFO - [2025-04-13T13:21:03.718-0400] {dag.py:3096} INFO - Sync 1 DAGs
[2025-04-13T13:21:03.721-0400] {logging_mixin.py:188} INFO - [2025-04-13T13:21:03.721-0400] {dag.py:3954} INFO - Setting next_dagrun for tutorial_taskflow_api to None, run_after=None
[2025-04-13T13:21:03.727-0400] {processor.py:183} INFO - Processing /opt/anaconda3/lib/python3.12/site-packages/airflow/example_dags/tutorial_taskflow_api.py took 0.085 seconds
[2025-04-13T13:23:17.964-0400] {processor.py:161} INFO - Started process (PID=40550) to work on /opt/anaconda3/lib/python3.12/site-packages/airflow/example_dags/tutorial_taskflow_api.py
[2025-04-13T13:23:17.965-0400] {processor.py:830} INFO - Processing file /opt/anaconda3/lib/python3.12/site-packages/airflow/example_dags/tutorial_taskflow_api.py for tasks to queue
[2025-04-13T13:23:17.965-0400] {logging_mixin.py:188} INFO - [2025-04-13T13:23:17.965-0400] {dagbag.py:540} INFO - Filling up the DagBag from /opt/anaconda3/lib/python3.12/site-packages/airflow/example_dags/tutorial_taskflow_api.py
[2025-04-13T13:23:17.979-0400] {processor.py:840} INFO - DAG(s) 'tutorial_taskflow_api' retrieved from /opt/anaconda3/lib/python3.12/site-packages/airflow/example_dags/tutorial_taskflow_api.py
[2025-04-13T13:23:18.013-0400] {logging_mixin.py:188} INFO - [2025-04-13T13:23:18.013-0400] {dag.py:3096} INFO - Sync 1 DAGs
[2025-04-13T13:23:18.016-0400] {logging_mixin.py:188} INFO - [2025-04-13T13:23:18.016-0400] {dag.py:3954} INFO - Setting next_dagrun for tutorial_taskflow_api to None, run_after=None
[2025-04-13T13:23:18.022-0400] {processor.py:183} INFO - Processing /opt/anaconda3/lib/python3.12/site-packages/airflow/example_dags/tutorial_taskflow_api.py took 0.059 seconds
[2025-04-13T13:24:58.731-0400] {processor.py:161} INFO - Started process (PID=41226) to work on /opt/anaconda3/lib/python3.12/site-packages/airflow/example_dags/tutorial_taskflow_api.py
[2025-04-13T13:24:58.732-0400] {processor.py:830} INFO - Processing file /opt/anaconda3/lib/python3.12/site-packages/airflow/example_dags/tutorial_taskflow_api.py for tasks to queue
[2025-04-13T13:24:58.732-0400] {logging_mixin.py:188} INFO - [2025-04-13T13:24:58.732-0400] {dagbag.py:540} INFO - Filling up the DagBag from /opt/anaconda3/lib/python3.12/site-packages/airflow/example_dags/tutorial_taskflow_api.py
[2025-04-13T13:24:58.746-0400] {processor.py:840} INFO - DAG(s) 'tutorial_taskflow_api' retrieved from /opt/anaconda3/lib/python3.12/site-packages/airflow/example_dags/tutorial_taskflow_api.py
[2025-04-13T13:24:58.782-0400] {logging_mixin.py:188} INFO - [2025-04-13T13:24:58.782-0400] {dag.py:3096} INFO - Sync 1 DAGs
[2025-04-13T13:24:58.785-0400] {logging_mixin.py:188} INFO - [2025-04-13T13:24:58.785-0400] {dag.py:3954} INFO - Setting next_dagrun for tutorial_taskflow_api to None, run_after=None
[2025-04-13T13:24:58.791-0400] {processor.py:183} INFO - Processing /opt/anaconda3/lib/python3.12/site-packages/airflow/example_dags/tutorial_taskflow_api.py took 0.061 seconds
[2025-04-13T13:26:04.625-0400] {processor.py:161} INFO - Started process (PID=41661) to work on /opt/anaconda3/lib/python3.12/site-packages/airflow/example_dags/tutorial_taskflow_api.py
[2025-04-13T13:26:04.626-0400] {processor.py:830} INFO - Processing file /opt/anaconda3/lib/python3.12/site-packages/airflow/example_dags/tutorial_taskflow_api.py for tasks to queue
[2025-04-13T13:26:04.626-0400] {logging_mixin.py:188} INFO - [2025-04-13T13:26:04.626-0400] {dagbag.py:540} INFO - Filling up the DagBag from /opt/anaconda3/lib/python3.12/site-packages/airflow/example_dags/tutorial_taskflow_api.py
[2025-04-13T13:26:04.640-0400] {processor.py:840} INFO - DAG(s) 'tutorial_taskflow_api' retrieved from /opt/anaconda3/lib/python3.12/site-packages/airflow/example_dags/tutorial_taskflow_api.py
[2025-04-13T13:26:04.675-0400] {logging_mixin.py:188} INFO - [2025-04-13T13:26:04.675-0400] {dag.py:3096} INFO - Sync 1 DAGs
[2025-04-13T13:26:04.678-0400] {logging_mixin.py:188} INFO - [2025-04-13T13:26:04.678-0400] {dag.py:3954} INFO - Setting next_dagrun for tutorial_taskflow_api to None, run_after=None
[2025-04-13T13:26:04.684-0400] {processor.py:183} INFO - Processing /opt/anaconda3/lib/python3.12/site-packages/airflow/example_dags/tutorial_taskflow_api.py took 0.060 seconds
[2025-04-13T13:27:05.912-0400] {processor.py:161} INFO - Started process (PID=42071) to work on /opt/anaconda3/lib/python3.12/site-packages/airflow/example_dags/tutorial_taskflow_api.py
[2025-04-13T13:27:05.913-0400] {processor.py:830} INFO - Processing file /opt/anaconda3/lib/python3.12/site-packages/airflow/example_dags/tutorial_taskflow_api.py for tasks to queue
[2025-04-13T13:27:05.913-0400] {logging_mixin.py:188} INFO - [2025-04-13T13:27:05.913-0400] {dagbag.py:540} INFO - Filling up the DagBag from /opt/anaconda3/lib/python3.12/site-packages/airflow/example_dags/tutorial_taskflow_api.py
[2025-04-13T13:27:05.928-0400] {processor.py:840} INFO - DAG(s) 'tutorial_taskflow_api' retrieved from /opt/anaconda3/lib/python3.12/site-packages/airflow/example_dags/tutorial_taskflow_api.py
[2025-04-13T13:27:05.964-0400] {logging_mixin.py:188} INFO - [2025-04-13T13:27:05.964-0400] {dag.py:3096} INFO - Sync 1 DAGs
[2025-04-13T13:27:05.967-0400] {logging_mixin.py:188} INFO - [2025-04-13T13:27:05.967-0400] {dag.py:3954} INFO - Setting next_dagrun for tutorial_taskflow_api to None, run_after=None
[2025-04-13T13:27:05.974-0400] {processor.py:183} INFO - Processing /opt/anaconda3/lib/python3.12/site-packages/airflow/example_dags/tutorial_taskflow_api.py took 0.062 seconds
[2025-04-13T13:28:10.075-0400] {processor.py:161} INFO - Started process (PID=42502) to work on /opt/anaconda3/lib/python3.12/site-packages/airflow/example_dags/tutorial_taskflow_api.py
[2025-04-13T13:28:10.076-0400] {processor.py:830} INFO - Processing file /opt/anaconda3/lib/python3.12/site-packages/airflow/example_dags/tutorial_taskflow_api.py for tasks to queue
[2025-04-13T13:28:10.076-0400] {logging_mixin.py:188} INFO - [2025-04-13T13:28:10.076-0400] {dagbag.py:540} INFO - Filling up the DagBag from /opt/anaconda3/lib/python3.12/site-packages/airflow/example_dags/tutorial_taskflow_api.py
[2025-04-13T13:28:10.090-0400] {processor.py:840} INFO - DAG(s) 'tutorial_taskflow_api' retrieved from /opt/anaconda3/lib/python3.12/site-packages/airflow/example_dags/tutorial_taskflow_api.py
[2025-04-13T13:28:10.125-0400] {logging_mixin.py:188} INFO - [2025-04-13T13:28:10.125-0400] {dag.py:3096} INFO - Sync 1 DAGs
[2025-04-13T13:28:10.128-0400] {logging_mixin.py:188} INFO - [2025-04-13T13:28:10.128-0400] {dag.py:3954} INFO - Setting next_dagrun for tutorial_taskflow_api to None, run_after=None
[2025-04-13T13:28:10.134-0400] {processor.py:183} INFO - Processing /opt/anaconda3/lib/python3.12/site-packages/airflow/example_dags/tutorial_taskflow_api.py took 0.060 seconds
[2025-04-13T13:29:17.255-0400] {processor.py:161} INFO - Started process (PID=42937) to work on /opt/anaconda3/lib/python3.12/site-packages/airflow/example_dags/tutorial_taskflow_api.py
[2025-04-13T13:29:17.256-0400] {processor.py:830} INFO - Processing file /opt/anaconda3/lib/python3.12/site-packages/airflow/example_dags/tutorial_taskflow_api.py for tasks to queue
[2025-04-13T13:29:17.256-0400] {logging_mixin.py:188} INFO - [2025-04-13T13:29:17.256-0400] {dagbag.py:540} INFO - Filling up the DagBag from /opt/anaconda3/lib/python3.12/site-packages/airflow/example_dags/tutorial_taskflow_api.py
[2025-04-13T13:29:17.270-0400] {processor.py:840} INFO - DAG(s) 'tutorial_taskflow_api' retrieved from /opt/anaconda3/lib/python3.12/site-packages/airflow/example_dags/tutorial_taskflow_api.py
[2025-04-13T13:29:17.305-0400] {logging_mixin.py:188} INFO - [2025-04-13T13:29:17.305-0400] {dag.py:3096} INFO - Sync 1 DAGs
[2025-04-13T13:29:17.308-0400] {logging_mixin.py:188} INFO - [2025-04-13T13:29:17.308-0400] {dag.py:3954} INFO - Setting next_dagrun for tutorial_taskflow_api to None, run_after=None
[2025-04-13T13:29:17.313-0400] {processor.py:183} INFO - Processing /opt/anaconda3/lib/python3.12/site-packages/airflow/example_dags/tutorial_taskflow_api.py took 0.059 seconds
[2025-04-13T13:31:33.775-0400] {processor.py:161} INFO - Started process (PID=43832) to work on /opt/anaconda3/lib/python3.12/site-packages/airflow/example_dags/tutorial_taskflow_api.py
[2025-04-13T13:31:33.776-0400] {processor.py:830} INFO - Processing file /opt/anaconda3/lib/python3.12/site-packages/airflow/example_dags/tutorial_taskflow_api.py for tasks to queue
[2025-04-13T13:31:33.776-0400] {logging_mixin.py:188} INFO - [2025-04-13T13:31:33.776-0400] {dagbag.py:540} INFO - Filling up the DagBag from /opt/anaconda3/lib/python3.12/site-packages/airflow/example_dags/tutorial_taskflow_api.py
[2025-04-13T13:31:33.791-0400] {processor.py:840} INFO - DAG(s) 'tutorial_taskflow_api' retrieved from /opt/anaconda3/lib/python3.12/site-packages/airflow/example_dags/tutorial_taskflow_api.py
[2025-04-13T13:31:33.827-0400] {logging_mixin.py:188} INFO - [2025-04-13T13:31:33.827-0400] {dag.py:3096} INFO - Sync 1 DAGs
[2025-04-13T13:31:33.830-0400] {logging_mixin.py:188} INFO - [2025-04-13T13:31:33.830-0400] {dag.py:3954} INFO - Setting next_dagrun for tutorial_taskflow_api to None, run_after=None
[2025-04-13T13:31:33.836-0400] {processor.py:183} INFO - Processing /opt/anaconda3/lib/python3.12/site-packages/airflow/example_dags/tutorial_taskflow_api.py took 0.062 seconds
[2025-04-13T13:33:13.894-0400] {processor.py:161} INFO - Started process (PID=44484) to work on /opt/anaconda3/lib/python3.12/site-packages/airflow/example_dags/tutorial_taskflow_api.py
[2025-04-13T13:33:13.895-0400] {processor.py:830} INFO - Processing file /opt/anaconda3/lib/python3.12/site-packages/airflow/example_dags/tutorial_taskflow_api.py for tasks to queue
[2025-04-13T13:33:13.895-0400] {logging_mixin.py:188} INFO - [2025-04-13T13:33:13.895-0400] {dagbag.py:540} INFO - Filling up the DagBag from /opt/anaconda3/lib/python3.12/site-packages/airflow/example_dags/tutorial_taskflow_api.py
[2025-04-13T13:33:13.910-0400] {processor.py:840} INFO - DAG(s) 'tutorial_taskflow_api' retrieved from /opt/anaconda3/lib/python3.12/site-packages/airflow/example_dags/tutorial_taskflow_api.py
[2025-04-13T13:33:13.945-0400] {logging_mixin.py:188} INFO - [2025-04-13T13:33:13.944-0400] {dag.py:3096} INFO - Sync 1 DAGs
[2025-04-13T13:33:13.948-0400] {logging_mixin.py:188} INFO - [2025-04-13T13:33:13.947-0400] {dag.py:3954} INFO - Setting next_dagrun for tutorial_taskflow_api to None, run_after=None
[2025-04-13T13:33:13.953-0400] {processor.py:183} INFO - Processing /opt/anaconda3/lib/python3.12/site-packages/airflow/example_dags/tutorial_taskflow_api.py took 0.060 seconds
[2025-04-13T13:35:56.751-0400] {processor.py:161} INFO - Started process (PID=45011) to work on /opt/anaconda3/lib/python3.12/site-packages/airflow/example_dags/tutorial_taskflow_api.py
[2025-04-13T13:35:56.752-0400] {processor.py:830} INFO - Processing file /opt/anaconda3/lib/python3.12/site-packages/airflow/example_dags/tutorial_taskflow_api.py for tasks to queue
[2025-04-13T13:35:56.753-0400] {logging_mixin.py:188} INFO - [2025-04-13T13:35:56.753-0400] {dagbag.py:540} INFO - Filling up the DagBag from /opt/anaconda3/lib/python3.12/site-packages/airflow/example_dags/tutorial_taskflow_api.py
[2025-04-13T13:35:56.767-0400] {processor.py:840} INFO - DAG(s) 'tutorial_taskflow_api' retrieved from /opt/anaconda3/lib/python3.12/site-packages/airflow/example_dags/tutorial_taskflow_api.py
[2025-04-13T13:35:56.801-0400] {logging_mixin.py:188} INFO - [2025-04-13T13:35:56.801-0400] {dag.py:3096} INFO - Sync 1 DAGs
[2025-04-13T13:35:56.804-0400] {logging_mixin.py:188} INFO - [2025-04-13T13:35:56.804-0400] {dag.py:3954} INFO - Setting next_dagrun for tutorial_taskflow_api to None, run_after=None
[2025-04-13T13:35:56.810-0400] {processor.py:183} INFO - Processing /opt/anaconda3/lib/python3.12/site-packages/airflow/example_dags/tutorial_taskflow_api.py took 0.059 seconds
[2025-04-13T13:37:21.988-0400] {processor.py:161} INFO - Started process (PID=45593) to work on /opt/anaconda3/lib/python3.12/site-packages/airflow/example_dags/tutorial_taskflow_api.py
[2025-04-13T13:37:21.989-0400] {processor.py:830} INFO - Processing file /opt/anaconda3/lib/python3.12/site-packages/airflow/example_dags/tutorial_taskflow_api.py for tasks to queue
[2025-04-13T13:37:21.989-0400] {logging_mixin.py:188} INFO - [2025-04-13T13:37:21.989-0400] {dagbag.py:540} INFO - Filling up the DagBag from /opt/anaconda3/lib/python3.12/site-packages/airflow/example_dags/tutorial_taskflow_api.py
[2025-04-13T13:37:22.004-0400] {processor.py:840} INFO - DAG(s) 'tutorial_taskflow_api' retrieved from /opt/anaconda3/lib/python3.12/site-packages/airflow/example_dags/tutorial_taskflow_api.py
[2025-04-13T13:37:22.038-0400] {logging_mixin.py:188} INFO - [2025-04-13T13:37:22.038-0400] {dag.py:3096} INFO - Sync 1 DAGs
[2025-04-13T13:37:22.041-0400] {logging_mixin.py:188} INFO - [2025-04-13T13:37:22.041-0400] {dag.py:3954} INFO - Setting next_dagrun for tutorial_taskflow_api to None, run_after=None
[2025-04-13T13:37:22.047-0400] {processor.py:183} INFO - Processing /opt/anaconda3/lib/python3.12/site-packages/airflow/example_dags/tutorial_taskflow_api.py took 0.060 seconds
[2025-04-13T13:38:30.152-0400] {processor.py:161} INFO - Started process (PID=46042) to work on /opt/anaconda3/lib/python3.12/site-packages/airflow/example_dags/tutorial_taskflow_api.py
[2025-04-13T13:38:30.153-0400] {processor.py:830} INFO - Processing file /opt/anaconda3/lib/python3.12/site-packages/airflow/example_dags/tutorial_taskflow_api.py for tasks to queue
[2025-04-13T13:38:30.153-0400] {logging_mixin.py:188} INFO - [2025-04-13T13:38:30.153-0400] {dagbag.py:540} INFO - Filling up the DagBag from /opt/anaconda3/lib/python3.12/site-packages/airflow/example_dags/tutorial_taskflow_api.py
[2025-04-13T13:38:30.170-0400] {processor.py:840} INFO - DAG(s) 'tutorial_taskflow_api' retrieved from /opt/anaconda3/lib/python3.12/site-packages/airflow/example_dags/tutorial_taskflow_api.py
[2025-04-13T13:38:30.211-0400] {logging_mixin.py:188} INFO - [2025-04-13T13:38:30.211-0400] {dag.py:3096} INFO - Sync 1 DAGs
[2025-04-13T13:38:30.214-0400] {logging_mixin.py:188} INFO - [2025-04-13T13:38:30.214-0400] {dag.py:3954} INFO - Setting next_dagrun for tutorial_taskflow_api to None, run_after=None
[2025-04-13T13:38:30.220-0400] {processor.py:183} INFO - Processing /opt/anaconda3/lib/python3.12/site-packages/airflow/example_dags/tutorial_taskflow_api.py took 0.069 seconds
[2025-04-13T13:39:37.614-0400] {processor.py:161} INFO - Started process (PID=46489) to work on /opt/anaconda3/lib/python3.12/site-packages/airflow/example_dags/tutorial_taskflow_api.py
[2025-04-13T13:39:37.615-0400] {processor.py:830} INFO - Processing file /opt/anaconda3/lib/python3.12/site-packages/airflow/example_dags/tutorial_taskflow_api.py for tasks to queue
[2025-04-13T13:39:37.615-0400] {logging_mixin.py:188} INFO - [2025-04-13T13:39:37.615-0400] {dagbag.py:540} INFO - Filling up the DagBag from /opt/anaconda3/lib/python3.12/site-packages/airflow/example_dags/tutorial_taskflow_api.py
[2025-04-13T13:39:37.630-0400] {processor.py:840} INFO - DAG(s) 'tutorial_taskflow_api' retrieved from /opt/anaconda3/lib/python3.12/site-packages/airflow/example_dags/tutorial_taskflow_api.py
[2025-04-13T13:39:37.665-0400] {logging_mixin.py:188} INFO - [2025-04-13T13:39:37.665-0400] {dag.py:3096} INFO - Sync 1 DAGs
[2025-04-13T13:39:37.668-0400] {logging_mixin.py:188} INFO - [2025-04-13T13:39:37.668-0400] {dag.py:3954} INFO - Setting next_dagrun for tutorial_taskflow_api to None, run_after=None
[2025-04-13T13:39:37.674-0400] {processor.py:183} INFO - Processing /opt/anaconda3/lib/python3.12/site-packages/airflow/example_dags/tutorial_taskflow_api.py took 0.061 seconds
[2025-04-13T13:40:43.304-0400] {processor.py:161} INFO - Started process (PID=46962) to work on /opt/anaconda3/lib/python3.12/site-packages/airflow/example_dags/tutorial_taskflow_api.py
[2025-04-13T13:40:43.305-0400] {processor.py:830} INFO - Processing file /opt/anaconda3/lib/python3.12/site-packages/airflow/example_dags/tutorial_taskflow_api.py for tasks to queue
[2025-04-13T13:40:43.305-0400] {logging_mixin.py:188} INFO - [2025-04-13T13:40:43.305-0400] {dagbag.py:540} INFO - Filling up the DagBag from /opt/anaconda3/lib/python3.12/site-packages/airflow/example_dags/tutorial_taskflow_api.py
[2025-04-13T13:40:43.319-0400] {processor.py:840} INFO - DAG(s) 'tutorial_taskflow_api' retrieved from /opt/anaconda3/lib/python3.12/site-packages/airflow/example_dags/tutorial_taskflow_api.py
[2025-04-13T13:40:43.354-0400] {logging_mixin.py:188} INFO - [2025-04-13T13:40:43.354-0400] {dag.py:3096} INFO - Sync 1 DAGs
[2025-04-13T13:40:43.357-0400] {logging_mixin.py:188} INFO - [2025-04-13T13:40:43.357-0400] {dag.py:3954} INFO - Setting next_dagrun for tutorial_taskflow_api to None, run_after=None
[2025-04-13T13:40:43.363-0400] {processor.py:183} INFO - Processing /opt/anaconda3/lib/python3.12/site-packages/airflow/example_dags/tutorial_taskflow_api.py took 0.060 seconds
[2025-04-13T13:41:48.958-0400] {processor.py:161} INFO - Started process (PID=47396) to work on /opt/anaconda3/lib/python3.12/site-packages/airflow/example_dags/tutorial_taskflow_api.py
[2025-04-13T13:41:48.959-0400] {processor.py:830} INFO - Processing file /opt/anaconda3/lib/python3.12/site-packages/airflow/example_dags/tutorial_taskflow_api.py for tasks to queue
[2025-04-13T13:41:48.959-0400] {logging_mixin.py:188} INFO - [2025-04-13T13:41:48.959-0400] {dagbag.py:540} INFO - Filling up the DagBag from /opt/anaconda3/lib/python3.12/site-packages/airflow/example_dags/tutorial_taskflow_api.py
[2025-04-13T13:41:48.973-0400] {processor.py:840} INFO - DAG(s) 'tutorial_taskflow_api' retrieved from /opt/anaconda3/lib/python3.12/site-packages/airflow/example_dags/tutorial_taskflow_api.py
[2025-04-13T13:41:49.007-0400] {logging_mixin.py:188} INFO - [2025-04-13T13:41:49.007-0400] {dag.py:3096} INFO - Sync 1 DAGs
[2025-04-13T13:41:49.010-0400] {logging_mixin.py:188} INFO - [2025-04-13T13:41:49.010-0400] {dag.py:3954} INFO - Setting next_dagrun for tutorial_taskflow_api to None, run_after=None
[2025-04-13T13:41:49.016-0400] {processor.py:183} INFO - Processing /opt/anaconda3/lib/python3.12/site-packages/airflow/example_dags/tutorial_taskflow_api.py took 0.059 seconds
[2025-04-13T13:42:54.397-0400] {processor.py:161} INFO - Started process (PID=47849) to work on /opt/anaconda3/lib/python3.12/site-packages/airflow/example_dags/tutorial_taskflow_api.py
[2025-04-13T13:42:54.398-0400] {processor.py:830} INFO - Processing file /opt/anaconda3/lib/python3.12/site-packages/airflow/example_dags/tutorial_taskflow_api.py for tasks to queue
[2025-04-13T13:42:54.398-0400] {logging_mixin.py:188} INFO - [2025-04-13T13:42:54.398-0400] {dagbag.py:540} INFO - Filling up the DagBag from /opt/anaconda3/lib/python3.12/site-packages/airflow/example_dags/tutorial_taskflow_api.py
[2025-04-13T13:42:54.413-0400] {processor.py:840} INFO - DAG(s) 'tutorial_taskflow_api' retrieved from /opt/anaconda3/lib/python3.12/site-packages/airflow/example_dags/tutorial_taskflow_api.py
[2025-04-13T13:42:54.449-0400] {logging_mixin.py:188} INFO - [2025-04-13T13:42:54.449-0400] {dag.py:3096} INFO - Sync 1 DAGs
[2025-04-13T13:42:54.452-0400] {logging_mixin.py:188} INFO - [2025-04-13T13:42:54.452-0400] {dag.py:3954} INFO - Setting next_dagrun for tutorial_taskflow_api to None, run_after=None
[2025-04-13T13:42:54.458-0400] {processor.py:183} INFO - Processing /opt/anaconda3/lib/python3.12/site-packages/airflow/example_dags/tutorial_taskflow_api.py took 0.062 seconds
[2025-04-13T13:44:00.480-0400] {processor.py:161} INFO - Started process (PID=48282) to work on /opt/anaconda3/lib/python3.12/site-packages/airflow/example_dags/tutorial_taskflow_api.py
[2025-04-13T13:44:00.480-0400] {processor.py:830} INFO - Processing file /opt/anaconda3/lib/python3.12/site-packages/airflow/example_dags/tutorial_taskflow_api.py for tasks to queue
[2025-04-13T13:44:00.481-0400] {logging_mixin.py:188} INFO - [2025-04-13T13:44:00.481-0400] {dagbag.py:540} INFO - Filling up the DagBag from /opt/anaconda3/lib/python3.12/site-packages/airflow/example_dags/tutorial_taskflow_api.py
[2025-04-13T13:44:00.495-0400] {processor.py:840} INFO - DAG(s) 'tutorial_taskflow_api' retrieved from /opt/anaconda3/lib/python3.12/site-packages/airflow/example_dags/tutorial_taskflow_api.py
[2025-04-13T13:44:00.531-0400] {logging_mixin.py:188} INFO - [2025-04-13T13:44:00.531-0400] {dag.py:3096} INFO - Sync 1 DAGs
[2025-04-13T13:44:00.534-0400] {logging_mixin.py:188} INFO - [2025-04-13T13:44:00.534-0400] {dag.py:3954} INFO - Setting next_dagrun for tutorial_taskflow_api to None, run_after=None
[2025-04-13T13:44:00.540-0400] {processor.py:183} INFO - Processing /opt/anaconda3/lib/python3.12/site-packages/airflow/example_dags/tutorial_taskflow_api.py took 0.061 seconds
[2025-04-13T13:45:06.397-0400] {processor.py:161} INFO - Started process (PID=48733) to work on /opt/anaconda3/lib/python3.12/site-packages/airflow/example_dags/tutorial_taskflow_api.py
[2025-04-13T13:45:06.398-0400] {processor.py:830} INFO - Processing file /opt/anaconda3/lib/python3.12/site-packages/airflow/example_dags/tutorial_taskflow_api.py for tasks to queue
[2025-04-13T13:45:06.398-0400] {logging_mixin.py:188} INFO - [2025-04-13T13:45:06.398-0400] {dagbag.py:540} INFO - Filling up the DagBag from /opt/anaconda3/lib/python3.12/site-packages/airflow/example_dags/tutorial_taskflow_api.py
[2025-04-13T13:45:06.412-0400] {processor.py:840} INFO - DAG(s) 'tutorial_taskflow_api' retrieved from /opt/anaconda3/lib/python3.12/site-packages/airflow/example_dags/tutorial_taskflow_api.py
[2025-04-13T13:45:06.446-0400] {logging_mixin.py:188} INFO - [2025-04-13T13:45:06.446-0400] {dag.py:3096} INFO - Sync 1 DAGs
[2025-04-13T13:45:06.449-0400] {logging_mixin.py:188} INFO - [2025-04-13T13:45:06.449-0400] {dag.py:3954} INFO - Setting next_dagrun for tutorial_taskflow_api to None, run_after=None
[2025-04-13T13:45:06.455-0400] {processor.py:183} INFO - Processing /opt/anaconda3/lib/python3.12/site-packages/airflow/example_dags/tutorial_taskflow_api.py took 0.059 seconds
[2025-04-13T13:46:16.159-0400] {processor.py:161} INFO - Started process (PID=49199) to work on /opt/anaconda3/lib/python3.12/site-packages/airflow/example_dags/tutorial_taskflow_api.py
[2025-04-13T13:46:16.159-0400] {processor.py:830} INFO - Processing file /opt/anaconda3/lib/python3.12/site-packages/airflow/example_dags/tutorial_taskflow_api.py for tasks to queue
[2025-04-13T13:46:16.160-0400] {logging_mixin.py:188} INFO - [2025-04-13T13:46:16.160-0400] {dagbag.py:540} INFO - Filling up the DagBag from /opt/anaconda3/lib/python3.12/site-packages/airflow/example_dags/tutorial_taskflow_api.py
[2025-04-13T13:46:16.174-0400] {processor.py:840} INFO - DAG(s) 'tutorial_taskflow_api' retrieved from /opt/anaconda3/lib/python3.12/site-packages/airflow/example_dags/tutorial_taskflow_api.py
[2025-04-13T13:46:16.208-0400] {logging_mixin.py:188} INFO - [2025-04-13T13:46:16.208-0400] {dag.py:3096} INFO - Sync 1 DAGs
[2025-04-13T13:46:16.211-0400] {logging_mixin.py:188} INFO - [2025-04-13T13:46:16.211-0400] {dag.py:3954} INFO - Setting next_dagrun for tutorial_taskflow_api to None, run_after=None
[2025-04-13T13:46:16.217-0400] {processor.py:183} INFO - Processing /opt/anaconda3/lib/python3.12/site-packages/airflow/example_dags/tutorial_taskflow_api.py took 0.059 seconds
[2025-04-13T13:47:29.450-0400] {processor.py:161} INFO - Started process (PID=49686) to work on /opt/anaconda3/lib/python3.12/site-packages/airflow/example_dags/tutorial_taskflow_api.py
[2025-04-13T13:47:29.451-0400] {processor.py:830} INFO - Processing file /opt/anaconda3/lib/python3.12/site-packages/airflow/example_dags/tutorial_taskflow_api.py for tasks to queue
[2025-04-13T13:47:29.451-0400] {logging_mixin.py:188} INFO - [2025-04-13T13:47:29.451-0400] {dagbag.py:540} INFO - Filling up the DagBag from /opt/anaconda3/lib/python3.12/site-packages/airflow/example_dags/tutorial_taskflow_api.py
[2025-04-13T13:47:29.465-0400] {processor.py:840} INFO - DAG(s) 'tutorial_taskflow_api' retrieved from /opt/anaconda3/lib/python3.12/site-packages/airflow/example_dags/tutorial_taskflow_api.py
[2025-04-13T13:47:29.499-0400] {logging_mixin.py:188} INFO - [2025-04-13T13:47:29.499-0400] {dag.py:3096} INFO - Sync 1 DAGs
[2025-04-13T13:47:29.502-0400] {logging_mixin.py:188} INFO - [2025-04-13T13:47:29.502-0400] {dag.py:3954} INFO - Setting next_dagrun for tutorial_taskflow_api to None, run_after=None
[2025-04-13T13:47:29.508-0400] {processor.py:183} INFO - Processing /opt/anaconda3/lib/python3.12/site-packages/airflow/example_dags/tutorial_taskflow_api.py took 0.059 seconds
[2025-04-13T13:48:40.025-0400] {processor.py:161} INFO - Started process (PID=50150) to work on /opt/anaconda3/lib/python3.12/site-packages/airflow/example_dags/tutorial_taskflow_api.py
[2025-04-13T13:48:40.026-0400] {processor.py:830} INFO - Processing file /opt/anaconda3/lib/python3.12/site-packages/airflow/example_dags/tutorial_taskflow_api.py for tasks to queue
[2025-04-13T13:48:40.026-0400] {logging_mixin.py:188} INFO - [2025-04-13T13:48:40.026-0400] {dagbag.py:540} INFO - Filling up the DagBag from /opt/anaconda3/lib/python3.12/site-packages/airflow/example_dags/tutorial_taskflow_api.py
[2025-04-13T13:48:40.041-0400] {processor.py:840} INFO - DAG(s) 'tutorial_taskflow_api' retrieved from /opt/anaconda3/lib/python3.12/site-packages/airflow/example_dags/tutorial_taskflow_api.py
[2025-04-13T13:48:40.077-0400] {logging_mixin.py:188} INFO - [2025-04-13T13:48:40.077-0400] {dag.py:3096} INFO - Sync 1 DAGs
[2025-04-13T13:48:40.080-0400] {logging_mixin.py:188} INFO - [2025-04-13T13:48:40.080-0400] {dag.py:3954} INFO - Setting next_dagrun for tutorial_taskflow_api to None, run_after=None
[2025-04-13T13:48:40.086-0400] {processor.py:183} INFO - Processing /opt/anaconda3/lib/python3.12/site-packages/airflow/example_dags/tutorial_taskflow_api.py took 0.062 seconds
[2025-04-13T13:49:49.497-0400] {processor.py:161} INFO - Started process (PID=50602) to work on /opt/anaconda3/lib/python3.12/site-packages/airflow/example_dags/tutorial_taskflow_api.py
[2025-04-13T13:49:49.498-0400] {processor.py:830} INFO - Processing file /opt/anaconda3/lib/python3.12/site-packages/airflow/example_dags/tutorial_taskflow_api.py for tasks to queue
[2025-04-13T13:49:49.498-0400] {logging_mixin.py:188} INFO - [2025-04-13T13:49:49.498-0400] {dagbag.py:540} INFO - Filling up the DagBag from /opt/anaconda3/lib/python3.12/site-packages/airflow/example_dags/tutorial_taskflow_api.py
[2025-04-13T13:49:49.513-0400] {processor.py:840} INFO - DAG(s) 'tutorial_taskflow_api' retrieved from /opt/anaconda3/lib/python3.12/site-packages/airflow/example_dags/tutorial_taskflow_api.py
[2025-04-13T13:49:49.548-0400] {logging_mixin.py:188} INFO - [2025-04-13T13:49:49.548-0400] {dag.py:3096} INFO - Sync 1 DAGs
[2025-04-13T13:49:49.551-0400] {logging_mixin.py:188} INFO - [2025-04-13T13:49:49.551-0400] {dag.py:3954} INFO - Setting next_dagrun for tutorial_taskflow_api to None, run_after=None
[2025-04-13T13:49:49.557-0400] {processor.py:183} INFO - Processing /opt/anaconda3/lib/python3.12/site-packages/airflow/example_dags/tutorial_taskflow_api.py took 0.061 seconds
[2025-04-13T13:50:59.903-0400] {processor.py:161} INFO - Started process (PID=51097) to work on /opt/anaconda3/lib/python3.12/site-packages/airflow/example_dags/tutorial_taskflow_api.py
[2025-04-13T13:50:59.904-0400] {processor.py:830} INFO - Processing file /opt/anaconda3/lib/python3.12/site-packages/airflow/example_dags/tutorial_taskflow_api.py for tasks to queue
[2025-04-13T13:50:59.904-0400] {logging_mixin.py:188} INFO - [2025-04-13T13:50:59.904-0400] {dagbag.py:540} INFO - Filling up the DagBag from /opt/anaconda3/lib/python3.12/site-packages/airflow/example_dags/tutorial_taskflow_api.py
[2025-04-13T13:50:59.924-0400] {processor.py:840} INFO - DAG(s) 'tutorial_taskflow_api' retrieved from /opt/anaconda3/lib/python3.12/site-packages/airflow/example_dags/tutorial_taskflow_api.py
[2025-04-13T13:50:59.961-0400] {logging_mixin.py:188} INFO - [2025-04-13T13:50:59.961-0400] {dag.py:3096} INFO - Sync 1 DAGs
[2025-04-13T13:50:59.964-0400] {logging_mixin.py:188} INFO - [2025-04-13T13:50:59.964-0400] {dag.py:3954} INFO - Setting next_dagrun for tutorial_taskflow_api to None, run_after=None
[2025-04-13T13:50:59.970-0400] {processor.py:183} INFO - Processing /opt/anaconda3/lib/python3.12/site-packages/airflow/example_dags/tutorial_taskflow_api.py took 0.068 seconds
[2025-04-13T13:52:07.457-0400] {processor.py:161} INFO - Started process (PID=51541) to work on /opt/anaconda3/lib/python3.12/site-packages/airflow/example_dags/tutorial_taskflow_api.py
[2025-04-13T13:52:07.458-0400] {processor.py:830} INFO - Processing file /opt/anaconda3/lib/python3.12/site-packages/airflow/example_dags/tutorial_taskflow_api.py for tasks to queue
[2025-04-13T13:52:07.458-0400] {logging_mixin.py:188} INFO - [2025-04-13T13:52:07.458-0400] {dagbag.py:540} INFO - Filling up the DagBag from /opt/anaconda3/lib/python3.12/site-packages/airflow/example_dags/tutorial_taskflow_api.py
[2025-04-13T13:52:07.472-0400] {processor.py:840} INFO - DAG(s) 'tutorial_taskflow_api' retrieved from /opt/anaconda3/lib/python3.12/site-packages/airflow/example_dags/tutorial_taskflow_api.py
[2025-04-13T13:52:07.507-0400] {logging_mixin.py:188} INFO - [2025-04-13T13:52:07.507-0400] {dag.py:3096} INFO - Sync 1 DAGs
[2025-04-13T13:52:07.510-0400] {logging_mixin.py:188} INFO - [2025-04-13T13:52:07.510-0400] {dag.py:3954} INFO - Setting next_dagrun for tutorial_taskflow_api to None, run_after=None
[2025-04-13T13:52:07.516-0400] {processor.py:183} INFO - Processing /opt/anaconda3/lib/python3.12/site-packages/airflow/example_dags/tutorial_taskflow_api.py took 0.060 seconds
[2025-04-13T13:53:18.430-0400] {processor.py:161} INFO - Started process (PID=52024) to work on /opt/anaconda3/lib/python3.12/site-packages/airflow/example_dags/tutorial_taskflow_api.py
[2025-04-13T13:53:18.431-0400] {processor.py:830} INFO - Processing file /opt/anaconda3/lib/python3.12/site-packages/airflow/example_dags/tutorial_taskflow_api.py for tasks to queue
[2025-04-13T13:53:18.431-0400] {logging_mixin.py:188} INFO - [2025-04-13T13:53:18.431-0400] {dagbag.py:540} INFO - Filling up the DagBag from /opt/anaconda3/lib/python3.12/site-packages/airflow/example_dags/tutorial_taskflow_api.py
[2025-04-13T13:53:18.446-0400] {processor.py:840} INFO - DAG(s) 'tutorial_taskflow_api' retrieved from /opt/anaconda3/lib/python3.12/site-packages/airflow/example_dags/tutorial_taskflow_api.py
[2025-04-13T13:53:18.481-0400] {logging_mixin.py:188} INFO - [2025-04-13T13:53:18.481-0400] {dag.py:3096} INFO - Sync 1 DAGs
[2025-04-13T13:53:18.484-0400] {logging_mixin.py:188} INFO - [2025-04-13T13:53:18.484-0400] {dag.py:3954} INFO - Setting next_dagrun for tutorial_taskflow_api to None, run_after=None
[2025-04-13T13:53:18.490-0400] {processor.py:183} INFO - Processing /opt/anaconda3/lib/python3.12/site-packages/airflow/example_dags/tutorial_taskflow_api.py took 0.061 seconds
[2025-04-13T13:54:27.889-0400] {processor.py:161} INFO - Started process (PID=52474) to work on /opt/anaconda3/lib/python3.12/site-packages/airflow/example_dags/tutorial_taskflow_api.py
[2025-04-13T13:54:27.890-0400] {processor.py:830} INFO - Processing file /opt/anaconda3/lib/python3.12/site-packages/airflow/example_dags/tutorial_taskflow_api.py for tasks to queue
[2025-04-13T13:54:27.890-0400] {logging_mixin.py:188} INFO - [2025-04-13T13:54:27.890-0400] {dagbag.py:540} INFO - Filling up the DagBag from /opt/anaconda3/lib/python3.12/site-packages/airflow/example_dags/tutorial_taskflow_api.py
[2025-04-13T13:54:27.904-0400] {processor.py:840} INFO - DAG(s) 'tutorial_taskflow_api' retrieved from /opt/anaconda3/lib/python3.12/site-packages/airflow/example_dags/tutorial_taskflow_api.py
[2025-04-13T13:54:27.938-0400] {logging_mixin.py:188} INFO - [2025-04-13T13:54:27.938-0400] {dag.py:3096} INFO - Sync 1 DAGs
[2025-04-13T13:54:27.941-0400] {logging_mixin.py:188} INFO - [2025-04-13T13:54:27.941-0400] {dag.py:3954} INFO - Setting next_dagrun for tutorial_taskflow_api to None, run_after=None
[2025-04-13T13:54:27.947-0400] {processor.py:183} INFO - Processing /opt/anaconda3/lib/python3.12/site-packages/airflow/example_dags/tutorial_taskflow_api.py took 0.059 seconds
[2025-04-13T13:55:34.851-0400] {processor.py:161} INFO - Started process (PID=52919) to work on /opt/anaconda3/lib/python3.12/site-packages/airflow/example_dags/tutorial_taskflow_api.py
[2025-04-13T13:55:34.852-0400] {processor.py:830} INFO - Processing file /opt/anaconda3/lib/python3.12/site-packages/airflow/example_dags/tutorial_taskflow_api.py for tasks to queue
[2025-04-13T13:55:34.852-0400] {logging_mixin.py:188} INFO - [2025-04-13T13:55:34.852-0400] {dagbag.py:540} INFO - Filling up the DagBag from /opt/anaconda3/lib/python3.12/site-packages/airflow/example_dags/tutorial_taskflow_api.py
[2025-04-13T13:55:34.867-0400] {processor.py:840} INFO - DAG(s) 'tutorial_taskflow_api' retrieved from /opt/anaconda3/lib/python3.12/site-packages/airflow/example_dags/tutorial_taskflow_api.py
[2025-04-13T13:55:34.904-0400] {logging_mixin.py:188} INFO - [2025-04-13T13:55:34.904-0400] {dag.py:3096} INFO - Sync 1 DAGs
[2025-04-13T13:55:34.907-0400] {logging_mixin.py:188} INFO - [2025-04-13T13:55:34.907-0400] {dag.py:3954} INFO - Setting next_dagrun for tutorial_taskflow_api to None, run_after=None
[2025-04-13T13:55:34.914-0400] {processor.py:183} INFO - Processing /opt/anaconda3/lib/python3.12/site-packages/airflow/example_dags/tutorial_taskflow_api.py took 0.063 seconds
[2025-04-13T13:56:43.557-0400] {processor.py:161} INFO - Started process (PID=53403) to work on /opt/anaconda3/lib/python3.12/site-packages/airflow/example_dags/tutorial_taskflow_api.py
[2025-04-13T13:56:43.558-0400] {processor.py:830} INFO - Processing file /opt/anaconda3/lib/python3.12/site-packages/airflow/example_dags/tutorial_taskflow_api.py for tasks to queue
[2025-04-13T13:56:43.558-0400] {logging_mixin.py:188} INFO - [2025-04-13T13:56:43.558-0400] {dagbag.py:540} INFO - Filling up the DagBag from /opt/anaconda3/lib/python3.12/site-packages/airflow/example_dags/tutorial_taskflow_api.py
[2025-04-13T13:56:43.573-0400] {processor.py:840} INFO - DAG(s) 'tutorial_taskflow_api' retrieved from /opt/anaconda3/lib/python3.12/site-packages/airflow/example_dags/tutorial_taskflow_api.py
[2025-04-13T13:56:43.608-0400] {logging_mixin.py:188} INFO - [2025-04-13T13:56:43.608-0400] {dag.py:3096} INFO - Sync 1 DAGs
[2025-04-13T13:56:43.611-0400] {logging_mixin.py:188} INFO - [2025-04-13T13:56:43.611-0400] {dag.py:3954} INFO - Setting next_dagrun for tutorial_taskflow_api to None, run_after=None
[2025-04-13T13:56:43.617-0400] {processor.py:183} INFO - Processing /opt/anaconda3/lib/python3.12/site-packages/airflow/example_dags/tutorial_taskflow_api.py took 0.061 seconds
[2025-04-13T13:57:52.845-0400] {processor.py:161} INFO - Started process (PID=53876) to work on /opt/anaconda3/lib/python3.12/site-packages/airflow/example_dags/tutorial_taskflow_api.py
[2025-04-13T13:57:52.846-0400] {processor.py:830} INFO - Processing file /opt/anaconda3/lib/python3.12/site-packages/airflow/example_dags/tutorial_taskflow_api.py for tasks to queue
[2025-04-13T13:57:52.847-0400] {logging_mixin.py:188} INFO - [2025-04-13T13:57:52.847-0400] {dagbag.py:540} INFO - Filling up the DagBag from /opt/anaconda3/lib/python3.12/site-packages/airflow/example_dags/tutorial_taskflow_api.py
[2025-04-13T13:57:52.861-0400] {processor.py:840} INFO - DAG(s) 'tutorial_taskflow_api' retrieved from /opt/anaconda3/lib/python3.12/site-packages/airflow/example_dags/tutorial_taskflow_api.py
[2025-04-13T13:57:52.896-0400] {logging_mixin.py:188} INFO - [2025-04-13T13:57:52.895-0400] {dag.py:3096} INFO - Sync 1 DAGs
[2025-04-13T13:57:52.898-0400] {logging_mixin.py:188} INFO - [2025-04-13T13:57:52.898-0400] {dag.py:3954} INFO - Setting next_dagrun for tutorial_taskflow_api to None, run_after=None
[2025-04-13T13:57:52.904-0400] {processor.py:183} INFO - Processing /opt/anaconda3/lib/python3.12/site-packages/airflow/example_dags/tutorial_taskflow_api.py took 0.060 seconds
[2025-04-13T13:58:58.121-0400] {processor.py:161} INFO - Started process (PID=54305) to work on /opt/anaconda3/lib/python3.12/site-packages/airflow/example_dags/tutorial_taskflow_api.py
[2025-04-13T13:58:58.122-0400] {processor.py:830} INFO - Processing file /opt/anaconda3/lib/python3.12/site-packages/airflow/example_dags/tutorial_taskflow_api.py for tasks to queue
[2025-04-13T13:58:58.122-0400] {logging_mixin.py:188} INFO - [2025-04-13T13:58:58.122-0400] {dagbag.py:540} INFO - Filling up the DagBag from /opt/anaconda3/lib/python3.12/site-packages/airflow/example_dags/tutorial_taskflow_api.py
[2025-04-13T13:58:58.136-0400] {processor.py:840} INFO - DAG(s) 'tutorial_taskflow_api' retrieved from /opt/anaconda3/lib/python3.12/site-packages/airflow/example_dags/tutorial_taskflow_api.py
[2025-04-13T13:58:58.172-0400] {logging_mixin.py:188} INFO - [2025-04-13T13:58:58.172-0400] {dag.py:3096} INFO - Sync 1 DAGs
[2025-04-13T13:58:58.176-0400] {logging_mixin.py:188} INFO - [2025-04-13T13:58:58.176-0400] {dag.py:3954} INFO - Setting next_dagrun for tutorial_taskflow_api to None, run_after=None
[2025-04-13T13:58:58.182-0400] {processor.py:183} INFO - Processing /opt/anaconda3/lib/python3.12/site-packages/airflow/example_dags/tutorial_taskflow_api.py took 0.062 seconds
[2025-04-13T14:00:05.430-0400] {processor.py:161} INFO - Started process (PID=54815) to work on /opt/anaconda3/lib/python3.12/site-packages/airflow/example_dags/tutorial_taskflow_api.py
[2025-04-13T14:00:05.431-0400] {processor.py:830} INFO - Processing file /opt/anaconda3/lib/python3.12/site-packages/airflow/example_dags/tutorial_taskflow_api.py for tasks to queue
[2025-04-13T14:00:05.431-0400] {logging_mixin.py:188} INFO - [2025-04-13T14:00:05.431-0400] {dagbag.py:540} INFO - Filling up the DagBag from /opt/anaconda3/lib/python3.12/site-packages/airflow/example_dags/tutorial_taskflow_api.py
[2025-04-13T14:00:05.445-0400] {processor.py:840} INFO - DAG(s) 'tutorial_taskflow_api' retrieved from /opt/anaconda3/lib/python3.12/site-packages/airflow/example_dags/tutorial_taskflow_api.py
[2025-04-13T14:00:05.480-0400] {logging_mixin.py:188} INFO - [2025-04-13T14:00:05.480-0400] {dag.py:3096} INFO - Sync 1 DAGs
[2025-04-13T14:00:05.483-0400] {logging_mixin.py:188} INFO - [2025-04-13T14:00:05.483-0400] {dag.py:3954} INFO - Setting next_dagrun for tutorial_taskflow_api to None, run_after=None
[2025-04-13T14:00:05.489-0400] {processor.py:183} INFO - Processing /opt/anaconda3/lib/python3.12/site-packages/airflow/example_dags/tutorial_taskflow_api.py took 0.060 seconds
[2025-04-13T14:01:14.109-0400] {processor.py:161} INFO - Started process (PID=55277) to work on /opt/anaconda3/lib/python3.12/site-packages/airflow/example_dags/tutorial_taskflow_api.py
[2025-04-13T14:01:14.109-0400] {processor.py:830} INFO - Processing file /opt/anaconda3/lib/python3.12/site-packages/airflow/example_dags/tutorial_taskflow_api.py for tasks to queue
[2025-04-13T14:01:14.110-0400] {logging_mixin.py:188} INFO - [2025-04-13T14:01:14.110-0400] {dagbag.py:540} INFO - Filling up the DagBag from /opt/anaconda3/lib/python3.12/site-packages/airflow/example_dags/tutorial_taskflow_api.py
[2025-04-13T14:01:14.124-0400] {processor.py:840} INFO - DAG(s) 'tutorial_taskflow_api' retrieved from /opt/anaconda3/lib/python3.12/site-packages/airflow/example_dags/tutorial_taskflow_api.py
[2025-04-13T14:01:14.159-0400] {logging_mixin.py:188} INFO - [2025-04-13T14:01:14.159-0400] {dag.py:3096} INFO - Sync 1 DAGs
[2025-04-13T14:01:14.162-0400] {logging_mixin.py:188} INFO - [2025-04-13T14:01:14.162-0400] {dag.py:3954} INFO - Setting next_dagrun for tutorial_taskflow_api to None, run_after=None
[2025-04-13T14:01:14.167-0400] {processor.py:183} INFO - Processing /opt/anaconda3/lib/python3.12/site-packages/airflow/example_dags/tutorial_taskflow_api.py took 0.059 seconds
[2025-04-13T14:02:23.956-0400] {processor.py:161} INFO - Started process (PID=55769) to work on /opt/anaconda3/lib/python3.12/site-packages/airflow/example_dags/tutorial_taskflow_api.py
[2025-04-13T14:02:23.956-0400] {processor.py:830} INFO - Processing file /opt/anaconda3/lib/python3.12/site-packages/airflow/example_dags/tutorial_taskflow_api.py for tasks to queue
[2025-04-13T14:02:23.956-0400] {logging_mixin.py:188} INFO - [2025-04-13T14:02:23.956-0400] {dagbag.py:540} INFO - Filling up the DagBag from /opt/anaconda3/lib/python3.12/site-packages/airflow/example_dags/tutorial_taskflow_api.py
[2025-04-13T14:02:23.971-0400] {processor.py:840} INFO - DAG(s) 'tutorial_taskflow_api' retrieved from /opt/anaconda3/lib/python3.12/site-packages/airflow/example_dags/tutorial_taskflow_api.py
[2025-04-13T14:02:24.006-0400] {logging_mixin.py:188} INFO - [2025-04-13T14:02:24.005-0400] {dag.py:3096} INFO - Sync 1 DAGs
[2025-04-13T14:02:24.008-0400] {logging_mixin.py:188} INFO - [2025-04-13T14:02:24.008-0400] {dag.py:3954} INFO - Setting next_dagrun for tutorial_taskflow_api to None, run_after=None
[2025-04-13T14:02:24.014-0400] {processor.py:183} INFO - Processing /opt/anaconda3/lib/python3.12/site-packages/airflow/example_dags/tutorial_taskflow_api.py took 0.060 seconds
