[2025-04-13T15:52:28.922-0400] {local_task_job_runner.py:120} INFO - ::group::Pre task execution logs
[2025-04-13T15:52:28.933-0400] {taskinstance.py:2073} INFO - Dependencies all met for dep_context=non-requeueable deps ti=<TaskInstance: job_scraping_pipeline.scrape_jobs manual__2025-04-13T19:51:31.100103+00:00 [queued]>
[2025-04-13T15:52:28.935-0400] {taskinstance.py:2073} INFO - Dependencies all met for dep_context=requeueable deps ti=<TaskInstance: job_scraping_pipeline.scrape_jobs manual__2025-04-13T19:51:31.100103+00:00 [queued]>
[2025-04-13T15:52:28.935-0400] {taskinstance.py:2303} INFO - Starting attempt 1 of 2
[2025-04-13T15:52:28.938-0400] {taskinstance.py:2327} INFO - Executing <Task(PythonOperator): scrape_jobs> on 2025-04-13 19:51:31.100103+00:00
[2025-04-13T15:52:28.943-0400] {logging_mixin.py:188} WARNING - /opt/anaconda3/lib/python3.12/site-packages/airflow/task/task_runner/standard_task_runner.py:61 DeprecationWarning: This process (pid=7182) is multi-threaded, use of fork() may lead to deadlocks in the child.
[2025-04-13T15:52:28.944-0400] {standard_task_runner.py:63} INFO - Started process 7184 to run task
[2025-04-13T15:52:28.943-0400] {standard_task_runner.py:90} INFO - Running: ['airflow', 'tasks', 'run', 'job_scraping_pipeline', 'scrape_jobs', 'manual__2025-04-13T19:51:31.100103+00:00', '--job-id', '3', '--raw', '--subdir', 'DAGS_FOLDER/job_scraping_pipeline.py', '--cfg-path', '/var/folders/0h/2g2z3yf96870c1b6bngz18w00000gn/T/tmplbakqb0u']
[2025-04-13T15:52:28.944-0400] {standard_task_runner.py:91} INFO - Job 3: Subtask scrape_jobs
[2025-04-13T15:52:28.956-0400] {task_command.py:426} INFO - Running <TaskInstance: job_scraping_pipeline.scrape_jobs manual__2025-04-13T19:51:31.100103+00:00 [running]> on host sahils-macbook-air-2.local
[2025-04-13T15:52:29.206-0400] {taskinstance.py:2644} INFO - Exporting env vars: AIRFLOW_CTX_DAG_OWNER='airflow' AIRFLOW_CTX_DAG_ID='job_scraping_pipeline' AIRFLOW_CTX_TASK_ID='scrape_jobs' AIRFLOW_CTX_EXECUTION_DATE='2025-04-13T19:51:31.100103+00:00' AIRFLOW_CTX_TRY_NUMBER='1' AIRFLOW_CTX_DAG_RUN_ID='manual__2025-04-13T19:51:31.100103+00:00'
[2025-04-13T15:52:29.206-0400] {taskinstance.py:430} INFO - ::endgroup::
[2025-04-13T15:52:29.211-0400] {job_scraping_pipeline.py:54} INFO - Starting job scraping task
[2025-04-13T15:52:29.212-0400] {scraper.py:73} INFO - Starting job scraping...
[2025-04-13T15:52:29.212-0400] {logger.py:11} INFO - ====== WebDriver manager ======
[2025-04-13T15:52:29.354-0400] {logger.py:11} INFO - Get LATEST chromedriver version for google-chrome
[2025-04-13T15:52:29.803-0400] {logger.py:11} INFO - Get LATEST chromedriver version for google-chrome
[2025-04-13T15:52:29.915-0400] {logger.py:11} INFO - Driver [/Users/sahilkasliwal/.wdm/drivers/chromedriver/mac64/135.0.7049.84/chromedriver-mac-arm64/chromedriver] found in cache
[2025-04-13T15:52:34.091-0400] {scraper.py:91} INFO - Attempting to log in to JobRight.ai...
[2025-04-13T15:52:41.409-0400] {scraper.py:110} INFO - Navigating to job listings page...
[2025-04-13T15:52:46.876-0400] {scraper.py:115} INFO - Scrolling to load more job listings...
[2025-04-13T15:53:06.970-0400] {scraper.py:122} INFO - Found 10 jobs on the page
[2025-04-13T15:53:06.972-0400] {scraper.py:143} INFO - Starting to scrape job listings...
[2025-04-13T15:53:10.270-0400] {scraper.py:197} INFO - Scraped job: Software Quality Engineer @ Red Hat
[2025-04-13T15:53:10.713-0400] {scraper.py:197} INFO - Scraped job: Machine Learning Engineer (US) @ Coram AI
[2025-04-13T15:53:11.316-0400] {scraper.py:197} INFO - Scraped job: Software Engineer II, Java @ S&P Global
[2025-04-13T15:53:12.101-0400] {scraper.py:197} INFO - Scraped job: Back End Developer @ Imetris Corporation
[2025-04-13T15:53:12.527-0400] {scraper.py:197} INFO - Scraped job: Senior Machine Learning Engineer @ Dynata
[2025-04-13T15:53:12.960-0400] {scraper.py:197} INFO - Scraped job: SDE II - Backend @ Nium
[2025-04-13T15:53:13.537-0400] {scraper.py:197} INFO - Scraped job: Software Engineer III (Full-Stack) @ Walmart Data Ventures
[2025-04-13T15:53:14.240-0400] {scraper.py:197} INFO - Scraped job: Backend Martech Engineer @ Inkitt
[2025-04-13T15:53:14.902-0400] {scraper.py:197} INFO - Scraped job: DevOps (Embedded) Software Engineer 2 (C++) @ Garmin
[2025-04-13T15:53:15.665-0400] {scraper.py:197} INFO - Scraped job: Network Engineer @ NetApp
[2025-04-13T15:53:15.775-0400] {scraper.py:221} INFO - Browser closed successfully
[2025-04-13T15:53:15.989-0400] {scraper.py:58} INFO - Successfully saved data to s3://skillmatchai/jobs/raw_files/jobright_jobs_20250413_155315.json
[2025-04-13T15:53:15.989-0400] {scraper.py:231} INFO - Successfully saved 10 jobs to s3://skillmatchai/jobs/raw_files/jobright_jobs_20250413_155315.json
[2025-04-13T15:53:15.990-0400] {job_scraping_pipeline.py:58} INFO - Job scraping completed successfully
[2025-04-13T15:53:15.991-0400] {python.py:237} INFO - Done. Returned value was: None
[2025-04-13T15:53:15.991-0400] {taskinstance.py:441} INFO - ::group::Post task execution logs
[2025-04-13T15:53:15.996-0400] {taskinstance.py:1205} INFO - Marking task as SUCCESS. dag_id=job_scraping_pipeline, task_id=scrape_jobs, execution_date=20250413T195131, start_date=20250413T195228, end_date=20250413T195315
[2025-04-13T15:53:16.045-0400] {local_task_job_runner.py:240} INFO - Task exited with return code 0
[2025-04-13T15:53:16.052-0400] {taskinstance.py:3482} INFO - 1 downstream tasks scheduled from follow-on schedule check
[2025-04-13T15:53:16.052-0400] {local_task_job_runner.py:222} INFO - ::endgroup::
