[2025-04-13T13:04:37.693-0400] {processor.py:161} INFO - Started process (PID=33053) to work on /Users/sahilkasliwal/Downloads/SKILL-match/backend/airflow/dags/job_scraping_dag.py
[2025-04-13T13:04:37.694-0400] {processor.py:830} INFO - Processing file /Users/sahilkasliwal/Downloads/SKILL-match/backend/airflow/dags/job_scraping_dag.py for tasks to queue
[2025-04-13T13:04:37.694-0400] {logging_mixin.py:188} INFO - [2025-04-13T13:04:37.694-0400] {dagbag.py:540} INFO - Filling up the DagBag from /Users/sahilkasliwal/Downloads/SKILL-match/backend/airflow/dags/job_scraping_dag.py
[2025-04-13T13:04:37.790-0400] {logging_mixin.py:188} INFO - [2025-04-13T13:04:37.790-0400] {credentials.py:1278} INFO - Found credentials in shared credentials file: ~/.aws/credentials
[2025-04-13T13:04:37.851-0400] {processor.py:840} INFO - DAG(s) 'job_scraping_pipeline' retrieved from /Users/sahilkasliwal/Downloads/SKILL-match/backend/airflow/dags/job_scraping_dag.py
[2025-04-13T13:04:37.962-0400] {logging_mixin.py:188} INFO - [2025-04-13T13:04:37.962-0400] {override.py:1930} INFO - Created Permission View: can delete on DAG:job_scraping_pipeline
[2025-04-13T13:04:37.964-0400] {logging_mixin.py:188} INFO - [2025-04-13T13:04:37.964-0400] {override.py:1930} INFO - Created Permission View: can read on DAG:job_scraping_pipeline
[2025-04-13T13:04:37.966-0400] {logging_mixin.py:188} INFO - [2025-04-13T13:04:37.966-0400] {override.py:1930} INFO - Created Permission View: can edit on DAG:job_scraping_pipeline
[2025-04-13T13:04:37.966-0400] {logging_mixin.py:188} INFO - [2025-04-13T13:04:37.966-0400] {dag.py:3096} INFO - Sync 1 DAGs
[2025-04-13T13:04:37.969-0400] {logging_mixin.py:188} INFO - [2025-04-13T13:04:37.969-0400] {dag.py:3118} INFO - Creating ORM DAG for job_scraping_pipeline
[2025-04-13T13:04:37.973-0400] {logging_mixin.py:188} INFO - [2025-04-13T13:04:37.973-0400] {dag.py:3954} INFO - Setting next_dagrun for job_scraping_pipeline to 2025-04-12 00:00:00+00:00, run_after=2025-04-13 00:00:00+00:00
[2025-04-13T13:04:37.978-0400] {processor.py:183} INFO - Processing /Users/sahilkasliwal/Downloads/SKILL-match/backend/airflow/dags/job_scraping_dag.py took 0.286 seconds
[2025-04-13T13:07:20.979-0400] {processor.py:161} INFO - Started process (PID=34199) to work on /Users/sahilkasliwal/Downloads/SKILL-match/backend/airflow/dags/job_scraping_dag.py
[2025-04-13T13:07:20.980-0400] {processor.py:830} INFO - Processing file /Users/sahilkasliwal/Downloads/SKILL-match/backend/airflow/dags/job_scraping_dag.py for tasks to queue
[2025-04-13T13:07:20.980-0400] {logging_mixin.py:188} INFO - [2025-04-13T13:07:20.980-0400] {dagbag.py:540} INFO - Filling up the DagBag from /Users/sahilkasliwal/Downloads/SKILL-match/backend/airflow/dags/job_scraping_dag.py
[2025-04-13T13:07:21.076-0400] {logging_mixin.py:188} INFO - [2025-04-13T13:07:21.076-0400] {credentials.py:1278} INFO - Found credentials in shared credentials file: ~/.aws/credentials
[2025-04-13T13:07:21.137-0400] {processor.py:840} INFO - DAG(s) 'job_scraping_pipeline' retrieved from /Users/sahilkasliwal/Downloads/SKILL-match/backend/airflow/dags/job_scraping_dag.py
[2025-04-13T13:07:21.173-0400] {logging_mixin.py:188} INFO - [2025-04-13T13:07:21.173-0400] {dag.py:3096} INFO - Sync 1 DAGs
[2025-04-13T13:07:21.179-0400] {logging_mixin.py:188} INFO - [2025-04-13T13:07:21.179-0400] {dag.py:3954} INFO - Setting next_dagrun for job_scraping_pipeline to 2025-04-13 00:00:00+00:00, run_after=2025-04-14 00:00:00+00:00
[2025-04-13T13:07:21.184-0400] {processor.py:183} INFO - Processing /Users/sahilkasliwal/Downloads/SKILL-match/backend/airflow/dags/job_scraping_dag.py took 0.206 seconds
[2025-04-13T13:09:02.445-0400] {processor.py:161} INFO - Started process (PID=34894) to work on /Users/sahilkasliwal/Downloads/SKILL-match/backend/airflow/dags/job_scraping_dag.py
[2025-04-13T13:09:02.446-0400] {processor.py:830} INFO - Processing file /Users/sahilkasliwal/Downloads/SKILL-match/backend/airflow/dags/job_scraping_dag.py for tasks to queue
[2025-04-13T13:09:02.446-0400] {logging_mixin.py:188} INFO - [2025-04-13T13:09:02.446-0400] {dagbag.py:540} INFO - Filling up the DagBag from /Users/sahilkasliwal/Downloads/SKILL-match/backend/airflow/dags/job_scraping_dag.py
[2025-04-13T13:09:02.520-0400] {logging_mixin.py:188} INFO - [2025-04-13T13:09:02.520-0400] {credentials.py:1278} INFO - Found credentials in shared credentials file: ~/.aws/credentials
[2025-04-13T13:09:02.573-0400] {processor.py:840} INFO - DAG(s) 'job_scraping_pipeline' retrieved from /Users/sahilkasliwal/Downloads/SKILL-match/backend/airflow/dags/job_scraping_dag.py
[2025-04-13T13:09:02.606-0400] {logging_mixin.py:188} INFO - [2025-04-13T13:09:02.606-0400] {dag.py:3096} INFO - Sync 1 DAGs
[2025-04-13T13:09:02.612-0400] {logging_mixin.py:188} INFO - [2025-04-13T13:09:02.611-0400] {dag.py:3954} INFO - Setting next_dagrun for job_scraping_pipeline to 2025-04-13 00:00:00+00:00, run_after=2025-04-14 00:00:00+00:00
[2025-04-13T13:09:02.617-0400] {processor.py:183} INFO - Processing /Users/sahilkasliwal/Downloads/SKILL-match/backend/airflow/dags/job_scraping_dag.py took 0.173 seconds
[2025-04-13T13:14:54.966-0400] {processor.py:161} INFO - Started process (PID=37031) to work on /Users/sahilkasliwal/Downloads/SKILL-match/backend/airflow/dags/job_scraping_dag.py
[2025-04-13T13:14:54.967-0400] {processor.py:830} INFO - Processing file /Users/sahilkasliwal/Downloads/SKILL-match/backend/airflow/dags/job_scraping_dag.py for tasks to queue
[2025-04-13T13:14:54.967-0400] {logging_mixin.py:188} INFO - [2025-04-13T13:14:54.967-0400] {dagbag.py:540} INFO - Filling up the DagBag from /Users/sahilkasliwal/Downloads/SKILL-match/backend/airflow/dags/job_scraping_dag.py
[2025-04-13T13:14:54.977-0400] {logging_mixin.py:188} INFO - [2025-04-13T13:14:54.977-0400] {dagbag.py:350} ERROR - Failed to import: /Users/sahilkasliwal/Downloads/SKILL-match/backend/airflow/dags/job_scraping_dag.py
Traceback (most recent call last):
  File "/opt/anaconda3/lib/python3.12/site-packages/airflow/models/dagbag.py", line 346, in parse
    loader.exec_module(new_module)
  File "<frozen importlib._bootstrap_external>", line 995, in exec_module
  File "<frozen importlib._bootstrap>", line 488, in _call_with_frames_removed
  File "/Users/sahilkasliwal/Downloads/SKILL-match/backend/airflow/dags/job_scraping_dag.py", line 8, in <module>
    from jobs.embeddings import JobEmbeddingsProcessor
ModuleNotFoundError: No module named 'jobs'
[2025-04-13T13:14:54.978-0400] {processor.py:842} WARNING - No viable dags retrieved from /Users/sahilkasliwal/Downloads/SKILL-match/backend/airflow/dags/job_scraping_dag.py
[2025-04-13T13:14:55.003-0400] {processor.py:183} INFO - Processing /Users/sahilkasliwal/Downloads/SKILL-match/backend/airflow/dags/job_scraping_dag.py took 0.038 seconds
[2025-04-13T13:18:35.181-0400] {processor.py:161} INFO - Started process (PID=38527) to work on /Users/sahilkasliwal/Downloads/SKILL-match/backend/airflow/dags/job_scraping_dag.py
[2025-04-13T13:18:35.182-0400] {processor.py:830} INFO - Processing file /Users/sahilkasliwal/Downloads/SKILL-match/backend/airflow/dags/job_scraping_dag.py for tasks to queue
[2025-04-13T13:18:35.182-0400] {logging_mixin.py:188} INFO - [2025-04-13T13:18:35.182-0400] {dagbag.py:540} INFO - Filling up the DagBag from /Users/sahilkasliwal/Downloads/SKILL-match/backend/airflow/dags/job_scraping_dag.py
[2025-04-13T13:18:35.723-0400] {processor.py:840} INFO - DAG(s) 'job_scraping_pipeline' retrieved from /Users/sahilkasliwal/Downloads/SKILL-match/backend/airflow/dags/job_scraping_dag.py
[2025-04-13T13:18:35.798-0400] {logging_mixin.py:188} INFO - [2025-04-13T13:18:35.798-0400] {dag.py:3096} INFO - Sync 1 DAGs
[2025-04-13T13:18:35.804-0400] {logging_mixin.py:188} INFO - [2025-04-13T13:18:35.804-0400] {dag.py:3954} INFO - Setting next_dagrun for job_scraping_pipeline to 2025-04-13 00:00:00+00:00, run_after=2025-04-14 00:00:00+00:00
[2025-04-13T13:18:35.811-0400] {processor.py:183} INFO - Processing /Users/sahilkasliwal/Downloads/SKILL-match/backend/airflow/dags/job_scraping_dag.py took 0.631 seconds
[2025-04-13T13:20:49.803-0400] {processor.py:161} INFO - Started process (PID=39503) to work on /Users/sahilkasliwal/Downloads/SKILL-match/backend/airflow/dags/job_scraping_dag.py
[2025-04-13T13:20:49.804-0400] {processor.py:830} INFO - Processing file /Users/sahilkasliwal/Downloads/SKILL-match/backend/airflow/dags/job_scraping_dag.py for tasks to queue
[2025-04-13T13:20:49.804-0400] {logging_mixin.py:188} INFO - [2025-04-13T13:20:49.804-0400] {dagbag.py:540} INFO - Filling up the DagBag from /Users/sahilkasliwal/Downloads/SKILL-match/backend/airflow/dags/job_scraping_dag.py
[2025-04-13T13:20:50.339-0400] {processor.py:840} INFO - DAG(s) 'job_scraping_pipeline' retrieved from /Users/sahilkasliwal/Downloads/SKILL-match/backend/airflow/dags/job_scraping_dag.py
[2025-04-13T13:20:50.349-0400] {logging_mixin.py:188} INFO - [2025-04-13T13:20:50.349-0400] {dag.py:3096} INFO - Sync 1 DAGs
[2025-04-13T13:20:50.376-0400] {logging_mixin.py:188} INFO - [2025-04-13T13:20:50.376-0400] {dag.py:3954} INFO - Setting next_dagrun for job_scraping_pipeline to 2025-04-13 00:00:00+00:00, run_after=2025-04-14 00:00:00+00:00
[2025-04-13T13:20:50.382-0400] {processor.py:183} INFO - Processing /Users/sahilkasliwal/Downloads/SKILL-match/backend/airflow/dags/job_scraping_dag.py took 0.581 seconds
[2025-04-13T13:23:03.974-0400] {processor.py:161} INFO - Started process (PID=40438) to work on /Users/sahilkasliwal/Downloads/SKILL-match/backend/airflow/dags/job_scraping_dag.py
[2025-04-13T13:23:03.974-0400] {processor.py:830} INFO - Processing file /Users/sahilkasliwal/Downloads/SKILL-match/backend/airflow/dags/job_scraping_dag.py for tasks to queue
[2025-04-13T13:23:03.975-0400] {logging_mixin.py:188} INFO - [2025-04-13T13:23:03.974-0400] {dagbag.py:540} INFO - Filling up the DagBag from /Users/sahilkasliwal/Downloads/SKILL-match/backend/airflow/dags/job_scraping_dag.py
[2025-04-13T13:23:04.474-0400] {processor.py:840} INFO - DAG(s) 'job_scraping_pipeline' retrieved from /Users/sahilkasliwal/Downloads/SKILL-match/backend/airflow/dags/job_scraping_dag.py
[2025-04-13T13:23:04.543-0400] {logging_mixin.py:188} INFO - [2025-04-13T13:23:04.542-0400] {dag.py:3096} INFO - Sync 1 DAGs
[2025-04-13T13:23:04.548-0400] {logging_mixin.py:188} INFO - [2025-04-13T13:23:04.548-0400] {dag.py:3954} INFO - Setting next_dagrun for job_scraping_pipeline to 2025-04-13 00:00:00+00:00, run_after=2025-04-14 00:00:00+00:00
[2025-04-13T13:23:04.554-0400] {processor.py:183} INFO - Processing /Users/sahilkasliwal/Downloads/SKILL-match/backend/airflow/dags/job_scraping_dag.py took 0.581 seconds
[2025-04-13T13:24:44.752-0400] {processor.py:161} INFO - Started process (PID=41128) to work on /Users/sahilkasliwal/Downloads/SKILL-match/backend/airflow/dags/job_scraping_dag.py
[2025-04-13T13:24:44.754-0400] {processor.py:830} INFO - Processing file /Users/sahilkasliwal/Downloads/SKILL-match/backend/airflow/dags/job_scraping_dag.py for tasks to queue
[2025-04-13T13:24:44.754-0400] {logging_mixin.py:188} INFO - [2025-04-13T13:24:44.754-0400] {dagbag.py:540} INFO - Filling up the DagBag from /Users/sahilkasliwal/Downloads/SKILL-match/backend/airflow/dags/job_scraping_dag.py
[2025-04-13T13:24:45.280-0400] {processor.py:840} INFO - DAG(s) 'job_scraping_pipeline' retrieved from /Users/sahilkasliwal/Downloads/SKILL-match/backend/airflow/dags/job_scraping_dag.py
[2025-04-13T13:24:45.315-0400] {logging_mixin.py:188} INFO - [2025-04-13T13:24:45.314-0400] {dag.py:3096} INFO - Sync 1 DAGs
[2025-04-13T13:24:45.320-0400] {logging_mixin.py:188} INFO - [2025-04-13T13:24:45.320-0400] {dag.py:3954} INFO - Setting next_dagrun for job_scraping_pipeline to 2025-04-13 00:00:00+00:00, run_after=2025-04-14 00:00:00+00:00
[2025-04-13T13:24:45.327-0400] {processor.py:183} INFO - Processing /Users/sahilkasliwal/Downloads/SKILL-match/backend/airflow/dags/job_scraping_dag.py took 0.577 seconds
[2025-04-13T13:25:50.887-0400] {processor.py:161} INFO - Started process (PID=41576) to work on /Users/sahilkasliwal/Downloads/SKILL-match/backend/airflow/dags/job_scraping_dag.py
[2025-04-13T13:25:50.888-0400] {processor.py:830} INFO - Processing file /Users/sahilkasliwal/Downloads/SKILL-match/backend/airflow/dags/job_scraping_dag.py for tasks to queue
[2025-04-13T13:25:50.888-0400] {logging_mixin.py:188} INFO - [2025-04-13T13:25:50.888-0400] {dagbag.py:540} INFO - Filling up the DagBag from /Users/sahilkasliwal/Downloads/SKILL-match/backend/airflow/dags/job_scraping_dag.py
[2025-04-13T13:25:51.378-0400] {processor.py:840} INFO - DAG(s) 'job_scraping_pipeline' retrieved from /Users/sahilkasliwal/Downloads/SKILL-match/backend/airflow/dags/job_scraping_dag.py
[2025-04-13T13:25:51.412-0400] {logging_mixin.py:188} INFO - [2025-04-13T13:25:51.411-0400] {dag.py:3096} INFO - Sync 1 DAGs
[2025-04-13T13:25:51.417-0400] {logging_mixin.py:188} INFO - [2025-04-13T13:25:51.417-0400] {dag.py:3954} INFO - Setting next_dagrun for job_scraping_pipeline to 2025-04-13 00:00:00+00:00, run_after=2025-04-14 00:00:00+00:00
[2025-04-13T13:25:51.423-0400] {processor.py:183} INFO - Processing /Users/sahilkasliwal/Downloads/SKILL-match/backend/airflow/dags/job_scraping_dag.py took 0.537 seconds
[2025-04-13T13:26:51.560-0400] {processor.py:161} INFO - Started process (PID=41976) to work on /Users/sahilkasliwal/Downloads/SKILL-match/backend/airflow/dags/job_scraping_dag.py
[2025-04-13T13:26:51.560-0400] {processor.py:830} INFO - Processing file /Users/sahilkasliwal/Downloads/SKILL-match/backend/airflow/dags/job_scraping_dag.py for tasks to queue
[2025-04-13T13:26:51.561-0400] {logging_mixin.py:188} INFO - [2025-04-13T13:26:51.560-0400] {dagbag.py:540} INFO - Filling up the DagBag from /Users/sahilkasliwal/Downloads/SKILL-match/backend/airflow/dags/job_scraping_dag.py
[2025-04-13T13:26:52.097-0400] {processor.py:840} INFO - DAG(s) 'job_scraping_pipeline' retrieved from /Users/sahilkasliwal/Downloads/SKILL-match/backend/airflow/dags/job_scraping_dag.py
[2025-04-13T13:26:52.131-0400] {logging_mixin.py:188} INFO - [2025-04-13T13:26:52.130-0400] {dag.py:3096} INFO - Sync 1 DAGs
[2025-04-13T13:26:52.136-0400] {logging_mixin.py:188} INFO - [2025-04-13T13:26:52.136-0400] {dag.py:3954} INFO - Setting next_dagrun for job_scraping_pipeline to 2025-04-13 00:00:00+00:00, run_after=2025-04-14 00:00:00+00:00
[2025-04-13T13:26:52.142-0400] {processor.py:183} INFO - Processing /Users/sahilkasliwal/Downloads/SKILL-match/backend/airflow/dags/job_scraping_dag.py took 0.583 seconds
[2025-04-13T13:27:57.565-0400] {processor.py:161} INFO - Started process (PID=42418) to work on /Users/sahilkasliwal/Downloads/SKILL-match/backend/airflow/dags/job_scraping_dag.py
[2025-04-13T13:27:57.567-0400] {processor.py:830} INFO - Processing file /Users/sahilkasliwal/Downloads/SKILL-match/backend/airflow/dags/job_scraping_dag.py for tasks to queue
[2025-04-13T13:27:57.567-0400] {logging_mixin.py:188} INFO - [2025-04-13T13:27:57.567-0400] {dagbag.py:540} INFO - Filling up the DagBag from /Users/sahilkasliwal/Downloads/SKILL-match/backend/airflow/dags/job_scraping_dag.py
[2025-04-13T13:27:58.061-0400] {processor.py:840} INFO - DAG(s) 'job_scraping_pipeline' retrieved from /Users/sahilkasliwal/Downloads/SKILL-match/backend/airflow/dags/job_scraping_dag.py
[2025-04-13T13:27:58.094-0400] {logging_mixin.py:188} INFO - [2025-04-13T13:27:58.094-0400] {dag.py:3096} INFO - Sync 1 DAGs
[2025-04-13T13:27:58.099-0400] {logging_mixin.py:188} INFO - [2025-04-13T13:27:58.099-0400] {dag.py:3954} INFO - Setting next_dagrun for job_scraping_pipeline to 2025-04-13 00:00:00+00:00, run_after=2025-04-14 00:00:00+00:00
[2025-04-13T13:27:58.105-0400] {processor.py:183} INFO - Processing /Users/sahilkasliwal/Downloads/SKILL-match/backend/airflow/dags/job_scraping_dag.py took 0.540 seconds
[2025-04-13T13:29:02.958-0400] {processor.py:161} INFO - Started process (PID=42849) to work on /Users/sahilkasliwal/Downloads/SKILL-match/backend/airflow/dags/job_scraping_dag.py
[2025-04-13T13:29:02.959-0400] {processor.py:830} INFO - Processing file /Users/sahilkasliwal/Downloads/SKILL-match/backend/airflow/dags/job_scraping_dag.py for tasks to queue
[2025-04-13T13:29:02.960-0400] {logging_mixin.py:188} INFO - [2025-04-13T13:29:02.960-0400] {dagbag.py:540} INFO - Filling up the DagBag from /Users/sahilkasliwal/Downloads/SKILL-match/backend/airflow/dags/job_scraping_dag.py
[2025-04-13T13:29:03.466-0400] {processor.py:840} INFO - DAG(s) 'job_scraping_pipeline' retrieved from /Users/sahilkasliwal/Downloads/SKILL-match/backend/airflow/dags/job_scraping_dag.py
[2025-04-13T13:29:03.502-0400] {logging_mixin.py:188} INFO - [2025-04-13T13:29:03.501-0400] {dag.py:3096} INFO - Sync 1 DAGs
[2025-04-13T13:29:03.507-0400] {logging_mixin.py:188} INFO - [2025-04-13T13:29:03.507-0400] {dag.py:3954} INFO - Setting next_dagrun for job_scraping_pipeline to 2025-04-13 00:00:00+00:00, run_after=2025-04-14 00:00:00+00:00
[2025-04-13T13:29:03.513-0400] {processor.py:183} INFO - Processing /Users/sahilkasliwal/Downloads/SKILL-match/backend/airflow/dags/job_scraping_dag.py took 0.556 seconds
[2025-04-13T13:31:19.819-0400] {processor.py:161} INFO - Started process (PID=43719) to work on /Users/sahilkasliwal/Downloads/SKILL-match/backend/airflow/dags/job_scraping_dag.py
[2025-04-13T13:31:19.819-0400] {processor.py:830} INFO - Processing file /Users/sahilkasliwal/Downloads/SKILL-match/backend/airflow/dags/job_scraping_dag.py for tasks to queue
[2025-04-13T13:31:19.819-0400] {logging_mixin.py:188} INFO - [2025-04-13T13:31:19.819-0400] {dagbag.py:540} INFO - Filling up the DagBag from /Users/sahilkasliwal/Downloads/SKILL-match/backend/airflow/dags/job_scraping_dag.py
[2025-04-13T13:31:19.920-0400] {logging_mixin.py:188} INFO - [2025-04-13T13:31:19.920-0400] {credentials.py:1278} INFO - Found credentials in shared credentials file: ~/.aws/credentials
[2025-04-13T13:31:20.391-0400] {processor.py:840} INFO - DAG(s) 'job_scraping_pipeline' retrieved from /Users/sahilkasliwal/Downloads/SKILL-match/backend/airflow/dags/job_scraping_dag.py
[2025-04-13T13:31:20.430-0400] {logging_mixin.py:188} INFO - [2025-04-13T13:31:20.430-0400] {dag.py:3096} INFO - Sync 1 DAGs
[2025-04-13T13:31:20.436-0400] {logging_mixin.py:188} INFO - [2025-04-13T13:31:20.435-0400] {dag.py:3954} INFO - Setting next_dagrun for job_scraping_pipeline to 2025-04-13 00:00:00+00:00, run_after=2025-04-14 00:00:00+00:00
[2025-04-13T13:31:20.442-0400] {processor.py:183} INFO - Processing /Users/sahilkasliwal/Downloads/SKILL-match/backend/airflow/dags/job_scraping_dag.py took 0.624 seconds
[2025-04-13T13:32:59.401-0400] {processor.py:161} INFO - Started process (PID=44390) to work on /Users/sahilkasliwal/Downloads/SKILL-match/backend/airflow/dags/job_scraping_dag.py
[2025-04-13T13:32:59.402-0400] {processor.py:830} INFO - Processing file /Users/sahilkasliwal/Downloads/SKILL-match/backend/airflow/dags/job_scraping_dag.py for tasks to queue
[2025-04-13T13:32:59.403-0400] {logging_mixin.py:188} INFO - [2025-04-13T13:32:59.402-0400] {dagbag.py:540} INFO - Filling up the DagBag from /Users/sahilkasliwal/Downloads/SKILL-match/backend/airflow/dags/job_scraping_dag.py
[2025-04-13T13:32:59.499-0400] {logging_mixin.py:188} INFO - [2025-04-13T13:32:59.498-0400] {credentials.py:1278} INFO - Found credentials in shared credentials file: ~/.aws/credentials
[2025-04-13T13:32:59.919-0400] {processor.py:840} INFO - DAG(s) 'job_scraping_pipeline' retrieved from /Users/sahilkasliwal/Downloads/SKILL-match/backend/airflow/dags/job_scraping_dag.py
[2025-04-13T13:32:59.953-0400] {logging_mixin.py:188} INFO - [2025-04-13T13:32:59.953-0400] {dag.py:3096} INFO - Sync 1 DAGs
[2025-04-13T13:32:59.959-0400] {logging_mixin.py:188} INFO - [2025-04-13T13:32:59.958-0400] {dag.py:3954} INFO - Setting next_dagrun for job_scraping_pipeline to 2025-04-13 00:00:00+00:00, run_after=2025-04-14 00:00:00+00:00
[2025-04-13T13:32:59.964-0400] {processor.py:183} INFO - Processing /Users/sahilkasliwal/Downloads/SKILL-match/backend/airflow/dags/job_scraping_dag.py took 0.564 seconds
[2025-04-13T13:35:42.269-0400] {processor.py:161} INFO - Started process (PID=44913) to work on /Users/sahilkasliwal/Downloads/SKILL-match/backend/airflow/dags/job_scraping_dag.py
[2025-04-13T13:35:42.270-0400] {processor.py:830} INFO - Processing file /Users/sahilkasliwal/Downloads/SKILL-match/backend/airflow/dags/job_scraping_dag.py for tasks to queue
[2025-04-13T13:35:42.271-0400] {logging_mixin.py:188} INFO - [2025-04-13T13:35:42.271-0400] {dagbag.py:540} INFO - Filling up the DagBag from /Users/sahilkasliwal/Downloads/SKILL-match/backend/airflow/dags/job_scraping_dag.py
[2025-04-13T13:35:42.375-0400] {logging_mixin.py:188} INFO - [2025-04-13T13:35:42.375-0400] {credentials.py:1278} INFO - Found credentials in shared credentials file: ~/.aws/credentials
[2025-04-13T13:35:42.819-0400] {processor.py:840} INFO - DAG(s) 'job_scraping_pipeline' retrieved from /Users/sahilkasliwal/Downloads/SKILL-match/backend/airflow/dags/job_scraping_dag.py
[2025-04-13T13:35:42.854-0400] {logging_mixin.py:188} INFO - [2025-04-13T13:35:42.854-0400] {dag.py:3096} INFO - Sync 1 DAGs
[2025-04-13T13:35:42.860-0400] {logging_mixin.py:188} INFO - [2025-04-13T13:35:42.860-0400] {dag.py:3954} INFO - Setting next_dagrun for job_scraping_pipeline to 2025-04-13 00:00:00+00:00, run_after=2025-04-14 00:00:00+00:00
[2025-04-13T13:35:42.865-0400] {processor.py:183} INFO - Processing /Users/sahilkasliwal/Downloads/SKILL-match/backend/airflow/dags/job_scraping_dag.py took 0.597 seconds
[2025-04-13T13:37:07.966-0400] {processor.py:161} INFO - Started process (PID=45499) to work on /Users/sahilkasliwal/Downloads/SKILL-match/backend/airflow/dags/job_scraping_dag.py
[2025-04-13T13:37:07.967-0400] {processor.py:830} INFO - Processing file /Users/sahilkasliwal/Downloads/SKILL-match/backend/airflow/dags/job_scraping_dag.py for tasks to queue
[2025-04-13T13:37:07.967-0400] {logging_mixin.py:188} INFO - [2025-04-13T13:37:07.967-0400] {dagbag.py:540} INFO - Filling up the DagBag from /Users/sahilkasliwal/Downloads/SKILL-match/backend/airflow/dags/job_scraping_dag.py
[2025-04-13T13:37:08.059-0400] {logging_mixin.py:188} INFO - [2025-04-13T13:37:08.059-0400] {credentials.py:1278} INFO - Found credentials in shared credentials file: ~/.aws/credentials
[2025-04-13T13:37:08.468-0400] {processor.py:840} INFO - DAG(s) 'job_scraping_pipeline' retrieved from /Users/sahilkasliwal/Downloads/SKILL-match/backend/airflow/dags/job_scraping_dag.py
[2025-04-13T13:37:08.501-0400] {logging_mixin.py:188} INFO - [2025-04-13T13:37:08.501-0400] {dag.py:3096} INFO - Sync 1 DAGs
[2025-04-13T13:37:08.507-0400] {logging_mixin.py:188} INFO - [2025-04-13T13:37:08.506-0400] {dag.py:3954} INFO - Setting next_dagrun for job_scraping_pipeline to 2025-04-13 00:00:00+00:00, run_after=2025-04-14 00:00:00+00:00
[2025-04-13T13:37:08.512-0400] {processor.py:183} INFO - Processing /Users/sahilkasliwal/Downloads/SKILL-match/backend/airflow/dags/job_scraping_dag.py took 0.547 seconds
[2025-04-13T13:38:16.724-0400] {processor.py:161} INFO - Started process (PID=45955) to work on /Users/sahilkasliwal/Downloads/SKILL-match/backend/airflow/dags/job_scraping_dag.py
[2025-04-13T13:38:16.725-0400] {processor.py:830} INFO - Processing file /Users/sahilkasliwal/Downloads/SKILL-match/backend/airflow/dags/job_scraping_dag.py for tasks to queue
[2025-04-13T13:38:16.725-0400] {logging_mixin.py:188} INFO - [2025-04-13T13:38:16.725-0400] {dagbag.py:540} INFO - Filling up the DagBag from /Users/sahilkasliwal/Downloads/SKILL-match/backend/airflow/dags/job_scraping_dag.py
[2025-04-13T13:38:16.815-0400] {logging_mixin.py:188} INFO - [2025-04-13T13:38:16.814-0400] {credentials.py:1278} INFO - Found credentials in shared credentials file: ~/.aws/credentials
[2025-04-13T13:38:17.208-0400] {processor.py:840} INFO - DAG(s) 'job_scraping_pipeline' retrieved from /Users/sahilkasliwal/Downloads/SKILL-match/backend/airflow/dags/job_scraping_dag.py
[2025-04-13T13:38:17.242-0400] {logging_mixin.py:188} INFO - [2025-04-13T13:38:17.241-0400] {dag.py:3096} INFO - Sync 1 DAGs
[2025-04-13T13:38:17.247-0400] {logging_mixin.py:188} INFO - [2025-04-13T13:38:17.247-0400] {dag.py:3954} INFO - Setting next_dagrun for job_scraping_pipeline to 2025-04-13 00:00:00+00:00, run_after=2025-04-14 00:00:00+00:00
[2025-04-13T13:38:17.252-0400] {processor.py:183} INFO - Processing /Users/sahilkasliwal/Downloads/SKILL-match/backend/airflow/dags/job_scraping_dag.py took 0.529 seconds
[2025-04-13T13:39:24.065-0400] {processor.py:161} INFO - Started process (PID=46393) to work on /Users/sahilkasliwal/Downloads/SKILL-match/backend/airflow/dags/job_scraping_dag.py
[2025-04-13T13:39:24.066-0400] {processor.py:830} INFO - Processing file /Users/sahilkasliwal/Downloads/SKILL-match/backend/airflow/dags/job_scraping_dag.py for tasks to queue
[2025-04-13T13:39:24.066-0400] {logging_mixin.py:188} INFO - [2025-04-13T13:39:24.066-0400] {dagbag.py:540} INFO - Filling up the DagBag from /Users/sahilkasliwal/Downloads/SKILL-match/backend/airflow/dags/job_scraping_dag.py
[2025-04-13T13:39:24.141-0400] {logging_mixin.py:188} INFO - [2025-04-13T13:39:24.141-0400] {credentials.py:1278} INFO - Found credentials in shared credentials file: ~/.aws/credentials
[2025-04-13T13:39:24.510-0400] {processor.py:840} INFO - DAG(s) 'job_scraping_pipeline' retrieved from /Users/sahilkasliwal/Downloads/SKILL-match/backend/airflow/dags/job_scraping_dag.py
[2025-04-13T13:39:24.543-0400] {logging_mixin.py:188} INFO - [2025-04-13T13:39:24.543-0400] {dag.py:3096} INFO - Sync 1 DAGs
[2025-04-13T13:39:24.548-0400] {logging_mixin.py:188} INFO - [2025-04-13T13:39:24.548-0400] {dag.py:3954} INFO - Setting next_dagrun for job_scraping_pipeline to 2025-04-13 00:00:00+00:00, run_after=2025-04-14 00:00:00+00:00
[2025-04-13T13:39:24.554-0400] {processor.py:183} INFO - Processing /Users/sahilkasliwal/Downloads/SKILL-match/backend/airflow/dags/job_scraping_dag.py took 0.490 seconds
[2025-04-13T13:40:29.509-0400] {processor.py:161} INFO - Started process (PID=46868) to work on /Users/sahilkasliwal/Downloads/SKILL-match/backend/airflow/dags/job_scraping_dag.py
[2025-04-13T13:40:29.510-0400] {processor.py:830} INFO - Processing file /Users/sahilkasliwal/Downloads/SKILL-match/backend/airflow/dags/job_scraping_dag.py for tasks to queue
[2025-04-13T13:40:29.510-0400] {logging_mixin.py:188} INFO - [2025-04-13T13:40:29.510-0400] {dagbag.py:540} INFO - Filling up the DagBag from /Users/sahilkasliwal/Downloads/SKILL-match/backend/airflow/dags/job_scraping_dag.py
[2025-04-13T13:40:29.599-0400] {logging_mixin.py:188} INFO - [2025-04-13T13:40:29.599-0400] {credentials.py:1278} INFO - Found credentials in shared credentials file: ~/.aws/credentials
[2025-04-13T13:40:30.003-0400] {processor.py:840} INFO - DAG(s) 'job_scraping_pipeline' retrieved from /Users/sahilkasliwal/Downloads/SKILL-match/backend/airflow/dags/job_scraping_dag.py
[2025-04-13T13:40:30.036-0400] {logging_mixin.py:188} INFO - [2025-04-13T13:40:30.036-0400] {dag.py:3096} INFO - Sync 1 DAGs
[2025-04-13T13:40:30.041-0400] {logging_mixin.py:188} INFO - [2025-04-13T13:40:30.041-0400] {dag.py:3954} INFO - Setting next_dagrun for job_scraping_pipeline to 2025-04-13 00:00:00+00:00, run_after=2025-04-14 00:00:00+00:00
[2025-04-13T13:40:30.047-0400] {processor.py:183} INFO - Processing /Users/sahilkasliwal/Downloads/SKILL-match/backend/airflow/dags/job_scraping_dag.py took 0.539 seconds
[2025-04-13T13:41:35.361-0400] {processor.py:161} INFO - Started process (PID=47309) to work on /Users/sahilkasliwal/Downloads/SKILL-match/backend/airflow/dags/job_scraping_dag.py
[2025-04-13T13:41:35.362-0400] {processor.py:830} INFO - Processing file /Users/sahilkasliwal/Downloads/SKILL-match/backend/airflow/dags/job_scraping_dag.py for tasks to queue
[2025-04-13T13:41:35.362-0400] {logging_mixin.py:188} INFO - [2025-04-13T13:41:35.362-0400] {dagbag.py:540} INFO - Filling up the DagBag from /Users/sahilkasliwal/Downloads/SKILL-match/backend/airflow/dags/job_scraping_dag.py
[2025-04-13T13:41:35.453-0400] {logging_mixin.py:188} INFO - [2025-04-13T13:41:35.453-0400] {credentials.py:1278} INFO - Found credentials in shared credentials file: ~/.aws/credentials
[2025-04-13T13:41:35.875-0400] {processor.py:840} INFO - DAG(s) 'job_scraping_pipeline' retrieved from /Users/sahilkasliwal/Downloads/SKILL-match/backend/airflow/dags/job_scraping_dag.py
[2025-04-13T13:41:35.908-0400] {logging_mixin.py:188} INFO - [2025-04-13T13:41:35.907-0400] {dag.py:3096} INFO - Sync 1 DAGs
[2025-04-13T13:41:35.913-0400] {logging_mixin.py:188} INFO - [2025-04-13T13:41:35.913-0400] {dag.py:3954} INFO - Setting next_dagrun for job_scraping_pipeline to 2025-04-13 00:00:00+00:00, run_after=2025-04-14 00:00:00+00:00
[2025-04-13T13:41:35.918-0400] {processor.py:183} INFO - Processing /Users/sahilkasliwal/Downloads/SKILL-match/backend/airflow/dags/job_scraping_dag.py took 0.559 seconds
[2025-04-13T13:42:40.819-0400] {processor.py:161} INFO - Started process (PID=47752) to work on /Users/sahilkasliwal/Downloads/SKILL-match/backend/airflow/dags/job_scraping_dag.py
[2025-04-13T13:42:40.820-0400] {processor.py:830} INFO - Processing file /Users/sahilkasliwal/Downloads/SKILL-match/backend/airflow/dags/job_scraping_dag.py for tasks to queue
[2025-04-13T13:42:40.821-0400] {logging_mixin.py:188} INFO - [2025-04-13T13:42:40.820-0400] {dagbag.py:540} INFO - Filling up the DagBag from /Users/sahilkasliwal/Downloads/SKILL-match/backend/airflow/dags/job_scraping_dag.py
[2025-04-13T13:42:40.908-0400] {logging_mixin.py:188} INFO - [2025-04-13T13:42:40.908-0400] {credentials.py:1278} INFO - Found credentials in shared credentials file: ~/.aws/credentials
[2025-04-13T13:42:41.301-0400] {processor.py:840} INFO - DAG(s) 'job_scraping_pipeline' retrieved from /Users/sahilkasliwal/Downloads/SKILL-match/backend/airflow/dags/job_scraping_dag.py
[2025-04-13T13:42:41.334-0400] {logging_mixin.py:188} INFO - [2025-04-13T13:42:41.334-0400] {dag.py:3096} INFO - Sync 1 DAGs
[2025-04-13T13:42:41.339-0400] {logging_mixin.py:188} INFO - [2025-04-13T13:42:41.339-0400] {dag.py:3954} INFO - Setting next_dagrun for job_scraping_pipeline to 2025-04-13 00:00:00+00:00, run_after=2025-04-14 00:00:00+00:00
[2025-04-13T13:42:41.344-0400] {processor.py:183} INFO - Processing /Users/sahilkasliwal/Downloads/SKILL-match/backend/airflow/dags/job_scraping_dag.py took 0.526 seconds
[2025-04-13T13:43:46.983-0400] {processor.py:161} INFO - Started process (PID=48193) to work on /Users/sahilkasliwal/Downloads/SKILL-match/backend/airflow/dags/job_scraping_dag.py
[2025-04-13T13:43:46.984-0400] {processor.py:830} INFO - Processing file /Users/sahilkasliwal/Downloads/SKILL-match/backend/airflow/dags/job_scraping_dag.py for tasks to queue
[2025-04-13T13:43:46.984-0400] {logging_mixin.py:188} INFO - [2025-04-13T13:43:46.984-0400] {dagbag.py:540} INFO - Filling up the DagBag from /Users/sahilkasliwal/Downloads/SKILL-match/backend/airflow/dags/job_scraping_dag.py
[2025-04-13T13:43:47.059-0400] {logging_mixin.py:188} INFO - [2025-04-13T13:43:47.059-0400] {credentials.py:1278} INFO - Found credentials in shared credentials file: ~/.aws/credentials
[2025-04-13T13:43:47.454-0400] {processor.py:840} INFO - DAG(s) 'job_scraping_pipeline' retrieved from /Users/sahilkasliwal/Downloads/SKILL-match/backend/airflow/dags/job_scraping_dag.py
[2025-04-13T13:43:47.489-0400] {logging_mixin.py:188} INFO - [2025-04-13T13:43:47.489-0400] {dag.py:3096} INFO - Sync 1 DAGs
[2025-04-13T13:43:47.495-0400] {logging_mixin.py:188} INFO - [2025-04-13T13:43:47.495-0400] {dag.py:3954} INFO - Setting next_dagrun for job_scraping_pipeline to 2025-04-13 00:00:00+00:00, run_after=2025-04-14 00:00:00+00:00
[2025-04-13T13:43:47.500-0400] {processor.py:183} INFO - Processing /Users/sahilkasliwal/Downloads/SKILL-match/backend/airflow/dags/job_scraping_dag.py took 0.518 seconds
[2025-04-13T13:44:53.444-0400] {processor.py:161} INFO - Started process (PID=48650) to work on /Users/sahilkasliwal/Downloads/SKILL-match/backend/airflow/dags/job_scraping_dag.py
[2025-04-13T13:44:53.445-0400] {processor.py:830} INFO - Processing file /Users/sahilkasliwal/Downloads/SKILL-match/backend/airflow/dags/job_scraping_dag.py for tasks to queue
[2025-04-13T13:44:53.445-0400] {logging_mixin.py:188} INFO - [2025-04-13T13:44:53.445-0400] {dagbag.py:540} INFO - Filling up the DagBag from /Users/sahilkasliwal/Downloads/SKILL-match/backend/airflow/dags/job_scraping_dag.py
[2025-04-13T13:44:53.547-0400] {logging_mixin.py:188} INFO - [2025-04-13T13:44:53.547-0400] {credentials.py:1278} INFO - Found credentials in shared credentials file: ~/.aws/credentials
[2025-04-13T13:44:53.963-0400] {processor.py:840} INFO - DAG(s) 'job_scraping_pipeline' retrieved from /Users/sahilkasliwal/Downloads/SKILL-match/backend/airflow/dags/job_scraping_dag.py
[2025-04-13T13:44:53.997-0400] {logging_mixin.py:188} INFO - [2025-04-13T13:44:53.997-0400] {dag.py:3096} INFO - Sync 1 DAGs
[2025-04-13T13:44:54.002-0400] {logging_mixin.py:188} INFO - [2025-04-13T13:44:54.002-0400] {dag.py:3954} INFO - Setting next_dagrun for job_scraping_pipeline to 2025-04-13 00:00:00+00:00, run_after=2025-04-14 00:00:00+00:00
[2025-04-13T13:44:54.008-0400] {processor.py:183} INFO - Processing /Users/sahilkasliwal/Downloads/SKILL-match/backend/airflow/dags/job_scraping_dag.py took 0.565 seconds
[2025-04-13T13:46:02.054-0400] {processor.py:161} INFO - Started process (PID=49117) to work on /Users/sahilkasliwal/Downloads/SKILL-match/backend/airflow/dags/job_scraping_dag.py
[2025-04-13T13:46:02.055-0400] {processor.py:830} INFO - Processing file /Users/sahilkasliwal/Downloads/SKILL-match/backend/airflow/dags/job_scraping_dag.py for tasks to queue
[2025-04-13T13:46:02.055-0400] {logging_mixin.py:188} INFO - [2025-04-13T13:46:02.055-0400] {dagbag.py:540} INFO - Filling up the DagBag from /Users/sahilkasliwal/Downloads/SKILL-match/backend/airflow/dags/job_scraping_dag.py
[2025-04-13T13:46:02.155-0400] {logging_mixin.py:188} INFO - [2025-04-13T13:46:02.155-0400] {credentials.py:1278} INFO - Found credentials in shared credentials file: ~/.aws/credentials
[2025-04-13T13:46:02.636-0400] {processor.py:840} INFO - DAG(s) 'job_scraping_pipeline' retrieved from /Users/sahilkasliwal/Downloads/SKILL-match/backend/airflow/dags/job_scraping_dag.py
[2025-04-13T13:46:02.669-0400] {logging_mixin.py:188} INFO - [2025-04-13T13:46:02.669-0400] {dag.py:3096} INFO - Sync 1 DAGs
[2025-04-13T13:46:02.674-0400] {logging_mixin.py:188} INFO - [2025-04-13T13:46:02.674-0400] {dag.py:3954} INFO - Setting next_dagrun for job_scraping_pipeline to 2025-04-13 00:00:00+00:00, run_after=2025-04-14 00:00:00+00:00
[2025-04-13T13:46:02.680-0400] {processor.py:183} INFO - Processing /Users/sahilkasliwal/Downloads/SKILL-match/backend/airflow/dags/job_scraping_dag.py took 0.627 seconds
[2025-04-13T13:47:15.588-0400] {processor.py:161} INFO - Started process (PID=49591) to work on /Users/sahilkasliwal/Downloads/SKILL-match/backend/airflow/dags/job_scraping_dag.py
[2025-04-13T13:47:15.589-0400] {processor.py:830} INFO - Processing file /Users/sahilkasliwal/Downloads/SKILL-match/backend/airflow/dags/job_scraping_dag.py for tasks to queue
[2025-04-13T13:47:15.589-0400] {logging_mixin.py:188} INFO - [2025-04-13T13:47:15.589-0400] {dagbag.py:540} INFO - Filling up the DagBag from /Users/sahilkasliwal/Downloads/SKILL-match/backend/airflow/dags/job_scraping_dag.py
[2025-04-13T13:47:15.691-0400] {logging_mixin.py:188} INFO - [2025-04-13T13:47:15.690-0400] {credentials.py:1278} INFO - Found credentials in shared credentials file: ~/.aws/credentials
[2025-04-13T13:47:16.126-0400] {processor.py:840} INFO - DAG(s) 'job_scraping_pipeline' retrieved from /Users/sahilkasliwal/Downloads/SKILL-match/backend/airflow/dags/job_scraping_dag.py
[2025-04-13T13:47:16.160-0400] {logging_mixin.py:188} INFO - [2025-04-13T13:47:16.159-0400] {dag.py:3096} INFO - Sync 1 DAGs
[2025-04-13T13:47:16.165-0400] {logging_mixin.py:188} INFO - [2025-04-13T13:47:16.165-0400] {dag.py:3954} INFO - Setting next_dagrun for job_scraping_pipeline to 2025-04-13 00:00:00+00:00, run_after=2025-04-14 00:00:00+00:00
[2025-04-13T13:47:16.170-0400] {processor.py:183} INFO - Processing /Users/sahilkasliwal/Downloads/SKILL-match/backend/airflow/dags/job_scraping_dag.py took 0.584 seconds
[2025-04-13T13:48:26.078-0400] {processor.py:161} INFO - Started process (PID=50055) to work on /Users/sahilkasliwal/Downloads/SKILL-match/backend/airflow/dags/job_scraping_dag.py
[2025-04-13T13:48:26.079-0400] {processor.py:830} INFO - Processing file /Users/sahilkasliwal/Downloads/SKILL-match/backend/airflow/dags/job_scraping_dag.py for tasks to queue
[2025-04-13T13:48:26.079-0400] {logging_mixin.py:188} INFO - [2025-04-13T13:48:26.079-0400] {dagbag.py:540} INFO - Filling up the DagBag from /Users/sahilkasliwal/Downloads/SKILL-match/backend/airflow/dags/job_scraping_dag.py
[2025-04-13T13:48:26.182-0400] {logging_mixin.py:188} INFO - [2025-04-13T13:48:26.182-0400] {credentials.py:1278} INFO - Found credentials in shared credentials file: ~/.aws/credentials
[2025-04-13T13:48:26.618-0400] {processor.py:840} INFO - DAG(s) 'job_scraping_pipeline' retrieved from /Users/sahilkasliwal/Downloads/SKILL-match/backend/airflow/dags/job_scraping_dag.py
[2025-04-13T13:48:26.652-0400] {logging_mixin.py:188} INFO - [2025-04-13T13:48:26.652-0400] {dag.py:3096} INFO - Sync 1 DAGs
[2025-04-13T13:48:26.658-0400] {logging_mixin.py:188} INFO - [2025-04-13T13:48:26.658-0400] {dag.py:3954} INFO - Setting next_dagrun for job_scraping_pipeline to 2025-04-13 00:00:00+00:00, run_after=2025-04-14 00:00:00+00:00
[2025-04-13T13:48:26.663-0400] {processor.py:183} INFO - Processing /Users/sahilkasliwal/Downloads/SKILL-match/backend/airflow/dags/job_scraping_dag.py took 0.586 seconds
[2025-04-13T13:49:35.824-0400] {processor.py:161} INFO - Started process (PID=50506) to work on /Users/sahilkasliwal/Downloads/SKILL-match/backend/airflow/dags/job_scraping_dag.py
[2025-04-13T13:49:35.824-0400] {processor.py:830} INFO - Processing file /Users/sahilkasliwal/Downloads/SKILL-match/backend/airflow/dags/job_scraping_dag.py for tasks to queue
[2025-04-13T13:49:35.824-0400] {logging_mixin.py:188} INFO - [2025-04-13T13:49:35.824-0400] {dagbag.py:540} INFO - Filling up the DagBag from /Users/sahilkasliwal/Downloads/SKILL-match/backend/airflow/dags/job_scraping_dag.py
[2025-04-13T13:49:35.931-0400] {logging_mixin.py:188} INFO - [2025-04-13T13:49:35.930-0400] {credentials.py:1278} INFO - Found credentials in shared credentials file: ~/.aws/credentials
[2025-04-13T13:49:36.395-0400] {processor.py:840} INFO - DAG(s) 'job_scraping_pipeline' retrieved from /Users/sahilkasliwal/Downloads/SKILL-match/backend/airflow/dags/job_scraping_dag.py
[2025-04-13T13:49:36.431-0400] {logging_mixin.py:188} INFO - [2025-04-13T13:49:36.431-0400] {dag.py:3096} INFO - Sync 1 DAGs
[2025-04-13T13:49:36.437-0400] {logging_mixin.py:188} INFO - [2025-04-13T13:49:36.437-0400] {dag.py:3954} INFO - Setting next_dagrun for job_scraping_pipeline to 2025-04-13 00:00:00+00:00, run_after=2025-04-14 00:00:00+00:00
[2025-04-13T13:49:36.443-0400] {processor.py:183} INFO - Processing /Users/sahilkasliwal/Downloads/SKILL-match/backend/airflow/dags/job_scraping_dag.py took 0.621 seconds
[2025-04-13T13:50:45.646-0400] {processor.py:161} INFO - Started process (PID=50969) to work on /Users/sahilkasliwal/Downloads/SKILL-match/backend/airflow/dags/job_scraping_dag.py
[2025-04-13T13:50:45.647-0400] {processor.py:830} INFO - Processing file /Users/sahilkasliwal/Downloads/SKILL-match/backend/airflow/dags/job_scraping_dag.py for tasks to queue
[2025-04-13T13:50:45.647-0400] {logging_mixin.py:188} INFO - [2025-04-13T13:50:45.647-0400] {dagbag.py:540} INFO - Filling up the DagBag from /Users/sahilkasliwal/Downloads/SKILL-match/backend/airflow/dags/job_scraping_dag.py
[2025-04-13T13:50:45.754-0400] {logging_mixin.py:188} INFO - [2025-04-13T13:50:45.754-0400] {credentials.py:1278} INFO - Found credentials in shared credentials file: ~/.aws/credentials
[2025-04-13T13:50:46.242-0400] {processor.py:840} INFO - DAG(s) 'job_scraping_pipeline' retrieved from /Users/sahilkasliwal/Downloads/SKILL-match/backend/airflow/dags/job_scraping_dag.py
[2025-04-13T13:50:46.276-0400] {logging_mixin.py:188} INFO - [2025-04-13T13:50:46.276-0400] {dag.py:3096} INFO - Sync 1 DAGs
[2025-04-13T13:50:46.282-0400] {logging_mixin.py:188} INFO - [2025-04-13T13:50:46.282-0400] {dag.py:3954} INFO - Setting next_dagrun for job_scraping_pipeline to 2025-04-13 00:00:00+00:00, run_after=2025-04-14 00:00:00+00:00
[2025-04-13T13:50:46.287-0400] {processor.py:183} INFO - Processing /Users/sahilkasliwal/Downloads/SKILL-match/backend/airflow/dags/job_scraping_dag.py took 0.642 seconds
[2025-04-13T13:51:53.626-0400] {processor.py:161} INFO - Started process (PID=51445) to work on /Users/sahilkasliwal/Downloads/SKILL-match/backend/airflow/dags/job_scraping_dag.py
[2025-04-13T13:51:53.627-0400] {processor.py:830} INFO - Processing file /Users/sahilkasliwal/Downloads/SKILL-match/backend/airflow/dags/job_scraping_dag.py for tasks to queue
[2025-04-13T13:51:53.627-0400] {logging_mixin.py:188} INFO - [2025-04-13T13:51:53.627-0400] {dagbag.py:540} INFO - Filling up the DagBag from /Users/sahilkasliwal/Downloads/SKILL-match/backend/airflow/dags/job_scraping_dag.py
[2025-04-13T13:51:53.730-0400] {logging_mixin.py:188} INFO - [2025-04-13T13:51:53.730-0400] {credentials.py:1278} INFO - Found credentials in shared credentials file: ~/.aws/credentials
[2025-04-13T13:51:54.183-0400] {processor.py:840} INFO - DAG(s) 'job_scraping_pipeline' retrieved from /Users/sahilkasliwal/Downloads/SKILL-match/backend/airflow/dags/job_scraping_dag.py
[2025-04-13T13:51:54.217-0400] {logging_mixin.py:188} INFO - [2025-04-13T13:51:54.217-0400] {dag.py:3096} INFO - Sync 1 DAGs
[2025-04-13T13:51:54.222-0400] {logging_mixin.py:188} INFO - [2025-04-13T13:51:54.222-0400] {dag.py:3954} INFO - Setting next_dagrun for job_scraping_pipeline to 2025-04-13 00:00:00+00:00, run_after=2025-04-14 00:00:00+00:00
[2025-04-13T13:51:54.228-0400] {processor.py:183} INFO - Processing /Users/sahilkasliwal/Downloads/SKILL-match/backend/airflow/dags/job_scraping_dag.py took 0.602 seconds
[2025-04-13T13:53:03.787-0400] {processor.py:161} INFO - Started process (PID=51927) to work on /Users/sahilkasliwal/Downloads/SKILL-match/backend/airflow/dags/job_scraping_dag.py
[2025-04-13T13:53:03.788-0400] {processor.py:830} INFO - Processing file /Users/sahilkasliwal/Downloads/SKILL-match/backend/airflow/dags/job_scraping_dag.py for tasks to queue
[2025-04-13T13:53:03.788-0400] {logging_mixin.py:188} INFO - [2025-04-13T13:53:03.788-0400] {dagbag.py:540} INFO - Filling up the DagBag from /Users/sahilkasliwal/Downloads/SKILL-match/backend/airflow/dags/job_scraping_dag.py
[2025-04-13T13:53:03.867-0400] {logging_mixin.py:188} INFO - [2025-04-13T13:53:03.867-0400] {credentials.py:1278} INFO - Found credentials in shared credentials file: ~/.aws/credentials
[2025-04-13T13:53:04.260-0400] {processor.py:840} INFO - DAG(s) 'job_scraping_pipeline' retrieved from /Users/sahilkasliwal/Downloads/SKILL-match/backend/airflow/dags/job_scraping_dag.py
[2025-04-13T13:53:04.295-0400] {logging_mixin.py:188} INFO - [2025-04-13T13:53:04.294-0400] {dag.py:3096} INFO - Sync 1 DAGs
[2025-04-13T13:53:04.300-0400] {logging_mixin.py:188} INFO - [2025-04-13T13:53:04.300-0400] {dag.py:3954} INFO - Setting next_dagrun for job_scraping_pipeline to 2025-04-13 00:00:00+00:00, run_after=2025-04-14 00:00:00+00:00
[2025-04-13T13:53:04.306-0400] {processor.py:183} INFO - Processing /Users/sahilkasliwal/Downloads/SKILL-match/backend/airflow/dags/job_scraping_dag.py took 0.520 seconds
[2025-04-13T13:54:14.344-0400] {processor.py:161} INFO - Started process (PID=52390) to work on /Users/sahilkasliwal/Downloads/SKILL-match/backend/airflow/dags/job_scraping_dag.py
[2025-04-13T13:54:14.345-0400] {processor.py:830} INFO - Processing file /Users/sahilkasliwal/Downloads/SKILL-match/backend/airflow/dags/job_scraping_dag.py for tasks to queue
[2025-04-13T13:54:14.345-0400] {logging_mixin.py:188} INFO - [2025-04-13T13:54:14.345-0400] {dagbag.py:540} INFO - Filling up the DagBag from /Users/sahilkasliwal/Downloads/SKILL-match/backend/airflow/dags/job_scraping_dag.py
[2025-04-13T13:54:14.433-0400] {logging_mixin.py:188} INFO - [2025-04-13T13:54:14.433-0400] {credentials.py:1278} INFO - Found credentials in shared credentials file: ~/.aws/credentials
[2025-04-13T13:54:14.829-0400] {processor.py:840} INFO - DAG(s) 'job_scraping_pipeline' retrieved from /Users/sahilkasliwal/Downloads/SKILL-match/backend/airflow/dags/job_scraping_dag.py
[2025-04-13T13:54:14.862-0400] {logging_mixin.py:188} INFO - [2025-04-13T13:54:14.862-0400] {dag.py:3096} INFO - Sync 1 DAGs
[2025-04-13T13:54:14.867-0400] {logging_mixin.py:188} INFO - [2025-04-13T13:54:14.867-0400] {dag.py:3954} INFO - Setting next_dagrun for job_scraping_pipeline to 2025-04-13 00:00:00+00:00, run_after=2025-04-14 00:00:00+00:00
[2025-04-13T13:54:14.873-0400] {processor.py:183} INFO - Processing /Users/sahilkasliwal/Downloads/SKILL-match/backend/airflow/dags/job_scraping_dag.py took 0.530 seconds
[2025-04-13T13:55:21.120-0400] {processor.py:161} INFO - Started process (PID=52822) to work on /Users/sahilkasliwal/Downloads/SKILL-match/backend/airflow/dags/job_scraping_dag.py
[2025-04-13T13:55:21.121-0400] {processor.py:830} INFO - Processing file /Users/sahilkasliwal/Downloads/SKILL-match/backend/airflow/dags/job_scraping_dag.py for tasks to queue
[2025-04-13T13:55:21.121-0400] {logging_mixin.py:188} INFO - [2025-04-13T13:55:21.121-0400] {dagbag.py:540} INFO - Filling up the DagBag from /Users/sahilkasliwal/Downloads/SKILL-match/backend/airflow/dags/job_scraping_dag.py
[2025-04-13T13:55:21.216-0400] {logging_mixin.py:188} INFO - [2025-04-13T13:55:21.216-0400] {credentials.py:1278} INFO - Found credentials in shared credentials file: ~/.aws/credentials
[2025-04-13T13:55:21.609-0400] {processor.py:840} INFO - DAG(s) 'job_scraping_pipeline' retrieved from /Users/sahilkasliwal/Downloads/SKILL-match/backend/airflow/dags/job_scraping_dag.py
[2025-04-13T13:55:21.642-0400] {logging_mixin.py:188} INFO - [2025-04-13T13:55:21.642-0400] {dag.py:3096} INFO - Sync 1 DAGs
[2025-04-13T13:55:21.648-0400] {logging_mixin.py:188} INFO - [2025-04-13T13:55:21.648-0400] {dag.py:3954} INFO - Setting next_dagrun for job_scraping_pipeline to 2025-04-13 00:00:00+00:00, run_after=2025-04-14 00:00:00+00:00
[2025-04-13T13:55:21.653-0400] {processor.py:183} INFO - Processing /Users/sahilkasliwal/Downloads/SKILL-match/backend/airflow/dags/job_scraping_dag.py took 0.534 seconds
[2025-04-13T13:56:29.736-0400] {processor.py:161} INFO - Started process (PID=53304) to work on /Users/sahilkasliwal/Downloads/SKILL-match/backend/airflow/dags/job_scraping_dag.py
[2025-04-13T13:56:29.736-0400] {processor.py:830} INFO - Processing file /Users/sahilkasliwal/Downloads/SKILL-match/backend/airflow/dags/job_scraping_dag.py for tasks to queue
[2025-04-13T13:56:29.737-0400] {logging_mixin.py:188} INFO - [2025-04-13T13:56:29.737-0400] {dagbag.py:540} INFO - Filling up the DagBag from /Users/sahilkasliwal/Downloads/SKILL-match/backend/airflow/dags/job_scraping_dag.py
[2025-04-13T13:56:29.826-0400] {logging_mixin.py:188} INFO - [2025-04-13T13:56:29.826-0400] {credentials.py:1278} INFO - Found credentials in shared credentials file: ~/.aws/credentials
[2025-04-13T13:56:30.243-0400] {processor.py:840} INFO - DAG(s) 'job_scraping_pipeline' retrieved from /Users/sahilkasliwal/Downloads/SKILL-match/backend/airflow/dags/job_scraping_dag.py
[2025-04-13T13:56:30.277-0400] {logging_mixin.py:188} INFO - [2025-04-13T13:56:30.277-0400] {dag.py:3096} INFO - Sync 1 DAGs
[2025-04-13T13:56:30.283-0400] {logging_mixin.py:188} INFO - [2025-04-13T13:56:30.283-0400] {dag.py:3954} INFO - Setting next_dagrun for job_scraping_pipeline to 2025-04-13 00:00:00+00:00, run_after=2025-04-14 00:00:00+00:00
[2025-04-13T13:56:30.288-0400] {processor.py:183} INFO - Processing /Users/sahilkasliwal/Downloads/SKILL-match/backend/airflow/dags/job_scraping_dag.py took 0.553 seconds
[2025-04-13T13:57:38.923-0400] {processor.py:161} INFO - Started process (PID=53783) to work on /Users/sahilkasliwal/Downloads/SKILL-match/backend/airflow/dags/job_scraping_dag.py
[2025-04-13T13:57:38.925-0400] {processor.py:830} INFO - Processing file /Users/sahilkasliwal/Downloads/SKILL-match/backend/airflow/dags/job_scraping_dag.py for tasks to queue
[2025-04-13T13:57:38.925-0400] {logging_mixin.py:188} INFO - [2025-04-13T13:57:38.925-0400] {dagbag.py:540} INFO - Filling up the DagBag from /Users/sahilkasliwal/Downloads/SKILL-match/backend/airflow/dags/job_scraping_dag.py
[2025-04-13T13:57:39.024-0400] {logging_mixin.py:188} INFO - [2025-04-13T13:57:39.024-0400] {credentials.py:1278} INFO - Found credentials in shared credentials file: ~/.aws/credentials
[2025-04-13T13:57:39.445-0400] {processor.py:840} INFO - DAG(s) 'job_scraping_pipeline' retrieved from /Users/sahilkasliwal/Downloads/SKILL-match/backend/airflow/dags/job_scraping_dag.py
[2025-04-13T13:57:39.478-0400] {logging_mixin.py:188} INFO - [2025-04-13T13:57:39.478-0400] {dag.py:3096} INFO - Sync 1 DAGs
[2025-04-13T13:57:39.483-0400] {logging_mixin.py:188} INFO - [2025-04-13T13:57:39.483-0400] {dag.py:3954} INFO - Setting next_dagrun for job_scraping_pipeline to 2025-04-13 00:00:00+00:00, run_after=2025-04-14 00:00:00+00:00
[2025-04-13T13:57:39.489-0400] {processor.py:183} INFO - Processing /Users/sahilkasliwal/Downloads/SKILL-match/backend/airflow/dags/job_scraping_dag.py took 0.566 seconds
[2025-04-13T13:58:44.489-0400] {processor.py:161} INFO - Started process (PID=54220) to work on /Users/sahilkasliwal/Downloads/SKILL-match/backend/airflow/dags/job_scraping_dag.py
[2025-04-13T13:58:44.490-0400] {processor.py:830} INFO - Processing file /Users/sahilkasliwal/Downloads/SKILL-match/backend/airflow/dags/job_scraping_dag.py for tasks to queue
[2025-04-13T13:58:44.490-0400] {logging_mixin.py:188} INFO - [2025-04-13T13:58:44.490-0400] {dagbag.py:540} INFO - Filling up the DagBag from /Users/sahilkasliwal/Downloads/SKILL-match/backend/airflow/dags/job_scraping_dag.py
[2025-04-13T13:58:44.577-0400] {logging_mixin.py:188} INFO - [2025-04-13T13:58:44.576-0400] {credentials.py:1278} INFO - Found credentials in shared credentials file: ~/.aws/credentials
[2025-04-13T13:58:44.985-0400] {processor.py:840} INFO - DAG(s) 'job_scraping_pipeline' retrieved from /Users/sahilkasliwal/Downloads/SKILL-match/backend/airflow/dags/job_scraping_dag.py
[2025-04-13T13:58:45.019-0400] {logging_mixin.py:188} INFO - [2025-04-13T13:58:45.019-0400] {dag.py:3096} INFO - Sync 1 DAGs
[2025-04-13T13:58:45.025-0400] {logging_mixin.py:188} INFO - [2025-04-13T13:58:45.025-0400] {dag.py:3954} INFO - Setting next_dagrun for job_scraping_pipeline to 2025-04-13 00:00:00+00:00, run_after=2025-04-14 00:00:00+00:00
[2025-04-13T13:58:45.030-0400] {processor.py:183} INFO - Processing /Users/sahilkasliwal/Downloads/SKILL-match/backend/airflow/dags/job_scraping_dag.py took 0.542 seconds
[2025-04-13T13:59:51.313-0400] {processor.py:161} INFO - Started process (PID=54721) to work on /Users/sahilkasliwal/Downloads/SKILL-match/backend/airflow/dags/job_scraping_dag.py
[2025-04-13T13:59:51.314-0400] {processor.py:830} INFO - Processing file /Users/sahilkasliwal/Downloads/SKILL-match/backend/airflow/dags/job_scraping_dag.py for tasks to queue
[2025-04-13T13:59:51.315-0400] {logging_mixin.py:188} INFO - [2025-04-13T13:59:51.314-0400] {dagbag.py:540} INFO - Filling up the DagBag from /Users/sahilkasliwal/Downloads/SKILL-match/backend/airflow/dags/job_scraping_dag.py
[2025-04-13T13:59:51.411-0400] {logging_mixin.py:188} INFO - [2025-04-13T13:59:51.410-0400] {credentials.py:1278} INFO - Found credentials in shared credentials file: ~/.aws/credentials
[2025-04-13T13:59:51.846-0400] {processor.py:840} INFO - DAG(s) 'job_scraping_pipeline' retrieved from /Users/sahilkasliwal/Downloads/SKILL-match/backend/airflow/dags/job_scraping_dag.py
[2025-04-13T13:59:51.880-0400] {logging_mixin.py:188} INFO - [2025-04-13T13:59:51.880-0400] {dag.py:3096} INFO - Sync 1 DAGs
[2025-04-13T13:59:51.885-0400] {logging_mixin.py:188} INFO - [2025-04-13T13:59:51.885-0400] {dag.py:3954} INFO - Setting next_dagrun for job_scraping_pipeline to 2025-04-13 00:00:00+00:00, run_after=2025-04-14 00:00:00+00:00
[2025-04-13T13:59:51.890-0400] {processor.py:183} INFO - Processing /Users/sahilkasliwal/Downloads/SKILL-match/backend/airflow/dags/job_scraping_dag.py took 0.578 seconds
[2025-04-13T14:01:00.640-0400] {processor.py:161} INFO - Started process (PID=55192) to work on /Users/sahilkasliwal/Downloads/SKILL-match/backend/airflow/dags/job_scraping_dag.py
[2025-04-13T14:01:00.641-0400] {processor.py:830} INFO - Processing file /Users/sahilkasliwal/Downloads/SKILL-match/backend/airflow/dags/job_scraping_dag.py for tasks to queue
[2025-04-13T14:01:00.641-0400] {logging_mixin.py:188} INFO - [2025-04-13T14:01:00.641-0400] {dagbag.py:540} INFO - Filling up the DagBag from /Users/sahilkasliwal/Downloads/SKILL-match/backend/airflow/dags/job_scraping_dag.py
[2025-04-13T14:01:00.734-0400] {logging_mixin.py:188} INFO - [2025-04-13T14:01:00.733-0400] {credentials.py:1278} INFO - Found credentials in shared credentials file: ~/.aws/credentials
[2025-04-13T14:01:01.148-0400] {processor.py:840} INFO - DAG(s) 'job_scraping_pipeline' retrieved from /Users/sahilkasliwal/Downloads/SKILL-match/backend/airflow/dags/job_scraping_dag.py
[2025-04-13T14:01:01.186-0400] {logging_mixin.py:188} INFO - [2025-04-13T14:01:01.186-0400] {dag.py:3096} INFO - Sync 1 DAGs
[2025-04-13T14:01:01.192-0400] {logging_mixin.py:188} INFO - [2025-04-13T14:01:01.192-0400] {dag.py:3954} INFO - Setting next_dagrun for job_scraping_pipeline to 2025-04-13 00:00:00+00:00, run_after=2025-04-14 00:00:00+00:00
[2025-04-13T14:01:01.198-0400] {processor.py:183} INFO - Processing /Users/sahilkasliwal/Downloads/SKILL-match/backend/airflow/dags/job_scraping_dag.py took 0.559 seconds
[2025-04-13T14:02:09.899-0400] {processor.py:161} INFO - Started process (PID=55647) to work on /Users/sahilkasliwal/Downloads/SKILL-match/backend/airflow/dags/job_scraping_dag.py
[2025-04-13T14:02:09.901-0400] {processor.py:830} INFO - Processing file /Users/sahilkasliwal/Downloads/SKILL-match/backend/airflow/dags/job_scraping_dag.py for tasks to queue
[2025-04-13T14:02:09.901-0400] {logging_mixin.py:188} INFO - [2025-04-13T14:02:09.901-0400] {dagbag.py:540} INFO - Filling up the DagBag from /Users/sahilkasliwal/Downloads/SKILL-match/backend/airflow/dags/job_scraping_dag.py
[2025-04-13T14:02:09.991-0400] {logging_mixin.py:188} INFO - [2025-04-13T14:02:09.991-0400] {credentials.py:1278} INFO - Found credentials in shared credentials file: ~/.aws/credentials
[2025-04-13T14:02:10.386-0400] {processor.py:840} INFO - DAG(s) 'job_scraping_pipeline' retrieved from /Users/sahilkasliwal/Downloads/SKILL-match/backend/airflow/dags/job_scraping_dag.py
[2025-04-13T14:02:10.419-0400] {logging_mixin.py:188} INFO - [2025-04-13T14:02:10.419-0400] {dag.py:3096} INFO - Sync 1 DAGs
[2025-04-13T14:02:10.424-0400] {logging_mixin.py:188} INFO - [2025-04-13T14:02:10.424-0400] {dag.py:3954} INFO - Setting next_dagrun for job_scraping_pipeline to 2025-04-13 00:00:00+00:00, run_after=2025-04-14 00:00:00+00:00
[2025-04-13T14:02:10.430-0400] {processor.py:183} INFO - Processing /Users/sahilkasliwal/Downloads/SKILL-match/backend/airflow/dags/job_scraping_dag.py took 0.531 seconds
