[2025-04-13T13:04:39.962-0400] {processor.py:161} INFO - Started process (PID=33069) to work on /opt/anaconda3/lib/python3.12/site-packages/airflow/example_dags/subdags/subdag.py
[2025-04-13T13:04:39.963-0400] {processor.py:830} INFO - Processing file /opt/anaconda3/lib/python3.12/site-packages/airflow/example_dags/subdags/subdag.py for tasks to queue
[2025-04-13T13:04:39.963-0400] {logging_mixin.py:188} INFO - [2025-04-13T13:04:39.963-0400] {dagbag.py:540} INFO - Filling up the DagBag from /opt/anaconda3/lib/python3.12/site-packages/airflow/example_dags/subdags/subdag.py
[2025-04-13T13:04:39.964-0400] {processor.py:842} WARNING - No viable dags retrieved from /opt/anaconda3/lib/python3.12/site-packages/airflow/example_dags/subdags/subdag.py
[2025-04-13T13:04:39.988-0400] {processor.py:183} INFO - Processing /opt/anaconda3/lib/python3.12/site-packages/airflow/example_dags/subdags/subdag.py took 0.027 seconds
[2025-04-13T13:07:23.280-0400] {processor.py:161} INFO - Started process (PID=34213) to work on /opt/anaconda3/lib/python3.12/site-packages/airflow/example_dags/subdags/subdag.py
[2025-04-13T13:07:23.281-0400] {processor.py:830} INFO - Processing file /opt/anaconda3/lib/python3.12/site-packages/airflow/example_dags/subdags/subdag.py for tasks to queue
[2025-04-13T13:07:23.281-0400] {logging_mixin.py:188} INFO - [2025-04-13T13:07:23.281-0400] {dagbag.py:540} INFO - Filling up the DagBag from /opt/anaconda3/lib/python3.12/site-packages/airflow/example_dags/subdags/subdag.py
[2025-04-13T13:07:23.282-0400] {processor.py:842} WARNING - No viable dags retrieved from /opt/anaconda3/lib/python3.12/site-packages/airflow/example_dags/subdags/subdag.py
[2025-04-13T13:07:23.307-0400] {processor.py:183} INFO - Processing /opt/anaconda3/lib/python3.12/site-packages/airflow/example_dags/subdags/subdag.py took 0.028 seconds
[2025-04-13T13:09:03.577-0400] {processor.py:161} INFO - Started process (PID=34896) to work on /opt/anaconda3/lib/python3.12/site-packages/airflow/example_dags/subdags/subdag.py
[2025-04-13T13:09:03.578-0400] {processor.py:830} INFO - Processing file /opt/anaconda3/lib/python3.12/site-packages/airflow/example_dags/subdags/subdag.py for tasks to queue
[2025-04-13T13:09:03.578-0400] {logging_mixin.py:188} INFO - [2025-04-13T13:09:03.578-0400] {dagbag.py:540} INFO - Filling up the DagBag from /opt/anaconda3/lib/python3.12/site-packages/airflow/example_dags/subdags/subdag.py
[2025-04-13T13:09:03.579-0400] {processor.py:842} WARNING - No viable dags retrieved from /opt/anaconda3/lib/python3.12/site-packages/airflow/example_dags/subdags/subdag.py
[2025-04-13T13:09:03.603-0400] {processor.py:183} INFO - Processing /opt/anaconda3/lib/python3.12/site-packages/airflow/example_dags/subdags/subdag.py took 0.028 seconds
[2025-04-13T13:14:57.035-0400] {processor.py:161} INFO - Started process (PID=37045) to work on /opt/anaconda3/lib/python3.12/site-packages/airflow/example_dags/subdags/subdag.py
[2025-04-13T13:14:57.036-0400] {processor.py:830} INFO - Processing file /opt/anaconda3/lib/python3.12/site-packages/airflow/example_dags/subdags/subdag.py for tasks to queue
[2025-04-13T13:14:57.036-0400] {logging_mixin.py:188} INFO - [2025-04-13T13:14:57.036-0400] {dagbag.py:540} INFO - Filling up the DagBag from /opt/anaconda3/lib/python3.12/site-packages/airflow/example_dags/subdags/subdag.py
[2025-04-13T13:14:57.037-0400] {processor.py:842} WARNING - No viable dags retrieved from /opt/anaconda3/lib/python3.12/site-packages/airflow/example_dags/subdags/subdag.py
[2025-04-13T13:14:57.062-0400] {processor.py:183} INFO - Processing /opt/anaconda3/lib/python3.12/site-packages/airflow/example_dags/subdags/subdag.py took 0.028 seconds
[2025-04-13T13:18:37.878-0400] {processor.py:161} INFO - Started process (PID=38541) to work on /opt/anaconda3/lib/python3.12/site-packages/airflow/example_dags/subdags/subdag.py
[2025-04-13T13:18:37.879-0400] {processor.py:830} INFO - Processing file /opt/anaconda3/lib/python3.12/site-packages/airflow/example_dags/subdags/subdag.py for tasks to queue
[2025-04-13T13:18:37.879-0400] {logging_mixin.py:188} INFO - [2025-04-13T13:18:37.879-0400] {dagbag.py:540} INFO - Filling up the DagBag from /opt/anaconda3/lib/python3.12/site-packages/airflow/example_dags/subdags/subdag.py
[2025-04-13T13:18:37.880-0400] {processor.py:842} WARNING - No viable dags retrieved from /opt/anaconda3/lib/python3.12/site-packages/airflow/example_dags/subdags/subdag.py
[2025-04-13T13:18:37.904-0400] {processor.py:183} INFO - Processing /opt/anaconda3/lib/python3.12/site-packages/airflow/example_dags/subdags/subdag.py took 0.027 seconds
[2025-04-13T13:20:52.458-0400] {processor.py:161} INFO - Started process (PID=39516) to work on /opt/anaconda3/lib/python3.12/site-packages/airflow/example_dags/subdags/subdag.py
[2025-04-13T13:20:52.459-0400] {processor.py:830} INFO - Processing file /opt/anaconda3/lib/python3.12/site-packages/airflow/example_dags/subdags/subdag.py for tasks to queue
[2025-04-13T13:20:52.459-0400] {logging_mixin.py:188} INFO - [2025-04-13T13:20:52.459-0400] {dagbag.py:540} INFO - Filling up the DagBag from /opt/anaconda3/lib/python3.12/site-packages/airflow/example_dags/subdags/subdag.py
[2025-04-13T13:20:52.459-0400] {processor.py:842} WARNING - No viable dags retrieved from /opt/anaconda3/lib/python3.12/site-packages/airflow/example_dags/subdags/subdag.py
[2025-04-13T13:20:52.484-0400] {processor.py:183} INFO - Processing /opt/anaconda3/lib/python3.12/site-packages/airflow/example_dags/subdags/subdag.py took 0.027 seconds
[2025-04-13T13:23:06.624-0400] {processor.py:161} INFO - Started process (PID=40453) to work on /opt/anaconda3/lib/python3.12/site-packages/airflow/example_dags/subdags/subdag.py
[2025-04-13T13:23:06.625-0400] {processor.py:830} INFO - Processing file /opt/anaconda3/lib/python3.12/site-packages/airflow/example_dags/subdags/subdag.py for tasks to queue
[2025-04-13T13:23:06.625-0400] {logging_mixin.py:188} INFO - [2025-04-13T13:23:06.625-0400] {dagbag.py:540} INFO - Filling up the DagBag from /opt/anaconda3/lib/python3.12/site-packages/airflow/example_dags/subdags/subdag.py
[2025-04-13T13:23:06.626-0400] {processor.py:842} WARNING - No viable dags retrieved from /opt/anaconda3/lib/python3.12/site-packages/airflow/example_dags/subdags/subdag.py
[2025-04-13T13:23:06.651-0400] {processor.py:183} INFO - Processing /opt/anaconda3/lib/python3.12/site-packages/airflow/example_dags/subdags/subdag.py took 0.028 seconds
[2025-04-13T13:24:46.834-0400] {processor.py:161} INFO - Started process (PID=41144) to work on /opt/anaconda3/lib/python3.12/site-packages/airflow/example_dags/subdags/subdag.py
[2025-04-13T13:24:46.835-0400] {processor.py:830} INFO - Processing file /opt/anaconda3/lib/python3.12/site-packages/airflow/example_dags/subdags/subdag.py for tasks to queue
[2025-04-13T13:24:46.835-0400] {logging_mixin.py:188} INFO - [2025-04-13T13:24:46.835-0400] {dagbag.py:540} INFO - Filling up the DagBag from /opt/anaconda3/lib/python3.12/site-packages/airflow/example_dags/subdags/subdag.py
[2025-04-13T13:24:46.836-0400] {processor.py:842} WARNING - No viable dags retrieved from /opt/anaconda3/lib/python3.12/site-packages/airflow/example_dags/subdags/subdag.py
[2025-04-13T13:24:46.861-0400] {processor.py:183} INFO - Processing /opt/anaconda3/lib/python3.12/site-packages/airflow/example_dags/subdags/subdag.py took 0.028 seconds
[2025-04-13T13:25:53.253-0400] {processor.py:161} INFO - Started process (PID=41590) to work on /opt/anaconda3/lib/python3.12/site-packages/airflow/example_dags/subdags/subdag.py
[2025-04-13T13:25:53.255-0400] {processor.py:830} INFO - Processing file /opt/anaconda3/lib/python3.12/site-packages/airflow/example_dags/subdags/subdag.py for tasks to queue
[2025-04-13T13:25:53.255-0400] {logging_mixin.py:188} INFO - [2025-04-13T13:25:53.255-0400] {dagbag.py:540} INFO - Filling up the DagBag from /opt/anaconda3/lib/python3.12/site-packages/airflow/example_dags/subdags/subdag.py
[2025-04-13T13:25:53.256-0400] {processor.py:842} WARNING - No viable dags retrieved from /opt/anaconda3/lib/python3.12/site-packages/airflow/example_dags/subdags/subdag.py
[2025-04-13T13:25:53.280-0400] {processor.py:183} INFO - Processing /opt/anaconda3/lib/python3.12/site-packages/airflow/example_dags/subdags/subdag.py took 0.027 seconds
[2025-04-13T13:26:54.164-0400] {processor.py:161} INFO - Started process (PID=41990) to work on /opt/anaconda3/lib/python3.12/site-packages/airflow/example_dags/subdags/subdag.py
[2025-04-13T13:26:54.164-0400] {processor.py:830} INFO - Processing file /opt/anaconda3/lib/python3.12/site-packages/airflow/example_dags/subdags/subdag.py for tasks to queue
[2025-04-13T13:26:54.165-0400] {logging_mixin.py:188} INFO - [2025-04-13T13:26:54.165-0400] {dagbag.py:540} INFO - Filling up the DagBag from /opt/anaconda3/lib/python3.12/site-packages/airflow/example_dags/subdags/subdag.py
[2025-04-13T13:26:54.166-0400] {processor.py:842} WARNING - No viable dags retrieved from /opt/anaconda3/lib/python3.12/site-packages/airflow/example_dags/subdags/subdag.py
[2025-04-13T13:26:54.190-0400] {processor.py:183} INFO - Processing /opt/anaconda3/lib/python3.12/site-packages/airflow/example_dags/subdags/subdag.py took 0.028 seconds
[2025-04-13T13:28:00.144-0400] {processor.py:161} INFO - Started process (PID=42432) to work on /opt/anaconda3/lib/python3.12/site-packages/airflow/example_dags/subdags/subdag.py
[2025-04-13T13:28:00.145-0400] {processor.py:830} INFO - Processing file /opt/anaconda3/lib/python3.12/site-packages/airflow/example_dags/subdags/subdag.py for tasks to queue
[2025-04-13T13:28:00.145-0400] {logging_mixin.py:188} INFO - [2025-04-13T13:28:00.145-0400] {dagbag.py:540} INFO - Filling up the DagBag from /opt/anaconda3/lib/python3.12/site-packages/airflow/example_dags/subdags/subdag.py
[2025-04-13T13:28:00.146-0400] {processor.py:842} WARNING - No viable dags retrieved from /opt/anaconda3/lib/python3.12/site-packages/airflow/example_dags/subdags/subdag.py
[2025-04-13T13:28:00.170-0400] {processor.py:183} INFO - Processing /opt/anaconda3/lib/python3.12/site-packages/airflow/example_dags/subdags/subdag.py took 0.027 seconds
[2025-04-13T13:29:04.996-0400] {processor.py:161} INFO - Started process (PID=42864) to work on /opt/anaconda3/lib/python3.12/site-packages/airflow/example_dags/subdags/subdag.py
[2025-04-13T13:29:04.996-0400] {processor.py:830} INFO - Processing file /opt/anaconda3/lib/python3.12/site-packages/airflow/example_dags/subdags/subdag.py for tasks to queue
[2025-04-13T13:29:04.997-0400] {logging_mixin.py:188} INFO - [2025-04-13T13:29:04.997-0400] {dagbag.py:540} INFO - Filling up the DagBag from /opt/anaconda3/lib/python3.12/site-packages/airflow/example_dags/subdags/subdag.py
[2025-04-13T13:29:04.998-0400] {processor.py:842} WARNING - No viable dags retrieved from /opt/anaconda3/lib/python3.12/site-packages/airflow/example_dags/subdags/subdag.py
[2025-04-13T13:29:05.023-0400] {processor.py:183} INFO - Processing /opt/anaconda3/lib/python3.12/site-packages/airflow/example_dags/subdags/subdag.py took 0.028 seconds
[2025-04-13T13:31:22.592-0400] {processor.py:161} INFO - Started process (PID=43733) to work on /opt/anaconda3/lib/python3.12/site-packages/airflow/example_dags/subdags/subdag.py
[2025-04-13T13:31:22.593-0400] {processor.py:830} INFO - Processing file /opt/anaconda3/lib/python3.12/site-packages/airflow/example_dags/subdags/subdag.py for tasks to queue
[2025-04-13T13:31:22.593-0400] {logging_mixin.py:188} INFO - [2025-04-13T13:31:22.593-0400] {dagbag.py:540} INFO - Filling up the DagBag from /opt/anaconda3/lib/python3.12/site-packages/airflow/example_dags/subdags/subdag.py
[2025-04-13T13:31:22.594-0400] {processor.py:842} WARNING - No viable dags retrieved from /opt/anaconda3/lib/python3.12/site-packages/airflow/example_dags/subdags/subdag.py
[2025-04-13T13:31:22.618-0400] {processor.py:183} INFO - Processing /opt/anaconda3/lib/python3.12/site-packages/airflow/example_dags/subdags/subdag.py took 0.027 seconds
[2025-04-13T13:33:01.986-0400] {processor.py:161} INFO - Started process (PID=44403) to work on /opt/anaconda3/lib/python3.12/site-packages/airflow/example_dags/subdags/subdag.py
[2025-04-13T13:33:01.987-0400] {processor.py:830} INFO - Processing file /opt/anaconda3/lib/python3.12/site-packages/airflow/example_dags/subdags/subdag.py for tasks to queue
[2025-04-13T13:33:01.987-0400] {logging_mixin.py:188} INFO - [2025-04-13T13:33:01.987-0400] {dagbag.py:540} INFO - Filling up the DagBag from /opt/anaconda3/lib/python3.12/site-packages/airflow/example_dags/subdags/subdag.py
[2025-04-13T13:33:01.988-0400] {processor.py:842} WARNING - No viable dags retrieved from /opt/anaconda3/lib/python3.12/site-packages/airflow/example_dags/subdags/subdag.py
[2025-04-13T13:33:02.012-0400] {processor.py:183} INFO - Processing /opt/anaconda3/lib/python3.12/site-packages/airflow/example_dags/subdags/subdag.py took 0.027 seconds
[2025-04-13T13:35:44.925-0400] {processor.py:161} INFO - Started process (PID=44926) to work on /opt/anaconda3/lib/python3.12/site-packages/airflow/example_dags/subdags/subdag.py
[2025-04-13T13:35:44.926-0400] {processor.py:830} INFO - Processing file /opt/anaconda3/lib/python3.12/site-packages/airflow/example_dags/subdags/subdag.py for tasks to queue
[2025-04-13T13:35:44.927-0400] {logging_mixin.py:188} INFO - [2025-04-13T13:35:44.927-0400] {dagbag.py:540} INFO - Filling up the DagBag from /opt/anaconda3/lib/python3.12/site-packages/airflow/example_dags/subdags/subdag.py
[2025-04-13T13:35:44.928-0400] {processor.py:842} WARNING - No viable dags retrieved from /opt/anaconda3/lib/python3.12/site-packages/airflow/example_dags/subdags/subdag.py
[2025-04-13T13:35:44.952-0400] {processor.py:183} INFO - Processing /opt/anaconda3/lib/python3.12/site-packages/airflow/example_dags/subdags/subdag.py took 0.028 seconds
[2025-04-13T13:37:10.519-0400] {processor.py:161} INFO - Started process (PID=45523) to work on /opt/anaconda3/lib/python3.12/site-packages/airflow/example_dags/subdags/subdag.py
[2025-04-13T13:37:10.520-0400] {processor.py:830} INFO - Processing file /opt/anaconda3/lib/python3.12/site-packages/airflow/example_dags/subdags/subdag.py for tasks to queue
[2025-04-13T13:37:10.520-0400] {logging_mixin.py:188} INFO - [2025-04-13T13:37:10.520-0400] {dagbag.py:540} INFO - Filling up the DagBag from /opt/anaconda3/lib/python3.12/site-packages/airflow/example_dags/subdags/subdag.py
[2025-04-13T13:37:10.521-0400] {processor.py:842} WARNING - No viable dags retrieved from /opt/anaconda3/lib/python3.12/site-packages/airflow/example_dags/subdags/subdag.py
[2025-04-13T13:37:10.546-0400] {processor.py:183} INFO - Processing /opt/anaconda3/lib/python3.12/site-packages/airflow/example_dags/subdags/subdag.py took 0.027 seconds
[2025-04-13T13:38:18.315-0400] {processor.py:161} INFO - Started process (PID=45969) to work on /opt/anaconda3/lib/python3.12/site-packages/airflow/example_dags/subdags/subdag.py
[2025-04-13T13:38:18.316-0400] {processor.py:830} INFO - Processing file /opt/anaconda3/lib/python3.12/site-packages/airflow/example_dags/subdags/subdag.py for tasks to queue
[2025-04-13T13:38:18.316-0400] {logging_mixin.py:188} INFO - [2025-04-13T13:38:18.316-0400] {dagbag.py:540} INFO - Filling up the DagBag from /opt/anaconda3/lib/python3.12/site-packages/airflow/example_dags/subdags/subdag.py
[2025-04-13T13:38:18.317-0400] {processor.py:842} WARNING - No viable dags retrieved from /opt/anaconda3/lib/python3.12/site-packages/airflow/example_dags/subdags/subdag.py
[2025-04-13T13:38:18.341-0400] {processor.py:183} INFO - Processing /opt/anaconda3/lib/python3.12/site-packages/airflow/example_dags/subdags/subdag.py took 0.027 seconds
[2025-04-13T13:39:26.614-0400] {processor.py:161} INFO - Started process (PID=46418) to work on /opt/anaconda3/lib/python3.12/site-packages/airflow/example_dags/subdags/subdag.py
[2025-04-13T13:39:26.615-0400] {processor.py:830} INFO - Processing file /opt/anaconda3/lib/python3.12/site-packages/airflow/example_dags/subdags/subdag.py for tasks to queue
[2025-04-13T13:39:26.615-0400] {logging_mixin.py:188} INFO - [2025-04-13T13:39:26.615-0400] {dagbag.py:540} INFO - Filling up the DagBag from /opt/anaconda3/lib/python3.12/site-packages/airflow/example_dags/subdags/subdag.py
[2025-04-13T13:39:26.616-0400] {processor.py:842} WARNING - No viable dags retrieved from /opt/anaconda3/lib/python3.12/site-packages/airflow/example_dags/subdags/subdag.py
[2025-04-13T13:39:26.641-0400] {processor.py:183} INFO - Processing /opt/anaconda3/lib/python3.12/site-packages/airflow/example_dags/subdags/subdag.py took 0.028 seconds
[2025-04-13T13:40:31.392-0400] {processor.py:161} INFO - Started process (PID=46881) to work on /opt/anaconda3/lib/python3.12/site-packages/airflow/example_dags/subdags/subdag.py
[2025-04-13T13:40:31.393-0400] {processor.py:830} INFO - Processing file /opt/anaconda3/lib/python3.12/site-packages/airflow/example_dags/subdags/subdag.py for tasks to queue
[2025-04-13T13:40:31.393-0400] {logging_mixin.py:188} INFO - [2025-04-13T13:40:31.393-0400] {dagbag.py:540} INFO - Filling up the DagBag from /opt/anaconda3/lib/python3.12/site-packages/airflow/example_dags/subdags/subdag.py
[2025-04-13T13:40:31.394-0400] {processor.py:842} WARNING - No viable dags retrieved from /opt/anaconda3/lib/python3.12/site-packages/airflow/example_dags/subdags/subdag.py
[2025-04-13T13:40:31.419-0400] {processor.py:183} INFO - Processing /opt/anaconda3/lib/python3.12/site-packages/airflow/example_dags/subdags/subdag.py took 0.027 seconds
[2025-04-13T13:41:37.868-0400] {processor.py:161} INFO - Started process (PID=47324) to work on /opt/anaconda3/lib/python3.12/site-packages/airflow/example_dags/subdags/subdag.py
[2025-04-13T13:41:37.869-0400] {processor.py:830} INFO - Processing file /opt/anaconda3/lib/python3.12/site-packages/airflow/example_dags/subdags/subdag.py for tasks to queue
[2025-04-13T13:41:37.870-0400] {logging_mixin.py:188} INFO - [2025-04-13T13:41:37.869-0400] {dagbag.py:540} INFO - Filling up the DagBag from /opt/anaconda3/lib/python3.12/site-packages/airflow/example_dags/subdags/subdag.py
[2025-04-13T13:41:37.870-0400] {processor.py:842} WARNING - No viable dags retrieved from /opt/anaconda3/lib/python3.12/site-packages/airflow/example_dags/subdags/subdag.py
[2025-04-13T13:41:37.895-0400] {processor.py:183} INFO - Processing /opt/anaconda3/lib/python3.12/site-packages/airflow/example_dags/subdags/subdag.py took 0.028 seconds
[2025-04-13T13:42:43.363-0400] {processor.py:161} INFO - Started process (PID=47766) to work on /opt/anaconda3/lib/python3.12/site-packages/airflow/example_dags/subdags/subdag.py
[2025-04-13T13:42:43.364-0400] {processor.py:830} INFO - Processing file /opt/anaconda3/lib/python3.12/site-packages/airflow/example_dags/subdags/subdag.py for tasks to queue
[2025-04-13T13:42:43.364-0400] {logging_mixin.py:188} INFO - [2025-04-13T13:42:43.364-0400] {dagbag.py:540} INFO - Filling up the DagBag from /opt/anaconda3/lib/python3.12/site-packages/airflow/example_dags/subdags/subdag.py
[2025-04-13T13:42:43.365-0400] {processor.py:842} WARNING - No viable dags retrieved from /opt/anaconda3/lib/python3.12/site-packages/airflow/example_dags/subdags/subdag.py
[2025-04-13T13:42:43.389-0400] {processor.py:183} INFO - Processing /opt/anaconda3/lib/python3.12/site-packages/airflow/example_dags/subdags/subdag.py took 0.027 seconds
[2025-04-13T13:43:49.106-0400] {processor.py:161} INFO - Started process (PID=48207) to work on /opt/anaconda3/lib/python3.12/site-packages/airflow/example_dags/subdags/subdag.py
[2025-04-13T13:43:49.107-0400] {processor.py:830} INFO - Processing file /opt/anaconda3/lib/python3.12/site-packages/airflow/example_dags/subdags/subdag.py for tasks to queue
[2025-04-13T13:43:49.107-0400] {logging_mixin.py:188} INFO - [2025-04-13T13:43:49.107-0400] {dagbag.py:540} INFO - Filling up the DagBag from /opt/anaconda3/lib/python3.12/site-packages/airflow/example_dags/subdags/subdag.py
[2025-04-13T13:43:49.108-0400] {processor.py:842} WARNING - No viable dags retrieved from /opt/anaconda3/lib/python3.12/site-packages/airflow/example_dags/subdags/subdag.py
[2025-04-13T13:43:49.133-0400] {processor.py:183} INFO - Processing /opt/anaconda3/lib/python3.12/site-packages/airflow/example_dags/subdags/subdag.py took 0.028 seconds
[2025-04-13T13:44:55.372-0400] {processor.py:161} INFO - Started process (PID=48664) to work on /opt/anaconda3/lib/python3.12/site-packages/airflow/example_dags/subdags/subdag.py
[2025-04-13T13:44:55.373-0400] {processor.py:830} INFO - Processing file /opt/anaconda3/lib/python3.12/site-packages/airflow/example_dags/subdags/subdag.py for tasks to queue
[2025-04-13T13:44:55.373-0400] {logging_mixin.py:188} INFO - [2025-04-13T13:44:55.373-0400] {dagbag.py:540} INFO - Filling up the DagBag from /opt/anaconda3/lib/python3.12/site-packages/airflow/example_dags/subdags/subdag.py
[2025-04-13T13:44:55.374-0400] {processor.py:842} WARNING - No viable dags retrieved from /opt/anaconda3/lib/python3.12/site-packages/airflow/example_dags/subdags/subdag.py
[2025-04-13T13:44:55.398-0400] {processor.py:183} INFO - Processing /opt/anaconda3/lib/python3.12/site-packages/airflow/example_dags/subdags/subdag.py took 0.027 seconds
[2025-04-13T13:46:04.679-0400] {processor.py:161} INFO - Started process (PID=49130) to work on /opt/anaconda3/lib/python3.12/site-packages/airflow/example_dags/subdags/subdag.py
[2025-04-13T13:46:04.680-0400] {processor.py:830} INFO - Processing file /opt/anaconda3/lib/python3.12/site-packages/airflow/example_dags/subdags/subdag.py for tasks to queue
[2025-04-13T13:46:04.681-0400] {logging_mixin.py:188} INFO - [2025-04-13T13:46:04.681-0400] {dagbag.py:540} INFO - Filling up the DagBag from /opt/anaconda3/lib/python3.12/site-packages/airflow/example_dags/subdags/subdag.py
[2025-04-13T13:46:04.682-0400] {processor.py:842} WARNING - No viable dags retrieved from /opt/anaconda3/lib/python3.12/site-packages/airflow/example_dags/subdags/subdag.py
[2025-04-13T13:46:04.707-0400] {processor.py:183} INFO - Processing /opt/anaconda3/lib/python3.12/site-packages/airflow/example_dags/subdags/subdag.py took 0.028 seconds
[2025-04-13T13:47:17.269-0400] {processor.py:161} INFO - Started process (PID=49604) to work on /opt/anaconda3/lib/python3.12/site-packages/airflow/example_dags/subdags/subdag.py
[2025-04-13T13:47:17.270-0400] {processor.py:830} INFO - Processing file /opt/anaconda3/lib/python3.12/site-packages/airflow/example_dags/subdags/subdag.py for tasks to queue
[2025-04-13T13:47:17.270-0400] {logging_mixin.py:188} INFO - [2025-04-13T13:47:17.270-0400] {dagbag.py:540} INFO - Filling up the DagBag from /opt/anaconda3/lib/python3.12/site-packages/airflow/example_dags/subdags/subdag.py
[2025-04-13T13:47:17.271-0400] {processor.py:842} WARNING - No viable dags retrieved from /opt/anaconda3/lib/python3.12/site-packages/airflow/example_dags/subdags/subdag.py
[2025-04-13T13:47:17.295-0400] {processor.py:183} INFO - Processing /opt/anaconda3/lib/python3.12/site-packages/airflow/example_dags/subdags/subdag.py took 0.027 seconds
[2025-04-13T13:48:28.714-0400] {processor.py:161} INFO - Started process (PID=50069) to work on /opt/anaconda3/lib/python3.12/site-packages/airflow/example_dags/subdags/subdag.py
[2025-04-13T13:48:28.715-0400] {processor.py:830} INFO - Processing file /opt/anaconda3/lib/python3.12/site-packages/airflow/example_dags/subdags/subdag.py for tasks to queue
[2025-04-13T13:48:28.715-0400] {logging_mixin.py:188} INFO - [2025-04-13T13:48:28.715-0400] {dagbag.py:540} INFO - Filling up the DagBag from /opt/anaconda3/lib/python3.12/site-packages/airflow/example_dags/subdags/subdag.py
[2025-04-13T13:48:28.716-0400] {processor.py:842} WARNING - No viable dags retrieved from /opt/anaconda3/lib/python3.12/site-packages/airflow/example_dags/subdags/subdag.py
[2025-04-13T13:48:28.741-0400] {processor.py:183} INFO - Processing /opt/anaconda3/lib/python3.12/site-packages/airflow/example_dags/subdags/subdag.py took 0.028 seconds
[2025-04-13T13:49:38.571-0400] {processor.py:161} INFO - Started process (PID=50522) to work on /opt/anaconda3/lib/python3.12/site-packages/airflow/example_dags/subdags/subdag.py
[2025-04-13T13:49:38.571-0400] {processor.py:830} INFO - Processing file /opt/anaconda3/lib/python3.12/site-packages/airflow/example_dags/subdags/subdag.py for tasks to queue
[2025-04-13T13:49:38.571-0400] {logging_mixin.py:188} INFO - [2025-04-13T13:49:38.571-0400] {dagbag.py:540} INFO - Filling up the DagBag from /opt/anaconda3/lib/python3.12/site-packages/airflow/example_dags/subdags/subdag.py
[2025-04-13T13:49:38.572-0400] {processor.py:842} WARNING - No viable dags retrieved from /opt/anaconda3/lib/python3.12/site-packages/airflow/example_dags/subdags/subdag.py
[2025-04-13T13:49:38.597-0400] {processor.py:183} INFO - Processing /opt/anaconda3/lib/python3.12/site-packages/airflow/example_dags/subdags/subdag.py took 0.027 seconds
[2025-04-13T13:50:48.465-0400] {processor.py:161} INFO - Started process (PID=50986) to work on /opt/anaconda3/lib/python3.12/site-packages/airflow/example_dags/subdags/subdag.py
[2025-04-13T13:50:48.465-0400] {processor.py:830} INFO - Processing file /opt/anaconda3/lib/python3.12/site-packages/airflow/example_dags/subdags/subdag.py for tasks to queue
[2025-04-13T13:50:48.466-0400] {logging_mixin.py:188} INFO - [2025-04-13T13:50:48.466-0400] {dagbag.py:540} INFO - Filling up the DagBag from /opt/anaconda3/lib/python3.12/site-packages/airflow/example_dags/subdags/subdag.py
[2025-04-13T13:50:48.467-0400] {processor.py:842} WARNING - No viable dags retrieved from /opt/anaconda3/lib/python3.12/site-packages/airflow/example_dags/subdags/subdag.py
[2025-04-13T13:50:48.491-0400] {processor.py:183} INFO - Processing /opt/anaconda3/lib/python3.12/site-packages/airflow/example_dags/subdags/subdag.py took 0.027 seconds
[2025-04-13T13:51:56.247-0400] {processor.py:161} INFO - Started process (PID=51459) to work on /opt/anaconda3/lib/python3.12/site-packages/airflow/example_dags/subdags/subdag.py
[2025-04-13T13:51:56.248-0400] {processor.py:830} INFO - Processing file /opt/anaconda3/lib/python3.12/site-packages/airflow/example_dags/subdags/subdag.py for tasks to queue
[2025-04-13T13:51:56.249-0400] {logging_mixin.py:188} INFO - [2025-04-13T13:51:56.249-0400] {dagbag.py:540} INFO - Filling up the DagBag from /opt/anaconda3/lib/python3.12/site-packages/airflow/example_dags/subdags/subdag.py
[2025-04-13T13:51:56.250-0400] {processor.py:842} WARNING - No viable dags retrieved from /opt/anaconda3/lib/python3.12/site-packages/airflow/example_dags/subdags/subdag.py
[2025-04-13T13:51:56.274-0400] {processor.py:183} INFO - Processing /opt/anaconda3/lib/python3.12/site-packages/airflow/example_dags/subdags/subdag.py took 0.027 seconds
[2025-04-13T13:53:06.415-0400] {processor.py:161} INFO - Started process (PID=51941) to work on /opt/anaconda3/lib/python3.12/site-packages/airflow/example_dags/subdags/subdag.py
[2025-04-13T13:53:06.416-0400] {processor.py:830} INFO - Processing file /opt/anaconda3/lib/python3.12/site-packages/airflow/example_dags/subdags/subdag.py for tasks to queue
[2025-04-13T13:53:06.416-0400] {logging_mixin.py:188} INFO - [2025-04-13T13:53:06.416-0400] {dagbag.py:540} INFO - Filling up the DagBag from /opt/anaconda3/lib/python3.12/site-packages/airflow/example_dags/subdags/subdag.py
[2025-04-13T13:53:06.417-0400] {processor.py:842} WARNING - No viable dags retrieved from /opt/anaconda3/lib/python3.12/site-packages/airflow/example_dags/subdags/subdag.py
[2025-04-13T13:53:06.443-0400] {processor.py:183} INFO - Processing /opt/anaconda3/lib/python3.12/site-packages/airflow/example_dags/subdags/subdag.py took 0.029 seconds
[2025-04-13T13:54:16.940-0400] {processor.py:161} INFO - Started process (PID=52404) to work on /opt/anaconda3/lib/python3.12/site-packages/airflow/example_dags/subdags/subdag.py
[2025-04-13T13:54:16.941-0400] {processor.py:830} INFO - Processing file /opt/anaconda3/lib/python3.12/site-packages/airflow/example_dags/subdags/subdag.py for tasks to queue
[2025-04-13T13:54:16.941-0400] {logging_mixin.py:188} INFO - [2025-04-13T13:54:16.941-0400] {dagbag.py:540} INFO - Filling up the DagBag from /opt/anaconda3/lib/python3.12/site-packages/airflow/example_dags/subdags/subdag.py
[2025-04-13T13:54:16.942-0400] {processor.py:842} WARNING - No viable dags retrieved from /opt/anaconda3/lib/python3.12/site-packages/airflow/example_dags/subdags/subdag.py
[2025-04-13T13:54:16.967-0400] {processor.py:183} INFO - Processing /opt/anaconda3/lib/python3.12/site-packages/airflow/example_dags/subdags/subdag.py took 0.028 seconds
[2025-04-13T13:55:23.698-0400] {processor.py:161} INFO - Started process (PID=52846) to work on /opt/anaconda3/lib/python3.12/site-packages/airflow/example_dags/subdags/subdag.py
[2025-04-13T13:55:23.699-0400] {processor.py:830} INFO - Processing file /opt/anaconda3/lib/python3.12/site-packages/airflow/example_dags/subdags/subdag.py for tasks to queue
[2025-04-13T13:55:23.699-0400] {logging_mixin.py:188} INFO - [2025-04-13T13:55:23.699-0400] {dagbag.py:540} INFO - Filling up the DagBag from /opt/anaconda3/lib/python3.12/site-packages/airflow/example_dags/subdags/subdag.py
[2025-04-13T13:55:23.700-0400] {processor.py:842} WARNING - No viable dags retrieved from /opt/anaconda3/lib/python3.12/site-packages/airflow/example_dags/subdags/subdag.py
[2025-04-13T13:55:23.725-0400] {processor.py:183} INFO - Processing /opt/anaconda3/lib/python3.12/site-packages/airflow/example_dags/subdags/subdag.py took 0.028 seconds
[2025-04-13T13:56:31.591-0400] {processor.py:161} INFO - Started process (PID=53318) to work on /opt/anaconda3/lib/python3.12/site-packages/airflow/example_dags/subdags/subdag.py
[2025-04-13T13:56:31.592-0400] {processor.py:830} INFO - Processing file /opt/anaconda3/lib/python3.12/site-packages/airflow/example_dags/subdags/subdag.py for tasks to queue
[2025-04-13T13:56:31.592-0400] {logging_mixin.py:188} INFO - [2025-04-13T13:56:31.592-0400] {dagbag.py:540} INFO - Filling up the DagBag from /opt/anaconda3/lib/python3.12/site-packages/airflow/example_dags/subdags/subdag.py
[2025-04-13T13:56:31.593-0400] {processor.py:842} WARNING - No viable dags retrieved from /opt/anaconda3/lib/python3.12/site-packages/airflow/example_dags/subdags/subdag.py
[2025-04-13T13:56:31.618-0400] {processor.py:183} INFO - Processing /opt/anaconda3/lib/python3.12/site-packages/airflow/example_dags/subdags/subdag.py took 0.028 seconds
[2025-04-13T13:57:40.758-0400] {processor.py:161} INFO - Started process (PID=53796) to work on /opt/anaconda3/lib/python3.12/site-packages/airflow/example_dags/subdags/subdag.py
[2025-04-13T13:57:40.760-0400] {processor.py:830} INFO - Processing file /opt/anaconda3/lib/python3.12/site-packages/airflow/example_dags/subdags/subdag.py for tasks to queue
[2025-04-13T13:57:40.760-0400] {logging_mixin.py:188} INFO - [2025-04-13T13:57:40.760-0400] {dagbag.py:540} INFO - Filling up the DagBag from /opt/anaconda3/lib/python3.12/site-packages/airflow/example_dags/subdags/subdag.py
[2025-04-13T13:57:40.761-0400] {processor.py:842} WARNING - No viable dags retrieved from /opt/anaconda3/lib/python3.12/site-packages/airflow/example_dags/subdags/subdag.py
[2025-04-13T13:57:40.785-0400] {processor.py:183} INFO - Processing /opt/anaconda3/lib/python3.12/site-packages/airflow/example_dags/subdags/subdag.py took 0.027 seconds
[2025-04-13T13:58:46.781-0400] {processor.py:161} INFO - Started process (PID=54234) to work on /opt/anaconda3/lib/python3.12/site-packages/airflow/example_dags/subdags/subdag.py
[2025-04-13T13:58:46.782-0400] {processor.py:830} INFO - Processing file /opt/anaconda3/lib/python3.12/site-packages/airflow/example_dags/subdags/subdag.py for tasks to queue
[2025-04-13T13:58:46.782-0400] {logging_mixin.py:188} INFO - [2025-04-13T13:58:46.782-0400] {dagbag.py:540} INFO - Filling up the DagBag from /opt/anaconda3/lib/python3.12/site-packages/airflow/example_dags/subdags/subdag.py
[2025-04-13T13:58:46.783-0400] {processor.py:842} WARNING - No viable dags retrieved from /opt/anaconda3/lib/python3.12/site-packages/airflow/example_dags/subdags/subdag.py
[2025-04-13T13:58:46.808-0400] {processor.py:183} INFO - Processing /opt/anaconda3/lib/python3.12/site-packages/airflow/example_dags/subdags/subdag.py took 0.027 seconds
[2025-04-13T13:59:53.865-0400] {processor.py:161} INFO - Started process (PID=54734) to work on /opt/anaconda3/lib/python3.12/site-packages/airflow/example_dags/subdags/subdag.py
[2025-04-13T13:59:53.866-0400] {processor.py:830} INFO - Processing file /opt/anaconda3/lib/python3.12/site-packages/airflow/example_dags/subdags/subdag.py for tasks to queue
[2025-04-13T13:59:53.866-0400] {logging_mixin.py:188} INFO - [2025-04-13T13:59:53.866-0400] {dagbag.py:540} INFO - Filling up the DagBag from /opt/anaconda3/lib/python3.12/site-packages/airflow/example_dags/subdags/subdag.py
[2025-04-13T13:59:53.867-0400] {processor.py:842} WARNING - No viable dags retrieved from /opt/anaconda3/lib/python3.12/site-packages/airflow/example_dags/subdags/subdag.py
[2025-04-13T13:59:53.892-0400] {processor.py:183} INFO - Processing /opt/anaconda3/lib/python3.12/site-packages/airflow/example_dags/subdags/subdag.py took 0.027 seconds
[2025-04-13T14:01:03.221-0400] {processor.py:161} INFO - Started process (PID=55206) to work on /opt/anaconda3/lib/python3.12/site-packages/airflow/example_dags/subdags/subdag.py
[2025-04-13T14:01:03.222-0400] {processor.py:830} INFO - Processing file /opt/anaconda3/lib/python3.12/site-packages/airflow/example_dags/subdags/subdag.py for tasks to queue
[2025-04-13T14:01:03.222-0400] {logging_mixin.py:188} INFO - [2025-04-13T14:01:03.222-0400] {dagbag.py:540} INFO - Filling up the DagBag from /opt/anaconda3/lib/python3.12/site-packages/airflow/example_dags/subdags/subdag.py
[2025-04-13T14:01:03.223-0400] {processor.py:842} WARNING - No viable dags retrieved from /opt/anaconda3/lib/python3.12/site-packages/airflow/example_dags/subdags/subdag.py
[2025-04-13T14:01:03.247-0400] {processor.py:183} INFO - Processing /opt/anaconda3/lib/python3.12/site-packages/airflow/example_dags/subdags/subdag.py took 0.028 seconds
[2025-04-13T14:02:11.570-0400] {processor.py:161} INFO - Started process (PID=55661) to work on /opt/anaconda3/lib/python3.12/site-packages/airflow/example_dags/subdags/subdag.py
[2025-04-13T14:02:11.571-0400] {processor.py:830} INFO - Processing file /opt/anaconda3/lib/python3.12/site-packages/airflow/example_dags/subdags/subdag.py for tasks to queue
[2025-04-13T14:02:11.571-0400] {logging_mixin.py:188} INFO - [2025-04-13T14:02:11.571-0400] {dagbag.py:540} INFO - Filling up the DagBag from /opt/anaconda3/lib/python3.12/site-packages/airflow/example_dags/subdags/subdag.py
[2025-04-13T14:02:11.572-0400] {processor.py:842} WARNING - No viable dags retrieved from /opt/anaconda3/lib/python3.12/site-packages/airflow/example_dags/subdags/subdag.py
[2025-04-13T14:02:11.597-0400] {processor.py:183} INFO - Processing /opt/anaconda3/lib/python3.12/site-packages/airflow/example_dags/subdags/subdag.py took 0.028 seconds
