[2025-04-13T15:53:18.634-0400] {local_task_job_runner.py:120} INFO - ::group::Pre task execution logs
[2025-04-13T15:53:18.651-0400] {taskinstance.py:2073} INFO - Dependencies all met for dep_context=non-requeueable deps ti=<TaskInstance: job_scraping_pipeline.create_embeddings scheduled__2025-04-12T00:00:00+00:00 [queued]>
[2025-04-13T15:53:18.653-0400] {taskinstance.py:2073} INFO - Dependencies all met for dep_context=requeueable deps ti=<TaskInstance: job_scraping_pipeline.create_embeddings scheduled__2025-04-12T00:00:00+00:00 [queued]>
[2025-04-13T15:53:18.653-0400] {taskinstance.py:2303} INFO - Starting attempt 1 of 2
[2025-04-13T15:53:18.656-0400] {taskinstance.py:2327} INFO - Executing <Task(PythonOperator): create_embeddings> on 2025-04-12 00:00:00+00:00
[2025-04-13T15:53:18.663-0400] {logging_mixin.py:188} WARNING - /opt/anaconda3/lib/python3.12/site-packages/airflow/task/task_runner/standard_task_runner.py:61 DeprecationWarning: This process (pid=7548) is multi-threaded, use of fork() may lead to deadlocks in the child.
[2025-04-13T15:53:18.663-0400] {standard_task_runner.py:63} INFO - Started process 7564 to run task
[2025-04-13T15:53:18.662-0400] {standard_task_runner.py:90} INFO - Running: ['airflow', 'tasks', 'run', 'job_scraping_pipeline', 'create_embeddings', 'scheduled__2025-04-12T00:00:00+00:00', '--job-id', '4', '--raw', '--subdir', 'DAGS_FOLDER/job_scraping_pipeline.py', '--cfg-path', '/var/folders/0h/2g2z3yf96870c1b6bngz18w00000gn/T/tmp33hmvg6j']
[2025-04-13T15:53:18.664-0400] {standard_task_runner.py:91} INFO - Job 4: Subtask create_embeddings
[2025-04-13T15:53:18.678-0400] {task_command.py:426} INFO - Running <TaskInstance: job_scraping_pipeline.create_embeddings scheduled__2025-04-12T00:00:00+00:00 [running]> on host sahils-macbook-air-2.local
[2025-04-13T15:53:18.931-0400] {taskinstance.py:2644} INFO - Exporting env vars: AIRFLOW_CTX_DAG_OWNER='airflow' AIRFLOW_CTX_DAG_ID='job_scraping_pipeline' AIRFLOW_CTX_TASK_ID='create_embeddings' AIRFLOW_CTX_EXECUTION_DATE='2025-04-12T00:00:00+00:00' AIRFLOW_CTX_TRY_NUMBER='1' AIRFLOW_CTX_DAG_RUN_ID='scheduled__2025-04-12T00:00:00+00:00'
[2025-04-13T15:53:18.931-0400] {taskinstance.py:430} INFO - ::endgroup::
[2025-04-13T15:53:18.936-0400] {job_scraping_pipeline.py:66} INFO - Starting embeddings processing task
[2025-04-13T15:53:19.451-0400] {embeddings.py:78} INFO - Connected to Pinecone index: skillmatch-index
[2025-04-13T15:53:20.461-0400] {embeddings.py:96} WARNING - No files found in s3://skillmatchai1/jobs/raw_files/
[2025-04-13T15:53:20.461-0400] {job_scraping_pipeline.py:71} WARNING - No job files found to process
[2025-04-13T15:53:20.463-0400] {python.py:237} INFO - Done. Returned value was: []
[2025-04-13T15:53:20.463-0400] {taskinstance.py:441} INFO - ::group::Post task execution logs
[2025-04-13T15:53:20.468-0400] {taskinstance.py:1205} INFO - Marking task as SUCCESS. dag_id=job_scraping_pipeline, task_id=create_embeddings, execution_date=20250412T000000, start_date=20250413T195318, end_date=20250413T195320
[2025-04-13T15:53:20.477-0400] {local_task_job_runner.py:240} INFO - Task exited with return code 0
[2025-04-13T15:53:20.482-0400] {taskinstance.py:3482} INFO - 0 downstream tasks scheduled from follow-on schedule check
[2025-04-13T15:53:20.482-0400] {local_task_job_runner.py:222} INFO - ::endgroup::
