[2025-04-13T13:04:44.012-0400] {processor.py:161} INFO - Started process (PID=33096) to work on /opt/anaconda3/lib/python3.12/site-packages/airflow/example_dags/plugins/listener_plugin.py
[2025-04-13T13:04:44.013-0400] {processor.py:830} INFO - Processing file /opt/anaconda3/lib/python3.12/site-packages/airflow/example_dags/plugins/listener_plugin.py for tasks to queue
[2025-04-13T13:04:44.013-0400] {logging_mixin.py:188} INFO - [2025-04-13T13:04:44.013-0400] {dagbag.py:540} INFO - Filling up the DagBag from /opt/anaconda3/lib/python3.12/site-packages/airflow/example_dags/plugins/listener_plugin.py
[2025-04-13T13:04:44.014-0400] {processor.py:842} WARNING - No viable dags retrieved from /opt/anaconda3/lib/python3.12/site-packages/airflow/example_dags/plugins/listener_plugin.py
[2025-04-13T13:04:44.038-0400] {processor.py:183} INFO - Processing /opt/anaconda3/lib/python3.12/site-packages/airflow/example_dags/plugins/listener_plugin.py took 0.026 seconds
[2025-04-13T13:07:27.084-0400] {processor.py:161} INFO - Started process (PID=34242) to work on /opt/anaconda3/lib/python3.12/site-packages/airflow/example_dags/plugins/listener_plugin.py
[2025-04-13T13:07:27.085-0400] {processor.py:830} INFO - Processing file /opt/anaconda3/lib/python3.12/site-packages/airflow/example_dags/plugins/listener_plugin.py for tasks to queue
[2025-04-13T13:07:27.085-0400] {logging_mixin.py:188} INFO - [2025-04-13T13:07:27.085-0400] {dagbag.py:540} INFO - Filling up the DagBag from /opt/anaconda3/lib/python3.12/site-packages/airflow/example_dags/plugins/listener_plugin.py
[2025-04-13T13:07:27.086-0400] {processor.py:842} WARNING - No viable dags retrieved from /opt/anaconda3/lib/python3.12/site-packages/airflow/example_dags/plugins/listener_plugin.py
[2025-04-13T13:07:27.110-0400] {processor.py:183} INFO - Processing /opt/anaconda3/lib/python3.12/site-packages/airflow/example_dags/plugins/listener_plugin.py took 0.027 seconds
[2025-04-13T13:09:07.881-0400] {processor.py:161} INFO - Started process (PID=34923) to work on /opt/anaconda3/lib/python3.12/site-packages/airflow/example_dags/plugins/listener_plugin.py
[2025-04-13T13:09:07.882-0400] {processor.py:830} INFO - Processing file /opt/anaconda3/lib/python3.12/site-packages/airflow/example_dags/plugins/listener_plugin.py for tasks to queue
[2025-04-13T13:09:07.882-0400] {logging_mixin.py:188} INFO - [2025-04-13T13:09:07.882-0400] {dagbag.py:540} INFO - Filling up the DagBag from /opt/anaconda3/lib/python3.12/site-packages/airflow/example_dags/plugins/listener_plugin.py
[2025-04-13T13:09:07.884-0400] {processor.py:842} WARNING - No viable dags retrieved from /opt/anaconda3/lib/python3.12/site-packages/airflow/example_dags/plugins/listener_plugin.py
[2025-04-13T13:09:07.908-0400] {processor.py:183} INFO - Processing /opt/anaconda3/lib/python3.12/site-packages/airflow/example_dags/plugins/listener_plugin.py took 0.028 seconds
[2025-04-13T13:15:01.533-0400] {processor.py:161} INFO - Started process (PID=37074) to work on /opt/anaconda3/lib/python3.12/site-packages/airflow/example_dags/plugins/listener_plugin.py
[2025-04-13T13:15:01.534-0400] {processor.py:830} INFO - Processing file /opt/anaconda3/lib/python3.12/site-packages/airflow/example_dags/plugins/listener_plugin.py for tasks to queue
[2025-04-13T13:15:01.534-0400] {logging_mixin.py:188} INFO - [2025-04-13T13:15:01.534-0400] {dagbag.py:540} INFO - Filling up the DagBag from /opt/anaconda3/lib/python3.12/site-packages/airflow/example_dags/plugins/listener_plugin.py
[2025-04-13T13:15:01.535-0400] {processor.py:842} WARNING - No viable dags retrieved from /opt/anaconda3/lib/python3.12/site-packages/airflow/example_dags/plugins/listener_plugin.py
[2025-04-13T13:15:01.560-0400] {processor.py:183} INFO - Processing /opt/anaconda3/lib/python3.12/site-packages/airflow/example_dags/plugins/listener_plugin.py took 0.028 seconds
[2025-04-13T13:18:41.295-0400] {processor.py:161} INFO - Started process (PID=38569) to work on /opt/anaconda3/lib/python3.12/site-packages/airflow/example_dags/plugins/listener_plugin.py
[2025-04-13T13:18:41.296-0400] {processor.py:830} INFO - Processing file /opt/anaconda3/lib/python3.12/site-packages/airflow/example_dags/plugins/listener_plugin.py for tasks to queue
[2025-04-13T13:18:41.296-0400] {logging_mixin.py:188} INFO - [2025-04-13T13:18:41.296-0400] {dagbag.py:540} INFO - Filling up the DagBag from /opt/anaconda3/lib/python3.12/site-packages/airflow/example_dags/plugins/listener_plugin.py
[2025-04-13T13:18:41.297-0400] {processor.py:842} WARNING - No viable dags retrieved from /opt/anaconda3/lib/python3.12/site-packages/airflow/example_dags/plugins/listener_plugin.py
[2025-04-13T13:18:41.321-0400] {processor.py:183} INFO - Processing /opt/anaconda3/lib/python3.12/site-packages/airflow/example_dags/plugins/listener_plugin.py took 0.027 seconds
[2025-04-13T13:20:56.125-0400] {processor.py:161} INFO - Started process (PID=39546) to work on /opt/anaconda3/lib/python3.12/site-packages/airflow/example_dags/plugins/listener_plugin.py
[2025-04-13T13:20:56.126-0400] {processor.py:830} INFO - Processing file /opt/anaconda3/lib/python3.12/site-packages/airflow/example_dags/plugins/listener_plugin.py for tasks to queue
[2025-04-13T13:20:56.126-0400] {logging_mixin.py:188} INFO - [2025-04-13T13:20:56.126-0400] {dagbag.py:540} INFO - Filling up the DagBag from /opt/anaconda3/lib/python3.12/site-packages/airflow/example_dags/plugins/listener_plugin.py
[2025-04-13T13:20:56.127-0400] {processor.py:842} WARNING - No viable dags retrieved from /opt/anaconda3/lib/python3.12/site-packages/airflow/example_dags/plugins/listener_plugin.py
[2025-04-13T13:20:56.151-0400] {processor.py:183} INFO - Processing /opt/anaconda3/lib/python3.12/site-packages/airflow/example_dags/plugins/listener_plugin.py took 0.027 seconds
[2025-04-13T13:23:10.259-0400] {processor.py:161} INFO - Started process (PID=40491) to work on /opt/anaconda3/lib/python3.12/site-packages/airflow/example_dags/plugins/listener_plugin.py
[2025-04-13T13:23:10.260-0400] {processor.py:830} INFO - Processing file /opt/anaconda3/lib/python3.12/site-packages/airflow/example_dags/plugins/listener_plugin.py for tasks to queue
[2025-04-13T13:23:10.260-0400] {logging_mixin.py:188} INFO - [2025-04-13T13:23:10.260-0400] {dagbag.py:540} INFO - Filling up the DagBag from /opt/anaconda3/lib/python3.12/site-packages/airflow/example_dags/plugins/listener_plugin.py
[2025-04-13T13:23:10.261-0400] {processor.py:842} WARNING - No viable dags retrieved from /opt/anaconda3/lib/python3.12/site-packages/airflow/example_dags/plugins/listener_plugin.py
[2025-04-13T13:23:10.285-0400] {processor.py:183} INFO - Processing /opt/anaconda3/lib/python3.12/site-packages/airflow/example_dags/plugins/listener_plugin.py took 0.027 seconds
[2025-04-13T13:24:50.852-0400] {processor.py:161} INFO - Started process (PID=41171) to work on /opt/anaconda3/lib/python3.12/site-packages/airflow/example_dags/plugins/listener_plugin.py
[2025-04-13T13:24:50.853-0400] {processor.py:830} INFO - Processing file /opt/anaconda3/lib/python3.12/site-packages/airflow/example_dags/plugins/listener_plugin.py for tasks to queue
[2025-04-13T13:24:50.853-0400] {logging_mixin.py:188} INFO - [2025-04-13T13:24:50.853-0400] {dagbag.py:540} INFO - Filling up the DagBag from /opt/anaconda3/lib/python3.12/site-packages/airflow/example_dags/plugins/listener_plugin.py
[2025-04-13T13:24:50.855-0400] {processor.py:842} WARNING - No viable dags retrieved from /opt/anaconda3/lib/python3.12/site-packages/airflow/example_dags/plugins/listener_plugin.py
[2025-04-13T13:24:50.880-0400] {processor.py:183} INFO - Processing /opt/anaconda3/lib/python3.12/site-packages/airflow/example_dags/plugins/listener_plugin.py took 0.029 seconds
[2025-04-13T13:25:56.816-0400] {processor.py:161} INFO - Started process (PID=41606) to work on /opt/anaconda3/lib/python3.12/site-packages/airflow/example_dags/plugins/listener_plugin.py
[2025-04-13T13:25:56.817-0400] {processor.py:830} INFO - Processing file /opt/anaconda3/lib/python3.12/site-packages/airflow/example_dags/plugins/listener_plugin.py for tasks to queue
[2025-04-13T13:25:56.817-0400] {logging_mixin.py:188} INFO - [2025-04-13T13:25:56.817-0400] {dagbag.py:540} INFO - Filling up the DagBag from /opt/anaconda3/lib/python3.12/site-packages/airflow/example_dags/plugins/listener_plugin.py
[2025-04-13T13:25:56.819-0400] {processor.py:842} WARNING - No viable dags retrieved from /opt/anaconda3/lib/python3.12/site-packages/airflow/example_dags/plugins/listener_plugin.py
[2025-04-13T13:25:56.843-0400] {processor.py:183} INFO - Processing /opt/anaconda3/lib/python3.12/site-packages/airflow/example_dags/plugins/listener_plugin.py took 0.028 seconds
[2025-04-13T13:26:58.146-0400] {processor.py:161} INFO - Started process (PID=42016) to work on /opt/anaconda3/lib/python3.12/site-packages/airflow/example_dags/plugins/listener_plugin.py
[2025-04-13T13:26:58.147-0400] {processor.py:830} INFO - Processing file /opt/anaconda3/lib/python3.12/site-packages/airflow/example_dags/plugins/listener_plugin.py for tasks to queue
[2025-04-13T13:26:58.147-0400] {logging_mixin.py:188} INFO - [2025-04-13T13:26:58.147-0400] {dagbag.py:540} INFO - Filling up the DagBag from /opt/anaconda3/lib/python3.12/site-packages/airflow/example_dags/plugins/listener_plugin.py
[2025-04-13T13:26:58.148-0400] {processor.py:842} WARNING - No viable dags retrieved from /opt/anaconda3/lib/python3.12/site-packages/airflow/example_dags/plugins/listener_plugin.py
[2025-04-13T13:26:58.172-0400] {processor.py:183} INFO - Processing /opt/anaconda3/lib/python3.12/site-packages/airflow/example_dags/plugins/listener_plugin.py took 0.027 seconds
[2025-04-13T13:28:04.163-0400] {processor.py:161} INFO - Started process (PID=42461) to work on /opt/anaconda3/lib/python3.12/site-packages/airflow/example_dags/plugins/listener_plugin.py
[2025-04-13T13:28:04.163-0400] {processor.py:830} INFO - Processing file /opt/anaconda3/lib/python3.12/site-packages/airflow/example_dags/plugins/listener_plugin.py for tasks to queue
[2025-04-13T13:28:04.164-0400] {logging_mixin.py:188} INFO - [2025-04-13T13:28:04.164-0400] {dagbag.py:540} INFO - Filling up the DagBag from /opt/anaconda3/lib/python3.12/site-packages/airflow/example_dags/plugins/listener_plugin.py
[2025-04-13T13:28:04.164-0400] {processor.py:842} WARNING - No viable dags retrieved from /opt/anaconda3/lib/python3.12/site-packages/airflow/example_dags/plugins/listener_plugin.py
[2025-04-13T13:28:04.189-0400] {processor.py:183} INFO - Processing /opt/anaconda3/lib/python3.12/site-packages/airflow/example_dags/plugins/listener_plugin.py took 0.027 seconds
[2025-04-13T13:29:09.106-0400] {processor.py:161} INFO - Started process (PID=42893) to work on /opt/anaconda3/lib/python3.12/site-packages/airflow/example_dags/plugins/listener_plugin.py
[2025-04-13T13:29:09.107-0400] {processor.py:830} INFO - Processing file /opt/anaconda3/lib/python3.12/site-packages/airflow/example_dags/plugins/listener_plugin.py for tasks to queue
[2025-04-13T13:29:09.107-0400] {logging_mixin.py:188} INFO - [2025-04-13T13:29:09.107-0400] {dagbag.py:540} INFO - Filling up the DagBag from /opt/anaconda3/lib/python3.12/site-packages/airflow/example_dags/plugins/listener_plugin.py
[2025-04-13T13:29:09.108-0400] {processor.py:842} WARNING - No viable dags retrieved from /opt/anaconda3/lib/python3.12/site-packages/airflow/example_dags/plugins/listener_plugin.py
[2025-04-13T13:29:09.132-0400] {processor.py:183} INFO - Processing /opt/anaconda3/lib/python3.12/site-packages/airflow/example_dags/plugins/listener_plugin.py took 0.027 seconds
[2025-04-13T13:31:26.528-0400] {processor.py:161} INFO - Started process (PID=43774) to work on /opt/anaconda3/lib/python3.12/site-packages/airflow/example_dags/plugins/listener_plugin.py
[2025-04-13T13:31:26.528-0400] {processor.py:830} INFO - Processing file /opt/anaconda3/lib/python3.12/site-packages/airflow/example_dags/plugins/listener_plugin.py for tasks to queue
[2025-04-13T13:31:26.529-0400] {logging_mixin.py:188} INFO - [2025-04-13T13:31:26.529-0400] {dagbag.py:540} INFO - Filling up the DagBag from /opt/anaconda3/lib/python3.12/site-packages/airflow/example_dags/plugins/listener_plugin.py
[2025-04-13T13:31:26.529-0400] {processor.py:842} WARNING - No viable dags retrieved from /opt/anaconda3/lib/python3.12/site-packages/airflow/example_dags/plugins/listener_plugin.py
[2025-04-13T13:31:26.554-0400] {processor.py:183} INFO - Processing /opt/anaconda3/lib/python3.12/site-packages/airflow/example_dags/plugins/listener_plugin.py took 0.027 seconds
[2025-04-13T13:33:05.972-0400] {processor.py:161} INFO - Started process (PID=44432) to work on /opt/anaconda3/lib/python3.12/site-packages/airflow/example_dags/plugins/listener_plugin.py
[2025-04-13T13:33:05.973-0400] {processor.py:830} INFO - Processing file /opt/anaconda3/lib/python3.12/site-packages/airflow/example_dags/plugins/listener_plugin.py for tasks to queue
[2025-04-13T13:33:05.973-0400] {logging_mixin.py:188} INFO - [2025-04-13T13:33:05.973-0400] {dagbag.py:540} INFO - Filling up the DagBag from /opt/anaconda3/lib/python3.12/site-packages/airflow/example_dags/plugins/listener_plugin.py
[2025-04-13T13:33:05.974-0400] {processor.py:842} WARNING - No viable dags retrieved from /opt/anaconda3/lib/python3.12/site-packages/airflow/example_dags/plugins/listener_plugin.py
[2025-04-13T13:33:05.998-0400] {processor.py:183} INFO - Processing /opt/anaconda3/lib/python3.12/site-packages/airflow/example_dags/plugins/listener_plugin.py took 0.027 seconds
[2025-04-13T13:35:48.757-0400] {processor.py:161} INFO - Started process (PID=44954) to work on /opt/anaconda3/lib/python3.12/site-packages/airflow/example_dags/plugins/listener_plugin.py
[2025-04-13T13:35:48.758-0400] {processor.py:830} INFO - Processing file /opt/anaconda3/lib/python3.12/site-packages/airflow/example_dags/plugins/listener_plugin.py for tasks to queue
[2025-04-13T13:35:48.758-0400] {logging_mixin.py:188} INFO - [2025-04-13T13:35:48.758-0400] {dagbag.py:540} INFO - Filling up the DagBag from /opt/anaconda3/lib/python3.12/site-packages/airflow/example_dags/plugins/listener_plugin.py
[2025-04-13T13:35:48.759-0400] {processor.py:842} WARNING - No viable dags retrieved from /opt/anaconda3/lib/python3.12/site-packages/airflow/example_dags/plugins/listener_plugin.py
[2025-04-13T13:35:48.784-0400] {processor.py:183} INFO - Processing /opt/anaconda3/lib/python3.12/site-packages/airflow/example_dags/plugins/listener_plugin.py took 0.028 seconds
[2025-04-13T13:37:14.460-0400] {processor.py:161} INFO - Started process (PID=45550) to work on /opt/anaconda3/lib/python3.12/site-packages/airflow/example_dags/plugins/listener_plugin.py
[2025-04-13T13:37:14.461-0400] {processor.py:830} INFO - Processing file /opt/anaconda3/lib/python3.12/site-packages/airflow/example_dags/plugins/listener_plugin.py for tasks to queue
[2025-04-13T13:37:14.462-0400] {logging_mixin.py:188} INFO - [2025-04-13T13:37:14.462-0400] {dagbag.py:540} INFO - Filling up the DagBag from /opt/anaconda3/lib/python3.12/site-packages/airflow/example_dags/plugins/listener_plugin.py
[2025-04-13T13:37:14.463-0400] {processor.py:842} WARNING - No viable dags retrieved from /opt/anaconda3/lib/python3.12/site-packages/airflow/example_dags/plugins/listener_plugin.py
[2025-04-13T13:37:14.487-0400] {processor.py:183} INFO - Processing /opt/anaconda3/lib/python3.12/site-packages/airflow/example_dags/plugins/listener_plugin.py took 0.028 seconds
[2025-04-13T13:38:22.856-0400] {processor.py:161} INFO - Started process (PID=45999) to work on /opt/anaconda3/lib/python3.12/site-packages/airflow/example_dags/plugins/listener_plugin.py
[2025-04-13T13:38:22.857-0400] {processor.py:830} INFO - Processing file /opt/anaconda3/lib/python3.12/site-packages/airflow/example_dags/plugins/listener_plugin.py for tasks to queue
[2025-04-13T13:38:22.857-0400] {logging_mixin.py:188} INFO - [2025-04-13T13:38:22.857-0400] {dagbag.py:540} INFO - Filling up the DagBag from /opt/anaconda3/lib/python3.12/site-packages/airflow/example_dags/plugins/listener_plugin.py
[2025-04-13T13:38:22.859-0400] {processor.py:842} WARNING - No viable dags retrieved from /opt/anaconda3/lib/python3.12/site-packages/airflow/example_dags/plugins/listener_plugin.py
[2025-04-13T13:38:22.883-0400] {processor.py:183} INFO - Processing /opt/anaconda3/lib/python3.12/site-packages/airflow/example_dags/plugins/listener_plugin.py took 0.028 seconds
[2025-04-13T13:39:30.454-0400] {processor.py:161} INFO - Started process (PID=46434) to work on /opt/anaconda3/lib/python3.12/site-packages/airflow/example_dags/plugins/listener_plugin.py
[2025-04-13T13:39:30.455-0400] {processor.py:830} INFO - Processing file /opt/anaconda3/lib/python3.12/site-packages/airflow/example_dags/plugins/listener_plugin.py for tasks to queue
[2025-04-13T13:39:30.456-0400] {logging_mixin.py:188} INFO - [2025-04-13T13:39:30.456-0400] {dagbag.py:540} INFO - Filling up the DagBag from /opt/anaconda3/lib/python3.12/site-packages/airflow/example_dags/plugins/listener_plugin.py
[2025-04-13T13:39:30.457-0400] {processor.py:842} WARNING - No viable dags retrieved from /opt/anaconda3/lib/python3.12/site-packages/airflow/example_dags/plugins/listener_plugin.py
[2025-04-13T13:39:30.481-0400] {processor.py:183} INFO - Processing /opt/anaconda3/lib/python3.12/site-packages/airflow/example_dags/plugins/listener_plugin.py took 0.027 seconds
[2025-04-13T13:40:35.575-0400] {processor.py:161} INFO - Started process (PID=46907) to work on /opt/anaconda3/lib/python3.12/site-packages/airflow/example_dags/plugins/listener_plugin.py
[2025-04-13T13:40:35.576-0400] {processor.py:830} INFO - Processing file /opt/anaconda3/lib/python3.12/site-packages/airflow/example_dags/plugins/listener_plugin.py for tasks to queue
[2025-04-13T13:40:35.577-0400] {logging_mixin.py:188} INFO - [2025-04-13T13:40:35.577-0400] {dagbag.py:540} INFO - Filling up the DagBag from /opt/anaconda3/lib/python3.12/site-packages/airflow/example_dags/plugins/listener_plugin.py
[2025-04-13T13:40:35.578-0400] {processor.py:842} WARNING - No viable dags retrieved from /opt/anaconda3/lib/python3.12/site-packages/airflow/example_dags/plugins/listener_plugin.py
[2025-04-13T13:40:35.602-0400] {processor.py:183} INFO - Processing /opt/anaconda3/lib/python3.12/site-packages/airflow/example_dags/plugins/listener_plugin.py took 0.028 seconds
[2025-04-13T13:41:42.245-0400] {processor.py:161} INFO - Started process (PID=47351) to work on /opt/anaconda3/lib/python3.12/site-packages/airflow/example_dags/plugins/listener_plugin.py
[2025-04-13T13:41:42.245-0400] {processor.py:830} INFO - Processing file /opt/anaconda3/lib/python3.12/site-packages/airflow/example_dags/plugins/listener_plugin.py for tasks to queue
[2025-04-13T13:41:42.245-0400] {logging_mixin.py:188} INFO - [2025-04-13T13:41:42.245-0400] {dagbag.py:540} INFO - Filling up the DagBag from /opt/anaconda3/lib/python3.12/site-packages/airflow/example_dags/plugins/listener_plugin.py
[2025-04-13T13:41:42.247-0400] {processor.py:842} WARNING - No viable dags retrieved from /opt/anaconda3/lib/python3.12/site-packages/airflow/example_dags/plugins/listener_plugin.py
[2025-04-13T13:41:42.273-0400] {processor.py:183} INFO - Processing /opt/anaconda3/lib/python3.12/site-packages/airflow/example_dags/plugins/listener_plugin.py took 0.029 seconds
[2025-04-13T13:42:47.321-0400] {processor.py:161} INFO - Started process (PID=47798) to work on /opt/anaconda3/lib/python3.12/site-packages/airflow/example_dags/plugins/listener_plugin.py
[2025-04-13T13:42:47.322-0400] {processor.py:830} INFO - Processing file /opt/anaconda3/lib/python3.12/site-packages/airflow/example_dags/plugins/listener_plugin.py for tasks to queue
[2025-04-13T13:42:47.322-0400] {logging_mixin.py:188} INFO - [2025-04-13T13:42:47.322-0400] {dagbag.py:540} INFO - Filling up the DagBag from /opt/anaconda3/lib/python3.12/site-packages/airflow/example_dags/plugins/listener_plugin.py
[2025-04-13T13:42:47.324-0400] {processor.py:842} WARNING - No viable dags retrieved from /opt/anaconda3/lib/python3.12/site-packages/airflow/example_dags/plugins/listener_plugin.py
[2025-04-13T13:42:47.348-0400] {processor.py:183} INFO - Processing /opt/anaconda3/lib/python3.12/site-packages/airflow/example_dags/plugins/listener_plugin.py took 0.028 seconds
[2025-04-13T13:43:53.566-0400] {processor.py:161} INFO - Started process (PID=48236) to work on /opt/anaconda3/lib/python3.12/site-packages/airflow/example_dags/plugins/listener_plugin.py
[2025-04-13T13:43:53.567-0400] {processor.py:830} INFO - Processing file /opt/anaconda3/lib/python3.12/site-packages/airflow/example_dags/plugins/listener_plugin.py for tasks to queue
[2025-04-13T13:43:53.567-0400] {logging_mixin.py:188} INFO - [2025-04-13T13:43:53.567-0400] {dagbag.py:540} INFO - Filling up the DagBag from /opt/anaconda3/lib/python3.12/site-packages/airflow/example_dags/plugins/listener_plugin.py
[2025-04-13T13:43:53.568-0400] {processor.py:842} WARNING - No viable dags retrieved from /opt/anaconda3/lib/python3.12/site-packages/airflow/example_dags/plugins/listener_plugin.py
[2025-04-13T13:43:53.593-0400] {processor.py:183} INFO - Processing /opt/anaconda3/lib/python3.12/site-packages/airflow/example_dags/plugins/listener_plugin.py took 0.028 seconds
[2025-04-13T13:44:59.441-0400] {processor.py:161} INFO - Started process (PID=48692) to work on /opt/anaconda3/lib/python3.12/site-packages/airflow/example_dags/plugins/listener_plugin.py
[2025-04-13T13:44:59.441-0400] {processor.py:830} INFO - Processing file /opt/anaconda3/lib/python3.12/site-packages/airflow/example_dags/plugins/listener_plugin.py for tasks to queue
[2025-04-13T13:44:59.442-0400] {logging_mixin.py:188} INFO - [2025-04-13T13:44:59.442-0400] {dagbag.py:540} INFO - Filling up the DagBag from /opt/anaconda3/lib/python3.12/site-packages/airflow/example_dags/plugins/listener_plugin.py
[2025-04-13T13:44:59.443-0400] {processor.py:842} WARNING - No viable dags retrieved from /opt/anaconda3/lib/python3.12/site-packages/airflow/example_dags/plugins/listener_plugin.py
[2025-04-13T13:44:59.467-0400] {processor.py:183} INFO - Processing /opt/anaconda3/lib/python3.12/site-packages/airflow/example_dags/plugins/listener_plugin.py took 0.027 seconds
[2025-04-13T13:46:08.689-0400] {processor.py:161} INFO - Started process (PID=49157) to work on /opt/anaconda3/lib/python3.12/site-packages/airflow/example_dags/plugins/listener_plugin.py
[2025-04-13T13:46:08.690-0400] {processor.py:830} INFO - Processing file /opt/anaconda3/lib/python3.12/site-packages/airflow/example_dags/plugins/listener_plugin.py for tasks to queue
[2025-04-13T13:46:08.691-0400] {logging_mixin.py:188} INFO - [2025-04-13T13:46:08.691-0400] {dagbag.py:540} INFO - Filling up the DagBag from /opt/anaconda3/lib/python3.12/site-packages/airflow/example_dags/plugins/listener_plugin.py
[2025-04-13T13:46:08.692-0400] {processor.py:842} WARNING - No viable dags retrieved from /opt/anaconda3/lib/python3.12/site-packages/airflow/example_dags/plugins/listener_plugin.py
[2025-04-13T13:46:08.717-0400] {processor.py:183} INFO - Processing /opt/anaconda3/lib/python3.12/site-packages/airflow/example_dags/plugins/listener_plugin.py took 0.029 seconds
[2025-04-13T13:47:21.684-0400] {processor.py:161} INFO - Started process (PID=49631) to work on /opt/anaconda3/lib/python3.12/site-packages/airflow/example_dags/plugins/listener_plugin.py
[2025-04-13T13:47:21.686-0400] {processor.py:830} INFO - Processing file /opt/anaconda3/lib/python3.12/site-packages/airflow/example_dags/plugins/listener_plugin.py for tasks to queue
[2025-04-13T13:47:21.686-0400] {logging_mixin.py:188} INFO - [2025-04-13T13:47:21.686-0400] {dagbag.py:540} INFO - Filling up the DagBag from /opt/anaconda3/lib/python3.12/site-packages/airflow/example_dags/plugins/listener_plugin.py
[2025-04-13T13:47:21.687-0400] {processor.py:842} WARNING - No viable dags retrieved from /opt/anaconda3/lib/python3.12/site-packages/airflow/example_dags/plugins/listener_plugin.py
[2025-04-13T13:47:21.712-0400] {processor.py:183} INFO - Processing /opt/anaconda3/lib/python3.12/site-packages/airflow/example_dags/plugins/listener_plugin.py took 0.029 seconds
[2025-04-13T13:48:32.520-0400] {processor.py:161} INFO - Started process (PID=50095) to work on /opt/anaconda3/lib/python3.12/site-packages/airflow/example_dags/plugins/listener_plugin.py
[2025-04-13T13:48:32.521-0400] {processor.py:830} INFO - Processing file /opt/anaconda3/lib/python3.12/site-packages/airflow/example_dags/plugins/listener_plugin.py for tasks to queue
[2025-04-13T13:48:32.521-0400] {logging_mixin.py:188} INFO - [2025-04-13T13:48:32.521-0400] {dagbag.py:540} INFO - Filling up the DagBag from /opt/anaconda3/lib/python3.12/site-packages/airflow/example_dags/plugins/listener_plugin.py
[2025-04-13T13:48:32.523-0400] {processor.py:842} WARNING - No viable dags retrieved from /opt/anaconda3/lib/python3.12/site-packages/airflow/example_dags/plugins/listener_plugin.py
[2025-04-13T13:48:32.547-0400] {processor.py:183} INFO - Processing /opt/anaconda3/lib/python3.12/site-packages/airflow/example_dags/plugins/listener_plugin.py took 0.028 seconds
[2025-04-13T13:49:42.349-0400] {processor.py:161} INFO - Started process (PID=50548) to work on /opt/anaconda3/lib/python3.12/site-packages/airflow/example_dags/plugins/listener_plugin.py
[2025-04-13T13:49:42.350-0400] {processor.py:830} INFO - Processing file /opt/anaconda3/lib/python3.12/site-packages/airflow/example_dags/plugins/listener_plugin.py for tasks to queue
[2025-04-13T13:49:42.350-0400] {logging_mixin.py:188} INFO - [2025-04-13T13:49:42.350-0400] {dagbag.py:540} INFO - Filling up the DagBag from /opt/anaconda3/lib/python3.12/site-packages/airflow/example_dags/plugins/listener_plugin.py
[2025-04-13T13:49:42.351-0400] {processor.py:842} WARNING - No viable dags retrieved from /opt/anaconda3/lib/python3.12/site-packages/airflow/example_dags/plugins/listener_plugin.py
[2025-04-13T13:49:42.377-0400] {processor.py:183} INFO - Processing /opt/anaconda3/lib/python3.12/site-packages/airflow/example_dags/plugins/listener_plugin.py took 0.028 seconds
[2025-04-13T13:50:52.301-0400] {processor.py:161} INFO - Started process (PID=51022) to work on /opt/anaconda3/lib/python3.12/site-packages/airflow/example_dags/plugins/listener_plugin.py
[2025-04-13T13:50:52.302-0400] {processor.py:830} INFO - Processing file /opt/anaconda3/lib/python3.12/site-packages/airflow/example_dags/plugins/listener_plugin.py for tasks to queue
[2025-04-13T13:50:52.302-0400] {logging_mixin.py:188} INFO - [2025-04-13T13:50:52.302-0400] {dagbag.py:540} INFO - Filling up the DagBag from /opt/anaconda3/lib/python3.12/site-packages/airflow/example_dags/plugins/listener_plugin.py
[2025-04-13T13:50:52.303-0400] {processor.py:842} WARNING - No viable dags retrieved from /opt/anaconda3/lib/python3.12/site-packages/airflow/example_dags/plugins/listener_plugin.py
[2025-04-13T13:50:52.328-0400] {processor.py:183} INFO - Processing /opt/anaconda3/lib/python3.12/site-packages/airflow/example_dags/plugins/listener_plugin.py took 0.027 seconds
[2025-04-13T13:52:00.273-0400] {processor.py:161} INFO - Started process (PID=51487) to work on /opt/anaconda3/lib/python3.12/site-packages/airflow/example_dags/plugins/listener_plugin.py
[2025-04-13T13:52:00.274-0400] {processor.py:830} INFO - Processing file /opt/anaconda3/lib/python3.12/site-packages/airflow/example_dags/plugins/listener_plugin.py for tasks to queue
[2025-04-13T13:52:00.275-0400] {logging_mixin.py:188} INFO - [2025-04-13T13:52:00.275-0400] {dagbag.py:540} INFO - Filling up the DagBag from /opt/anaconda3/lib/python3.12/site-packages/airflow/example_dags/plugins/listener_plugin.py
[2025-04-13T13:52:00.276-0400] {processor.py:842} WARNING - No viable dags retrieved from /opt/anaconda3/lib/python3.12/site-packages/airflow/example_dags/plugins/listener_plugin.py
[2025-04-13T13:52:00.301-0400] {processor.py:183} INFO - Processing /opt/anaconda3/lib/python3.12/site-packages/airflow/example_dags/plugins/listener_plugin.py took 0.028 seconds
[2025-04-13T13:53:10.398-0400] {processor.py:161} INFO - Started process (PID=51970) to work on /opt/anaconda3/lib/python3.12/site-packages/airflow/example_dags/plugins/listener_plugin.py
[2025-04-13T13:53:10.399-0400] {processor.py:830} INFO - Processing file /opt/anaconda3/lib/python3.12/site-packages/airflow/example_dags/plugins/listener_plugin.py for tasks to queue
[2025-04-13T13:53:10.399-0400] {logging_mixin.py:188} INFO - [2025-04-13T13:53:10.399-0400] {dagbag.py:540} INFO - Filling up the DagBag from /opt/anaconda3/lib/python3.12/site-packages/airflow/example_dags/plugins/listener_plugin.py
[2025-04-13T13:53:10.400-0400] {processor.py:842} WARNING - No viable dags retrieved from /opt/anaconda3/lib/python3.12/site-packages/airflow/example_dags/plugins/listener_plugin.py
[2025-04-13T13:53:10.425-0400] {processor.py:183} INFO - Processing /opt/anaconda3/lib/python3.12/site-packages/airflow/example_dags/plugins/listener_plugin.py took 0.028 seconds
[2025-04-13T13:54:20.749-0400] {processor.py:161} INFO - Started process (PID=52431) to work on /opt/anaconda3/lib/python3.12/site-packages/airflow/example_dags/plugins/listener_plugin.py
[2025-04-13T13:54:20.750-0400] {processor.py:830} INFO - Processing file /opt/anaconda3/lib/python3.12/site-packages/airflow/example_dags/plugins/listener_plugin.py for tasks to queue
[2025-04-13T13:54:20.750-0400] {logging_mixin.py:188} INFO - [2025-04-13T13:54:20.750-0400] {dagbag.py:540} INFO - Filling up the DagBag from /opt/anaconda3/lib/python3.12/site-packages/airflow/example_dags/plugins/listener_plugin.py
[2025-04-13T13:54:20.751-0400] {processor.py:842} WARNING - No viable dags retrieved from /opt/anaconda3/lib/python3.12/site-packages/airflow/example_dags/plugins/listener_plugin.py
[2025-04-13T13:54:20.775-0400] {processor.py:183} INFO - Processing /opt/anaconda3/lib/python3.12/site-packages/airflow/example_dags/plugins/listener_plugin.py took 0.028 seconds
[2025-04-13T13:55:27.306-0400] {processor.py:161} INFO - Started process (PID=52862) to work on /opt/anaconda3/lib/python3.12/site-packages/airflow/example_dags/plugins/listener_plugin.py
[2025-04-13T13:55:27.307-0400] {processor.py:830} INFO - Processing file /opt/anaconda3/lib/python3.12/site-packages/airflow/example_dags/plugins/listener_plugin.py for tasks to queue
[2025-04-13T13:55:27.307-0400] {logging_mixin.py:188} INFO - [2025-04-13T13:55:27.307-0400] {dagbag.py:540} INFO - Filling up the DagBag from /opt/anaconda3/lib/python3.12/site-packages/airflow/example_dags/plugins/listener_plugin.py
[2025-04-13T13:55:27.308-0400] {processor.py:842} WARNING - No viable dags retrieved from /opt/anaconda3/lib/python3.12/site-packages/airflow/example_dags/plugins/listener_plugin.py
[2025-04-13T13:55:27.333-0400] {processor.py:183} INFO - Processing /opt/anaconda3/lib/python3.12/site-packages/airflow/example_dags/plugins/listener_plugin.py took 0.028 seconds
[2025-04-13T13:56:36.065-0400] {processor.py:161} INFO - Started process (PID=53356) to work on /opt/anaconda3/lib/python3.12/site-packages/airflow/example_dags/plugins/listener_plugin.py
[2025-04-13T13:56:36.066-0400] {processor.py:830} INFO - Processing file /opt/anaconda3/lib/python3.12/site-packages/airflow/example_dags/plugins/listener_plugin.py for tasks to queue
[2025-04-13T13:56:36.066-0400] {logging_mixin.py:188} INFO - [2025-04-13T13:56:36.066-0400] {dagbag.py:540} INFO - Filling up the DagBag from /opt/anaconda3/lib/python3.12/site-packages/airflow/example_dags/plugins/listener_plugin.py
[2025-04-13T13:56:36.068-0400] {processor.py:842} WARNING - No viable dags retrieved from /opt/anaconda3/lib/python3.12/site-packages/airflow/example_dags/plugins/listener_plugin.py
[2025-04-13T13:56:36.092-0400] {processor.py:183} INFO - Processing /opt/anaconda3/lib/python3.12/site-packages/airflow/example_dags/plugins/listener_plugin.py took 0.028 seconds
[2025-04-13T13:57:45.032-0400] {processor.py:161} INFO - Started process (PID=53823) to work on /opt/anaconda3/lib/python3.12/site-packages/airflow/example_dags/plugins/listener_plugin.py
[2025-04-13T13:57:45.033-0400] {processor.py:830} INFO - Processing file /opt/anaconda3/lib/python3.12/site-packages/airflow/example_dags/plugins/listener_plugin.py for tasks to queue
[2025-04-13T13:57:45.033-0400] {logging_mixin.py:188} INFO - [2025-04-13T13:57:45.033-0400] {dagbag.py:540} INFO - Filling up the DagBag from /opt/anaconda3/lib/python3.12/site-packages/airflow/example_dags/plugins/listener_plugin.py
[2025-04-13T13:57:45.034-0400] {processor.py:842} WARNING - No viable dags retrieved from /opt/anaconda3/lib/python3.12/site-packages/airflow/example_dags/plugins/listener_plugin.py
[2025-04-13T13:57:45.058-0400] {processor.py:183} INFO - Processing /opt/anaconda3/lib/python3.12/site-packages/airflow/example_dags/plugins/listener_plugin.py took 0.027 seconds
[2025-04-13T13:58:51.112-0400] {processor.py:161} INFO - Started process (PID=54261) to work on /opt/anaconda3/lib/python3.12/site-packages/airflow/example_dags/plugins/listener_plugin.py
[2025-04-13T13:58:51.113-0400] {processor.py:830} INFO - Processing file /opt/anaconda3/lib/python3.12/site-packages/airflow/example_dags/plugins/listener_plugin.py for tasks to queue
[2025-04-13T13:58:51.113-0400] {logging_mixin.py:188} INFO - [2025-04-13T13:58:51.113-0400] {dagbag.py:540} INFO - Filling up the DagBag from /opt/anaconda3/lib/python3.12/site-packages/airflow/example_dags/plugins/listener_plugin.py
[2025-04-13T13:58:51.114-0400] {processor.py:842} WARNING - No viable dags retrieved from /opt/anaconda3/lib/python3.12/site-packages/airflow/example_dags/plugins/listener_plugin.py
[2025-04-13T13:58:51.139-0400] {processor.py:183} INFO - Processing /opt/anaconda3/lib/python3.12/site-packages/airflow/example_dags/plugins/listener_plugin.py took 0.028 seconds
[2025-04-13T13:59:57.721-0400] {processor.py:161} INFO - Started process (PID=54760) to work on /opt/anaconda3/lib/python3.12/site-packages/airflow/example_dags/plugins/listener_plugin.py
[2025-04-13T13:59:57.721-0400] {processor.py:830} INFO - Processing file /opt/anaconda3/lib/python3.12/site-packages/airflow/example_dags/plugins/listener_plugin.py for tasks to queue
[2025-04-13T13:59:57.721-0400] {logging_mixin.py:188} INFO - [2025-04-13T13:59:57.721-0400] {dagbag.py:540} INFO - Filling up the DagBag from /opt/anaconda3/lib/python3.12/site-packages/airflow/example_dags/plugins/listener_plugin.py
[2025-04-13T13:59:57.723-0400] {processor.py:842} WARNING - No viable dags retrieved from /opt/anaconda3/lib/python3.12/site-packages/airflow/example_dags/plugins/listener_plugin.py
[2025-04-13T13:59:57.747-0400] {processor.py:183} INFO - Processing /opt/anaconda3/lib/python3.12/site-packages/airflow/example_dags/plugins/listener_plugin.py took 0.028 seconds
[2025-04-13T14:01:06.917-0400] {processor.py:161} INFO - Started process (PID=55232) to work on /opt/anaconda3/lib/python3.12/site-packages/airflow/example_dags/plugins/listener_plugin.py
[2025-04-13T14:01:06.917-0400] {processor.py:830} INFO - Processing file /opt/anaconda3/lib/python3.12/site-packages/airflow/example_dags/plugins/listener_plugin.py for tasks to queue
[2025-04-13T14:01:06.917-0400] {logging_mixin.py:188} INFO - [2025-04-13T14:01:06.917-0400] {dagbag.py:540} INFO - Filling up the DagBag from /opt/anaconda3/lib/python3.12/site-packages/airflow/example_dags/plugins/listener_plugin.py
[2025-04-13T14:01:06.919-0400] {processor.py:842} WARNING - No viable dags retrieved from /opt/anaconda3/lib/python3.12/site-packages/airflow/example_dags/plugins/listener_plugin.py
[2025-04-13T14:01:06.944-0400] {processor.py:183} INFO - Processing /opt/anaconda3/lib/python3.12/site-packages/airflow/example_dags/plugins/listener_plugin.py took 0.028 seconds
[2025-04-13T14:02:15.935-0400] {processor.py:161} INFO - Started process (PID=55688) to work on /opt/anaconda3/lib/python3.12/site-packages/airflow/example_dags/plugins/listener_plugin.py
[2025-04-13T14:02:15.935-0400] {processor.py:830} INFO - Processing file /opt/anaconda3/lib/python3.12/site-packages/airflow/example_dags/plugins/listener_plugin.py for tasks to queue
[2025-04-13T14:02:15.935-0400] {logging_mixin.py:188} INFO - [2025-04-13T14:02:15.935-0400] {dagbag.py:540} INFO - Filling up the DagBag from /opt/anaconda3/lib/python3.12/site-packages/airflow/example_dags/plugins/listener_plugin.py
[2025-04-13T14:02:15.937-0400] {processor.py:842} WARNING - No viable dags retrieved from /opt/anaconda3/lib/python3.12/site-packages/airflow/example_dags/plugins/listener_plugin.py
[2025-04-13T14:02:15.961-0400] {processor.py:183} INFO - Processing /opt/anaconda3/lib/python3.12/site-packages/airflow/example_dags/plugins/listener_plugin.py took 0.027 seconds
