[2025-04-13T13:04:41.715-0400] {processor.py:161} INFO - Started process (PID=33082) to work on /opt/anaconda3/lib/python3.12/site-packages/airflow/example_dags/plugins/workday.py
[2025-04-13T13:04:41.716-0400] {processor.py:830} INFO - Processing file /opt/anaconda3/lib/python3.12/site-packages/airflow/example_dags/plugins/workday.py for tasks to queue
[2025-04-13T13:04:41.716-0400] {logging_mixin.py:188} INFO - [2025-04-13T13:04:41.716-0400] {dagbag.py:540} INFO - Filling up the DagBag from /opt/anaconda3/lib/python3.12/site-packages/airflow/example_dags/plugins/workday.py
[2025-04-13T13:04:41.940-0400] {logging_mixin.py:188} INFO - [2025-04-13T13:04:41.940-0400] {utils.py:160} INFO - NumExpr defaulting to 8 threads.
[2025-04-13T13:04:42.106-0400] {processor.py:842} WARNING - No viable dags retrieved from /opt/anaconda3/lib/python3.12/site-packages/airflow/example_dags/plugins/workday.py
[2025-04-13T13:04:42.129-0400] {processor.py:183} INFO - Processing /opt/anaconda3/lib/python3.12/site-packages/airflow/example_dags/plugins/workday.py took 0.415 seconds
[2025-04-13T13:07:24.846-0400] {processor.py:161} INFO - Started process (PID=34227) to work on /opt/anaconda3/lib/python3.12/site-packages/airflow/example_dags/plugins/workday.py
[2025-04-13T13:07:24.847-0400] {processor.py:830} INFO - Processing file /opt/anaconda3/lib/python3.12/site-packages/airflow/example_dags/plugins/workday.py for tasks to queue
[2025-04-13T13:07:24.847-0400] {logging_mixin.py:188} INFO - [2025-04-13T13:07:24.847-0400] {dagbag.py:540} INFO - Filling up the DagBag from /opt/anaconda3/lib/python3.12/site-packages/airflow/example_dags/plugins/workday.py
[2025-04-13T13:07:24.988-0400] {logging_mixin.py:188} INFO - [2025-04-13T13:07:24.988-0400] {utils.py:160} INFO - NumExpr defaulting to 8 threads.
[2025-04-13T13:07:25.141-0400] {processor.py:842} WARNING - No viable dags retrieved from /opt/anaconda3/lib/python3.12/site-packages/airflow/example_dags/plugins/workday.py
[2025-04-13T13:07:25.165-0400] {processor.py:183} INFO - Processing /opt/anaconda3/lib/python3.12/site-packages/airflow/example_dags/plugins/workday.py took 0.321 seconds
[2025-04-13T13:09:05.500-0400] {processor.py:161} INFO - Started process (PID=34909) to work on /opt/anaconda3/lib/python3.12/site-packages/airflow/example_dags/plugins/workday.py
[2025-04-13T13:09:05.501-0400] {processor.py:830} INFO - Processing file /opt/anaconda3/lib/python3.12/site-packages/airflow/example_dags/plugins/workday.py for tasks to queue
[2025-04-13T13:09:05.502-0400] {logging_mixin.py:188} INFO - [2025-04-13T13:09:05.501-0400] {dagbag.py:540} INFO - Filling up the DagBag from /opt/anaconda3/lib/python3.12/site-packages/airflow/example_dags/plugins/workday.py
[2025-04-13T13:09:05.728-0400] {logging_mixin.py:188} INFO - [2025-04-13T13:09:05.728-0400] {utils.py:160} INFO - NumExpr defaulting to 8 threads.
[2025-04-13T13:09:05.898-0400] {processor.py:842} WARNING - No viable dags retrieved from /opt/anaconda3/lib/python3.12/site-packages/airflow/example_dags/plugins/workday.py
[2025-04-13T13:09:05.922-0400] {processor.py:183} INFO - Processing /opt/anaconda3/lib/python3.12/site-packages/airflow/example_dags/plugins/workday.py took 0.423 seconds
[2025-04-13T13:14:59.117-0400] {processor.py:161} INFO - Started process (PID=37058) to work on /opt/anaconda3/lib/python3.12/site-packages/airflow/example_dags/plugins/workday.py
[2025-04-13T13:14:59.118-0400] {processor.py:830} INFO - Processing file /opt/anaconda3/lib/python3.12/site-packages/airflow/example_dags/plugins/workday.py for tasks to queue
[2025-04-13T13:14:59.118-0400] {logging_mixin.py:188} INFO - [2025-04-13T13:14:59.118-0400] {dagbag.py:540} INFO - Filling up the DagBag from /opt/anaconda3/lib/python3.12/site-packages/airflow/example_dags/plugins/workday.py
[2025-04-13T13:14:59.383-0400] {logging_mixin.py:188} INFO - [2025-04-13T13:14:59.383-0400] {utils.py:160} INFO - NumExpr defaulting to 8 threads.
[2025-04-13T13:14:59.568-0400] {processor.py:842} WARNING - No viable dags retrieved from /opt/anaconda3/lib/python3.12/site-packages/airflow/example_dags/plugins/workday.py
[2025-04-13T13:14:59.592-0400] {processor.py:183} INFO - Processing /opt/anaconda3/lib/python3.12/site-packages/airflow/example_dags/plugins/workday.py took 0.476 seconds
[2025-04-13T13:18:38.933-0400] {processor.py:161} INFO - Started process (PID=38543) to work on /opt/anaconda3/lib/python3.12/site-packages/airflow/example_dags/plugins/workday.py
[2025-04-13T13:18:38.934-0400] {processor.py:830} INFO - Processing file /opt/anaconda3/lib/python3.12/site-packages/airflow/example_dags/plugins/workday.py for tasks to queue
[2025-04-13T13:18:38.934-0400] {logging_mixin.py:188} INFO - [2025-04-13T13:18:38.934-0400] {dagbag.py:540} INFO - Filling up the DagBag from /opt/anaconda3/lib/python3.12/site-packages/airflow/example_dags/plugins/workday.py
[2025-04-13T13:18:39.161-0400] {logging_mixin.py:188} INFO - [2025-04-13T13:18:39.161-0400] {utils.py:160} INFO - NumExpr defaulting to 8 threads.
[2025-04-13T13:18:39.332-0400] {processor.py:842} WARNING - No viable dags retrieved from /opt/anaconda3/lib/python3.12/site-packages/airflow/example_dags/plugins/workday.py
[2025-04-13T13:18:39.357-0400] {processor.py:183} INFO - Processing /opt/anaconda3/lib/python3.12/site-packages/airflow/example_dags/plugins/workday.py took 0.425 seconds
[2025-04-13T13:20:53.702-0400] {processor.py:161} INFO - Started process (PID=39532) to work on /opt/anaconda3/lib/python3.12/site-packages/airflow/example_dags/plugins/workday.py
[2025-04-13T13:20:53.703-0400] {processor.py:830} INFO - Processing file /opt/anaconda3/lib/python3.12/site-packages/airflow/example_dags/plugins/workday.py for tasks to queue
[2025-04-13T13:20:53.703-0400] {logging_mixin.py:188} INFO - [2025-04-13T13:20:53.703-0400] {dagbag.py:540} INFO - Filling up the DagBag from /opt/anaconda3/lib/python3.12/site-packages/airflow/example_dags/plugins/workday.py
[2025-04-13T13:20:53.948-0400] {logging_mixin.py:188} INFO - [2025-04-13T13:20:53.947-0400] {utils.py:160} INFO - NumExpr defaulting to 8 threads.
[2025-04-13T13:20:54.124-0400] {processor.py:842} WARNING - No viable dags retrieved from /opt/anaconda3/lib/python3.12/site-packages/airflow/example_dags/plugins/workday.py
[2025-04-13T13:20:54.149-0400] {processor.py:183} INFO - Processing /opt/anaconda3/lib/python3.12/site-packages/airflow/example_dags/plugins/workday.py took 0.448 seconds
[2025-04-13T13:23:08.015-0400] {processor.py:161} INFO - Started process (PID=40470) to work on /opt/anaconda3/lib/python3.12/site-packages/airflow/example_dags/plugins/workday.py
[2025-04-13T13:23:08.015-0400] {processor.py:830} INFO - Processing file /opt/anaconda3/lib/python3.12/site-packages/airflow/example_dags/plugins/workday.py for tasks to queue
[2025-04-13T13:23:08.016-0400] {logging_mixin.py:188} INFO - [2025-04-13T13:23:08.016-0400] {dagbag.py:540} INFO - Filling up the DagBag from /opt/anaconda3/lib/python3.12/site-packages/airflow/example_dags/plugins/workday.py
[2025-04-13T13:23:08.159-0400] {logging_mixin.py:188} INFO - [2025-04-13T13:23:08.159-0400] {utils.py:160} INFO - NumExpr defaulting to 8 threads.
[2025-04-13T13:23:08.313-0400] {processor.py:842} WARNING - No viable dags retrieved from /opt/anaconda3/lib/python3.12/site-packages/airflow/example_dags/plugins/workday.py
[2025-04-13T13:23:08.336-0400] {processor.py:183} INFO - Processing /opt/anaconda3/lib/python3.12/site-packages/airflow/example_dags/plugins/workday.py took 0.323 seconds
[2025-04-13T13:24:48.281-0400] {processor.py:161} INFO - Started process (PID=41158) to work on /opt/anaconda3/lib/python3.12/site-packages/airflow/example_dags/plugins/workday.py
[2025-04-13T13:24:48.282-0400] {processor.py:830} INFO - Processing file /opt/anaconda3/lib/python3.12/site-packages/airflow/example_dags/plugins/workday.py for tasks to queue
[2025-04-13T13:24:48.282-0400] {logging_mixin.py:188} INFO - [2025-04-13T13:24:48.282-0400] {dagbag.py:540} INFO - Filling up the DagBag from /opt/anaconda3/lib/python3.12/site-packages/airflow/example_dags/plugins/workday.py
[2025-04-13T13:24:48.564-0400] {logging_mixin.py:188} INFO - [2025-04-13T13:24:48.564-0400] {utils.py:160} INFO - NumExpr defaulting to 8 threads.
[2025-04-13T13:24:48.781-0400] {processor.py:842} WARNING - No viable dags retrieved from /opt/anaconda3/lib/python3.12/site-packages/airflow/example_dags/plugins/workday.py
[2025-04-13T13:24:48.806-0400] {processor.py:183} INFO - Processing /opt/anaconda3/lib/python3.12/site-packages/airflow/example_dags/plugins/workday.py took 0.527 seconds
[2025-04-13T13:25:54.475-0400] {processor.py:161} INFO - Started process (PID=41593) to work on /opt/anaconda3/lib/python3.12/site-packages/airflow/example_dags/plugins/workday.py
[2025-04-13T13:25:54.476-0400] {processor.py:830} INFO - Processing file /opt/anaconda3/lib/python3.12/site-packages/airflow/example_dags/plugins/workday.py for tasks to queue
[2025-04-13T13:25:54.476-0400] {logging_mixin.py:188} INFO - [2025-04-13T13:25:54.476-0400] {dagbag.py:540} INFO - Filling up the DagBag from /opt/anaconda3/lib/python3.12/site-packages/airflow/example_dags/plugins/workday.py
[2025-04-13T13:25:54.702-0400] {logging_mixin.py:188} INFO - [2025-04-13T13:25:54.702-0400] {utils.py:160} INFO - NumExpr defaulting to 8 threads.
[2025-04-13T13:25:54.870-0400] {processor.py:842} WARNING - No viable dags retrieved from /opt/anaconda3/lib/python3.12/site-packages/airflow/example_dags/plugins/workday.py
[2025-04-13T13:25:54.894-0400] {processor.py:183} INFO - Processing /opt/anaconda3/lib/python3.12/site-packages/airflow/example_dags/plugins/workday.py took 0.420 seconds
[2025-04-13T13:26:56.088-0400] {processor.py:161} INFO - Started process (PID=42003) to work on /opt/anaconda3/lib/python3.12/site-packages/airflow/example_dags/plugins/workday.py
[2025-04-13T13:26:56.089-0400] {processor.py:830} INFO - Processing file /opt/anaconda3/lib/python3.12/site-packages/airflow/example_dags/plugins/workday.py for tasks to queue
[2025-04-13T13:26:56.089-0400] {logging_mixin.py:188} INFO - [2025-04-13T13:26:56.089-0400] {dagbag.py:540} INFO - Filling up the DagBag from /opt/anaconda3/lib/python3.12/site-packages/airflow/example_dags/plugins/workday.py
[2025-04-13T13:26:56.327-0400] {logging_mixin.py:188} INFO - [2025-04-13T13:26:56.327-0400] {utils.py:160} INFO - NumExpr defaulting to 8 threads.
[2025-04-13T13:26:56.498-0400] {processor.py:842} WARNING - No viable dags retrieved from /opt/anaconda3/lib/python3.12/site-packages/airflow/example_dags/plugins/workday.py
[2025-04-13T13:26:56.522-0400] {processor.py:183} INFO - Processing /opt/anaconda3/lib/python3.12/site-packages/airflow/example_dags/plugins/workday.py took 0.435 seconds
[2025-04-13T13:28:02.133-0400] {processor.py:161} INFO - Started process (PID=42445) to work on /opt/anaconda3/lib/python3.12/site-packages/airflow/example_dags/plugins/workday.py
[2025-04-13T13:28:02.134-0400] {processor.py:830} INFO - Processing file /opt/anaconda3/lib/python3.12/site-packages/airflow/example_dags/plugins/workday.py for tasks to queue
[2025-04-13T13:28:02.135-0400] {logging_mixin.py:188} INFO - [2025-04-13T13:28:02.135-0400] {dagbag.py:540} INFO - Filling up the DagBag from /opt/anaconda3/lib/python3.12/site-packages/airflow/example_dags/plugins/workday.py
[2025-04-13T13:28:02.372-0400] {logging_mixin.py:188} INFO - [2025-04-13T13:28:02.371-0400] {utils.py:160} INFO - NumExpr defaulting to 8 threads.
[2025-04-13T13:28:02.540-0400] {processor.py:842} WARNING - No viable dags retrieved from /opt/anaconda3/lib/python3.12/site-packages/airflow/example_dags/plugins/workday.py
[2025-04-13T13:28:02.563-0400] {processor.py:183} INFO - Processing /opt/anaconda3/lib/python3.12/site-packages/airflow/example_dags/plugins/workday.py took 0.431 seconds
[2025-04-13T13:29:06.987-0400] {processor.py:161} INFO - Started process (PID=42880) to work on /opt/anaconda3/lib/python3.12/site-packages/airflow/example_dags/plugins/workday.py
[2025-04-13T13:29:06.988-0400] {processor.py:830} INFO - Processing file /opt/anaconda3/lib/python3.12/site-packages/airflow/example_dags/plugins/workday.py for tasks to queue
[2025-04-13T13:29:06.989-0400] {logging_mixin.py:188} INFO - [2025-04-13T13:29:06.989-0400] {dagbag.py:540} INFO - Filling up the DagBag from /opt/anaconda3/lib/python3.12/site-packages/airflow/example_dags/plugins/workday.py
[2025-04-13T13:29:07.232-0400] {logging_mixin.py:188} INFO - [2025-04-13T13:29:07.232-0400] {utils.py:160} INFO - NumExpr defaulting to 8 threads.
[2025-04-13T13:29:07.413-0400] {processor.py:842} WARNING - No viable dags retrieved from /opt/anaconda3/lib/python3.12/site-packages/airflow/example_dags/plugins/workday.py
[2025-04-13T13:29:07.439-0400] {processor.py:183} INFO - Processing /opt/anaconda3/lib/python3.12/site-packages/airflow/example_dags/plugins/workday.py took 0.452 seconds
[2025-04-13T13:31:24.078-0400] {processor.py:161} INFO - Started process (PID=43751) to work on /opt/anaconda3/lib/python3.12/site-packages/airflow/example_dags/plugins/workday.py
[2025-04-13T13:31:24.079-0400] {processor.py:830} INFO - Processing file /opt/anaconda3/lib/python3.12/site-packages/airflow/example_dags/plugins/workday.py for tasks to queue
[2025-04-13T13:31:24.079-0400] {logging_mixin.py:188} INFO - [2025-04-13T13:31:24.079-0400] {dagbag.py:540} INFO - Filling up the DagBag from /opt/anaconda3/lib/python3.12/site-packages/airflow/example_dags/plugins/workday.py
[2025-04-13T13:31:24.322-0400] {logging_mixin.py:188} INFO - [2025-04-13T13:31:24.322-0400] {utils.py:160} INFO - NumExpr defaulting to 8 threads.
[2025-04-13T13:31:24.506-0400] {processor.py:842} WARNING - No viable dags retrieved from /opt/anaconda3/lib/python3.12/site-packages/airflow/example_dags/plugins/workday.py
[2025-04-13T13:31:24.532-0400] {processor.py:183} INFO - Processing /opt/anaconda3/lib/python3.12/site-packages/airflow/example_dags/plugins/workday.py took 0.454 seconds
[2025-04-13T13:33:03.478-0400] {processor.py:161} INFO - Started process (PID=44417) to work on /opt/anaconda3/lib/python3.12/site-packages/airflow/example_dags/plugins/workday.py
[2025-04-13T13:33:03.479-0400] {processor.py:830} INFO - Processing file /opt/anaconda3/lib/python3.12/site-packages/airflow/example_dags/plugins/workday.py for tasks to queue
[2025-04-13T13:33:03.479-0400] {logging_mixin.py:188} INFO - [2025-04-13T13:33:03.479-0400] {dagbag.py:540} INFO - Filling up the DagBag from /opt/anaconda3/lib/python3.12/site-packages/airflow/example_dags/plugins/workday.py
[2025-04-13T13:33:03.746-0400] {logging_mixin.py:188} INFO - [2025-04-13T13:33:03.745-0400] {utils.py:160} INFO - NumExpr defaulting to 8 threads.
[2025-04-13T13:33:03.983-0400] {processor.py:842} WARNING - No viable dags retrieved from /opt/anaconda3/lib/python3.12/site-packages/airflow/example_dags/plugins/workday.py
[2025-04-13T13:33:04.010-0400] {processor.py:183} INFO - Processing /opt/anaconda3/lib/python3.12/site-packages/airflow/example_dags/plugins/workday.py took 0.533 seconds
[2025-04-13T13:35:46.267-0400] {processor.py:161} INFO - Started process (PID=44939) to work on /opt/anaconda3/lib/python3.12/site-packages/airflow/example_dags/plugins/workday.py
[2025-04-13T13:35:46.268-0400] {processor.py:830} INFO - Processing file /opt/anaconda3/lib/python3.12/site-packages/airflow/example_dags/plugins/workday.py for tasks to queue
[2025-04-13T13:35:46.268-0400] {logging_mixin.py:188} INFO - [2025-04-13T13:35:46.268-0400] {dagbag.py:540} INFO - Filling up the DagBag from /opt/anaconda3/lib/python3.12/site-packages/airflow/example_dags/plugins/workday.py
[2025-04-13T13:35:46.532-0400] {logging_mixin.py:188} INFO - [2025-04-13T13:35:46.532-0400] {utils.py:160} INFO - NumExpr defaulting to 8 threads.
[2025-04-13T13:35:46.728-0400] {processor.py:842} WARNING - No viable dags retrieved from /opt/anaconda3/lib/python3.12/site-packages/airflow/example_dags/plugins/workday.py
[2025-04-13T13:35:46.752-0400] {processor.py:183} INFO - Processing /opt/anaconda3/lib/python3.12/site-packages/airflow/example_dags/plugins/workday.py took 0.486 seconds
[2025-04-13T13:37:12.458-0400] {processor.py:161} INFO - Started process (PID=45537) to work on /opt/anaconda3/lib/python3.12/site-packages/airflow/example_dags/plugins/workday.py
[2025-04-13T13:37:12.459-0400] {processor.py:830} INFO - Processing file /opt/anaconda3/lib/python3.12/site-packages/airflow/example_dags/plugins/workday.py for tasks to queue
[2025-04-13T13:37:12.459-0400] {logging_mixin.py:188} INFO - [2025-04-13T13:37:12.459-0400] {dagbag.py:540} INFO - Filling up the DagBag from /opt/anaconda3/lib/python3.12/site-packages/airflow/example_dags/plugins/workday.py
[2025-04-13T13:37:12.712-0400] {logging_mixin.py:188} INFO - [2025-04-13T13:37:12.712-0400] {utils.py:160} INFO - NumExpr defaulting to 8 threads.
[2025-04-13T13:37:12.886-0400] {processor.py:842} WARNING - No viable dags retrieved from /opt/anaconda3/lib/python3.12/site-packages/airflow/example_dags/plugins/workday.py
[2025-04-13T13:37:12.911-0400] {processor.py:183} INFO - Processing /opt/anaconda3/lib/python3.12/site-packages/airflow/example_dags/plugins/workday.py took 0.454 seconds
[2025-04-13T13:38:20.445-0400] {processor.py:161} INFO - Started process (PID=45971) to work on /opt/anaconda3/lib/python3.12/site-packages/airflow/example_dags/plugins/workday.py
[2025-04-13T13:38:20.445-0400] {processor.py:830} INFO - Processing file /opt/anaconda3/lib/python3.12/site-packages/airflow/example_dags/plugins/workday.py for tasks to queue
[2025-04-13T13:38:20.446-0400] {logging_mixin.py:188} INFO - [2025-04-13T13:38:20.446-0400] {dagbag.py:540} INFO - Filling up the DagBag from /opt/anaconda3/lib/python3.12/site-packages/airflow/example_dags/plugins/workday.py
[2025-04-13T13:38:20.707-0400] {logging_mixin.py:188} INFO - [2025-04-13T13:38:20.707-0400] {utils.py:160} INFO - NumExpr defaulting to 8 threads.
[2025-04-13T13:38:20.891-0400] {processor.py:842} WARNING - No viable dags retrieved from /opt/anaconda3/lib/python3.12/site-packages/airflow/example_dags/plugins/workday.py
[2025-04-13T13:38:20.918-0400] {processor.py:183} INFO - Processing /opt/anaconda3/lib/python3.12/site-packages/airflow/example_dags/plugins/workday.py took 0.474 seconds
[2025-04-13T13:39:28.089-0400] {processor.py:161} INFO - Started process (PID=46421) to work on /opt/anaconda3/lib/python3.12/site-packages/airflow/example_dags/plugins/workday.py
[2025-04-13T13:39:28.090-0400] {processor.py:830} INFO - Processing file /opt/anaconda3/lib/python3.12/site-packages/airflow/example_dags/plugins/workday.py for tasks to queue
[2025-04-13T13:39:28.090-0400] {logging_mixin.py:188} INFO - [2025-04-13T13:39:28.090-0400] {dagbag.py:540} INFO - Filling up the DagBag from /opt/anaconda3/lib/python3.12/site-packages/airflow/example_dags/plugins/workday.py
[2025-04-13T13:39:28.324-0400] {logging_mixin.py:188} INFO - [2025-04-13T13:39:28.324-0400] {utils.py:160} INFO - NumExpr defaulting to 8 threads.
[2025-04-13T13:39:28.496-0400] {processor.py:842} WARNING - No viable dags retrieved from /opt/anaconda3/lib/python3.12/site-packages/airflow/example_dags/plugins/workday.py
[2025-04-13T13:39:28.520-0400] {processor.py:183} INFO - Processing /opt/anaconda3/lib/python3.12/site-packages/airflow/example_dags/plugins/workday.py took 0.432 seconds
[2025-04-13T13:40:33.279-0400] {processor.py:161} INFO - Started process (PID=46894) to work on /opt/anaconda3/lib/python3.12/site-packages/airflow/example_dags/plugins/workday.py
[2025-04-13T13:40:33.280-0400] {processor.py:830} INFO - Processing file /opt/anaconda3/lib/python3.12/site-packages/airflow/example_dags/plugins/workday.py for tasks to queue
[2025-04-13T13:40:33.280-0400] {logging_mixin.py:188} INFO - [2025-04-13T13:40:33.280-0400] {dagbag.py:540} INFO - Filling up the DagBag from /opt/anaconda3/lib/python3.12/site-packages/airflow/example_dags/plugins/workday.py
[2025-04-13T13:40:33.504-0400] {logging_mixin.py:188} INFO - [2025-04-13T13:40:33.504-0400] {utils.py:160} INFO - NumExpr defaulting to 8 threads.
[2025-04-13T13:40:33.670-0400] {processor.py:842} WARNING - No viable dags retrieved from /opt/anaconda3/lib/python3.12/site-packages/airflow/example_dags/plugins/workday.py
[2025-04-13T13:40:33.694-0400] {processor.py:183} INFO - Processing /opt/anaconda3/lib/python3.12/site-packages/airflow/example_dags/plugins/workday.py took 0.416 seconds
[2025-04-13T13:41:39.824-0400] {processor.py:161} INFO - Started process (PID=47337) to work on /opt/anaconda3/lib/python3.12/site-packages/airflow/example_dags/plugins/workday.py
[2025-04-13T13:41:39.824-0400] {processor.py:830} INFO - Processing file /opt/anaconda3/lib/python3.12/site-packages/airflow/example_dags/plugins/workday.py for tasks to queue
[2025-04-13T13:41:39.825-0400] {logging_mixin.py:188} INFO - [2025-04-13T13:41:39.825-0400] {dagbag.py:540} INFO - Filling up the DagBag from /opt/anaconda3/lib/python3.12/site-packages/airflow/example_dags/plugins/workday.py
[2025-04-13T13:41:40.050-0400] {logging_mixin.py:188} INFO - [2025-04-13T13:41:40.050-0400] {utils.py:160} INFO - NumExpr defaulting to 8 threads.
[2025-04-13T13:41:40.220-0400] {processor.py:842} WARNING - No viable dags retrieved from /opt/anaconda3/lib/python3.12/site-packages/airflow/example_dags/plugins/workday.py
[2025-04-13T13:41:40.245-0400] {processor.py:183} INFO - Processing /opt/anaconda3/lib/python3.12/site-packages/airflow/example_dags/plugins/workday.py took 0.422 seconds
[2025-04-13T13:42:45.279-0400] {processor.py:161} INFO - Started process (PID=47785) to work on /opt/anaconda3/lib/python3.12/site-packages/airflow/example_dags/plugins/workday.py
[2025-04-13T13:42:45.280-0400] {processor.py:830} INFO - Processing file /opt/anaconda3/lib/python3.12/site-packages/airflow/example_dags/plugins/workday.py for tasks to queue
[2025-04-13T13:42:45.280-0400] {logging_mixin.py:188} INFO - [2025-04-13T13:42:45.280-0400] {dagbag.py:540} INFO - Filling up the DagBag from /opt/anaconda3/lib/python3.12/site-packages/airflow/example_dags/plugins/workday.py
[2025-04-13T13:42:45.505-0400] {logging_mixin.py:188} INFO - [2025-04-13T13:42:45.505-0400] {utils.py:160} INFO - NumExpr defaulting to 8 threads.
[2025-04-13T13:42:45.674-0400] {processor.py:842} WARNING - No viable dags retrieved from /opt/anaconda3/lib/python3.12/site-packages/airflow/example_dags/plugins/workday.py
[2025-04-13T13:42:45.698-0400] {processor.py:183} INFO - Processing /opt/anaconda3/lib/python3.12/site-packages/airflow/example_dags/plugins/workday.py took 0.420 seconds
[2025-04-13T13:43:51.080-0400] {processor.py:161} INFO - Started process (PID=48221) to work on /opt/anaconda3/lib/python3.12/site-packages/airflow/example_dags/plugins/workday.py
[2025-04-13T13:43:51.081-0400] {processor.py:830} INFO - Processing file /opt/anaconda3/lib/python3.12/site-packages/airflow/example_dags/plugins/workday.py for tasks to queue
[2025-04-13T13:43:51.081-0400] {logging_mixin.py:188} INFO - [2025-04-13T13:43:51.081-0400] {dagbag.py:540} INFO - Filling up the DagBag from /opt/anaconda3/lib/python3.12/site-packages/airflow/example_dags/plugins/workday.py
[2025-04-13T13:43:51.325-0400] {logging_mixin.py:188} INFO - [2025-04-13T13:43:51.325-0400] {utils.py:160} INFO - NumExpr defaulting to 8 threads.
[2025-04-13T13:43:51.504-0400] {processor.py:842} WARNING - No viable dags retrieved from /opt/anaconda3/lib/python3.12/site-packages/airflow/example_dags/plugins/workday.py
[2025-04-13T13:43:51.529-0400] {processor.py:183} INFO - Processing /opt/anaconda3/lib/python3.12/site-packages/airflow/example_dags/plugins/workday.py took 0.449 seconds
[2025-04-13T13:44:57.287-0400] {processor.py:161} INFO - Started process (PID=48678) to work on /opt/anaconda3/lib/python3.12/site-packages/airflow/example_dags/plugins/workday.py
[2025-04-13T13:44:57.289-0400] {processor.py:830} INFO - Processing file /opt/anaconda3/lib/python3.12/site-packages/airflow/example_dags/plugins/workday.py for tasks to queue
[2025-04-13T13:44:57.289-0400] {logging_mixin.py:188} INFO - [2025-04-13T13:44:57.289-0400] {dagbag.py:540} INFO - Filling up the DagBag from /opt/anaconda3/lib/python3.12/site-packages/airflow/example_dags/plugins/workday.py
[2025-04-13T13:44:57.573-0400] {logging_mixin.py:188} INFO - [2025-04-13T13:44:57.573-0400] {utils.py:160} INFO - NumExpr defaulting to 8 threads.
[2025-04-13T13:44:57.811-0400] {processor.py:842} WARNING - No viable dags retrieved from /opt/anaconda3/lib/python3.12/site-packages/airflow/example_dags/plugins/workday.py
[2025-04-13T13:44:57.836-0400] {processor.py:183} INFO - Processing /opt/anaconda3/lib/python3.12/site-packages/airflow/example_dags/plugins/workday.py took 0.549 seconds
[2025-04-13T13:46:06.714-0400] {processor.py:161} INFO - Started process (PID=49143) to work on /opt/anaconda3/lib/python3.12/site-packages/airflow/example_dags/plugins/workday.py
[2025-04-13T13:46:06.715-0400] {processor.py:830} INFO - Processing file /opt/anaconda3/lib/python3.12/site-packages/airflow/example_dags/plugins/workday.py for tasks to queue
[2025-04-13T13:46:06.716-0400] {logging_mixin.py:188} INFO - [2025-04-13T13:46:06.716-0400] {dagbag.py:540} INFO - Filling up the DagBag from /opt/anaconda3/lib/python3.12/site-packages/airflow/example_dags/plugins/workday.py
[2025-04-13T13:46:06.949-0400] {logging_mixin.py:188} INFO - [2025-04-13T13:46:06.949-0400] {utils.py:160} INFO - NumExpr defaulting to 8 threads.
[2025-04-13T13:46:07.121-0400] {processor.py:842} WARNING - No viable dags retrieved from /opt/anaconda3/lib/python3.12/site-packages/airflow/example_dags/plugins/workday.py
[2025-04-13T13:46:07.145-0400] {processor.py:183} INFO - Processing /opt/anaconda3/lib/python3.12/site-packages/airflow/example_dags/plugins/workday.py took 0.432 seconds
[2025-04-13T13:47:19.184-0400] {processor.py:161} INFO - Started process (PID=49618) to work on /opt/anaconda3/lib/python3.12/site-packages/airflow/example_dags/plugins/workday.py
[2025-04-13T13:47:19.185-0400] {processor.py:830} INFO - Processing file /opt/anaconda3/lib/python3.12/site-packages/airflow/example_dags/plugins/workday.py for tasks to queue
[2025-04-13T13:47:19.185-0400] {logging_mixin.py:188} INFO - [2025-04-13T13:47:19.185-0400] {dagbag.py:540} INFO - Filling up the DagBag from /opt/anaconda3/lib/python3.12/site-packages/airflow/example_dags/plugins/workday.py
[2025-04-13T13:47:19.465-0400] {logging_mixin.py:188} INFO - [2025-04-13T13:47:19.465-0400] {utils.py:160} INFO - NumExpr defaulting to 8 threads.
[2025-04-13T13:47:19.658-0400] {processor.py:842} WARNING - No viable dags retrieved from /opt/anaconda3/lib/python3.12/site-packages/airflow/example_dags/plugins/workday.py
[2025-04-13T13:47:19.682-0400] {processor.py:183} INFO - Processing /opt/anaconda3/lib/python3.12/site-packages/airflow/example_dags/plugins/workday.py took 0.499 seconds
[2025-04-13T13:48:30.086-0400] {processor.py:161} INFO - Started process (PID=50082) to work on /opt/anaconda3/lib/python3.12/site-packages/airflow/example_dags/plugins/workday.py
[2025-04-13T13:48:30.087-0400] {processor.py:830} INFO - Processing file /opt/anaconda3/lib/python3.12/site-packages/airflow/example_dags/plugins/workday.py for tasks to queue
[2025-04-13T13:48:30.088-0400] {logging_mixin.py:188} INFO - [2025-04-13T13:48:30.087-0400] {dagbag.py:540} INFO - Filling up the DagBag from /opt/anaconda3/lib/python3.12/site-packages/airflow/example_dags/plugins/workday.py
[2025-04-13T13:48:30.358-0400] {logging_mixin.py:188} INFO - [2025-04-13T13:48:30.357-0400] {utils.py:160} INFO - NumExpr defaulting to 8 threads.
[2025-04-13T13:48:30.549-0400] {processor.py:842} WARNING - No viable dags retrieved from /opt/anaconda3/lib/python3.12/site-packages/airflow/example_dags/plugins/workday.py
[2025-04-13T13:48:30.574-0400] {processor.py:183} INFO - Processing /opt/anaconda3/lib/python3.12/site-packages/airflow/example_dags/plugins/workday.py took 0.489 seconds
[2025-04-13T13:49:39.844-0400] {processor.py:161} INFO - Started process (PID=50535) to work on /opt/anaconda3/lib/python3.12/site-packages/airflow/example_dags/plugins/workday.py
[2025-04-13T13:49:39.845-0400] {processor.py:830} INFO - Processing file /opt/anaconda3/lib/python3.12/site-packages/airflow/example_dags/plugins/workday.py for tasks to queue
[2025-04-13T13:49:39.845-0400] {logging_mixin.py:188} INFO - [2025-04-13T13:49:39.845-0400] {dagbag.py:540} INFO - Filling up the DagBag from /opt/anaconda3/lib/python3.12/site-packages/airflow/example_dags/plugins/workday.py
[2025-04-13T13:49:40.118-0400] {logging_mixin.py:188} INFO - [2025-04-13T13:49:40.118-0400] {utils.py:160} INFO - NumExpr defaulting to 8 threads.
[2025-04-13T13:49:40.296-0400] {processor.py:842} WARNING - No viable dags retrieved from /opt/anaconda3/lib/python3.12/site-packages/airflow/example_dags/plugins/workday.py
[2025-04-13T13:49:40.320-0400] {processor.py:183} INFO - Processing /opt/anaconda3/lib/python3.12/site-packages/airflow/example_dags/plugins/workday.py took 0.478 seconds
[2025-04-13T13:50:49.560-0400] {processor.py:161} INFO - Started process (PID=51003) to work on /opt/anaconda3/lib/python3.12/site-packages/airflow/example_dags/plugins/workday.py
[2025-04-13T13:50:49.561-0400] {processor.py:830} INFO - Processing file /opt/anaconda3/lib/python3.12/site-packages/airflow/example_dags/plugins/workday.py for tasks to queue
[2025-04-13T13:50:49.561-0400] {logging_mixin.py:188} INFO - [2025-04-13T13:50:49.561-0400] {dagbag.py:540} INFO - Filling up the DagBag from /opt/anaconda3/lib/python3.12/site-packages/airflow/example_dags/plugins/workday.py
[2025-04-13T13:50:49.916-0400] {logging_mixin.py:188} INFO - [2025-04-13T13:50:49.916-0400] {utils.py:160} INFO - NumExpr defaulting to 8 threads.
[2025-04-13T13:50:50.167-0400] {processor.py:842} WARNING - No viable dags retrieved from /opt/anaconda3/lib/python3.12/site-packages/airflow/example_dags/plugins/workday.py
[2025-04-13T13:50:50.193-0400] {processor.py:183} INFO - Processing /opt/anaconda3/lib/python3.12/site-packages/airflow/example_dags/plugins/workday.py took 0.633 seconds
[2025-04-13T13:51:58.173-0400] {processor.py:161} INFO - Started process (PID=51472) to work on /opt/anaconda3/lib/python3.12/site-packages/airflow/example_dags/plugins/workday.py
[2025-04-13T13:51:58.174-0400] {processor.py:830} INFO - Processing file /opt/anaconda3/lib/python3.12/site-packages/airflow/example_dags/plugins/workday.py for tasks to queue
[2025-04-13T13:51:58.175-0400] {logging_mixin.py:188} INFO - [2025-04-13T13:51:58.175-0400] {dagbag.py:540} INFO - Filling up the DagBag from /opt/anaconda3/lib/python3.12/site-packages/airflow/example_dags/plugins/workday.py
[2025-04-13T13:51:58.442-0400] {logging_mixin.py:188} INFO - [2025-04-13T13:51:58.442-0400] {utils.py:160} INFO - NumExpr defaulting to 8 threads.
[2025-04-13T13:51:58.631-0400] {processor.py:842} WARNING - No viable dags retrieved from /opt/anaconda3/lib/python3.12/site-packages/airflow/example_dags/plugins/workday.py
[2025-04-13T13:51:58.656-0400] {processor.py:183} INFO - Processing /opt/anaconda3/lib/python3.12/site-packages/airflow/example_dags/plugins/workday.py took 0.483 seconds
[2025-04-13T13:53:08.393-0400] {processor.py:161} INFO - Started process (PID=51956) to work on /opt/anaconda3/lib/python3.12/site-packages/airflow/example_dags/plugins/workday.py
[2025-04-13T13:53:08.394-0400] {processor.py:830} INFO - Processing file /opt/anaconda3/lib/python3.12/site-packages/airflow/example_dags/plugins/workday.py for tasks to queue
[2025-04-13T13:53:08.394-0400] {logging_mixin.py:188} INFO - [2025-04-13T13:53:08.394-0400] {dagbag.py:540} INFO - Filling up the DagBag from /opt/anaconda3/lib/python3.12/site-packages/airflow/example_dags/plugins/workday.py
[2025-04-13T13:53:08.623-0400] {logging_mixin.py:188} INFO - [2025-04-13T13:53:08.623-0400] {utils.py:160} INFO - NumExpr defaulting to 8 threads.
[2025-04-13T13:53:08.798-0400] {processor.py:842} WARNING - No viable dags retrieved from /opt/anaconda3/lib/python3.12/site-packages/airflow/example_dags/plugins/workday.py
[2025-04-13T13:53:08.822-0400] {processor.py:183} INFO - Processing /opt/anaconda3/lib/python3.12/site-packages/airflow/example_dags/plugins/workday.py took 0.430 seconds
[2025-04-13T13:54:18.348-0400] {processor.py:161} INFO - Started process (PID=52417) to work on /opt/anaconda3/lib/python3.12/site-packages/airflow/example_dags/plugins/workday.py
[2025-04-13T13:54:18.349-0400] {processor.py:830} INFO - Processing file /opt/anaconda3/lib/python3.12/site-packages/airflow/example_dags/plugins/workday.py for tasks to queue
[2025-04-13T13:54:18.349-0400] {logging_mixin.py:188} INFO - [2025-04-13T13:54:18.349-0400] {dagbag.py:540} INFO - Filling up the DagBag from /opt/anaconda3/lib/python3.12/site-packages/airflow/example_dags/plugins/workday.py
[2025-04-13T13:54:18.577-0400] {logging_mixin.py:188} INFO - [2025-04-13T13:54:18.577-0400] {utils.py:160} INFO - NumExpr defaulting to 8 threads.
[2025-04-13T13:54:18.749-0400] {processor.py:842} WARNING - No viable dags retrieved from /opt/anaconda3/lib/python3.12/site-packages/airflow/example_dags/plugins/workday.py
[2025-04-13T13:54:18.773-0400] {processor.py:183} INFO - Processing /opt/anaconda3/lib/python3.12/site-packages/airflow/example_dags/plugins/workday.py took 0.426 seconds
[2025-04-13T13:55:25.705-0400] {processor.py:161} INFO - Started process (PID=52860) to work on /opt/anaconda3/lib/python3.12/site-packages/airflow/example_dags/plugins/workday.py
[2025-04-13T13:55:25.706-0400] {processor.py:830} INFO - Processing file /opt/anaconda3/lib/python3.12/site-packages/airflow/example_dags/plugins/workday.py for tasks to queue
[2025-04-13T13:55:25.706-0400] {logging_mixin.py:188} INFO - [2025-04-13T13:55:25.706-0400] {dagbag.py:540} INFO - Filling up the DagBag from /opt/anaconda3/lib/python3.12/site-packages/airflow/example_dags/plugins/workday.py
[2025-04-13T13:55:25.936-0400] {logging_mixin.py:188} INFO - [2025-04-13T13:55:25.936-0400] {utils.py:160} INFO - NumExpr defaulting to 8 threads.
[2025-04-13T13:55:26.112-0400] {processor.py:842} WARNING - No viable dags retrieved from /opt/anaconda3/lib/python3.12/site-packages/airflow/example_dags/plugins/workday.py
[2025-04-13T13:55:26.136-0400] {processor.py:183} INFO - Processing /opt/anaconda3/lib/python3.12/site-packages/airflow/example_dags/plugins/workday.py took 0.432 seconds
[2025-04-13T13:56:33.639-0400] {processor.py:161} INFO - Started process (PID=53331) to work on /opt/anaconda3/lib/python3.12/site-packages/airflow/example_dags/plugins/workday.py
[2025-04-13T13:56:33.640-0400] {processor.py:830} INFO - Processing file /opt/anaconda3/lib/python3.12/site-packages/airflow/example_dags/plugins/workday.py for tasks to queue
[2025-04-13T13:56:33.640-0400] {logging_mixin.py:188} INFO - [2025-04-13T13:56:33.640-0400] {dagbag.py:540} INFO - Filling up the DagBag from /opt/anaconda3/lib/python3.12/site-packages/airflow/example_dags/plugins/workday.py
[2025-04-13T13:56:33.901-0400] {logging_mixin.py:188} INFO - [2025-04-13T13:56:33.901-0400] {utils.py:160} INFO - NumExpr defaulting to 8 threads.
[2025-04-13T13:56:34.114-0400] {processor.py:842} WARNING - No viable dags retrieved from /opt/anaconda3/lib/python3.12/site-packages/airflow/example_dags/plugins/workday.py
[2025-04-13T13:56:34.138-0400] {processor.py:183} INFO - Processing /opt/anaconda3/lib/python3.12/site-packages/airflow/example_dags/plugins/workday.py took 0.500 seconds
[2025-04-13T13:57:42.669-0400] {processor.py:161} INFO - Started process (PID=53809) to work on /opt/anaconda3/lib/python3.12/site-packages/airflow/example_dags/plugins/workday.py
[2025-04-13T13:57:42.670-0400] {processor.py:830} INFO - Processing file /opt/anaconda3/lib/python3.12/site-packages/airflow/example_dags/plugins/workday.py for tasks to queue
[2025-04-13T13:57:42.670-0400] {logging_mixin.py:188} INFO - [2025-04-13T13:57:42.670-0400] {dagbag.py:540} INFO - Filling up the DagBag from /opt/anaconda3/lib/python3.12/site-packages/airflow/example_dags/plugins/workday.py
[2025-04-13T13:57:42.896-0400] {logging_mixin.py:188} INFO - [2025-04-13T13:57:42.896-0400] {utils.py:160} INFO - NumExpr defaulting to 8 threads.
[2025-04-13T13:57:43.063-0400] {processor.py:842} WARNING - No viable dags retrieved from /opt/anaconda3/lib/python3.12/site-packages/airflow/example_dags/plugins/workday.py
[2025-04-13T13:57:43.087-0400] {processor.py:183} INFO - Processing /opt/anaconda3/lib/python3.12/site-packages/airflow/example_dags/plugins/workday.py took 0.419 seconds
[2025-04-13T13:58:48.734-0400] {processor.py:161} INFO - Started process (PID=54247) to work on /opt/anaconda3/lib/python3.12/site-packages/airflow/example_dags/plugins/workday.py
[2025-04-13T13:58:48.735-0400] {processor.py:830} INFO - Processing file /opt/anaconda3/lib/python3.12/site-packages/airflow/example_dags/plugins/workday.py for tasks to queue
[2025-04-13T13:58:48.736-0400] {logging_mixin.py:188} INFO - [2025-04-13T13:58:48.736-0400] {dagbag.py:540} INFO - Filling up the DagBag from /opt/anaconda3/lib/python3.12/site-packages/airflow/example_dags/plugins/workday.py
[2025-04-13T13:58:48.963-0400] {logging_mixin.py:188} INFO - [2025-04-13T13:58:48.963-0400] {utils.py:160} INFO - NumExpr defaulting to 8 threads.
[2025-04-13T13:58:49.138-0400] {processor.py:842} WARNING - No viable dags retrieved from /opt/anaconda3/lib/python3.12/site-packages/airflow/example_dags/plugins/workday.py
[2025-04-13T13:58:49.162-0400] {processor.py:183} INFO - Processing /opt/anaconda3/lib/python3.12/site-packages/airflow/example_dags/plugins/workday.py took 0.429 seconds
[2025-04-13T13:59:55.332-0400] {processor.py:161} INFO - Started process (PID=54747) to work on /opt/anaconda3/lib/python3.12/site-packages/airflow/example_dags/plugins/workday.py
[2025-04-13T13:59:55.333-0400] {processor.py:830} INFO - Processing file /opt/anaconda3/lib/python3.12/site-packages/airflow/example_dags/plugins/workday.py for tasks to queue
[2025-04-13T13:59:55.333-0400] {logging_mixin.py:188} INFO - [2025-04-13T13:59:55.333-0400] {dagbag.py:540} INFO - Filling up the DagBag from /opt/anaconda3/lib/python3.12/site-packages/airflow/example_dags/plugins/workday.py
[2025-04-13T13:59:55.600-0400] {logging_mixin.py:188} INFO - [2025-04-13T13:59:55.600-0400] {utils.py:160} INFO - NumExpr defaulting to 8 threads.
[2025-04-13T13:59:55.791-0400] {processor.py:842} WARNING - No viable dags retrieved from /opt/anaconda3/lib/python3.12/site-packages/airflow/example_dags/plugins/workday.py
[2025-04-13T13:59:55.815-0400] {processor.py:183} INFO - Processing /opt/anaconda3/lib/python3.12/site-packages/airflow/example_dags/plugins/workday.py took 0.484 seconds
[2025-04-13T14:01:04.588-0400] {processor.py:161} INFO - Started process (PID=55219) to work on /opt/anaconda3/lib/python3.12/site-packages/airflow/example_dags/plugins/workday.py
[2025-04-13T14:01:04.589-0400] {processor.py:830} INFO - Processing file /opt/anaconda3/lib/python3.12/site-packages/airflow/example_dags/plugins/workday.py for tasks to queue
[2025-04-13T14:01:04.589-0400] {logging_mixin.py:188} INFO - [2025-04-13T14:01:04.589-0400] {dagbag.py:540} INFO - Filling up the DagBag from /opt/anaconda3/lib/python3.12/site-packages/airflow/example_dags/plugins/workday.py
[2025-04-13T14:01:04.816-0400] {logging_mixin.py:188} INFO - [2025-04-13T14:01:04.816-0400] {utils.py:160} INFO - NumExpr defaulting to 8 threads.
[2025-04-13T14:01:04.982-0400] {processor.py:842} WARNING - No viable dags retrieved from /opt/anaconda3/lib/python3.12/site-packages/airflow/example_dags/plugins/workday.py
[2025-04-13T14:01:05.005-0400] {processor.py:183} INFO - Processing /opt/anaconda3/lib/python3.12/site-packages/airflow/example_dags/plugins/workday.py took 0.418 seconds
[2025-04-13T14:02:13.542-0400] {processor.py:161} INFO - Started process (PID=55675) to work on /opt/anaconda3/lib/python3.12/site-packages/airflow/example_dags/plugins/workday.py
[2025-04-13T14:02:13.543-0400] {processor.py:830} INFO - Processing file /opt/anaconda3/lib/python3.12/site-packages/airflow/example_dags/plugins/workday.py for tasks to queue
[2025-04-13T14:02:13.544-0400] {logging_mixin.py:188} INFO - [2025-04-13T14:02:13.544-0400] {dagbag.py:540} INFO - Filling up the DagBag from /opt/anaconda3/lib/python3.12/site-packages/airflow/example_dags/plugins/workday.py
[2025-04-13T14:02:13.807-0400] {logging_mixin.py:188} INFO - [2025-04-13T14:02:13.807-0400] {utils.py:160} INFO - NumExpr defaulting to 8 threads.
[2025-04-13T14:02:14.006-0400] {processor.py:842} WARNING - No viable dags retrieved from /opt/anaconda3/lib/python3.12/site-packages/airflow/example_dags/plugins/workday.py
[2025-04-13T14:02:14.030-0400] {processor.py:183} INFO - Processing /opt/anaconda3/lib/python3.12/site-packages/airflow/example_dags/plugins/workday.py took 0.489 seconds
