[2025-04-13T20:00:03.031-0400] {local_task_job_runner.py:120} INFO - ::group::Pre task execution logs
[2025-04-13T20:00:03.045-0400] {taskinstance.py:2073} INFO - Dependencies all met for dep_context=non-requeueable deps ti=<TaskInstance: job_scraping_pipeline.scrape_jobs scheduled__2025-04-13T18:00:00+00:00 [queued]>
[2025-04-13T20:00:03.047-0400] {taskinstance.py:2073} INFO - Dependencies all met for dep_context=requeueable deps ti=<TaskInstance: job_scraping_pipeline.scrape_jobs scheduled__2025-04-13T18:00:00+00:00 [queued]>
[2025-04-13T20:00:03.047-0400] {taskinstance.py:2303} INFO - Starting attempt 1 of 2
[2025-04-13T20:00:03.050-0400] {taskinstance.py:2327} INFO - Executing <Task(PythonOperator): scrape_jobs> on 2025-04-13 18:00:00+00:00
[2025-04-13T20:00:03.056-0400] {standard_task_runner.py:90} INFO - Running: ['airflow', 'tasks', 'run', 'job_scraping_pipeline', 'scrape_jobs', 'scheduled__2025-04-13T18:00:00+00:00', '--job-id', '39', '--raw', '--subdir', 'DAGS_FOLDER/job_scraping_pipeline.py', '--cfg-path', '/var/folders/0h/2g2z3yf96870c1b6bngz18w00000gn/T/tmpvi5081yg']
[2025-04-13T20:00:03.058-0400] {standard_task_runner.py:91} INFO - Job 39: Subtask scrape_jobs
[2025-04-13T20:00:03.058-0400] {logging_mixin.py:188} WARNING - /opt/anaconda3/lib/python3.12/site-packages/airflow/task/task_runner/standard_task_runner.py:61 DeprecationWarning: This process (pid=89741) is multi-threaded, use of fork() may lead to deadlocks in the child.
[2025-04-13T20:00:03.058-0400] {standard_task_runner.py:63} INFO - Started process 89745 to run task
[2025-04-13T20:00:03.073-0400] {task_command.py:426} INFO - Running <TaskInstance: job_scraping_pipeline.scrape_jobs scheduled__2025-04-13T18:00:00+00:00 [running]> on host sahils-macbook-air-2.local
[2025-04-13T20:00:03.310-0400] {taskinstance.py:2644} INFO - Exporting env vars: AIRFLOW_CTX_DAG_OWNER='airflow' AIRFLOW_CTX_DAG_ID='job_scraping_pipeline' AIRFLOW_CTX_TASK_ID='scrape_jobs' AIRFLOW_CTX_EXECUTION_DATE='2025-04-13T18:00:00+00:00' AIRFLOW_CTX_TRY_NUMBER='1' AIRFLOW_CTX_DAG_RUN_ID='scheduled__2025-04-13T18:00:00+00:00'
[2025-04-13T20:00:03.310-0400] {taskinstance.py:430} INFO - ::endgroup::
[2025-04-13T20:00:03.316-0400] {job_scraping_pipeline.py:56} INFO - Starting job scraping task
[2025-04-13T20:00:03.316-0400] {scraper.py:77} INFO - Starting job scraping...
[2025-04-13T20:00:03.316-0400] {logger.py:11} INFO - ====== WebDriver manager ======
[2025-04-13T20:00:03.445-0400] {logger.py:11} INFO - Get LATEST chromedriver version for google-chrome
[2025-04-13T20:00:03.479-0400] {logger.py:11} INFO - Get LATEST chromedriver version for google-chrome
[2025-04-13T20:00:03.516-0400] {logger.py:11} INFO - Driver [/Users/sahilkasliwal/.wdm/drivers/chromedriver/mac64/135.0.7049.84/chromedriver-mac-arm64/chromedriver] found in cache
[2025-04-13T20:00:09.902-0400] {scraper.py:95} INFO - Attempting to log in to JobRight.ai...
[2025-04-13T20:00:17.224-0400] {scraper.py:114} INFO - Navigating to job listings page...
[2025-04-13T20:00:22.719-0400] {scraper.py:119} INFO - Scrolling to load more job listings...
[2025-04-13T20:00:42.837-0400] {scraper.py:126} INFO - Found 10 jobs on the page
[2025-04-13T20:00:42.837-0400] {scraper.py:147} INFO - Starting to scrape job listings...
[2025-04-13T20:00:46.109-0400] {scraper.py:201} INFO - Scraped job: Software Quality Engineer @ Red Hat
[2025-04-13T20:00:46.587-0400] {scraper.py:201} INFO - Scraped job: Front- End Engineer @ Hatch
[2025-04-13T20:00:47.183-0400] {scraper.py:201} INFO - Scraped job: Senior Software Engineer Data Lake @ Cisco
[2025-04-13T20:00:47.695-0400] {scraper.py:201} INFO - Scraped job: Software Development Engineer 30 @ Adobe
[2025-04-13T20:00:48.266-0400] {scraper.py:201} INFO - Scraped job: Software Engineer II, Java @ S&P Global
[2025-04-13T20:00:48.744-0400] {scraper.py:201} INFO - Scraped job: Cyber Security Analyst (Customer Ops / Platform Support / MDR) @ HUMAN
[2025-04-13T20:00:49.374-0400] {scraper.py:201} INFO - Scraped job: DevOps (Embedded) Software Engineer 2 (C++) @ Garmin
[2025-04-13T20:00:50.038-0400] {scraper.py:201} INFO - Scraped job: Senior Full Stack Engineer, Cloud @ Materialize
[2025-04-13T20:00:50.930-0400] {scraper.py:201} INFO - Scraped job: Senior Software Engineer @ PointClickCare
[2025-04-13T20:00:51.686-0400] {scraper.py:201} INFO - Scraped job: Back End Developer @ Imetris Corporation
[2025-04-13T20:00:51.788-0400] {scraper.py:225} INFO - Browser closed successfully
[2025-04-13T20:00:51.997-0400] {scraper.py:62} INFO - Successfully saved data to s3://skillmatchai/jobs/raw_files/jobright_jobs_20250413_200051.json
[2025-04-13T20:00:51.998-0400] {scraper.py:235} INFO - Successfully saved 10 jobs to s3://skillmatchai/jobs/raw_files/jobright_jobs_20250413_200051.json
[2025-04-13T20:00:52.000-0400] {job_scraping_pipeline.py:60} INFO - Job scraping completed successfully
[2025-04-13T20:00:52.001-0400] {python.py:237} INFO - Done. Returned value was: None
[2025-04-13T20:00:52.002-0400] {taskinstance.py:441} INFO - ::group::Post task execution logs
[2025-04-13T20:00:52.011-0400] {taskinstance.py:1205} INFO - Marking task as SUCCESS. dag_id=job_scraping_pipeline, task_id=scrape_jobs, execution_date=20250413T180000, start_date=20250414T000003, end_date=20250414T000052
[2025-04-13T20:00:52.058-0400] {local_task_job_runner.py:240} INFO - Task exited with return code 0
[2025-04-13T20:00:52.075-0400] {taskinstance.py:3482} INFO - 1 downstream tasks scheduled from follow-on schedule check
[2025-04-13T20:00:52.076-0400] {local_task_job_runner.py:222} INFO - ::endgroup::
