[2025-04-13T13:04:53.663-0400] {local_task_job_runner.py:120} INFO - ::group::Pre task execution logs
[2025-04-13T13:04:53.666-0400] {taskinstance.py:2073} INFO - Dependencies all met for dep_context=non-requeueable deps ti=<TaskInstance: job_scraping_pipeline.scrape_jobs scheduled__2025-04-12T00:00:00+00:00 [queued]>
[2025-04-13T13:04:53.668-0400] {taskinstance.py:2073} INFO - Dependencies all met for dep_context=requeueable deps ti=<TaskInstance: job_scraping_pipeline.scrape_jobs scheduled__2025-04-12T00:00:00+00:00 [queued]>
[2025-04-13T13:04:53.668-0400] {taskinstance.py:2303} INFO - Starting attempt 1 of 2
[2025-04-13T13:04:53.671-0400] {taskinstance.py:2327} INFO - Executing <Task(PythonOperator): scrape_jobs> on 2025-04-12 00:00:00+00:00
[2025-04-13T13:04:53.676-0400] {logging_mixin.py:188} WARNING - /opt/anaconda3/lib/python3.12/site-packages/airflow/task/task_runner/standard_task_runner.py:61 DeprecationWarning: This process (pid=33165) is multi-threaded, use of fork() may lead to deadlocks in the child.
[2025-04-13T13:04:53.677-0400] {standard_task_runner.py:63} INFO - Started process 33185 to run task
[2025-04-13T13:04:53.676-0400] {standard_task_runner.py:90} INFO - Running: ['airflow', 'tasks', 'run', 'job_scraping_pipeline', 'scrape_jobs', 'scheduled__2025-04-12T00:00:00+00:00', '--job-id', '2', '--raw', '--subdir', 'DAGS_FOLDER/job_scraping_dag.py', '--cfg-path', '/var/folders/0h/2g2z3yf96870c1b6bngz18w00000gn/T/tmpvodrldf_']
[2025-04-13T13:04:53.677-0400] {standard_task_runner.py:91} INFO - Job 2: Subtask scrape_jobs
[2025-04-13T13:04:53.692-0400] {task_command.py:426} INFO - Running <TaskInstance: job_scraping_pipeline.scrape_jobs scheduled__2025-04-12T00:00:00+00:00 [running]> on host sahils-macbook-air-2.local
[2025-04-13T13:04:53.708-0400] {taskinstance.py:2644} INFO - Exporting env vars: AIRFLOW_CTX_DAG_OWNER='airflow' AIRFLOW_CTX_DAG_ID='job_scraping_pipeline' AIRFLOW_CTX_TASK_ID='scrape_jobs' AIRFLOW_CTX_EXECUTION_DATE='2025-04-12T00:00:00+00:00' AIRFLOW_CTX_TRY_NUMBER='1' AIRFLOW_CTX_DAG_RUN_ID='scheduled__2025-04-12T00:00:00+00:00'
[2025-04-13T13:04:53.709-0400] {taskinstance.py:430} INFO - ::endgroup::
[2025-04-13T13:04:53.709-0400] {scraper.py:73} INFO - Starting job scraping...
[2025-04-13T13:04:53.710-0400] {logger.py:11} INFO - ====== WebDriver manager ======
[2025-04-13T13:04:53.838-0400] {logger.py:11} INFO - Get LATEST chromedriver version for google-chrome
[2025-04-13T13:04:53.927-0400] {logger.py:11} INFO - Get LATEST chromedriver version for google-chrome
[2025-04-13T13:04:53.966-0400] {logger.py:11} INFO - Get LATEST chromedriver version for google-chrome
[2025-04-13T13:04:54.148-0400] {logger.py:11} INFO - WebDriver version 135.0.7049.84 selected
[2025-04-13T13:04:54.150-0400] {logger.py:11} INFO - Modern chrome version https://storage.googleapis.com/chrome-for-testing-public/135.0.7049.84/mac-arm64/chromedriver-mac-arm64.zip
[2025-04-13T13:04:54.150-0400] {logger.py:11} INFO - About to download new driver from https://storage.googleapis.com/chrome-for-testing-public/135.0.7049.84/mac-arm64/chromedriver-mac-arm64.zip
[2025-04-13T13:04:54.246-0400] {logger.py:11} INFO - Driver downloading response is 200
[2025-04-13T13:04:54.833-0400] {logger.py:11} INFO - Get LATEST chromedriver version for google-chrome
[2025-04-13T13:04:54.958-0400] {logger.py:11} INFO - Driver has been saved in cache [/Users/sahilkasliwal/.wdm/drivers/chromedriver/mac64/135.0.7049.84]
[2025-04-13T13:05:00.167-0400] {scraper.py:91} INFO - Attempting to log in to JobRight.ai...
[2025-04-13T13:05:07.487-0400] {scraper.py:110} INFO - Navigating to job listings page...
[2025-04-13T13:05:12.931-0400] {scraper.py:115} INFO - Scrolling to load more job listings...
[2025-04-13T13:05:33.022-0400] {scraper.py:122} INFO - Found 10 jobs on the page
[2025-04-13T13:05:33.023-0400] {scraper.py:143} INFO - Starting to scrape job listings...
[2025-04-13T13:05:36.186-0400] {scraper.py:197} INFO - Scraped job: Software Engineer II-R-235827 @ Mastercard
[2025-04-13T13:05:36.639-0400] {scraper.py:197} INFO - Scraped job: Software Engineer: Microsoft Software and Systems Academy (MSSA) @ Microsoft
[2025-04-13T13:05:37.097-0400] {scraper.py:197} INFO - Scraped job: Machine Learning Engineer (US) @ Coram AI
[2025-04-13T13:05:37.748-0400] {scraper.py:197} INFO - Scraped job: Software Engineer III (Full-Stack) @ Walmart Data Ventures
[2025-04-13T13:05:38.321-0400] {scraper.py:197} INFO - Scraped job: Software Engineer II, Java @ S&P Global
[2025-04-13T13:05:38.727-0400] {scraper.py:197} INFO - Scraped job: AIML - Core Infrastructure Engineering, Machine Learning Platform & Infrastructure @ Apple
[2025-04-13T13:05:39.157-0400] {scraper.py:197} INFO - Scraped job: Senior Machine Learning Engineer @ Dynata
[2025-04-13T13:05:39.679-0400] {scraper.py:197} INFO - Scraped job: Data Engineer (Remote/Hybrid) @ Veterans United Home Loans
[2025-04-13T13:05:40.333-0400] {scraper.py:197} INFO - Scraped job: DevOps (Embedded) Software Engineer 2 (C++) @ Garmin
[2025-04-13T13:05:40.841-0400] {scraper.py:197} INFO - Scraped job: Senior System Software Engineer - Dynamo and Triton Inference Server @ NVIDIA
[2025-04-13T13:05:40.943-0400] {scraper.py:221} INFO - Browser closed successfully
[2025-04-13T13:05:41.455-0400] {scraper.py:58} INFO - Successfully saved data to s3://skillmatchai/jobs/raw_files/jobright_jobs_20250413_130540.json
[2025-04-13T13:05:41.456-0400] {scraper.py:231} INFO - Successfully saved 10 jobs to s3://skillmatchai/jobs/raw_files/jobright_jobs_20250413_130540.json
[2025-04-13T13:05:41.458-0400] {python.py:237} INFO - Done. Returned value was: None
[2025-04-13T13:05:41.459-0400] {taskinstance.py:441} INFO - ::group::Post task execution logs
[2025-04-13T13:05:41.470-0400] {taskinstance.py:1205} INFO - Marking task as SUCCESS. dag_id=job_scraping_pipeline, task_id=scrape_jobs, execution_date=20250412T000000, start_date=20250413T170453, end_date=20250413T170541
[2025-04-13T13:05:41.497-0400] {local_task_job_runner.py:240} INFO - Task exited with return code 0
[2025-04-13T13:05:41.506-0400] {taskinstance.py:3482} INFO - 0 downstream tasks scheduled from follow-on schedule check
[2025-04-13T13:05:41.506-0400] {local_task_job_runner.py:222} INFO - ::endgroup::
