[2025-04-13T18:49:20.728-0400] {local_task_job_runner.py:120} INFO - ::group::Pre task execution logs
[2025-04-13T18:49:20.748-0400] {taskinstance.py:2073} INFO - Dependencies all met for dep_context=non-requeueable deps ti=<TaskInstance: job_scraping_pipeline.scrape_jobs manual__2025-04-13T22:49:16.446820+00:00 [queued]>
[2025-04-13T18:49:20.749-0400] {taskinstance.py:2073} INFO - Dependencies all met for dep_context=requeueable deps ti=<TaskInstance: job_scraping_pipeline.scrape_jobs manual__2025-04-13T22:49:16.446820+00:00 [queued]>
[2025-04-13T18:49:20.749-0400] {taskinstance.py:2303} INFO - Starting attempt 1 of 2
[2025-04-13T18:49:20.753-0400] {taskinstance.py:2327} INFO - Executing <Task(PythonOperator): scrape_jobs> on 2025-04-13 22:49:16.446820+00:00
[2025-04-13T18:49:20.762-0400] {logging_mixin.py:188} WARNING - /opt/anaconda3/lib/python3.12/site-packages/airflow/task/task_runner/standard_task_runner.py:61 DeprecationWarning: This process (pid=63736) is multi-threaded, use of fork() may lead to deadlocks in the child.
[2025-04-13T18:49:20.763-0400] {standard_task_runner.py:63} INFO - Started process 63765 to run task
[2025-04-13T18:49:20.765-0400] {standard_task_runner.py:90} INFO - Running: ['airflow', 'tasks', 'run', 'job_scraping_pipeline', 'scrape_jobs', 'manual__2025-04-13T22:49:16.446820+00:00', '--job-id', '24', '--raw', '--subdir', 'DAGS_FOLDER/job_scraping_pipeline.py', '--cfg-path', '/var/folders/0h/2g2z3yf96870c1b6bngz18w00000gn/T/tmp_rddo_0m']
[2025-04-13T18:49:20.766-0400] {standard_task_runner.py:91} INFO - Job 24: Subtask scrape_jobs
[2025-04-13T18:49:20.786-0400] {task_command.py:426} INFO - Running <TaskInstance: job_scraping_pipeline.scrape_jobs manual__2025-04-13T22:49:16.446820+00:00 [running]> on host sahils-macbook-air-2.local
[2025-04-13T18:49:20.877-0400] {taskinstance.py:2644} INFO - Exporting env vars: AIRFLOW_CTX_DAG_OWNER='airflow' AIRFLOW_CTX_DAG_ID='job_scraping_pipeline' AIRFLOW_CTX_TASK_ID='scrape_jobs' AIRFLOW_CTX_EXECUTION_DATE='2025-04-13T22:49:16.446820+00:00' AIRFLOW_CTX_TRY_NUMBER='1' AIRFLOW_CTX_DAG_RUN_ID='manual__2025-04-13T22:49:16.446820+00:00'
[2025-04-13T18:49:20.878-0400] {taskinstance.py:430} INFO - ::endgroup::
[2025-04-13T18:49:20.882-0400] {job_scraping_pipeline.py:54} INFO - Starting job scraping task
[2025-04-13T18:49:20.882-0400] {scraper.py:77} INFO - Starting job scraping...
[2025-04-13T18:49:20.882-0400] {logger.py:11} INFO - ====== WebDriver manager ======
[2025-04-13T18:49:21.061-0400] {logger.py:11} INFO - Get LATEST chromedriver version for google-chrome
[2025-04-13T18:49:21.169-0400] {logger.py:11} INFO - Get LATEST chromedriver version for google-chrome
[2025-04-13T18:49:21.218-0400] {logger.py:11} INFO - Driver [/Users/sahilkasliwal/.wdm/drivers/chromedriver/mac64/135.0.7049.84/chromedriver-mac-arm64/chromedriver] found in cache
[2025-04-13T18:49:27.238-0400] {scraper.py:95} INFO - Attempting to log in to JobRight.ai...
[2025-04-13T18:49:34.590-0400] {scraper.py:114} INFO - Navigating to job listings page...
[2025-04-13T18:49:40.072-0400] {scraper.py:119} INFO - Scrolling to load more job listings...
[2025-04-13T18:50:00.202-0400] {scraper.py:126} INFO - Found 10 jobs on the page
[2025-04-13T18:50:00.203-0400] {scraper.py:147} INFO - Starting to scrape job listings...
[2025-04-13T18:50:03.420-0400] {scraper.py:201} INFO - Scraped job: Software Quality Engineer @ Red Hat
[2025-04-13T18:50:03.881-0400] {scraper.py:201} INFO - Scraped job: Front- End Engineer @ Hatch
[2025-04-13T18:50:04.287-0400] {scraper.py:201} INFO - Scraped job: Senior Full Stack Engineer, Cloud @ Materialize
[2025-04-13T18:50:04.870-0400] {scraper.py:201} INFO - Scraped job: Software Development Engineer 30 @ Adobe
[2025-04-13T18:50:05.452-0400] {scraper.py:201} INFO - Scraped job: Software Engineer II, Java @ S&P Global
[2025-04-13T18:50:06.239-0400] {scraper.py:201} INFO - Scraped job: Senior Software Engineer @ PointClickCare
[2025-04-13T18:50:07.028-0400] {scraper.py:201} INFO - Scraped job: Back End Developer @ Imetris Corporation
[2025-04-13T18:50:07.550-0400] {scraper.py:201} INFO - Scraped job: Cyber Security Analyst (Customer Ops / Platform Support / MDR) @ HUMAN
[2025-04-13T18:50:08.177-0400] {scraper.py:201} INFO - Scraped job: DevOps (Embedded) Software Engineer 2 (C++) @ Garmin
[2025-04-13T18:50:08.787-0400] {scraper.py:201} INFO - Scraped job: Principal Software Engineer @ Red Hat
[2025-04-13T18:50:08.888-0400] {scraper.py:225} INFO - Browser closed successfully
[2025-04-13T18:50:09.228-0400] {scraper.py:62} INFO - Successfully saved data to s3://skillmatchai/jobs/raw_files/jobright_jobs_20250413_185008.json
[2025-04-13T18:50:09.229-0400] {scraper.py:235} INFO - Successfully saved 10 jobs to s3://skillmatchai/jobs/raw_files/jobright_jobs_20250413_185008.json
[2025-04-13T18:50:09.232-0400] {job_scraping_pipeline.py:58} INFO - Job scraping completed successfully
[2025-04-13T18:50:09.234-0400] {python.py:237} INFO - Done. Returned value was: None
[2025-04-13T18:50:09.235-0400] {taskinstance.py:441} INFO - ::group::Post task execution logs
[2025-04-13T18:50:09.249-0400] {taskinstance.py:1205} INFO - Marking task as SUCCESS. dag_id=job_scraping_pipeline, task_id=scrape_jobs, execution_date=20250413T224916, start_date=20250413T224920, end_date=20250413T225009
[2025-04-13T18:50:09.269-0400] {local_task_job_runner.py:240} INFO - Task exited with return code 0
[2025-04-13T18:50:09.281-0400] {taskinstance.py:3482} INFO - 1 downstream tasks scheduled from follow-on schedule check
[2025-04-13T18:50:09.282-0400] {local_task_job_runner.py:222} INFO - ::endgroup::
