[2025-04-13T15:29:35.544-0400] {processor.py:161} INFO - Started process (PID=94844) to work on /opt/anaconda3/lib/python3.12/site-packages/airflow/example_dags/example_kubernetes_executor.py
[2025-04-13T15:29:35.544-0400] {processor.py:830} INFO - Processing file /opt/anaconda3/lib/python3.12/site-packages/airflow/example_dags/example_kubernetes_executor.py for tasks to queue
[2025-04-13T15:29:35.544-0400] {logging_mixin.py:188} INFO - [2025-04-13T15:29:35.544-0400] {dagbag.py:540} INFO - Filling up the DagBag from /opt/anaconda3/lib/python3.12/site-packages/airflow/example_dags/example_kubernetes_executor.py
[2025-04-13T15:29:35.637-0400] {processor.py:840} INFO - DAG(s) 'example_kubernetes_executor' retrieved from /opt/anaconda3/lib/python3.12/site-packages/airflow/example_dags/example_kubernetes_executor.py
[2025-04-13T15:29:35.710-0400] {logging_mixin.py:188} WARNING - /opt/anaconda3/lib/python3.12/site-packages/airflow/serialization/serialized_objects.py:1673 DeprecationWarning: This module is deprecated. The `cncf.kubernetes` provider before version 7.4.0 uses this module - you should migrate to a newer version of `cncf.kubernetes` to get rid of this warning. If you import the module via `airflow.kubernetes` import, please use `cncf.kubernetes' provider 7.4.0+ and switch all your imports to use `apache.airflow.providers.cncf.kubernetes` to get rid of the warning.
[2025-04-13T15:29:35.744-0400] {logging_mixin.py:188} INFO - [2025-04-13T15:29:35.744-0400] {override.py:1930} INFO - Created Permission View: can edit on DAG:example_kubernetes_executor
[2025-04-13T15:29:35.746-0400] {logging_mixin.py:188} INFO - [2025-04-13T15:29:35.746-0400] {override.py:1930} INFO - Created Permission View: can delete on DAG:example_kubernetes_executor
[2025-04-13T15:29:35.748-0400] {logging_mixin.py:188} INFO - [2025-04-13T15:29:35.748-0400] {override.py:1930} INFO - Created Permission View: can read on DAG:example_kubernetes_executor
[2025-04-13T15:29:35.748-0400] {logging_mixin.py:188} INFO - [2025-04-13T15:29:35.748-0400] {dag.py:3096} INFO - Sync 1 DAGs
[2025-04-13T15:29:35.751-0400] {logging_mixin.py:188} INFO - [2025-04-13T15:29:35.751-0400] {dag.py:3118} INFO - Creating ORM DAG for example_kubernetes_executor
[2025-04-13T15:29:35.751-0400] {logging_mixin.py:188} INFO - [2025-04-13T15:29:35.751-0400] {dag.py:3954} INFO - Setting next_dagrun for example_kubernetes_executor to None, run_after=None
[2025-04-13T15:29:35.756-0400] {processor.py:183} INFO - Processing /opt/anaconda3/lib/python3.12/site-packages/airflow/example_dags/example_kubernetes_executor.py took 0.214 seconds
[2025-04-13T15:31:19.634-0400] {processor.py:161} INFO - Started process (PID=95631) to work on /opt/anaconda3/lib/python3.12/site-packages/airflow/example_dags/example_kubernetes_executor.py
[2025-04-13T15:31:19.635-0400] {processor.py:830} INFO - Processing file /opt/anaconda3/lib/python3.12/site-packages/airflow/example_dags/example_kubernetes_executor.py for tasks to queue
[2025-04-13T15:31:19.635-0400] {logging_mixin.py:188} INFO - [2025-04-13T15:31:19.635-0400] {dagbag.py:540} INFO - Filling up the DagBag from /opt/anaconda3/lib/python3.12/site-packages/airflow/example_dags/example_kubernetes_executor.py
[2025-04-13T15:31:19.828-0400] {processor.py:840} INFO - DAG(s) 'example_kubernetes_executor' retrieved from /opt/anaconda3/lib/python3.12/site-packages/airflow/example_dags/example_kubernetes_executor.py
[2025-04-13T15:31:19.930-0400] {logging_mixin.py:188} WARNING - /opt/anaconda3/lib/python3.12/site-packages/airflow/serialization/serialized_objects.py:1673 DeprecationWarning: This module is deprecated. The `cncf.kubernetes` provider before version 7.4.0 uses this module - you should migrate to a newer version of `cncf.kubernetes` to get rid of this warning. If you import the module via `airflow.kubernetes` import, please use `cncf.kubernetes' provider 7.4.0+ and switch all your imports to use `apache.airflow.providers.cncf.kubernetes` to get rid of the warning.
[2025-04-13T15:31:19.937-0400] {logging_mixin.py:188} INFO - [2025-04-13T15:31:19.937-0400] {dag.py:3096} INFO - Sync 1 DAGs
[2025-04-13T15:31:19.941-0400] {logging_mixin.py:188} INFO - [2025-04-13T15:31:19.940-0400] {dag.py:3954} INFO - Setting next_dagrun for example_kubernetes_executor to None, run_after=None
[2025-04-13T15:31:19.949-0400] {processor.py:183} INFO - Processing /opt/anaconda3/lib/python3.12/site-packages/airflow/example_dags/example_kubernetes_executor.py took 0.316 seconds
[2025-04-13T15:34:09.084-0400] {processor.py:161} INFO - Started process (PID=96954) to work on /opt/anaconda3/lib/python3.12/site-packages/airflow/example_dags/example_kubernetes_executor.py
[2025-04-13T15:34:09.085-0400] {processor.py:830} INFO - Processing file /opt/anaconda3/lib/python3.12/site-packages/airflow/example_dags/example_kubernetes_executor.py for tasks to queue
[2025-04-13T15:34:09.085-0400] {logging_mixin.py:188} INFO - [2025-04-13T15:34:09.085-0400] {dagbag.py:540} INFO - Filling up the DagBag from /opt/anaconda3/lib/python3.12/site-packages/airflow/example_dags/example_kubernetes_executor.py
[2025-04-13T15:34:09.222-0400] {processor.py:840} INFO - DAG(s) 'example_kubernetes_executor' retrieved from /opt/anaconda3/lib/python3.12/site-packages/airflow/example_dags/example_kubernetes_executor.py
[2025-04-13T15:34:09.296-0400] {logging_mixin.py:188} WARNING - /opt/anaconda3/lib/python3.12/site-packages/airflow/serialization/serialized_objects.py:1673 DeprecationWarning: This module is deprecated. The `cncf.kubernetes` provider before version 7.4.0 uses this module - you should migrate to a newer version of `cncf.kubernetes` to get rid of this warning. If you import the module via `airflow.kubernetes` import, please use `cncf.kubernetes' provider 7.4.0+ and switch all your imports to use `apache.airflow.providers.cncf.kubernetes` to get rid of the warning.
[2025-04-13T15:34:09.302-0400] {logging_mixin.py:188} INFO - [2025-04-13T15:34:09.302-0400] {dag.py:3096} INFO - Sync 1 DAGs
[2025-04-13T15:34:09.305-0400] {logging_mixin.py:188} INFO - [2025-04-13T15:34:09.305-0400] {dag.py:3954} INFO - Setting next_dagrun for example_kubernetes_executor to None, run_after=None
[2025-04-13T15:34:09.312-0400] {processor.py:183} INFO - Processing /opt/anaconda3/lib/python3.12/site-packages/airflow/example_dags/example_kubernetes_executor.py took 0.229 seconds
[2025-04-13T15:35:52.552-0400] {processor.py:161} INFO - Started process (PID=97707) to work on /opt/anaconda3/lib/python3.12/site-packages/airflow/example_dags/example_kubernetes_executor.py
[2025-04-13T15:35:52.552-0400] {processor.py:830} INFO - Processing file /opt/anaconda3/lib/python3.12/site-packages/airflow/example_dags/example_kubernetes_executor.py for tasks to queue
[2025-04-13T15:35:52.553-0400] {logging_mixin.py:188} INFO - [2025-04-13T15:35:52.553-0400] {dagbag.py:540} INFO - Filling up the DagBag from /opt/anaconda3/lib/python3.12/site-packages/airflow/example_dags/example_kubernetes_executor.py
[2025-04-13T15:35:52.648-0400] {processor.py:840} INFO - DAG(s) 'example_kubernetes_executor' retrieved from /opt/anaconda3/lib/python3.12/site-packages/airflow/example_dags/example_kubernetes_executor.py
[2025-04-13T15:35:52.725-0400] {logging_mixin.py:188} WARNING - /opt/anaconda3/lib/python3.12/site-packages/airflow/serialization/serialized_objects.py:1673 DeprecationWarning: This module is deprecated. The `cncf.kubernetes` provider before version 7.4.0 uses this module - you should migrate to a newer version of `cncf.kubernetes` to get rid of this warning. If you import the module via `airflow.kubernetes` import, please use `cncf.kubernetes' provider 7.4.0+ and switch all your imports to use `apache.airflow.providers.cncf.kubernetes` to get rid of the warning.
[2025-04-13T15:35:52.731-0400] {logging_mixin.py:188} INFO - [2025-04-13T15:35:52.731-0400] {dag.py:3096} INFO - Sync 1 DAGs
[2025-04-13T15:35:52.734-0400] {logging_mixin.py:188} INFO - [2025-04-13T15:35:52.734-0400] {dag.py:3954} INFO - Setting next_dagrun for example_kubernetes_executor to None, run_after=None
[2025-04-13T15:35:52.741-0400] {processor.py:183} INFO - Processing /opt/anaconda3/lib/python3.12/site-packages/airflow/example_dags/example_kubernetes_executor.py took 0.191 seconds
[2025-04-13T15:46:54.402-0400] {processor.py:161} INFO - Started process (PID=4157) to work on /opt/anaconda3/lib/python3.12/site-packages/airflow/example_dags/example_kubernetes_executor.py
[2025-04-13T15:46:54.404-0400] {processor.py:830} INFO - Processing file /opt/anaconda3/lib/python3.12/site-packages/airflow/example_dags/example_kubernetes_executor.py for tasks to queue
[2025-04-13T15:46:54.404-0400] {logging_mixin.py:188} INFO - [2025-04-13T15:46:54.404-0400] {dagbag.py:540} INFO - Filling up the DagBag from /opt/anaconda3/lib/python3.12/site-packages/airflow/example_dags/example_kubernetes_executor.py
[2025-04-13T15:46:54.593-0400] {processor.py:840} INFO - DAG(s) 'example_kubernetes_executor' retrieved from /opt/anaconda3/lib/python3.12/site-packages/airflow/example_dags/example_kubernetes_executor.py
[2025-04-13T15:46:54.676-0400] {logging_mixin.py:188} WARNING - /opt/anaconda3/lib/python3.12/site-packages/airflow/serialization/serialized_objects.py:1673 DeprecationWarning: This module is deprecated. The `cncf.kubernetes` provider before version 7.4.0 uses this module - you should migrate to a newer version of `cncf.kubernetes` to get rid of this warning. If you import the module via `airflow.kubernetes` import, please use `cncf.kubernetes' provider 7.4.0+ and switch all your imports to use `apache.airflow.providers.cncf.kubernetes` to get rid of the warning.
[2025-04-13T15:46:54.714-0400] {logging_mixin.py:188} INFO - [2025-04-13T15:46:54.713-0400] {override.py:1930} INFO - Created Permission View: can read on DAG:example_kubernetes_executor
[2025-04-13T15:46:54.716-0400] {logging_mixin.py:188} INFO - [2025-04-13T15:46:54.716-0400] {override.py:1930} INFO - Created Permission View: can delete on DAG:example_kubernetes_executor
[2025-04-13T15:46:54.718-0400] {logging_mixin.py:188} INFO - [2025-04-13T15:46:54.718-0400] {override.py:1930} INFO - Created Permission View: can edit on DAG:example_kubernetes_executor
[2025-04-13T15:46:54.718-0400] {logging_mixin.py:188} INFO - [2025-04-13T15:46:54.718-0400] {dag.py:3096} INFO - Sync 1 DAGs
[2025-04-13T15:46:54.721-0400] {logging_mixin.py:188} INFO - [2025-04-13T15:46:54.721-0400] {dag.py:3118} INFO - Creating ORM DAG for example_kubernetes_executor
[2025-04-13T15:46:54.721-0400] {logging_mixin.py:188} INFO - [2025-04-13T15:46:54.721-0400] {dag.py:3954} INFO - Setting next_dagrun for example_kubernetes_executor to None, run_after=None
[2025-04-13T15:46:54.727-0400] {processor.py:183} INFO - Processing /opt/anaconda3/lib/python3.12/site-packages/airflow/example_dags/example_kubernetes_executor.py took 0.327 seconds
