[2025-04-13T15:29:06.034-0400] {processor.py:161} INFO - Started process (PID=94639) to work on /opt/anaconda3/lib/python3.12/site-packages/airflow/example_dags/example_short_circuit_operator.py
[2025-04-13T15:29:06.034-0400] {processor.py:830} INFO - Processing file /opt/anaconda3/lib/python3.12/site-packages/airflow/example_dags/example_short_circuit_operator.py for tasks to queue
[2025-04-13T15:29:06.035-0400] {logging_mixin.py:188} INFO - [2025-04-13T15:29:06.035-0400] {dagbag.py:540} INFO - Filling up the DagBag from /opt/anaconda3/lib/python3.12/site-packages/airflow/example_dags/example_short_circuit_operator.py
[2025-04-13T15:29:06.046-0400] {processor.py:840} INFO - DAG(s) 'example_short_circuit_operator' retrieved from /opt/anaconda3/lib/python3.12/site-packages/airflow/example_dags/example_short_circuit_operator.py
[2025-04-13T15:29:06.115-0400] {logging_mixin.py:188} INFO - [2025-04-13T15:29:06.115-0400] {override.py:1930} INFO - Created Permission View: can edit on DAG:example_short_circuit_operator
[2025-04-13T15:29:06.118-0400] {logging_mixin.py:188} INFO - [2025-04-13T15:29:06.118-0400] {override.py:1930} INFO - Created Permission View: can delete on DAG:example_short_circuit_operator
[2025-04-13T15:29:06.119-0400] {logging_mixin.py:188} INFO - [2025-04-13T15:29:06.119-0400] {override.py:1930} INFO - Created Permission View: can read on DAG:example_short_circuit_operator
[2025-04-13T15:29:06.119-0400] {logging_mixin.py:188} INFO - [2025-04-13T15:29:06.119-0400] {dag.py:3096} INFO - Sync 1 DAGs
[2025-04-13T15:29:06.123-0400] {logging_mixin.py:188} INFO - [2025-04-13T15:29:06.122-0400] {dag.py:3118} INFO - Creating ORM DAG for example_short_circuit_operator
[2025-04-13T15:29:06.126-0400] {logging_mixin.py:188} INFO - [2025-04-13T15:29:06.126-0400] {dag.py:3954} INFO - Setting next_dagrun for example_short_circuit_operator to 2025-04-12 00:00:00+00:00, run_after=2025-04-13 00:00:00+00:00
[2025-04-13T15:29:06.132-0400] {processor.py:183} INFO - Processing /opt/anaconda3/lib/python3.12/site-packages/airflow/example_dags/example_short_circuit_operator.py took 0.099 seconds
[2025-04-13T15:30:49.472-0400] {processor.py:161} INFO - Started process (PID=95408) to work on /opt/anaconda3/lib/python3.12/site-packages/airflow/example_dags/example_short_circuit_operator.py
[2025-04-13T15:30:49.473-0400] {processor.py:830} INFO - Processing file /opt/anaconda3/lib/python3.12/site-packages/airflow/example_dags/example_short_circuit_operator.py for tasks to queue
[2025-04-13T15:30:49.473-0400] {logging_mixin.py:188} INFO - [2025-04-13T15:30:49.473-0400] {dagbag.py:540} INFO - Filling up the DagBag from /opt/anaconda3/lib/python3.12/site-packages/airflow/example_dags/example_short_circuit_operator.py
[2025-04-13T15:30:49.484-0400] {processor.py:840} INFO - DAG(s) 'example_short_circuit_operator' retrieved from /opt/anaconda3/lib/python3.12/site-packages/airflow/example_dags/example_short_circuit_operator.py
[2025-04-13T15:30:49.521-0400] {logging_mixin.py:188} INFO - [2025-04-13T15:30:49.521-0400] {dag.py:3096} INFO - Sync 1 DAGs
[2025-04-13T15:30:49.528-0400] {logging_mixin.py:188} INFO - [2025-04-13T15:30:49.528-0400] {dag.py:3954} INFO - Setting next_dagrun for example_short_circuit_operator to 2025-04-12 00:00:00+00:00, run_after=2025-04-13 00:00:00+00:00
[2025-04-13T15:30:49.536-0400] {processor.py:183} INFO - Processing /opt/anaconda3/lib/python3.12/site-packages/airflow/example_dags/example_short_circuit_operator.py took 0.065 seconds
[2025-04-13T15:32:03.948-0400] {processor.py:161} INFO - Started process (PID=96001) to work on /opt/anaconda3/lib/python3.12/site-packages/airflow/example_dags/example_short_circuit_operator.py
[2025-04-13T15:32:03.949-0400] {processor.py:830} INFO - Processing file /opt/anaconda3/lib/python3.12/site-packages/airflow/example_dags/example_short_circuit_operator.py for tasks to queue
[2025-04-13T15:32:03.949-0400] {logging_mixin.py:188} INFO - [2025-04-13T15:32:03.949-0400] {dagbag.py:540} INFO - Filling up the DagBag from /opt/anaconda3/lib/python3.12/site-packages/airflow/example_dags/example_short_circuit_operator.py
[2025-04-13T15:32:03.961-0400] {processor.py:840} INFO - DAG(s) 'example_short_circuit_operator' retrieved from /opt/anaconda3/lib/python3.12/site-packages/airflow/example_dags/example_short_circuit_operator.py
[2025-04-13T15:32:03.995-0400] {logging_mixin.py:188} INFO - [2025-04-13T15:32:03.995-0400] {dag.py:3096} INFO - Sync 1 DAGs
[2025-04-13T15:32:04.000-0400] {logging_mixin.py:188} INFO - [2025-04-13T15:32:04.000-0400] {dag.py:3954} INFO - Setting next_dagrun for example_short_circuit_operator to 2025-04-12 00:00:00+00:00, run_after=2025-04-13 00:00:00+00:00
[2025-04-13T15:32:04.009-0400] {processor.py:183} INFO - Processing /opt/anaconda3/lib/python3.12/site-packages/airflow/example_dags/example_short_circuit_operator.py took 0.061 seconds
[2025-04-13T15:33:39.945-0400] {processor.py:161} INFO - Started process (PID=96765) to work on /opt/anaconda3/lib/python3.12/site-packages/airflow/example_dags/example_short_circuit_operator.py
[2025-04-13T15:33:39.946-0400] {processor.py:830} INFO - Processing file /opt/anaconda3/lib/python3.12/site-packages/airflow/example_dags/example_short_circuit_operator.py for tasks to queue
[2025-04-13T15:33:39.946-0400] {logging_mixin.py:188} INFO - [2025-04-13T15:33:39.946-0400] {dagbag.py:540} INFO - Filling up the DagBag from /opt/anaconda3/lib/python3.12/site-packages/airflow/example_dags/example_short_circuit_operator.py
[2025-04-13T15:33:39.957-0400] {processor.py:840} INFO - DAG(s) 'example_short_circuit_operator' retrieved from /opt/anaconda3/lib/python3.12/site-packages/airflow/example_dags/example_short_circuit_operator.py
[2025-04-13T15:33:39.993-0400] {logging_mixin.py:188} INFO - [2025-04-13T15:33:39.993-0400] {dag.py:3096} INFO - Sync 1 DAGs
[2025-04-13T15:33:39.999-0400] {logging_mixin.py:188} INFO - [2025-04-13T15:33:39.999-0400] {dag.py:3954} INFO - Setting next_dagrun for example_short_circuit_operator to 2025-04-12 00:00:00+00:00, run_after=2025-04-13 00:00:00+00:00
[2025-04-13T15:33:40.006-0400] {processor.py:183} INFO - Processing /opt/anaconda3/lib/python3.12/site-packages/airflow/example_dags/example_short_circuit_operator.py took 0.063 seconds
[2025-04-13T15:35:22.288-0400] {processor.py:161} INFO - Started process (PID=97496) to work on /opt/anaconda3/lib/python3.12/site-packages/airflow/example_dags/example_short_circuit_operator.py
[2025-04-13T15:35:22.290-0400] {processor.py:830} INFO - Processing file /opt/anaconda3/lib/python3.12/site-packages/airflow/example_dags/example_short_circuit_operator.py for tasks to queue
[2025-04-13T15:35:22.290-0400] {logging_mixin.py:188} INFO - [2025-04-13T15:35:22.290-0400] {dagbag.py:540} INFO - Filling up the DagBag from /opt/anaconda3/lib/python3.12/site-packages/airflow/example_dags/example_short_circuit_operator.py
[2025-04-13T15:35:22.301-0400] {processor.py:840} INFO - DAG(s) 'example_short_circuit_operator' retrieved from /opt/anaconda3/lib/python3.12/site-packages/airflow/example_dags/example_short_circuit_operator.py
[2025-04-13T15:35:22.337-0400] {logging_mixin.py:188} INFO - [2025-04-13T15:35:22.337-0400] {dag.py:3096} INFO - Sync 1 DAGs
[2025-04-13T15:35:22.343-0400] {logging_mixin.py:188} INFO - [2025-04-13T15:35:22.343-0400] {dag.py:3954} INFO - Setting next_dagrun for example_short_circuit_operator to 2025-04-12 00:00:00+00:00, run_after=2025-04-13 00:00:00+00:00
[2025-04-13T15:35:22.350-0400] {processor.py:183} INFO - Processing /opt/anaconda3/lib/python3.12/site-packages/airflow/example_dags/example_short_circuit_operator.py took 0.062 seconds
[2025-04-13T15:44:11.184-0400] {processor.py:161} INFO - Started process (PID=2736) to work on /opt/anaconda3/lib/python3.12/site-packages/airflow/example_dags/example_short_circuit_operator.py
[2025-04-13T15:44:11.185-0400] {processor.py:830} INFO - Processing file /opt/anaconda3/lib/python3.12/site-packages/airflow/example_dags/example_short_circuit_operator.py for tasks to queue
[2025-04-13T15:44:11.185-0400] {logging_mixin.py:188} INFO - [2025-04-13T15:44:11.185-0400] {dagbag.py:540} INFO - Filling up the DagBag from /opt/anaconda3/lib/python3.12/site-packages/airflow/example_dags/example_short_circuit_operator.py
[2025-04-13T15:44:11.197-0400] {processor.py:840} INFO - DAG(s) 'example_short_circuit_operator' retrieved from /opt/anaconda3/lib/python3.12/site-packages/airflow/example_dags/example_short_circuit_operator.py
[2025-04-13T15:44:11.264-0400] {logging_mixin.py:188} INFO - [2025-04-13T15:44:11.263-0400] {override.py:1930} INFO - Created Permission View: can edit on DAG:example_short_circuit_operator
[2025-04-13T15:44:11.266-0400] {logging_mixin.py:188} INFO - [2025-04-13T15:44:11.266-0400] {override.py:1930} INFO - Created Permission View: can delete on DAG:example_short_circuit_operator
[2025-04-13T15:44:11.268-0400] {logging_mixin.py:188} INFO - [2025-04-13T15:44:11.268-0400] {override.py:1930} INFO - Created Permission View: can read on DAG:example_short_circuit_operator
[2025-04-13T15:44:11.268-0400] {logging_mixin.py:188} INFO - [2025-04-13T15:44:11.268-0400] {dag.py:3096} INFO - Sync 1 DAGs
[2025-04-13T15:44:11.271-0400] {logging_mixin.py:188} INFO - [2025-04-13T15:44:11.271-0400] {dag.py:3118} INFO - Creating ORM DAG for example_short_circuit_operator
[2025-04-13T15:44:11.273-0400] {logging_mixin.py:188} INFO - [2025-04-13T15:44:11.273-0400] {dag.py:3954} INFO - Setting next_dagrun for example_short_circuit_operator to 2025-04-12 00:00:00+00:00, run_after=2025-04-13 00:00:00+00:00
[2025-04-13T15:44:11.279-0400] {processor.py:183} INFO - Processing /opt/anaconda3/lib/python3.12/site-packages/airflow/example_dags/example_short_circuit_operator.py took 0.096 seconds
[2025-04-13T15:46:24.740-0400] {processor.py:161} INFO - Started process (PID=3870) to work on /opt/anaconda3/lib/python3.12/site-packages/airflow/example_dags/example_short_circuit_operator.py
[2025-04-13T15:46:24.740-0400] {processor.py:830} INFO - Processing file /opt/anaconda3/lib/python3.12/site-packages/airflow/example_dags/example_short_circuit_operator.py for tasks to queue
[2025-04-13T15:46:24.741-0400] {logging_mixin.py:188} INFO - [2025-04-13T15:46:24.741-0400] {dagbag.py:540} INFO - Filling up the DagBag from /opt/anaconda3/lib/python3.12/site-packages/airflow/example_dags/example_short_circuit_operator.py
[2025-04-13T15:46:24.753-0400] {processor.py:840} INFO - DAG(s) 'example_short_circuit_operator' retrieved from /opt/anaconda3/lib/python3.12/site-packages/airflow/example_dags/example_short_circuit_operator.py
[2025-04-13T15:46:24.791-0400] {logging_mixin.py:188} INFO - [2025-04-13T15:46:24.791-0400] {dag.py:3096} INFO - Sync 1 DAGs
[2025-04-13T15:46:24.797-0400] {logging_mixin.py:188} INFO - [2025-04-13T15:46:24.797-0400] {dag.py:3954} INFO - Setting next_dagrun for example_short_circuit_operator to 2025-04-12 00:00:00+00:00, run_after=2025-04-13 00:00:00+00:00
[2025-04-13T15:46:24.805-0400] {processor.py:183} INFO - Processing /opt/anaconda3/lib/python3.12/site-packages/airflow/example_dags/example_short_circuit_operator.py took 0.066 seconds
[2025-04-13T15:48:05.885-0400] {processor.py:161} INFO - Started process (PID=4865) to work on /opt/anaconda3/lib/python3.12/site-packages/airflow/example_dags/example_short_circuit_operator.py
[2025-04-13T15:48:05.885-0400] {processor.py:830} INFO - Processing file /opt/anaconda3/lib/python3.12/site-packages/airflow/example_dags/example_short_circuit_operator.py for tasks to queue
[2025-04-13T15:48:05.885-0400] {logging_mixin.py:188} INFO - [2025-04-13T15:48:05.885-0400] {dagbag.py:540} INFO - Filling up the DagBag from /opt/anaconda3/lib/python3.12/site-packages/airflow/example_dags/example_short_circuit_operator.py
[2025-04-13T15:48:05.897-0400] {processor.py:840} INFO - DAG(s) 'example_short_circuit_operator' retrieved from /opt/anaconda3/lib/python3.12/site-packages/airflow/example_dags/example_short_circuit_operator.py
[2025-04-13T15:48:05.935-0400] {logging_mixin.py:188} INFO - [2025-04-13T15:48:05.935-0400] {dag.py:3096} INFO - Sync 1 DAGs
[2025-04-13T15:48:05.941-0400] {logging_mixin.py:188} INFO - [2025-04-13T15:48:05.941-0400] {dag.py:3954} INFO - Setting next_dagrun for example_short_circuit_operator to 2025-04-12 00:00:00+00:00, run_after=2025-04-13 00:00:00+00:00
[2025-04-13T15:48:05.949-0400] {processor.py:183} INFO - Processing /opt/anaconda3/lib/python3.12/site-packages/airflow/example_dags/example_short_circuit_operator.py took 0.066 seconds
