[2025-04-13T15:29:30.166-0400] {processor.py:161} INFO - Started process (PID=94803) to work on /opt/anaconda3/lib/python3.12/site-packages/airflow/example_dags/example_local_kubernetes_executor.py
[2025-04-13T15:29:30.166-0400] {processor.py:830} INFO - Processing file /opt/anaconda3/lib/python3.12/site-packages/airflow/example_dags/example_local_kubernetes_executor.py for tasks to queue
[2025-04-13T15:29:30.166-0400] {logging_mixin.py:188} INFO - [2025-04-13T15:29:30.166-0400] {dagbag.py:540} INFO - Filling up the DagBag from /opt/anaconda3/lib/python3.12/site-packages/airflow/example_dags/example_local_kubernetes_executor.py
[2025-04-13T15:29:30.337-0400] {processor.py:840} INFO - DAG(s) 'example_local_kubernetes_executor' retrieved from /opt/anaconda3/lib/python3.12/site-packages/airflow/example_dags/example_local_kubernetes_executor.py
[2025-04-13T15:29:30.415-0400] {logging_mixin.py:188} WARNING - /opt/anaconda3/lib/python3.12/site-packages/airflow/serialization/serialized_objects.py:1673 DeprecationWarning: This module is deprecated. The `cncf.kubernetes` provider before version 7.4.0 uses this module - you should migrate to a newer version of `cncf.kubernetes` to get rid of this warning. If you import the module via `airflow.kubernetes` import, please use `cncf.kubernetes' provider 7.4.0+ and switch all your imports to use `apache.airflow.providers.cncf.kubernetes` to get rid of the warning.
[2025-04-13T15:29:30.448-0400] {logging_mixin.py:188} INFO - [2025-04-13T15:29:30.448-0400] {override.py:1930} INFO - Created Permission View: can delete on DAG:example_local_kubernetes_executor
[2025-04-13T15:29:30.450-0400] {logging_mixin.py:188} INFO - [2025-04-13T15:29:30.450-0400] {override.py:1930} INFO - Created Permission View: can edit on DAG:example_local_kubernetes_executor
[2025-04-13T15:29:30.452-0400] {logging_mixin.py:188} INFO - [2025-04-13T15:29:30.452-0400] {override.py:1930} INFO - Created Permission View: can read on DAG:example_local_kubernetes_executor
[2025-04-13T15:29:30.452-0400] {logging_mixin.py:188} INFO - [2025-04-13T15:29:30.452-0400] {dag.py:3096} INFO - Sync 1 DAGs
[2025-04-13T15:29:30.455-0400] {logging_mixin.py:188} INFO - [2025-04-13T15:29:30.455-0400] {dag.py:3118} INFO - Creating ORM DAG for example_local_kubernetes_executor
[2025-04-13T15:29:30.455-0400] {logging_mixin.py:188} INFO - [2025-04-13T15:29:30.455-0400] {dag.py:3954} INFO - Setting next_dagrun for example_local_kubernetes_executor to None, run_after=None
[2025-04-13T15:29:30.460-0400] {processor.py:183} INFO - Processing /opt/anaconda3/lib/python3.12/site-packages/airflow/example_dags/example_local_kubernetes_executor.py took 0.296 seconds
[2025-04-13T15:31:13.844-0400] {processor.py:161} INFO - Started process (PID=95576) to work on /opt/anaconda3/lib/python3.12/site-packages/airflow/example_dags/example_local_kubernetes_executor.py
[2025-04-13T15:31:13.845-0400] {processor.py:830} INFO - Processing file /opt/anaconda3/lib/python3.12/site-packages/airflow/example_dags/example_local_kubernetes_executor.py for tasks to queue
[2025-04-13T15:31:13.845-0400] {logging_mixin.py:188} INFO - [2025-04-13T15:31:13.845-0400] {dagbag.py:540} INFO - Filling up the DagBag from /opt/anaconda3/lib/python3.12/site-packages/airflow/example_dags/example_local_kubernetes_executor.py
[2025-04-13T15:31:14.046-0400] {processor.py:840} INFO - DAG(s) 'example_local_kubernetes_executor' retrieved from /opt/anaconda3/lib/python3.12/site-packages/airflow/example_dags/example_local_kubernetes_executor.py
[2025-04-13T15:31:14.133-0400] {logging_mixin.py:188} WARNING - /opt/anaconda3/lib/python3.12/site-packages/airflow/serialization/serialized_objects.py:1673 DeprecationWarning: This module is deprecated. The `cncf.kubernetes` provider before version 7.4.0 uses this module - you should migrate to a newer version of `cncf.kubernetes` to get rid of this warning. If you import the module via `airflow.kubernetes` import, please use `cncf.kubernetes' provider 7.4.0+ and switch all your imports to use `apache.airflow.providers.cncf.kubernetes` to get rid of the warning.
[2025-04-13T15:31:14.138-0400] {logging_mixin.py:188} INFO - [2025-04-13T15:31:14.138-0400] {dag.py:3096} INFO - Sync 1 DAGs
[2025-04-13T15:31:14.141-0400] {logging_mixin.py:188} INFO - [2025-04-13T15:31:14.141-0400] {dag.py:3954} INFO - Setting next_dagrun for example_local_kubernetes_executor to None, run_after=None
[2025-04-13T15:31:14.148-0400] {processor.py:183} INFO - Processing /opt/anaconda3/lib/python3.12/site-packages/airflow/example_dags/example_local_kubernetes_executor.py took 0.304 seconds
[2025-04-13T15:34:02.327-0400] {processor.py:161} INFO - Started process (PID=96911) to work on /opt/anaconda3/lib/python3.12/site-packages/airflow/example_dags/example_local_kubernetes_executor.py
[2025-04-13T15:34:02.328-0400] {processor.py:830} INFO - Processing file /opt/anaconda3/lib/python3.12/site-packages/airflow/example_dags/example_local_kubernetes_executor.py for tasks to queue
[2025-04-13T15:34:02.329-0400] {logging_mixin.py:188} INFO - [2025-04-13T15:34:02.328-0400] {dagbag.py:540} INFO - Filling up the DagBag from /opt/anaconda3/lib/python3.12/site-packages/airflow/example_dags/example_local_kubernetes_executor.py
[2025-04-13T15:34:02.568-0400] {processor.py:840} INFO - DAG(s) 'example_local_kubernetes_executor' retrieved from /opt/anaconda3/lib/python3.12/site-packages/airflow/example_dags/example_local_kubernetes_executor.py
[2025-04-13T15:34:02.662-0400] {logging_mixin.py:188} WARNING - /opt/anaconda3/lib/python3.12/site-packages/airflow/serialization/serialized_objects.py:1673 DeprecationWarning: This module is deprecated. The `cncf.kubernetes` provider before version 7.4.0 uses this module - you should migrate to a newer version of `cncf.kubernetes` to get rid of this warning. If you import the module via `airflow.kubernetes` import, please use `cncf.kubernetes' provider 7.4.0+ and switch all your imports to use `apache.airflow.providers.cncf.kubernetes` to get rid of the warning.
[2025-04-13T15:34:02.667-0400] {logging_mixin.py:188} INFO - [2025-04-13T15:34:02.667-0400] {dag.py:3096} INFO - Sync 1 DAGs
[2025-04-13T15:34:02.671-0400] {logging_mixin.py:188} INFO - [2025-04-13T15:34:02.671-0400] {dag.py:3954} INFO - Setting next_dagrun for example_local_kubernetes_executor to None, run_after=None
[2025-04-13T15:34:02.678-0400] {processor.py:183} INFO - Processing /opt/anaconda3/lib/python3.12/site-packages/airflow/example_dags/example_local_kubernetes_executor.py took 0.352 seconds
[2025-04-13T15:35:46.694-0400] {processor.py:161} INFO - Started process (PID=97657) to work on /opt/anaconda3/lib/python3.12/site-packages/airflow/example_dags/example_local_kubernetes_executor.py
[2025-04-13T15:35:46.695-0400] {processor.py:830} INFO - Processing file /opt/anaconda3/lib/python3.12/site-packages/airflow/example_dags/example_local_kubernetes_executor.py for tasks to queue
[2025-04-13T15:35:46.695-0400] {logging_mixin.py:188} INFO - [2025-04-13T15:35:46.695-0400] {dagbag.py:540} INFO - Filling up the DagBag from /opt/anaconda3/lib/python3.12/site-packages/airflow/example_dags/example_local_kubernetes_executor.py
[2025-04-13T15:35:46.895-0400] {processor.py:840} INFO - DAG(s) 'example_local_kubernetes_executor' retrieved from /opt/anaconda3/lib/python3.12/site-packages/airflow/example_dags/example_local_kubernetes_executor.py
[2025-04-13T15:35:46.985-0400] {logging_mixin.py:188} WARNING - /opt/anaconda3/lib/python3.12/site-packages/airflow/serialization/serialized_objects.py:1673 DeprecationWarning: This module is deprecated. The `cncf.kubernetes` provider before version 7.4.0 uses this module - you should migrate to a newer version of `cncf.kubernetes` to get rid of this warning. If you import the module via `airflow.kubernetes` import, please use `cncf.kubernetes' provider 7.4.0+ and switch all your imports to use `apache.airflow.providers.cncf.kubernetes` to get rid of the warning.
[2025-04-13T15:35:46.990-0400] {logging_mixin.py:188} INFO - [2025-04-13T15:35:46.990-0400] {dag.py:3096} INFO - Sync 1 DAGs
[2025-04-13T15:35:46.993-0400] {logging_mixin.py:188} INFO - [2025-04-13T15:35:46.993-0400] {dag.py:3954} INFO - Setting next_dagrun for example_local_kubernetes_executor to None, run_after=None
[2025-04-13T15:35:47.000-0400] {processor.py:183} INFO - Processing /opt/anaconda3/lib/python3.12/site-packages/airflow/example_dags/example_local_kubernetes_executor.py took 0.307 seconds
[2025-04-13T15:46:48.316-0400] {processor.py:161} INFO - Started process (PID=4101) to work on /opt/anaconda3/lib/python3.12/site-packages/airflow/example_dags/example_local_kubernetes_executor.py
[2025-04-13T15:46:48.317-0400] {processor.py:830} INFO - Processing file /opt/anaconda3/lib/python3.12/site-packages/airflow/example_dags/example_local_kubernetes_executor.py for tasks to queue
[2025-04-13T15:46:48.317-0400] {logging_mixin.py:188} INFO - [2025-04-13T15:46:48.317-0400] {dagbag.py:540} INFO - Filling up the DagBag from /opt/anaconda3/lib/python3.12/site-packages/airflow/example_dags/example_local_kubernetes_executor.py
[2025-04-13T15:46:48.577-0400] {processor.py:840} INFO - DAG(s) 'example_local_kubernetes_executor' retrieved from /opt/anaconda3/lib/python3.12/site-packages/airflow/example_dags/example_local_kubernetes_executor.py
[2025-04-13T15:46:48.675-0400] {logging_mixin.py:188} WARNING - /opt/anaconda3/lib/python3.12/site-packages/airflow/serialization/serialized_objects.py:1673 DeprecationWarning: This module is deprecated. The `cncf.kubernetes` provider before version 7.4.0 uses this module - you should migrate to a newer version of `cncf.kubernetes` to get rid of this warning. If you import the module via `airflow.kubernetes` import, please use `cncf.kubernetes' provider 7.4.0+ and switch all your imports to use `apache.airflow.providers.cncf.kubernetes` to get rid of the warning.
[2025-04-13T15:46:48.712-0400] {logging_mixin.py:188} INFO - [2025-04-13T15:46:48.711-0400] {override.py:1930} INFO - Created Permission View: can read on DAG:example_local_kubernetes_executor
[2025-04-13T15:46:48.715-0400] {logging_mixin.py:188} INFO - [2025-04-13T15:46:48.714-0400] {override.py:1930} INFO - Created Permission View: can edit on DAG:example_local_kubernetes_executor
[2025-04-13T15:46:48.716-0400] {logging_mixin.py:188} INFO - [2025-04-13T15:46:48.716-0400] {override.py:1930} INFO - Created Permission View: can delete on DAG:example_local_kubernetes_executor
[2025-04-13T15:46:48.716-0400] {logging_mixin.py:188} INFO - [2025-04-13T15:46:48.716-0400] {dag.py:3096} INFO - Sync 1 DAGs
[2025-04-13T15:46:48.720-0400] {logging_mixin.py:188} INFO - [2025-04-13T15:46:48.720-0400] {dag.py:3118} INFO - Creating ORM DAG for example_local_kubernetes_executor
[2025-04-13T15:46:48.720-0400] {logging_mixin.py:188} INFO - [2025-04-13T15:46:48.720-0400] {dag.py:3954} INFO - Setting next_dagrun for example_local_kubernetes_executor to None, run_after=None
[2025-04-13T15:46:48.726-0400] {processor.py:183} INFO - Processing /opt/anaconda3/lib/python3.12/site-packages/airflow/example_dags/example_local_kubernetes_executor.py took 0.411 seconds
[2025-04-13T15:48:29.708-0400] {processor.py:161} INFO - Started process (PID=5124) to work on /opt/anaconda3/lib/python3.12/site-packages/airflow/example_dags/example_local_kubernetes_executor.py
[2025-04-13T15:48:29.709-0400] {processor.py:830} INFO - Processing file /opt/anaconda3/lib/python3.12/site-packages/airflow/example_dags/example_local_kubernetes_executor.py for tasks to queue
[2025-04-13T15:48:29.709-0400] {logging_mixin.py:188} INFO - [2025-04-13T15:48:29.709-0400] {dagbag.py:540} INFO - Filling up the DagBag from /opt/anaconda3/lib/python3.12/site-packages/airflow/example_dags/example_local_kubernetes_executor.py
[2025-04-13T15:48:29.941-0400] {processor.py:840} INFO - DAG(s) 'example_local_kubernetes_executor' retrieved from /opt/anaconda3/lib/python3.12/site-packages/airflow/example_dags/example_local_kubernetes_executor.py
[2025-04-13T15:48:30.060-0400] {logging_mixin.py:188} WARNING - /opt/anaconda3/lib/python3.12/site-packages/airflow/serialization/serialized_objects.py:1673 DeprecationWarning: This module is deprecated. The `cncf.kubernetes` provider before version 7.4.0 uses this module - you should migrate to a newer version of `cncf.kubernetes` to get rid of this warning. If you import the module via `airflow.kubernetes` import, please use `cncf.kubernetes' provider 7.4.0+ and switch all your imports to use `apache.airflow.providers.cncf.kubernetes` to get rid of the warning.
[2025-04-13T15:48:30.068-0400] {logging_mixin.py:188} INFO - [2025-04-13T15:48:30.067-0400] {dag.py:3096} INFO - Sync 1 DAGs
[2025-04-13T15:48:30.071-0400] {logging_mixin.py:188} INFO - [2025-04-13T15:48:30.071-0400] {dag.py:3954} INFO - Setting next_dagrun for example_local_kubernetes_executor to None, run_after=None
[2025-04-13T15:48:30.085-0400] {processor.py:183} INFO - Processing /opt/anaconda3/lib/python3.12/site-packages/airflow/example_dags/example_local_kubernetes_executor.py took 0.378 seconds
