[2025-04-13T15:29:39.755-0400] {processor.py:161} INFO - Started process (PID=94870) to work on /opt/anaconda3/lib/python3.12/site-packages/airflow/example_dags/example_dynamic_task_mapping_with_no_taskflow_operators.py
[2025-04-13T15:29:39.755-0400] {processor.py:830} INFO - Processing file /opt/anaconda3/lib/python3.12/site-packages/airflow/example_dags/example_dynamic_task_mapping_with_no_taskflow_operators.py for tasks to queue
[2025-04-13T15:29:39.755-0400] {logging_mixin.py:188} INFO - [2025-04-13T15:29:39.755-0400] {dagbag.py:540} INFO - Filling up the DagBag from /opt/anaconda3/lib/python3.12/site-packages/airflow/example_dags/example_dynamic_task_mapping_with_no_taskflow_operators.py
[2025-04-13T15:29:39.758-0400] {processor.py:840} INFO - DAG(s) 'example_dynamic_task_mapping_with_no_taskflow_operators' retrieved from /opt/anaconda3/lib/python3.12/site-packages/airflow/example_dags/example_dynamic_task_mapping_with_no_taskflow_operators.py
[2025-04-13T15:29:39.823-0400] {logging_mixin.py:188} INFO - [2025-04-13T15:29:39.822-0400] {override.py:1930} INFO - Created Permission View: can edit on DAG:example_dynamic_task_mapping_with_no_taskflow_operators
[2025-04-13T15:29:39.825-0400] {logging_mixin.py:188} INFO - [2025-04-13T15:29:39.825-0400] {override.py:1930} INFO - Created Permission View: can delete on DAG:example_dynamic_task_mapping_with_no_taskflow_operators
[2025-04-13T15:29:39.827-0400] {logging_mixin.py:188} INFO - [2025-04-13T15:29:39.827-0400] {override.py:1930} INFO - Created Permission View: can read on DAG:example_dynamic_task_mapping_with_no_taskflow_operators
[2025-04-13T15:29:39.827-0400] {logging_mixin.py:188} INFO - [2025-04-13T15:29:39.827-0400] {dag.py:3096} INFO - Sync 1 DAGs
[2025-04-13T15:29:39.831-0400] {logging_mixin.py:188} INFO - [2025-04-13T15:29:39.831-0400] {dag.py:3118} INFO - Creating ORM DAG for example_dynamic_task_mapping_with_no_taskflow_operators
[2025-04-13T15:29:39.833-0400] {logging_mixin.py:188} INFO - [2025-04-13T15:29:39.833-0400] {dag.py:3954} INFO - Setting next_dagrun for example_dynamic_task_mapping_with_no_taskflow_operators to 2025-04-12 00:00:00+00:00, run_after=2025-04-13 00:00:00+00:00
[2025-04-13T15:29:39.838-0400] {processor.py:183} INFO - Processing /opt/anaconda3/lib/python3.12/site-packages/airflow/example_dags/example_dynamic_task_mapping_with_no_taskflow_operators.py took 0.085 seconds
[2025-04-13T15:32:07.448-0400] {processor.py:161} INFO - Started process (PID=96016) to work on /opt/anaconda3/lib/python3.12/site-packages/airflow/example_dags/example_dynamic_task_mapping_with_no_taskflow_operators.py
[2025-04-13T15:32:07.448-0400] {processor.py:830} INFO - Processing file /opt/anaconda3/lib/python3.12/site-packages/airflow/example_dags/example_dynamic_task_mapping_with_no_taskflow_operators.py for tasks to queue
[2025-04-13T15:32:07.449-0400] {logging_mixin.py:188} INFO - [2025-04-13T15:32:07.449-0400] {dagbag.py:540} INFO - Filling up the DagBag from /opt/anaconda3/lib/python3.12/site-packages/airflow/example_dags/example_dynamic_task_mapping_with_no_taskflow_operators.py
[2025-04-13T15:32:07.452-0400] {processor.py:840} INFO - DAG(s) 'example_dynamic_task_mapping_with_no_taskflow_operators' retrieved from /opt/anaconda3/lib/python3.12/site-packages/airflow/example_dags/example_dynamic_task_mapping_with_no_taskflow_operators.py
[2025-04-13T15:32:07.488-0400] {logging_mixin.py:188} INFO - [2025-04-13T15:32:07.488-0400] {dag.py:3096} INFO - Sync 1 DAGs
[2025-04-13T15:32:07.493-0400] {logging_mixin.py:188} INFO - [2025-04-13T15:32:07.493-0400] {dag.py:3954} INFO - Setting next_dagrun for example_dynamic_task_mapping_with_no_taskflow_operators to 2025-04-12 00:00:00+00:00, run_after=2025-04-13 00:00:00+00:00
[2025-04-13T15:32:07.500-0400] {processor.py:183} INFO - Processing /opt/anaconda3/lib/python3.12/site-packages/airflow/example_dags/example_dynamic_task_mapping_with_no_taskflow_operators.py took 0.054 seconds
[2025-04-13T15:34:12.810-0400] {processor.py:161} INFO - Started process (PID=96981) to work on /opt/anaconda3/lib/python3.12/site-packages/airflow/example_dags/example_dynamic_task_mapping_with_no_taskflow_operators.py
[2025-04-13T15:34:12.811-0400] {processor.py:830} INFO - Processing file /opt/anaconda3/lib/python3.12/site-packages/airflow/example_dags/example_dynamic_task_mapping_with_no_taskflow_operators.py for tasks to queue
[2025-04-13T15:34:12.812-0400] {logging_mixin.py:188} INFO - [2025-04-13T15:34:12.812-0400] {dagbag.py:540} INFO - Filling up the DagBag from /opt/anaconda3/lib/python3.12/site-packages/airflow/example_dags/example_dynamic_task_mapping_with_no_taskflow_operators.py
[2025-04-13T15:34:12.814-0400] {processor.py:840} INFO - DAG(s) 'example_dynamic_task_mapping_with_no_taskflow_operators' retrieved from /opt/anaconda3/lib/python3.12/site-packages/airflow/example_dags/example_dynamic_task_mapping_with_no_taskflow_operators.py
[2025-04-13T15:34:12.850-0400] {logging_mixin.py:188} INFO - [2025-04-13T15:34:12.850-0400] {dag.py:3096} INFO - Sync 1 DAGs
[2025-04-13T15:34:12.855-0400] {logging_mixin.py:188} INFO - [2025-04-13T15:34:12.855-0400] {dag.py:3954} INFO - Setting next_dagrun for example_dynamic_task_mapping_with_no_taskflow_operators to 2025-04-12 00:00:00+00:00, run_after=2025-04-13 00:00:00+00:00
[2025-04-13T15:34:12.865-0400] {processor.py:183} INFO - Processing /opt/anaconda3/lib/python3.12/site-packages/airflow/example_dags/example_dynamic_task_mapping_with_no_taskflow_operators.py took 0.056 seconds
[2025-04-13T15:46:58.368-0400] {processor.py:161} INFO - Started process (PID=4177) to work on /opt/anaconda3/lib/python3.12/site-packages/airflow/example_dags/example_dynamic_task_mapping_with_no_taskflow_operators.py
[2025-04-13T15:46:58.369-0400] {processor.py:830} INFO - Processing file /opt/anaconda3/lib/python3.12/site-packages/airflow/example_dags/example_dynamic_task_mapping_with_no_taskflow_operators.py for tasks to queue
[2025-04-13T15:46:58.369-0400] {logging_mixin.py:188} INFO - [2025-04-13T15:46:58.369-0400] {dagbag.py:540} INFO - Filling up the DagBag from /opt/anaconda3/lib/python3.12/site-packages/airflow/example_dags/example_dynamic_task_mapping_with_no_taskflow_operators.py
[2025-04-13T15:46:58.372-0400] {processor.py:840} INFO - DAG(s) 'example_dynamic_task_mapping_with_no_taskflow_operators' retrieved from /opt/anaconda3/lib/python3.12/site-packages/airflow/example_dags/example_dynamic_task_mapping_with_no_taskflow_operators.py
[2025-04-13T15:46:58.438-0400] {logging_mixin.py:188} INFO - [2025-04-13T15:46:58.438-0400] {override.py:1930} INFO - Created Permission View: can edit on DAG:example_dynamic_task_mapping_with_no_taskflow_operators
[2025-04-13T15:46:58.440-0400] {logging_mixin.py:188} INFO - [2025-04-13T15:46:58.440-0400] {override.py:1930} INFO - Created Permission View: can delete on DAG:example_dynamic_task_mapping_with_no_taskflow_operators
[2025-04-13T15:46:58.442-0400] {logging_mixin.py:188} INFO - [2025-04-13T15:46:58.442-0400] {override.py:1930} INFO - Created Permission View: can read on DAG:example_dynamic_task_mapping_with_no_taskflow_operators
[2025-04-13T15:46:58.442-0400] {logging_mixin.py:188} INFO - [2025-04-13T15:46:58.442-0400] {dag.py:3096} INFO - Sync 1 DAGs
[2025-04-13T15:46:58.446-0400] {logging_mixin.py:188} INFO - [2025-04-13T15:46:58.446-0400] {dag.py:3118} INFO - Creating ORM DAG for example_dynamic_task_mapping_with_no_taskflow_operators
[2025-04-13T15:46:58.448-0400] {logging_mixin.py:188} INFO - [2025-04-13T15:46:58.448-0400] {dag.py:3954} INFO - Setting next_dagrun for example_dynamic_task_mapping_with_no_taskflow_operators to 2025-04-12 00:00:00+00:00, run_after=2025-04-13 00:00:00+00:00
[2025-04-13T15:46:58.453-0400] {processor.py:183} INFO - Processing /opt/anaconda3/lib/python3.12/site-packages/airflow/example_dags/example_dynamic_task_mapping_with_no_taskflow_operators.py took 0.085 seconds
