[2025-04-13T15:30:02.392-0400] {processor.py:161} INFO - Started process (PID=95038) to work on /opt/anaconda3/lib/python3.12/site-packages/airflow/example_dags/example_branch_datetime_operator.py
[2025-04-13T15:30:02.392-0400] {processor.py:830} INFO - Processing file /opt/anaconda3/lib/python3.12/site-packages/airflow/example_dags/example_branch_datetime_operator.py for tasks to queue
[2025-04-13T15:30:02.392-0400] {logging_mixin.py:188} INFO - [2025-04-13T15:30:02.392-0400] {dagbag.py:540} INFO - Filling up the DagBag from /opt/anaconda3/lib/python3.12/site-packages/airflow/example_dags/example_branch_datetime_operator.py
[2025-04-13T15:30:02.397-0400] {processor.py:840} INFO - DAG(s) 'example_branch_datetime_operator', 'example_branch_datetime_operator_3', 'example_branch_datetime_operator_2' retrieved from /opt/anaconda3/lib/python3.12/site-packages/airflow/example_dags/example_branch_datetime_operator.py
[2025-04-13T15:30:02.461-0400] {logging_mixin.py:188} INFO - [2025-04-13T15:30:02.461-0400] {override.py:1930} INFO - Created Permission View: can edit on DAG:example_branch_datetime_operator
[2025-04-13T15:30:02.463-0400] {logging_mixin.py:188} INFO - [2025-04-13T15:30:02.463-0400] {override.py:1930} INFO - Created Permission View: can delete on DAG:example_branch_datetime_operator
[2025-04-13T15:30:02.465-0400] {logging_mixin.py:188} INFO - [2025-04-13T15:30:02.465-0400] {override.py:1930} INFO - Created Permission View: can read on DAG:example_branch_datetime_operator
[2025-04-13T15:30:02.470-0400] {logging_mixin.py:188} INFO - [2025-04-13T15:30:02.470-0400] {override.py:1930} INFO - Created Permission View: can edit on DAG:example_branch_datetime_operator_3
[2025-04-13T15:30:02.472-0400] {logging_mixin.py:188} INFO - [2025-04-13T15:30:02.472-0400] {override.py:1930} INFO - Created Permission View: can delete on DAG:example_branch_datetime_operator_3
[2025-04-13T15:30:02.474-0400] {logging_mixin.py:188} INFO - [2025-04-13T15:30:02.473-0400] {override.py:1930} INFO - Created Permission View: can read on DAG:example_branch_datetime_operator_3
[2025-04-13T15:30:02.477-0400] {logging_mixin.py:188} INFO - [2025-04-13T15:30:02.477-0400] {override.py:1930} INFO - Created Permission View: can edit on DAG:example_branch_datetime_operator_2
[2025-04-13T15:30:02.478-0400] {logging_mixin.py:188} INFO - [2025-04-13T15:30:02.478-0400] {override.py:1930} INFO - Created Permission View: can delete on DAG:example_branch_datetime_operator_2
[2025-04-13T15:30:02.480-0400] {logging_mixin.py:188} INFO - [2025-04-13T15:30:02.480-0400] {override.py:1930} INFO - Created Permission View: can read on DAG:example_branch_datetime_operator_2
[2025-04-13T15:30:02.480-0400] {logging_mixin.py:188} INFO - [2025-04-13T15:30:02.480-0400] {dag.py:3096} INFO - Sync 3 DAGs
[2025-04-13T15:30:02.484-0400] {logging_mixin.py:188} INFO - [2025-04-13T15:30:02.484-0400] {dag.py:3118} INFO - Creating ORM DAG for example_branch_datetime_operator_2
[2025-04-13T15:30:02.484-0400] {logging_mixin.py:188} INFO - [2025-04-13T15:30:02.484-0400] {dag.py:3118} INFO - Creating ORM DAG for example_branch_datetime_operator
[2025-04-13T15:30:02.486-0400] {logging_mixin.py:188} INFO - [2025-04-13T15:30:02.486-0400] {dag.py:3118} INFO - Creating ORM DAG for example_branch_datetime_operator_3
[2025-04-13T15:30:02.489-0400] {logging_mixin.py:188} INFO - [2025-04-13T15:30:02.489-0400] {dag.py:3954} INFO - Setting next_dagrun for example_branch_datetime_operator to 2025-04-12 00:00:00+00:00, run_after=2025-04-13 00:00:00+00:00
[2025-04-13T15:30:02.489-0400] {logging_mixin.py:188} INFO - [2025-04-13T15:30:02.489-0400] {dag.py:3954} INFO - Setting next_dagrun for example_branch_datetime_operator_2 to 2025-04-12 00:00:00+00:00, run_after=2025-04-13 00:00:00+00:00
[2025-04-13T15:30:02.490-0400] {logging_mixin.py:188} INFO - [2025-04-13T15:30:02.490-0400] {dag.py:3954} INFO - Setting next_dagrun for example_branch_datetime_operator_3 to 2025-04-12 00:00:00+00:00, run_after=2025-04-13 00:00:00+00:00
[2025-04-13T15:30:02.496-0400] {processor.py:183} INFO - Processing /opt/anaconda3/lib/python3.12/site-packages/airflow/example_dags/example_branch_datetime_operator.py took 0.106 seconds
[2025-04-13T15:32:27.609-0400] {processor.py:161} INFO - Started process (PID=96172) to work on /opt/anaconda3/lib/python3.12/site-packages/airflow/example_dags/example_branch_datetime_operator.py
[2025-04-13T15:32:27.610-0400] {processor.py:830} INFO - Processing file /opt/anaconda3/lib/python3.12/site-packages/airflow/example_dags/example_branch_datetime_operator.py for tasks to queue
[2025-04-13T15:32:27.610-0400] {logging_mixin.py:188} INFO - [2025-04-13T15:32:27.610-0400] {dagbag.py:540} INFO - Filling up the DagBag from /opt/anaconda3/lib/python3.12/site-packages/airflow/example_dags/example_branch_datetime_operator.py
[2025-04-13T15:32:27.615-0400] {processor.py:840} INFO - DAG(s) 'example_branch_datetime_operator', 'example_branch_datetime_operator_2', 'example_branch_datetime_operator_3' retrieved from /opt/anaconda3/lib/python3.12/site-packages/airflow/example_dags/example_branch_datetime_operator.py
[2025-04-13T15:32:27.655-0400] {logging_mixin.py:188} INFO - [2025-04-13T15:32:27.654-0400] {dag.py:3096} INFO - Sync 3 DAGs
[2025-04-13T15:32:27.660-0400] {logging_mixin.py:188} INFO - [2025-04-13T15:32:27.660-0400] {dag.py:3954} INFO - Setting next_dagrun for example_branch_datetime_operator to 2025-04-12 00:00:00+00:00, run_after=2025-04-13 00:00:00+00:00
[2025-04-13T15:32:27.662-0400] {logging_mixin.py:188} INFO - [2025-04-13T15:32:27.662-0400] {dag.py:3954} INFO - Setting next_dagrun for example_branch_datetime_operator_2 to 2025-04-12 00:00:00+00:00, run_after=2025-04-13 00:00:00+00:00
[2025-04-13T15:32:27.662-0400] {logging_mixin.py:188} INFO - [2025-04-13T15:32:27.662-0400] {dag.py:3954} INFO - Setting next_dagrun for example_branch_datetime_operator_3 to 2025-04-12 00:00:00+00:00, run_after=2025-04-13 00:00:00+00:00
[2025-04-13T15:32:27.670-0400] {processor.py:183} INFO - Processing /opt/anaconda3/lib/python3.12/site-packages/airflow/example_dags/example_branch_datetime_operator.py took 0.062 seconds
[2025-04-13T15:34:34.295-0400] {processor.py:161} INFO - Started process (PID=97162) to work on /opt/anaconda3/lib/python3.12/site-packages/airflow/example_dags/example_branch_datetime_operator.py
[2025-04-13T15:34:34.296-0400] {processor.py:830} INFO - Processing file /opt/anaconda3/lib/python3.12/site-packages/airflow/example_dags/example_branch_datetime_operator.py for tasks to queue
[2025-04-13T15:34:34.296-0400] {logging_mixin.py:188} INFO - [2025-04-13T15:34:34.296-0400] {dagbag.py:540} INFO - Filling up the DagBag from /opt/anaconda3/lib/python3.12/site-packages/airflow/example_dags/example_branch_datetime_operator.py
[2025-04-13T15:34:34.301-0400] {processor.py:840} INFO - DAG(s) 'example_branch_datetime_operator', 'example_branch_datetime_operator_2', 'example_branch_datetime_operator_3' retrieved from /opt/anaconda3/lib/python3.12/site-packages/airflow/example_dags/example_branch_datetime_operator.py
[2025-04-13T15:34:34.338-0400] {logging_mixin.py:188} INFO - [2025-04-13T15:34:34.338-0400] {dag.py:3096} INFO - Sync 3 DAGs
[2025-04-13T15:34:34.344-0400] {logging_mixin.py:188} INFO - [2025-04-13T15:34:34.344-0400] {dag.py:3954} INFO - Setting next_dagrun for example_branch_datetime_operator to 2025-04-12 00:00:00+00:00, run_after=2025-04-13 00:00:00+00:00
[2025-04-13T15:34:34.345-0400] {logging_mixin.py:188} INFO - [2025-04-13T15:34:34.345-0400] {dag.py:3954} INFO - Setting next_dagrun for example_branch_datetime_operator_2 to 2025-04-12 00:00:00+00:00, run_after=2025-04-13 00:00:00+00:00
[2025-04-13T15:34:34.346-0400] {logging_mixin.py:188} INFO - [2025-04-13T15:34:34.346-0400] {dag.py:3954} INFO - Setting next_dagrun for example_branch_datetime_operator_3 to 2025-04-12 00:00:00+00:00, run_after=2025-04-13 00:00:00+00:00
[2025-04-13T15:34:34.353-0400] {processor.py:183} INFO - Processing /opt/anaconda3/lib/python3.12/site-packages/airflow/example_dags/example_branch_datetime_operator.py took 0.059 seconds
[2025-04-13T15:47:19.099-0400] {processor.py:161} INFO - Started process (PID=4344) to work on /opt/anaconda3/lib/python3.12/site-packages/airflow/example_dags/example_branch_datetime_operator.py
[2025-04-13T15:47:19.099-0400] {processor.py:830} INFO - Processing file /opt/anaconda3/lib/python3.12/site-packages/airflow/example_dags/example_branch_datetime_operator.py for tasks to queue
[2025-04-13T15:47:19.099-0400] {logging_mixin.py:188} INFO - [2025-04-13T15:47:19.099-0400] {dagbag.py:540} INFO - Filling up the DagBag from /opt/anaconda3/lib/python3.12/site-packages/airflow/example_dags/example_branch_datetime_operator.py
[2025-04-13T15:47:19.104-0400] {processor.py:840} INFO - DAG(s) 'example_branch_datetime_operator_3', 'example_branch_datetime_operator', 'example_branch_datetime_operator_2' retrieved from /opt/anaconda3/lib/python3.12/site-packages/airflow/example_dags/example_branch_datetime_operator.py
[2025-04-13T15:47:19.174-0400] {logging_mixin.py:188} INFO - [2025-04-13T15:47:19.173-0400] {override.py:1930} INFO - Created Permission View: can edit on DAG:example_branch_datetime_operator_3
[2025-04-13T15:47:19.176-0400] {logging_mixin.py:188} INFO - [2025-04-13T15:47:19.176-0400] {override.py:1930} INFO - Created Permission View: can delete on DAG:example_branch_datetime_operator_3
[2025-04-13T15:47:19.178-0400] {logging_mixin.py:188} INFO - [2025-04-13T15:47:19.178-0400] {override.py:1930} INFO - Created Permission View: can read on DAG:example_branch_datetime_operator_3
[2025-04-13T15:47:19.183-0400] {logging_mixin.py:188} INFO - [2025-04-13T15:47:19.183-0400] {override.py:1930} INFO - Created Permission View: can edit on DAG:example_branch_datetime_operator
[2025-04-13T15:47:19.184-0400] {logging_mixin.py:188} INFO - [2025-04-13T15:47:19.184-0400] {override.py:1930} INFO - Created Permission View: can delete on DAG:example_branch_datetime_operator
[2025-04-13T15:47:19.189-0400] {logging_mixin.py:188} INFO - [2025-04-13T15:47:19.189-0400] {override.py:1930} INFO - Created Permission View: can read on DAG:example_branch_datetime_operator
[2025-04-13T15:47:19.193-0400] {logging_mixin.py:188} INFO - [2025-04-13T15:47:19.193-0400] {override.py:1930} INFO - Created Permission View: can edit on DAG:example_branch_datetime_operator_2
[2025-04-13T15:47:19.195-0400] {logging_mixin.py:188} INFO - [2025-04-13T15:47:19.195-0400] {override.py:1930} INFO - Created Permission View: can delete on DAG:example_branch_datetime_operator_2
[2025-04-13T15:47:19.196-0400] {logging_mixin.py:188} INFO - [2025-04-13T15:47:19.196-0400] {override.py:1930} INFO - Created Permission View: can read on DAG:example_branch_datetime_operator_2
[2025-04-13T15:47:19.196-0400] {logging_mixin.py:188} INFO - [2025-04-13T15:47:19.196-0400] {dag.py:3096} INFO - Sync 3 DAGs
[2025-04-13T15:47:19.200-0400] {logging_mixin.py:188} INFO - [2025-04-13T15:47:19.200-0400] {dag.py:3118} INFO - Creating ORM DAG for example_branch_datetime_operator_2
[2025-04-13T15:47:19.201-0400] {logging_mixin.py:188} INFO - [2025-04-13T15:47:19.201-0400] {dag.py:3118} INFO - Creating ORM DAG for example_branch_datetime_operator
[2025-04-13T15:47:19.201-0400] {logging_mixin.py:188} INFO - [2025-04-13T15:47:19.201-0400] {dag.py:3118} INFO - Creating ORM DAG for example_branch_datetime_operator_3
[2025-04-13T15:47:19.203-0400] {logging_mixin.py:188} INFO - [2025-04-13T15:47:19.203-0400] {dag.py:3954} INFO - Setting next_dagrun for example_branch_datetime_operator to 2025-04-12 00:00:00+00:00, run_after=2025-04-13 00:00:00+00:00
[2025-04-13T15:47:19.204-0400] {logging_mixin.py:188} INFO - [2025-04-13T15:47:19.204-0400] {dag.py:3954} INFO - Setting next_dagrun for example_branch_datetime_operator_2 to 2025-04-12 00:00:00+00:00, run_after=2025-04-13 00:00:00+00:00
[2025-04-13T15:47:19.204-0400] {logging_mixin.py:188} INFO - [2025-04-13T15:47:19.204-0400] {dag.py:3954} INFO - Setting next_dagrun for example_branch_datetime_operator_3 to 2025-04-12 00:00:00+00:00, run_after=2025-04-13 00:00:00+00:00
[2025-04-13T15:47:19.210-0400] {processor.py:183} INFO - Processing /opt/anaconda3/lib/python3.12/site-packages/airflow/example_dags/example_branch_datetime_operator.py took 0.113 seconds
