[2025-04-13T15:29:56.532-0400] {processor.py:161} INFO - Started process (PID=94996) to work on /opt/anaconda3/lib/python3.12/site-packages/airflow/example_dags/example_branch_operator.py
[2025-04-13T15:29:56.532-0400] {processor.py:830} INFO - Processing file /opt/anaconda3/lib/python3.12/site-packages/airflow/example_dags/example_branch_operator.py for tasks to queue
[2025-04-13T15:29:56.533-0400] {logging_mixin.py:188} INFO - [2025-04-13T15:29:56.533-0400] {dagbag.py:540} INFO - Filling up the DagBag from /opt/anaconda3/lib/python3.12/site-packages/airflow/example_dags/example_branch_operator.py
[2025-04-13T15:29:56.547-0400] {processor.py:840} INFO - DAG(s) 'example_branch_operator' retrieved from /opt/anaconda3/lib/python3.12/site-packages/airflow/example_dags/example_branch_operator.py
[2025-04-13T15:29:56.618-0400] {logging_mixin.py:188} INFO - [2025-04-13T15:29:56.618-0400] {override.py:1930} INFO - Created Permission View: can edit on DAG:example_branch_operator
[2025-04-13T15:29:56.621-0400] {logging_mixin.py:188} INFO - [2025-04-13T15:29:56.621-0400] {override.py:1930} INFO - Created Permission View: can delete on DAG:example_branch_operator
[2025-04-13T15:29:56.623-0400] {logging_mixin.py:188} INFO - [2025-04-13T15:29:56.623-0400] {override.py:1930} INFO - Created Permission View: can read on DAG:example_branch_operator
[2025-04-13T15:29:56.623-0400] {logging_mixin.py:188} INFO - [2025-04-13T15:29:56.623-0400] {dag.py:3096} INFO - Sync 1 DAGs
[2025-04-13T15:29:56.627-0400] {logging_mixin.py:188} INFO - [2025-04-13T15:29:56.627-0400] {dag.py:3118} INFO - Creating ORM DAG for example_branch_operator
[2025-04-13T15:29:56.630-0400] {logging_mixin.py:188} INFO - [2025-04-13T15:29:56.630-0400] {dag.py:3954} INFO - Setting next_dagrun for example_branch_operator to 2025-04-12 00:00:00+00:00, run_after=2025-04-13 00:00:00+00:00
[2025-04-13T15:29:56.635-0400] {processor.py:183} INFO - Processing /opt/anaconda3/lib/python3.12/site-packages/airflow/example_dags/example_branch_operator.py took 0.104 seconds
[2025-04-13T15:32:22.866-0400] {processor.py:161} INFO - Started process (PID=96128) to work on /opt/anaconda3/lib/python3.12/site-packages/airflow/example_dags/example_branch_operator.py
[2025-04-13T15:32:22.867-0400] {processor.py:830} INFO - Processing file /opt/anaconda3/lib/python3.12/site-packages/airflow/example_dags/example_branch_operator.py for tasks to queue
[2025-04-13T15:32:22.868-0400] {logging_mixin.py:188} INFO - [2025-04-13T15:32:22.868-0400] {dagbag.py:540} INFO - Filling up the DagBag from /opt/anaconda3/lib/python3.12/site-packages/airflow/example_dags/example_branch_operator.py
[2025-04-13T15:32:22.881-0400] {processor.py:840} INFO - DAG(s) 'example_branch_operator' retrieved from /opt/anaconda3/lib/python3.12/site-packages/airflow/example_dags/example_branch_operator.py
[2025-04-13T15:32:22.950-0400] {logging_mixin.py:188} INFO - [2025-04-13T15:32:22.949-0400] {dag.py:3096} INFO - Sync 1 DAGs
[2025-04-13T15:32:22.955-0400] {logging_mixin.py:188} INFO - [2025-04-13T15:32:22.955-0400] {dag.py:3954} INFO - Setting next_dagrun for example_branch_operator to 2025-04-12 00:00:00+00:00, run_after=2025-04-13 00:00:00+00:00
[2025-04-13T15:32:22.963-0400] {processor.py:183} INFO - Processing /opt/anaconda3/lib/python3.12/site-packages/airflow/example_dags/example_branch_operator.py took 0.098 seconds
[2025-04-13T15:34:28.927-0400] {processor.py:161} INFO - Started process (PID=97118) to work on /opt/anaconda3/lib/python3.12/site-packages/airflow/example_dags/example_branch_operator.py
[2025-04-13T15:34:28.927-0400] {processor.py:830} INFO - Processing file /opt/anaconda3/lib/python3.12/site-packages/airflow/example_dags/example_branch_operator.py for tasks to queue
[2025-04-13T15:34:28.928-0400] {logging_mixin.py:188} INFO - [2025-04-13T15:34:28.928-0400] {dagbag.py:540} INFO - Filling up the DagBag from /opt/anaconda3/lib/python3.12/site-packages/airflow/example_dags/example_branch_operator.py
[2025-04-13T15:34:28.941-0400] {processor.py:840} INFO - DAG(s) 'example_branch_operator' retrieved from /opt/anaconda3/lib/python3.12/site-packages/airflow/example_dags/example_branch_operator.py
[2025-04-13T15:34:29.009-0400] {logging_mixin.py:188} INFO - [2025-04-13T15:34:29.008-0400] {dag.py:3096} INFO - Sync 1 DAGs
[2025-04-13T15:34:29.014-0400] {logging_mixin.py:188} INFO - [2025-04-13T15:34:29.014-0400] {dag.py:3954} INFO - Setting next_dagrun for example_branch_operator to 2025-04-12 00:00:00+00:00, run_after=2025-04-13 00:00:00+00:00
[2025-04-13T15:34:29.021-0400] {processor.py:183} INFO - Processing /opt/anaconda3/lib/python3.12/site-packages/airflow/example_dags/example_branch_operator.py took 0.096 seconds
[2025-04-13T15:47:14.469-0400] {processor.py:161} INFO - Started process (PID=4305) to work on /opt/anaconda3/lib/python3.12/site-packages/airflow/example_dags/example_branch_operator.py
[2025-04-13T15:47:14.469-0400] {processor.py:830} INFO - Processing file /opt/anaconda3/lib/python3.12/site-packages/airflow/example_dags/example_branch_operator.py for tasks to queue
[2025-04-13T15:47:14.469-0400] {logging_mixin.py:188} INFO - [2025-04-13T15:47:14.469-0400] {dagbag.py:540} INFO - Filling up the DagBag from /opt/anaconda3/lib/python3.12/site-packages/airflow/example_dags/example_branch_operator.py
[2025-04-13T15:47:14.484-0400] {processor.py:840} INFO - DAG(s) 'example_branch_operator' retrieved from /opt/anaconda3/lib/python3.12/site-packages/airflow/example_dags/example_branch_operator.py
[2025-04-13T15:47:14.550-0400] {logging_mixin.py:188} INFO - [2025-04-13T15:47:14.550-0400] {override.py:1930} INFO - Created Permission View: can read on DAG:example_branch_operator
[2025-04-13T15:47:14.553-0400] {logging_mixin.py:188} INFO - [2025-04-13T15:47:14.553-0400] {override.py:1930} INFO - Created Permission View: can delete on DAG:example_branch_operator
[2025-04-13T15:47:14.554-0400] {logging_mixin.py:188} INFO - [2025-04-13T15:47:14.554-0400] {override.py:1930} INFO - Created Permission View: can edit on DAG:example_branch_operator
[2025-04-13T15:47:14.554-0400] {logging_mixin.py:188} INFO - [2025-04-13T15:47:14.554-0400] {dag.py:3096} INFO - Sync 1 DAGs
[2025-04-13T15:47:14.557-0400] {logging_mixin.py:188} INFO - [2025-04-13T15:47:14.557-0400] {dag.py:3118} INFO - Creating ORM DAG for example_branch_operator
[2025-04-13T15:47:14.560-0400] {logging_mixin.py:188} INFO - [2025-04-13T15:47:14.560-0400] {dag.py:3954} INFO - Setting next_dagrun for example_branch_operator to 2025-04-12 00:00:00+00:00, run_after=2025-04-13 00:00:00+00:00
[2025-04-13T15:47:14.566-0400] {processor.py:183} INFO - Processing /opt/anaconda3/lib/python3.12/site-packages/airflow/example_dags/example_branch_operator.py took 0.098 seconds
