[2025-04-13T15:29:52.250-0400] {processor.py:161} INFO - Started process (PID=94969) to work on /opt/anaconda3/lib/python3.12/site-packages/airflow/example_dags/example_branch_python_dop_operator_3.py
[2025-04-13T15:29:52.250-0400] {processor.py:830} INFO - Processing file /opt/anaconda3/lib/python3.12/site-packages/airflow/example_dags/example_branch_python_dop_operator_3.py for tasks to queue
[2025-04-13T15:29:52.250-0400] {logging_mixin.py:188} INFO - [2025-04-13T15:29:52.250-0400] {dagbag.py:540} INFO - Filling up the DagBag from /opt/anaconda3/lib/python3.12/site-packages/airflow/example_dags/example_branch_python_dop_operator_3.py
[2025-04-13T15:29:52.265-0400] {processor.py:840} INFO - DAG(s) 'example_branch_dop_operator_v3' retrieved from /opt/anaconda3/lib/python3.12/site-packages/airflow/example_dags/example_branch_python_dop_operator_3.py
[2025-04-13T15:29:52.330-0400] {logging_mixin.py:188} INFO - [2025-04-13T15:29:52.330-0400] {override.py:1930} INFO - Created Permission View: can edit on DAG:example_branch_dop_operator_v3
[2025-04-13T15:29:52.333-0400] {logging_mixin.py:188} INFO - [2025-04-13T15:29:52.333-0400] {override.py:1930} INFO - Created Permission View: can delete on DAG:example_branch_dop_operator_v3
[2025-04-13T15:29:52.334-0400] {logging_mixin.py:188} INFO - [2025-04-13T15:29:52.334-0400] {override.py:1930} INFO - Created Permission View: can read on DAG:example_branch_dop_operator_v3
[2025-04-13T15:29:52.334-0400] {logging_mixin.py:188} INFO - [2025-04-13T15:29:52.334-0400] {dag.py:3096} INFO - Sync 1 DAGs
[2025-04-13T15:29:52.337-0400] {logging_mixin.py:188} INFO - [2025-04-13T15:29:52.337-0400] {dag.py:3118} INFO - Creating ORM DAG for example_branch_dop_operator_v3
[2025-04-13T15:29:52.341-0400] {logging_mixin.py:188} INFO - [2025-04-13T15:29:52.341-0400] {dag.py:3954} INFO - Setting next_dagrun for example_branch_dop_operator_v3 to 2025-04-13 19:28:00+00:00, run_after=2025-04-13 19:29:00+00:00
[2025-04-13T15:29:52.347-0400] {processor.py:183} INFO - Processing /opt/anaconda3/lib/python3.12/site-packages/airflow/example_dags/example_branch_python_dop_operator_3.py took 0.098 seconds
[2025-04-13T15:32:19.827-0400] {processor.py:161} INFO - Started process (PID=96107) to work on /opt/anaconda3/lib/python3.12/site-packages/airflow/example_dags/example_branch_python_dop_operator_3.py
[2025-04-13T15:32:19.828-0400] {processor.py:830} INFO - Processing file /opt/anaconda3/lib/python3.12/site-packages/airflow/example_dags/example_branch_python_dop_operator_3.py for tasks to queue
[2025-04-13T15:32:19.828-0400] {logging_mixin.py:188} INFO - [2025-04-13T15:32:19.828-0400] {dagbag.py:540} INFO - Filling up the DagBag from /opt/anaconda3/lib/python3.12/site-packages/airflow/example_dags/example_branch_python_dop_operator_3.py
[2025-04-13T15:32:19.845-0400] {processor.py:840} INFO - DAG(s) 'example_branch_dop_operator_v3' retrieved from /opt/anaconda3/lib/python3.12/site-packages/airflow/example_dags/example_branch_python_dop_operator_3.py
[2025-04-13T15:32:19.885-0400] {logging_mixin.py:188} INFO - [2025-04-13T15:32:19.885-0400] {dag.py:3096} INFO - Sync 1 DAGs
[2025-04-13T15:32:19.892-0400] {logging_mixin.py:188} INFO - [2025-04-13T15:32:19.892-0400] {dag.py:3954} INFO - Setting next_dagrun for example_branch_dop_operator_v3 to 2025-04-13 19:31:00+00:00, run_after=2025-04-13 19:32:00+00:00
[2025-04-13T15:32:19.901-0400] {processor.py:183} INFO - Processing /opt/anaconda3/lib/python3.12/site-packages/airflow/example_dags/example_branch_python_dop_operator_3.py took 0.075 seconds
[2025-04-13T15:34:24.961-0400] {processor.py:161} INFO - Started process (PID=97090) to work on /opt/anaconda3/lib/python3.12/site-packages/airflow/example_dags/example_branch_python_dop_operator_3.py
[2025-04-13T15:34:24.962-0400] {processor.py:830} INFO - Processing file /opt/anaconda3/lib/python3.12/site-packages/airflow/example_dags/example_branch_python_dop_operator_3.py for tasks to queue
[2025-04-13T15:34:24.962-0400] {logging_mixin.py:188} INFO - [2025-04-13T15:34:24.962-0400] {dagbag.py:540} INFO - Filling up the DagBag from /opt/anaconda3/lib/python3.12/site-packages/airflow/example_dags/example_branch_python_dop_operator_3.py
[2025-04-13T15:34:24.978-0400] {processor.py:840} INFO - DAG(s) 'example_branch_dop_operator_v3' retrieved from /opt/anaconda3/lib/python3.12/site-packages/airflow/example_dags/example_branch_python_dop_operator_3.py
[2025-04-13T15:34:25.014-0400] {logging_mixin.py:188} INFO - [2025-04-13T15:34:25.014-0400] {dag.py:3096} INFO - Sync 1 DAGs
[2025-04-13T15:34:25.020-0400] {logging_mixin.py:188} INFO - [2025-04-13T15:34:25.020-0400] {dag.py:3954} INFO - Setting next_dagrun for example_branch_dop_operator_v3 to 2025-04-13 19:33:00+00:00, run_after=2025-04-13 19:34:00+00:00
[2025-04-13T15:34:25.028-0400] {processor.py:183} INFO - Processing /opt/anaconda3/lib/python3.12/site-packages/airflow/example_dags/example_branch_python_dop_operator_3.py took 0.068 seconds
[2025-04-13T15:47:10.175-0400] {processor.py:161} INFO - Started process (PID=4274) to work on /opt/anaconda3/lib/python3.12/site-packages/airflow/example_dags/example_branch_python_dop_operator_3.py
[2025-04-13T15:47:10.175-0400] {processor.py:830} INFO - Processing file /opt/anaconda3/lib/python3.12/site-packages/airflow/example_dags/example_branch_python_dop_operator_3.py for tasks to queue
[2025-04-13T15:47:10.176-0400] {logging_mixin.py:188} INFO - [2025-04-13T15:47:10.175-0400] {dagbag.py:540} INFO - Filling up the DagBag from /opt/anaconda3/lib/python3.12/site-packages/airflow/example_dags/example_branch_python_dop_operator_3.py
[2025-04-13T15:47:10.190-0400] {processor.py:840} INFO - DAG(s) 'example_branch_dop_operator_v3' retrieved from /opt/anaconda3/lib/python3.12/site-packages/airflow/example_dags/example_branch_python_dop_operator_3.py
[2025-04-13T15:47:10.256-0400] {logging_mixin.py:188} INFO - [2025-04-13T15:47:10.256-0400] {override.py:1930} INFO - Created Permission View: can edit on DAG:example_branch_dop_operator_v3
[2025-04-13T15:47:10.259-0400] {logging_mixin.py:188} INFO - [2025-04-13T15:47:10.259-0400] {override.py:1930} INFO - Created Permission View: can delete on DAG:example_branch_dop_operator_v3
[2025-04-13T15:47:10.260-0400] {logging_mixin.py:188} INFO - [2025-04-13T15:47:10.260-0400] {override.py:1930} INFO - Created Permission View: can read on DAG:example_branch_dop_operator_v3
[2025-04-13T15:47:10.261-0400] {logging_mixin.py:188} INFO - [2025-04-13T15:47:10.260-0400] {dag.py:3096} INFO - Sync 1 DAGs
[2025-04-13T15:47:10.264-0400] {logging_mixin.py:188} INFO - [2025-04-13T15:47:10.263-0400] {dag.py:3118} INFO - Creating ORM DAG for example_branch_dop_operator_v3
[2025-04-13T15:47:10.267-0400] {logging_mixin.py:188} INFO - [2025-04-13T15:47:10.267-0400] {dag.py:3954} INFO - Setting next_dagrun for example_branch_dop_operator_v3 to 2025-04-13 19:46:00+00:00, run_after=2025-04-13 19:47:00+00:00
[2025-04-13T15:47:10.273-0400] {processor.py:183} INFO - Processing /opt/anaconda3/lib/python3.12/site-packages/airflow/example_dags/example_branch_python_dop_operator_3.py took 0.099 seconds
