[2025-04-13T15:29:54.280-0400] {processor.py:161} INFO - Started process (PID=94982) to work on /opt/anaconda3/lib/python3.12/site-packages/airflow/example_dags/example_branch_operator_decorator.py
[2025-04-13T15:29:54.280-0400] {processor.py:830} INFO - Processing file /opt/anaconda3/lib/python3.12/site-packages/airflow/example_dags/example_branch_operator_decorator.py for tasks to queue
[2025-04-13T15:29:54.281-0400] {logging_mixin.py:188} INFO - [2025-04-13T15:29:54.281-0400] {dagbag.py:540} INFO - Filling up the DagBag from /opt/anaconda3/lib/python3.12/site-packages/airflow/example_dags/example_branch_operator_decorator.py
[2025-04-13T15:29:54.299-0400] {processor.py:840} INFO - DAG(s) 'example_branch_python_operator_decorator' retrieved from /opt/anaconda3/lib/python3.12/site-packages/airflow/example_dags/example_branch_operator_decorator.py
[2025-04-13T15:29:54.367-0400] {logging_mixin.py:188} INFO - [2025-04-13T15:29:54.367-0400] {override.py:1930} INFO - Created Permission View: can read on DAG:example_branch_python_operator_decorator
[2025-04-13T15:29:54.369-0400] {logging_mixin.py:188} INFO - [2025-04-13T15:29:54.369-0400] {override.py:1930} INFO - Created Permission View: can edit on DAG:example_branch_python_operator_decorator
[2025-04-13T15:29:54.371-0400] {logging_mixin.py:188} INFO - [2025-04-13T15:29:54.371-0400] {override.py:1930} INFO - Created Permission View: can delete on DAG:example_branch_python_operator_decorator
[2025-04-13T15:29:54.371-0400] {logging_mixin.py:188} INFO - [2025-04-13T15:29:54.371-0400] {dag.py:3096} INFO - Sync 1 DAGs
[2025-04-13T15:29:54.374-0400] {logging_mixin.py:188} INFO - [2025-04-13T15:29:54.374-0400] {dag.py:3118} INFO - Creating ORM DAG for example_branch_python_operator_decorator
[2025-04-13T15:29:54.377-0400] {logging_mixin.py:188} INFO - [2025-04-13T15:29:54.377-0400] {dag.py:3954} INFO - Setting next_dagrun for example_branch_python_operator_decorator to 2025-04-12 00:00:00+00:00, run_after=2025-04-13 00:00:00+00:00
[2025-04-13T15:29:54.382-0400] {processor.py:183} INFO - Processing /opt/anaconda3/lib/python3.12/site-packages/airflow/example_dags/example_branch_operator_decorator.py took 0.103 seconds
[2025-04-13T15:32:21.413-0400] {processor.py:161} INFO - Started process (PID=96122) to work on /opt/anaconda3/lib/python3.12/site-packages/airflow/example_dags/example_branch_operator_decorator.py
[2025-04-13T15:32:21.414-0400] {processor.py:830} INFO - Processing file /opt/anaconda3/lib/python3.12/site-packages/airflow/example_dags/example_branch_operator_decorator.py for tasks to queue
[2025-04-13T15:32:21.414-0400] {logging_mixin.py:188} INFO - [2025-04-13T15:32:21.414-0400] {dagbag.py:540} INFO - Filling up the DagBag from /opt/anaconda3/lib/python3.12/site-packages/airflow/example_dags/example_branch_operator_decorator.py
[2025-04-13T15:32:21.433-0400] {processor.py:840} INFO - DAG(s) 'example_branch_python_operator_decorator' retrieved from /opt/anaconda3/lib/python3.12/site-packages/airflow/example_dags/example_branch_operator_decorator.py
[2025-04-13T15:32:21.499-0400] {logging_mixin.py:188} INFO - [2025-04-13T15:32:21.499-0400] {dag.py:3096} INFO - Sync 1 DAGs
[2025-04-13T15:32:21.504-0400] {logging_mixin.py:188} INFO - [2025-04-13T15:32:21.504-0400] {dag.py:3954} INFO - Setting next_dagrun for example_branch_python_operator_decorator to 2025-04-12 00:00:00+00:00, run_after=2025-04-13 00:00:00+00:00
[2025-04-13T15:32:21.512-0400] {processor.py:183} INFO - Processing /opt/anaconda3/lib/python3.12/site-packages/airflow/example_dags/example_branch_operator_decorator.py took 0.100 seconds
[2025-04-13T15:34:26.992-0400] {processor.py:161} INFO - Started process (PID=97104) to work on /opt/anaconda3/lib/python3.12/site-packages/airflow/example_dags/example_branch_operator_decorator.py
[2025-04-13T15:34:26.993-0400] {processor.py:830} INFO - Processing file /opt/anaconda3/lib/python3.12/site-packages/airflow/example_dags/example_branch_operator_decorator.py for tasks to queue
[2025-04-13T15:34:26.993-0400] {logging_mixin.py:188} INFO - [2025-04-13T15:34:26.993-0400] {dagbag.py:540} INFO - Filling up the DagBag from /opt/anaconda3/lib/python3.12/site-packages/airflow/example_dags/example_branch_operator_decorator.py
[2025-04-13T15:34:27.012-0400] {processor.py:840} INFO - DAG(s) 'example_branch_python_operator_decorator' retrieved from /opt/anaconda3/lib/python3.12/site-packages/airflow/example_dags/example_branch_operator_decorator.py
[2025-04-13T15:34:27.082-0400] {logging_mixin.py:188} INFO - [2025-04-13T15:34:27.082-0400] {dag.py:3096} INFO - Sync 1 DAGs
[2025-04-13T15:34:27.087-0400] {logging_mixin.py:188} INFO - [2025-04-13T15:34:27.087-0400] {dag.py:3954} INFO - Setting next_dagrun for example_branch_python_operator_decorator to 2025-04-12 00:00:00+00:00, run_after=2025-04-13 00:00:00+00:00
[2025-04-13T15:34:27.095-0400] {processor.py:183} INFO - Processing /opt/anaconda3/lib/python3.12/site-packages/airflow/example_dags/example_branch_operator_decorator.py took 0.104 seconds
[2025-04-13T15:47:12.271-0400] {processor.py:161} INFO - Started process (PID=4288) to work on /opt/anaconda3/lib/python3.12/site-packages/airflow/example_dags/example_branch_operator_decorator.py
[2025-04-13T15:47:12.272-0400] {processor.py:830} INFO - Processing file /opt/anaconda3/lib/python3.12/site-packages/airflow/example_dags/example_branch_operator_decorator.py for tasks to queue
[2025-04-13T15:47:12.272-0400] {logging_mixin.py:188} INFO - [2025-04-13T15:47:12.272-0400] {dagbag.py:540} INFO - Filling up the DagBag from /opt/anaconda3/lib/python3.12/site-packages/airflow/example_dags/example_branch_operator_decorator.py
[2025-04-13T15:47:12.291-0400] {processor.py:840} INFO - DAG(s) 'example_branch_python_operator_decorator' retrieved from /opt/anaconda3/lib/python3.12/site-packages/airflow/example_dags/example_branch_operator_decorator.py
[2025-04-13T15:47:12.363-0400] {logging_mixin.py:188} INFO - [2025-04-13T15:47:12.363-0400] {override.py:1930} INFO - Created Permission View: can edit on DAG:example_branch_python_operator_decorator
[2025-04-13T15:47:12.365-0400] {logging_mixin.py:188} INFO - [2025-04-13T15:47:12.365-0400] {override.py:1930} INFO - Created Permission View: can read on DAG:example_branch_python_operator_decorator
[2025-04-13T15:47:12.367-0400] {logging_mixin.py:188} INFO - [2025-04-13T15:47:12.367-0400] {override.py:1930} INFO - Created Permission View: can delete on DAG:example_branch_python_operator_decorator
[2025-04-13T15:47:12.367-0400] {logging_mixin.py:188} INFO - [2025-04-13T15:47:12.367-0400] {dag.py:3096} INFO - Sync 1 DAGs
[2025-04-13T15:47:12.370-0400] {logging_mixin.py:188} INFO - [2025-04-13T15:47:12.370-0400] {dag.py:3118} INFO - Creating ORM DAG for example_branch_python_operator_decorator
[2025-04-13T15:47:12.374-0400] {logging_mixin.py:188} INFO - [2025-04-13T15:47:12.374-0400] {dag.py:3954} INFO - Setting next_dagrun for example_branch_python_operator_decorator to 2025-04-12 00:00:00+00:00, run_after=2025-04-13 00:00:00+00:00
[2025-04-13T15:47:12.382-0400] {processor.py:183} INFO - Processing /opt/anaconda3/lib/python3.12/site-packages/airflow/example_dags/example_branch_operator_decorator.py took 0.112 seconds
