[2025-04-13T15:29:24.389-0400] {processor.py:161} INFO - Started process (PID=94774) to work on /opt/anaconda3/lib/python3.12/site-packages/airflow/example_dags/example_params_ui_tutorial.py
[2025-04-13T15:29:24.390-0400] {processor.py:830} INFO - Processing file /opt/anaconda3/lib/python3.12/site-packages/airflow/example_dags/example_params_ui_tutorial.py for tasks to queue
[2025-04-13T15:29:24.390-0400] {logging_mixin.py:188} INFO - [2025-04-13T15:29:24.390-0400] {dagbag.py:540} INFO - Filling up the DagBag from /opt/anaconda3/lib/python3.12/site-packages/airflow/example_dags/example_params_ui_tutorial.py
[2025-04-13T15:29:24.407-0400] {processor.py:840} INFO - DAG(s) 'example_params_ui_tutorial' retrieved from /opt/anaconda3/lib/python3.12/site-packages/airflow/example_dags/example_params_ui_tutorial.py
[2025-04-13T15:29:24.485-0400] {logging_mixin.py:188} INFO - [2025-04-13T15:29:24.484-0400] {override.py:1930} INFO - Created Permission View: can edit on DAG:example_params_ui_tutorial
[2025-04-13T15:29:24.487-0400] {logging_mixin.py:188} INFO - [2025-04-13T15:29:24.487-0400] {override.py:1930} INFO - Created Permission View: can delete on DAG:example_params_ui_tutorial
[2025-04-13T15:29:24.489-0400] {logging_mixin.py:188} INFO - [2025-04-13T15:29:24.489-0400] {override.py:1930} INFO - Created Permission View: can read on DAG:example_params_ui_tutorial
[2025-04-13T15:29:24.489-0400] {logging_mixin.py:188} INFO - [2025-04-13T15:29:24.489-0400] {dag.py:3096} INFO - Sync 1 DAGs
[2025-04-13T15:29:24.492-0400] {logging_mixin.py:188} INFO - [2025-04-13T15:29:24.492-0400] {dag.py:3118} INFO - Creating ORM DAG for example_params_ui_tutorial
[2025-04-13T15:29:24.494-0400] {logging_mixin.py:188} INFO - [2025-04-13T15:29:24.494-0400] {dag.py:3954} INFO - Setting next_dagrun for example_params_ui_tutorial to None, run_after=None
[2025-04-13T15:29:24.501-0400] {processor.py:183} INFO - Processing /opt/anaconda3/lib/python3.12/site-packages/airflow/example_dags/example_params_ui_tutorial.py took 0.113 seconds
[2025-04-13T15:31:07.585-0400] {processor.py:161} INFO - Started process (PID=95525) to work on /opt/anaconda3/lib/python3.12/site-packages/airflow/example_dags/example_params_ui_tutorial.py
[2025-04-13T15:31:07.586-0400] {processor.py:830} INFO - Processing file /opt/anaconda3/lib/python3.12/site-packages/airflow/example_dags/example_params_ui_tutorial.py for tasks to queue
[2025-04-13T15:31:07.586-0400] {logging_mixin.py:188} INFO - [2025-04-13T15:31:07.586-0400] {dagbag.py:540} INFO - Filling up the DagBag from /opt/anaconda3/lib/python3.12/site-packages/airflow/example_dags/example_params_ui_tutorial.py
[2025-04-13T15:31:07.602-0400] {processor.py:840} INFO - DAG(s) 'example_params_ui_tutorial' retrieved from /opt/anaconda3/lib/python3.12/site-packages/airflow/example_dags/example_params_ui_tutorial.py
[2025-04-13T15:31:07.648-0400] {logging_mixin.py:188} INFO - [2025-04-13T15:31:07.648-0400] {dag.py:3096} INFO - Sync 1 DAGs
[2025-04-13T15:31:07.651-0400] {logging_mixin.py:188} INFO - [2025-04-13T15:31:07.651-0400] {dag.py:3954} INFO - Setting next_dagrun for example_params_ui_tutorial to None, run_after=None
[2025-04-13T15:31:07.659-0400] {processor.py:183} INFO - Processing /opt/anaconda3/lib/python3.12/site-packages/airflow/example_dags/example_params_ui_tutorial.py took 0.075 seconds
[2025-04-13T15:33:56.624-0400] {processor.py:161} INFO - Started process (PID=96879) to work on /opt/anaconda3/lib/python3.12/site-packages/airflow/example_dags/example_params_ui_tutorial.py
[2025-04-13T15:33:56.627-0400] {processor.py:830} INFO - Processing file /opt/anaconda3/lib/python3.12/site-packages/airflow/example_dags/example_params_ui_tutorial.py for tasks to queue
[2025-04-13T15:33:56.627-0400] {logging_mixin.py:188} INFO - [2025-04-13T15:33:56.627-0400] {dagbag.py:540} INFO - Filling up the DagBag from /opt/anaconda3/lib/python3.12/site-packages/airflow/example_dags/example_params_ui_tutorial.py
[2025-04-13T15:33:56.643-0400] {processor.py:840} INFO - DAG(s) 'example_params_ui_tutorial' retrieved from /opt/anaconda3/lib/python3.12/site-packages/airflow/example_dags/example_params_ui_tutorial.py
[2025-04-13T15:33:56.687-0400] {logging_mixin.py:188} INFO - [2025-04-13T15:33:56.687-0400] {dag.py:3096} INFO - Sync 1 DAGs
[2025-04-13T15:33:56.690-0400] {logging_mixin.py:188} INFO - [2025-04-13T15:33:56.690-0400] {dag.py:3954} INFO - Setting next_dagrun for example_params_ui_tutorial to None, run_after=None
[2025-04-13T15:33:56.697-0400] {processor.py:183} INFO - Processing /opt/anaconda3/lib/python3.12/site-packages/airflow/example_dags/example_params_ui_tutorial.py took 0.074 seconds
[2025-04-13T15:35:40.553-0400] {processor.py:161} INFO - Started process (PID=97616) to work on /opt/anaconda3/lib/python3.12/site-packages/airflow/example_dags/example_params_ui_tutorial.py
[2025-04-13T15:35:40.554-0400] {processor.py:830} INFO - Processing file /opt/anaconda3/lib/python3.12/site-packages/airflow/example_dags/example_params_ui_tutorial.py for tasks to queue
[2025-04-13T15:35:40.554-0400] {logging_mixin.py:188} INFO - [2025-04-13T15:35:40.554-0400] {dagbag.py:540} INFO - Filling up the DagBag from /opt/anaconda3/lib/python3.12/site-packages/airflow/example_dags/example_params_ui_tutorial.py
[2025-04-13T15:35:40.571-0400] {processor.py:840} INFO - DAG(s) 'example_params_ui_tutorial' retrieved from /opt/anaconda3/lib/python3.12/site-packages/airflow/example_dags/example_params_ui_tutorial.py
[2025-04-13T15:35:40.618-0400] {logging_mixin.py:188} INFO - [2025-04-13T15:35:40.618-0400] {dag.py:3096} INFO - Sync 1 DAGs
[2025-04-13T15:35:40.621-0400] {logging_mixin.py:188} INFO - [2025-04-13T15:35:40.621-0400] {dag.py:3954} INFO - Setting next_dagrun for example_params_ui_tutorial to None, run_after=None
[2025-04-13T15:35:40.629-0400] {processor.py:183} INFO - Processing /opt/anaconda3/lib/python3.12/site-packages/airflow/example_dags/example_params_ui_tutorial.py took 0.077 seconds
[2025-04-13T15:46:42.196-0400] {processor.py:161} INFO - Started process (PID=4019) to work on /opt/anaconda3/lib/python3.12/site-packages/airflow/example_dags/example_params_ui_tutorial.py
[2025-04-13T15:46:42.197-0400] {processor.py:830} INFO - Processing file /opt/anaconda3/lib/python3.12/site-packages/airflow/example_dags/example_params_ui_tutorial.py for tasks to queue
[2025-04-13T15:46:42.197-0400] {logging_mixin.py:188} INFO - [2025-04-13T15:46:42.197-0400] {dagbag.py:540} INFO - Filling up the DagBag from /opt/anaconda3/lib/python3.12/site-packages/airflow/example_dags/example_params_ui_tutorial.py
[2025-04-13T15:46:42.214-0400] {processor.py:840} INFO - DAG(s) 'example_params_ui_tutorial' retrieved from /opt/anaconda3/lib/python3.12/site-packages/airflow/example_dags/example_params_ui_tutorial.py
[2025-04-13T15:46:42.289-0400] {logging_mixin.py:188} INFO - [2025-04-13T15:46:42.289-0400] {override.py:1930} INFO - Created Permission View: can edit on DAG:example_params_ui_tutorial
[2025-04-13T15:46:42.291-0400] {logging_mixin.py:188} INFO - [2025-04-13T15:46:42.291-0400] {override.py:1930} INFO - Created Permission View: can delete on DAG:example_params_ui_tutorial
[2025-04-13T15:46:42.293-0400] {logging_mixin.py:188} INFO - [2025-04-13T15:46:42.293-0400] {override.py:1930} INFO - Created Permission View: can read on DAG:example_params_ui_tutorial
[2025-04-13T15:46:42.293-0400] {logging_mixin.py:188} INFO - [2025-04-13T15:46:42.293-0400] {dag.py:3096} INFO - Sync 1 DAGs
[2025-04-13T15:46:42.296-0400] {logging_mixin.py:188} INFO - [2025-04-13T15:46:42.296-0400] {dag.py:3118} INFO - Creating ORM DAG for example_params_ui_tutorial
[2025-04-13T15:46:42.296-0400] {logging_mixin.py:188} INFO - [2025-04-13T15:46:42.296-0400] {dag.py:3954} INFO - Setting next_dagrun for example_params_ui_tutorial to None, run_after=None
[2025-04-13T15:46:42.302-0400] {processor.py:183} INFO - Processing /opt/anaconda3/lib/python3.12/site-packages/airflow/example_dags/example_params_ui_tutorial.py took 0.107 seconds
[2025-04-13T15:48:23.689-0400] {processor.py:161} INFO - Started process (PID=5065) to work on /opt/anaconda3/lib/python3.12/site-packages/airflow/example_dags/example_params_ui_tutorial.py
[2025-04-13T15:48:23.690-0400] {processor.py:830} INFO - Processing file /opt/anaconda3/lib/python3.12/site-packages/airflow/example_dags/example_params_ui_tutorial.py for tasks to queue
[2025-04-13T15:48:23.690-0400] {logging_mixin.py:188} INFO - [2025-04-13T15:48:23.690-0400] {dagbag.py:540} INFO - Filling up the DagBag from /opt/anaconda3/lib/python3.12/site-packages/airflow/example_dags/example_params_ui_tutorial.py
[2025-04-13T15:48:23.707-0400] {processor.py:840} INFO - DAG(s) 'example_params_ui_tutorial' retrieved from /opt/anaconda3/lib/python3.12/site-packages/airflow/example_dags/example_params_ui_tutorial.py
[2025-04-13T15:48:23.755-0400] {logging_mixin.py:188} INFO - [2025-04-13T15:48:23.755-0400] {dag.py:3096} INFO - Sync 1 DAGs
[2025-04-13T15:48:23.758-0400] {logging_mixin.py:188} INFO - [2025-04-13T15:48:23.758-0400] {dag.py:3954} INFO - Setting next_dagrun for example_params_ui_tutorial to None, run_after=None
[2025-04-13T15:48:23.769-0400] {processor.py:183} INFO - Processing /opt/anaconda3/lib/python3.12/site-packages/airflow/example_dags/example_params_ui_tutorial.py took 0.082 seconds
