[2025-04-13T15:28:47.438-0400] {processor.py:161} INFO - Started process (PID=94473) to work on /opt/anaconda3/lib/python3.12/site-packages/airflow/example_dags/example_xcom.py
[2025-04-13T15:28:47.438-0400] {processor.py:830} INFO - Processing file /opt/anaconda3/lib/python3.12/site-packages/airflow/example_dags/example_xcom.py for tasks to queue
[2025-04-13T15:28:47.439-0400] {logging_mixin.py:188} INFO - [2025-04-13T15:28:47.438-0400] {dagbag.py:540} INFO - Filling up the DagBag from /opt/anaconda3/lib/python3.12/site-packages/airflow/example_dags/example_xcom.py
[2025-04-13T15:28:47.454-0400] {processor.py:840} INFO - DAG(s) 'example_xcom' retrieved from /opt/anaconda3/lib/python3.12/site-packages/airflow/example_dags/example_xcom.py
[2025-04-13T15:28:47.520-0400] {logging_mixin.py:188} INFO - [2025-04-13T15:28:47.520-0400] {override.py:1930} INFO - Created Permission View: can edit on DAG:example_xcom
[2025-04-13T15:28:47.523-0400] {logging_mixin.py:188} INFO - [2025-04-13T15:28:47.523-0400] {override.py:1930} INFO - Created Permission View: can delete on DAG:example_xcom
[2025-04-13T15:28:47.525-0400] {logging_mixin.py:188} INFO - [2025-04-13T15:28:47.525-0400] {override.py:1930} INFO - Created Permission View: can read on DAG:example_xcom
[2025-04-13T15:28:47.525-0400] {logging_mixin.py:188} INFO - [2025-04-13T15:28:47.525-0400] {dag.py:3096} INFO - Sync 1 DAGs
[2025-04-13T15:28:47.529-0400] {logging_mixin.py:188} INFO - [2025-04-13T15:28:47.529-0400] {dag.py:3118} INFO - Creating ORM DAG for example_xcom
[2025-04-13T15:28:47.531-0400] {logging_mixin.py:188} INFO - [2025-04-13T15:28:47.531-0400] {dag.py:3954} INFO - Setting next_dagrun for example_xcom to 2021-01-01 00:00:00+00:00, run_after=2021-01-01 00:00:00+00:00
[2025-04-13T15:28:47.537-0400] {processor.py:183} INFO - Processing /opt/anaconda3/lib/python3.12/site-packages/airflow/example_dags/example_xcom.py took 0.101 seconds
[2025-04-13T15:30:31.288-0400] {processor.py:161} INFO - Started process (PID=95280) to work on /opt/anaconda3/lib/python3.12/site-packages/airflow/example_dags/example_xcom.py
[2025-04-13T15:30:31.289-0400] {processor.py:830} INFO - Processing file /opt/anaconda3/lib/python3.12/site-packages/airflow/example_dags/example_xcom.py for tasks to queue
[2025-04-13T15:30:31.290-0400] {logging_mixin.py:188} INFO - [2025-04-13T15:30:31.290-0400] {dagbag.py:540} INFO - Filling up the DagBag from /opt/anaconda3/lib/python3.12/site-packages/airflow/example_dags/example_xcom.py
[2025-04-13T15:30:31.305-0400] {processor.py:840} INFO - DAG(s) 'example_xcom' retrieved from /opt/anaconda3/lib/python3.12/site-packages/airflow/example_dags/example_xcom.py
[2025-04-13T15:30:31.342-0400] {logging_mixin.py:188} INFO - [2025-04-13T15:30:31.342-0400] {dag.py:3096} INFO - Sync 1 DAGs
[2025-04-13T15:30:31.347-0400] {logging_mixin.py:188} INFO - [2025-04-13T15:30:31.347-0400] {dag.py:3954} INFO - Setting next_dagrun for example_xcom to 2021-01-01 00:00:00+00:00, run_after=2021-01-01 00:00:00+00:00
[2025-04-13T15:30:31.354-0400] {processor.py:183} INFO - Processing /opt/anaconda3/lib/python3.12/site-packages/airflow/example_dags/example_xcom.py took 0.067 seconds
[2025-04-13T15:31:45.255-0400] {processor.py:161} INFO - Started process (PID=95847) to work on /opt/anaconda3/lib/python3.12/site-packages/airflow/example_dags/example_xcom.py
[2025-04-13T15:31:45.256-0400] {processor.py:830} INFO - Processing file /opt/anaconda3/lib/python3.12/site-packages/airflow/example_dags/example_xcom.py for tasks to queue
[2025-04-13T15:31:45.256-0400] {logging_mixin.py:188} INFO - [2025-04-13T15:31:45.256-0400] {dagbag.py:540} INFO - Filling up the DagBag from /opt/anaconda3/lib/python3.12/site-packages/airflow/example_dags/example_xcom.py
[2025-04-13T15:31:45.271-0400] {processor.py:840} INFO - DAG(s) 'example_xcom' retrieved from /opt/anaconda3/lib/python3.12/site-packages/airflow/example_dags/example_xcom.py
[2025-04-13T15:31:45.308-0400] {logging_mixin.py:188} INFO - [2025-04-13T15:31:45.308-0400] {dag.py:3096} INFO - Sync 1 DAGs
[2025-04-13T15:31:45.314-0400] {logging_mixin.py:188} INFO - [2025-04-13T15:31:45.313-0400] {dag.py:3954} INFO - Setting next_dagrun for example_xcom to 2021-01-01 00:00:00+00:00, run_after=2021-01-01 00:00:00+00:00
[2025-04-13T15:31:45.320-0400] {processor.py:183} INFO - Processing /opt/anaconda3/lib/python3.12/site-packages/airflow/example_dags/example_xcom.py took 0.066 seconds
[2025-04-13T15:33:21.622-0400] {processor.py:161} INFO - Started process (PID=96608) to work on /opt/anaconda3/lib/python3.12/site-packages/airflow/example_dags/example_xcom.py
[2025-04-13T15:33:21.623-0400] {processor.py:830} INFO - Processing file /opt/anaconda3/lib/python3.12/site-packages/airflow/example_dags/example_xcom.py for tasks to queue
[2025-04-13T15:33:21.623-0400] {logging_mixin.py:188} INFO - [2025-04-13T15:33:21.623-0400] {dagbag.py:540} INFO - Filling up the DagBag from /opt/anaconda3/lib/python3.12/site-packages/airflow/example_dags/example_xcom.py
[2025-04-13T15:33:21.637-0400] {processor.py:840} INFO - DAG(s) 'example_xcom' retrieved from /opt/anaconda3/lib/python3.12/site-packages/airflow/example_dags/example_xcom.py
[2025-04-13T15:33:21.671-0400] {logging_mixin.py:188} INFO - [2025-04-13T15:33:21.671-0400] {dag.py:3096} INFO - Sync 1 DAGs
[2025-04-13T15:33:21.676-0400] {logging_mixin.py:188} INFO - [2025-04-13T15:33:21.676-0400] {dag.py:3954} INFO - Setting next_dagrun for example_xcom to 2021-01-01 00:00:00+00:00, run_after=2021-01-01 00:00:00+00:00
[2025-04-13T15:33:21.683-0400] {processor.py:183} INFO - Processing /opt/anaconda3/lib/python3.12/site-packages/airflow/example_dags/example_xcom.py took 0.062 seconds
[2025-04-13T15:35:04.023-0400] {processor.py:161} INFO - Started process (PID=97374) to work on /opt/anaconda3/lib/python3.12/site-packages/airflow/example_dags/example_xcom.py
[2025-04-13T15:35:04.024-0400] {processor.py:830} INFO - Processing file /opt/anaconda3/lib/python3.12/site-packages/airflow/example_dags/example_xcom.py for tasks to queue
[2025-04-13T15:35:04.025-0400] {logging_mixin.py:188} INFO - [2025-04-13T15:35:04.025-0400] {dagbag.py:540} INFO - Filling up the DagBag from /opt/anaconda3/lib/python3.12/site-packages/airflow/example_dags/example_xcom.py
[2025-04-13T15:35:04.039-0400] {processor.py:840} INFO - DAG(s) 'example_xcom' retrieved from /opt/anaconda3/lib/python3.12/site-packages/airflow/example_dags/example_xcom.py
[2025-04-13T15:35:04.074-0400] {logging_mixin.py:188} INFO - [2025-04-13T15:35:04.074-0400] {dag.py:3096} INFO - Sync 1 DAGs
[2025-04-13T15:35:04.079-0400] {logging_mixin.py:188} INFO - [2025-04-13T15:35:04.079-0400] {dag.py:3954} INFO - Setting next_dagrun for example_xcom to 2021-01-01 00:00:00+00:00, run_after=2021-01-01 00:00:00+00:00
[2025-04-13T15:35:04.086-0400] {processor.py:183} INFO - Processing /opt/anaconda3/lib/python3.12/site-packages/airflow/example_dags/example_xcom.py took 0.064 seconds
[2025-04-13T15:43:53.213-0400] {processor.py:161} INFO - Started process (PID=2596) to work on /opt/anaconda3/lib/python3.12/site-packages/airflow/example_dags/example_xcom.py
[2025-04-13T15:43:53.213-0400] {processor.py:830} INFO - Processing file /opt/anaconda3/lib/python3.12/site-packages/airflow/example_dags/example_xcom.py for tasks to queue
[2025-04-13T15:43:53.214-0400] {logging_mixin.py:188} INFO - [2025-04-13T15:43:53.214-0400] {dagbag.py:540} INFO - Filling up the DagBag from /opt/anaconda3/lib/python3.12/site-packages/airflow/example_dags/example_xcom.py
[2025-04-13T15:43:53.229-0400] {processor.py:840} INFO - DAG(s) 'example_xcom' retrieved from /opt/anaconda3/lib/python3.12/site-packages/airflow/example_dags/example_xcom.py
[2025-04-13T15:43:53.290-0400] {logging_mixin.py:188} INFO - [2025-04-13T15:43:53.290-0400] {override.py:1930} INFO - Created Permission View: can read on DAG:example_xcom
[2025-04-13T15:43:53.292-0400] {logging_mixin.py:188} INFO - [2025-04-13T15:43:53.292-0400] {override.py:1930} INFO - Created Permission View: can edit on DAG:example_xcom
[2025-04-13T15:43:53.294-0400] {logging_mixin.py:188} INFO - [2025-04-13T15:43:53.294-0400] {override.py:1930} INFO - Created Permission View: can delete on DAG:example_xcom
[2025-04-13T15:43:53.294-0400] {logging_mixin.py:188} INFO - [2025-04-13T15:43:53.294-0400] {dag.py:3096} INFO - Sync 1 DAGs
[2025-04-13T15:43:53.297-0400] {logging_mixin.py:188} INFO - [2025-04-13T15:43:53.297-0400] {dag.py:3118} INFO - Creating ORM DAG for example_xcom
[2025-04-13T15:43:53.299-0400] {logging_mixin.py:188} INFO - [2025-04-13T15:43:53.299-0400] {dag.py:3954} INFO - Setting next_dagrun for example_xcom to 2021-01-01 00:00:00+00:00, run_after=2021-01-01 00:00:00+00:00
[2025-04-13T15:43:53.306-0400] {processor.py:183} INFO - Processing /opt/anaconda3/lib/python3.12/site-packages/airflow/example_dags/example_xcom.py took 0.095 seconds
[2025-04-13T15:46:06.596-0400] {processor.py:161} INFO - Started process (PID=3731) to work on /opt/anaconda3/lib/python3.12/site-packages/airflow/example_dags/example_xcom.py
[2025-04-13T15:46:06.597-0400] {processor.py:830} INFO - Processing file /opt/anaconda3/lib/python3.12/site-packages/airflow/example_dags/example_xcom.py for tasks to queue
[2025-04-13T15:46:06.598-0400] {logging_mixin.py:188} INFO - [2025-04-13T15:46:06.598-0400] {dagbag.py:540} INFO - Filling up the DagBag from /opt/anaconda3/lib/python3.12/site-packages/airflow/example_dags/example_xcom.py
[2025-04-13T15:46:06.612-0400] {processor.py:840} INFO - DAG(s) 'example_xcom' retrieved from /opt/anaconda3/lib/python3.12/site-packages/airflow/example_dags/example_xcom.py
[2025-04-13T15:46:06.649-0400] {logging_mixin.py:188} INFO - [2025-04-13T15:46:06.649-0400] {dag.py:3096} INFO - Sync 1 DAGs
[2025-04-13T15:46:06.654-0400] {logging_mixin.py:188} INFO - [2025-04-13T15:46:06.654-0400] {dag.py:3954} INFO - Setting next_dagrun for example_xcom to 2021-01-01 00:00:00+00:00, run_after=2021-01-01 00:00:00+00:00
[2025-04-13T15:46:06.662-0400] {processor.py:183} INFO - Processing /opt/anaconda3/lib/python3.12/site-packages/airflow/example_dags/example_xcom.py took 0.066 seconds
[2025-04-13T15:47:48.030-0400] {processor.py:161} INFO - Started process (PID=4671) to work on /opt/anaconda3/lib/python3.12/site-packages/airflow/example_dags/example_xcom.py
[2025-04-13T15:47:48.031-0400] {processor.py:830} INFO - Processing file /opt/anaconda3/lib/python3.12/site-packages/airflow/example_dags/example_xcom.py for tasks to queue
[2025-04-13T15:47:48.031-0400] {logging_mixin.py:188} INFO - [2025-04-13T15:47:48.031-0400] {dagbag.py:540} INFO - Filling up the DagBag from /opt/anaconda3/lib/python3.12/site-packages/airflow/example_dags/example_xcom.py
[2025-04-13T15:47:48.047-0400] {processor.py:840} INFO - DAG(s) 'example_xcom' retrieved from /opt/anaconda3/lib/python3.12/site-packages/airflow/example_dags/example_xcom.py
[2025-04-13T15:47:48.089-0400] {logging_mixin.py:188} INFO - [2025-04-13T15:47:48.089-0400] {dag.py:3096} INFO - Sync 1 DAGs
[2025-04-13T15:47:48.096-0400] {logging_mixin.py:188} INFO - [2025-04-13T15:47:48.095-0400] {dag.py:3954} INFO - Setting next_dagrun for example_xcom to 2021-01-01 00:00:00+00:00, run_after=2021-01-01 00:00:00+00:00
[2025-04-13T15:47:48.104-0400] {processor.py:183} INFO - Processing /opt/anaconda3/lib/python3.12/site-packages/airflow/example_dags/example_xcom.py took 0.075 seconds
