[2025-04-13T15:28:37.746-0400] {processor.py:161} INFO - Started process (PID=94402) to work on /opt/anaconda3/lib/python3.12/site-packages/airflow/example_dags/tutorial_taskflow_api.py
[2025-04-13T15:28:37.746-0400] {processor.py:830} INFO - Processing file /opt/anaconda3/lib/python3.12/site-packages/airflow/example_dags/tutorial_taskflow_api.py for tasks to queue
[2025-04-13T15:28:37.746-0400] {logging_mixin.py:188} INFO - [2025-04-13T15:28:37.746-0400] {dagbag.py:540} INFO - Filling up the DagBag from /opt/anaconda3/lib/python3.12/site-packages/airflow/example_dags/tutorial_taskflow_api.py
[2025-04-13T15:28:37.762-0400] {processor.py:840} INFO - DAG(s) 'tutorial_taskflow_api' retrieved from /opt/anaconda3/lib/python3.12/site-packages/airflow/example_dags/tutorial_taskflow_api.py
[2025-04-13T15:28:37.831-0400] {logging_mixin.py:188} INFO - [2025-04-13T15:28:37.830-0400] {override.py:1930} INFO - Created Permission View: can read on DAG:tutorial_taskflow_api
[2025-04-13T15:28:37.833-0400] {logging_mixin.py:188} INFO - [2025-04-13T15:28:37.833-0400] {override.py:1930} INFO - Created Permission View: can delete on DAG:tutorial_taskflow_api
[2025-04-13T15:28:37.835-0400] {logging_mixin.py:188} INFO - [2025-04-13T15:28:37.835-0400] {override.py:1930} INFO - Created Permission View: can edit on DAG:tutorial_taskflow_api
[2025-04-13T15:28:37.835-0400] {logging_mixin.py:188} INFO - [2025-04-13T15:28:37.835-0400] {dag.py:3096} INFO - Sync 1 DAGs
[2025-04-13T15:28:37.838-0400] {logging_mixin.py:188} INFO - [2025-04-13T15:28:37.838-0400] {dag.py:3118} INFO - Creating ORM DAG for tutorial_taskflow_api
[2025-04-13T15:28:37.839-0400] {logging_mixin.py:188} INFO - [2025-04-13T15:28:37.839-0400] {dag.py:3954} INFO - Setting next_dagrun for tutorial_taskflow_api to None, run_after=None
[2025-04-13T15:28:37.845-0400] {processor.py:183} INFO - Processing /opt/anaconda3/lib/python3.12/site-packages/airflow/example_dags/tutorial_taskflow_api.py took 0.100 seconds
[2025-04-13T15:30:21.713-0400] {processor.py:161} INFO - Started process (PID=95188) to work on /opt/anaconda3/lib/python3.12/site-packages/airflow/example_dags/tutorial_taskflow_api.py
[2025-04-13T15:30:21.714-0400] {processor.py:830} INFO - Processing file /opt/anaconda3/lib/python3.12/site-packages/airflow/example_dags/tutorial_taskflow_api.py for tasks to queue
[2025-04-13T15:30:21.715-0400] {logging_mixin.py:188} INFO - [2025-04-13T15:30:21.715-0400] {dagbag.py:540} INFO - Filling up the DagBag from /opt/anaconda3/lib/python3.12/site-packages/airflow/example_dags/tutorial_taskflow_api.py
[2025-04-13T15:30:21.729-0400] {processor.py:840} INFO - DAG(s) 'tutorial_taskflow_api' retrieved from /opt/anaconda3/lib/python3.12/site-packages/airflow/example_dags/tutorial_taskflow_api.py
[2025-04-13T15:30:21.764-0400] {logging_mixin.py:188} INFO - [2025-04-13T15:30:21.764-0400] {dag.py:3096} INFO - Sync 1 DAGs
[2025-04-13T15:30:21.767-0400] {logging_mixin.py:188} INFO - [2025-04-13T15:30:21.767-0400] {dag.py:3954} INFO - Setting next_dagrun for tutorial_taskflow_api to None, run_after=None
[2025-04-13T15:30:21.774-0400] {processor.py:183} INFO - Processing /opt/anaconda3/lib/python3.12/site-packages/airflow/example_dags/tutorial_taskflow_api.py took 0.061 seconds
[2025-04-13T15:31:35.365-0400] {processor.py:161} INFO - Started process (PID=95777) to work on /opt/anaconda3/lib/python3.12/site-packages/airflow/example_dags/tutorial_taskflow_api.py
[2025-04-13T15:31:35.366-0400] {processor.py:830} INFO - Processing file /opt/anaconda3/lib/python3.12/site-packages/airflow/example_dags/tutorial_taskflow_api.py for tasks to queue
[2025-04-13T15:31:35.366-0400] {logging_mixin.py:188} INFO - [2025-04-13T15:31:35.366-0400] {dagbag.py:540} INFO - Filling up the DagBag from /opt/anaconda3/lib/python3.12/site-packages/airflow/example_dags/tutorial_taskflow_api.py
[2025-04-13T15:31:35.382-0400] {processor.py:840} INFO - DAG(s) 'tutorial_taskflow_api' retrieved from /opt/anaconda3/lib/python3.12/site-packages/airflow/example_dags/tutorial_taskflow_api.py
[2025-04-13T15:31:35.418-0400] {logging_mixin.py:188} INFO - [2025-04-13T15:31:35.418-0400] {dag.py:3096} INFO - Sync 1 DAGs
[2025-04-13T15:31:35.421-0400] {logging_mixin.py:188} INFO - [2025-04-13T15:31:35.421-0400] {dag.py:3954} INFO - Setting next_dagrun for tutorial_taskflow_api to None, run_after=None
[2025-04-13T15:31:35.428-0400] {processor.py:183} INFO - Processing /opt/anaconda3/lib/python3.12/site-packages/airflow/example_dags/tutorial_taskflow_api.py took 0.065 seconds
[2025-04-13T15:33:11.516-0400] {processor.py:161} INFO - Started process (PID=96540) to work on /opt/anaconda3/lib/python3.12/site-packages/airflow/example_dags/tutorial_taskflow_api.py
[2025-04-13T15:33:11.518-0400] {processor.py:830} INFO - Processing file /opt/anaconda3/lib/python3.12/site-packages/airflow/example_dags/tutorial_taskflow_api.py for tasks to queue
[2025-04-13T15:33:11.518-0400] {logging_mixin.py:188} INFO - [2025-04-13T15:33:11.518-0400] {dagbag.py:540} INFO - Filling up the DagBag from /opt/anaconda3/lib/python3.12/site-packages/airflow/example_dags/tutorial_taskflow_api.py
[2025-04-13T15:33:11.532-0400] {processor.py:840} INFO - DAG(s) 'tutorial_taskflow_api' retrieved from /opt/anaconda3/lib/python3.12/site-packages/airflow/example_dags/tutorial_taskflow_api.py
[2025-04-13T15:33:11.569-0400] {logging_mixin.py:188} INFO - [2025-04-13T15:33:11.569-0400] {dag.py:3096} INFO - Sync 1 DAGs
[2025-04-13T15:33:11.572-0400] {logging_mixin.py:188} INFO - [2025-04-13T15:33:11.572-0400] {dag.py:3954} INFO - Setting next_dagrun for tutorial_taskflow_api to None, run_after=None
[2025-04-13T15:33:11.579-0400] {processor.py:183} INFO - Processing /opt/anaconda3/lib/python3.12/site-packages/airflow/example_dags/tutorial_taskflow_api.py took 0.063 seconds
[2025-04-13T15:34:55.148-0400] {processor.py:161} INFO - Started process (PID=97313) to work on /opt/anaconda3/lib/python3.12/site-packages/airflow/example_dags/tutorial_taskflow_api.py
[2025-04-13T15:34:55.153-0400] {processor.py:830} INFO - Processing file /opt/anaconda3/lib/python3.12/site-packages/airflow/example_dags/tutorial_taskflow_api.py for tasks to queue
[2025-04-13T15:34:55.153-0400] {logging_mixin.py:188} INFO - [2025-04-13T15:34:55.153-0400] {dagbag.py:540} INFO - Filling up the DagBag from /opt/anaconda3/lib/python3.12/site-packages/airflow/example_dags/tutorial_taskflow_api.py
[2025-04-13T15:34:55.168-0400] {processor.py:840} INFO - DAG(s) 'tutorial_taskflow_api' retrieved from /opt/anaconda3/lib/python3.12/site-packages/airflow/example_dags/tutorial_taskflow_api.py
[2025-04-13T15:34:55.204-0400] {logging_mixin.py:188} INFO - [2025-04-13T15:34:55.204-0400] {dag.py:3096} INFO - Sync 1 DAGs
[2025-04-13T15:34:55.207-0400] {logging_mixin.py:188} INFO - [2025-04-13T15:34:55.207-0400] {dag.py:3954} INFO - Setting next_dagrun for tutorial_taskflow_api to None, run_after=None
[2025-04-13T15:34:55.215-0400] {processor.py:183} INFO - Processing /opt/anaconda3/lib/python3.12/site-packages/airflow/example_dags/tutorial_taskflow_api.py took 0.068 seconds
[2025-04-13T15:43:42.756-0400] {processor.py:161} INFO - Started process (PID=2508) to work on /opt/anaconda3/lib/python3.12/site-packages/airflow/example_dags/tutorial_taskflow_api.py
[2025-04-13T15:43:42.760-0400] {processor.py:830} INFO - Processing file /opt/anaconda3/lib/python3.12/site-packages/airflow/example_dags/tutorial_taskflow_api.py for tasks to queue
[2025-04-13T15:43:42.761-0400] {logging_mixin.py:188} INFO - [2025-04-13T15:43:42.760-0400] {dagbag.py:540} INFO - Filling up the DagBag from /opt/anaconda3/lib/python3.12/site-packages/airflow/example_dags/tutorial_taskflow_api.py
[2025-04-13T15:43:42.775-0400] {processor.py:840} INFO - DAG(s) 'tutorial_taskflow_api' retrieved from /opt/anaconda3/lib/python3.12/site-packages/airflow/example_dags/tutorial_taskflow_api.py
[2025-04-13T15:43:42.839-0400] {logging_mixin.py:188} INFO - [2025-04-13T15:43:42.838-0400] {override.py:1930} INFO - Created Permission View: can delete on DAG:tutorial_taskflow_api
[2025-04-13T15:43:42.841-0400] {logging_mixin.py:188} INFO - [2025-04-13T15:43:42.841-0400] {override.py:1930} INFO - Created Permission View: can read on DAG:tutorial_taskflow_api
[2025-04-13T15:43:42.843-0400] {logging_mixin.py:188} INFO - [2025-04-13T15:43:42.843-0400] {override.py:1930} INFO - Created Permission View: can edit on DAG:tutorial_taskflow_api
[2025-04-13T15:43:42.843-0400] {logging_mixin.py:188} INFO - [2025-04-13T15:43:42.843-0400] {dag.py:3096} INFO - Sync 1 DAGs
[2025-04-13T15:43:42.846-0400] {logging_mixin.py:188} INFO - [2025-04-13T15:43:42.846-0400] {dag.py:3118} INFO - Creating ORM DAG for tutorial_taskflow_api
[2025-04-13T15:43:42.846-0400] {logging_mixin.py:188} INFO - [2025-04-13T15:43:42.846-0400] {dag.py:3954} INFO - Setting next_dagrun for tutorial_taskflow_api to None, run_after=None
[2025-04-13T15:43:42.851-0400] {processor.py:183} INFO - Processing /opt/anaconda3/lib/python3.12/site-packages/airflow/example_dags/tutorial_taskflow_api.py took 0.096 seconds
[2025-04-13T15:45:56.566-0400] {processor.py:161} INFO - Started process (PID=3648) to work on /opt/anaconda3/lib/python3.12/site-packages/airflow/example_dags/tutorial_taskflow_api.py
[2025-04-13T15:45:56.567-0400] {processor.py:830} INFO - Processing file /opt/anaconda3/lib/python3.12/site-packages/airflow/example_dags/tutorial_taskflow_api.py for tasks to queue
[2025-04-13T15:45:56.567-0400] {logging_mixin.py:188} INFO - [2025-04-13T15:45:56.567-0400] {dagbag.py:540} INFO - Filling up the DagBag from /opt/anaconda3/lib/python3.12/site-packages/airflow/example_dags/tutorial_taskflow_api.py
[2025-04-13T15:45:56.584-0400] {processor.py:840} INFO - DAG(s) 'tutorial_taskflow_api' retrieved from /opt/anaconda3/lib/python3.12/site-packages/airflow/example_dags/tutorial_taskflow_api.py
[2025-04-13T15:45:56.621-0400] {logging_mixin.py:188} INFO - [2025-04-13T15:45:56.621-0400] {dag.py:3096} INFO - Sync 1 DAGs
[2025-04-13T15:45:56.624-0400] {logging_mixin.py:188} INFO - [2025-04-13T15:45:56.624-0400] {dag.py:3954} INFO - Setting next_dagrun for tutorial_taskflow_api to None, run_after=None
[2025-04-13T15:45:56.632-0400] {processor.py:183} INFO - Processing /opt/anaconda3/lib/python3.12/site-packages/airflow/example_dags/tutorial_taskflow_api.py took 0.066 seconds
[2025-04-13T15:47:38.162-0400] {processor.py:161} INFO - Started process (PID=4501) to work on /opt/anaconda3/lib/python3.12/site-packages/airflow/example_dags/tutorial_taskflow_api.py
[2025-04-13T15:47:38.163-0400] {processor.py:830} INFO - Processing file /opt/anaconda3/lib/python3.12/site-packages/airflow/example_dags/tutorial_taskflow_api.py for tasks to queue
[2025-04-13T15:47:38.163-0400] {logging_mixin.py:188} INFO - [2025-04-13T15:47:38.163-0400] {dagbag.py:540} INFO - Filling up the DagBag from /opt/anaconda3/lib/python3.12/site-packages/airflow/example_dags/tutorial_taskflow_api.py
[2025-04-13T15:47:38.178-0400] {processor.py:840} INFO - DAG(s) 'tutorial_taskflow_api' retrieved from /opt/anaconda3/lib/python3.12/site-packages/airflow/example_dags/tutorial_taskflow_api.py
[2025-04-13T15:47:38.213-0400] {logging_mixin.py:188} INFO - [2025-04-13T15:47:38.213-0400] {dag.py:3096} INFO - Sync 1 DAGs
[2025-04-13T15:47:38.217-0400] {logging_mixin.py:188} INFO - [2025-04-13T15:47:38.217-0400] {dag.py:3954} INFO - Setting next_dagrun for tutorial_taskflow_api to None, run_after=None
[2025-04-13T15:47:38.224-0400] {processor.py:183} INFO - Processing /opt/anaconda3/lib/python3.12/site-packages/airflow/example_dags/tutorial_taskflow_api.py took 0.064 seconds
[2025-04-13T15:48:47.859-0400] {processor.py:161} INFO - Started process (PID=5302) to work on /opt/anaconda3/lib/python3.12/site-packages/airflow/example_dags/tutorial_taskflow_api.py
[2025-04-13T15:48:47.859-0400] {processor.py:830} INFO - Processing file /opt/anaconda3/lib/python3.12/site-packages/airflow/example_dags/tutorial_taskflow_api.py for tasks to queue
[2025-04-13T15:48:47.859-0400] {logging_mixin.py:188} INFO - [2025-04-13T15:48:47.859-0400] {dagbag.py:540} INFO - Filling up the DagBag from /opt/anaconda3/lib/python3.12/site-packages/airflow/example_dags/tutorial_taskflow_api.py
[2025-04-13T15:48:47.874-0400] {processor.py:840} INFO - DAG(s) 'tutorial_taskflow_api' retrieved from /opt/anaconda3/lib/python3.12/site-packages/airflow/example_dags/tutorial_taskflow_api.py
[2025-04-13T15:48:47.910-0400] {logging_mixin.py:188} INFO - [2025-04-13T15:48:47.910-0400] {dag.py:3096} INFO - Sync 1 DAGs
[2025-04-13T15:48:47.913-0400] {logging_mixin.py:188} INFO - [2025-04-13T15:48:47.913-0400] {dag.py:3954} INFO - Setting next_dagrun for tutorial_taskflow_api to None, run_after=None
[2025-04-13T15:48:47.920-0400] {processor.py:183} INFO - Processing /opt/anaconda3/lib/python3.12/site-packages/airflow/example_dags/tutorial_taskflow_api.py took 0.063 seconds
