[2025-04-13T19:25:33.544-0400] {local_task_job_runner.py:120} INFO - ::group::Pre task execution logs
[2025-04-13T19:25:33.557-0400] {taskinstance.py:2073} INFO - Dependencies all met for dep_context=non-requeueable deps ti=<TaskInstance: job_scraping_pipeline.scrape_jobs manual__2025-04-13T23:25:30.299336+00:00 [queued]>
[2025-04-13T19:25:33.559-0400] {taskinstance.py:2073} INFO - Dependencies all met for dep_context=requeueable deps ti=<TaskInstance: job_scraping_pipeline.scrape_jobs manual__2025-04-13T23:25:30.299336+00:00 [queued]>
[2025-04-13T19:25:33.559-0400] {taskinstance.py:2303} INFO - Starting attempt 1 of 2
[2025-04-13T19:25:33.562-0400] {taskinstance.py:2327} INFO - Executing <Task(PythonOperator): scrape_jobs> on 2025-04-13 23:25:30.299336+00:00
[2025-04-13T19:25:33.567-0400] {logging_mixin.py:188} WARNING - /opt/anaconda3/lib/python3.12/site-packages/airflow/task/task_runner/standard_task_runner.py:61 DeprecationWarning: This process (pid=77814) is multi-threaded, use of fork() may lead to deadlocks in the child.
[2025-04-13T19:25:33.567-0400] {standard_task_runner.py:63} INFO - Started process 77831 to run task
[2025-04-13T19:25:33.567-0400] {standard_task_runner.py:90} INFO - Running: ['airflow', 'tasks', 'run', 'job_scraping_pipeline', 'scrape_jobs', 'manual__2025-04-13T23:25:30.299336+00:00', '--job-id', '37', '--raw', '--subdir', 'DAGS_FOLDER/job_scraping_pipeline.py', '--cfg-path', '/var/folders/0h/2g2z3yf96870c1b6bngz18w00000gn/T/tmpnl1e1hrg']
[2025-04-13T19:25:33.568-0400] {standard_task_runner.py:91} INFO - Job 37: Subtask scrape_jobs
[2025-04-13T19:25:33.585-0400] {task_command.py:426} INFO - Running <TaskInstance: job_scraping_pipeline.scrape_jobs manual__2025-04-13T23:25:30.299336+00:00 [running]> on host sahils-macbook-air-2.local
[2025-04-13T19:25:33.731-0400] {taskinstance.py:2644} INFO - Exporting env vars: AIRFLOW_CTX_DAG_OWNER='airflow' AIRFLOW_CTX_DAG_ID='job_scraping_pipeline' AIRFLOW_CTX_TASK_ID='scrape_jobs' AIRFLOW_CTX_EXECUTION_DATE='2025-04-13T23:25:30.299336+00:00' AIRFLOW_CTX_TRY_NUMBER='1' AIRFLOW_CTX_DAG_RUN_ID='manual__2025-04-13T23:25:30.299336+00:00'
[2025-04-13T19:25:33.731-0400] {taskinstance.py:430} INFO - ::endgroup::
[2025-04-13T19:25:33.739-0400] {job_scraping_pipeline.py:56} INFO - Starting job scraping task
[2025-04-13T19:25:33.739-0400] {scraper.py:77} INFO - Starting job scraping...
[2025-04-13T19:25:33.739-0400] {logger.py:11} INFO - ====== WebDriver manager ======
[2025-04-13T19:25:33.871-0400] {logger.py:11} INFO - Get LATEST chromedriver version for google-chrome
[2025-04-13T19:25:33.904-0400] {logger.py:11} INFO - Get LATEST chromedriver version for google-chrome
[2025-04-13T19:25:34.030-0400] {logger.py:11} INFO - Driver [/Users/sahilkasliwal/.wdm/drivers/chromedriver/mac64/135.0.7049.84/chromedriver-mac-arm64/chromedriver] found in cache
[2025-04-13T19:25:39.864-0400] {scraper.py:95} INFO - Attempting to log in to JobRight.ai...
[2025-04-13T19:25:47.218-0400] {scraper.py:114} INFO - Navigating to job listings page...
[2025-04-13T19:25:53.118-0400] {scraper.py:119} INFO - Scrolling to load more job listings...
[2025-04-13T19:26:13.238-0400] {scraper.py:126} INFO - Found 10 jobs on the page
[2025-04-13T19:26:13.240-0400] {scraper.py:147} INFO - Starting to scrape job listings...
[2025-04-13T19:26:16.482-0400] {scraper.py:201} INFO - Scraped job: Software Quality Engineer @ Red Hat
[2025-04-13T19:26:16.935-0400] {scraper.py:201} INFO - Scraped job: Front- End Engineer @ Hatch
[2025-04-13T19:26:17.437-0400] {scraper.py:201} INFO - Scraped job: Software Development Engineer 30 @ Adobe
[2025-04-13T19:26:17.890-0400] {scraper.py:201} INFO - Scraped job: Senior Full Stack Engineer, Cloud @ Materialize
[2025-04-13T19:26:18.478-0400] {scraper.py:201} INFO - Scraped job: Software Engineer II, Java @ S&P Global
[2025-04-13T19:26:19.281-0400] {scraper.py:201} INFO - Scraped job: Back End Developer @ Imetris Corporation
[2025-04-13T19:26:19.803-0400] {scraper.py:201} INFO - Scraped job: Cyber Security Analyst (Customer Ops / Platform Support / MDR) @ HUMAN
[2025-04-13T19:26:20.415-0400] {scraper.py:201} INFO - Scraped job: DevOps (Embedded) Software Engineer 2 (C++) @ Garmin
[2025-04-13T19:26:21.169-0400] {scraper.py:201} INFO - Scraped job: Senior Software Engineer @ PointClickCare
[2025-04-13T19:26:21.604-0400] {scraper.py:201} INFO - Scraped job: Software Dev Engineer, Software Development Engineer, Amazon Connect - Identity Management and Access Control @ Amazon Web Services (AWS)
[2025-04-13T19:26:21.706-0400] {scraper.py:225} INFO - Browser closed successfully
[2025-04-13T19:26:21.954-0400] {scraper.py:62} INFO - Successfully saved data to s3://skillmatchai/jobs/raw_files/jobright_jobs_20250413_192621.json
[2025-04-13T19:26:21.956-0400] {scraper.py:235} INFO - Successfully saved 10 jobs to s3://skillmatchai/jobs/raw_files/jobright_jobs_20250413_192621.json
[2025-04-13T19:26:21.958-0400] {job_scraping_pipeline.py:60} INFO - Job scraping completed successfully
[2025-04-13T19:26:21.959-0400] {python.py:237} INFO - Done. Returned value was: None
[2025-04-13T19:26:21.961-0400] {taskinstance.py:441} INFO - ::group::Post task execution logs
[2025-04-13T19:26:21.973-0400] {taskinstance.py:1205} INFO - Marking task as SUCCESS. dag_id=job_scraping_pipeline, task_id=scrape_jobs, execution_date=20250413T232530, start_date=20250413T232533, end_date=20250413T232621
[2025-04-13T19:26:21.999-0400] {local_task_job_runner.py:240} INFO - Task exited with return code 0
[2025-04-13T19:26:22.012-0400] {taskinstance.py:3482} INFO - 1 downstream tasks scheduled from follow-on schedule check
[2025-04-13T19:26:22.013-0400] {local_task_job_runner.py:222} INFO - ::endgroup::
