[2025-04-13T13:06:26.064-0400] {local_task_job_runner.py:120} INFO - ::group::Pre task execution logs
[2025-04-13T13:06:26.067-0400] {taskinstance.py:2073} INFO - Dependencies all met for dep_context=non-requeueable deps ti=<TaskInstance: job_scraping_pipeline.scrape_jobs manual__2025-04-13T17:06:22+00:00 [queued]>
[2025-04-13T13:06:26.068-0400] {taskinstance.py:2073} INFO - Dependencies all met for dep_context=requeueable deps ti=<TaskInstance: job_scraping_pipeline.scrape_jobs manual__2025-04-13T17:06:22+00:00 [queued]>
[2025-04-13T13:06:26.068-0400] {taskinstance.py:2303} INFO - Starting attempt 1 of 2
[2025-04-13T13:06:26.071-0400] {taskinstance.py:2327} INFO - Executing <Task(PythonOperator): scrape_jobs> on 2025-04-13 17:06:22+00:00
[2025-04-13T13:06:26.077-0400] {logging_mixin.py:188} WARNING - /opt/anaconda3/lib/python3.12/site-packages/airflow/task/task_runner/standard_task_runner.py:61 DeprecationWarning: This process (pid=33822) is multi-threaded, use of fork() may lead to deadlocks in the child.
[2025-04-13T13:06:26.078-0400] {standard_task_runner.py:63} INFO - Started process 33837 to run task
[2025-04-13T13:06:26.077-0400] {standard_task_runner.py:90} INFO - Running: ['airflow', 'tasks', 'run', 'job_scraping_pipeline', 'scrape_jobs', 'manual__2025-04-13T17:06:22+00:00', '--job-id', '3', '--raw', '--subdir', 'DAGS_FOLDER/job_scraping_dag.py', '--cfg-path', '/var/folders/0h/2g2z3yf96870c1b6bngz18w00000gn/T/tmpx5_d1__g']
[2025-04-13T13:06:26.078-0400] {standard_task_runner.py:91} INFO - Job 3: Subtask scrape_jobs
[2025-04-13T13:06:26.091-0400] {task_command.py:426} INFO - Running <TaskInstance: job_scraping_pipeline.scrape_jobs manual__2025-04-13T17:06:22+00:00 [running]> on host sahils-macbook-air-2.local
[2025-04-13T13:06:26.109-0400] {taskinstance.py:2644} INFO - Exporting env vars: AIRFLOW_CTX_DAG_OWNER='airflow' AIRFLOW_CTX_DAG_ID='job_scraping_pipeline' AIRFLOW_CTX_TASK_ID='scrape_jobs' AIRFLOW_CTX_EXECUTION_DATE='2025-04-13T17:06:22+00:00' AIRFLOW_CTX_TRY_NUMBER='1' AIRFLOW_CTX_DAG_RUN_ID='manual__2025-04-13T17:06:22+00:00'
[2025-04-13T13:06:26.109-0400] {taskinstance.py:430} INFO - ::endgroup::
[2025-04-13T13:06:26.110-0400] {scraper.py:73} INFO - Starting job scraping...
[2025-04-13T13:06:26.110-0400] {logger.py:11} INFO - ====== WebDriver manager ======
[2025-04-13T13:06:26.236-0400] {logger.py:11} INFO - Get LATEST chromedriver version for google-chrome
[2025-04-13T13:06:26.379-0400] {logger.py:11} INFO - Get LATEST chromedriver version for google-chrome
[2025-04-13T13:06:26.413-0400] {logger.py:11} INFO - Driver [/Users/sahilkasliwal/.wdm/drivers/chromedriver/mac64/135.0.7049.84/chromedriver-mac-arm64/chromedriver] found in cache
[2025-04-13T13:06:36.968-0400] {scraper.py:91} INFO - Attempting to log in to JobRight.ai...
[2025-04-13T13:06:44.294-0400] {scraper.py:110} INFO - Navigating to job listings page...
[2025-04-13T13:06:49.739-0400] {scraper.py:115} INFO - Scrolling to load more job listings...
[2025-04-13T13:07:09.831-0400] {scraper.py:122} INFO - Found 10 jobs on the page
[2025-04-13T13:07:09.832-0400] {scraper.py:143} INFO - Starting to scrape job listings...
[2025-04-13T13:07:13.536-0400] {scraper.py:197} INFO - Scraped job: Software Engineer II-R-235827 @ Mastercard
[2025-04-13T13:07:13.922-0400] {scraper.py:197} INFO - Scraped job: Software Engineer: Microsoft Software and Systems Academy (MSSA) @ Microsoft
[2025-04-13T13:07:14.393-0400] {scraper.py:197} INFO - Scraped job: Machine Learning Engineer (US) @ Coram AI
[2025-04-13T13:07:15.015-0400] {scraper.py:197} INFO - Scraped job: Software Engineer III (Full-Stack) @ Walmart Data Ventures
[2025-04-13T13:07:15.584-0400] {scraper.py:197} INFO - Scraped job: Software Engineer II, Java @ S&P Global
[2025-04-13T13:07:16.010-0400] {scraper.py:197} INFO - Scraped job: AIML - Core Infrastructure Engineering, Machine Learning Platform & Infrastructure @ Apple
[2025-04-13T13:07:16.434-0400] {scraper.py:197} INFO - Scraped job: Senior Machine Learning Engineer @ Dynata
[2025-04-13T13:07:17.069-0400] {scraper.py:197} INFO - Scraped job: DevOps (Embedded) Software Engineer 2 (C++) @ Garmin
[2025-04-13T13:07:17.538-0400] {scraper.py:197} INFO - Scraped job: Senior Full Stack Engineer, Cloud @ Materialize
[2025-04-13T13:07:18.032-0400] {scraper.py:197} INFO - Scraped job: Senior System Software Engineer - Dynamo and Triton Inference Server @ NVIDIA
[2025-04-13T13:07:18.134-0400] {scraper.py:221} INFO - Browser closed successfully
[2025-04-13T13:07:18.344-0400] {scraper.py:58} INFO - Successfully saved data to s3://skillmatchai/jobs/raw_files/jobright_jobs_20250413_130718.json
[2025-04-13T13:07:18.345-0400] {scraper.py:231} INFO - Successfully saved 10 jobs to s3://skillmatchai/jobs/raw_files/jobright_jobs_20250413_130718.json
[2025-04-13T13:07:18.347-0400] {python.py:237} INFO - Done. Returned value was: None
[2025-04-13T13:07:18.347-0400] {taskinstance.py:441} INFO - ::group::Post task execution logs
[2025-04-13T13:07:18.353-0400] {taskinstance.py:1205} INFO - Marking task as SUCCESS. dag_id=job_scraping_pipeline, task_id=scrape_jobs, execution_date=20250413T170622, start_date=20250413T170626, end_date=20250413T170718
[2025-04-13T13:07:18.388-0400] {local_task_job_runner.py:240} INFO - Task exited with return code 0
[2025-04-13T13:07:18.395-0400] {taskinstance.py:3482} INFO - 0 downstream tasks scheduled from follow-on schedule check
[2025-04-13T13:07:18.395-0400] {local_task_job_runner.py:222} INFO - ::endgroup::
