[2025-04-13T13:21:15.742-0400] {local_task_job_runner.py:120} INFO - ::group::Pre task execution logs
[2025-04-13T13:21:15.745-0400] {taskinstance.py:2073} INFO - Dependencies all met for dep_context=non-requeueable deps ti=<TaskInstance: job_scraping_pipeline.scrape_jobs manual__2025-04-13T17:21:12.851197+00:00 [queued]>
[2025-04-13T13:21:15.747-0400] {taskinstance.py:2073} INFO - Dependencies all met for dep_context=requeueable deps ti=<TaskInstance: job_scraping_pipeline.scrape_jobs manual__2025-04-13T17:21:12.851197+00:00 [queued]>
[2025-04-13T13:21:15.747-0400] {taskinstance.py:2303} INFO - Starting attempt 1 of 2
[2025-04-13T13:21:15.750-0400] {taskinstance.py:2327} INFO - Executing <Task(PythonOperator): scrape_jobs> on 2025-04-13 17:21:12.851197+00:00
[2025-04-13T13:21:15.756-0400] {logging_mixin.py:188} WARNING - /opt/anaconda3/lib/python3.12/site-packages/airflow/task/task_runner/standard_task_runner.py:61 DeprecationWarning: This process (pid=39713) is multi-threaded, use of fork() may lead to deadlocks in the child.
[2025-04-13T13:21:15.756-0400] {standard_task_runner.py:63} INFO - Started process 39731 to run task
[2025-04-13T13:21:15.756-0400] {standard_task_runner.py:90} INFO - Running: ['airflow', 'tasks', 'run', 'job_scraping_pipeline', 'scrape_jobs', 'manual__2025-04-13T17:21:12.851197+00:00', '--job-id', '7', '--raw', '--subdir', 'DAGS_FOLDER/job_scraping_dag.py', '--cfg-path', '/var/folders/0h/2g2z3yf96870c1b6bngz18w00000gn/T/tmpj2nn4mn2']
[2025-04-13T13:21:15.757-0400] {standard_task_runner.py:91} INFO - Job 7: Subtask scrape_jobs
[2025-04-13T13:21:15.770-0400] {task_command.py:426} INFO - Running <TaskInstance: job_scraping_pipeline.scrape_jobs manual__2025-04-13T17:21:12.851197+00:00 [running]> on host sahils-macbook-air-2.local
[2025-04-13T13:21:15.788-0400] {taskinstance.py:2644} INFO - Exporting env vars: AIRFLOW_CTX_DAG_OWNER='airflow' AIRFLOW_CTX_DAG_ID='job_scraping_pipeline' AIRFLOW_CTX_TASK_ID='scrape_jobs' AIRFLOW_CTX_EXECUTION_DATE='2025-04-13T17:21:12.851197+00:00' AIRFLOW_CTX_TRY_NUMBER='1' AIRFLOW_CTX_DAG_RUN_ID='manual__2025-04-13T17:21:12.851197+00:00'
[2025-04-13T13:21:15.788-0400] {taskinstance.py:430} INFO - ::endgroup::
[2025-04-13T13:21:15.789-0400] {scraper.py:73} INFO - Starting job scraping...
[2025-04-13T13:21:15.789-0400] {logger.py:11} INFO - ====== WebDriver manager ======
[2025-04-13T13:21:15.924-0400] {logger.py:11} INFO - Get LATEST chromedriver version for google-chrome
[2025-04-13T13:21:16.057-0400] {logger.py:11} INFO - Get LATEST chromedriver version for google-chrome
[2025-04-13T13:21:16.179-0400] {logger.py:11} INFO - Driver [/Users/sahilkasliwal/.wdm/drivers/chromedriver/mac64/135.0.7049.84/chromedriver-mac-arm64/chromedriver] found in cache
[2025-04-13T13:21:20.622-0400] {scraper.py:91} INFO - Attempting to log in to JobRight.ai...
[2025-04-13T13:21:27.952-0400] {scraper.py:110} INFO - Navigating to job listings page...
[2025-04-13T13:21:34.388-0400] {scraper.py:115} INFO - Scrolling to load more job listings...
[2025-04-13T13:21:54.466-0400] {scraper.py:122} INFO - Found 10 jobs on the page
[2025-04-13T13:21:54.468-0400] {scraper.py:143} INFO - Starting to scrape job listings...
[2025-04-13T13:21:57.629-0400] {scraper.py:197} INFO - Scraped job: Software Engineer II-R-235827 @ Mastercard
[2025-04-13T13:21:58.030-0400] {scraper.py:197} INFO - Scraped job: Software Engineer: Microsoft Software and Systems Academy (MSSA) @ Microsoft
[2025-04-13T13:21:58.476-0400] {scraper.py:197} INFO - Scraped job: Machine Learning Engineer (US) @ Coram AI
[2025-04-13T13:21:59.102-0400] {scraper.py:197} INFO - Scraped job: Software Engineer III (Full-Stack) @ Walmart Data Ventures
[2025-04-13T13:21:59.667-0400] {scraper.py:197} INFO - Scraped job: Software Engineer II, Java @ S&P Global
[2025-04-13T13:22:00.089-0400] {scraper.py:197} INFO - Scraped job: AIML - Core Infrastructure Engineering, Machine Learning Platform & Infrastructure @ Apple
[2025-04-13T13:22:00.719-0400] {scraper.py:197} INFO - Scraped job: DevOps (Embedded) Software Engineer 2 (C++) @ Garmin
[2025-04-13T13:22:01.270-0400] {scraper.py:197} INFO - Scraped job: Senior System Software Engineer - Dynamo and Triton Inference Server @ NVIDIA
[2025-04-13T13:22:01.785-0400] {scraper.py:197} INFO - Scraped job: Data Engineer (Remote/Hybrid) @ Veterans United Home Loans
[2025-04-13T13:22:02.223-0400] {scraper.py:197} INFO - Scraped job: Senior Machine Learning Engineer @ Dynata
[2025-04-13T13:22:02.322-0400] {scraper.py:221} INFO - Browser closed successfully
[2025-04-13T13:22:02.494-0400] {scraper.py:58} INFO - Successfully saved data to s3://skillmatchai/jobs/raw_files/jobright_jobs_20250413_132202.json
[2025-04-13T13:22:02.494-0400] {scraper.py:231} INFO - Successfully saved 10 jobs to s3://skillmatchai/jobs/raw_files/jobright_jobs_20250413_132202.json
[2025-04-13T13:22:02.495-0400] {python.py:237} INFO - Done. Returned value was: None
[2025-04-13T13:22:02.496-0400] {taskinstance.py:441} INFO - ::group::Post task execution logs
[2025-04-13T13:22:02.502-0400] {taskinstance.py:1205} INFO - Marking task as SUCCESS. dag_id=job_scraping_pipeline, task_id=scrape_jobs, execution_date=20250413T172112, start_date=20250413T172115, end_date=20250413T172202
[2025-04-13T13:22:02.531-0400] {local_task_job_runner.py:240} INFO - Task exited with return code 0
[2025-04-13T13:22:02.541-0400] {taskinstance.py:3482} INFO - 1 downstream tasks scheduled from follow-on schedule check
[2025-04-13T13:22:02.542-0400] {local_task_job_runner.py:222} INFO - ::endgroup::
